<?xml version="1.0" encoding="UTF-8"?>
<!-- Generated by org.testng.reporters.JUnitReportReporter -->
<testsuite hostname="LAPTOP-F3E4KIVG" name="testCases.TC002_LoginFailure" tests="4" failures="0" timestamp="28 Oct 2017 12:23:39 GMT" time="53.604" errors="0">
  <testcase name="loginFailure" time="10.679" classname="testCases.TC002_LoginFailure"/>
  <testcase name="loginFailure" time="12.704" classname="testCases.TC002_LoginFailure"/>
  <testcase name="loginFailure" time="19.407" classname="testCases.TC002_LoginFailure"/>
  <testcase name="loginFailure" time="10.814" classname="testCases.TC002_LoginFailure"/>
</testsuite> <!-- testCases.TC002_LoginFailure -->
