<?xml version="1.0" encoding="UTF-8"?>
<!-- Generated by org.testng.reporters.JUnitReportReporter -->
<testsuite hostname="LAPTOP-G66AQCG6" name="testCases.AutoIt" tests="1" failures="0" timestamp="11 Jun 2020 07:00:57 GMT" time="20.871" errors="0">
  <testcase name="AutoIT" time="20.871" classname="testCases.AutoIt"/>
</testsuite> <!-- testCases.AutoIt -->
