<?xml version="1.0" encoding="UTF-8"?>
<!-- Generated by org.testng.reporters.JUnitReportReporter -->
<testsuite hostname="LAPTOP-G66AQCG6" name="testCases.TC001_Login" tests="19" failures="0" timestamp="26 Jul 2020 11:19:29 GMT" time="22.211" errors="19">
  <testcase name="login" time="22.171" classname="testCases.TC001_Login">
    <error type="java.lang.StackOverflowError">
      <![CDATA[java.lang.StackOverflowError
	at java.util.regex.Pattern$Branch.match(Unknown Source)
	at java.util.regex.Pattern$BranchConn.match(Unknown Source)
	at java.util.regex.Pattern$GroupTail.match(Unknown Source)
	at java.util.regex.Pattern$Curly.match0(Unknown Source)
	at java.util.regex.Pattern$Curly.match(Unknown Source)
	at java.util.regex.Pattern$GroupHead.match(Unknown Source)
	at java.util.regex.Pattern$Branch.match(Unknown Source)
	at java.util.regex.Pattern$Branch.match(Unknown Source)
	at java.util.regex.Pattern$BmpCharProperty.match(Unknown Source)
	at java.util.regex.Pattern$Start.match(Unknown Source)
	at java.util.regex.Matcher.search(Unknown Source)
	at java.util.regex.Matcher.find(Unknown Source)
	at java.util.Formatter.parse(Unknown Source)
	at java.util.Formatter.format(Unknown Source)
	at java.util.Formatter.format(Unknown Source)
	at java.lang.String.format(Unknown Source)
	at org.openqa.selenium.remote.RemoteWebDriver.execute(RemoteWebDriver.java:549)
	at org.openqa.selenium.remote.RemoteWebDriver.execute(RemoteWebDriver.java:609)
	at org.openqa.selenium.remote.RemoteWebDriver.getScreenshotAs(RemoteWebDriver.java:295)
	at wrappers.GenericWrappers.takeSnap(GenericWrappers.java:610)
	at utils.Reporter.reportStep(Reporter.java:20)
	at wrappers.GenericWrappers.takeSnap(GenericWrappers.java:613)
	at utils.Reporter.reportStep(Reporter.java:20)
	at wrappers.GenericWrappers.takeSnap(GenericWrappers.java:613)
	at utils.Reporter.reportStep(Reporter.java:20)
	at wrappers.GenericWrappers.takeSnap(GenericWrappers.java:613)
	at utils.Reporter.reportStep(Reporter.java:20)
	at wrappers.GenericWrappers.takeSnap(GenericWrappers.java:613)
	at utils.Reporter.reportStep(Reporter.java:20)
	at wrappers.GenericWrappers.takeSnap(GenericWrappers.java:613)
	at utils.Reporter.reportStep(Reporter.java:20)
	at wrappers.GenericWrappers.takeSnap(GenericWrappers.java:613)
	at utils.Reporter.reportStep(Reporter.java:20)
	at wrappers.GenericWrappers.takeSnap(GenericWrappers.java:613)
	at utils.Reporter.reportStep(Reporter.java:20)
	at wrappers.GenericWrappers.takeSnap(GenericWrappers.java:613)
	at utils.Reporter.reportStep(Reporter.java:20)
	at wrappers.GenericWrappers.takeSnap(GenericWrappers.java:613)
	at utils.Reporter.reportStep(Reporter.java:20)
	at wrappers.GenericWrappers.takeSnap(GenericWrappers.java:613)
	at utils.Reporter.reportStep(Reporter.java:20)
	at wrappers.GenericWrappers.takeSnap(GenericWrappers.java:613)
	at utils.Reporter.reportStep(Reporter.java:20)
	at wrappers.GenericWrappers.takeSnap(GenericWrappers.java:613)
	at utils.Reporter.reportStep(Reporter.java:20)
	at wrappers.GenericWrappers.takeSnap(GenericWrappers.java:613)
	at utils.Reporter.reportStep(Reporter.java:20)
	at wrappers.GenericWrappers.takeSnap(GenericWrappers.java:613)
	at utils.Reporter.reportStep(Reporter.java:20)
	at wrappers.GenericWrappers.takeSnap(GenericWrappers.java:613)
	at utils.Reporter.reportStep(Reporter.java:20)
	at wrappers.GenericWrappers.takeSnap(GenericWrappers.java:613)
	at utils.Reporter.reportStep(Reporter.java:20)
	at wrappers.GenericWrappers.takeSnap(GenericWrappers.java:613)
	at utils.Reporter.reportStep(Reporter.java:20)
	at wrappers.GenericWrappers.takeSnap(GenericWrappers.java:613)
	at utils.Reporter.reportStep(Reporter.java:20)
	at wrappers.GenericWrappers.takeSnap(GenericWrappers.java:613)
	at utils.Reporter.reportStep(Reporter.java:20)
	at wrappers.GenericWrappers.takeSnap(GenericWrappers.java:613)
	at utils.Reporter.reportStep(Reporter.java:20)
	at wrappers.GenericWrappers.takeSnap(GenericWrappers.java:613)
	at utils.Reporter.reportStep(Reporter.java:20)
	at wrappers.GenericWrappers.takeSnap(GenericWrappers.java:613)
	at utils.Reporter.reportStep(Reporter.java:20)
	at wrappers.GenericWrappers.takeSnap(GenericWrappers.java:613)
	at utils.Reporter.reportStep(Reporter.java:20)
	at wrappers.GenericWrappers.takeSnap(GenericWrappers.java:613)
	at utils.Reporter.reportStep(Reporter.java:20)
	at wrappers.GenericWrappers.takeSnap(GenericWrappers.java:613)
	at utils.Reporter.reportStep(Reporter.java:20)
	at wrappers.GenericWrappers.takeSnap(GenericWrappers.java:613)
	at utils.Reporter.reportStep(Reporter.java:20)
	at wrappers.GenericWrappers.takeSnap(GenericWrappers.java:613)
	at utils.Reporter.reportStep(Reporter.java:20)
	at wrappers.GenericWrappers.takeSnap(GenericWrappers.java:613)
	at utils.Reporter.reportStep(Reporter.java:20)
	at wrappers.GenericWrappers.takeSnap(GenericWrappers.java:613)
	at utils.Reporter.reportStep(Reporter.java:20)
	at wrappers.GenericWrappers.takeSnap(GenericWrappers.java:613)
	at utils.Reporter.reportStep(Reporter.java:20)
	at wrappers.GenericWrappers.takeSnap(GenericWrappers.java:613)
	at utils.Reporter.reportStep(Reporter.java:20)
	at wrappers.GenericWrappers.takeSnap(GenericWrappers.java:613)
	at utils.Reporter.reportStep(Reporter.java:20)
	at wrappers.GenericWrappers.takeSnap(GenericWrappers.java:613)
	at utils.Reporter.reportStep(Reporter.java:20)
	at wrappers.GenericWrappers.takeSnap(GenericWrappers.java:613)
	at utils.Reporter.reportStep(Reporter.java:20)
	at wrappers.GenericWrappers.takeSnap(GenericWrappers.java:613)
	at utils.Reporter.reportStep(Reporter.java:20)
	at wrappers.GenericWrappers.takeSnap(GenericWrappers.java:613)
	at utils.Reporter.reportStep(Reporter.java:20)
	at wrappers.GenericWrappers.takeSnap(GenericWrappers.java:613)
	at utils.Reporter.reportStep(Reporter.java:20)
	at wrappers.GenericWrappers.takeSnap(GenericWrappers.java:613)
	at utils.Reporter.reportStep(Reporter.java:20)
	at wrappers.GenericWrappers.takeSnap(GenericWrappers.java:613)
	at utils.Reporter.reportStep(Reporter.java:20)
	at wrappers.GenericWrappers.takeSnap(GenericWrappers.java:613)
	at utils.Reporter.reportStep(Reporter.java:20)
	at wrappers.GenericWrappers.takeSnap(GenericWrappers.java:613)
	at utils.Reporter.reportStep(Reporter.java:20)
	at wrappers.GenericWrappers.takeSnap(GenericWrappers.java:613)
	at utils.Reporter.reportStep(Reporter.java:20)
	at wrappers.GenericWrappers.takeSnap(GenericWrappers.java:613)
	at utils.Reporter.reportStep(Reporter.java:20)
	at wrappers.GenericWrappers.takeSnap(GenericWrappers.java:613)
	at utils.Reporter.reportStep(Reporter.java:20)
	at wrappers.GenericWrappers.takeSnap(GenericWrappers.java:613)
	at utils.Reporter.reportStep(Reporter.java:20)
	at wrappers.GenericWrappers.takeSnap(GenericWrappers.java:613)
	at utils.Reporter.reportStep(Reporter.java:20)
	at wrappers.GenericWrappers.takeSnap(GenericWrappers.java:613)
	at utils.Reporter.reportStep(Reporter.java:20)
	at wrappers.GenericWrappers.takeSnap(GenericWrappers.java:613)
	at utils.Reporter.reportStep(Reporter.java:20)
	at wrappers.GenericWrappers.takeSnap(GenericWrappers.java:613)
	at utils.Reporter.reportStep(Reporter.java:20)
	at wrappers.GenericWrappers.takeSnap(GenericWrappers.java:613)
	at utils.Reporter.reportStep(Reporter.java:20)
	at wrappers.GenericWrappers.takeSnap(GenericWrappers.java:613)
	at utils.Reporter.reportStep(Reporter.java:20)
	at wrappers.GenericWrappers.takeSnap(GenericWrappers.java:613)
	at utils.Reporter.reportStep(Reporter.java:20)
	at wrappers.GenericWrappers.takeSnap(GenericWrappers.java:613)
	at utils.Reporter.reportStep(Reporter.java:20)
	at wrappers.GenericWrappers.takeSnap(GenericWrappers.java:613)
	at utils.Reporter.reportStep(Reporter.java:20)
	at wrappers.GenericWrappers.takeSnap(GenericWrappers.java:613)
	at utils.Reporter.reportStep(Reporter.java:20)
	at wrappers.GenericWrappers.takeSnap(GenericWrappers.java:613)
	at utils.Reporter.reportStep(Reporter.java:20)
	at wrappers.GenericWrappers.takeSnap(GenericWrappers.java:613)
	at utils.Reporter.reportStep(Reporter.java:20)
	at wrappers.GenericWrappers.takeSnap(GenericWrappers.java:613)
	at utils.Reporter.reportStep(Reporter.java:20)
	at wrappers.GenericWrappers.takeSnap(GenericWrappers.java:613)
	at utils.Reporter.reportStep(Reporter.java:20)
	at wrappers.GenericWrappers.takeSnap(GenericWrappers.java:613)
	at utils.Reporter.reportStep(Reporter.java:20)
	at wrappers.GenericWrappers.takeSnap(GenericWrappers.java:613)
	at utils.Reporter.reportStep(Reporter.java:20)
	at wrappers.GenericWrappers.takeSnap(GenericWrappers.java:613)
	at utils.Reporter.reportStep(Reporter.java:20)
	at wrappers.GenericWrappers.takeSnap(GenericWrappers.java:613)
	at utils.Reporter.reportStep(Reporter.java:20)
	at wrappers.GenericWrappers.takeSnap(GenericWrappers.java:613)
	at utils.Reporter.reportStep(Reporter.java:20)
	at wrappers.GenericWrappers.takeSnap(GenericWrappers.java:613)
	at utils.Reporter.reportStep(Reporter.java:20)
	at wrappers.GenericWrappers.takeSnap(GenericWrappers.java:613)
	at utils.Reporter.reportStep(Reporter.java:20)
	at wrappers.GenericWrappers.takeSnap(GenericWrappers.java:613)
	at utils.Reporter.reportStep(Reporter.java:20)
	at wrappers.GenericWrappers.takeSnap(GenericWrappers.java:613)
	at utils.Reporter.reportStep(Reporter.java:20)
	at wrappers.GenericWrappers.takeSnap(GenericWrappers.java:613)
	at utils.Reporter.reportStep(Reporter.java:20)
	at wrappers.GenericWrappers.takeSnap(GenericWrappers.java:613)
	at utils.Reporter.reportStep(Reporter.java:20)
	at wrappers.GenericWrappers.takeSnap(GenericWrappers.java:613)
	at utils.Reporter.reportStep(Reporter.java:20)
	at wrappers.GenericWrappers.takeSnap(GenericWrappers.java:613)
	at utils.Reporter.reportStep(Reporter.java:20)
	at wrappers.GenericWrappers.takeSnap(GenericWrappers.java:613)
	at utils.Reporter.reportStep(Reporter.java:20)
	at wrappers.GenericWrappers.takeSnap(GenericWrappers.java:613)
	at utils.Reporter.reportStep(Reporter.java:20)
	at wrappers.GenericWrappers.takeSnap(GenericWrappers.java:613)
	at utils.Reporter.reportStep(Reporter.java:20)
	at wrappers.GenericWrappers.takeSnap(GenericWrappers.java:613)
	at utils.Reporter.reportStep(Reporter.java:20)
	at wrappers.GenericWrappers.takeSnap(GenericWrappers.java:613)
	at utils.Reporter.reportStep(Reporter.java:20)
	at wrappers.GenericWrappers.takeSnap(GenericWrappers.java:613)
	at utils.Reporter.reportStep(Reporter.java:20)
	at wrappers.GenericWrappers.takeSnap(GenericWrappers.java:613)
	at utils.Reporter.reportStep(Reporter.java:20)
	at wrappers.GenericWrappers.takeSnap(GenericWrappers.java:613)
	at utils.Reporter.reportStep(Reporter.java:20)
	at wrappers.GenericWrappers.takeSnap(GenericWrappers.java:613)
	at utils.Reporter.reportStep(Reporter.java:20)
	at wrappers.GenericWrappers.takeSnap(GenericWrappers.java:613)
	at utils.Reporter.reportStep(Reporter.java:20)
	at wrappers.GenericWrappers.takeSnap(GenericWrappers.java:613)
	at utils.Reporter.reportStep(Reporter.java:20)
	at wrappers.GenericWrappers.takeSnap(GenericWrappers.java:613)
	at utils.Reporter.reportStep(Reporter.java:20)
	at wrappers.GenericWrappers.takeSnap(GenericWrappers.java:613)
	at utils.Reporter.reportStep(Reporter.java:20)
	at wrappers.GenericWrappers.takeSnap(GenericWrappers.java:613)
	at utils.Reporter.reportStep(Reporter.java:20)
	at wrappers.GenericWrappers.takeSnap(GenericWrappers.java:613)
	at utils.Reporter.reportStep(Reporter.java:20)
	at wrappers.GenericWrappers.takeSnap(GenericWrappers.java:613)
	at utils.Reporter.reportStep(Reporter.java:20)
	at wrappers.GenericWrappers.takeSnap(GenericWrappers.java:613)
	at utils.Reporter.reportStep(Reporter.java:20)
	at wrappers.GenericWrappers.takeSnap(GenericWrappers.java:613)
	at utils.Reporter.reportStep(Reporter.java:20)
	at wrappers.GenericWrappers.takeSnap(GenericWrappers.java:613)
	at utils.Reporter.reportStep(Reporter.java:20)
	at wrappers.GenericWrappers.takeSnap(GenericWrappers.java:613)
	at utils.Reporter.reportStep(Reporter.java:20)
	at wrappers.GenericWrappers.takeSnap(GenericWrappers.java:613)
	at utils.Reporter.reportStep(Reporter.java:20)
	at wrappers.GenericWrappers.takeSnap(GenericWrappers.java:613)
	at utils.Reporter.reportStep(Reporter.java:20)
	at wrappers.GenericWrappers.takeSnap(GenericWrappers.java:613)
	at utils.Reporter.reportStep(Reporter.java:20)
	at wrappers.GenericWrappers.takeSnap(GenericWrappers.java:613)
	at utils.Reporter.reportStep(Reporter.java:20)
	at wrappers.GenericWrappers.takeSnap(GenericWrappers.java:613)
	at utils.Reporter.reportStep(Reporter.java:20)
	at wrappers.GenericWrappers.takeSnap(GenericWrappers.java:613)
	at utils.Reporter.reportStep(Reporter.java:20)
	at wrappers.GenericWrappers.takeSnap(GenericWrappers.java:613)
	at utils.Reporter.reportStep(Reporter.java:20)
	at wrappers.GenericWrappers.takeSnap(GenericWrappers.java:613)
	at utils.Reporter.reportStep(Reporter.java:20)
	at wrappers.GenericWrappers.takeSnap(GenericWrappers.java:613)
	at utils.Reporter.reportStep(Reporter.java:20)
	at wrappers.GenericWrappers.takeSnap(GenericWrappers.java:613)
	at utils.Reporter.reportStep(Reporter.java:20)
	at wrappers.GenericWrappers.takeSnap(GenericWrappers.java:613)
	at utils.Reporter.reportStep(Reporter.java:20)
	at wrappers.GenericWrappers.takeSnap(GenericWrappers.java:613)
	at utils.Reporter.reportStep(Reporter.java:20)
	at wrappers.GenericWrappers.takeSnap(GenericWrappers.java:613)
	at utils.Reporter.reportStep(Reporter.java:20)
	at wrappers.GenericWrappers.takeSnap(GenericWrappers.java:613)
	at utils.Reporter.reportStep(Reporter.java:20)
	at wrappers.GenericWrappers.takeSnap(GenericWrappers.java:613)
	at utils.Reporter.reportStep(Reporter.java:20)
	at wrappers.GenericWrappers.takeSnap(GenericWrappers.java:613)
	at utils.Reporter.reportStep(Reporter.java:20)
	at wrappers.GenericWrappers.takeSnap(GenericWrappers.java:613)
	at utils.Reporter.reportStep(Reporter.java:20)
	at wrappers.GenericWrappers.takeSnap(GenericWrappers.java:613)
	at utils.Reporter.reportStep(Reporter.java:20)
	at wrappers.GenericWrappers.takeSnap(GenericWrappers.java:613)
	at utils.Reporter.reportStep(Reporter.java:20)
	at wrappers.GenericWrappers.takeSnap(GenericWrappers.java:613)
	at utils.Reporter.reportStep(Reporter.java:20)
	at wrappers.GenericWrappers.takeSnap(GenericWrappers.java:613)
	at utils.Reporter.reportStep(Reporter.java:20)
	at wrappers.GenericWrappers.takeSnap(GenericWrappers.java:613)
	at utils.Reporter.reportStep(Reporter.java:20)
	at wrappers.GenericWrappers.takeSnap(GenericWrappers.java:613)
	at utils.Reporter.reportStep(Reporter.java:20)
	at wrappers.GenericWrappers.takeSnap(GenericWrappers.java:613)
	at utils.Reporter.reportStep(Reporter.java:20)
	at wrappers.GenericWrappers.takeSnap(GenericWrappers.java:613)
	at utils.Reporter.reportStep(Reporter.java:20)
	at wrappers.GenericWrappers.takeSnap(GenericWrappers.java:613)
	at utils.Reporter.reportStep(Reporter.java:20)
	at wrappers.GenericWrappers.takeSnap(GenericWrappers.java:613)
	at utils.Reporter.reportStep(Reporter.java:20)
	at wrappers.GenericWrappers.takeSnap(GenericWrappers.java:613)
	at utils.Reporter.reportStep(Reporter.java:20)
	at wrappers.GenericWrappers.takeSnap(GenericWrappers.java:613)
	at utils.Reporter.reportStep(Reporter.java:20)
	at wrappers.GenericWrappers.takeSnap(GenericWrappers.java:613)
	at utils.Reporter.reportStep(Reporter.java:20)
	at wrappers.GenericWrappers.takeSnap(GenericWrappers.java:613)
	at utils.Reporter.reportStep(Reporter.java:20)
	at wrappers.GenericWrappers.takeSnap(GenericWrappers.java:613)
	at utils.Reporter.reportStep(Reporter.java:20)
	at wrappers.GenericWrappers.takeSnap(GenericWrappers.java:613)
	at utils.Reporter.reportStep(Reporter.java:20)
	at wrappers.GenericWrappers.takeSnap(GenericWrappers.java:613)
	at utils.Reporter.reportStep(Reporter.java:20)
	at wrappers.GenericWrappers.takeSnap(GenericWrappers.java:613)
	at utils.Reporter.reportStep(Reporter.java:20)
	at wrappers.GenericWrappers.takeSnap(GenericWrappers.java:613)
	at utils.Reporter.reportStep(Reporter.java:20)
	at wrappers.GenericWrappers.takeSnap(GenericWrappers.java:613)
	at utils.Reporter.reportStep(Reporter.java:20)
	at wrappers.GenericWrappers.takeSnap(GenericWrappers.java:613)
	at utils.Reporter.reportStep(Reporter.java:20)
	at wrappers.GenericWrappers.takeSnap(GenericWrappers.java:613)
	at utils.Reporter.reportStep(Reporter.java:20)
	at wrappers.GenericWrappers.takeSnap(GenericWrappers.java:613)
	at utils.Reporter.reportStep(Reporter.java:20)
	at wrappers.GenericWrappers.takeSnap(GenericWrappers.java:613)
	at utils.Reporter.reportStep(Reporter.java:20)
	at wrappers.GenericWrappers.takeSnap(GenericWrappers.java:613)
	at utils.Reporter.reportStep(Reporter.java:20)
	at wrappers.GenericWrappers.takeSnap(GenericWrappers.java:613)
	at utils.Reporter.reportStep(Reporter.java:20)
	at wrappers.GenericWrappers.takeSnap(GenericWrappers.java:613)
	at utils.Reporter.reportStep(Reporter.java:20)
	at wrappers.GenericWrappers.takeSnap(GenericWrappers.java:613)
	at utils.Reporter.reportStep(Reporter.java:20)
	at wrappers.GenericWrappers.takeSnap(GenericWrappers.java:613)
	at utils.Reporter.reportStep(Reporter.java:20)
	at wrappers.GenericWrappers.takeSnap(GenericWrappers.java:613)
	at utils.Reporter.reportStep(Reporter.java:20)
	at wrappers.GenericWrappers.takeSnap(GenericWrappers.java:613)
	at utils.Reporter.reportStep(Reporter.java:20)
	at wrappers.GenericWrappers.takeSnap(GenericWrappers.java:613)
	at utils.Reporter.reportStep(Reporter.java:20)
	at wrappers.GenericWrappers.takeSnap(GenericWrappers.java:613)
	at utils.Reporter.reportStep(Reporter.java:20)
	at wrappers.GenericWrappers.takeSnap(GenericWrappers.java:613)
	at utils.Reporter.reportStep(Reporter.java:20)
	at wrappers.GenericWrappers.takeSnap(GenericWrappers.java:613)
	at utils.Reporter.reportStep(Reporter.java:20)
	at wrappers.GenericWrappers.takeSnap(GenericWrappers.java:613)
	at utils.Reporter.reportStep(Reporter.java:20)
	at wrappers.GenericWrappers.takeSnap(GenericWrappers.java:613)
	at utils.Reporter.reportStep(Reporter.java:20)
	at wrappers.GenericWrappers.takeSnap(GenericWrappers.java:613)
	at utils.Reporter.reportStep(Reporter.java:20)
	at wrappers.GenericWrappers.takeSnap(GenericWrappers.java:613)
	at utils.Reporter.reportStep(Reporter.java:20)
	at wrappers.GenericWrappers.takeSnap(GenericWrappers.java:613)
	at utils.Reporter.reportStep(Reporter.java:20)
	at wrappers.GenericWrappers.takeSnap(GenericWrappers.java:613)
	at utils.Reporter.reportStep(Reporter.java:20)
	at wrappers.GenericWrappers.takeSnap(GenericWrappers.java:613)
	at utils.Reporter.reportStep(Reporter.java:20)
	at wrappers.GenericWrappers.takeSnap(GenericWrappers.java:613)
	at utils.Reporter.reportStep(Reporter.java:20)
	at wrappers.GenericWrappers.takeSnap(GenericWrappers.java:613)
	at utils.Reporter.reportStep(Reporter.java:20)
	at wrappers.GenericWrappers.takeSnap(GenericWrappers.java:613)
	at utils.Reporter.reportStep(Reporter.java:20)
	at wrappers.GenericWrappers.takeSnap(GenericWrappers.java:613)
	at utils.Reporter.reportStep(Reporter.java:20)
	at wrappers.GenericWrappers.takeSnap(GenericWrappers.java:613)
	at utils.Reporter.reportStep(Reporter.java:20)
	at wrappers.GenericWrappers.takeSnap(GenericWrappers.java:613)
	at utils.Reporter.reportStep(Reporter.java:20)
	at wrappers.GenericWrappers.takeSnap(GenericWrappers.java:613)
	at utils.Reporter.reportStep(Reporter.java:20)
	at wrappers.GenericWrappers.takeSnap(GenericWrappers.java:613)
	at utils.Reporter.reportStep(Reporter.java:20)
	at wrappers.GenericWrappers.takeSnap(GenericWrappers.java:613)
	at utils.Reporter.reportStep(Reporter.java:20)
	at wrappers.GenericWrappers.takeSnap(GenericWrappers.java:613)
	at utils.Reporter.reportStep(Reporter.java:20)
	at wrappers.GenericWrappers.takeSnap(GenericWrappers.java:613)
	at utils.Reporter.reportStep(Reporter.java:20)
	at wrappers.GenericWrappers.takeSnap(GenericWrappers.java:613)
	at utils.Reporter.reportStep(Reporter.java:20)
	at wrappers.GenericWrappers.takeSnap(GenericWrappers.java:613)
	at utils.Reporter.reportStep(Reporter.java:20)
	at wrappers.GenericWrappers.takeSnap(GenericWrappers.java:613)
	at utils.Reporter.reportStep(Reporter.java:20)
	at wrappers.GenericWrappers.takeSnap(GenericWrappers.java:613)
	at utils.Reporter.reportStep(Reporter.java:20)
	at wrappers.GenericWrappers.takeSnap(GenericWrappers.java:613)
	at utils.Reporter.reportStep(Reporter.java:20)
	at wrappers.GenericWrappers.takeSnap(GenericWrappers.java:613)
	at utils.Reporter.reportStep(Reporter.java:20)
	at wrappers.GenericWrappers.takeSnap(GenericWrappers.java:613)
	at utils.Reporter.reportStep(Reporter.java:20)
	at wrappers.GenericWrappers.takeSnap(GenericWrappers.java:613)
	at utils.Reporter.reportStep(Reporter.java:20)
	at wrappers.GenericWrappers.takeSnap(GenericWrappers.java:613)
	at utils.Reporter.reportStep(Reporter.java:20)
	at wrappers.GenericWrappers.takeSnap(GenericWrappers.java:613)
	at utils.Reporter.reportStep(Reporter.java:20)
	at wrappers.GenericWrappers.takeSnap(GenericWrappers.java:613)
	at utils.Reporter.reportStep(Reporter.java:20)
	at wrappers.GenericWrappers.takeSnap(GenericWrappers.java:613)
	at utils.Reporter.reportStep(Reporter.java:20)
	at wrappers.GenericWrappers.takeSnap(GenericWrappers.java:613)
	at utils.Reporter.reportStep(Reporter.java:20)
	at wrappers.GenericWrappers.takeSnap(GenericWrappers.java:613)
	at utils.Reporter.reportStep(Reporter.java:20)
	at wrappers.GenericWrappers.takeSnap(GenericWrappers.java:613)
	at utils.Reporter.reportStep(Reporter.java:20)
	at wrappers.GenericWrappers.takeSnap(GenericWrappers.java:613)
	at utils.Reporter.reportStep(Reporter.java:20)
	at wrappers.GenericWrappers.takeSnap(GenericWrappers.java:613)
	at utils.Reporter.reportStep(Reporter.java:20)
	at wrappers.GenericWrappers.takeSnap(GenericWrappers.java:613)
	at utils.Reporter.reportStep(Reporter.java:20)
	at wrappers.GenericWrappers.takeSnap(GenericWrappers.java:613)
	at utils.Reporter.reportStep(Reporter.java:20)
	at wrappers.GenericWrappers.takeSnap(GenericWrappers.java:613)
	at utils.Reporter.reportStep(Reporter.java:20)
	at wrappers.GenericWrappers.takeSnap(GenericWrappers.java:613)
	at utils.Reporter.reportStep(Reporter.java:20)
	at wrappers.GenericWrappers.takeSnap(GenericWrappers.java:613)
	at utils.Reporter.reportStep(Reporter.java:20)
	at wrappers.GenericWrappers.takeSnap(GenericWrappers.java:613)
	at utils.Reporter.reportStep(Reporter.java:20)
	at wrappers.GenericWrappers.takeSnap(GenericWrappers.java:613)
	at utils.Reporter.reportStep(Reporter.java:20)
	at wrappers.GenericWrappers.takeSnap(GenericWrappers.java:613)
	at utils.Reporter.reportStep(Reporter.java:20)
	at wrappers.GenericWrappers.takeSnap(GenericWrappers.java:613)
	at utils.Reporter.reportStep(Reporter.java:20)
	at wrappers.GenericWrappers.takeSnap(GenericWrappers.java:613)
	at utils.Reporter.reportStep(Reporter.java:20)
	at wrappers.GenericWrappers.takeSnap(GenericWrappers.java:613)
	at utils.Reporter.reportStep(Reporter.java:20)
	at wrappers.GenericWrappers.takeSnap(GenericWrappers.java:613)
	at utils.Reporter.reportStep(Reporter.java:20)
	at wrappers.GenericWrappers.takeSnap(GenericWrappers.java:613)
	at utils.Reporter.reportStep(Reporter.java:20)
	at wrappers.GenericWrappers.takeSnap(GenericWrappers.java:613)
	at utils.Reporter.reportStep(Reporter.java:20)
	at wrappers.GenericWrappers.takeSnap(GenericWrappers.java:613)
	at utils.Reporter.reportStep(Reporter.java:20)
	at wrappers.GenericWrappers.takeSnap(GenericWrappers.java:613)
	at utils.Reporter.reportStep(Reporter.java:20)
	at wrappers.GenericWrappers.takeSnap(GenericWrappers.java:613)
	at utils.Reporter.reportStep(Reporter.java:20)
	at wrappers.GenericWrappers.takeSnap(GenericWrappers.java:613)
	at utils.Reporter.reportStep(Reporter.java:20)
	at wrappers.GenericWrappers.takeSnap(GenericWrappers.java:613)
	at utils.Reporter.reportStep(Reporter.java:20)
	at wrappers.GenericWrappers.takeSnap(GenericWrappers.java:613)
	at utils.Reporter.reportStep(Reporter.java:20)
	at wrappers.GenericWrappers.takeSnap(GenericWrappers.java:613)
	at utils.Reporter.reportStep(Reporter.java:20)
	at wrappers.GenericWrappers.takeSnap(GenericWrappers.java:613)
	at utils.Reporter.reportStep(Reporter.java:20)
	at wrappers.GenericWrappers.takeSnap(GenericWrappers.java:613)
	at utils.Reporter.reportStep(Reporter.java:20)
	at wrappers.GenericWrappers.takeSnap(GenericWrappers.java:613)
	at utils.Reporter.reportStep(Reporter.java:20)
	at wrappers.GenericWrappers.takeSnap(GenericWrappers.java:613)
	at utils.Reporter.reportStep(Reporter.java:20)
	at wrappers.GenericWrappers.takeSnap(GenericWrappers.java:613)
	at utils.Reporter.reportStep(Reporter.java:20)
	at wrappers.GenericWrappers.takeSnap(GenericWrappers.java:613)
	at utils.Reporter.reportStep(Reporter.java:20)
	at wrappers.GenericWrappers.takeSnap(GenericWrappers.java:613)
	at utils.Reporter.reportStep(Reporter.java:20)
	at wrappers.GenericWrappers.takeSnap(GenericWrappers.java:613)
	at utils.Reporter.reportStep(Reporter.java:20)
	at wrappers.GenericWrappers.takeSnap(GenericWrappers.java:613)
	at utils.Reporter.reportStep(Reporter.java:20)
	at wrappers.GenericWrappers.takeSnap(GenericWrappers.java:613)
	at utils.Reporter.reportStep(Reporter.java:20)
	at wrappers.GenericWrappers.takeSnap(GenericWrappers.java:613)
	at utils.Reporter.reportStep(Reporter.java:20)
	at wrappers.GenericWrappers.takeSnap(GenericWrappers.java:613)
	at utils.Reporter.reportStep(Reporter.java:20)
	at wrappers.GenericWrappers.takeSnap(GenericWrappers.java:613)
	at utils.Reporter.reportStep(Reporter.java:20)
	at wrappers.GenericWrappers.takeSnap(GenericWrappers.java:613)
	at utils.Reporter.reportStep(Reporter.java:20)
	at wrappers.GenericWrappers.takeSnap(GenericWrappers.java:613)
	at utils.Reporter.reportStep(Reporter.java:20)
	at wrappers.GenericWrappers.takeSnap(GenericWrappers.java:613)
	at utils.Reporter.reportStep(Reporter.java:20)
	at wrappers.GenericWrappers.takeSnap(GenericWrappers.java:613)
	at utils.Reporter.reportStep(Reporter.java:20)
	at wrappers.GenericWrappers.takeSnap(GenericWrappers.java:613)
	at utils.Reporter.reportStep(Reporter.java:20)
	at wrappers.GenericWrappers.takeSnap(GenericWrappers.java:613)
	at utils.Reporter.reportStep(Reporter.java:20)
	at wrappers.GenericWrappers.takeSnap(GenericWrappers.java:613)
	at utils.Reporter.reportStep(Reporter.java:20)
	at wrappers.GenericWrappers.takeSnap(GenericWrappers.java:613)
	at utils.Reporter.reportStep(Reporter.java:20)
	at wrappers.GenericWrappers.takeSnap(GenericWrappers.java:613)
	at utils.Reporter.reportStep(Reporter.java:20)
	at wrappers.GenericWrappers.takeSnap(GenericWrappers.java:613)
	at utils.Reporter.reportStep(Reporter.java:20)
	at wrappers.GenericWrappers.takeSnap(GenericWrappers.java:613)
	at utils.Reporter.reportStep(Reporter.java:20)
	at wrappers.GenericWrappers.takeSnap(GenericWrappers.java:613)
	at utils.Reporter.reportStep(Reporter.java:20)
	at wrappers.GenericWrappers.takeSnap(GenericWrappers.java:613)
	at utils.Reporter.reportStep(Reporter.java:20)
	at wrappers.GenericWrappers.takeSnap(GenericWrappers.java:613)
	at utils.Reporter.reportStep(Reporter.java:20)
	at wrappers.GenericWrappers.takeSnap(GenericWrappers.java:613)
	at utils.Reporter.reportStep(Reporter.java:20)
	at wrappers.GenericWrappers.takeSnap(GenericWrappers.java:613)
	at utils.Reporter.reportStep(Reporter.java:20)
	at wrappers.GenericWrappers.takeSnap(GenericWrappers.java:613)
	at utils.Reporter.reportStep(Reporter.java:20)
	at wrappers.GenericWrappers.takeSnap(GenericWrappers.java:613)
	at utils.Reporter.reportStep(Reporter.java:20)
	at wrappers.GenericWrappers.takeSnap(GenericWrappers.java:613)
	at utils.Reporter.reportStep(Reporter.java:20)
	at wrappers.GenericWrappers.takeSnap(GenericWrappers.java:613)
	at utils.Reporter.reportStep(Reporter.java:20)
	at wrappers.GenericWrappers.takeSnap(GenericWrappers.java:613)
	at utils.Reporter.reportStep(Reporter.java:20)
	at wrappers.GenericWrappers.takeSnap(GenericWrappers.java:613)
	at utils.Reporter.reportStep(Reporter.java:20)
	at wrappers.GenericWrappers.takeSnap(GenericWrappers.java:613)
	at utils.Reporter.reportStep(Reporter.java:20)
	at wrappers.GenericWrappers.takeSnap(GenericWrappers.java:613)
	at utils.Reporter.reportStep(Reporter.java:20)
	at wrappers.GenericWrappers.takeSnap(GenericWrappers.java:613)
	at utils.Reporter.reportStep(Reporter.java:20)
	at wrappers.GenericWrappers.takeSnap(GenericWrappers.java:613)
	at utils.Reporter.reportStep(Reporter.java:20)
	at wrappers.GenericWrappers.takeSnap(GenericWrappers.java:613)
	at utils.Reporter.reportStep(Reporter.java:20)
	at wrappers.GenericWrappers.takeSnap(GenericWrappers.java:613)
	at utils.Reporter.reportStep(Reporter.java:20)
	at wrappers.GenericWrappers.takeSnap(GenericWrappers.java:613)
	at utils.Reporter.reportStep(Reporter.java:20)
	at wrappers.GenericWrappers.takeSnap(GenericWrappers.java:613)
	at utils.Reporter.reportStep(Reporter.java:20)
	at wrappers.GenericWrappers.takeSnap(GenericWrappers.java:613)
	at utils.Reporter.reportStep(Reporter.java:20)
	at wrappers.GenericWrappers.takeSnap(GenericWrappers.java:613)
	at utils.Reporter.reportStep(Reporter.java:20)
	at wrappers.GenericWrappers.takeSnap(GenericWrappers.java:613)
	at utils.Reporter.reportStep(Reporter.java:20)
	at wrappers.GenericWrappers.takeSnap(GenericWrappers.java:613)
	at utils.Reporter.reportStep(Reporter.java:20)
	at wrappers.GenericWrappers.takeSnap(GenericWrappers.java:613)
	at utils.Reporter.reportStep(Reporter.java:20)
	at wrappers.GenericWrappers.takeSnap(GenericWrappers.java:613)
	at utils.Reporter.reportStep(Reporter.java:20)
	at wrappers.GenericWrappers.takeSnap(GenericWrappers.java:613)
	at utils.Reporter.reportStep(Reporter.java:20)
	at wrappers.GenericWrappers.takeSnap(GenericWrappers.java:613)
	at utils.Reporter.reportStep(Reporter.java:20)
	at wrappers.GenericWrappers.takeSnap(GenericWrappers.java:613)
	at utils.Reporter.reportStep(Reporter.java:20)
	at wrappers.GenericWrappers.takeSnap(GenericWrappers.java:613)
	at utils.Reporter.reportStep(Reporter.java:20)
	at wrappers.GenericWrappers.takeSnap(GenericWrappers.java:613)
	at utils.Reporter.reportStep(Reporter.java:20)
	at wrappers.GenericWrappers.takeSnap(GenericWrappers.java:613)
	at utils.Reporter.reportStep(Reporter.java:20)
	at wrappers.GenericWrappers.takeSnap(GenericWrappers.java:613)
	at utils.Reporter.reportStep(Reporter.java:20)
	at wrappers.GenericWrappers.takeSnap(GenericWrappers.java:613)
	at utils.Reporter.reportStep(Reporter.java:20)
	at wrappers.GenericWrappers.takeSnap(GenericWrappers.java:613)
	at utils.Reporter.reportStep(Reporter.java:20)
	at wrappers.GenericWrappers.takeSnap(GenericWrappers.java:613)
	at utils.Reporter.reportStep(Reporter.java:20)
	at wrappers.GenericWrappers.takeSnap(GenericWrappers.java:613)
	at utils.Reporter.reportStep(Reporter.java:20)
	at wrappers.GenericWrappers.takeSnap(GenericWrappers.java:613)
	at utils.Reporter.reportStep(Reporter.java:20)
	at wrappers.GenericWrappers.takeSnap(GenericWrappers.java:613)
	at utils.Reporter.reportStep(Reporter.java:20)
	at wrappers.GenericWrappers.takeSnap(GenericWrappers.java:613)
	at utils.Reporter.reportStep(Reporter.java:20)
	at wrappers.GenericWrappers.takeSnap(GenericWrappers.java:613)
	at utils.Reporter.reportStep(Reporter.java:20)
	at wrappers.GenericWrappers.takeSnap(GenericWrappers.java:613)
	at utils.Reporter.reportStep(Reporter.java:20)
	at wrappers.GenericWrappers.takeSnap(GenericWrappers.java:613)
	at utils.Reporter.reportStep(Reporter.java:20)
	at wrappers.GenericWrappers.takeSnap(GenericWrappers.java:613)
	at utils.Reporter.reportStep(Reporter.java:20)
	at wrappers.GenericWrappers.takeSnap(GenericWrappers.java:613)
	at utils.Reporter.reportStep(Reporter.java:20)
	at wrappers.GenericWrappers.takeSnap(GenericWrappers.java:613)
	at utils.Reporter.reportStep(Reporter.java:20)
	at wrappers.GenericWrappers.takeSnap(GenericWrappers.java:613)
	at utils.Reporter.reportStep(Reporter.java:20)
	at wrappers.GenericWrappers.takeSnap(GenericWrappers.java:613)
	at utils.Reporter.reportStep(Reporter.java:20)
	at wrappers.GenericWrappers.takeSnap(GenericWrappers.java:613)
	at utils.Reporter.reportStep(Reporter.java:20)
	at wrappers.GenericWrappers.takeSnap(GenericWrappers.java:613)
	at utils.Reporter.reportStep(Reporter.java:20)
	at wrappers.GenericWrappers.takeSnap(GenericWrappers.java:613)
	at utils.Reporter.reportStep(Reporter.java:20)
	at wrappers.GenericWrappers.takeSnap(GenericWrappers.java:613)
	at utils.Reporter.reportStep(Reporter.java:20)
	at wrappers.GenericWrappers.takeSnap(GenericWrappers.java:613)
	at utils.Reporter.reportStep(Reporter.java:20)
	at wrappers.GenericWrappers.takeSnap(GenericWrappers.java:613)
	at utils.Reporter.reportStep(Reporter.java:20)
	at wrappers.GenericWrappers.takeSnap(GenericWrappers.java:613)
	at utils.Reporter.reportStep(Reporter.java:20)
	at wrappers.GenericWrappers.takeSnap(GenericWrappers.java:613)
	at utils.Reporter.reportStep(Reporter.java:20)
	at wrappers.GenericWrappers.takeSnap(GenericWrappers.java:613)
	at utils.Reporter.reportStep(Reporter.java:20)
	at wrappers.GenericWrappers.takeSnap(GenericWrappers.java:613)
	at utils.Reporter.reportStep(Reporter.java:20)
	at wrappers.GenericWrappers.takeSnap(GenericWrappers.java:613)
	at utils.Reporter.reportStep(Reporter.java:20)
	at wrappers.GenericWrappers.takeSnap(GenericWrappers.java:613)
	at utils.Reporter.reportStep(Reporter.java:20)
	at wrappers.GenericWrappers.takeSnap(GenericWrappers.java:613)
	at utils.Reporter.reportStep(Reporter.java:20)
	at wrappers.GenericWrappers.takeSnap(GenericWrappers.java:613)
	at utils.Reporter.reportStep(Reporter.java:20)
	at wrappers.GenericWrappers.takeSnap(GenericWrappers.java:613)
	at utils.Reporter.reportStep(Reporter.java:20)
	at wrappers.GenericWrappers.takeSnap(GenericWrappers.java:613)
	at utils.Reporter.reportStep(Reporter.java:20)
	at wrappers.GenericWrappers.takeSnap(GenericWrappers.java:613)
	at utils.Reporter.reportStep(Reporter.java:20)
	at wrappers.GenericWrappers.takeSnap(GenericWrappers.java:613)
	at utils.Reporter.reportStep(Reporter.java:20)
	at wrappers.GenericWrappers.takeSnap(GenericWrappers.java:613)
	at utils.Reporter.reportStep(Reporter.java:20)
	at wrappers.GenericWrappers.takeSnap(GenericWrappers.java:613)
	at utils.Reporter.reportStep(Reporter.java:20)
	at wrappers.GenericWrappers.takeSnap(GenericWrappers.java:613)
	at utils.Reporter.reportStep(Reporter.java:20)
	at wrappers.GenericWrappers.takeSnap(GenericWrappers.java:613)
	at utils.Reporter.reportStep(Reporter.java:20)
	at wrappers.GenericWrappers.takeSnap(GenericWrappers.java:613)
	at utils.Reporter.reportStep(Reporter.java:20)
	at wrappers.GenericWrappers.takeSnap(GenericWrappers.java:613)
	at utils.Reporter.reportStep(Reporter.java:20)
	at wrappers.GenericWrappers.takeSnap(GenericWrappers.java:613)
	at utils.Reporter.reportStep(Reporter.java:20)
	at wrappers.GenericWrappers.takeSnap(GenericWrappers.java:613)
	at utils.Reporter.reportStep(Reporter.java:20)
	at wrappers.GenericWrappers.takeSnap(GenericWrappers.java:613)
	at utils.Reporter.reportStep(Reporter.java:20)
	at wrappers.GenericWrappers.takeSnap(GenericWrappers.java:613)
	at utils.Reporter.reportStep(Reporter.java:20)
	at wrappers.GenericWrappers.takeSnap(GenericWrappers.java:613)
	at utils.Reporter.reportStep(Reporter.java:20)
	at wrappers.GenericWrappers.takeSnap(GenericWrappers.java:613)
	at utils.Reporter.reportStep(Reporter.java:20)
	at wrappers.GenericWrappers.takeSnap(GenericWrappers.java:613)
	at utils.Reporter.reportStep(Reporter.java:20)
	at wrappers.GenericWrappers.takeSnap(GenericWrappers.java:613)
	at utils.Reporter.reportStep(Reporter.java:20)
	at wrappers.GenericWrappers.takeSnap(GenericWrappers.java:613)
	at utils.Reporter.reportStep(Reporter.java:20)
	at wrappers.GenericWrappers.takeSnap(GenericWrappers.java:613)
	at utils.Reporter.reportStep(Reporter.java:20)
	at wrappers.GenericWrappers.takeSnap(GenericWrappers.java:613)
	at utils.Reporter.reportStep(Reporter.java:20)
	at wrappers.GenericWrappers.takeSnap(GenericWrappers.java:613)
	at utils.Reporter.reportStep(Reporter.java:20)
	at wrappers.GenericWrappers.takeSnap(GenericWrappers.java:613)
	at utils.Reporter.reportStep(Reporter.java:20)
	at wrappers.GenericWrappers.takeSnap(GenericWrappers.java:613)
	at utils.Reporter.reportStep(Reporter.java:20)
	at wrappers.GenericWrappers.takeSnap(GenericWrappers.java:613)
	at utils.Reporter.reportStep(Reporter.java:20)
	at wrappers.GenericWrappers.takeSnap(GenericWrappers.java:613)
	at utils.Reporter.reportStep(Reporter.java:20)
	at wrappers.GenericWrappers.takeSnap(GenericWrappers.java:613)
	at utils.Reporter.reportStep(Reporter.java:20)
	at wrappers.GenericWrappers.takeSnap(GenericWrappers.java:613)
	at utils.Reporter.reportStep(Reporter.java:20)
	at wrappers.GenericWrappers.takeSnap(GenericWrappers.java:613)
	at utils.Reporter.reportStep(Reporter.java:20)
	at wrappers.GenericWrappers.takeSnap(GenericWrappers.java:613)
	at utils.Reporter.reportStep(Reporter.java:20)
	at wrappers.GenericWrappers.takeSnap(GenericWrappers.java:613)
	at utils.Reporter.reportStep(Reporter.java:20)
	at wrappers.GenericWrappers.takeSnap(GenericWrappers.java:613)
	at utils.Reporter.reportStep(Reporter.java:20)
	at wrappers.GenericWrappers.takeSnap(GenericWrappers.java:613)
	at utils.Reporter.reportStep(Reporter.java:20)
	at wrappers.GenericWrappers.takeSnap(GenericWrappers.java:613)
	at utils.Reporter.reportStep(Reporter.java:20)
	at wrappers.GenericWrappers.takeSnap(GenericWrappers.java:613)
	at utils.Reporter.reportStep(Reporter.java:20)
	at wrappers.GenericWrappers.takeSnap(GenericWrappers.java:613)
	at utils.Reporter.reportStep(Reporter.java:20)
	at wrappers.GenericWrappers.takeSnap(GenericWrappers.java:613)
	at utils.Reporter.reportStep(Reporter.java:20)
	at wrappers.GenericWrappers.takeSnap(GenericWrappers.java:613)
	at utils.Reporter.reportStep(Reporter.java:20)
	at wrappers.GenericWrappers.takeSnap(GenericWrappers.java:613)
	at utils.Reporter.reportStep(Reporter.java:20)
	at wrappers.GenericWrappers.takeSnap(GenericWrappers.java:613)
	at utils.Reporter.reportStep(Reporter.java:20)
	at wrappers.GenericWrappers.takeSnap(GenericWrappers.java:613)
	at utils.Reporter.reportStep(Reporter.java:20)
	at wrappers.GenericWrappers.takeSnap(GenericWrappers.java:613)
	at utils.Reporter.reportStep(Reporter.java:20)
	at wrappers.GenericWrappers.takeSnap(GenericWrappers.java:613)
	at utils.Reporter.reportStep(Reporter.java:20)
	at wrappers.GenericWrappers.takeSnap(GenericWrappers.java:613)
	at utils.Reporter.reportStep(Reporter.java:20)
	at wrappers.GenericWrappers.takeSnap(GenericWrappers.java:613)
	at utils.Reporter.reportStep(Reporter.java:20)
	at wrappers.GenericWrappers.takeSnap(GenericWrappers.java:613)
	at utils.Reporter.reportStep(Reporter.java:20)
	at wrappers.GenericWrappers.takeSnap(GenericWrappers.java:613)
	at utils.Reporter.reportStep(Reporter.java:20)
	at wrappers.GenericWrappers.takeSnap(GenericWrappers.java:613)
	at utils.Reporter.reportStep(Reporter.java:20)
	at wrappers.GenericWrappers.takeSnap(GenericWrappers.java:613)
	at utils.Reporter.reportStep(Reporter.java:20)
	at wrappers.GenericWrappers.takeSnap(GenericWrappers.java:613)
	at utils.Reporter.reportStep(Reporter.java:20)
	at wrappers.GenericWrappers.takeSnap(GenericWrappers.java:613)
	at utils.Reporter.reportStep(Reporter.java:20)
	at wrappers.GenericWrappers.takeSnap(GenericWrappers.java:613)
	at utils.Reporter.reportStep(Reporter.java:20)
	at wrappers.GenericWrappers.takeSnap(GenericWrappers.java:613)
	at utils.Reporter.reportStep(Reporter.java:20)
	at wrappers.GenericWrappers.takeSnap(GenericWrappers.java:613)
	at utils.Reporter.reportStep(Reporter.java:20)
	at wrappers.GenericWrappers.takeSnap(GenericWrappers.java:613)
	at utils.Reporter.reportStep(Reporter.java:20)
	at wrappers.GenericWrappers.takeSnap(GenericWrappers.java:613)
	at utils.Reporter.reportStep(Reporter.java:20)
	at wrappers.GenericWrappers.takeSnap(GenericWrappers.java:613)
	at utils.Reporter.reportStep(Reporter.java:20)
	at wrappers.GenericWrappers.takeSnap(GenericWrappers.java:613)
	at utils.Reporter.reportStep(Reporter.java:20)
	at wrappers.GenericWrappers.takeSnap(GenericWrappers.java:613)
	at utils.Reporter.reportStep(Reporter.java:20)
	at wrappers.GenericWrappers.takeSnap(GenericWrappers.java:613)
	at utils.Reporter.reportStep(Reporter.java:20)
	at wrappers.GenericWrappers.takeSnap(GenericWrappers.java:613)
	at utils.Reporter.reportStep(Reporter.java:20)
	at wrappers.GenericWrappers.takeSnap(GenericWrappers.java:613)
	at utils.Reporter.reportStep(Reporter.java:20)
	at wrappers.GenericWrappers.takeSnap(GenericWrappers.java:613)
	at utils.Reporter.reportStep(Reporter.java:20)
	at wrappers.GenericWrappers.takeSnap(GenericWrappers.java:613)
	at utils.Reporter.reportStep(Reporter.java:20)
	at wrappers.GenericWrappers.takeSnap(GenericWrappers.java:613)
	at utils.Reporter.reportStep(Reporter.java:20)
	at wrappers.GenericWrappers.takeSnap(GenericWrappers.java:613)
	at utils.Reporter.reportStep(Reporter.java:20)
	at wrappers.GenericWrappers.takeSnap(GenericWrappers.java:613)
	at utils.Reporter.reportStep(Reporter.java:20)
	at wrappers.GenericWrappers.takeSnap(GenericWrappers.java:613)
	at utils.Reporter.reportStep(Reporter.java:20)
	at wrappers.GenericWrappers.takeSnap(GenericWrappers.java:613)
	at utils.Reporter.reportStep(Reporter.java:20)
	at wrappers.GenericWrappers.takeSnap(GenericWrappers.java:613)
	at utils.Reporter.reportStep(Reporter.java:20)
	at wrappers.GenericWrappers.takeSnap(GenericWrappers.java:613)
	at utils.Reporter.reportStep(Reporter.java:20)
	at wrappers.GenericWrappers.takeSnap(GenericWrappers.java:613)
	at utils.Reporter.reportStep(Reporter.java:20)
	at wrappers.GenericWrappers.takeSnap(GenericWrappers.java:613)
	at utils.Reporter.reportStep(Reporter.java:20)
	at wrappers.GenericWrappers.takeSnap(GenericWrappers.java:613)
	at utils.Reporter.reportStep(Reporter.java:20)
	at wrappers.GenericWrappers.takeSnap(GenericWrappers.java:613)
	at utils.Reporter.reportStep(Reporter.java:20)
	at wrappers.GenericWrappers.takeSnap(GenericWrappers.java:613)
	at utils.Reporter.reportStep(Reporter.java:20)
	at wrappers.GenericWrappers.takeSnap(GenericWrappers.java:613)
	at utils.Reporter.reportStep(Reporter.java:20)
	at wrappers.GenericWrappers.takeSnap(GenericWrappers.java:613)
	at utils.Reporter.reportStep(Reporter.java:20)
	at wrappers.GenericWrappers.takeSnap(GenericWrappers.java:613)
	at utils.Reporter.reportStep(Reporter.java:20)
	at wrappers.GenericWrappers.takeSnap(GenericWrappers.java:613)
	at utils.Reporter.reportStep(Reporter.java:20)
	at wrappers.GenericWrappers.takeSnap(GenericWrappers.java:613)
	at utils.Reporter.reportStep(Reporter.java:20)
	at wrappers.GenericWrappers.takeSnap(GenericWrappers.java:613)
	at utils.Reporter.reportStep(Reporter.java:20)
	at wrappers.GenericWrappers.takeSnap(GenericWrappers.java:613)
	at utils.Reporter.reportStep(Reporter.java:20)
	at wrappers.GenericWrappers.takeSnap(GenericWrappers.java:613)
	at utils.Reporter.reportStep(Reporter.java:20)
	at wrappers.GenericWrappers.takeSnap(GenericWrappers.java:613)
	at utils.Reporter.reportStep(Reporter.java:20)
	at wrappers.GenericWrappers.takeSnap(GenericWrappers.java:613)
	at utils.Reporter.reportStep(Reporter.java:20)
	at wrappers.GenericWrappers.takeSnap(GenericWrappers.java:613)
	at utils.Reporter.reportStep(Reporter.java:20)
	at wrappers.GenericWrappers.takeSnap(GenericWrappers.java:613)
	at utils.Reporter.reportStep(Reporter.java:20)
	at wrappers.GenericWrappers.takeSnap(GenericWrappers.java:613)
	at utils.Reporter.reportStep(Reporter.java:20)
	at wrappers.GenericWrappers.takeSnap(GenericWrappers.java:613)
	at utils.Reporter.reportStep(Reporter.java:20)
	at wrappers.GenericWrappers.takeSnap(GenericWrappers.java:613)
	at utils.Reporter.reportStep(Reporter.java:20)
	at wrappers.GenericWrappers.takeSnap(GenericWrappers.java:613)
	at utils.Reporter.reportStep(Reporter.java:20)
	at wrappers.GenericWrappers.takeSnap(GenericWrappers.java:613)
	at utils.Reporter.reportStep(Reporter.java:20)
	at wrappers.GenericWrappers.takeSnap(GenericWrappers.java:613)
	at utils.Reporter.reportStep(Reporter.java:20)
	at wrappers.GenericWrappers.takeSnap(GenericWrappers.java:613)
	at utils.Reporter.reportStep(Reporter.java:20)
	at wrappers.GenericWrappers.takeSnap(GenericWrappers.java:613)
	at utils.Reporter.reportStep(Reporter.java:20)
	at wrappers.GenericWrappers.takeSnap(GenericWrappers.java:613)
	at utils.Reporter.reportStep(Reporter.java:20)
	at wrappers.GenericWrappers.takeSnap(GenericWrappers.java:613)
	at utils.Reporter.reportStep(Reporter.java:20)
	at wrappers.GenericWrappers.takeSnap(GenericWrappers.java:613)
	at utils.Reporter.reportStep(Reporter.java:20)
	at wrappers.GenericWrappers.takeSnap(GenericWrappers.java:613)
	at utils.Reporter.reportStep(Reporter.java:20)
	at wrappers.GenericWrappers.takeSnap(GenericWrappers.java:613)
	at utils.Reporter.reportStep(Reporter.java:20)
	at wrappers.GenericWrappers.takeSnap(GenericWrappers.java:613)
	at utils.Reporter.reportStep(Reporter.java:20)
	at wrappers.GenericWrappers.takeSnap(GenericWrappers.java:613)
	at utils.Reporter.reportStep(Reporter.java:20)
	at wrappers.GenericWrappers.takeSnap(GenericWrappers.java:613)
	at utils.Reporter.reportStep(Reporter.java:20)
	at wrappers.GenericWrappers.takeSnap(GenericWrappers.java:613)
	at utils.Reporter.reportStep(Reporter.java:20)
	at wrappers.GenericWrappers.takeSnap(GenericWrappers.java:613)
	at utils.Reporter.reportStep(Reporter.java:20)
	at wrappers.GenericWrappers.takeSnap(GenericWrappers.java:613)
	at utils.Reporter.reportStep(Reporter.java:20)
	at wrappers.GenericWrappers.takeSnap(GenericWrappers.java:613)
	at utils.Reporter.reportStep(Reporter.java:20)
	at wrappers.GenericWrappers.takeSnap(GenericWrappers.java:613)
	at utils.Reporter.reportStep(Reporter.java:20)
	at wrappers.GenericWrappers.takeSnap(GenericWrappers.java:613)
	at utils.Reporter.reportStep(Reporter.java:20)
	at wrappers.GenericWrappers.takeSnap(GenericWrappers.java:613)
	at utils.Reporter.reportStep(Reporter.java:20)
	at wrappers.GenericWrappers.takeSnap(GenericWrappers.java:613)
	at utils.Reporter.reportStep(Reporter.java:20)
	at wrappers.GenericWrappers.takeSnap(GenericWrappers.java:613)
	at utils.Reporter.reportStep(Reporter.java:20)
	at wrappers.GenericWrappers.takeSnap(GenericWrappers.java:613)
	at utils.Reporter.reportStep(Reporter.java:20)
	at wrappers.GenericWrappers.takeSnap(GenericWrappers.java:613)
	at utils.Reporter.reportStep(Reporter.java:20)
	at wrappers.GenericWrappers.takeSnap(GenericWrappers.java:613)
	at utils.Reporter.reportStep(Reporter.java:20)
	at wrappers.GenericWrappers.takeSnap(GenericWrappers.java:613)
	at utils.Reporter.reportStep(Reporter.java:20)
	at wrappers.GenericWrappers.takeSnap(GenericWrappers.java:613)
	at utils.Reporter.reportStep(Reporter.java:20)
	at wrappers.GenericWrappers.takeSnap(GenericWrappers.java:613)
	at utils.Reporter.reportStep(Reporter.java:20)
	at wrappers.GenericWrappers.takeSnap(GenericWrappers.java:613)
	at utils.Reporter.reportStep(Reporter.java:20)
	at wrappers.GenericWrappers.takeSnap(GenericWrappers.java:613)
	at utils.Reporter.reportStep(Reporter.java:20)
	at wrappers.GenericWrappers.takeSnap(GenericWrappers.java:613)
	at utils.Reporter.reportStep(Reporter.java:20)
	at wrappers.GenericWrappers.takeSnap(GenericWrappers.java:613)
	at utils.Reporter.reportStep(Reporter.java:20)
	at wrappers.GenericWrappers.takeSnap(GenericWrappers.java:613)
	at utils.Reporter.reportStep(Reporter.java:20)
	at wrappers.GenericWrappers.takeSnap(GenericWrappers.java:613)
	at utils.Reporter.reportStep(Reporter.java:20)
	at wrappers.GenericWrappers.takeSnap(GenericWrappers.java:613)
	at utils.Reporter.reportStep(Reporter.java:20)
	at wrappers.GenericWrappers.takeSnap(GenericWrappers.java:613)
	at utils.Reporter.reportStep(Reporter.java:20)
	at wrappers.GenericWrappers.takeSnap(GenericWrappers.java:613)
	at utils.Reporter.reportStep(Reporter.java:20)
	at wrappers.GenericWrappers.takeSnap(GenericWrappers.java:613)
	at utils.Reporter.reportStep(Reporter.java:20)
	at wrappers.GenericWrappers.takeSnap(GenericWrappers.java:613)
	at utils.Reporter.reportStep(Reporter.java:20)
	at wrappers.GenericWrappers.takeSnap(GenericWrappers.java:613)
	at utils.Reporter.reportStep(Reporter.java:20)
	at wrappers.GenericWrappers.takeSnap(GenericWrappers.java:613)
	at utils.Reporter.reportStep(Reporter.java:20)
	at wrappers.GenericWrappers.takeSnap(GenericWrappers.java:613)
	at utils.Reporter.reportStep(Reporter.java:20)
	at wrappers.GenericWrappers.takeSnap(GenericWrappers.java:613)
	at utils.Reporter.reportStep(Reporter.java:20)
	at wrappers.GenericWrappers.takeSnap(GenericWrappers.java:613)
	at utils.Reporter.reportStep(Reporter.java:20)
	at wrappers.GenericWrappers.takeSnap(GenericWrappers.java:613)
	at utils.Reporter.reportStep(Reporter.java:20)
	at wrappers.GenericWrappers.takeSnap(GenericWrappers.java:613)
	at utils.Reporter.reportStep(Reporter.java:20)
	at wrappers.GenericWrappers.takeSnap(GenericWrappers.java:613)
	at utils.Reporter.reportStep(Reporter.java:20)
	at wrappers.GenericWrappers.takeSnap(GenericWrappers.java:613)
	at utils.Reporter.reportStep(Reporter.java:20)
	at wrappers.GenericWrappers.takeSnap(GenericWrappers.java:613)
	at utils.Reporter.reportStep(Reporter.java:20)
	at wrappers.GenericWrappers.takeSnap(GenericWrappers.java:613)
	at utils.Reporter.reportStep(Reporter.java:20)
	at wrappers.GenericWrappers.takeSnap(GenericWrappers.java:613)
	at utils.Reporter.reportStep(Reporter.java:20)
	at wrappers.GenericWrappers.takeSnap(GenericWrappers.java:613)
	at utils.Reporter.reportStep(Reporter.java:20)
	at wrappers.GenericWrappers.takeSnap(GenericWrappers.java:613)
	at utils.Reporter.reportStep(Reporter.java:20)
	at wrappers.GenericWrappers.takeSnap(GenericWrappers.java:613)
	at utils.Reporter.reportStep(Reporter.java:20)
	at wrappers.GenericWrappers.takeSnap(GenericWrappers.java:613)
	at utils.Reporter.reportStep(Reporter.java:20)
	at wrappers.GenericWrappers.takeSnap(GenericWrappers.java:613)
	at utils.Reporter.reportStep(Reporter.java:20)
	at wrappers.GenericWrappers.takeSnap(GenericWrappers.java:613)
	at utils.Reporter.reportStep(Reporter.java:20)
	at wrappers.GenericWrappers.takeSnap(GenericWrappers.java:613)
	at utils.Reporter.reportStep(Reporter.java:20)
	at wrappers.GenericWrappers.takeSnap(GenericWrappers.java:613)
	at utils.Reporter.reportStep(Reporter.java:20)
	at wrappers.GenericWrappers.takeSnap(GenericWrappers.java:613)
	at utils.Reporter.reportStep(Reporter.java:20)
	at wrappers.GenericWrappers.takeSnap(GenericWrappers.java:613)
	at utils.Reporter.reportStep(Reporter.java:20)
	at wrappers.GenericWrappers.takeSnap(GenericWrappers.java:613)
	at utils.Reporter.reportStep(Reporter.java:20)
	at wrappers.GenericWrappers.takeSnap(GenericWrappers.java:613)
	at utils.Reporter.reportStep(Reporter.java:20)
	at wrappers.GenericWrappers.takeSnap(GenericWrappers.java:613)
	at utils.Reporter.reportStep(Reporter.java:20)
	at wrappers.GenericWrappers.takeSnap(GenericWrappers.java:613)
	at utils.Reporter.reportStep(Reporter.java:20)
	at wrappers.GenericWrappers.takeSnap(GenericWrappers.java:613)
	at utils.Reporter.reportStep(Reporter.java:20)
	at wrappers.GenericWrappers.takeSnap(GenericWrappers.java:613)
	at utils.Reporter.reportStep(Reporter.java:20)
	at wrappers.GenericWrappers.takeSnap(GenericWrappers.java:613)
	at utils.Reporter.reportStep(Reporter.java:20)
	at wrappers.GenericWrappers.takeSnap(GenericWrappers.java:613)
	at utils.Reporter.reportStep(Reporter.java:20)
	at wrappers.GenericWrappers.takeSnap(GenericWrappers.java:613)
	at utils.Reporter.reportStep(Reporter.java:20)
	at wrappers.GenericWrappers.takeSnap(GenericWrappers.java:613)
	at utils.Reporter.reportStep(Reporter.java:20)
	at wrappers.GenericWrappers.takeSnap(GenericWrappers.java:613)
	at utils.Reporter.reportStep(Reporter.java:20)
	at wrappers.GenericWrappers.takeSnap(GenericWrappers.java:613)
	at utils.Reporter.reportStep(Reporter.java:20)
	at wrappers.GenericWrappers.takeSnap(GenericWrappers.java:613)
	at utils.Reporter.reportStep(Reporter.java:20)
	at wrappers.GenericWrappers.takeSnap(GenericWrappers.java:613)
	at utils.Reporter.reportStep(Reporter.java:20)
	at wrappers.GenericWrappers.takeSnap(GenericWrappers.java:613)
	at utils.Reporter.reportStep(Reporter.java:20)
	at wrappers.GenericWrappers.takeSnap(GenericWrappers.java:613)
	at utils.Reporter.reportStep(Reporter.java:20)
	at wrappers.GenericWrappers.takeSnap(GenericWrappers.java:613)
	at utils.Reporter.reportStep(Reporter.java:20)
	at wrappers.GenericWrappers.takeSnap(GenericWrappers.java:613)
	at utils.Reporter.reportStep(Reporter.java:20)
	at wrappers.GenericWrappers.takeSnap(GenericWrappers.java:613)
	at utils.Reporter.reportStep(Reporter.java:20)
	at wrappers.GenericWrappers.takeSnap(GenericWrappers.java:613)
	at utils.Reporter.reportStep(Reporter.java:20)
	at wrappers.GenericWrappers.takeSnap(GenericWrappers.java:613)
	at utils.Reporter.reportStep(Reporter.java:20)
	at wrappers.GenericWrappers.takeSnap(GenericWrappers.java:613)
	at utils.Reporter.reportStep(Reporter.java:20)
	at wrappers.GenericWrappers.takeSnap(GenericWrappers.java:613)
	at utils.Reporter.reportStep(Reporter.java:20)
	at wrappers.GenericWrappers.takeSnap(GenericWrappers.java:613)
	at utils.Reporter.reportStep(Reporter.java:20)
	at wrappers.GenericWrappers.takeSnap(GenericWrappers.java:613)
	at utils.Reporter.reportStep(Reporter.java:20)
	at wrappers.GenericWrappers.takeSnap(GenericWrappers.java:613)
	at utils.Reporter.reportStep(Reporter.java:20)
	at wrappers.GenericWrappers.takeSnap(GenericWrappers.java:613)
	at utils.Reporter.reportStep(Reporter.java:20)
	at wrappers.GenericWrappers.takeSnap(GenericWrappers.java:613)
	at utils.Reporter.reportStep(Reporter.java:20)
	at wrappers.GenericWrappers.takeSnap(GenericWrappers.java:613)
	at utils.Reporter.reportStep(Reporter.java:20)
	at wrappers.GenericWrappers.takeSnap(GenericWrappers.java:613)
	at utils.Reporter.reportStep(Reporter.java:20)
	at wrappers.GenericWrappers.takeSnap(GenericWrappers.java:613)
	at utils.Reporter.reportStep(Reporter.java:20)
	at wrappers.GenericWrappers.takeSnap(GenericWrappers.java:613)
	at utils.Reporter.reportStep(Reporter.java:20)
	at wrappers.GenericWrappers.takeSnap(GenericWrappers.java:613)
	at utils.Reporter.reportStep(Reporter.java:20)
	at wrappers.GenericWrappers.takeSnap(GenericWrappers.java:613)
	at utils.Reporter.reportStep(Reporter.java:20)
	at wrappers.GenericWrappers.takeSnap(GenericWrappers.java:613)
	at utils.Reporter.reportStep(Reporter.java:20)
	at wrappers.GenericWrappers.takeSnap(GenericWrappers.java:613)
	at utils.Reporter.reportStep(Reporter.java:20)
	at wrappers.GenericWrappers.takeSnap(GenericWrappers.java:613)
	at utils.Reporter.reportStep(Reporter.java:20)
	at wrappers.GenericWrappers.takeSnap(GenericWrappers.java:613)
	at utils.Reporter.reportStep(Reporter.java:20)
	at wrappers.GenericWrappers.takeSnap(GenericWrappers.java:613)
	at utils.Reporter.reportStep(Reporter.java:20)
	at wrappers.GenericWrappers.takeSnap(GenericWrappers.java:613)
	at utils.Reporter.reportStep(Reporter.java:20)
	at wrappers.GenericWrappers.takeSnap(GenericWrappers.java:613)
	at utils.Reporter.reportStep(Reporter.java:20)
	at wrappers.GenericWrappers.takeSnap(GenericWrappers.java:613)
	at utils.Reporter.reportStep(Reporter.java:20)
	at wrappers.GenericWrappers.takeSnap(GenericWrappers.java:613)
	at utils.Reporter.reportStep(Reporter.java:20)
	at wrappers.GenericWrappers.takeSnap(GenericWrappers.java:613)
	at utils.Reporter.reportStep(Reporter.java:20)
	at wrappers.GenericWrappers.takeSnap(GenericWrappers.java:613)
	at utils.Reporter.reportStep(Reporter.java:20)
	at wrappers.GenericWrappers.takeSnap(GenericWrappers.java:613)
	at utils.Reporter.reportStep(Reporter.java:20)
	at wrappers.GenericWrappers.takeSnap(GenericWrappers.java:613)
	at utils.Reporter.reportStep(Reporter.java:20)
	at wrappers.GenericWrappers.takeSnap(GenericWrappers.java:613)
	at utils.Reporter.reportStep(Reporter.java:20)
	at wrappers.GenericWrappers.takeSnap(GenericWrappers.java:613)
	at utils.Reporter.reportStep(Reporter.java:20)
	at wrappers.GenericWrappers.takeSnap(GenericWrappers.java:613)
	at utils.Reporter.reportStep(Reporter.java:20)
	at wrappers.GenericWrappers.takeSnap(GenericWrappers.java:613)
	at utils.Reporter.reportStep(Reporter.java:20)
	at wrappers.GenericWrappers.takeSnap(GenericWrappers.java:613)
	at utils.Reporter.reportStep(Reporter.java:20)
	at wrappers.GenericWrappers.takeSnap(GenericWrappers.java:613)
	at utils.Reporter.reportStep(Reporter.java:20)
	at wrappers.GenericWrappers.takeSnap(GenericWrappers.java:613)
	at utils.Reporter.reportStep(Reporter.java:20)
	at wrappers.GenericWrappers.takeSnap(GenericWrappers.java:613)
	at utils.Reporter.reportStep(Reporter.java:20)
	at wrappers.GenericWrappers.takeSnap(GenericWrappers.java:613)
	at utils.Reporter.reportStep(Reporter.java:20)
	at wrappers.GenericWrappers.takeSnap(GenericWrappers.java:613)
	at utils.Reporter.reportStep(Reporter.java:20)
	at wrappers.GenericWrappers.takeSnap(GenericWrappers.java:613)
	at utils.Reporter.reportStep(Reporter.java:20)
	at wrappers.GenericWrappers.takeSnap(GenericWrappers.java:613)
	at utils.Reporter.reportStep(Reporter.java:20)
	at wrappers.GenericWrappers.takeSnap(GenericWrappers.java:613)
	at utils.Reporter.reportStep(Reporter.java:20)
	at wrappers.GenericWrappers.takeSnap(GenericWrappers.java:613)
	at utils.Reporter.reportStep(Reporter.java:20)
	at wrappers.GenericWrappers.takeSnap(GenericWrappers.java:613)
	at utils.Reporter.reportStep(Reporter.java:20)
	at wrappers.GenericWrappers.takeSnap(GenericWrappers.java:613)
	at utils.Reporter.reportStep(Reporter.java:20)
	at wrappers.GenericWrappers.takeSnap(GenericWrappers.java:613)
	at utils.Reporter.reportStep(Reporter.java:20)
	at wrappers.GenericWrappers.takeSnap(GenericWrappers.java:613)
]]>
    </error>
  </testcase> <!-- login -->
  <testcase name="login" time="0.000" classname="testCases.TC001_Login">
    <error type="java.lang.StackOverflowError">
      <![CDATA[java.lang.StackOverflowError
	at java.util.regex.Pattern$Branch.match(Unknown Source)
	at java.util.regex.Pattern$BranchConn.match(Unknown Source)
	at java.util.regex.Pattern$GroupTail.match(Unknown Source)
	at java.util.regex.Pattern$Curly.match0(Unknown Source)
	at java.util.regex.Pattern$Curly.match(Unknown Source)
	at java.util.regex.Pattern$GroupHead.match(Unknown Source)
	at java.util.regex.Pattern$Branch.match(Unknown Source)
	at java.util.regex.Pattern$Branch.match(Unknown Source)
	at java.util.regex.Pattern$BmpCharProperty.match(Unknown Source)
	at java.util.regex.Pattern$Start.match(Unknown Source)
	at java.util.regex.Matcher.search(Unknown Source)
	at java.util.regex.Matcher.find(Unknown Source)
	at java.util.Formatter.parse(Unknown Source)
	at java.util.Formatter.format(Unknown Source)
	at java.util.Formatter.format(Unknown Source)
	at java.lang.String.format(Unknown Source)
	at org.openqa.selenium.remote.RemoteWebDriver.execute(RemoteWebDriver.java:549)
	at org.openqa.selenium.remote.RemoteWebDriver.execute(RemoteWebDriver.java:609)
	at org.openqa.selenium.remote.RemoteWebDriver.getScreenshotAs(RemoteWebDriver.java:295)
	at wrappers.GenericWrappers.takeSnap(GenericWrappers.java:610)
	at utils.Reporter.reportStep(Reporter.java:20)
	at wrappers.GenericWrappers.takeSnap(GenericWrappers.java:613)
	at utils.Reporter.reportStep(Reporter.java:20)
	at wrappers.GenericWrappers.takeSnap(GenericWrappers.java:613)
	at utils.Reporter.reportStep(Reporter.java:20)
	at wrappers.GenericWrappers.takeSnap(GenericWrappers.java:613)
	at utils.Reporter.reportStep(Reporter.java:20)
	at wrappers.GenericWrappers.takeSnap(GenericWrappers.java:613)
	at utils.Reporter.reportStep(Reporter.java:20)
	at wrappers.GenericWrappers.takeSnap(GenericWrappers.java:613)
	at utils.Reporter.reportStep(Reporter.java:20)
	at wrappers.GenericWrappers.takeSnap(GenericWrappers.java:613)
	at utils.Reporter.reportStep(Reporter.java:20)
	at wrappers.GenericWrappers.takeSnap(GenericWrappers.java:613)
	at utils.Reporter.reportStep(Reporter.java:20)
	at wrappers.GenericWrappers.takeSnap(GenericWrappers.java:613)
	at utils.Reporter.reportStep(Reporter.java:20)
	at wrappers.GenericWrappers.takeSnap(GenericWrappers.java:613)
	at utils.Reporter.reportStep(Reporter.java:20)
	at wrappers.GenericWrappers.takeSnap(GenericWrappers.java:613)
	at utils.Reporter.reportStep(Reporter.java:20)
	at wrappers.GenericWrappers.takeSnap(GenericWrappers.java:613)
	at utils.Reporter.reportStep(Reporter.java:20)
	at wrappers.GenericWrappers.takeSnap(GenericWrappers.java:613)
	at utils.Reporter.reportStep(Reporter.java:20)
	at wrappers.GenericWrappers.takeSnap(GenericWrappers.java:613)
	at utils.Reporter.reportStep(Reporter.java:20)
	at wrappers.GenericWrappers.takeSnap(GenericWrappers.java:613)
	at utils.Reporter.reportStep(Reporter.java:20)
	at wrappers.GenericWrappers.takeSnap(GenericWrappers.java:613)
	at utils.Reporter.reportStep(Reporter.java:20)
	at wrappers.GenericWrappers.takeSnap(GenericWrappers.java:613)
	at utils.Reporter.reportStep(Reporter.java:20)
	at wrappers.GenericWrappers.takeSnap(GenericWrappers.java:613)
	at utils.Reporter.reportStep(Reporter.java:20)
	at wrappers.GenericWrappers.takeSnap(GenericWrappers.java:613)
	at utils.Reporter.reportStep(Reporter.java:20)
	at wrappers.GenericWrappers.takeSnap(GenericWrappers.java:613)
	at utils.Reporter.reportStep(Reporter.java:20)
	at wrappers.GenericWrappers.takeSnap(GenericWrappers.java:613)
	at utils.Reporter.reportStep(Reporter.java:20)
	at wrappers.GenericWrappers.takeSnap(GenericWrappers.java:613)
	at utils.Reporter.reportStep(Reporter.java:20)
	at wrappers.GenericWrappers.takeSnap(GenericWrappers.java:613)
	at utils.Reporter.reportStep(Reporter.java:20)
	at wrappers.GenericWrappers.takeSnap(GenericWrappers.java:613)
	at utils.Reporter.reportStep(Reporter.java:20)
	at wrappers.GenericWrappers.takeSnap(GenericWrappers.java:613)
	at utils.Reporter.reportStep(Reporter.java:20)
	at wrappers.GenericWrappers.takeSnap(GenericWrappers.java:613)
	at utils.Reporter.reportStep(Reporter.java:20)
	at wrappers.GenericWrappers.takeSnap(GenericWrappers.java:613)
	at utils.Reporter.reportStep(Reporter.java:20)
	at wrappers.GenericWrappers.takeSnap(GenericWrappers.java:613)
	at utils.Reporter.reportStep(Reporter.java:20)
	at wrappers.GenericWrappers.takeSnap(GenericWrappers.java:613)
	at utils.Reporter.reportStep(Reporter.java:20)
	at wrappers.GenericWrappers.takeSnap(GenericWrappers.java:613)
	at utils.Reporter.reportStep(Reporter.java:20)
	at wrappers.GenericWrappers.takeSnap(GenericWrappers.java:613)
	at utils.Reporter.reportStep(Reporter.java:20)
	at wrappers.GenericWrappers.takeSnap(GenericWrappers.java:613)
	at utils.Reporter.reportStep(Reporter.java:20)
	at wrappers.GenericWrappers.takeSnap(GenericWrappers.java:613)
	at utils.Reporter.reportStep(Reporter.java:20)
	at wrappers.GenericWrappers.takeSnap(GenericWrappers.java:613)
	at utils.Reporter.reportStep(Reporter.java:20)
	at wrappers.GenericWrappers.takeSnap(GenericWrappers.java:613)
	at utils.Reporter.reportStep(Reporter.java:20)
	at wrappers.GenericWrappers.takeSnap(GenericWrappers.java:613)
	at utils.Reporter.reportStep(Reporter.java:20)
	at wrappers.GenericWrappers.takeSnap(GenericWrappers.java:613)
	at utils.Reporter.reportStep(Reporter.java:20)
	at wrappers.GenericWrappers.takeSnap(GenericWrappers.java:613)
	at utils.Reporter.reportStep(Reporter.java:20)
	at wrappers.GenericWrappers.takeSnap(GenericWrappers.java:613)
	at utils.Reporter.reportStep(Reporter.java:20)
	at wrappers.GenericWrappers.takeSnap(GenericWrappers.java:613)
	at utils.Reporter.reportStep(Reporter.java:20)
	at wrappers.GenericWrappers.takeSnap(GenericWrappers.java:613)
	at utils.Reporter.reportStep(Reporter.java:20)
	at wrappers.GenericWrappers.takeSnap(GenericWrappers.java:613)
	at utils.Reporter.reportStep(Reporter.java:20)
	at wrappers.GenericWrappers.takeSnap(GenericWrappers.java:613)
	at utils.Reporter.reportStep(Reporter.java:20)
	at wrappers.GenericWrappers.takeSnap(GenericWrappers.java:613)
	at utils.Reporter.reportStep(Reporter.java:20)
	at wrappers.GenericWrappers.takeSnap(GenericWrappers.java:613)
	at utils.Reporter.reportStep(Reporter.java:20)
	at wrappers.GenericWrappers.takeSnap(GenericWrappers.java:613)
	at utils.Reporter.reportStep(Reporter.java:20)
	at wrappers.GenericWrappers.takeSnap(GenericWrappers.java:613)
	at utils.Reporter.reportStep(Reporter.java:20)
	at wrappers.GenericWrappers.takeSnap(GenericWrappers.java:613)
	at utils.Reporter.reportStep(Reporter.java:20)
	at wrappers.GenericWrappers.takeSnap(GenericWrappers.java:613)
	at utils.Reporter.reportStep(Reporter.java:20)
	at wrappers.GenericWrappers.takeSnap(GenericWrappers.java:613)
	at utils.Reporter.reportStep(Reporter.java:20)
	at wrappers.GenericWrappers.takeSnap(GenericWrappers.java:613)
	at utils.Reporter.reportStep(Reporter.java:20)
	at wrappers.GenericWrappers.takeSnap(GenericWrappers.java:613)
	at utils.Reporter.reportStep(Reporter.java:20)
	at wrappers.GenericWrappers.takeSnap(GenericWrappers.java:613)
	at utils.Reporter.reportStep(Reporter.java:20)
	at wrappers.GenericWrappers.takeSnap(GenericWrappers.java:613)
	at utils.Reporter.reportStep(Reporter.java:20)
	at wrappers.GenericWrappers.takeSnap(GenericWrappers.java:613)
	at utils.Reporter.reportStep(Reporter.java:20)
	at wrappers.GenericWrappers.takeSnap(GenericWrappers.java:613)
	at utils.Reporter.reportStep(Reporter.java:20)
	at wrappers.GenericWrappers.takeSnap(GenericWrappers.java:613)
	at utils.Reporter.reportStep(Reporter.java:20)
	at wrappers.GenericWrappers.takeSnap(GenericWrappers.java:613)
	at utils.Reporter.reportStep(Reporter.java:20)
	at wrappers.GenericWrappers.takeSnap(GenericWrappers.java:613)
	at utils.Reporter.reportStep(Reporter.java:20)
	at wrappers.GenericWrappers.takeSnap(GenericWrappers.java:613)
	at utils.Reporter.reportStep(Reporter.java:20)
	at wrappers.GenericWrappers.takeSnap(GenericWrappers.java:613)
	at utils.Reporter.reportStep(Reporter.java:20)
	at wrappers.GenericWrappers.takeSnap(GenericWrappers.java:613)
	at utils.Reporter.reportStep(Reporter.java:20)
	at wrappers.GenericWrappers.takeSnap(GenericWrappers.java:613)
	at utils.Reporter.reportStep(Reporter.java:20)
	at wrappers.GenericWrappers.takeSnap(GenericWrappers.java:613)
	at utils.Reporter.reportStep(Reporter.java:20)
	at wrappers.GenericWrappers.takeSnap(GenericWrappers.java:613)
	at utils.Reporter.reportStep(Reporter.java:20)
	at wrappers.GenericWrappers.takeSnap(GenericWrappers.java:613)
	at utils.Reporter.reportStep(Reporter.java:20)
	at wrappers.GenericWrappers.takeSnap(GenericWrappers.java:613)
	at utils.Reporter.reportStep(Reporter.java:20)
	at wrappers.GenericWrappers.takeSnap(GenericWrappers.java:613)
	at utils.Reporter.reportStep(Reporter.java:20)
	at wrappers.GenericWrappers.takeSnap(GenericWrappers.java:613)
	at utils.Reporter.reportStep(Reporter.java:20)
	at wrappers.GenericWrappers.takeSnap(GenericWrappers.java:613)
	at utils.Reporter.reportStep(Reporter.java:20)
	at wrappers.GenericWrappers.takeSnap(GenericWrappers.java:613)
	at utils.Reporter.reportStep(Reporter.java:20)
	at wrappers.GenericWrappers.takeSnap(GenericWrappers.java:613)
	at utils.Reporter.reportStep(Reporter.java:20)
	at wrappers.GenericWrappers.takeSnap(GenericWrappers.java:613)
	at utils.Reporter.reportStep(Reporter.java:20)
	at wrappers.GenericWrappers.takeSnap(GenericWrappers.java:613)
	at utils.Reporter.reportStep(Reporter.java:20)
	at wrappers.GenericWrappers.takeSnap(GenericWrappers.java:613)
	at utils.Reporter.reportStep(Reporter.java:20)
	at wrappers.GenericWrappers.takeSnap(GenericWrappers.java:613)
	at utils.Reporter.reportStep(Reporter.java:20)
	at wrappers.GenericWrappers.takeSnap(GenericWrappers.java:613)
	at utils.Reporter.reportStep(Reporter.java:20)
	at wrappers.GenericWrappers.takeSnap(GenericWrappers.java:613)
	at utils.Reporter.reportStep(Reporter.java:20)
	at wrappers.GenericWrappers.takeSnap(GenericWrappers.java:613)
	at utils.Reporter.reportStep(Reporter.java:20)
	at wrappers.GenericWrappers.takeSnap(GenericWrappers.java:613)
	at utils.Reporter.reportStep(Reporter.java:20)
	at wrappers.GenericWrappers.takeSnap(GenericWrappers.java:613)
	at utils.Reporter.reportStep(Reporter.java:20)
	at wrappers.GenericWrappers.takeSnap(GenericWrappers.java:613)
	at utils.Reporter.reportStep(Reporter.java:20)
	at wrappers.GenericWrappers.takeSnap(GenericWrappers.java:613)
	at utils.Reporter.reportStep(Reporter.java:20)
	at wrappers.GenericWrappers.takeSnap(GenericWrappers.java:613)
	at utils.Reporter.reportStep(Reporter.java:20)
	at wrappers.GenericWrappers.takeSnap(GenericWrappers.java:613)
	at utils.Reporter.reportStep(Reporter.java:20)
	at wrappers.GenericWrappers.takeSnap(GenericWrappers.java:613)
	at utils.Reporter.reportStep(Reporter.java:20)
	at wrappers.GenericWrappers.takeSnap(GenericWrappers.java:613)
	at utils.Reporter.reportStep(Reporter.java:20)
	at wrappers.GenericWrappers.takeSnap(GenericWrappers.java:613)
	at utils.Reporter.reportStep(Reporter.java:20)
	at wrappers.GenericWrappers.takeSnap(GenericWrappers.java:613)
	at utils.Reporter.reportStep(Reporter.java:20)
	at wrappers.GenericWrappers.takeSnap(GenericWrappers.java:613)
	at utils.Reporter.reportStep(Reporter.java:20)
	at wrappers.GenericWrappers.takeSnap(GenericWrappers.java:613)
	at utils.Reporter.reportStep(Reporter.java:20)
	at wrappers.GenericWrappers.takeSnap(GenericWrappers.java:613)
	at utils.Reporter.reportStep(Reporter.java:20)
	at wrappers.GenericWrappers.takeSnap(GenericWrappers.java:613)
	at utils.Reporter.reportStep(Reporter.java:20)
	at wrappers.GenericWrappers.takeSnap(GenericWrappers.java:613)
	at utils.Reporter.reportStep(Reporter.java:20)
	at wrappers.GenericWrappers.takeSnap(GenericWrappers.java:613)
	at utils.Reporter.reportStep(Reporter.java:20)
	at wrappers.GenericWrappers.takeSnap(GenericWrappers.java:613)
	at utils.Reporter.reportStep(Reporter.java:20)
	at wrappers.GenericWrappers.takeSnap(GenericWrappers.java:613)
	at utils.Reporter.reportStep(Reporter.java:20)
	at wrappers.GenericWrappers.takeSnap(GenericWrappers.java:613)
	at utils.Reporter.reportStep(Reporter.java:20)
	at wrappers.GenericWrappers.takeSnap(GenericWrappers.java:613)
	at utils.Reporter.reportStep(Reporter.java:20)
	at wrappers.GenericWrappers.takeSnap(GenericWrappers.java:613)
	at utils.Reporter.reportStep(Reporter.java:20)
	at wrappers.GenericWrappers.takeSnap(GenericWrappers.java:613)
	at utils.Reporter.reportStep(Reporter.java:20)
	at wrappers.GenericWrappers.takeSnap(GenericWrappers.java:613)
	at utils.Reporter.reportStep(Reporter.java:20)
	at wrappers.GenericWrappers.takeSnap(GenericWrappers.java:613)
	at utils.Reporter.reportStep(Reporter.java:20)
	at wrappers.GenericWrappers.takeSnap(GenericWrappers.java:613)
	at utils.Reporter.reportStep(Reporter.java:20)
	at wrappers.GenericWrappers.takeSnap(GenericWrappers.java:613)
	at utils.Reporter.reportStep(Reporter.java:20)
	at wrappers.GenericWrappers.takeSnap(GenericWrappers.java:613)
	at utils.Reporter.reportStep(Reporter.java:20)
	at wrappers.GenericWrappers.takeSnap(GenericWrappers.java:613)
	at utils.Reporter.reportStep(Reporter.java:20)
	at wrappers.GenericWrappers.takeSnap(GenericWrappers.java:613)
	at utils.Reporter.reportStep(Reporter.java:20)
	at wrappers.GenericWrappers.takeSnap(GenericWrappers.java:613)
	at utils.Reporter.reportStep(Reporter.java:20)
	at wrappers.GenericWrappers.takeSnap(GenericWrappers.java:613)
	at utils.Reporter.reportStep(Reporter.java:20)
	at wrappers.GenericWrappers.takeSnap(GenericWrappers.java:613)
	at utils.Reporter.reportStep(Reporter.java:20)
	at wrappers.GenericWrappers.takeSnap(GenericWrappers.java:613)
	at utils.Reporter.reportStep(Reporter.java:20)
	at wrappers.GenericWrappers.takeSnap(GenericWrappers.java:613)
	at utils.Reporter.reportStep(Reporter.java:20)
	at wrappers.GenericWrappers.takeSnap(GenericWrappers.java:613)
	at utils.Reporter.reportStep(Reporter.java:20)
	at wrappers.GenericWrappers.takeSnap(GenericWrappers.java:613)
	at utils.Reporter.reportStep(Reporter.java:20)
	at wrappers.GenericWrappers.takeSnap(GenericWrappers.java:613)
	at utils.Reporter.reportStep(Reporter.java:20)
	at wrappers.GenericWrappers.takeSnap(GenericWrappers.java:613)
	at utils.Reporter.reportStep(Reporter.java:20)
	at wrappers.GenericWrappers.takeSnap(GenericWrappers.java:613)
	at utils.Reporter.reportStep(Reporter.java:20)
	at wrappers.GenericWrappers.takeSnap(GenericWrappers.java:613)
	at utils.Reporter.reportStep(Reporter.java:20)
	at wrappers.GenericWrappers.takeSnap(GenericWrappers.java:613)
	at utils.Reporter.reportStep(Reporter.java:20)
	at wrappers.GenericWrappers.takeSnap(GenericWrappers.java:613)
	at utils.Reporter.reportStep(Reporter.java:20)
	at wrappers.GenericWrappers.takeSnap(GenericWrappers.java:613)
	at utils.Reporter.reportStep(Reporter.java:20)
	at wrappers.GenericWrappers.takeSnap(GenericWrappers.java:613)
	at utils.Reporter.reportStep(Reporter.java:20)
	at wrappers.GenericWrappers.takeSnap(GenericWrappers.java:613)
	at utils.Reporter.reportStep(Reporter.java:20)
	at wrappers.GenericWrappers.takeSnap(GenericWrappers.java:613)
	at utils.Reporter.reportStep(Reporter.java:20)
	at wrappers.GenericWrappers.takeSnap(GenericWrappers.java:613)
	at utils.Reporter.reportStep(Reporter.java:20)
	at wrappers.GenericWrappers.takeSnap(GenericWrappers.java:613)
	at utils.Reporter.reportStep(Reporter.java:20)
	at wrappers.GenericWrappers.takeSnap(GenericWrappers.java:613)
	at utils.Reporter.reportStep(Reporter.java:20)
	at wrappers.GenericWrappers.takeSnap(GenericWrappers.java:613)
	at utils.Reporter.reportStep(Reporter.java:20)
	at wrappers.GenericWrappers.takeSnap(GenericWrappers.java:613)
	at utils.Reporter.reportStep(Reporter.java:20)
	at wrappers.GenericWrappers.takeSnap(GenericWrappers.java:613)
	at utils.Reporter.reportStep(Reporter.java:20)
	at wrappers.GenericWrappers.takeSnap(GenericWrappers.java:613)
	at utils.Reporter.reportStep(Reporter.java:20)
	at wrappers.GenericWrappers.takeSnap(GenericWrappers.java:613)
	at utils.Reporter.reportStep(Reporter.java:20)
	at wrappers.GenericWrappers.takeSnap(GenericWrappers.java:613)
	at utils.Reporter.reportStep(Reporter.java:20)
	at wrappers.GenericWrappers.takeSnap(GenericWrappers.java:613)
	at utils.Reporter.reportStep(Reporter.java:20)
	at wrappers.GenericWrappers.takeSnap(GenericWrappers.java:613)
	at utils.Reporter.reportStep(Reporter.java:20)
	at wrappers.GenericWrappers.takeSnap(GenericWrappers.java:613)
	at utils.Reporter.reportStep(Reporter.java:20)
	at wrappers.GenericWrappers.takeSnap(GenericWrappers.java:613)
	at utils.Reporter.reportStep(Reporter.java:20)
	at wrappers.GenericWrappers.takeSnap(GenericWrappers.java:613)
	at utils.Reporter.reportStep(Reporter.java:20)
	at wrappers.GenericWrappers.takeSnap(GenericWrappers.java:613)
	at utils.Reporter.reportStep(Reporter.java:20)
	at wrappers.GenericWrappers.takeSnap(GenericWrappers.java:613)
	at utils.Reporter.reportStep(Reporter.java:20)
	at wrappers.GenericWrappers.takeSnap(GenericWrappers.java:613)
	at utils.Reporter.reportStep(Reporter.java:20)
	at wrappers.GenericWrappers.takeSnap(GenericWrappers.java:613)
	at utils.Reporter.reportStep(Reporter.java:20)
	at wrappers.GenericWrappers.takeSnap(GenericWrappers.java:613)
	at utils.Reporter.reportStep(Reporter.java:20)
	at wrappers.GenericWrappers.takeSnap(GenericWrappers.java:613)
	at utils.Reporter.reportStep(Reporter.java:20)
	at wrappers.GenericWrappers.takeSnap(GenericWrappers.java:613)
	at utils.Reporter.reportStep(Reporter.java:20)
	at wrappers.GenericWrappers.takeSnap(GenericWrappers.java:613)
	at utils.Reporter.reportStep(Reporter.java:20)
	at wrappers.GenericWrappers.takeSnap(GenericWrappers.java:613)
	at utils.Reporter.reportStep(Reporter.java:20)
	at wrappers.GenericWrappers.takeSnap(GenericWrappers.java:613)
	at utils.Reporter.reportStep(Reporter.java:20)
	at wrappers.GenericWrappers.takeSnap(GenericWrappers.java:613)
	at utils.Reporter.reportStep(Reporter.java:20)
	at wrappers.GenericWrappers.takeSnap(GenericWrappers.java:613)
	at utils.Reporter.reportStep(Reporter.java:20)
	at wrappers.GenericWrappers.takeSnap(GenericWrappers.java:613)
	at utils.Reporter.reportStep(Reporter.java:20)
	at wrappers.GenericWrappers.takeSnap(GenericWrappers.java:613)
	at utils.Reporter.reportStep(Reporter.java:20)
	at wrappers.GenericWrappers.takeSnap(GenericWrappers.java:613)
	at utils.Reporter.reportStep(Reporter.java:20)
	at wrappers.GenericWrappers.takeSnap(GenericWrappers.java:613)
	at utils.Reporter.reportStep(Reporter.java:20)
	at wrappers.GenericWrappers.takeSnap(GenericWrappers.java:613)
	at utils.Reporter.reportStep(Reporter.java:20)
	at wrappers.GenericWrappers.takeSnap(GenericWrappers.java:613)
	at utils.Reporter.reportStep(Reporter.java:20)
	at wrappers.GenericWrappers.takeSnap(GenericWrappers.java:613)
	at utils.Reporter.reportStep(Reporter.java:20)
	at wrappers.GenericWrappers.takeSnap(GenericWrappers.java:613)
	at utils.Reporter.reportStep(Reporter.java:20)
	at wrappers.GenericWrappers.takeSnap(GenericWrappers.java:613)
	at utils.Reporter.reportStep(Reporter.java:20)
	at wrappers.GenericWrappers.takeSnap(GenericWrappers.java:613)
	at utils.Reporter.reportStep(Reporter.java:20)
	at wrappers.GenericWrappers.takeSnap(GenericWrappers.java:613)
	at utils.Reporter.reportStep(Reporter.java:20)
	at wrappers.GenericWrappers.takeSnap(GenericWrappers.java:613)
	at utils.Reporter.reportStep(Reporter.java:20)
	at wrappers.GenericWrappers.takeSnap(GenericWrappers.java:613)
	at utils.Reporter.reportStep(Reporter.java:20)
	at wrappers.GenericWrappers.takeSnap(GenericWrappers.java:613)
	at utils.Reporter.reportStep(Reporter.java:20)
	at wrappers.GenericWrappers.takeSnap(GenericWrappers.java:613)
	at utils.Reporter.reportStep(Reporter.java:20)
	at wrappers.GenericWrappers.takeSnap(GenericWrappers.java:613)
	at utils.Reporter.reportStep(Reporter.java:20)
	at wrappers.GenericWrappers.takeSnap(GenericWrappers.java:613)
	at utils.Reporter.reportStep(Reporter.java:20)
	at wrappers.GenericWrappers.takeSnap(GenericWrappers.java:613)
	at utils.Reporter.reportStep(Reporter.java:20)
	at wrappers.GenericWrappers.takeSnap(GenericWrappers.java:613)
	at utils.Reporter.reportStep(Reporter.java:20)
	at wrappers.GenericWrappers.takeSnap(GenericWrappers.java:613)
	at utils.Reporter.reportStep(Reporter.java:20)
	at wrappers.GenericWrappers.takeSnap(GenericWrappers.java:613)
	at utils.Reporter.reportStep(Reporter.java:20)
	at wrappers.GenericWrappers.takeSnap(GenericWrappers.java:613)
	at utils.Reporter.reportStep(Reporter.java:20)
	at wrappers.GenericWrappers.takeSnap(GenericWrappers.java:613)
	at utils.Reporter.reportStep(Reporter.java:20)
	at wrappers.GenericWrappers.takeSnap(GenericWrappers.java:613)
	at utils.Reporter.reportStep(Reporter.java:20)
	at wrappers.GenericWrappers.takeSnap(GenericWrappers.java:613)
	at utils.Reporter.reportStep(Reporter.java:20)
	at wrappers.GenericWrappers.takeSnap(GenericWrappers.java:613)
	at utils.Reporter.reportStep(Reporter.java:20)
	at wrappers.GenericWrappers.takeSnap(GenericWrappers.java:613)
	at utils.Reporter.reportStep(Reporter.java:20)
	at wrappers.GenericWrappers.takeSnap(GenericWrappers.java:613)
	at utils.Reporter.reportStep(Reporter.java:20)
	at wrappers.GenericWrappers.takeSnap(GenericWrappers.java:613)
	at utils.Reporter.reportStep(Reporter.java:20)
	at wrappers.GenericWrappers.takeSnap(GenericWrappers.java:613)
	at utils.Reporter.reportStep(Reporter.java:20)
	at wrappers.GenericWrappers.takeSnap(GenericWrappers.java:613)
	at utils.Reporter.reportStep(Reporter.java:20)
	at wrappers.GenericWrappers.takeSnap(GenericWrappers.java:613)
	at utils.Reporter.reportStep(Reporter.java:20)
	at wrappers.GenericWrappers.takeSnap(GenericWrappers.java:613)
	at utils.Reporter.reportStep(Reporter.java:20)
	at wrappers.GenericWrappers.takeSnap(GenericWrappers.java:613)
	at utils.Reporter.reportStep(Reporter.java:20)
	at wrappers.GenericWrappers.takeSnap(GenericWrappers.java:613)
	at utils.Reporter.reportStep(Reporter.java:20)
	at wrappers.GenericWrappers.takeSnap(GenericWrappers.java:613)
	at utils.Reporter.reportStep(Reporter.java:20)
	at wrappers.GenericWrappers.takeSnap(GenericWrappers.java:613)
	at utils.Reporter.reportStep(Reporter.java:20)
	at wrappers.GenericWrappers.takeSnap(GenericWrappers.java:613)
	at utils.Reporter.reportStep(Reporter.java:20)
	at wrappers.GenericWrappers.takeSnap(GenericWrappers.java:613)
	at utils.Reporter.reportStep(Reporter.java:20)
	at wrappers.GenericWrappers.takeSnap(GenericWrappers.java:613)
	at utils.Reporter.reportStep(Reporter.java:20)
	at wrappers.GenericWrappers.takeSnap(GenericWrappers.java:613)
	at utils.Reporter.reportStep(Reporter.java:20)
	at wrappers.GenericWrappers.takeSnap(GenericWrappers.java:613)
	at utils.Reporter.reportStep(Reporter.java:20)
	at wrappers.GenericWrappers.takeSnap(GenericWrappers.java:613)
	at utils.Reporter.reportStep(Reporter.java:20)
	at wrappers.GenericWrappers.takeSnap(GenericWrappers.java:613)
	at utils.Reporter.reportStep(Reporter.java:20)
	at wrappers.GenericWrappers.takeSnap(GenericWrappers.java:613)
	at utils.Reporter.reportStep(Reporter.java:20)
	at wrappers.GenericWrappers.takeSnap(GenericWrappers.java:613)
	at utils.Reporter.reportStep(Reporter.java:20)
	at wrappers.GenericWrappers.takeSnap(GenericWrappers.java:613)
	at utils.Reporter.reportStep(Reporter.java:20)
	at wrappers.GenericWrappers.takeSnap(GenericWrappers.java:613)
	at utils.Reporter.reportStep(Reporter.java:20)
	at wrappers.GenericWrappers.takeSnap(GenericWrappers.java:613)
	at utils.Reporter.reportStep(Reporter.java:20)
	at wrappers.GenericWrappers.takeSnap(GenericWrappers.java:613)
	at utils.Reporter.reportStep(Reporter.java:20)
	at wrappers.GenericWrappers.takeSnap(GenericWrappers.java:613)
	at utils.Reporter.reportStep(Reporter.java:20)
	at wrappers.GenericWrappers.takeSnap(GenericWrappers.java:613)
	at utils.Reporter.reportStep(Reporter.java:20)
	at wrappers.GenericWrappers.takeSnap(GenericWrappers.java:613)
	at utils.Reporter.reportStep(Reporter.java:20)
	at wrappers.GenericWrappers.takeSnap(GenericWrappers.java:613)
	at utils.Reporter.reportStep(Reporter.java:20)
	at wrappers.GenericWrappers.takeSnap(GenericWrappers.java:613)
	at utils.Reporter.reportStep(Reporter.java:20)
	at wrappers.GenericWrappers.takeSnap(GenericWrappers.java:613)
	at utils.Reporter.reportStep(Reporter.java:20)
	at wrappers.GenericWrappers.takeSnap(GenericWrappers.java:613)
	at utils.Reporter.reportStep(Reporter.java:20)
	at wrappers.GenericWrappers.takeSnap(GenericWrappers.java:613)
	at utils.Reporter.reportStep(Reporter.java:20)
	at wrappers.GenericWrappers.takeSnap(GenericWrappers.java:613)
	at utils.Reporter.reportStep(Reporter.java:20)
	at wrappers.GenericWrappers.takeSnap(GenericWrappers.java:613)
	at utils.Reporter.reportStep(Reporter.java:20)
	at wrappers.GenericWrappers.takeSnap(GenericWrappers.java:613)
	at utils.Reporter.reportStep(Reporter.java:20)
	at wrappers.GenericWrappers.takeSnap(GenericWrappers.java:613)
	at utils.Reporter.reportStep(Reporter.java:20)
	at wrappers.GenericWrappers.takeSnap(GenericWrappers.java:613)
	at utils.Reporter.reportStep(Reporter.java:20)
	at wrappers.GenericWrappers.takeSnap(GenericWrappers.java:613)
	at utils.Reporter.reportStep(Reporter.java:20)
	at wrappers.GenericWrappers.takeSnap(GenericWrappers.java:613)
	at utils.Reporter.reportStep(Reporter.java:20)
	at wrappers.GenericWrappers.takeSnap(GenericWrappers.java:613)
	at utils.Reporter.reportStep(Reporter.java:20)
	at wrappers.GenericWrappers.takeSnap(GenericWrappers.java:613)
	at utils.Reporter.reportStep(Reporter.java:20)
	at wrappers.GenericWrappers.takeSnap(GenericWrappers.java:613)
	at utils.Reporter.reportStep(Reporter.java:20)
	at wrappers.GenericWrappers.takeSnap(GenericWrappers.java:613)
	at utils.Reporter.reportStep(Reporter.java:20)
	at wrappers.GenericWrappers.takeSnap(GenericWrappers.java:613)
	at utils.Reporter.reportStep(Reporter.java:20)
	at wrappers.GenericWrappers.takeSnap(GenericWrappers.java:613)
	at utils.Reporter.reportStep(Reporter.java:20)
	at wrappers.GenericWrappers.takeSnap(GenericWrappers.java:613)
	at utils.Reporter.reportStep(Reporter.java:20)
	at wrappers.GenericWrappers.takeSnap(GenericWrappers.java:613)
	at utils.Reporter.reportStep(Reporter.java:20)
	at wrappers.GenericWrappers.takeSnap(GenericWrappers.java:613)
	at utils.Reporter.reportStep(Reporter.java:20)
	at wrappers.GenericWrappers.takeSnap(GenericWrappers.java:613)
	at utils.Reporter.reportStep(Reporter.java:20)
	at wrappers.GenericWrappers.takeSnap(GenericWrappers.java:613)
	at utils.Reporter.reportStep(Reporter.java:20)
	at wrappers.GenericWrappers.takeSnap(GenericWrappers.java:613)
	at utils.Reporter.reportStep(Reporter.java:20)
	at wrappers.GenericWrappers.takeSnap(GenericWrappers.java:613)
	at utils.Reporter.reportStep(Reporter.java:20)
	at wrappers.GenericWrappers.takeSnap(GenericWrappers.java:613)
	at utils.Reporter.reportStep(Reporter.java:20)
	at wrappers.GenericWrappers.takeSnap(GenericWrappers.java:613)
	at utils.Reporter.reportStep(Reporter.java:20)
	at wrappers.GenericWrappers.takeSnap(GenericWrappers.java:613)
	at utils.Reporter.reportStep(Reporter.java:20)
	at wrappers.GenericWrappers.takeSnap(GenericWrappers.java:613)
	at utils.Reporter.reportStep(Reporter.java:20)
	at wrappers.GenericWrappers.takeSnap(GenericWrappers.java:613)
	at utils.Reporter.reportStep(Reporter.java:20)
	at wrappers.GenericWrappers.takeSnap(GenericWrappers.java:613)
	at utils.Reporter.reportStep(Reporter.java:20)
	at wrappers.GenericWrappers.takeSnap(GenericWrappers.java:613)
	at utils.Reporter.reportStep(Reporter.java:20)
	at wrappers.GenericWrappers.takeSnap(GenericWrappers.java:613)
	at utils.Reporter.reportStep(Reporter.java:20)
	at wrappers.GenericWrappers.takeSnap(GenericWrappers.java:613)
	at utils.Reporter.reportStep(Reporter.java:20)
	at wrappers.GenericWrappers.takeSnap(GenericWrappers.java:613)
	at utils.Reporter.reportStep(Reporter.java:20)
	at wrappers.GenericWrappers.takeSnap(GenericWrappers.java:613)
	at utils.Reporter.reportStep(Reporter.java:20)
	at wrappers.GenericWrappers.takeSnap(GenericWrappers.java:613)
	at utils.Reporter.reportStep(Reporter.java:20)
	at wrappers.GenericWrappers.takeSnap(GenericWrappers.java:613)
	at utils.Reporter.reportStep(Reporter.java:20)
	at wrappers.GenericWrappers.takeSnap(GenericWrappers.java:613)
	at utils.Reporter.reportStep(Reporter.java:20)
	at wrappers.GenericWrappers.takeSnap(GenericWrappers.java:613)
	at utils.Reporter.reportStep(Reporter.java:20)
	at wrappers.GenericWrappers.takeSnap(GenericWrappers.java:613)
	at utils.Reporter.reportStep(Reporter.java:20)
	at wrappers.GenericWrappers.takeSnap(GenericWrappers.java:613)
	at utils.Reporter.reportStep(Reporter.java:20)
	at wrappers.GenericWrappers.takeSnap(GenericWrappers.java:613)
	at utils.Reporter.reportStep(Reporter.java:20)
	at wrappers.GenericWrappers.takeSnap(GenericWrappers.java:613)
	at utils.Reporter.reportStep(Reporter.java:20)
	at wrappers.GenericWrappers.takeSnap(GenericWrappers.java:613)
	at utils.Reporter.reportStep(Reporter.java:20)
	at wrappers.GenericWrappers.takeSnap(GenericWrappers.java:613)
	at utils.Reporter.reportStep(Reporter.java:20)
	at wrappers.GenericWrappers.takeSnap(GenericWrappers.java:613)
	at utils.Reporter.reportStep(Reporter.java:20)
	at wrappers.GenericWrappers.takeSnap(GenericWrappers.java:613)
	at utils.Reporter.reportStep(Reporter.java:20)
	at wrappers.GenericWrappers.takeSnap(GenericWrappers.java:613)
	at utils.Reporter.reportStep(Reporter.java:20)
	at wrappers.GenericWrappers.takeSnap(GenericWrappers.java:613)
	at utils.Reporter.reportStep(Reporter.java:20)
	at wrappers.GenericWrappers.takeSnap(GenericWrappers.java:613)
	at utils.Reporter.reportStep(Reporter.java:20)
	at wrappers.GenericWrappers.takeSnap(GenericWrappers.java:613)
	at utils.Reporter.reportStep(Reporter.java:20)
	at wrappers.GenericWrappers.takeSnap(GenericWrappers.java:613)
	at utils.Reporter.reportStep(Reporter.java:20)
	at wrappers.GenericWrappers.takeSnap(GenericWrappers.java:613)
	at utils.Reporter.reportStep(Reporter.java:20)
	at wrappers.GenericWrappers.takeSnap(GenericWrappers.java:613)
	at utils.Reporter.reportStep(Reporter.java:20)
	at wrappers.GenericWrappers.takeSnap(GenericWrappers.java:613)
	at utils.Reporter.reportStep(Reporter.java:20)
	at wrappers.GenericWrappers.takeSnap(GenericWrappers.java:613)
	at utils.Reporter.reportStep(Reporter.java:20)
	at wrappers.GenericWrappers.takeSnap(GenericWrappers.java:613)
	at utils.Reporter.reportStep(Reporter.java:20)
	at wrappers.GenericWrappers.takeSnap(GenericWrappers.java:613)
	at utils.Reporter.reportStep(Reporter.java:20)
	at wrappers.GenericWrappers.takeSnap(GenericWrappers.java:613)
	at utils.Reporter.reportStep(Reporter.java:20)
	at wrappers.GenericWrappers.takeSnap(GenericWrappers.java:613)
	at utils.Reporter.reportStep(Reporter.java:20)
	at wrappers.GenericWrappers.takeSnap(GenericWrappers.java:613)
	at utils.Reporter.reportStep(Reporter.java:20)
	at wrappers.GenericWrappers.takeSnap(GenericWrappers.java:613)
	at utils.Reporter.reportStep(Reporter.java:20)
	at wrappers.GenericWrappers.takeSnap(GenericWrappers.java:613)
	at utils.Reporter.reportStep(Reporter.java:20)
	at wrappers.GenericWrappers.takeSnap(GenericWrappers.java:613)
	at utils.Reporter.reportStep(Reporter.java:20)
	at wrappers.GenericWrappers.takeSnap(GenericWrappers.java:613)
	at utils.Reporter.reportStep(Reporter.java:20)
	at wrappers.GenericWrappers.takeSnap(GenericWrappers.java:613)
	at utils.Reporter.reportStep(Reporter.java:20)
	at wrappers.GenericWrappers.takeSnap(GenericWrappers.java:613)
	at utils.Reporter.reportStep(Reporter.java:20)
	at wrappers.GenericWrappers.takeSnap(GenericWrappers.java:613)
	at utils.Reporter.reportStep(Reporter.java:20)
	at wrappers.GenericWrappers.takeSnap(GenericWrappers.java:613)
	at utils.Reporter.reportStep(Reporter.java:20)
	at wrappers.GenericWrappers.takeSnap(GenericWrappers.java:613)
	at utils.Reporter.reportStep(Reporter.java:20)
	at wrappers.GenericWrappers.takeSnap(GenericWrappers.java:613)
	at utils.Reporter.reportStep(Reporter.java:20)
	at wrappers.GenericWrappers.takeSnap(GenericWrappers.java:613)
	at utils.Reporter.reportStep(Reporter.java:20)
	at wrappers.GenericWrappers.takeSnap(GenericWrappers.java:613)
	at utils.Reporter.reportStep(Reporter.java:20)
	at wrappers.GenericWrappers.takeSnap(GenericWrappers.java:613)
	at utils.Reporter.reportStep(Reporter.java:20)
	at wrappers.GenericWrappers.takeSnap(GenericWrappers.java:613)
	at utils.Reporter.reportStep(Reporter.java:20)
	at wrappers.GenericWrappers.takeSnap(GenericWrappers.java:613)
	at utils.Reporter.reportStep(Reporter.java:20)
	at wrappers.GenericWrappers.takeSnap(GenericWrappers.java:613)
	at utils.Reporter.reportStep(Reporter.java:20)
	at wrappers.GenericWrappers.takeSnap(GenericWrappers.java:613)
	at utils.Reporter.reportStep(Reporter.java:20)
	at wrappers.GenericWrappers.takeSnap(GenericWrappers.java:613)
	at utils.Reporter.reportStep(Reporter.java:20)
	at wrappers.GenericWrappers.takeSnap(GenericWrappers.java:613)
	at utils.Reporter.reportStep(Reporter.java:20)
	at wrappers.GenericWrappers.takeSnap(GenericWrappers.java:613)
	at utils.Reporter.reportStep(Reporter.java:20)
	at wrappers.GenericWrappers.takeSnap(GenericWrappers.java:613)
	at utils.Reporter.reportStep(Reporter.java:20)
	at wrappers.GenericWrappers.takeSnap(GenericWrappers.java:613)
	at utils.Reporter.reportStep(Reporter.java:20)
	at wrappers.GenericWrappers.takeSnap(GenericWrappers.java:613)
	at utils.Reporter.reportStep(Reporter.java:20)
	at wrappers.GenericWrappers.takeSnap(GenericWrappers.java:613)
	at utils.Reporter.reportStep(Reporter.java:20)
	at wrappers.GenericWrappers.takeSnap(GenericWrappers.java:613)
	at utils.Reporter.reportStep(Reporter.java:20)
	at wrappers.GenericWrappers.takeSnap(GenericWrappers.java:613)
	at utils.Reporter.reportStep(Reporter.java:20)
	at wrappers.GenericWrappers.takeSnap(GenericWrappers.java:613)
	at utils.Reporter.reportStep(Reporter.java:20)
	at wrappers.GenericWrappers.takeSnap(GenericWrappers.java:613)
	at utils.Reporter.reportStep(Reporter.java:20)
	at wrappers.GenericWrappers.takeSnap(GenericWrappers.java:613)
	at utils.Reporter.reportStep(Reporter.java:20)
	at wrappers.GenericWrappers.takeSnap(GenericWrappers.java:613)
	at utils.Reporter.reportStep(Reporter.java:20)
	at wrappers.GenericWrappers.takeSnap(GenericWrappers.java:613)
	at utils.Reporter.reportStep(Reporter.java:20)
	at wrappers.GenericWrappers.takeSnap(GenericWrappers.java:613)
	at utils.Reporter.reportStep(Reporter.java:20)
	at wrappers.GenericWrappers.takeSnap(GenericWrappers.java:613)
	at utils.Reporter.reportStep(Reporter.java:20)
	at wrappers.GenericWrappers.takeSnap(GenericWrappers.java:613)
	at utils.Reporter.reportStep(Reporter.java:20)
	at wrappers.GenericWrappers.takeSnap(GenericWrappers.java:613)
	at utils.Reporter.reportStep(Reporter.java:20)
	at wrappers.GenericWrappers.takeSnap(GenericWrappers.java:613)
	at utils.Reporter.reportStep(Reporter.java:20)
	at wrappers.GenericWrappers.takeSnap(GenericWrappers.java:613)
	at utils.Reporter.reportStep(Reporter.java:20)
	at wrappers.GenericWrappers.takeSnap(GenericWrappers.java:613)
	at utils.Reporter.reportStep(Reporter.java:20)
	at wrappers.GenericWrappers.takeSnap(GenericWrappers.java:613)
	at utils.Reporter.reportStep(Reporter.java:20)
	at wrappers.GenericWrappers.takeSnap(GenericWrappers.java:613)
	at utils.Reporter.reportStep(Reporter.java:20)
	at wrappers.GenericWrappers.takeSnap(GenericWrappers.java:613)
	at utils.Reporter.reportStep(Reporter.java:20)
	at wrappers.GenericWrappers.takeSnap(GenericWrappers.java:613)
	at utils.Reporter.reportStep(Reporter.java:20)
	at wrappers.GenericWrappers.takeSnap(GenericWrappers.java:613)
	at utils.Reporter.reportStep(Reporter.java:20)
	at wrappers.GenericWrappers.takeSnap(GenericWrappers.java:613)
	at utils.Reporter.reportStep(Reporter.java:20)
	at wrappers.GenericWrappers.takeSnap(GenericWrappers.java:613)
	at utils.Reporter.reportStep(Reporter.java:20)
	at wrappers.GenericWrappers.takeSnap(GenericWrappers.java:613)
	at utils.Reporter.reportStep(Reporter.java:20)
	at wrappers.GenericWrappers.takeSnap(GenericWrappers.java:613)
	at utils.Reporter.reportStep(Reporter.java:20)
	at wrappers.GenericWrappers.takeSnap(GenericWrappers.java:613)
	at utils.Reporter.reportStep(Reporter.java:20)
	at wrappers.GenericWrappers.takeSnap(GenericWrappers.java:613)
	at utils.Reporter.reportStep(Reporter.java:20)
	at wrappers.GenericWrappers.takeSnap(GenericWrappers.java:613)
	at utils.Reporter.reportStep(Reporter.java:20)
	at wrappers.GenericWrappers.takeSnap(GenericWrappers.java:613)
	at utils.Reporter.reportStep(Reporter.java:20)
	at wrappers.GenericWrappers.takeSnap(GenericWrappers.java:613)
	at utils.Reporter.reportStep(Reporter.java:20)
	at wrappers.GenericWrappers.takeSnap(GenericWrappers.java:613)
	at utils.Reporter.reportStep(Reporter.java:20)
	at wrappers.GenericWrappers.takeSnap(GenericWrappers.java:613)
	at utils.Reporter.reportStep(Reporter.java:20)
	at wrappers.GenericWrappers.takeSnap(GenericWrappers.java:613)
	at utils.Reporter.reportStep(Reporter.java:20)
	at wrappers.GenericWrappers.takeSnap(GenericWrappers.java:613)
	at utils.Reporter.reportStep(Reporter.java:20)
	at wrappers.GenericWrappers.takeSnap(GenericWrappers.java:613)
	at utils.Reporter.reportStep(Reporter.java:20)
	at wrappers.GenericWrappers.takeSnap(GenericWrappers.java:613)
	at utils.Reporter.reportStep(Reporter.java:20)
	at wrappers.GenericWrappers.takeSnap(GenericWrappers.java:613)
	at utils.Reporter.reportStep(Reporter.java:20)
	at wrappers.GenericWrappers.takeSnap(GenericWrappers.java:613)
	at utils.Reporter.reportStep(Reporter.java:20)
	at wrappers.GenericWrappers.takeSnap(GenericWrappers.java:613)
	at utils.Reporter.reportStep(Reporter.java:20)
	at wrappers.GenericWrappers.takeSnap(GenericWrappers.java:613)
	at utils.Reporter.reportStep(Reporter.java:20)
	at wrappers.GenericWrappers.takeSnap(GenericWrappers.java:613)
	at utils.Reporter.reportStep(Reporter.java:20)
	at wrappers.GenericWrappers.takeSnap(GenericWrappers.java:613)
	at utils.Reporter.reportStep(Reporter.java:20)
	at wrappers.GenericWrappers.takeSnap(GenericWrappers.java:613)
	at utils.Reporter.reportStep(Reporter.java:20)
	at wrappers.GenericWrappers.takeSnap(GenericWrappers.java:613)
	at utils.Reporter.reportStep(Reporter.java:20)
	at wrappers.GenericWrappers.takeSnap(GenericWrappers.java:613)
	at utils.Reporter.reportStep(Reporter.java:20)
	at wrappers.GenericWrappers.takeSnap(GenericWrappers.java:613)
	at utils.Reporter.reportStep(Reporter.java:20)
	at wrappers.GenericWrappers.takeSnap(GenericWrappers.java:613)
	at utils.Reporter.reportStep(Reporter.java:20)
	at wrappers.GenericWrappers.takeSnap(GenericWrappers.java:613)
	at utils.Reporter.reportStep(Reporter.java:20)
	at wrappers.GenericWrappers.takeSnap(GenericWrappers.java:613)
	at utils.Reporter.reportStep(Reporter.java:20)
	at wrappers.GenericWrappers.takeSnap(GenericWrappers.java:613)
	at utils.Reporter.reportStep(Reporter.java:20)
	at wrappers.GenericWrappers.takeSnap(GenericWrappers.java:613)
	at utils.Reporter.reportStep(Reporter.java:20)
	at wrappers.GenericWrappers.takeSnap(GenericWrappers.java:613)
	at utils.Reporter.reportStep(Reporter.java:20)
	at wrappers.GenericWrappers.takeSnap(GenericWrappers.java:613)
	at utils.Reporter.reportStep(Reporter.java:20)
	at wrappers.GenericWrappers.takeSnap(GenericWrappers.java:613)
	at utils.Reporter.reportStep(Reporter.java:20)
	at wrappers.GenericWrappers.takeSnap(GenericWrappers.java:613)
	at utils.Reporter.reportStep(Reporter.java:20)
	at wrappers.GenericWrappers.takeSnap(GenericWrappers.java:613)
	at utils.Reporter.reportStep(Reporter.java:20)
	at wrappers.GenericWrappers.takeSnap(GenericWrappers.java:613)
	at utils.Reporter.reportStep(Reporter.java:20)
	at wrappers.GenericWrappers.takeSnap(GenericWrappers.java:613)
	at utils.Reporter.reportStep(Reporter.java:20)
	at wrappers.GenericWrappers.takeSnap(GenericWrappers.java:613)
	at utils.Reporter.reportStep(Reporter.java:20)
	at wrappers.GenericWrappers.takeSnap(GenericWrappers.java:613)
	at utils.Reporter.reportStep(Reporter.java:20)
	at wrappers.GenericWrappers.takeSnap(GenericWrappers.java:613)
	at utils.Reporter.reportStep(Reporter.java:20)
	at wrappers.GenericWrappers.takeSnap(GenericWrappers.java:613)
	at utils.Reporter.reportStep(Reporter.java:20)
	at wrappers.GenericWrappers.takeSnap(GenericWrappers.java:613)
	at utils.Reporter.reportStep(Reporter.java:20)
	at wrappers.GenericWrappers.takeSnap(GenericWrappers.java:613)
	at utils.Reporter.reportStep(Reporter.java:20)
	at wrappers.GenericWrappers.takeSnap(GenericWrappers.java:613)
	at utils.Reporter.reportStep(Reporter.java:20)
	at wrappers.GenericWrappers.takeSnap(GenericWrappers.java:613)
	at utils.Reporter.reportStep(Reporter.java:20)
	at wrappers.GenericWrappers.takeSnap(GenericWrappers.java:613)
	at utils.Reporter.reportStep(Reporter.java:20)
	at wrappers.GenericWrappers.takeSnap(GenericWrappers.java:613)
	at utils.Reporter.reportStep(Reporter.java:20)
	at wrappers.GenericWrappers.takeSnap(GenericWrappers.java:613)
	at utils.Reporter.reportStep(Reporter.java:20)
	at wrappers.GenericWrappers.takeSnap(GenericWrappers.java:613)
	at utils.Reporter.reportStep(Reporter.java:20)
	at wrappers.GenericWrappers.takeSnap(GenericWrappers.java:613)
	at utils.Reporter.reportStep(Reporter.java:20)
	at wrappers.GenericWrappers.takeSnap(GenericWrappers.java:613)
	at utils.Reporter.reportStep(Reporter.java:20)
	at wrappers.GenericWrappers.takeSnap(GenericWrappers.java:613)
	at utils.Reporter.reportStep(Reporter.java:20)
	at wrappers.GenericWrappers.takeSnap(GenericWrappers.java:613)
	at utils.Reporter.reportStep(Reporter.java:20)
	at wrappers.GenericWrappers.takeSnap(GenericWrappers.java:613)
	at utils.Reporter.reportStep(Reporter.java:20)
	at wrappers.GenericWrappers.takeSnap(GenericWrappers.java:613)
	at utils.Reporter.reportStep(Reporter.java:20)
	at wrappers.GenericWrappers.takeSnap(GenericWrappers.java:613)
	at utils.Reporter.reportStep(Reporter.java:20)
	at wrappers.GenericWrappers.takeSnap(GenericWrappers.java:613)
	at utils.Reporter.reportStep(Reporter.java:20)
	at wrappers.GenericWrappers.takeSnap(GenericWrappers.java:613)
	at utils.Reporter.reportStep(Reporter.java:20)
	at wrappers.GenericWrappers.takeSnap(GenericWrappers.java:613)
	at utils.Reporter.reportStep(Reporter.java:20)
	at wrappers.GenericWrappers.takeSnap(GenericWrappers.java:613)
	at utils.Reporter.reportStep(Reporter.java:20)
	at wrappers.GenericWrappers.takeSnap(GenericWrappers.java:613)
	at utils.Reporter.reportStep(Reporter.java:20)
	at wrappers.GenericWrappers.takeSnap(GenericWrappers.java:613)
	at utils.Reporter.reportStep(Reporter.java:20)
	at wrappers.GenericWrappers.takeSnap(GenericWrappers.java:613)
	at utils.Reporter.reportStep(Reporter.java:20)
	at wrappers.GenericWrappers.takeSnap(GenericWrappers.java:613)
	at utils.Reporter.reportStep(Reporter.java:20)
	at wrappers.GenericWrappers.takeSnap(GenericWrappers.java:613)
	at utils.Reporter.reportStep(Reporter.java:20)
	at wrappers.GenericWrappers.takeSnap(GenericWrappers.java:613)
	at utils.Reporter.reportStep(Reporter.java:20)
	at wrappers.GenericWrappers.takeSnap(GenericWrappers.java:613)
	at utils.Reporter.reportStep(Reporter.java:20)
	at wrappers.GenericWrappers.takeSnap(GenericWrappers.java:613)
	at utils.Reporter.reportStep(Reporter.java:20)
	at wrappers.GenericWrappers.takeSnap(GenericWrappers.java:613)
	at utils.Reporter.reportStep(Reporter.java:20)
	at wrappers.GenericWrappers.takeSnap(GenericWrappers.java:613)
	at utils.Reporter.reportStep(Reporter.java:20)
	at wrappers.GenericWrappers.takeSnap(GenericWrappers.java:613)
	at utils.Reporter.reportStep(Reporter.java:20)
	at wrappers.GenericWrappers.takeSnap(GenericWrappers.java:613)
	at utils.Reporter.reportStep(Reporter.java:20)
	at wrappers.GenericWrappers.takeSnap(GenericWrappers.java:613)
	at utils.Reporter.reportStep(Reporter.java:20)
	at wrappers.GenericWrappers.takeSnap(GenericWrappers.java:613)
	at utils.Reporter.reportStep(Reporter.java:20)
	at wrappers.GenericWrappers.takeSnap(GenericWrappers.java:613)
	at utils.Reporter.reportStep(Reporter.java:20)
	at wrappers.GenericWrappers.takeSnap(GenericWrappers.java:613)
	at utils.Reporter.reportStep(Reporter.java:20)
	at wrappers.GenericWrappers.takeSnap(GenericWrappers.java:613)
	at utils.Reporter.reportStep(Reporter.java:20)
	at wrappers.GenericWrappers.takeSnap(GenericWrappers.java:613)
	at utils.Reporter.reportStep(Reporter.java:20)
	at wrappers.GenericWrappers.takeSnap(GenericWrappers.java:613)
	at utils.Reporter.reportStep(Reporter.java:20)
	at wrappers.GenericWrappers.takeSnap(GenericWrappers.java:613)
	at utils.Reporter.reportStep(Reporter.java:20)
	at wrappers.GenericWrappers.takeSnap(GenericWrappers.java:613)
	at utils.Reporter.reportStep(Reporter.java:20)
	at wrappers.GenericWrappers.takeSnap(GenericWrappers.java:613)
	at utils.Reporter.reportStep(Reporter.java:20)
	at wrappers.GenericWrappers.takeSnap(GenericWrappers.java:613)
	at utils.Reporter.reportStep(Reporter.java:20)
	at wrappers.GenericWrappers.takeSnap(GenericWrappers.java:613)
	at utils.Reporter.reportStep(Reporter.java:20)
	at wrappers.GenericWrappers.takeSnap(GenericWrappers.java:613)
	at utils.Reporter.reportStep(Reporter.java:20)
	at wrappers.GenericWrappers.takeSnap(GenericWrappers.java:613)
	at utils.Reporter.reportStep(Reporter.java:20)
	at wrappers.GenericWrappers.takeSnap(GenericWrappers.java:613)
	at utils.Reporter.reportStep(Reporter.java:20)
	at wrappers.GenericWrappers.takeSnap(GenericWrappers.java:613)
	at utils.Reporter.reportStep(Reporter.java:20)
	at wrappers.GenericWrappers.takeSnap(GenericWrappers.java:613)
	at utils.Reporter.reportStep(Reporter.java:20)
	at wrappers.GenericWrappers.takeSnap(GenericWrappers.java:613)
	at utils.Reporter.reportStep(Reporter.java:20)
	at wrappers.GenericWrappers.takeSnap(GenericWrappers.java:613)
	at utils.Reporter.reportStep(Reporter.java:20)
	at wrappers.GenericWrappers.takeSnap(GenericWrappers.java:613)
	at utils.Reporter.reportStep(Reporter.java:20)
	at wrappers.GenericWrappers.takeSnap(GenericWrappers.java:613)
	at utils.Reporter.reportStep(Reporter.java:20)
	at wrappers.GenericWrappers.takeSnap(GenericWrappers.java:613)
	at utils.Reporter.reportStep(Reporter.java:20)
	at wrappers.GenericWrappers.takeSnap(GenericWrappers.java:613)
	at utils.Reporter.reportStep(Reporter.java:20)
	at wrappers.GenericWrappers.takeSnap(GenericWrappers.java:613)
	at utils.Reporter.reportStep(Reporter.java:20)
	at wrappers.GenericWrappers.takeSnap(GenericWrappers.java:613)
	at utils.Reporter.reportStep(Reporter.java:20)
	at wrappers.GenericWrappers.takeSnap(GenericWrappers.java:613)
	at utils.Reporter.reportStep(Reporter.java:20)
	at wrappers.GenericWrappers.takeSnap(GenericWrappers.java:613)
	at utils.Reporter.reportStep(Reporter.java:20)
	at wrappers.GenericWrappers.takeSnap(GenericWrappers.java:613)
	at utils.Reporter.reportStep(Reporter.java:20)
	at wrappers.GenericWrappers.takeSnap(GenericWrappers.java:613)
	at utils.Reporter.reportStep(Reporter.java:20)
	at wrappers.GenericWrappers.takeSnap(GenericWrappers.java:613)
	at utils.Reporter.reportStep(Reporter.java:20)
	at wrappers.GenericWrappers.takeSnap(GenericWrappers.java:613)
	at utils.Reporter.reportStep(Reporter.java:20)
	at wrappers.GenericWrappers.takeSnap(GenericWrappers.java:613)
	at utils.Reporter.reportStep(Reporter.java:20)
	at wrappers.GenericWrappers.takeSnap(GenericWrappers.java:613)
	at utils.Reporter.reportStep(Reporter.java:20)
	at wrappers.GenericWrappers.takeSnap(GenericWrappers.java:613)
	at utils.Reporter.reportStep(Reporter.java:20)
	at wrappers.GenericWrappers.takeSnap(GenericWrappers.java:613)
	at utils.Reporter.reportStep(Reporter.java:20)
	at wrappers.GenericWrappers.takeSnap(GenericWrappers.java:613)
	at utils.Reporter.reportStep(Reporter.java:20)
	at wrappers.GenericWrappers.takeSnap(GenericWrappers.java:613)
	at utils.Reporter.reportStep(Reporter.java:20)
	at wrappers.GenericWrappers.takeSnap(GenericWrappers.java:613)
	at utils.Reporter.reportStep(Reporter.java:20)
	at wrappers.GenericWrappers.takeSnap(GenericWrappers.java:613)
	at utils.Reporter.reportStep(Reporter.java:20)
	at wrappers.GenericWrappers.takeSnap(GenericWrappers.java:613)
	at utils.Reporter.reportStep(Reporter.java:20)
	at wrappers.GenericWrappers.takeSnap(GenericWrappers.java:613)
	at utils.Reporter.reportStep(Reporter.java:20)
	at wrappers.GenericWrappers.takeSnap(GenericWrappers.java:613)
	at utils.Reporter.reportStep(Reporter.java:20)
	at wrappers.GenericWrappers.takeSnap(GenericWrappers.java:613)
	at utils.Reporter.reportStep(Reporter.java:20)
	at wrappers.GenericWrappers.takeSnap(GenericWrappers.java:613)
	at utils.Reporter.reportStep(Reporter.java:20)
	at wrappers.GenericWrappers.takeSnap(GenericWrappers.java:613)
	at utils.Reporter.reportStep(Reporter.java:20)
	at wrappers.GenericWrappers.takeSnap(GenericWrappers.java:613)
	at utils.Reporter.reportStep(Reporter.java:20)
	at wrappers.GenericWrappers.takeSnap(GenericWrappers.java:613)
	at utils.Reporter.reportStep(Reporter.java:20)
	at wrappers.GenericWrappers.takeSnap(GenericWrappers.java:613)
	at utils.Reporter.reportStep(Reporter.java:20)
	at wrappers.GenericWrappers.takeSnap(GenericWrappers.java:613)
	at utils.Reporter.reportStep(Reporter.java:20)
	at wrappers.GenericWrappers.takeSnap(GenericWrappers.java:613)
	at utils.Reporter.reportStep(Reporter.java:20)
	at wrappers.GenericWrappers.takeSnap(GenericWrappers.java:613)
	at utils.Reporter.reportStep(Reporter.java:20)
	at wrappers.GenericWrappers.takeSnap(GenericWrappers.java:613)
	at utils.Reporter.reportStep(Reporter.java:20)
	at wrappers.GenericWrappers.takeSnap(GenericWrappers.java:613)
	at utils.Reporter.reportStep(Reporter.java:20)
	at wrappers.GenericWrappers.takeSnap(GenericWrappers.java:613)
	at utils.Reporter.reportStep(Reporter.java:20)
	at wrappers.GenericWrappers.takeSnap(GenericWrappers.java:613)
	at utils.Reporter.reportStep(Reporter.java:20)
	at wrappers.GenericWrappers.takeSnap(GenericWrappers.java:613)
	at utils.Reporter.reportStep(Reporter.java:20)
	at wrappers.GenericWrappers.takeSnap(GenericWrappers.java:613)
	at utils.Reporter.reportStep(Reporter.java:20)
	at wrappers.GenericWrappers.takeSnap(GenericWrappers.java:613)
	at utils.Reporter.reportStep(Reporter.java:20)
	at wrappers.GenericWrappers.takeSnap(GenericWrappers.java:613)
	at utils.Reporter.reportStep(Reporter.java:20)
	at wrappers.GenericWrappers.takeSnap(GenericWrappers.java:613)
	at utils.Reporter.reportStep(Reporter.java:20)
	at wrappers.GenericWrappers.takeSnap(GenericWrappers.java:613)
	at utils.Reporter.reportStep(Reporter.java:20)
	at wrappers.GenericWrappers.takeSnap(GenericWrappers.java:613)
	at utils.Reporter.reportStep(Reporter.java:20)
	at wrappers.GenericWrappers.takeSnap(GenericWrappers.java:613)
	at utils.Reporter.reportStep(Reporter.java:20)
	at wrappers.GenericWrappers.takeSnap(GenericWrappers.java:613)
	at utils.Reporter.reportStep(Reporter.java:20)
	at wrappers.GenericWrappers.takeSnap(GenericWrappers.java:613)
	at utils.Reporter.reportStep(Reporter.java:20)
	at wrappers.GenericWrappers.takeSnap(GenericWrappers.java:613)
	at utils.Reporter.reportStep(Reporter.java:20)
	at wrappers.GenericWrappers.takeSnap(GenericWrappers.java:613)
	at utils.Reporter.reportStep(Reporter.java:20)
	at wrappers.GenericWrappers.takeSnap(GenericWrappers.java:613)
	at utils.Reporter.reportStep(Reporter.java:20)
	at wrappers.GenericWrappers.takeSnap(GenericWrappers.java:613)
	at utils.Reporter.reportStep(Reporter.java:20)
	at wrappers.GenericWrappers.takeSnap(GenericWrappers.java:613)
	at utils.Reporter.reportStep(Reporter.java:20)
	at wrappers.GenericWrappers.takeSnap(GenericWrappers.java:613)
	at utils.Reporter.reportStep(Reporter.java:20)
	at wrappers.GenericWrappers.takeSnap(GenericWrappers.java:613)
	at utils.Reporter.reportStep(Reporter.java:20)
	at wrappers.GenericWrappers.takeSnap(GenericWrappers.java:613)
	at utils.Reporter.reportStep(Reporter.java:20)
	at wrappers.GenericWrappers.takeSnap(GenericWrappers.java:613)
	at utils.Reporter.reportStep(Reporter.java:20)
	at wrappers.GenericWrappers.takeSnap(GenericWrappers.java:613)
	at utils.Reporter.reportStep(Reporter.java:20)
	at wrappers.GenericWrappers.takeSnap(GenericWrappers.java:613)
	at utils.Reporter.reportStep(Reporter.java:20)
	at wrappers.GenericWrappers.takeSnap(GenericWrappers.java:613)
	at utils.Reporter.reportStep(Reporter.java:20)
	at wrappers.GenericWrappers.takeSnap(GenericWrappers.java:613)
	at utils.Reporter.reportStep(Reporter.java:20)
	at wrappers.GenericWrappers.takeSnap(GenericWrappers.java:613)
	at utils.Reporter.reportStep(Reporter.java:20)
	at wrappers.GenericWrappers.takeSnap(GenericWrappers.java:613)
	at utils.Reporter.reportStep(Reporter.java:20)
	at wrappers.GenericWrappers.takeSnap(GenericWrappers.java:613)
	at utils.Reporter.reportStep(Reporter.java:20)
	at wrappers.GenericWrappers.takeSnap(GenericWrappers.java:613)
	at utils.Reporter.reportStep(Reporter.java:20)
	at wrappers.GenericWrappers.takeSnap(GenericWrappers.java:613)
	at utils.Reporter.reportStep(Reporter.java:20)
	at wrappers.GenericWrappers.takeSnap(GenericWrappers.java:613)
	at utils.Reporter.reportStep(Reporter.java:20)
	at wrappers.GenericWrappers.takeSnap(GenericWrappers.java:613)
	at utils.Reporter.reportStep(Reporter.java:20)
	at wrappers.GenericWrappers.takeSnap(GenericWrappers.java:613)
	at utils.Reporter.reportStep(Reporter.java:20)
	at wrappers.GenericWrappers.takeSnap(GenericWrappers.java:613)
	at utils.Reporter.reportStep(Reporter.java:20)
	at wrappers.GenericWrappers.takeSnap(GenericWrappers.java:613)
	at utils.Reporter.reportStep(Reporter.java:20)
	at wrappers.GenericWrappers.takeSnap(GenericWrappers.java:613)
	at utils.Reporter.reportStep(Reporter.java:20)
	at wrappers.GenericWrappers.takeSnap(GenericWrappers.java:613)
	at utils.Reporter.reportStep(Reporter.java:20)
	at wrappers.GenericWrappers.takeSnap(GenericWrappers.java:613)
	at utils.Reporter.reportStep(Reporter.java:20)
	at wrappers.GenericWrappers.takeSnap(GenericWrappers.java:613)
	at utils.Reporter.reportStep(Reporter.java:20)
	at wrappers.GenericWrappers.takeSnap(GenericWrappers.java:613)
	at utils.Reporter.reportStep(Reporter.java:20)
	at wrappers.GenericWrappers.takeSnap(GenericWrappers.java:613)
	at utils.Reporter.reportStep(Reporter.java:20)
	at wrappers.GenericWrappers.takeSnap(GenericWrappers.java:613)
	at utils.Reporter.reportStep(Reporter.java:20)
	at wrappers.GenericWrappers.takeSnap(GenericWrappers.java:613)
	at utils.Reporter.reportStep(Reporter.java:20)
	at wrappers.GenericWrappers.takeSnap(GenericWrappers.java:613)
	at utils.Reporter.reportStep(Reporter.java:20)
	at wrappers.GenericWrappers.takeSnap(GenericWrappers.java:613)
	at utils.Reporter.reportStep(Reporter.java:20)
	at wrappers.GenericWrappers.takeSnap(GenericWrappers.java:613)
	at utils.Reporter.reportStep(Reporter.java:20)
	at wrappers.GenericWrappers.takeSnap(GenericWrappers.java:613)
	at utils.Reporter.reportStep(Reporter.java:20)
	at wrappers.GenericWrappers.takeSnap(GenericWrappers.java:613)
	at utils.Reporter.reportStep(Reporter.java:20)
	at wrappers.GenericWrappers.takeSnap(GenericWrappers.java:613)
	at utils.Reporter.reportStep(Reporter.java:20)
	at wrappers.GenericWrappers.takeSnap(GenericWrappers.java:613)
	at utils.Reporter.reportStep(Reporter.java:20)
	at wrappers.GenericWrappers.takeSnap(GenericWrappers.java:613)
	at utils.Reporter.reportStep(Reporter.java:20)
	at wrappers.GenericWrappers.takeSnap(GenericWrappers.java:613)
	at utils.Reporter.reportStep(Reporter.java:20)
	at wrappers.GenericWrappers.takeSnap(GenericWrappers.java:613)
	at utils.Reporter.reportStep(Reporter.java:20)
	at wrappers.GenericWrappers.takeSnap(GenericWrappers.java:613)
	at utils.Reporter.reportStep(Reporter.java:20)
	at wrappers.GenericWrappers.takeSnap(GenericWrappers.java:613)
	at utils.Reporter.reportStep(Reporter.java:20)
	at wrappers.GenericWrappers.takeSnap(GenericWrappers.java:613)
	at utils.Reporter.reportStep(Reporter.java:20)
	at wrappers.GenericWrappers.takeSnap(GenericWrappers.java:613)
	at utils.Reporter.reportStep(Reporter.java:20)
	at wrappers.GenericWrappers.takeSnap(GenericWrappers.java:613)
	at utils.Reporter.reportStep(Reporter.java:20)
	at wrappers.GenericWrappers.takeSnap(GenericWrappers.java:613)
	at utils.Reporter.reportStep(Reporter.java:20)
	at wrappers.GenericWrappers.takeSnap(GenericWrappers.java:613)
	at utils.Reporter.reportStep(Reporter.java:20)
	at wrappers.GenericWrappers.takeSnap(GenericWrappers.java:613)
	at utils.Reporter.reportStep(Reporter.java:20)
	at wrappers.GenericWrappers.takeSnap(GenericWrappers.java:613)
	at utils.Reporter.reportStep(Reporter.java:20)
	at wrappers.GenericWrappers.takeSnap(GenericWrappers.java:613)
	at utils.Reporter.reportStep(Reporter.java:20)
	at wrappers.GenericWrappers.takeSnap(GenericWrappers.java:613)
	at utils.Reporter.reportStep(Reporter.java:20)
	at wrappers.GenericWrappers.takeSnap(GenericWrappers.java:613)
	at utils.Reporter.reportStep(Reporter.java:20)
	at wrappers.GenericWrappers.takeSnap(GenericWrappers.java:613)
	at utils.Reporter.reportStep(Reporter.java:20)
	at wrappers.GenericWrappers.takeSnap(GenericWrappers.java:613)
	at utils.Reporter.reportStep(Reporter.java:20)
	at wrappers.GenericWrappers.takeSnap(GenericWrappers.java:613)
	at utils.Reporter.reportStep(Reporter.java:20)
	at wrappers.GenericWrappers.takeSnap(GenericWrappers.java:613)
]]>
    </error>
  </testcase> <!-- login -->
  <testcase name="login" time="0.001" classname="testCases.TC001_Login">
    <error type="java.lang.StackOverflowError">
      <![CDATA[java.lang.StackOverflowError
	at java.util.regex.Pattern$Branch.match(Unknown Source)
	at java.util.regex.Pattern$BranchConn.match(Unknown Source)
	at java.util.regex.Pattern$GroupTail.match(Unknown Source)
	at java.util.regex.Pattern$Curly.match0(Unknown Source)
	at java.util.regex.Pattern$Curly.match(Unknown Source)
	at java.util.regex.Pattern$GroupHead.match(Unknown Source)
	at java.util.regex.Pattern$Branch.match(Unknown Source)
	at java.util.regex.Pattern$Branch.match(Unknown Source)
	at java.util.regex.Pattern$BmpCharProperty.match(Unknown Source)
	at java.util.regex.Pattern$Start.match(Unknown Source)
	at java.util.regex.Matcher.search(Unknown Source)
	at java.util.regex.Matcher.find(Unknown Source)
	at java.util.Formatter.parse(Unknown Source)
	at java.util.Formatter.format(Unknown Source)
	at java.util.Formatter.format(Unknown Source)
	at java.lang.String.format(Unknown Source)
	at org.openqa.selenium.remote.RemoteWebDriver.execute(RemoteWebDriver.java:549)
	at org.openqa.selenium.remote.RemoteWebDriver.execute(RemoteWebDriver.java:609)
	at org.openqa.selenium.remote.RemoteWebDriver.getScreenshotAs(RemoteWebDriver.java:295)
	at wrappers.GenericWrappers.takeSnap(GenericWrappers.java:610)
	at utils.Reporter.reportStep(Reporter.java:20)
	at wrappers.GenericWrappers.takeSnap(GenericWrappers.java:613)
	at utils.Reporter.reportStep(Reporter.java:20)
	at wrappers.GenericWrappers.takeSnap(GenericWrappers.java:613)
	at utils.Reporter.reportStep(Reporter.java:20)
	at wrappers.GenericWrappers.takeSnap(GenericWrappers.java:613)
	at utils.Reporter.reportStep(Reporter.java:20)
	at wrappers.GenericWrappers.takeSnap(GenericWrappers.java:613)
	at utils.Reporter.reportStep(Reporter.java:20)
	at wrappers.GenericWrappers.takeSnap(GenericWrappers.java:613)
	at utils.Reporter.reportStep(Reporter.java:20)
	at wrappers.GenericWrappers.takeSnap(GenericWrappers.java:613)
	at utils.Reporter.reportStep(Reporter.java:20)
	at wrappers.GenericWrappers.takeSnap(GenericWrappers.java:613)
	at utils.Reporter.reportStep(Reporter.java:20)
	at wrappers.GenericWrappers.takeSnap(GenericWrappers.java:613)
	at utils.Reporter.reportStep(Reporter.java:20)
	at wrappers.GenericWrappers.takeSnap(GenericWrappers.java:613)
	at utils.Reporter.reportStep(Reporter.java:20)
	at wrappers.GenericWrappers.takeSnap(GenericWrappers.java:613)
	at utils.Reporter.reportStep(Reporter.java:20)
	at wrappers.GenericWrappers.takeSnap(GenericWrappers.java:613)
	at utils.Reporter.reportStep(Reporter.java:20)
	at wrappers.GenericWrappers.takeSnap(GenericWrappers.java:613)
	at utils.Reporter.reportStep(Reporter.java:20)
	at wrappers.GenericWrappers.takeSnap(GenericWrappers.java:613)
	at utils.Reporter.reportStep(Reporter.java:20)
	at wrappers.GenericWrappers.takeSnap(GenericWrappers.java:613)
	at utils.Reporter.reportStep(Reporter.java:20)
	at wrappers.GenericWrappers.takeSnap(GenericWrappers.java:613)
	at utils.Reporter.reportStep(Reporter.java:20)
	at wrappers.GenericWrappers.takeSnap(GenericWrappers.java:613)
	at utils.Reporter.reportStep(Reporter.java:20)
	at wrappers.GenericWrappers.takeSnap(GenericWrappers.java:613)
	at utils.Reporter.reportStep(Reporter.java:20)
	at wrappers.GenericWrappers.takeSnap(GenericWrappers.java:613)
	at utils.Reporter.reportStep(Reporter.java:20)
	at wrappers.GenericWrappers.takeSnap(GenericWrappers.java:613)
	at utils.Reporter.reportStep(Reporter.java:20)
	at wrappers.GenericWrappers.takeSnap(GenericWrappers.java:613)
	at utils.Reporter.reportStep(Reporter.java:20)
	at wrappers.GenericWrappers.takeSnap(GenericWrappers.java:613)
	at utils.Reporter.reportStep(Reporter.java:20)
	at wrappers.GenericWrappers.takeSnap(GenericWrappers.java:613)
	at utils.Reporter.reportStep(Reporter.java:20)
	at wrappers.GenericWrappers.takeSnap(GenericWrappers.java:613)
	at utils.Reporter.reportStep(Reporter.java:20)
	at wrappers.GenericWrappers.takeSnap(GenericWrappers.java:613)
	at utils.Reporter.reportStep(Reporter.java:20)
	at wrappers.GenericWrappers.takeSnap(GenericWrappers.java:613)
	at utils.Reporter.reportStep(Reporter.java:20)
	at wrappers.GenericWrappers.takeSnap(GenericWrappers.java:613)
	at utils.Reporter.reportStep(Reporter.java:20)
	at wrappers.GenericWrappers.takeSnap(GenericWrappers.java:613)
	at utils.Reporter.reportStep(Reporter.java:20)
	at wrappers.GenericWrappers.takeSnap(GenericWrappers.java:613)
	at utils.Reporter.reportStep(Reporter.java:20)
	at wrappers.GenericWrappers.takeSnap(GenericWrappers.java:613)
	at utils.Reporter.reportStep(Reporter.java:20)
	at wrappers.GenericWrappers.takeSnap(GenericWrappers.java:613)
	at utils.Reporter.reportStep(Reporter.java:20)
	at wrappers.GenericWrappers.takeSnap(GenericWrappers.java:613)
	at utils.Reporter.reportStep(Reporter.java:20)
	at wrappers.GenericWrappers.takeSnap(GenericWrappers.java:613)
	at utils.Reporter.reportStep(Reporter.java:20)
	at wrappers.GenericWrappers.takeSnap(GenericWrappers.java:613)
	at utils.Reporter.reportStep(Reporter.java:20)
	at wrappers.GenericWrappers.takeSnap(GenericWrappers.java:613)
	at utils.Reporter.reportStep(Reporter.java:20)
	at wrappers.GenericWrappers.takeSnap(GenericWrappers.java:613)
	at utils.Reporter.reportStep(Reporter.java:20)
	at wrappers.GenericWrappers.takeSnap(GenericWrappers.java:613)
	at utils.Reporter.reportStep(Reporter.java:20)
	at wrappers.GenericWrappers.takeSnap(GenericWrappers.java:613)
	at utils.Reporter.reportStep(Reporter.java:20)
	at wrappers.GenericWrappers.takeSnap(GenericWrappers.java:613)
	at utils.Reporter.reportStep(Reporter.java:20)
	at wrappers.GenericWrappers.takeSnap(GenericWrappers.java:613)
	at utils.Reporter.reportStep(Reporter.java:20)
	at wrappers.GenericWrappers.takeSnap(GenericWrappers.java:613)
	at utils.Reporter.reportStep(Reporter.java:20)
	at wrappers.GenericWrappers.takeSnap(GenericWrappers.java:613)
	at utils.Reporter.reportStep(Reporter.java:20)
	at wrappers.GenericWrappers.takeSnap(GenericWrappers.java:613)
	at utils.Reporter.reportStep(Reporter.java:20)
	at wrappers.GenericWrappers.takeSnap(GenericWrappers.java:613)
	at utils.Reporter.reportStep(Reporter.java:20)
	at wrappers.GenericWrappers.takeSnap(GenericWrappers.java:613)
	at utils.Reporter.reportStep(Reporter.java:20)
	at wrappers.GenericWrappers.takeSnap(GenericWrappers.java:613)
	at utils.Reporter.reportStep(Reporter.java:20)
	at wrappers.GenericWrappers.takeSnap(GenericWrappers.java:613)
	at utils.Reporter.reportStep(Reporter.java:20)
	at wrappers.GenericWrappers.takeSnap(GenericWrappers.java:613)
	at utils.Reporter.reportStep(Reporter.java:20)
	at wrappers.GenericWrappers.takeSnap(GenericWrappers.java:613)
	at utils.Reporter.reportStep(Reporter.java:20)
	at wrappers.GenericWrappers.takeSnap(GenericWrappers.java:613)
	at utils.Reporter.reportStep(Reporter.java:20)
	at wrappers.GenericWrappers.takeSnap(GenericWrappers.java:613)
	at utils.Reporter.reportStep(Reporter.java:20)
	at wrappers.GenericWrappers.takeSnap(GenericWrappers.java:613)
	at utils.Reporter.reportStep(Reporter.java:20)
	at wrappers.GenericWrappers.takeSnap(GenericWrappers.java:613)
	at utils.Reporter.reportStep(Reporter.java:20)
	at wrappers.GenericWrappers.takeSnap(GenericWrappers.java:613)
	at utils.Reporter.reportStep(Reporter.java:20)
	at wrappers.GenericWrappers.takeSnap(GenericWrappers.java:613)
	at utils.Reporter.reportStep(Reporter.java:20)
	at wrappers.GenericWrappers.takeSnap(GenericWrappers.java:613)
	at utils.Reporter.reportStep(Reporter.java:20)
	at wrappers.GenericWrappers.takeSnap(GenericWrappers.java:613)
	at utils.Reporter.reportStep(Reporter.java:20)
	at wrappers.GenericWrappers.takeSnap(GenericWrappers.java:613)
	at utils.Reporter.reportStep(Reporter.java:20)
	at wrappers.GenericWrappers.takeSnap(GenericWrappers.java:613)
	at utils.Reporter.reportStep(Reporter.java:20)
	at wrappers.GenericWrappers.takeSnap(GenericWrappers.java:613)
	at utils.Reporter.reportStep(Reporter.java:20)
	at wrappers.GenericWrappers.takeSnap(GenericWrappers.java:613)
	at utils.Reporter.reportStep(Reporter.java:20)
	at wrappers.GenericWrappers.takeSnap(GenericWrappers.java:613)
	at utils.Reporter.reportStep(Reporter.java:20)
	at wrappers.GenericWrappers.takeSnap(GenericWrappers.java:613)
	at utils.Reporter.reportStep(Reporter.java:20)
	at wrappers.GenericWrappers.takeSnap(GenericWrappers.java:613)
	at utils.Reporter.reportStep(Reporter.java:20)
	at wrappers.GenericWrappers.takeSnap(GenericWrappers.java:613)
	at utils.Reporter.reportStep(Reporter.java:20)
	at wrappers.GenericWrappers.takeSnap(GenericWrappers.java:613)
	at utils.Reporter.reportStep(Reporter.java:20)
	at wrappers.GenericWrappers.takeSnap(GenericWrappers.java:613)
	at utils.Reporter.reportStep(Reporter.java:20)
	at wrappers.GenericWrappers.takeSnap(GenericWrappers.java:613)
	at utils.Reporter.reportStep(Reporter.java:20)
	at wrappers.GenericWrappers.takeSnap(GenericWrappers.java:613)
	at utils.Reporter.reportStep(Reporter.java:20)
	at wrappers.GenericWrappers.takeSnap(GenericWrappers.java:613)
	at utils.Reporter.reportStep(Reporter.java:20)
	at wrappers.GenericWrappers.takeSnap(GenericWrappers.java:613)
	at utils.Reporter.reportStep(Reporter.java:20)
	at wrappers.GenericWrappers.takeSnap(GenericWrappers.java:613)
	at utils.Reporter.reportStep(Reporter.java:20)
	at wrappers.GenericWrappers.takeSnap(GenericWrappers.java:613)
	at utils.Reporter.reportStep(Reporter.java:20)
	at wrappers.GenericWrappers.takeSnap(GenericWrappers.java:613)
	at utils.Reporter.reportStep(Reporter.java:20)
	at wrappers.GenericWrappers.takeSnap(GenericWrappers.java:613)
	at utils.Reporter.reportStep(Reporter.java:20)
	at wrappers.GenericWrappers.takeSnap(GenericWrappers.java:613)
	at utils.Reporter.reportStep(Reporter.java:20)
	at wrappers.GenericWrappers.takeSnap(GenericWrappers.java:613)
	at utils.Reporter.reportStep(Reporter.java:20)
	at wrappers.GenericWrappers.takeSnap(GenericWrappers.java:613)
	at utils.Reporter.reportStep(Reporter.java:20)
	at wrappers.GenericWrappers.takeSnap(GenericWrappers.java:613)
	at utils.Reporter.reportStep(Reporter.java:20)
	at wrappers.GenericWrappers.takeSnap(GenericWrappers.java:613)
	at utils.Reporter.reportStep(Reporter.java:20)
	at wrappers.GenericWrappers.takeSnap(GenericWrappers.java:613)
	at utils.Reporter.reportStep(Reporter.java:20)
	at wrappers.GenericWrappers.takeSnap(GenericWrappers.java:613)
	at utils.Reporter.reportStep(Reporter.java:20)
	at wrappers.GenericWrappers.takeSnap(GenericWrappers.java:613)
	at utils.Reporter.reportStep(Reporter.java:20)
	at wrappers.GenericWrappers.takeSnap(GenericWrappers.java:613)
	at utils.Reporter.reportStep(Reporter.java:20)
	at wrappers.GenericWrappers.takeSnap(GenericWrappers.java:613)
	at utils.Reporter.reportStep(Reporter.java:20)
	at wrappers.GenericWrappers.takeSnap(GenericWrappers.java:613)
	at utils.Reporter.reportStep(Reporter.java:20)
	at wrappers.GenericWrappers.takeSnap(GenericWrappers.java:613)
	at utils.Reporter.reportStep(Reporter.java:20)
	at wrappers.GenericWrappers.takeSnap(GenericWrappers.java:613)
	at utils.Reporter.reportStep(Reporter.java:20)
	at wrappers.GenericWrappers.takeSnap(GenericWrappers.java:613)
	at utils.Reporter.reportStep(Reporter.java:20)
	at wrappers.GenericWrappers.takeSnap(GenericWrappers.java:613)
	at utils.Reporter.reportStep(Reporter.java:20)
	at wrappers.GenericWrappers.takeSnap(GenericWrappers.java:613)
	at utils.Reporter.reportStep(Reporter.java:20)
	at wrappers.GenericWrappers.takeSnap(GenericWrappers.java:613)
	at utils.Reporter.reportStep(Reporter.java:20)
	at wrappers.GenericWrappers.takeSnap(GenericWrappers.java:613)
	at utils.Reporter.reportStep(Reporter.java:20)
	at wrappers.GenericWrappers.takeSnap(GenericWrappers.java:613)
	at utils.Reporter.reportStep(Reporter.java:20)
	at wrappers.GenericWrappers.takeSnap(GenericWrappers.java:613)
	at utils.Reporter.reportStep(Reporter.java:20)
	at wrappers.GenericWrappers.takeSnap(GenericWrappers.java:613)
	at utils.Reporter.reportStep(Reporter.java:20)
	at wrappers.GenericWrappers.takeSnap(GenericWrappers.java:613)
	at utils.Reporter.reportStep(Reporter.java:20)
	at wrappers.GenericWrappers.takeSnap(GenericWrappers.java:613)
	at utils.Reporter.reportStep(Reporter.java:20)
	at wrappers.GenericWrappers.takeSnap(GenericWrappers.java:613)
	at utils.Reporter.reportStep(Reporter.java:20)
	at wrappers.GenericWrappers.takeSnap(GenericWrappers.java:613)
	at utils.Reporter.reportStep(Reporter.java:20)
	at wrappers.GenericWrappers.takeSnap(GenericWrappers.java:613)
	at utils.Reporter.reportStep(Reporter.java:20)
	at wrappers.GenericWrappers.takeSnap(GenericWrappers.java:613)
	at utils.Reporter.reportStep(Reporter.java:20)
	at wrappers.GenericWrappers.takeSnap(GenericWrappers.java:613)
	at utils.Reporter.reportStep(Reporter.java:20)
	at wrappers.GenericWrappers.takeSnap(GenericWrappers.java:613)
	at utils.Reporter.reportStep(Reporter.java:20)
	at wrappers.GenericWrappers.takeSnap(GenericWrappers.java:613)
	at utils.Reporter.reportStep(Reporter.java:20)
	at wrappers.GenericWrappers.takeSnap(GenericWrappers.java:613)
	at utils.Reporter.reportStep(Reporter.java:20)
	at wrappers.GenericWrappers.takeSnap(GenericWrappers.java:613)
	at utils.Reporter.reportStep(Reporter.java:20)
	at wrappers.GenericWrappers.takeSnap(GenericWrappers.java:613)
	at utils.Reporter.reportStep(Reporter.java:20)
	at wrappers.GenericWrappers.takeSnap(GenericWrappers.java:613)
	at utils.Reporter.reportStep(Reporter.java:20)
	at wrappers.GenericWrappers.takeSnap(GenericWrappers.java:613)
	at utils.Reporter.reportStep(Reporter.java:20)
	at wrappers.GenericWrappers.takeSnap(GenericWrappers.java:613)
	at utils.Reporter.reportStep(Reporter.java:20)
	at wrappers.GenericWrappers.takeSnap(GenericWrappers.java:613)
	at utils.Reporter.reportStep(Reporter.java:20)
	at wrappers.GenericWrappers.takeSnap(GenericWrappers.java:613)
	at utils.Reporter.reportStep(Reporter.java:20)
	at wrappers.GenericWrappers.takeSnap(GenericWrappers.java:613)
	at utils.Reporter.reportStep(Reporter.java:20)
	at wrappers.GenericWrappers.takeSnap(GenericWrappers.java:613)
	at utils.Reporter.reportStep(Reporter.java:20)
	at wrappers.GenericWrappers.takeSnap(GenericWrappers.java:613)
	at utils.Reporter.reportStep(Reporter.java:20)
	at wrappers.GenericWrappers.takeSnap(GenericWrappers.java:613)
	at utils.Reporter.reportStep(Reporter.java:20)
	at wrappers.GenericWrappers.takeSnap(GenericWrappers.java:613)
	at utils.Reporter.reportStep(Reporter.java:20)
	at wrappers.GenericWrappers.takeSnap(GenericWrappers.java:613)
	at utils.Reporter.reportStep(Reporter.java:20)
	at wrappers.GenericWrappers.takeSnap(GenericWrappers.java:613)
	at utils.Reporter.reportStep(Reporter.java:20)
	at wrappers.GenericWrappers.takeSnap(GenericWrappers.java:613)
	at utils.Reporter.reportStep(Reporter.java:20)
	at wrappers.GenericWrappers.takeSnap(GenericWrappers.java:613)
	at utils.Reporter.reportStep(Reporter.java:20)
	at wrappers.GenericWrappers.takeSnap(GenericWrappers.java:613)
	at utils.Reporter.reportStep(Reporter.java:20)
	at wrappers.GenericWrappers.takeSnap(GenericWrappers.java:613)
	at utils.Reporter.reportStep(Reporter.java:20)
	at wrappers.GenericWrappers.takeSnap(GenericWrappers.java:613)
	at utils.Reporter.reportStep(Reporter.java:20)
	at wrappers.GenericWrappers.takeSnap(GenericWrappers.java:613)
	at utils.Reporter.reportStep(Reporter.java:20)
	at wrappers.GenericWrappers.takeSnap(GenericWrappers.java:613)
	at utils.Reporter.reportStep(Reporter.java:20)
	at wrappers.GenericWrappers.takeSnap(GenericWrappers.java:613)
	at utils.Reporter.reportStep(Reporter.java:20)
	at wrappers.GenericWrappers.takeSnap(GenericWrappers.java:613)
	at utils.Reporter.reportStep(Reporter.java:20)
	at wrappers.GenericWrappers.takeSnap(GenericWrappers.java:613)
	at utils.Reporter.reportStep(Reporter.java:20)
	at wrappers.GenericWrappers.takeSnap(GenericWrappers.java:613)
	at utils.Reporter.reportStep(Reporter.java:20)
	at wrappers.GenericWrappers.takeSnap(GenericWrappers.java:613)
	at utils.Reporter.reportStep(Reporter.java:20)
	at wrappers.GenericWrappers.takeSnap(GenericWrappers.java:613)
	at utils.Reporter.reportStep(Reporter.java:20)
	at wrappers.GenericWrappers.takeSnap(GenericWrappers.java:613)
	at utils.Reporter.reportStep(Reporter.java:20)
	at wrappers.GenericWrappers.takeSnap(GenericWrappers.java:613)
	at utils.Reporter.reportStep(Reporter.java:20)
	at wrappers.GenericWrappers.takeSnap(GenericWrappers.java:613)
	at utils.Reporter.reportStep(Reporter.java:20)
	at wrappers.GenericWrappers.takeSnap(GenericWrappers.java:613)
	at utils.Reporter.reportStep(Reporter.java:20)
	at wrappers.GenericWrappers.takeSnap(GenericWrappers.java:613)
	at utils.Reporter.reportStep(Reporter.java:20)
	at wrappers.GenericWrappers.takeSnap(GenericWrappers.java:613)
	at utils.Reporter.reportStep(Reporter.java:20)
	at wrappers.GenericWrappers.takeSnap(GenericWrappers.java:613)
	at utils.Reporter.reportStep(Reporter.java:20)
	at wrappers.GenericWrappers.takeSnap(GenericWrappers.java:613)
	at utils.Reporter.reportStep(Reporter.java:20)
	at wrappers.GenericWrappers.takeSnap(GenericWrappers.java:613)
	at utils.Reporter.reportStep(Reporter.java:20)
	at wrappers.GenericWrappers.takeSnap(GenericWrappers.java:613)
	at utils.Reporter.reportStep(Reporter.java:20)
	at wrappers.GenericWrappers.takeSnap(GenericWrappers.java:613)
	at utils.Reporter.reportStep(Reporter.java:20)
	at wrappers.GenericWrappers.takeSnap(GenericWrappers.java:613)
	at utils.Reporter.reportStep(Reporter.java:20)
	at wrappers.GenericWrappers.takeSnap(GenericWrappers.java:613)
	at utils.Reporter.reportStep(Reporter.java:20)
	at wrappers.GenericWrappers.takeSnap(GenericWrappers.java:613)
	at utils.Reporter.reportStep(Reporter.java:20)
	at wrappers.GenericWrappers.takeSnap(GenericWrappers.java:613)
	at utils.Reporter.reportStep(Reporter.java:20)
	at wrappers.GenericWrappers.takeSnap(GenericWrappers.java:613)
	at utils.Reporter.reportStep(Reporter.java:20)
	at wrappers.GenericWrappers.takeSnap(GenericWrappers.java:613)
	at utils.Reporter.reportStep(Reporter.java:20)
	at wrappers.GenericWrappers.takeSnap(GenericWrappers.java:613)
	at utils.Reporter.reportStep(Reporter.java:20)
	at wrappers.GenericWrappers.takeSnap(GenericWrappers.java:613)
	at utils.Reporter.reportStep(Reporter.java:20)
	at wrappers.GenericWrappers.takeSnap(GenericWrappers.java:613)
	at utils.Reporter.reportStep(Reporter.java:20)
	at wrappers.GenericWrappers.takeSnap(GenericWrappers.java:613)
	at utils.Reporter.reportStep(Reporter.java:20)
	at wrappers.GenericWrappers.takeSnap(GenericWrappers.java:613)
	at utils.Reporter.reportStep(Reporter.java:20)
	at wrappers.GenericWrappers.takeSnap(GenericWrappers.java:613)
	at utils.Reporter.reportStep(Reporter.java:20)
	at wrappers.GenericWrappers.takeSnap(GenericWrappers.java:613)
	at utils.Reporter.reportStep(Reporter.java:20)
	at wrappers.GenericWrappers.takeSnap(GenericWrappers.java:613)
	at utils.Reporter.reportStep(Reporter.java:20)
	at wrappers.GenericWrappers.takeSnap(GenericWrappers.java:613)
	at utils.Reporter.reportStep(Reporter.java:20)
	at wrappers.GenericWrappers.takeSnap(GenericWrappers.java:613)
	at utils.Reporter.reportStep(Reporter.java:20)
	at wrappers.GenericWrappers.takeSnap(GenericWrappers.java:613)
	at utils.Reporter.reportStep(Reporter.java:20)
	at wrappers.GenericWrappers.takeSnap(GenericWrappers.java:613)
	at utils.Reporter.reportStep(Reporter.java:20)
	at wrappers.GenericWrappers.takeSnap(GenericWrappers.java:613)
	at utils.Reporter.reportStep(Reporter.java:20)
	at wrappers.GenericWrappers.takeSnap(GenericWrappers.java:613)
	at utils.Reporter.reportStep(Reporter.java:20)
	at wrappers.GenericWrappers.takeSnap(GenericWrappers.java:613)
	at utils.Reporter.reportStep(Reporter.java:20)
	at wrappers.GenericWrappers.takeSnap(GenericWrappers.java:613)
	at utils.Reporter.reportStep(Reporter.java:20)
	at wrappers.GenericWrappers.takeSnap(GenericWrappers.java:613)
	at utils.Reporter.reportStep(Reporter.java:20)
	at wrappers.GenericWrappers.takeSnap(GenericWrappers.java:613)
	at utils.Reporter.reportStep(Reporter.java:20)
	at wrappers.GenericWrappers.takeSnap(GenericWrappers.java:613)
	at utils.Reporter.reportStep(Reporter.java:20)
	at wrappers.GenericWrappers.takeSnap(GenericWrappers.java:613)
	at utils.Reporter.reportStep(Reporter.java:20)
	at wrappers.GenericWrappers.takeSnap(GenericWrappers.java:613)
	at utils.Reporter.reportStep(Reporter.java:20)
	at wrappers.GenericWrappers.takeSnap(GenericWrappers.java:613)
	at utils.Reporter.reportStep(Reporter.java:20)
	at wrappers.GenericWrappers.takeSnap(GenericWrappers.java:613)
	at utils.Reporter.reportStep(Reporter.java:20)
	at wrappers.GenericWrappers.takeSnap(GenericWrappers.java:613)
	at utils.Reporter.reportStep(Reporter.java:20)
	at wrappers.GenericWrappers.takeSnap(GenericWrappers.java:613)
	at utils.Reporter.reportStep(Reporter.java:20)
	at wrappers.GenericWrappers.takeSnap(GenericWrappers.java:613)
	at utils.Reporter.reportStep(Reporter.java:20)
	at wrappers.GenericWrappers.takeSnap(GenericWrappers.java:613)
	at utils.Reporter.reportStep(Reporter.java:20)
	at wrappers.GenericWrappers.takeSnap(GenericWrappers.java:613)
	at utils.Reporter.reportStep(Reporter.java:20)
	at wrappers.GenericWrappers.takeSnap(GenericWrappers.java:613)
	at utils.Reporter.reportStep(Reporter.java:20)
	at wrappers.GenericWrappers.takeSnap(GenericWrappers.java:613)
	at utils.Reporter.reportStep(Reporter.java:20)
	at wrappers.GenericWrappers.takeSnap(GenericWrappers.java:613)
	at utils.Reporter.reportStep(Reporter.java:20)
	at wrappers.GenericWrappers.takeSnap(GenericWrappers.java:613)
	at utils.Reporter.reportStep(Reporter.java:20)
	at wrappers.GenericWrappers.takeSnap(GenericWrappers.java:613)
	at utils.Reporter.reportStep(Reporter.java:20)
	at wrappers.GenericWrappers.takeSnap(GenericWrappers.java:613)
	at utils.Reporter.reportStep(Reporter.java:20)
	at wrappers.GenericWrappers.takeSnap(GenericWrappers.java:613)
	at utils.Reporter.reportStep(Reporter.java:20)
	at wrappers.GenericWrappers.takeSnap(GenericWrappers.java:613)
	at utils.Reporter.reportStep(Reporter.java:20)
	at wrappers.GenericWrappers.takeSnap(GenericWrappers.java:613)
	at utils.Reporter.reportStep(Reporter.java:20)
	at wrappers.GenericWrappers.takeSnap(GenericWrappers.java:613)
	at utils.Reporter.reportStep(Reporter.java:20)
	at wrappers.GenericWrappers.takeSnap(GenericWrappers.java:613)
	at utils.Reporter.reportStep(Reporter.java:20)
	at wrappers.GenericWrappers.takeSnap(GenericWrappers.java:613)
	at utils.Reporter.reportStep(Reporter.java:20)
	at wrappers.GenericWrappers.takeSnap(GenericWrappers.java:613)
	at utils.Reporter.reportStep(Reporter.java:20)
	at wrappers.GenericWrappers.takeSnap(GenericWrappers.java:613)
	at utils.Reporter.reportStep(Reporter.java:20)
	at wrappers.GenericWrappers.takeSnap(GenericWrappers.java:613)
	at utils.Reporter.reportStep(Reporter.java:20)
	at wrappers.GenericWrappers.takeSnap(GenericWrappers.java:613)
	at utils.Reporter.reportStep(Reporter.java:20)
	at wrappers.GenericWrappers.takeSnap(GenericWrappers.java:613)
	at utils.Reporter.reportStep(Reporter.java:20)
	at wrappers.GenericWrappers.takeSnap(GenericWrappers.java:613)
	at utils.Reporter.reportStep(Reporter.java:20)
	at wrappers.GenericWrappers.takeSnap(GenericWrappers.java:613)
	at utils.Reporter.reportStep(Reporter.java:20)
	at wrappers.GenericWrappers.takeSnap(GenericWrappers.java:613)
	at utils.Reporter.reportStep(Reporter.java:20)
	at wrappers.GenericWrappers.takeSnap(GenericWrappers.java:613)
	at utils.Reporter.reportStep(Reporter.java:20)
	at wrappers.GenericWrappers.takeSnap(GenericWrappers.java:613)
	at utils.Reporter.reportStep(Reporter.java:20)
	at wrappers.GenericWrappers.takeSnap(GenericWrappers.java:613)
	at utils.Reporter.reportStep(Reporter.java:20)
	at wrappers.GenericWrappers.takeSnap(GenericWrappers.java:613)
	at utils.Reporter.reportStep(Reporter.java:20)
	at wrappers.GenericWrappers.takeSnap(GenericWrappers.java:613)
	at utils.Reporter.reportStep(Reporter.java:20)
	at wrappers.GenericWrappers.takeSnap(GenericWrappers.java:613)
	at utils.Reporter.reportStep(Reporter.java:20)
	at wrappers.GenericWrappers.takeSnap(GenericWrappers.java:613)
	at utils.Reporter.reportStep(Reporter.java:20)
	at wrappers.GenericWrappers.takeSnap(GenericWrappers.java:613)
	at utils.Reporter.reportStep(Reporter.java:20)
	at wrappers.GenericWrappers.takeSnap(GenericWrappers.java:613)
	at utils.Reporter.reportStep(Reporter.java:20)
	at wrappers.GenericWrappers.takeSnap(GenericWrappers.java:613)
	at utils.Reporter.reportStep(Reporter.java:20)
	at wrappers.GenericWrappers.takeSnap(GenericWrappers.java:613)
	at utils.Reporter.reportStep(Reporter.java:20)
	at wrappers.GenericWrappers.takeSnap(GenericWrappers.java:613)
	at utils.Reporter.reportStep(Reporter.java:20)
	at wrappers.GenericWrappers.takeSnap(GenericWrappers.java:613)
	at utils.Reporter.reportStep(Reporter.java:20)
	at wrappers.GenericWrappers.takeSnap(GenericWrappers.java:613)
	at utils.Reporter.reportStep(Reporter.java:20)
	at wrappers.GenericWrappers.takeSnap(GenericWrappers.java:613)
	at utils.Reporter.reportStep(Reporter.java:20)
	at wrappers.GenericWrappers.takeSnap(GenericWrappers.java:613)
	at utils.Reporter.reportStep(Reporter.java:20)
	at wrappers.GenericWrappers.takeSnap(GenericWrappers.java:613)
	at utils.Reporter.reportStep(Reporter.java:20)
	at wrappers.GenericWrappers.takeSnap(GenericWrappers.java:613)
	at utils.Reporter.reportStep(Reporter.java:20)
	at wrappers.GenericWrappers.takeSnap(GenericWrappers.java:613)
	at utils.Reporter.reportStep(Reporter.java:20)
	at wrappers.GenericWrappers.takeSnap(GenericWrappers.java:613)
	at utils.Reporter.reportStep(Reporter.java:20)
	at wrappers.GenericWrappers.takeSnap(GenericWrappers.java:613)
	at utils.Reporter.reportStep(Reporter.java:20)
	at wrappers.GenericWrappers.takeSnap(GenericWrappers.java:613)
	at utils.Reporter.reportStep(Reporter.java:20)
	at wrappers.GenericWrappers.takeSnap(GenericWrappers.java:613)
	at utils.Reporter.reportStep(Reporter.java:20)
	at wrappers.GenericWrappers.takeSnap(GenericWrappers.java:613)
	at utils.Reporter.reportStep(Reporter.java:20)
	at wrappers.GenericWrappers.takeSnap(GenericWrappers.java:613)
	at utils.Reporter.reportStep(Reporter.java:20)
	at wrappers.GenericWrappers.takeSnap(GenericWrappers.java:613)
	at utils.Reporter.reportStep(Reporter.java:20)
	at wrappers.GenericWrappers.takeSnap(GenericWrappers.java:613)
	at utils.Reporter.reportStep(Reporter.java:20)
	at wrappers.GenericWrappers.takeSnap(GenericWrappers.java:613)
	at utils.Reporter.reportStep(Reporter.java:20)
	at wrappers.GenericWrappers.takeSnap(GenericWrappers.java:613)
	at utils.Reporter.reportStep(Reporter.java:20)
	at wrappers.GenericWrappers.takeSnap(GenericWrappers.java:613)
	at utils.Reporter.reportStep(Reporter.java:20)
	at wrappers.GenericWrappers.takeSnap(GenericWrappers.java:613)
	at utils.Reporter.reportStep(Reporter.java:20)
	at wrappers.GenericWrappers.takeSnap(GenericWrappers.java:613)
	at utils.Reporter.reportStep(Reporter.java:20)
	at wrappers.GenericWrappers.takeSnap(GenericWrappers.java:613)
	at utils.Reporter.reportStep(Reporter.java:20)
	at wrappers.GenericWrappers.takeSnap(GenericWrappers.java:613)
	at utils.Reporter.reportStep(Reporter.java:20)
	at wrappers.GenericWrappers.takeSnap(GenericWrappers.java:613)
	at utils.Reporter.reportStep(Reporter.java:20)
	at wrappers.GenericWrappers.takeSnap(GenericWrappers.java:613)
	at utils.Reporter.reportStep(Reporter.java:20)
	at wrappers.GenericWrappers.takeSnap(GenericWrappers.java:613)
	at utils.Reporter.reportStep(Reporter.java:20)
	at wrappers.GenericWrappers.takeSnap(GenericWrappers.java:613)
	at utils.Reporter.reportStep(Reporter.java:20)
	at wrappers.GenericWrappers.takeSnap(GenericWrappers.java:613)
	at utils.Reporter.reportStep(Reporter.java:20)
	at wrappers.GenericWrappers.takeSnap(GenericWrappers.java:613)
	at utils.Reporter.reportStep(Reporter.java:20)
	at wrappers.GenericWrappers.takeSnap(GenericWrappers.java:613)
	at utils.Reporter.reportStep(Reporter.java:20)
	at wrappers.GenericWrappers.takeSnap(GenericWrappers.java:613)
	at utils.Reporter.reportStep(Reporter.java:20)
	at wrappers.GenericWrappers.takeSnap(GenericWrappers.java:613)
	at utils.Reporter.reportStep(Reporter.java:20)
	at wrappers.GenericWrappers.takeSnap(GenericWrappers.java:613)
	at utils.Reporter.reportStep(Reporter.java:20)
	at wrappers.GenericWrappers.takeSnap(GenericWrappers.java:613)
	at utils.Reporter.reportStep(Reporter.java:20)
	at wrappers.GenericWrappers.takeSnap(GenericWrappers.java:613)
	at utils.Reporter.reportStep(Reporter.java:20)
	at wrappers.GenericWrappers.takeSnap(GenericWrappers.java:613)
	at utils.Reporter.reportStep(Reporter.java:20)
	at wrappers.GenericWrappers.takeSnap(GenericWrappers.java:613)
	at utils.Reporter.reportStep(Reporter.java:20)
	at wrappers.GenericWrappers.takeSnap(GenericWrappers.java:613)
	at utils.Reporter.reportStep(Reporter.java:20)
	at wrappers.GenericWrappers.takeSnap(GenericWrappers.java:613)
	at utils.Reporter.reportStep(Reporter.java:20)
	at wrappers.GenericWrappers.takeSnap(GenericWrappers.java:613)
	at utils.Reporter.reportStep(Reporter.java:20)
	at wrappers.GenericWrappers.takeSnap(GenericWrappers.java:613)
	at utils.Reporter.reportStep(Reporter.java:20)
	at wrappers.GenericWrappers.takeSnap(GenericWrappers.java:613)
	at utils.Reporter.reportStep(Reporter.java:20)
	at wrappers.GenericWrappers.takeSnap(GenericWrappers.java:613)
	at utils.Reporter.reportStep(Reporter.java:20)
	at wrappers.GenericWrappers.takeSnap(GenericWrappers.java:613)
	at utils.Reporter.reportStep(Reporter.java:20)
	at wrappers.GenericWrappers.takeSnap(GenericWrappers.java:613)
	at utils.Reporter.reportStep(Reporter.java:20)
	at wrappers.GenericWrappers.takeSnap(GenericWrappers.java:613)
	at utils.Reporter.reportStep(Reporter.java:20)
	at wrappers.GenericWrappers.takeSnap(GenericWrappers.java:613)
	at utils.Reporter.reportStep(Reporter.java:20)
	at wrappers.GenericWrappers.takeSnap(GenericWrappers.java:613)
	at utils.Reporter.reportStep(Reporter.java:20)
	at wrappers.GenericWrappers.takeSnap(GenericWrappers.java:613)
	at utils.Reporter.reportStep(Reporter.java:20)
	at wrappers.GenericWrappers.takeSnap(GenericWrappers.java:613)
	at utils.Reporter.reportStep(Reporter.java:20)
	at wrappers.GenericWrappers.takeSnap(GenericWrappers.java:613)
	at utils.Reporter.reportStep(Reporter.java:20)
	at wrappers.GenericWrappers.takeSnap(GenericWrappers.java:613)
	at utils.Reporter.reportStep(Reporter.java:20)
	at wrappers.GenericWrappers.takeSnap(GenericWrappers.java:613)
	at utils.Reporter.reportStep(Reporter.java:20)
	at wrappers.GenericWrappers.takeSnap(GenericWrappers.java:613)
	at utils.Reporter.reportStep(Reporter.java:20)
	at wrappers.GenericWrappers.takeSnap(GenericWrappers.java:613)
	at utils.Reporter.reportStep(Reporter.java:20)
	at wrappers.GenericWrappers.takeSnap(GenericWrappers.java:613)
	at utils.Reporter.reportStep(Reporter.java:20)
	at wrappers.GenericWrappers.takeSnap(GenericWrappers.java:613)
	at utils.Reporter.reportStep(Reporter.java:20)
	at wrappers.GenericWrappers.takeSnap(GenericWrappers.java:613)
	at utils.Reporter.reportStep(Reporter.java:20)
	at wrappers.GenericWrappers.takeSnap(GenericWrappers.java:613)
	at utils.Reporter.reportStep(Reporter.java:20)
	at wrappers.GenericWrappers.takeSnap(GenericWrappers.java:613)
	at utils.Reporter.reportStep(Reporter.java:20)
	at wrappers.GenericWrappers.takeSnap(GenericWrappers.java:613)
	at utils.Reporter.reportStep(Reporter.java:20)
	at wrappers.GenericWrappers.takeSnap(GenericWrappers.java:613)
	at utils.Reporter.reportStep(Reporter.java:20)
	at wrappers.GenericWrappers.takeSnap(GenericWrappers.java:613)
	at utils.Reporter.reportStep(Reporter.java:20)
	at wrappers.GenericWrappers.takeSnap(GenericWrappers.java:613)
	at utils.Reporter.reportStep(Reporter.java:20)
	at wrappers.GenericWrappers.takeSnap(GenericWrappers.java:613)
	at utils.Reporter.reportStep(Reporter.java:20)
	at wrappers.GenericWrappers.takeSnap(GenericWrappers.java:613)
	at utils.Reporter.reportStep(Reporter.java:20)
	at wrappers.GenericWrappers.takeSnap(GenericWrappers.java:613)
	at utils.Reporter.reportStep(Reporter.java:20)
	at wrappers.GenericWrappers.takeSnap(GenericWrappers.java:613)
	at utils.Reporter.reportStep(Reporter.java:20)
	at wrappers.GenericWrappers.takeSnap(GenericWrappers.java:613)
	at utils.Reporter.reportStep(Reporter.java:20)
	at wrappers.GenericWrappers.takeSnap(GenericWrappers.java:613)
	at utils.Reporter.reportStep(Reporter.java:20)
	at wrappers.GenericWrappers.takeSnap(GenericWrappers.java:613)
	at utils.Reporter.reportStep(Reporter.java:20)
	at wrappers.GenericWrappers.takeSnap(GenericWrappers.java:613)
	at utils.Reporter.reportStep(Reporter.java:20)
	at wrappers.GenericWrappers.takeSnap(GenericWrappers.java:613)
	at utils.Reporter.reportStep(Reporter.java:20)
	at wrappers.GenericWrappers.takeSnap(GenericWrappers.java:613)
	at utils.Reporter.reportStep(Reporter.java:20)
	at wrappers.GenericWrappers.takeSnap(GenericWrappers.java:613)
	at utils.Reporter.reportStep(Reporter.java:20)
	at wrappers.GenericWrappers.takeSnap(GenericWrappers.java:613)
	at utils.Reporter.reportStep(Reporter.java:20)
	at wrappers.GenericWrappers.takeSnap(GenericWrappers.java:613)
	at utils.Reporter.reportStep(Reporter.java:20)
	at wrappers.GenericWrappers.takeSnap(GenericWrappers.java:613)
	at utils.Reporter.reportStep(Reporter.java:20)
	at wrappers.GenericWrappers.takeSnap(GenericWrappers.java:613)
	at utils.Reporter.reportStep(Reporter.java:20)
	at wrappers.GenericWrappers.takeSnap(GenericWrappers.java:613)
	at utils.Reporter.reportStep(Reporter.java:20)
	at wrappers.GenericWrappers.takeSnap(GenericWrappers.java:613)
	at utils.Reporter.reportStep(Reporter.java:20)
	at wrappers.GenericWrappers.takeSnap(GenericWrappers.java:613)
	at utils.Reporter.reportStep(Reporter.java:20)
	at wrappers.GenericWrappers.takeSnap(GenericWrappers.java:613)
	at utils.Reporter.reportStep(Reporter.java:20)
	at wrappers.GenericWrappers.takeSnap(GenericWrappers.java:613)
	at utils.Reporter.reportStep(Reporter.java:20)
	at wrappers.GenericWrappers.takeSnap(GenericWrappers.java:613)
	at utils.Reporter.reportStep(Reporter.java:20)
	at wrappers.GenericWrappers.takeSnap(GenericWrappers.java:613)
	at utils.Reporter.reportStep(Reporter.java:20)
	at wrappers.GenericWrappers.takeSnap(GenericWrappers.java:613)
	at utils.Reporter.reportStep(Reporter.java:20)
	at wrappers.GenericWrappers.takeSnap(GenericWrappers.java:613)
	at utils.Reporter.reportStep(Reporter.java:20)
	at wrappers.GenericWrappers.takeSnap(GenericWrappers.java:613)
	at utils.Reporter.reportStep(Reporter.java:20)
	at wrappers.GenericWrappers.takeSnap(GenericWrappers.java:613)
	at utils.Reporter.reportStep(Reporter.java:20)
	at wrappers.GenericWrappers.takeSnap(GenericWrappers.java:613)
	at utils.Reporter.reportStep(Reporter.java:20)
	at wrappers.GenericWrappers.takeSnap(GenericWrappers.java:613)
	at utils.Reporter.reportStep(Reporter.java:20)
	at wrappers.GenericWrappers.takeSnap(GenericWrappers.java:613)
	at utils.Reporter.reportStep(Reporter.java:20)
	at wrappers.GenericWrappers.takeSnap(GenericWrappers.java:613)
	at utils.Reporter.reportStep(Reporter.java:20)
	at wrappers.GenericWrappers.takeSnap(GenericWrappers.java:613)
	at utils.Reporter.reportStep(Reporter.java:20)
	at wrappers.GenericWrappers.takeSnap(GenericWrappers.java:613)
	at utils.Reporter.reportStep(Reporter.java:20)
	at wrappers.GenericWrappers.takeSnap(GenericWrappers.java:613)
	at utils.Reporter.reportStep(Reporter.java:20)
	at wrappers.GenericWrappers.takeSnap(GenericWrappers.java:613)
	at utils.Reporter.reportStep(Reporter.java:20)
	at wrappers.GenericWrappers.takeSnap(GenericWrappers.java:613)
	at utils.Reporter.reportStep(Reporter.java:20)
	at wrappers.GenericWrappers.takeSnap(GenericWrappers.java:613)
	at utils.Reporter.reportStep(Reporter.java:20)
	at wrappers.GenericWrappers.takeSnap(GenericWrappers.java:613)
	at utils.Reporter.reportStep(Reporter.java:20)
	at wrappers.GenericWrappers.takeSnap(GenericWrappers.java:613)
	at utils.Reporter.reportStep(Reporter.java:20)
	at wrappers.GenericWrappers.takeSnap(GenericWrappers.java:613)
	at utils.Reporter.reportStep(Reporter.java:20)
	at wrappers.GenericWrappers.takeSnap(GenericWrappers.java:613)
	at utils.Reporter.reportStep(Reporter.java:20)
	at wrappers.GenericWrappers.takeSnap(GenericWrappers.java:613)
	at utils.Reporter.reportStep(Reporter.java:20)
	at wrappers.GenericWrappers.takeSnap(GenericWrappers.java:613)
	at utils.Reporter.reportStep(Reporter.java:20)
	at wrappers.GenericWrappers.takeSnap(GenericWrappers.java:613)
	at utils.Reporter.reportStep(Reporter.java:20)
	at wrappers.GenericWrappers.takeSnap(GenericWrappers.java:613)
	at utils.Reporter.reportStep(Reporter.java:20)
	at wrappers.GenericWrappers.takeSnap(GenericWrappers.java:613)
	at utils.Reporter.reportStep(Reporter.java:20)
	at wrappers.GenericWrappers.takeSnap(GenericWrappers.java:613)
	at utils.Reporter.reportStep(Reporter.java:20)
	at wrappers.GenericWrappers.takeSnap(GenericWrappers.java:613)
	at utils.Reporter.reportStep(Reporter.java:20)
	at wrappers.GenericWrappers.takeSnap(GenericWrappers.java:613)
	at utils.Reporter.reportStep(Reporter.java:20)
	at wrappers.GenericWrappers.takeSnap(GenericWrappers.java:613)
	at utils.Reporter.reportStep(Reporter.java:20)
	at wrappers.GenericWrappers.takeSnap(GenericWrappers.java:613)
	at utils.Reporter.reportStep(Reporter.java:20)
	at wrappers.GenericWrappers.takeSnap(GenericWrappers.java:613)
	at utils.Reporter.reportStep(Reporter.java:20)
	at wrappers.GenericWrappers.takeSnap(GenericWrappers.java:613)
	at utils.Reporter.reportStep(Reporter.java:20)
	at wrappers.GenericWrappers.takeSnap(GenericWrappers.java:613)
	at utils.Reporter.reportStep(Reporter.java:20)
	at wrappers.GenericWrappers.takeSnap(GenericWrappers.java:613)
	at utils.Reporter.reportStep(Reporter.java:20)
	at wrappers.GenericWrappers.takeSnap(GenericWrappers.java:613)
	at utils.Reporter.reportStep(Reporter.java:20)
	at wrappers.GenericWrappers.takeSnap(GenericWrappers.java:613)
	at utils.Reporter.reportStep(Reporter.java:20)
	at wrappers.GenericWrappers.takeSnap(GenericWrappers.java:613)
	at utils.Reporter.reportStep(Reporter.java:20)
	at wrappers.GenericWrappers.takeSnap(GenericWrappers.java:613)
	at utils.Reporter.reportStep(Reporter.java:20)
	at wrappers.GenericWrappers.takeSnap(GenericWrappers.java:613)
	at utils.Reporter.reportStep(Reporter.java:20)
	at wrappers.GenericWrappers.takeSnap(GenericWrappers.java:613)
	at utils.Reporter.reportStep(Reporter.java:20)
	at wrappers.GenericWrappers.takeSnap(GenericWrappers.java:613)
	at utils.Reporter.reportStep(Reporter.java:20)
	at wrappers.GenericWrappers.takeSnap(GenericWrappers.java:613)
	at utils.Reporter.reportStep(Reporter.java:20)
	at wrappers.GenericWrappers.takeSnap(GenericWrappers.java:613)
	at utils.Reporter.reportStep(Reporter.java:20)
	at wrappers.GenericWrappers.takeSnap(GenericWrappers.java:613)
	at utils.Reporter.reportStep(Reporter.java:20)
	at wrappers.GenericWrappers.takeSnap(GenericWrappers.java:613)
	at utils.Reporter.reportStep(Reporter.java:20)
	at wrappers.GenericWrappers.takeSnap(GenericWrappers.java:613)
	at utils.Reporter.reportStep(Reporter.java:20)
	at wrappers.GenericWrappers.takeSnap(GenericWrappers.java:613)
	at utils.Reporter.reportStep(Reporter.java:20)
	at wrappers.GenericWrappers.takeSnap(GenericWrappers.java:613)
	at utils.Reporter.reportStep(Reporter.java:20)
	at wrappers.GenericWrappers.takeSnap(GenericWrappers.java:613)
	at utils.Reporter.reportStep(Reporter.java:20)
	at wrappers.GenericWrappers.takeSnap(GenericWrappers.java:613)
	at utils.Reporter.reportStep(Reporter.java:20)
	at wrappers.GenericWrappers.takeSnap(GenericWrappers.java:613)
	at utils.Reporter.reportStep(Reporter.java:20)
	at wrappers.GenericWrappers.takeSnap(GenericWrappers.java:613)
	at utils.Reporter.reportStep(Reporter.java:20)
	at wrappers.GenericWrappers.takeSnap(GenericWrappers.java:613)
	at utils.Reporter.reportStep(Reporter.java:20)
	at wrappers.GenericWrappers.takeSnap(GenericWrappers.java:613)
	at utils.Reporter.reportStep(Reporter.java:20)
	at wrappers.GenericWrappers.takeSnap(GenericWrappers.java:613)
	at utils.Reporter.reportStep(Reporter.java:20)
	at wrappers.GenericWrappers.takeSnap(GenericWrappers.java:613)
	at utils.Reporter.reportStep(Reporter.java:20)
	at wrappers.GenericWrappers.takeSnap(GenericWrappers.java:613)
	at utils.Reporter.reportStep(Reporter.java:20)
	at wrappers.GenericWrappers.takeSnap(GenericWrappers.java:613)
	at utils.Reporter.reportStep(Reporter.java:20)
	at wrappers.GenericWrappers.takeSnap(GenericWrappers.java:613)
	at utils.Reporter.reportStep(Reporter.java:20)
	at wrappers.GenericWrappers.takeSnap(GenericWrappers.java:613)
	at utils.Reporter.reportStep(Reporter.java:20)
	at wrappers.GenericWrappers.takeSnap(GenericWrappers.java:613)
	at utils.Reporter.reportStep(Reporter.java:20)
	at wrappers.GenericWrappers.takeSnap(GenericWrappers.java:613)
	at utils.Reporter.reportStep(Reporter.java:20)
	at wrappers.GenericWrappers.takeSnap(GenericWrappers.java:613)
	at utils.Reporter.reportStep(Reporter.java:20)
	at wrappers.GenericWrappers.takeSnap(GenericWrappers.java:613)
	at utils.Reporter.reportStep(Reporter.java:20)
	at wrappers.GenericWrappers.takeSnap(GenericWrappers.java:613)
	at utils.Reporter.reportStep(Reporter.java:20)
	at wrappers.GenericWrappers.takeSnap(GenericWrappers.java:613)
	at utils.Reporter.reportStep(Reporter.java:20)
	at wrappers.GenericWrappers.takeSnap(GenericWrappers.java:613)
	at utils.Reporter.reportStep(Reporter.java:20)
	at wrappers.GenericWrappers.takeSnap(GenericWrappers.java:613)
	at utils.Reporter.reportStep(Reporter.java:20)
	at wrappers.GenericWrappers.takeSnap(GenericWrappers.java:613)
	at utils.Reporter.reportStep(Reporter.java:20)
	at wrappers.GenericWrappers.takeSnap(GenericWrappers.java:613)
	at utils.Reporter.reportStep(Reporter.java:20)
	at wrappers.GenericWrappers.takeSnap(GenericWrappers.java:613)
	at utils.Reporter.reportStep(Reporter.java:20)
	at wrappers.GenericWrappers.takeSnap(GenericWrappers.java:613)
	at utils.Reporter.reportStep(Reporter.java:20)
	at wrappers.GenericWrappers.takeSnap(GenericWrappers.java:613)
	at utils.Reporter.reportStep(Reporter.java:20)
	at wrappers.GenericWrappers.takeSnap(GenericWrappers.java:613)
	at utils.Reporter.reportStep(Reporter.java:20)
	at wrappers.GenericWrappers.takeSnap(GenericWrappers.java:613)
	at utils.Reporter.reportStep(Reporter.java:20)
	at wrappers.GenericWrappers.takeSnap(GenericWrappers.java:613)
	at utils.Reporter.reportStep(Reporter.java:20)
	at wrappers.GenericWrappers.takeSnap(GenericWrappers.java:613)
	at utils.Reporter.reportStep(Reporter.java:20)
	at wrappers.GenericWrappers.takeSnap(GenericWrappers.java:613)
	at utils.Reporter.reportStep(Reporter.java:20)
	at wrappers.GenericWrappers.takeSnap(GenericWrappers.java:613)
	at utils.Reporter.reportStep(Reporter.java:20)
	at wrappers.GenericWrappers.takeSnap(GenericWrappers.java:613)
	at utils.Reporter.reportStep(Reporter.java:20)
	at wrappers.GenericWrappers.takeSnap(GenericWrappers.java:613)
	at utils.Reporter.reportStep(Reporter.java:20)
	at wrappers.GenericWrappers.takeSnap(GenericWrappers.java:613)
	at utils.Reporter.reportStep(Reporter.java:20)
	at wrappers.GenericWrappers.takeSnap(GenericWrappers.java:613)
	at utils.Reporter.reportStep(Reporter.java:20)
	at wrappers.GenericWrappers.takeSnap(GenericWrappers.java:613)
	at utils.Reporter.reportStep(Reporter.java:20)
	at wrappers.GenericWrappers.takeSnap(GenericWrappers.java:613)
	at utils.Reporter.reportStep(Reporter.java:20)
	at wrappers.GenericWrappers.takeSnap(GenericWrappers.java:613)
	at utils.Reporter.reportStep(Reporter.java:20)
	at wrappers.GenericWrappers.takeSnap(GenericWrappers.java:613)
	at utils.Reporter.reportStep(Reporter.java:20)
	at wrappers.GenericWrappers.takeSnap(GenericWrappers.java:613)
	at utils.Reporter.reportStep(Reporter.java:20)
	at wrappers.GenericWrappers.takeSnap(GenericWrappers.java:613)
	at utils.Reporter.reportStep(Reporter.java:20)
	at wrappers.GenericWrappers.takeSnap(GenericWrappers.java:613)
	at utils.Reporter.reportStep(Reporter.java:20)
	at wrappers.GenericWrappers.takeSnap(GenericWrappers.java:613)
	at utils.Reporter.reportStep(Reporter.java:20)
	at wrappers.GenericWrappers.takeSnap(GenericWrappers.java:613)
	at utils.Reporter.reportStep(Reporter.java:20)
	at wrappers.GenericWrappers.takeSnap(GenericWrappers.java:613)
	at utils.Reporter.reportStep(Reporter.java:20)
	at wrappers.GenericWrappers.takeSnap(GenericWrappers.java:613)
	at utils.Reporter.reportStep(Reporter.java:20)
	at wrappers.GenericWrappers.takeSnap(GenericWrappers.java:613)
	at utils.Reporter.reportStep(Reporter.java:20)
	at wrappers.GenericWrappers.takeSnap(GenericWrappers.java:613)
	at utils.Reporter.reportStep(Reporter.java:20)
	at wrappers.GenericWrappers.takeSnap(GenericWrappers.java:613)
	at utils.Reporter.reportStep(Reporter.java:20)
	at wrappers.GenericWrappers.takeSnap(GenericWrappers.java:613)
	at utils.Reporter.reportStep(Reporter.java:20)
	at wrappers.GenericWrappers.takeSnap(GenericWrappers.java:613)
	at utils.Reporter.reportStep(Reporter.java:20)
	at wrappers.GenericWrappers.takeSnap(GenericWrappers.java:613)
	at utils.Reporter.reportStep(Reporter.java:20)
	at wrappers.GenericWrappers.takeSnap(GenericWrappers.java:613)
	at utils.Reporter.reportStep(Reporter.java:20)
	at wrappers.GenericWrappers.takeSnap(GenericWrappers.java:613)
	at utils.Reporter.reportStep(Reporter.java:20)
	at wrappers.GenericWrappers.takeSnap(GenericWrappers.java:613)
	at utils.Reporter.reportStep(Reporter.java:20)
	at wrappers.GenericWrappers.takeSnap(GenericWrappers.java:613)
	at utils.Reporter.reportStep(Reporter.java:20)
	at wrappers.GenericWrappers.takeSnap(GenericWrappers.java:613)
	at utils.Reporter.reportStep(Reporter.java:20)
	at wrappers.GenericWrappers.takeSnap(GenericWrappers.java:613)
	at utils.Reporter.reportStep(Reporter.java:20)
	at wrappers.GenericWrappers.takeSnap(GenericWrappers.java:613)
	at utils.Reporter.reportStep(Reporter.java:20)
	at wrappers.GenericWrappers.takeSnap(GenericWrappers.java:613)
	at utils.Reporter.reportStep(Reporter.java:20)
	at wrappers.GenericWrappers.takeSnap(GenericWrappers.java:613)
	at utils.Reporter.reportStep(Reporter.java:20)
	at wrappers.GenericWrappers.takeSnap(GenericWrappers.java:613)
	at utils.Reporter.reportStep(Reporter.java:20)
	at wrappers.GenericWrappers.takeSnap(GenericWrappers.java:613)
	at utils.Reporter.reportStep(Reporter.java:20)
	at wrappers.GenericWrappers.takeSnap(GenericWrappers.java:613)
	at utils.Reporter.reportStep(Reporter.java:20)
	at wrappers.GenericWrappers.takeSnap(GenericWrappers.java:613)
	at utils.Reporter.reportStep(Reporter.java:20)
	at wrappers.GenericWrappers.takeSnap(GenericWrappers.java:613)
	at utils.Reporter.reportStep(Reporter.java:20)
	at wrappers.GenericWrappers.takeSnap(GenericWrappers.java:613)
	at utils.Reporter.reportStep(Reporter.java:20)
	at wrappers.GenericWrappers.takeSnap(GenericWrappers.java:613)
	at utils.Reporter.reportStep(Reporter.java:20)
	at wrappers.GenericWrappers.takeSnap(GenericWrappers.java:613)
	at utils.Reporter.reportStep(Reporter.java:20)
	at wrappers.GenericWrappers.takeSnap(GenericWrappers.java:613)
	at utils.Reporter.reportStep(Reporter.java:20)
	at wrappers.GenericWrappers.takeSnap(GenericWrappers.java:613)
	at utils.Reporter.reportStep(Reporter.java:20)
	at wrappers.GenericWrappers.takeSnap(GenericWrappers.java:613)
	at utils.Reporter.reportStep(Reporter.java:20)
	at wrappers.GenericWrappers.takeSnap(GenericWrappers.java:613)
	at utils.Reporter.reportStep(Reporter.java:20)
	at wrappers.GenericWrappers.takeSnap(GenericWrappers.java:613)
	at utils.Reporter.reportStep(Reporter.java:20)
	at wrappers.GenericWrappers.takeSnap(GenericWrappers.java:613)
	at utils.Reporter.reportStep(Reporter.java:20)
	at wrappers.GenericWrappers.takeSnap(GenericWrappers.java:613)
	at utils.Reporter.reportStep(Reporter.java:20)
	at wrappers.GenericWrappers.takeSnap(GenericWrappers.java:613)
	at utils.Reporter.reportStep(Reporter.java:20)
	at wrappers.GenericWrappers.takeSnap(GenericWrappers.java:613)
	at utils.Reporter.reportStep(Reporter.java:20)
	at wrappers.GenericWrappers.takeSnap(GenericWrappers.java:613)
	at utils.Reporter.reportStep(Reporter.java:20)
	at wrappers.GenericWrappers.takeSnap(GenericWrappers.java:613)
	at utils.Reporter.reportStep(Reporter.java:20)
	at wrappers.GenericWrappers.takeSnap(GenericWrappers.java:613)
	at utils.Reporter.reportStep(Reporter.java:20)
	at wrappers.GenericWrappers.takeSnap(GenericWrappers.java:613)
	at utils.Reporter.reportStep(Reporter.java:20)
	at wrappers.GenericWrappers.takeSnap(GenericWrappers.java:613)
	at utils.Reporter.reportStep(Reporter.java:20)
	at wrappers.GenericWrappers.takeSnap(GenericWrappers.java:613)
	at utils.Reporter.reportStep(Reporter.java:20)
	at wrappers.GenericWrappers.takeSnap(GenericWrappers.java:613)
	at utils.Reporter.reportStep(Reporter.java:20)
	at wrappers.GenericWrappers.takeSnap(GenericWrappers.java:613)
	at utils.Reporter.reportStep(Reporter.java:20)
	at wrappers.GenericWrappers.takeSnap(GenericWrappers.java:613)
	at utils.Reporter.reportStep(Reporter.java:20)
	at wrappers.GenericWrappers.takeSnap(GenericWrappers.java:613)
	at utils.Reporter.reportStep(Reporter.java:20)
	at wrappers.GenericWrappers.takeSnap(GenericWrappers.java:613)
	at utils.Reporter.reportStep(Reporter.java:20)
	at wrappers.GenericWrappers.takeSnap(GenericWrappers.java:613)
	at utils.Reporter.reportStep(Reporter.java:20)
	at wrappers.GenericWrappers.takeSnap(GenericWrappers.java:613)
	at utils.Reporter.reportStep(Reporter.java:20)
	at wrappers.GenericWrappers.takeSnap(GenericWrappers.java:613)
	at utils.Reporter.reportStep(Reporter.java:20)
	at wrappers.GenericWrappers.takeSnap(GenericWrappers.java:613)
	at utils.Reporter.reportStep(Reporter.java:20)
	at wrappers.GenericWrappers.takeSnap(GenericWrappers.java:613)
	at utils.Reporter.reportStep(Reporter.java:20)
	at wrappers.GenericWrappers.takeSnap(GenericWrappers.java:613)
	at utils.Reporter.reportStep(Reporter.java:20)
	at wrappers.GenericWrappers.takeSnap(GenericWrappers.java:613)
	at utils.Reporter.reportStep(Reporter.java:20)
	at wrappers.GenericWrappers.takeSnap(GenericWrappers.java:613)
	at utils.Reporter.reportStep(Reporter.java:20)
	at wrappers.GenericWrappers.takeSnap(GenericWrappers.java:613)
	at utils.Reporter.reportStep(Reporter.java:20)
	at wrappers.GenericWrappers.takeSnap(GenericWrappers.java:613)
	at utils.Reporter.reportStep(Reporter.java:20)
	at wrappers.GenericWrappers.takeSnap(GenericWrappers.java:613)
	at utils.Reporter.reportStep(Reporter.java:20)
	at wrappers.GenericWrappers.takeSnap(GenericWrappers.java:613)
	at utils.Reporter.reportStep(Reporter.java:20)
	at wrappers.GenericWrappers.takeSnap(GenericWrappers.java:613)
	at utils.Reporter.reportStep(Reporter.java:20)
	at wrappers.GenericWrappers.takeSnap(GenericWrappers.java:613)
	at utils.Reporter.reportStep(Reporter.java:20)
	at wrappers.GenericWrappers.takeSnap(GenericWrappers.java:613)
	at utils.Reporter.reportStep(Reporter.java:20)
	at wrappers.GenericWrappers.takeSnap(GenericWrappers.java:613)
	at utils.Reporter.reportStep(Reporter.java:20)
	at wrappers.GenericWrappers.takeSnap(GenericWrappers.java:613)
	at utils.Reporter.reportStep(Reporter.java:20)
	at wrappers.GenericWrappers.takeSnap(GenericWrappers.java:613)
	at utils.Reporter.reportStep(Reporter.java:20)
	at wrappers.GenericWrappers.takeSnap(GenericWrappers.java:613)
	at utils.Reporter.reportStep(Reporter.java:20)
	at wrappers.GenericWrappers.takeSnap(GenericWrappers.java:613)
	at utils.Reporter.reportStep(Reporter.java:20)
	at wrappers.GenericWrappers.takeSnap(GenericWrappers.java:613)
	at utils.Reporter.reportStep(Reporter.java:20)
	at wrappers.GenericWrappers.takeSnap(GenericWrappers.java:613)
	at utils.Reporter.reportStep(Reporter.java:20)
	at wrappers.GenericWrappers.takeSnap(GenericWrappers.java:613)
	at utils.Reporter.reportStep(Reporter.java:20)
	at wrappers.GenericWrappers.takeSnap(GenericWrappers.java:613)
	at utils.Reporter.reportStep(Reporter.java:20)
	at wrappers.GenericWrappers.takeSnap(GenericWrappers.java:613)
	at utils.Reporter.reportStep(Reporter.java:20)
	at wrappers.GenericWrappers.takeSnap(GenericWrappers.java:613)
	at utils.Reporter.reportStep(Reporter.java:20)
	at wrappers.GenericWrappers.takeSnap(GenericWrappers.java:613)
	at utils.Reporter.reportStep(Reporter.java:20)
	at wrappers.GenericWrappers.takeSnap(GenericWrappers.java:613)
	at utils.Reporter.reportStep(Reporter.java:20)
	at wrappers.GenericWrappers.takeSnap(GenericWrappers.java:613)
	at utils.Reporter.reportStep(Reporter.java:20)
	at wrappers.GenericWrappers.takeSnap(GenericWrappers.java:613)
	at utils.Reporter.reportStep(Reporter.java:20)
	at wrappers.GenericWrappers.takeSnap(GenericWrappers.java:613)
	at utils.Reporter.reportStep(Reporter.java:20)
	at wrappers.GenericWrappers.takeSnap(GenericWrappers.java:613)
	at utils.Reporter.reportStep(Reporter.java:20)
	at wrappers.GenericWrappers.takeSnap(GenericWrappers.java:613)
	at utils.Reporter.reportStep(Reporter.java:20)
	at wrappers.GenericWrappers.takeSnap(GenericWrappers.java:613)
	at utils.Reporter.reportStep(Reporter.java:20)
	at wrappers.GenericWrappers.takeSnap(GenericWrappers.java:613)
	at utils.Reporter.reportStep(Reporter.java:20)
	at wrappers.GenericWrappers.takeSnap(GenericWrappers.java:613)
	at utils.Reporter.reportStep(Reporter.java:20)
	at wrappers.GenericWrappers.takeSnap(GenericWrappers.java:613)
	at utils.Reporter.reportStep(Reporter.java:20)
	at wrappers.GenericWrappers.takeSnap(GenericWrappers.java:613)
	at utils.Reporter.reportStep(Reporter.java:20)
	at wrappers.GenericWrappers.takeSnap(GenericWrappers.java:613)
	at utils.Reporter.reportStep(Reporter.java:20)
	at wrappers.GenericWrappers.takeSnap(GenericWrappers.java:613)
	at utils.Reporter.reportStep(Reporter.java:20)
	at wrappers.GenericWrappers.takeSnap(GenericWrappers.java:613)
	at utils.Reporter.reportStep(Reporter.java:20)
	at wrappers.GenericWrappers.takeSnap(GenericWrappers.java:613)
	at utils.Reporter.reportStep(Reporter.java:20)
	at wrappers.GenericWrappers.takeSnap(GenericWrappers.java:613)
	at utils.Reporter.reportStep(Reporter.java:20)
	at wrappers.GenericWrappers.takeSnap(GenericWrappers.java:613)
	at utils.Reporter.reportStep(Reporter.java:20)
	at wrappers.GenericWrappers.takeSnap(GenericWrappers.java:613)
	at utils.Reporter.reportStep(Reporter.java:20)
	at wrappers.GenericWrappers.takeSnap(GenericWrappers.java:613)
	at utils.Reporter.reportStep(Reporter.java:20)
	at wrappers.GenericWrappers.takeSnap(GenericWrappers.java:613)
	at utils.Reporter.reportStep(Reporter.java:20)
	at wrappers.GenericWrappers.takeSnap(GenericWrappers.java:613)
	at utils.Reporter.reportStep(Reporter.java:20)
	at wrappers.GenericWrappers.takeSnap(GenericWrappers.java:613)
	at utils.Reporter.reportStep(Reporter.java:20)
	at wrappers.GenericWrappers.takeSnap(GenericWrappers.java:613)
	at utils.Reporter.reportStep(Reporter.java:20)
	at wrappers.GenericWrappers.takeSnap(GenericWrappers.java:613)
	at utils.Reporter.reportStep(Reporter.java:20)
	at wrappers.GenericWrappers.takeSnap(GenericWrappers.java:613)
	at utils.Reporter.reportStep(Reporter.java:20)
	at wrappers.GenericWrappers.takeSnap(GenericWrappers.java:613)
	at utils.Reporter.reportStep(Reporter.java:20)
	at wrappers.GenericWrappers.takeSnap(GenericWrappers.java:613)
	at utils.Reporter.reportStep(Reporter.java:20)
	at wrappers.GenericWrappers.takeSnap(GenericWrappers.java:613)
	at utils.Reporter.reportStep(Reporter.java:20)
	at wrappers.GenericWrappers.takeSnap(GenericWrappers.java:613)
	at utils.Reporter.reportStep(Reporter.java:20)
	at wrappers.GenericWrappers.takeSnap(GenericWrappers.java:613)
	at utils.Reporter.reportStep(Reporter.java:20)
	at wrappers.GenericWrappers.takeSnap(GenericWrappers.java:613)
	at utils.Reporter.reportStep(Reporter.java:20)
	at wrappers.GenericWrappers.takeSnap(GenericWrappers.java:613)
	at utils.Reporter.reportStep(Reporter.java:20)
	at wrappers.GenericWrappers.takeSnap(GenericWrappers.java:613)
	at utils.Reporter.reportStep(Reporter.java:20)
	at wrappers.GenericWrappers.takeSnap(GenericWrappers.java:613)
	at utils.Reporter.reportStep(Reporter.java:20)
	at wrappers.GenericWrappers.takeSnap(GenericWrappers.java:613)
	at utils.Reporter.reportStep(Reporter.java:20)
	at wrappers.GenericWrappers.takeSnap(GenericWrappers.java:613)
	at utils.Reporter.reportStep(Reporter.java:20)
	at wrappers.GenericWrappers.takeSnap(GenericWrappers.java:613)
	at utils.Reporter.reportStep(Reporter.java:20)
	at wrappers.GenericWrappers.takeSnap(GenericWrappers.java:613)
	at utils.Reporter.reportStep(Reporter.java:20)
	at wrappers.GenericWrappers.takeSnap(GenericWrappers.java:613)
	at utils.Reporter.reportStep(Reporter.java:20)
	at wrappers.GenericWrappers.takeSnap(GenericWrappers.java:613)
	at utils.Reporter.reportStep(Reporter.java:20)
	at wrappers.GenericWrappers.takeSnap(GenericWrappers.java:613)
	at utils.Reporter.reportStep(Reporter.java:20)
	at wrappers.GenericWrappers.takeSnap(GenericWrappers.java:613)
	at utils.Reporter.reportStep(Reporter.java:20)
	at wrappers.GenericWrappers.takeSnap(GenericWrappers.java:613)
	at utils.Reporter.reportStep(Reporter.java:20)
	at wrappers.GenericWrappers.takeSnap(GenericWrappers.java:613)
	at utils.Reporter.reportStep(Reporter.java:20)
	at wrappers.GenericWrappers.takeSnap(GenericWrappers.java:613)
	at utils.Reporter.reportStep(Reporter.java:20)
	at wrappers.GenericWrappers.takeSnap(GenericWrappers.java:613)
]]>
    </error>
  </testcase> <!-- login -->
  <testcase name="login" time="0.000" classname="testCases.TC001_Login">
    <error type="java.lang.StackOverflowError">
      <![CDATA[java.lang.StackOverflowError
	at java.util.regex.Pattern$Branch.match(Unknown Source)
	at java.util.regex.Pattern$BranchConn.match(Unknown Source)
	at java.util.regex.Pattern$GroupTail.match(Unknown Source)
	at java.util.regex.Pattern$Curly.match0(Unknown Source)
	at java.util.regex.Pattern$Curly.match(Unknown Source)
	at java.util.regex.Pattern$GroupHead.match(Unknown Source)
	at java.util.regex.Pattern$Branch.match(Unknown Source)
	at java.util.regex.Pattern$Branch.match(Unknown Source)
	at java.util.regex.Pattern$BmpCharProperty.match(Unknown Source)
	at java.util.regex.Pattern$Start.match(Unknown Source)
	at java.util.regex.Matcher.search(Unknown Source)
	at java.util.regex.Matcher.find(Unknown Source)
	at java.util.Formatter.parse(Unknown Source)
	at java.util.Formatter.format(Unknown Source)
	at java.util.Formatter.format(Unknown Source)
	at java.lang.String.format(Unknown Source)
	at org.openqa.selenium.remote.RemoteWebDriver.execute(RemoteWebDriver.java:549)
	at org.openqa.selenium.remote.RemoteWebDriver.execute(RemoteWebDriver.java:609)
	at org.openqa.selenium.remote.RemoteWebDriver.getScreenshotAs(RemoteWebDriver.java:295)
	at wrappers.GenericWrappers.takeSnap(GenericWrappers.java:610)
	at utils.Reporter.reportStep(Reporter.java:20)
	at wrappers.GenericWrappers.takeSnap(GenericWrappers.java:613)
	at utils.Reporter.reportStep(Reporter.java:20)
	at wrappers.GenericWrappers.takeSnap(GenericWrappers.java:613)
	at utils.Reporter.reportStep(Reporter.java:20)
	at wrappers.GenericWrappers.takeSnap(GenericWrappers.java:613)
	at utils.Reporter.reportStep(Reporter.java:20)
	at wrappers.GenericWrappers.takeSnap(GenericWrappers.java:613)
	at utils.Reporter.reportStep(Reporter.java:20)
	at wrappers.GenericWrappers.takeSnap(GenericWrappers.java:613)
	at utils.Reporter.reportStep(Reporter.java:20)
	at wrappers.GenericWrappers.takeSnap(GenericWrappers.java:613)
	at utils.Reporter.reportStep(Reporter.java:20)
	at wrappers.GenericWrappers.takeSnap(GenericWrappers.java:613)
	at utils.Reporter.reportStep(Reporter.java:20)
	at wrappers.GenericWrappers.takeSnap(GenericWrappers.java:613)
	at utils.Reporter.reportStep(Reporter.java:20)
	at wrappers.GenericWrappers.takeSnap(GenericWrappers.java:613)
	at utils.Reporter.reportStep(Reporter.java:20)
	at wrappers.GenericWrappers.takeSnap(GenericWrappers.java:613)
	at utils.Reporter.reportStep(Reporter.java:20)
	at wrappers.GenericWrappers.takeSnap(GenericWrappers.java:613)
	at utils.Reporter.reportStep(Reporter.java:20)
	at wrappers.GenericWrappers.takeSnap(GenericWrappers.java:613)
	at utils.Reporter.reportStep(Reporter.java:20)
	at wrappers.GenericWrappers.takeSnap(GenericWrappers.java:613)
	at utils.Reporter.reportStep(Reporter.java:20)
	at wrappers.GenericWrappers.takeSnap(GenericWrappers.java:613)
	at utils.Reporter.reportStep(Reporter.java:20)
	at wrappers.GenericWrappers.takeSnap(GenericWrappers.java:613)
	at utils.Reporter.reportStep(Reporter.java:20)
	at wrappers.GenericWrappers.takeSnap(GenericWrappers.java:613)
	at utils.Reporter.reportStep(Reporter.java:20)
	at wrappers.GenericWrappers.takeSnap(GenericWrappers.java:613)
	at utils.Reporter.reportStep(Reporter.java:20)
	at wrappers.GenericWrappers.takeSnap(GenericWrappers.java:613)
	at utils.Reporter.reportStep(Reporter.java:20)
	at wrappers.GenericWrappers.takeSnap(GenericWrappers.java:613)
	at utils.Reporter.reportStep(Reporter.java:20)
	at wrappers.GenericWrappers.takeSnap(GenericWrappers.java:613)
	at utils.Reporter.reportStep(Reporter.java:20)
	at wrappers.GenericWrappers.takeSnap(GenericWrappers.java:613)
	at utils.Reporter.reportStep(Reporter.java:20)
	at wrappers.GenericWrappers.takeSnap(GenericWrappers.java:613)
	at utils.Reporter.reportStep(Reporter.java:20)
	at wrappers.GenericWrappers.takeSnap(GenericWrappers.java:613)
	at utils.Reporter.reportStep(Reporter.java:20)
	at wrappers.GenericWrappers.takeSnap(GenericWrappers.java:613)
	at utils.Reporter.reportStep(Reporter.java:20)
	at wrappers.GenericWrappers.takeSnap(GenericWrappers.java:613)
	at utils.Reporter.reportStep(Reporter.java:20)
	at wrappers.GenericWrappers.takeSnap(GenericWrappers.java:613)
	at utils.Reporter.reportStep(Reporter.java:20)
	at wrappers.GenericWrappers.takeSnap(GenericWrappers.java:613)
	at utils.Reporter.reportStep(Reporter.java:20)
	at wrappers.GenericWrappers.takeSnap(GenericWrappers.java:613)
	at utils.Reporter.reportStep(Reporter.java:20)
	at wrappers.GenericWrappers.takeSnap(GenericWrappers.java:613)
	at utils.Reporter.reportStep(Reporter.java:20)
	at wrappers.GenericWrappers.takeSnap(GenericWrappers.java:613)
	at utils.Reporter.reportStep(Reporter.java:20)
	at wrappers.GenericWrappers.takeSnap(GenericWrappers.java:613)
	at utils.Reporter.reportStep(Reporter.java:20)
	at wrappers.GenericWrappers.takeSnap(GenericWrappers.java:613)
	at utils.Reporter.reportStep(Reporter.java:20)
	at wrappers.GenericWrappers.takeSnap(GenericWrappers.java:613)
	at utils.Reporter.reportStep(Reporter.java:20)
	at wrappers.GenericWrappers.takeSnap(GenericWrappers.java:613)
	at utils.Reporter.reportStep(Reporter.java:20)
	at wrappers.GenericWrappers.takeSnap(GenericWrappers.java:613)
	at utils.Reporter.reportStep(Reporter.java:20)
	at wrappers.GenericWrappers.takeSnap(GenericWrappers.java:613)
	at utils.Reporter.reportStep(Reporter.java:20)
	at wrappers.GenericWrappers.takeSnap(GenericWrappers.java:613)
	at utils.Reporter.reportStep(Reporter.java:20)
	at wrappers.GenericWrappers.takeSnap(GenericWrappers.java:613)
	at utils.Reporter.reportStep(Reporter.java:20)
	at wrappers.GenericWrappers.takeSnap(GenericWrappers.java:613)
	at utils.Reporter.reportStep(Reporter.java:20)
	at wrappers.GenericWrappers.takeSnap(GenericWrappers.java:613)
	at utils.Reporter.reportStep(Reporter.java:20)
	at wrappers.GenericWrappers.takeSnap(GenericWrappers.java:613)
	at utils.Reporter.reportStep(Reporter.java:20)
	at wrappers.GenericWrappers.takeSnap(GenericWrappers.java:613)
	at utils.Reporter.reportStep(Reporter.java:20)
	at wrappers.GenericWrappers.takeSnap(GenericWrappers.java:613)
	at utils.Reporter.reportStep(Reporter.java:20)
	at wrappers.GenericWrappers.takeSnap(GenericWrappers.java:613)
	at utils.Reporter.reportStep(Reporter.java:20)
	at wrappers.GenericWrappers.takeSnap(GenericWrappers.java:613)
	at utils.Reporter.reportStep(Reporter.java:20)
	at wrappers.GenericWrappers.takeSnap(GenericWrappers.java:613)
	at utils.Reporter.reportStep(Reporter.java:20)
	at wrappers.GenericWrappers.takeSnap(GenericWrappers.java:613)
	at utils.Reporter.reportStep(Reporter.java:20)
	at wrappers.GenericWrappers.takeSnap(GenericWrappers.java:613)
	at utils.Reporter.reportStep(Reporter.java:20)
	at wrappers.GenericWrappers.takeSnap(GenericWrappers.java:613)
	at utils.Reporter.reportStep(Reporter.java:20)
	at wrappers.GenericWrappers.takeSnap(GenericWrappers.java:613)
	at utils.Reporter.reportStep(Reporter.java:20)
	at wrappers.GenericWrappers.takeSnap(GenericWrappers.java:613)
	at utils.Reporter.reportStep(Reporter.java:20)
	at wrappers.GenericWrappers.takeSnap(GenericWrappers.java:613)
	at utils.Reporter.reportStep(Reporter.java:20)
	at wrappers.GenericWrappers.takeSnap(GenericWrappers.java:613)
	at utils.Reporter.reportStep(Reporter.java:20)
	at wrappers.GenericWrappers.takeSnap(GenericWrappers.java:613)
	at utils.Reporter.reportStep(Reporter.java:20)
	at wrappers.GenericWrappers.takeSnap(GenericWrappers.java:613)
	at utils.Reporter.reportStep(Reporter.java:20)
	at wrappers.GenericWrappers.takeSnap(GenericWrappers.java:613)
	at utils.Reporter.reportStep(Reporter.java:20)
	at wrappers.GenericWrappers.takeSnap(GenericWrappers.java:613)
	at utils.Reporter.reportStep(Reporter.java:20)
	at wrappers.GenericWrappers.takeSnap(GenericWrappers.java:613)
	at utils.Reporter.reportStep(Reporter.java:20)
	at wrappers.GenericWrappers.takeSnap(GenericWrappers.java:613)
	at utils.Reporter.reportStep(Reporter.java:20)
	at wrappers.GenericWrappers.takeSnap(GenericWrappers.java:613)
	at utils.Reporter.reportStep(Reporter.java:20)
	at wrappers.GenericWrappers.takeSnap(GenericWrappers.java:613)
	at utils.Reporter.reportStep(Reporter.java:20)
	at wrappers.GenericWrappers.takeSnap(GenericWrappers.java:613)
	at utils.Reporter.reportStep(Reporter.java:20)
	at wrappers.GenericWrappers.takeSnap(GenericWrappers.java:613)
	at utils.Reporter.reportStep(Reporter.java:20)
	at wrappers.GenericWrappers.takeSnap(GenericWrappers.java:613)
	at utils.Reporter.reportStep(Reporter.java:20)
	at wrappers.GenericWrappers.takeSnap(GenericWrappers.java:613)
	at utils.Reporter.reportStep(Reporter.java:20)
	at wrappers.GenericWrappers.takeSnap(GenericWrappers.java:613)
	at utils.Reporter.reportStep(Reporter.java:20)
	at wrappers.GenericWrappers.takeSnap(GenericWrappers.java:613)
	at utils.Reporter.reportStep(Reporter.java:20)
	at wrappers.GenericWrappers.takeSnap(GenericWrappers.java:613)
	at utils.Reporter.reportStep(Reporter.java:20)
	at wrappers.GenericWrappers.takeSnap(GenericWrappers.java:613)
	at utils.Reporter.reportStep(Reporter.java:20)
	at wrappers.GenericWrappers.takeSnap(GenericWrappers.java:613)
	at utils.Reporter.reportStep(Reporter.java:20)
	at wrappers.GenericWrappers.takeSnap(GenericWrappers.java:613)
	at utils.Reporter.reportStep(Reporter.java:20)
	at wrappers.GenericWrappers.takeSnap(GenericWrappers.java:613)
	at utils.Reporter.reportStep(Reporter.java:20)
	at wrappers.GenericWrappers.takeSnap(GenericWrappers.java:613)
	at utils.Reporter.reportStep(Reporter.java:20)
	at wrappers.GenericWrappers.takeSnap(GenericWrappers.java:613)
	at utils.Reporter.reportStep(Reporter.java:20)
	at wrappers.GenericWrappers.takeSnap(GenericWrappers.java:613)
	at utils.Reporter.reportStep(Reporter.java:20)
	at wrappers.GenericWrappers.takeSnap(GenericWrappers.java:613)
	at utils.Reporter.reportStep(Reporter.java:20)
	at wrappers.GenericWrappers.takeSnap(GenericWrappers.java:613)
	at utils.Reporter.reportStep(Reporter.java:20)
	at wrappers.GenericWrappers.takeSnap(GenericWrappers.java:613)
	at utils.Reporter.reportStep(Reporter.java:20)
	at wrappers.GenericWrappers.takeSnap(GenericWrappers.java:613)
	at utils.Reporter.reportStep(Reporter.java:20)
	at wrappers.GenericWrappers.takeSnap(GenericWrappers.java:613)
	at utils.Reporter.reportStep(Reporter.java:20)
	at wrappers.GenericWrappers.takeSnap(GenericWrappers.java:613)
	at utils.Reporter.reportStep(Reporter.java:20)
	at wrappers.GenericWrappers.takeSnap(GenericWrappers.java:613)
	at utils.Reporter.reportStep(Reporter.java:20)
	at wrappers.GenericWrappers.takeSnap(GenericWrappers.java:613)
	at utils.Reporter.reportStep(Reporter.java:20)
	at wrappers.GenericWrappers.takeSnap(GenericWrappers.java:613)
	at utils.Reporter.reportStep(Reporter.java:20)
	at wrappers.GenericWrappers.takeSnap(GenericWrappers.java:613)
	at utils.Reporter.reportStep(Reporter.java:20)
	at wrappers.GenericWrappers.takeSnap(GenericWrappers.java:613)
	at utils.Reporter.reportStep(Reporter.java:20)
	at wrappers.GenericWrappers.takeSnap(GenericWrappers.java:613)
	at utils.Reporter.reportStep(Reporter.java:20)
	at wrappers.GenericWrappers.takeSnap(GenericWrappers.java:613)
	at utils.Reporter.reportStep(Reporter.java:20)
	at wrappers.GenericWrappers.takeSnap(GenericWrappers.java:613)
	at utils.Reporter.reportStep(Reporter.java:20)
	at wrappers.GenericWrappers.takeSnap(GenericWrappers.java:613)
	at utils.Reporter.reportStep(Reporter.java:20)
	at wrappers.GenericWrappers.takeSnap(GenericWrappers.java:613)
	at utils.Reporter.reportStep(Reporter.java:20)
	at wrappers.GenericWrappers.takeSnap(GenericWrappers.java:613)
	at utils.Reporter.reportStep(Reporter.java:20)
	at wrappers.GenericWrappers.takeSnap(GenericWrappers.java:613)
	at utils.Reporter.reportStep(Reporter.java:20)
	at wrappers.GenericWrappers.takeSnap(GenericWrappers.java:613)
	at utils.Reporter.reportStep(Reporter.java:20)
	at wrappers.GenericWrappers.takeSnap(GenericWrappers.java:613)
	at utils.Reporter.reportStep(Reporter.java:20)
	at wrappers.GenericWrappers.takeSnap(GenericWrappers.java:613)
	at utils.Reporter.reportStep(Reporter.java:20)
	at wrappers.GenericWrappers.takeSnap(GenericWrappers.java:613)
	at utils.Reporter.reportStep(Reporter.java:20)
	at wrappers.GenericWrappers.takeSnap(GenericWrappers.java:613)
	at utils.Reporter.reportStep(Reporter.java:20)
	at wrappers.GenericWrappers.takeSnap(GenericWrappers.java:613)
	at utils.Reporter.reportStep(Reporter.java:20)
	at wrappers.GenericWrappers.takeSnap(GenericWrappers.java:613)
	at utils.Reporter.reportStep(Reporter.java:20)
	at wrappers.GenericWrappers.takeSnap(GenericWrappers.java:613)
	at utils.Reporter.reportStep(Reporter.java:20)
	at wrappers.GenericWrappers.takeSnap(GenericWrappers.java:613)
	at utils.Reporter.reportStep(Reporter.java:20)
	at wrappers.GenericWrappers.takeSnap(GenericWrappers.java:613)
	at utils.Reporter.reportStep(Reporter.java:20)
	at wrappers.GenericWrappers.takeSnap(GenericWrappers.java:613)
	at utils.Reporter.reportStep(Reporter.java:20)
	at wrappers.GenericWrappers.takeSnap(GenericWrappers.java:613)
	at utils.Reporter.reportStep(Reporter.java:20)
	at wrappers.GenericWrappers.takeSnap(GenericWrappers.java:613)
	at utils.Reporter.reportStep(Reporter.java:20)
	at wrappers.GenericWrappers.takeSnap(GenericWrappers.java:613)
	at utils.Reporter.reportStep(Reporter.java:20)
	at wrappers.GenericWrappers.takeSnap(GenericWrappers.java:613)
	at utils.Reporter.reportStep(Reporter.java:20)
	at wrappers.GenericWrappers.takeSnap(GenericWrappers.java:613)
	at utils.Reporter.reportStep(Reporter.java:20)
	at wrappers.GenericWrappers.takeSnap(GenericWrappers.java:613)
	at utils.Reporter.reportStep(Reporter.java:20)
	at wrappers.GenericWrappers.takeSnap(GenericWrappers.java:613)
	at utils.Reporter.reportStep(Reporter.java:20)
	at wrappers.GenericWrappers.takeSnap(GenericWrappers.java:613)
	at utils.Reporter.reportStep(Reporter.java:20)
	at wrappers.GenericWrappers.takeSnap(GenericWrappers.java:613)
	at utils.Reporter.reportStep(Reporter.java:20)
	at wrappers.GenericWrappers.takeSnap(GenericWrappers.java:613)
	at utils.Reporter.reportStep(Reporter.java:20)
	at wrappers.GenericWrappers.takeSnap(GenericWrappers.java:613)
	at utils.Reporter.reportStep(Reporter.java:20)
	at wrappers.GenericWrappers.takeSnap(GenericWrappers.java:613)
	at utils.Reporter.reportStep(Reporter.java:20)
	at wrappers.GenericWrappers.takeSnap(GenericWrappers.java:613)
	at utils.Reporter.reportStep(Reporter.java:20)
	at wrappers.GenericWrappers.takeSnap(GenericWrappers.java:613)
	at utils.Reporter.reportStep(Reporter.java:20)
	at wrappers.GenericWrappers.takeSnap(GenericWrappers.java:613)
	at utils.Reporter.reportStep(Reporter.java:20)
	at wrappers.GenericWrappers.takeSnap(GenericWrappers.java:613)
	at utils.Reporter.reportStep(Reporter.java:20)
	at wrappers.GenericWrappers.takeSnap(GenericWrappers.java:613)
	at utils.Reporter.reportStep(Reporter.java:20)
	at wrappers.GenericWrappers.takeSnap(GenericWrappers.java:613)
	at utils.Reporter.reportStep(Reporter.java:20)
	at wrappers.GenericWrappers.takeSnap(GenericWrappers.java:613)
	at utils.Reporter.reportStep(Reporter.java:20)
	at wrappers.GenericWrappers.takeSnap(GenericWrappers.java:613)
	at utils.Reporter.reportStep(Reporter.java:20)
	at wrappers.GenericWrappers.takeSnap(GenericWrappers.java:613)
	at utils.Reporter.reportStep(Reporter.java:20)
	at wrappers.GenericWrappers.takeSnap(GenericWrappers.java:613)
	at utils.Reporter.reportStep(Reporter.java:20)
	at wrappers.GenericWrappers.takeSnap(GenericWrappers.java:613)
	at utils.Reporter.reportStep(Reporter.java:20)
	at wrappers.GenericWrappers.takeSnap(GenericWrappers.java:613)
	at utils.Reporter.reportStep(Reporter.java:20)
	at wrappers.GenericWrappers.takeSnap(GenericWrappers.java:613)
	at utils.Reporter.reportStep(Reporter.java:20)
	at wrappers.GenericWrappers.takeSnap(GenericWrappers.java:613)
	at utils.Reporter.reportStep(Reporter.java:20)
	at wrappers.GenericWrappers.takeSnap(GenericWrappers.java:613)
	at utils.Reporter.reportStep(Reporter.java:20)
	at wrappers.GenericWrappers.takeSnap(GenericWrappers.java:613)
	at utils.Reporter.reportStep(Reporter.java:20)
	at wrappers.GenericWrappers.takeSnap(GenericWrappers.java:613)
	at utils.Reporter.reportStep(Reporter.java:20)
	at wrappers.GenericWrappers.takeSnap(GenericWrappers.java:613)
	at utils.Reporter.reportStep(Reporter.java:20)
	at wrappers.GenericWrappers.takeSnap(GenericWrappers.java:613)
	at utils.Reporter.reportStep(Reporter.java:20)
	at wrappers.GenericWrappers.takeSnap(GenericWrappers.java:613)
	at utils.Reporter.reportStep(Reporter.java:20)
	at wrappers.GenericWrappers.takeSnap(GenericWrappers.java:613)
	at utils.Reporter.reportStep(Reporter.java:20)
	at wrappers.GenericWrappers.takeSnap(GenericWrappers.java:613)
	at utils.Reporter.reportStep(Reporter.java:20)
	at wrappers.GenericWrappers.takeSnap(GenericWrappers.java:613)
	at utils.Reporter.reportStep(Reporter.java:20)
	at wrappers.GenericWrappers.takeSnap(GenericWrappers.java:613)
	at utils.Reporter.reportStep(Reporter.java:20)
	at wrappers.GenericWrappers.takeSnap(GenericWrappers.java:613)
	at utils.Reporter.reportStep(Reporter.java:20)
	at wrappers.GenericWrappers.takeSnap(GenericWrappers.java:613)
	at utils.Reporter.reportStep(Reporter.java:20)
	at wrappers.GenericWrappers.takeSnap(GenericWrappers.java:613)
	at utils.Reporter.reportStep(Reporter.java:20)
	at wrappers.GenericWrappers.takeSnap(GenericWrappers.java:613)
	at utils.Reporter.reportStep(Reporter.java:20)
	at wrappers.GenericWrappers.takeSnap(GenericWrappers.java:613)
	at utils.Reporter.reportStep(Reporter.java:20)
	at wrappers.GenericWrappers.takeSnap(GenericWrappers.java:613)
	at utils.Reporter.reportStep(Reporter.java:20)
	at wrappers.GenericWrappers.takeSnap(GenericWrappers.java:613)
	at utils.Reporter.reportStep(Reporter.java:20)
	at wrappers.GenericWrappers.takeSnap(GenericWrappers.java:613)
	at utils.Reporter.reportStep(Reporter.java:20)
	at wrappers.GenericWrappers.takeSnap(GenericWrappers.java:613)
	at utils.Reporter.reportStep(Reporter.java:20)
	at wrappers.GenericWrappers.takeSnap(GenericWrappers.java:613)
	at utils.Reporter.reportStep(Reporter.java:20)
	at wrappers.GenericWrappers.takeSnap(GenericWrappers.java:613)
	at utils.Reporter.reportStep(Reporter.java:20)
	at wrappers.GenericWrappers.takeSnap(GenericWrappers.java:613)
	at utils.Reporter.reportStep(Reporter.java:20)
	at wrappers.GenericWrappers.takeSnap(GenericWrappers.java:613)
	at utils.Reporter.reportStep(Reporter.java:20)
	at wrappers.GenericWrappers.takeSnap(GenericWrappers.java:613)
	at utils.Reporter.reportStep(Reporter.java:20)
	at wrappers.GenericWrappers.takeSnap(GenericWrappers.java:613)
	at utils.Reporter.reportStep(Reporter.java:20)
	at wrappers.GenericWrappers.takeSnap(GenericWrappers.java:613)
	at utils.Reporter.reportStep(Reporter.java:20)
	at wrappers.GenericWrappers.takeSnap(GenericWrappers.java:613)
	at utils.Reporter.reportStep(Reporter.java:20)
	at wrappers.GenericWrappers.takeSnap(GenericWrappers.java:613)
	at utils.Reporter.reportStep(Reporter.java:20)
	at wrappers.GenericWrappers.takeSnap(GenericWrappers.java:613)
	at utils.Reporter.reportStep(Reporter.java:20)
	at wrappers.GenericWrappers.takeSnap(GenericWrappers.java:613)
	at utils.Reporter.reportStep(Reporter.java:20)
	at wrappers.GenericWrappers.takeSnap(GenericWrappers.java:613)
	at utils.Reporter.reportStep(Reporter.java:20)
	at wrappers.GenericWrappers.takeSnap(GenericWrappers.java:613)
	at utils.Reporter.reportStep(Reporter.java:20)
	at wrappers.GenericWrappers.takeSnap(GenericWrappers.java:613)
	at utils.Reporter.reportStep(Reporter.java:20)
	at wrappers.GenericWrappers.takeSnap(GenericWrappers.java:613)
	at utils.Reporter.reportStep(Reporter.java:20)
	at wrappers.GenericWrappers.takeSnap(GenericWrappers.java:613)
	at utils.Reporter.reportStep(Reporter.java:20)
	at wrappers.GenericWrappers.takeSnap(GenericWrappers.java:613)
	at utils.Reporter.reportStep(Reporter.java:20)
	at wrappers.GenericWrappers.takeSnap(GenericWrappers.java:613)
	at utils.Reporter.reportStep(Reporter.java:20)
	at wrappers.GenericWrappers.takeSnap(GenericWrappers.java:613)
	at utils.Reporter.reportStep(Reporter.java:20)
	at wrappers.GenericWrappers.takeSnap(GenericWrappers.java:613)
	at utils.Reporter.reportStep(Reporter.java:20)
	at wrappers.GenericWrappers.takeSnap(GenericWrappers.java:613)
	at utils.Reporter.reportStep(Reporter.java:20)
	at wrappers.GenericWrappers.takeSnap(GenericWrappers.java:613)
	at utils.Reporter.reportStep(Reporter.java:20)
	at wrappers.GenericWrappers.takeSnap(GenericWrappers.java:613)
	at utils.Reporter.reportStep(Reporter.java:20)
	at wrappers.GenericWrappers.takeSnap(GenericWrappers.java:613)
	at utils.Reporter.reportStep(Reporter.java:20)
	at wrappers.GenericWrappers.takeSnap(GenericWrappers.java:613)
	at utils.Reporter.reportStep(Reporter.java:20)
	at wrappers.GenericWrappers.takeSnap(GenericWrappers.java:613)
	at utils.Reporter.reportStep(Reporter.java:20)
	at wrappers.GenericWrappers.takeSnap(GenericWrappers.java:613)
	at utils.Reporter.reportStep(Reporter.java:20)
	at wrappers.GenericWrappers.takeSnap(GenericWrappers.java:613)
	at utils.Reporter.reportStep(Reporter.java:20)
	at wrappers.GenericWrappers.takeSnap(GenericWrappers.java:613)
	at utils.Reporter.reportStep(Reporter.java:20)
	at wrappers.GenericWrappers.takeSnap(GenericWrappers.java:613)
	at utils.Reporter.reportStep(Reporter.java:20)
	at wrappers.GenericWrappers.takeSnap(GenericWrappers.java:613)
	at utils.Reporter.reportStep(Reporter.java:20)
	at wrappers.GenericWrappers.takeSnap(GenericWrappers.java:613)
	at utils.Reporter.reportStep(Reporter.java:20)
	at wrappers.GenericWrappers.takeSnap(GenericWrappers.java:613)
	at utils.Reporter.reportStep(Reporter.java:20)
	at wrappers.GenericWrappers.takeSnap(GenericWrappers.java:613)
	at utils.Reporter.reportStep(Reporter.java:20)
	at wrappers.GenericWrappers.takeSnap(GenericWrappers.java:613)
	at utils.Reporter.reportStep(Reporter.java:20)
	at wrappers.GenericWrappers.takeSnap(GenericWrappers.java:613)
	at utils.Reporter.reportStep(Reporter.java:20)
	at wrappers.GenericWrappers.takeSnap(GenericWrappers.java:613)
	at utils.Reporter.reportStep(Reporter.java:20)
	at wrappers.GenericWrappers.takeSnap(GenericWrappers.java:613)
	at utils.Reporter.reportStep(Reporter.java:20)
	at wrappers.GenericWrappers.takeSnap(GenericWrappers.java:613)
	at utils.Reporter.reportStep(Reporter.java:20)
	at wrappers.GenericWrappers.takeSnap(GenericWrappers.java:613)
	at utils.Reporter.reportStep(Reporter.java:20)
	at wrappers.GenericWrappers.takeSnap(GenericWrappers.java:613)
	at utils.Reporter.reportStep(Reporter.java:20)
	at wrappers.GenericWrappers.takeSnap(GenericWrappers.java:613)
	at utils.Reporter.reportStep(Reporter.java:20)
	at wrappers.GenericWrappers.takeSnap(GenericWrappers.java:613)
	at utils.Reporter.reportStep(Reporter.java:20)
	at wrappers.GenericWrappers.takeSnap(GenericWrappers.java:613)
	at utils.Reporter.reportStep(Reporter.java:20)
	at wrappers.GenericWrappers.takeSnap(GenericWrappers.java:613)
	at utils.Reporter.reportStep(Reporter.java:20)
	at wrappers.GenericWrappers.takeSnap(GenericWrappers.java:613)
	at utils.Reporter.reportStep(Reporter.java:20)
	at wrappers.GenericWrappers.takeSnap(GenericWrappers.java:613)
	at utils.Reporter.reportStep(Reporter.java:20)
	at wrappers.GenericWrappers.takeSnap(GenericWrappers.java:613)
	at utils.Reporter.reportStep(Reporter.java:20)
	at wrappers.GenericWrappers.takeSnap(GenericWrappers.java:613)
	at utils.Reporter.reportStep(Reporter.java:20)
	at wrappers.GenericWrappers.takeSnap(GenericWrappers.java:613)
	at utils.Reporter.reportStep(Reporter.java:20)
	at wrappers.GenericWrappers.takeSnap(GenericWrappers.java:613)
	at utils.Reporter.reportStep(Reporter.java:20)
	at wrappers.GenericWrappers.takeSnap(GenericWrappers.java:613)
	at utils.Reporter.reportStep(Reporter.java:20)
	at wrappers.GenericWrappers.takeSnap(GenericWrappers.java:613)
	at utils.Reporter.reportStep(Reporter.java:20)
	at wrappers.GenericWrappers.takeSnap(GenericWrappers.java:613)
	at utils.Reporter.reportStep(Reporter.java:20)
	at wrappers.GenericWrappers.takeSnap(GenericWrappers.java:613)
	at utils.Reporter.reportStep(Reporter.java:20)
	at wrappers.GenericWrappers.takeSnap(GenericWrappers.java:613)
	at utils.Reporter.reportStep(Reporter.java:20)
	at wrappers.GenericWrappers.takeSnap(GenericWrappers.java:613)
	at utils.Reporter.reportStep(Reporter.java:20)
	at wrappers.GenericWrappers.takeSnap(GenericWrappers.java:613)
	at utils.Reporter.reportStep(Reporter.java:20)
	at wrappers.GenericWrappers.takeSnap(GenericWrappers.java:613)
	at utils.Reporter.reportStep(Reporter.java:20)
	at wrappers.GenericWrappers.takeSnap(GenericWrappers.java:613)
	at utils.Reporter.reportStep(Reporter.java:20)
	at wrappers.GenericWrappers.takeSnap(GenericWrappers.java:613)
	at utils.Reporter.reportStep(Reporter.java:20)
	at wrappers.GenericWrappers.takeSnap(GenericWrappers.java:613)
	at utils.Reporter.reportStep(Reporter.java:20)
	at wrappers.GenericWrappers.takeSnap(GenericWrappers.java:613)
	at utils.Reporter.reportStep(Reporter.java:20)
	at wrappers.GenericWrappers.takeSnap(GenericWrappers.java:613)
	at utils.Reporter.reportStep(Reporter.java:20)
	at wrappers.GenericWrappers.takeSnap(GenericWrappers.java:613)
	at utils.Reporter.reportStep(Reporter.java:20)
	at wrappers.GenericWrappers.takeSnap(GenericWrappers.java:613)
	at utils.Reporter.reportStep(Reporter.java:20)
	at wrappers.GenericWrappers.takeSnap(GenericWrappers.java:613)
	at utils.Reporter.reportStep(Reporter.java:20)
	at wrappers.GenericWrappers.takeSnap(GenericWrappers.java:613)
	at utils.Reporter.reportStep(Reporter.java:20)
	at wrappers.GenericWrappers.takeSnap(GenericWrappers.java:613)
	at utils.Reporter.reportStep(Reporter.java:20)
	at wrappers.GenericWrappers.takeSnap(GenericWrappers.java:613)
	at utils.Reporter.reportStep(Reporter.java:20)
	at wrappers.GenericWrappers.takeSnap(GenericWrappers.java:613)
	at utils.Reporter.reportStep(Reporter.java:20)
	at wrappers.GenericWrappers.takeSnap(GenericWrappers.java:613)
	at utils.Reporter.reportStep(Reporter.java:20)
	at wrappers.GenericWrappers.takeSnap(GenericWrappers.java:613)
	at utils.Reporter.reportStep(Reporter.java:20)
	at wrappers.GenericWrappers.takeSnap(GenericWrappers.java:613)
	at utils.Reporter.reportStep(Reporter.java:20)
	at wrappers.GenericWrappers.takeSnap(GenericWrappers.java:613)
	at utils.Reporter.reportStep(Reporter.java:20)
	at wrappers.GenericWrappers.takeSnap(GenericWrappers.java:613)
	at utils.Reporter.reportStep(Reporter.java:20)
	at wrappers.GenericWrappers.takeSnap(GenericWrappers.java:613)
	at utils.Reporter.reportStep(Reporter.java:20)
	at wrappers.GenericWrappers.takeSnap(GenericWrappers.java:613)
	at utils.Reporter.reportStep(Reporter.java:20)
	at wrappers.GenericWrappers.takeSnap(GenericWrappers.java:613)
	at utils.Reporter.reportStep(Reporter.java:20)
	at wrappers.GenericWrappers.takeSnap(GenericWrappers.java:613)
	at utils.Reporter.reportStep(Reporter.java:20)
	at wrappers.GenericWrappers.takeSnap(GenericWrappers.java:613)
	at utils.Reporter.reportStep(Reporter.java:20)
	at wrappers.GenericWrappers.takeSnap(GenericWrappers.java:613)
	at utils.Reporter.reportStep(Reporter.java:20)
	at wrappers.GenericWrappers.takeSnap(GenericWrappers.java:613)
	at utils.Reporter.reportStep(Reporter.java:20)
	at wrappers.GenericWrappers.takeSnap(GenericWrappers.java:613)
	at utils.Reporter.reportStep(Reporter.java:20)
	at wrappers.GenericWrappers.takeSnap(GenericWrappers.java:613)
	at utils.Reporter.reportStep(Reporter.java:20)
	at wrappers.GenericWrappers.takeSnap(GenericWrappers.java:613)
	at utils.Reporter.reportStep(Reporter.java:20)
	at wrappers.GenericWrappers.takeSnap(GenericWrappers.java:613)
	at utils.Reporter.reportStep(Reporter.java:20)
	at wrappers.GenericWrappers.takeSnap(GenericWrappers.java:613)
	at utils.Reporter.reportStep(Reporter.java:20)
	at wrappers.GenericWrappers.takeSnap(GenericWrappers.java:613)
	at utils.Reporter.reportStep(Reporter.java:20)
	at wrappers.GenericWrappers.takeSnap(GenericWrappers.java:613)
	at utils.Reporter.reportStep(Reporter.java:20)
	at wrappers.GenericWrappers.takeSnap(GenericWrappers.java:613)
	at utils.Reporter.reportStep(Reporter.java:20)
	at wrappers.GenericWrappers.takeSnap(GenericWrappers.java:613)
	at utils.Reporter.reportStep(Reporter.java:20)
	at wrappers.GenericWrappers.takeSnap(GenericWrappers.java:613)
	at utils.Reporter.reportStep(Reporter.java:20)
	at wrappers.GenericWrappers.takeSnap(GenericWrappers.java:613)
	at utils.Reporter.reportStep(Reporter.java:20)
	at wrappers.GenericWrappers.takeSnap(GenericWrappers.java:613)
	at utils.Reporter.reportStep(Reporter.java:20)
	at wrappers.GenericWrappers.takeSnap(GenericWrappers.java:613)
	at utils.Reporter.reportStep(Reporter.java:20)
	at wrappers.GenericWrappers.takeSnap(GenericWrappers.java:613)
	at utils.Reporter.reportStep(Reporter.java:20)
	at wrappers.GenericWrappers.takeSnap(GenericWrappers.java:613)
	at utils.Reporter.reportStep(Reporter.java:20)
	at wrappers.GenericWrappers.takeSnap(GenericWrappers.java:613)
	at utils.Reporter.reportStep(Reporter.java:20)
	at wrappers.GenericWrappers.takeSnap(GenericWrappers.java:613)
	at utils.Reporter.reportStep(Reporter.java:20)
	at wrappers.GenericWrappers.takeSnap(GenericWrappers.java:613)
	at utils.Reporter.reportStep(Reporter.java:20)
	at wrappers.GenericWrappers.takeSnap(GenericWrappers.java:613)
	at utils.Reporter.reportStep(Reporter.java:20)
	at wrappers.GenericWrappers.takeSnap(GenericWrappers.java:613)
	at utils.Reporter.reportStep(Reporter.java:20)
	at wrappers.GenericWrappers.takeSnap(GenericWrappers.java:613)
	at utils.Reporter.reportStep(Reporter.java:20)
	at wrappers.GenericWrappers.takeSnap(GenericWrappers.java:613)
	at utils.Reporter.reportStep(Reporter.java:20)
	at wrappers.GenericWrappers.takeSnap(GenericWrappers.java:613)
	at utils.Reporter.reportStep(Reporter.java:20)
	at wrappers.GenericWrappers.takeSnap(GenericWrappers.java:613)
	at utils.Reporter.reportStep(Reporter.java:20)
	at wrappers.GenericWrappers.takeSnap(GenericWrappers.java:613)
	at utils.Reporter.reportStep(Reporter.java:20)
	at wrappers.GenericWrappers.takeSnap(GenericWrappers.java:613)
	at utils.Reporter.reportStep(Reporter.java:20)
	at wrappers.GenericWrappers.takeSnap(GenericWrappers.java:613)
	at utils.Reporter.reportStep(Reporter.java:20)
	at wrappers.GenericWrappers.takeSnap(GenericWrappers.java:613)
	at utils.Reporter.reportStep(Reporter.java:20)
	at wrappers.GenericWrappers.takeSnap(GenericWrappers.java:613)
	at utils.Reporter.reportStep(Reporter.java:20)
	at wrappers.GenericWrappers.takeSnap(GenericWrappers.java:613)
	at utils.Reporter.reportStep(Reporter.java:20)
	at wrappers.GenericWrappers.takeSnap(GenericWrappers.java:613)
	at utils.Reporter.reportStep(Reporter.java:20)
	at wrappers.GenericWrappers.takeSnap(GenericWrappers.java:613)
	at utils.Reporter.reportStep(Reporter.java:20)
	at wrappers.GenericWrappers.takeSnap(GenericWrappers.java:613)
	at utils.Reporter.reportStep(Reporter.java:20)
	at wrappers.GenericWrappers.takeSnap(GenericWrappers.java:613)
	at utils.Reporter.reportStep(Reporter.java:20)
	at wrappers.GenericWrappers.takeSnap(GenericWrappers.java:613)
	at utils.Reporter.reportStep(Reporter.java:20)
	at wrappers.GenericWrappers.takeSnap(GenericWrappers.java:613)
	at utils.Reporter.reportStep(Reporter.java:20)
	at wrappers.GenericWrappers.takeSnap(GenericWrappers.java:613)
	at utils.Reporter.reportStep(Reporter.java:20)
	at wrappers.GenericWrappers.takeSnap(GenericWrappers.java:613)
	at utils.Reporter.reportStep(Reporter.java:20)
	at wrappers.GenericWrappers.takeSnap(GenericWrappers.java:613)
	at utils.Reporter.reportStep(Reporter.java:20)
	at wrappers.GenericWrappers.takeSnap(GenericWrappers.java:613)
	at utils.Reporter.reportStep(Reporter.java:20)
	at wrappers.GenericWrappers.takeSnap(GenericWrappers.java:613)
	at utils.Reporter.reportStep(Reporter.java:20)
	at wrappers.GenericWrappers.takeSnap(GenericWrappers.java:613)
	at utils.Reporter.reportStep(Reporter.java:20)
	at wrappers.GenericWrappers.takeSnap(GenericWrappers.java:613)
	at utils.Reporter.reportStep(Reporter.java:20)
	at wrappers.GenericWrappers.takeSnap(GenericWrappers.java:613)
	at utils.Reporter.reportStep(Reporter.java:20)
	at wrappers.GenericWrappers.takeSnap(GenericWrappers.java:613)
	at utils.Reporter.reportStep(Reporter.java:20)
	at wrappers.GenericWrappers.takeSnap(GenericWrappers.java:613)
	at utils.Reporter.reportStep(Reporter.java:20)
	at wrappers.GenericWrappers.takeSnap(GenericWrappers.java:613)
	at utils.Reporter.reportStep(Reporter.java:20)
	at wrappers.GenericWrappers.takeSnap(GenericWrappers.java:613)
	at utils.Reporter.reportStep(Reporter.java:20)
	at wrappers.GenericWrappers.takeSnap(GenericWrappers.java:613)
	at utils.Reporter.reportStep(Reporter.java:20)
	at wrappers.GenericWrappers.takeSnap(GenericWrappers.java:613)
	at utils.Reporter.reportStep(Reporter.java:20)
	at wrappers.GenericWrappers.takeSnap(GenericWrappers.java:613)
	at utils.Reporter.reportStep(Reporter.java:20)
	at wrappers.GenericWrappers.takeSnap(GenericWrappers.java:613)
	at utils.Reporter.reportStep(Reporter.java:20)
	at wrappers.GenericWrappers.takeSnap(GenericWrappers.java:613)
	at utils.Reporter.reportStep(Reporter.java:20)
	at wrappers.GenericWrappers.takeSnap(GenericWrappers.java:613)
	at utils.Reporter.reportStep(Reporter.java:20)
	at wrappers.GenericWrappers.takeSnap(GenericWrappers.java:613)
	at utils.Reporter.reportStep(Reporter.java:20)
	at wrappers.GenericWrappers.takeSnap(GenericWrappers.java:613)
	at utils.Reporter.reportStep(Reporter.java:20)
	at wrappers.GenericWrappers.takeSnap(GenericWrappers.java:613)
	at utils.Reporter.reportStep(Reporter.java:20)
	at wrappers.GenericWrappers.takeSnap(GenericWrappers.java:613)
	at utils.Reporter.reportStep(Reporter.java:20)
	at wrappers.GenericWrappers.takeSnap(GenericWrappers.java:613)
	at utils.Reporter.reportStep(Reporter.java:20)
	at wrappers.GenericWrappers.takeSnap(GenericWrappers.java:613)
	at utils.Reporter.reportStep(Reporter.java:20)
	at wrappers.GenericWrappers.takeSnap(GenericWrappers.java:613)
	at utils.Reporter.reportStep(Reporter.java:20)
	at wrappers.GenericWrappers.takeSnap(GenericWrappers.java:613)
	at utils.Reporter.reportStep(Reporter.java:20)
	at wrappers.GenericWrappers.takeSnap(GenericWrappers.java:613)
	at utils.Reporter.reportStep(Reporter.java:20)
	at wrappers.GenericWrappers.takeSnap(GenericWrappers.java:613)
	at utils.Reporter.reportStep(Reporter.java:20)
	at wrappers.GenericWrappers.takeSnap(GenericWrappers.java:613)
	at utils.Reporter.reportStep(Reporter.java:20)
	at wrappers.GenericWrappers.takeSnap(GenericWrappers.java:613)
	at utils.Reporter.reportStep(Reporter.java:20)
	at wrappers.GenericWrappers.takeSnap(GenericWrappers.java:613)
	at utils.Reporter.reportStep(Reporter.java:20)
	at wrappers.GenericWrappers.takeSnap(GenericWrappers.java:613)
	at utils.Reporter.reportStep(Reporter.java:20)
	at wrappers.GenericWrappers.takeSnap(GenericWrappers.java:613)
	at utils.Reporter.reportStep(Reporter.java:20)
	at wrappers.GenericWrappers.takeSnap(GenericWrappers.java:613)
	at utils.Reporter.reportStep(Reporter.java:20)
	at wrappers.GenericWrappers.takeSnap(GenericWrappers.java:613)
	at utils.Reporter.reportStep(Reporter.java:20)
	at wrappers.GenericWrappers.takeSnap(GenericWrappers.java:613)
	at utils.Reporter.reportStep(Reporter.java:20)
	at wrappers.GenericWrappers.takeSnap(GenericWrappers.java:613)
	at utils.Reporter.reportStep(Reporter.java:20)
	at wrappers.GenericWrappers.takeSnap(GenericWrappers.java:613)
	at utils.Reporter.reportStep(Reporter.java:20)
	at wrappers.GenericWrappers.takeSnap(GenericWrappers.java:613)
	at utils.Reporter.reportStep(Reporter.java:20)
	at wrappers.GenericWrappers.takeSnap(GenericWrappers.java:613)
	at utils.Reporter.reportStep(Reporter.java:20)
	at wrappers.GenericWrappers.takeSnap(GenericWrappers.java:613)
	at utils.Reporter.reportStep(Reporter.java:20)
	at wrappers.GenericWrappers.takeSnap(GenericWrappers.java:613)
	at utils.Reporter.reportStep(Reporter.java:20)
	at wrappers.GenericWrappers.takeSnap(GenericWrappers.java:613)
	at utils.Reporter.reportStep(Reporter.java:20)
	at wrappers.GenericWrappers.takeSnap(GenericWrappers.java:613)
	at utils.Reporter.reportStep(Reporter.java:20)
	at wrappers.GenericWrappers.takeSnap(GenericWrappers.java:613)
	at utils.Reporter.reportStep(Reporter.java:20)
	at wrappers.GenericWrappers.takeSnap(GenericWrappers.java:613)
	at utils.Reporter.reportStep(Reporter.java:20)
	at wrappers.GenericWrappers.takeSnap(GenericWrappers.java:613)
	at utils.Reporter.reportStep(Reporter.java:20)
	at wrappers.GenericWrappers.takeSnap(GenericWrappers.java:613)
	at utils.Reporter.reportStep(Reporter.java:20)
	at wrappers.GenericWrappers.takeSnap(GenericWrappers.java:613)
	at utils.Reporter.reportStep(Reporter.java:20)
	at wrappers.GenericWrappers.takeSnap(GenericWrappers.java:613)
	at utils.Reporter.reportStep(Reporter.java:20)
	at wrappers.GenericWrappers.takeSnap(GenericWrappers.java:613)
	at utils.Reporter.reportStep(Reporter.java:20)
	at wrappers.GenericWrappers.takeSnap(GenericWrappers.java:613)
	at utils.Reporter.reportStep(Reporter.java:20)
	at wrappers.GenericWrappers.takeSnap(GenericWrappers.java:613)
	at utils.Reporter.reportStep(Reporter.java:20)
	at wrappers.GenericWrappers.takeSnap(GenericWrappers.java:613)
	at utils.Reporter.reportStep(Reporter.java:20)
	at wrappers.GenericWrappers.takeSnap(GenericWrappers.java:613)
	at utils.Reporter.reportStep(Reporter.java:20)
	at wrappers.GenericWrappers.takeSnap(GenericWrappers.java:613)
	at utils.Reporter.reportStep(Reporter.java:20)
	at wrappers.GenericWrappers.takeSnap(GenericWrappers.java:613)
	at utils.Reporter.reportStep(Reporter.java:20)
	at wrappers.GenericWrappers.takeSnap(GenericWrappers.java:613)
	at utils.Reporter.reportStep(Reporter.java:20)
	at wrappers.GenericWrappers.takeSnap(GenericWrappers.java:613)
	at utils.Reporter.reportStep(Reporter.java:20)
	at wrappers.GenericWrappers.takeSnap(GenericWrappers.java:613)
	at utils.Reporter.reportStep(Reporter.java:20)
	at wrappers.GenericWrappers.takeSnap(GenericWrappers.java:613)
	at utils.Reporter.reportStep(Reporter.java:20)
	at wrappers.GenericWrappers.takeSnap(GenericWrappers.java:613)
	at utils.Reporter.reportStep(Reporter.java:20)
	at wrappers.GenericWrappers.takeSnap(GenericWrappers.java:613)
	at utils.Reporter.reportStep(Reporter.java:20)
	at wrappers.GenericWrappers.takeSnap(GenericWrappers.java:613)
	at utils.Reporter.reportStep(Reporter.java:20)
	at wrappers.GenericWrappers.takeSnap(GenericWrappers.java:613)
	at utils.Reporter.reportStep(Reporter.java:20)
	at wrappers.GenericWrappers.takeSnap(GenericWrappers.java:613)
	at utils.Reporter.reportStep(Reporter.java:20)
	at wrappers.GenericWrappers.takeSnap(GenericWrappers.java:613)
	at utils.Reporter.reportStep(Reporter.java:20)
	at wrappers.GenericWrappers.takeSnap(GenericWrappers.java:613)
	at utils.Reporter.reportStep(Reporter.java:20)
	at wrappers.GenericWrappers.takeSnap(GenericWrappers.java:613)
	at utils.Reporter.reportStep(Reporter.java:20)
	at wrappers.GenericWrappers.takeSnap(GenericWrappers.java:613)
	at utils.Reporter.reportStep(Reporter.java:20)
	at wrappers.GenericWrappers.takeSnap(GenericWrappers.java:613)
	at utils.Reporter.reportStep(Reporter.java:20)
	at wrappers.GenericWrappers.takeSnap(GenericWrappers.java:613)
	at utils.Reporter.reportStep(Reporter.java:20)
	at wrappers.GenericWrappers.takeSnap(GenericWrappers.java:613)
	at utils.Reporter.reportStep(Reporter.java:20)
	at wrappers.GenericWrappers.takeSnap(GenericWrappers.java:613)
	at utils.Reporter.reportStep(Reporter.java:20)
	at wrappers.GenericWrappers.takeSnap(GenericWrappers.java:613)
	at utils.Reporter.reportStep(Reporter.java:20)
	at wrappers.GenericWrappers.takeSnap(GenericWrappers.java:613)
	at utils.Reporter.reportStep(Reporter.java:20)
	at wrappers.GenericWrappers.takeSnap(GenericWrappers.java:613)
	at utils.Reporter.reportStep(Reporter.java:20)
	at wrappers.GenericWrappers.takeSnap(GenericWrappers.java:613)
	at utils.Reporter.reportStep(Reporter.java:20)
	at wrappers.GenericWrappers.takeSnap(GenericWrappers.java:613)
	at utils.Reporter.reportStep(Reporter.java:20)
	at wrappers.GenericWrappers.takeSnap(GenericWrappers.java:613)
	at utils.Reporter.reportStep(Reporter.java:20)
	at wrappers.GenericWrappers.takeSnap(GenericWrappers.java:613)
	at utils.Reporter.reportStep(Reporter.java:20)
	at wrappers.GenericWrappers.takeSnap(GenericWrappers.java:613)
	at utils.Reporter.reportStep(Reporter.java:20)
	at wrappers.GenericWrappers.takeSnap(GenericWrappers.java:613)
	at utils.Reporter.reportStep(Reporter.java:20)
	at wrappers.GenericWrappers.takeSnap(GenericWrappers.java:613)
	at utils.Reporter.reportStep(Reporter.java:20)
	at wrappers.GenericWrappers.takeSnap(GenericWrappers.java:613)
	at utils.Reporter.reportStep(Reporter.java:20)
	at wrappers.GenericWrappers.takeSnap(GenericWrappers.java:613)
	at utils.Reporter.reportStep(Reporter.java:20)
	at wrappers.GenericWrappers.takeSnap(GenericWrappers.java:613)
	at utils.Reporter.reportStep(Reporter.java:20)
	at wrappers.GenericWrappers.takeSnap(GenericWrappers.java:613)
	at utils.Reporter.reportStep(Reporter.java:20)
	at wrappers.GenericWrappers.takeSnap(GenericWrappers.java:613)
	at utils.Reporter.reportStep(Reporter.java:20)
	at wrappers.GenericWrappers.takeSnap(GenericWrappers.java:613)
	at utils.Reporter.reportStep(Reporter.java:20)
	at wrappers.GenericWrappers.takeSnap(GenericWrappers.java:613)
	at utils.Reporter.reportStep(Reporter.java:20)
	at wrappers.GenericWrappers.takeSnap(GenericWrappers.java:613)
	at utils.Reporter.reportStep(Reporter.java:20)
	at wrappers.GenericWrappers.takeSnap(GenericWrappers.java:613)
	at utils.Reporter.reportStep(Reporter.java:20)
	at wrappers.GenericWrappers.takeSnap(GenericWrappers.java:613)
	at utils.Reporter.reportStep(Reporter.java:20)
	at wrappers.GenericWrappers.takeSnap(GenericWrappers.java:613)
	at utils.Reporter.reportStep(Reporter.java:20)
	at wrappers.GenericWrappers.takeSnap(GenericWrappers.java:613)
	at utils.Reporter.reportStep(Reporter.java:20)
	at wrappers.GenericWrappers.takeSnap(GenericWrappers.java:613)
	at utils.Reporter.reportStep(Reporter.java:20)
	at wrappers.GenericWrappers.takeSnap(GenericWrappers.java:613)
	at utils.Reporter.reportStep(Reporter.java:20)
	at wrappers.GenericWrappers.takeSnap(GenericWrappers.java:613)
	at utils.Reporter.reportStep(Reporter.java:20)
	at wrappers.GenericWrappers.takeSnap(GenericWrappers.java:613)
	at utils.Reporter.reportStep(Reporter.java:20)
	at wrappers.GenericWrappers.takeSnap(GenericWrappers.java:613)
	at utils.Reporter.reportStep(Reporter.java:20)
	at wrappers.GenericWrappers.takeSnap(GenericWrappers.java:613)
	at utils.Reporter.reportStep(Reporter.java:20)
	at wrappers.GenericWrappers.takeSnap(GenericWrappers.java:613)
	at utils.Reporter.reportStep(Reporter.java:20)
	at wrappers.GenericWrappers.takeSnap(GenericWrappers.java:613)
	at utils.Reporter.reportStep(Reporter.java:20)
	at wrappers.GenericWrappers.takeSnap(GenericWrappers.java:613)
	at utils.Reporter.reportStep(Reporter.java:20)
	at wrappers.GenericWrappers.takeSnap(GenericWrappers.java:613)
	at utils.Reporter.reportStep(Reporter.java:20)
	at wrappers.GenericWrappers.takeSnap(GenericWrappers.java:613)
	at utils.Reporter.reportStep(Reporter.java:20)
	at wrappers.GenericWrappers.takeSnap(GenericWrappers.java:613)
	at utils.Reporter.reportStep(Reporter.java:20)
	at wrappers.GenericWrappers.takeSnap(GenericWrappers.java:613)
	at utils.Reporter.reportStep(Reporter.java:20)
	at wrappers.GenericWrappers.takeSnap(GenericWrappers.java:613)
	at utils.Reporter.reportStep(Reporter.java:20)
	at wrappers.GenericWrappers.takeSnap(GenericWrappers.java:613)
	at utils.Reporter.reportStep(Reporter.java:20)
	at wrappers.GenericWrappers.takeSnap(GenericWrappers.java:613)
	at utils.Reporter.reportStep(Reporter.java:20)
	at wrappers.GenericWrappers.takeSnap(GenericWrappers.java:613)
	at utils.Reporter.reportStep(Reporter.java:20)
	at wrappers.GenericWrappers.takeSnap(GenericWrappers.java:613)
	at utils.Reporter.reportStep(Reporter.java:20)
	at wrappers.GenericWrappers.takeSnap(GenericWrappers.java:613)
	at utils.Reporter.reportStep(Reporter.java:20)
	at wrappers.GenericWrappers.takeSnap(GenericWrappers.java:613)
	at utils.Reporter.reportStep(Reporter.java:20)
	at wrappers.GenericWrappers.takeSnap(GenericWrappers.java:613)
	at utils.Reporter.reportStep(Reporter.java:20)
	at wrappers.GenericWrappers.takeSnap(GenericWrappers.java:613)
	at utils.Reporter.reportStep(Reporter.java:20)
	at wrappers.GenericWrappers.takeSnap(GenericWrappers.java:613)
	at utils.Reporter.reportStep(Reporter.java:20)
	at wrappers.GenericWrappers.takeSnap(GenericWrappers.java:613)
	at utils.Reporter.reportStep(Reporter.java:20)
	at wrappers.GenericWrappers.takeSnap(GenericWrappers.java:613)
	at utils.Reporter.reportStep(Reporter.java:20)
	at wrappers.GenericWrappers.takeSnap(GenericWrappers.java:613)
	at utils.Reporter.reportStep(Reporter.java:20)
	at wrappers.GenericWrappers.takeSnap(GenericWrappers.java:613)
	at utils.Reporter.reportStep(Reporter.java:20)
	at wrappers.GenericWrappers.takeSnap(GenericWrappers.java:613)
	at utils.Reporter.reportStep(Reporter.java:20)
	at wrappers.GenericWrappers.takeSnap(GenericWrappers.java:613)
	at utils.Reporter.reportStep(Reporter.java:20)
	at wrappers.GenericWrappers.takeSnap(GenericWrappers.java:613)
	at utils.Reporter.reportStep(Reporter.java:20)
	at wrappers.GenericWrappers.takeSnap(GenericWrappers.java:613)
	at utils.Reporter.reportStep(Reporter.java:20)
	at wrappers.GenericWrappers.takeSnap(GenericWrappers.java:613)
	at utils.Reporter.reportStep(Reporter.java:20)
	at wrappers.GenericWrappers.takeSnap(GenericWrappers.java:613)
	at utils.Reporter.reportStep(Reporter.java:20)
	at wrappers.GenericWrappers.takeSnap(GenericWrappers.java:613)
	at utils.Reporter.reportStep(Reporter.java:20)
	at wrappers.GenericWrappers.takeSnap(GenericWrappers.java:613)
	at utils.Reporter.reportStep(Reporter.java:20)
	at wrappers.GenericWrappers.takeSnap(GenericWrappers.java:613)
	at utils.Reporter.reportStep(Reporter.java:20)
	at wrappers.GenericWrappers.takeSnap(GenericWrappers.java:613)
	at utils.Reporter.reportStep(Reporter.java:20)
	at wrappers.GenericWrappers.takeSnap(GenericWrappers.java:613)
	at utils.Reporter.reportStep(Reporter.java:20)
	at wrappers.GenericWrappers.takeSnap(GenericWrappers.java:613)
	at utils.Reporter.reportStep(Reporter.java:20)
	at wrappers.GenericWrappers.takeSnap(GenericWrappers.java:613)
	at utils.Reporter.reportStep(Reporter.java:20)
	at wrappers.GenericWrappers.takeSnap(GenericWrappers.java:613)
	at utils.Reporter.reportStep(Reporter.java:20)
	at wrappers.GenericWrappers.takeSnap(GenericWrappers.java:613)
	at utils.Reporter.reportStep(Reporter.java:20)
	at wrappers.GenericWrappers.takeSnap(GenericWrappers.java:613)
	at utils.Reporter.reportStep(Reporter.java:20)
	at wrappers.GenericWrappers.takeSnap(GenericWrappers.java:613)
	at utils.Reporter.reportStep(Reporter.java:20)
	at wrappers.GenericWrappers.takeSnap(GenericWrappers.java:613)
	at utils.Reporter.reportStep(Reporter.java:20)
	at wrappers.GenericWrappers.takeSnap(GenericWrappers.java:613)
	at utils.Reporter.reportStep(Reporter.java:20)
	at wrappers.GenericWrappers.takeSnap(GenericWrappers.java:613)
	at utils.Reporter.reportStep(Reporter.java:20)
	at wrappers.GenericWrappers.takeSnap(GenericWrappers.java:613)
	at utils.Reporter.reportStep(Reporter.java:20)
	at wrappers.GenericWrappers.takeSnap(GenericWrappers.java:613)
	at utils.Reporter.reportStep(Reporter.java:20)
	at wrappers.GenericWrappers.takeSnap(GenericWrappers.java:613)
	at utils.Reporter.reportStep(Reporter.java:20)
	at wrappers.GenericWrappers.takeSnap(GenericWrappers.java:613)
	at utils.Reporter.reportStep(Reporter.java:20)
	at wrappers.GenericWrappers.takeSnap(GenericWrappers.java:613)
	at utils.Reporter.reportStep(Reporter.java:20)
	at wrappers.GenericWrappers.takeSnap(GenericWrappers.java:613)
	at utils.Reporter.reportStep(Reporter.java:20)
	at wrappers.GenericWrappers.takeSnap(GenericWrappers.java:613)
	at utils.Reporter.reportStep(Reporter.java:20)
	at wrappers.GenericWrappers.takeSnap(GenericWrappers.java:613)
	at utils.Reporter.reportStep(Reporter.java:20)
	at wrappers.GenericWrappers.takeSnap(GenericWrappers.java:613)
	at utils.Reporter.reportStep(Reporter.java:20)
	at wrappers.GenericWrappers.takeSnap(GenericWrappers.java:613)
	at utils.Reporter.reportStep(Reporter.java:20)
	at wrappers.GenericWrappers.takeSnap(GenericWrappers.java:613)
	at utils.Reporter.reportStep(Reporter.java:20)
	at wrappers.GenericWrappers.takeSnap(GenericWrappers.java:613)
	at utils.Reporter.reportStep(Reporter.java:20)
	at wrappers.GenericWrappers.takeSnap(GenericWrappers.java:613)
	at utils.Reporter.reportStep(Reporter.java:20)
	at wrappers.GenericWrappers.takeSnap(GenericWrappers.java:613)
	at utils.Reporter.reportStep(Reporter.java:20)
	at wrappers.GenericWrappers.takeSnap(GenericWrappers.java:613)
	at utils.Reporter.reportStep(Reporter.java:20)
	at wrappers.GenericWrappers.takeSnap(GenericWrappers.java:613)
	at utils.Reporter.reportStep(Reporter.java:20)
	at wrappers.GenericWrappers.takeSnap(GenericWrappers.java:613)
	at utils.Reporter.reportStep(Reporter.java:20)
	at wrappers.GenericWrappers.takeSnap(GenericWrappers.java:613)
	at utils.Reporter.reportStep(Reporter.java:20)
	at wrappers.GenericWrappers.takeSnap(GenericWrappers.java:613)
	at utils.Reporter.reportStep(Reporter.java:20)
	at wrappers.GenericWrappers.takeSnap(GenericWrappers.java:613)
	at utils.Reporter.reportStep(Reporter.java:20)
	at wrappers.GenericWrappers.takeSnap(GenericWrappers.java:613)
	at utils.Reporter.reportStep(Reporter.java:20)
	at wrappers.GenericWrappers.takeSnap(GenericWrappers.java:613)
	at utils.Reporter.reportStep(Reporter.java:20)
	at wrappers.GenericWrappers.takeSnap(GenericWrappers.java:613)
	at utils.Reporter.reportStep(Reporter.java:20)
	at wrappers.GenericWrappers.takeSnap(GenericWrappers.java:613)
	at utils.Reporter.reportStep(Reporter.java:20)
	at wrappers.GenericWrappers.takeSnap(GenericWrappers.java:613)
	at utils.Reporter.reportStep(Reporter.java:20)
	at wrappers.GenericWrappers.takeSnap(GenericWrappers.java:613)
	at utils.Reporter.reportStep(Reporter.java:20)
	at wrappers.GenericWrappers.takeSnap(GenericWrappers.java:613)
	at utils.Reporter.reportStep(Reporter.java:20)
	at wrappers.GenericWrappers.takeSnap(GenericWrappers.java:613)
	at utils.Reporter.reportStep(Reporter.java:20)
	at wrappers.GenericWrappers.takeSnap(GenericWrappers.java:613)
	at utils.Reporter.reportStep(Reporter.java:20)
	at wrappers.GenericWrappers.takeSnap(GenericWrappers.java:613)
	at utils.Reporter.reportStep(Reporter.java:20)
	at wrappers.GenericWrappers.takeSnap(GenericWrappers.java:613)
	at utils.Reporter.reportStep(Reporter.java:20)
	at wrappers.GenericWrappers.takeSnap(GenericWrappers.java:613)
	at utils.Reporter.reportStep(Reporter.java:20)
	at wrappers.GenericWrappers.takeSnap(GenericWrappers.java:613)
	at utils.Reporter.reportStep(Reporter.java:20)
	at wrappers.GenericWrappers.takeSnap(GenericWrappers.java:613)
	at utils.Reporter.reportStep(Reporter.java:20)
	at wrappers.GenericWrappers.takeSnap(GenericWrappers.java:613)
	at utils.Reporter.reportStep(Reporter.java:20)
	at wrappers.GenericWrappers.takeSnap(GenericWrappers.java:613)
	at utils.Reporter.reportStep(Reporter.java:20)
	at wrappers.GenericWrappers.takeSnap(GenericWrappers.java:613)
	at utils.Reporter.reportStep(Reporter.java:20)
	at wrappers.GenericWrappers.takeSnap(GenericWrappers.java:613)
	at utils.Reporter.reportStep(Reporter.java:20)
	at wrappers.GenericWrappers.takeSnap(GenericWrappers.java:613)
	at utils.Reporter.reportStep(Reporter.java:20)
	at wrappers.GenericWrappers.takeSnap(GenericWrappers.java:613)
	at utils.Reporter.reportStep(Reporter.java:20)
	at wrappers.GenericWrappers.takeSnap(GenericWrappers.java:613)
	at utils.Reporter.reportStep(Reporter.java:20)
	at wrappers.GenericWrappers.takeSnap(GenericWrappers.java:613)
	at utils.Reporter.reportStep(Reporter.java:20)
	at wrappers.GenericWrappers.takeSnap(GenericWrappers.java:613)
	at utils.Reporter.reportStep(Reporter.java:20)
	at wrappers.GenericWrappers.takeSnap(GenericWrappers.java:613)
	at utils.Reporter.reportStep(Reporter.java:20)
	at wrappers.GenericWrappers.takeSnap(GenericWrappers.java:613)
	at utils.Reporter.reportStep(Reporter.java:20)
	at wrappers.GenericWrappers.takeSnap(GenericWrappers.java:613)
	at utils.Reporter.reportStep(Reporter.java:20)
	at wrappers.GenericWrappers.takeSnap(GenericWrappers.java:613)
	at utils.Reporter.reportStep(Reporter.java:20)
	at wrappers.GenericWrappers.takeSnap(GenericWrappers.java:613)
	at utils.Reporter.reportStep(Reporter.java:20)
	at wrappers.GenericWrappers.takeSnap(GenericWrappers.java:613)
	at utils.Reporter.reportStep(Reporter.java:20)
	at wrappers.GenericWrappers.takeSnap(GenericWrappers.java:613)
	at utils.Reporter.reportStep(Reporter.java:20)
	at wrappers.GenericWrappers.takeSnap(GenericWrappers.java:613)
	at utils.Reporter.reportStep(Reporter.java:20)
	at wrappers.GenericWrappers.takeSnap(GenericWrappers.java:613)
	at utils.Reporter.reportStep(Reporter.java:20)
	at wrappers.GenericWrappers.takeSnap(GenericWrappers.java:613)
	at utils.Reporter.reportStep(Reporter.java:20)
	at wrappers.GenericWrappers.takeSnap(GenericWrappers.java:613)
	at utils.Reporter.reportStep(Reporter.java:20)
	at wrappers.GenericWrappers.takeSnap(GenericWrappers.java:613)
	at utils.Reporter.reportStep(Reporter.java:20)
	at wrappers.GenericWrappers.takeSnap(GenericWrappers.java:613)
	at utils.Reporter.reportStep(Reporter.java:20)
	at wrappers.GenericWrappers.takeSnap(GenericWrappers.java:613)
	at utils.Reporter.reportStep(Reporter.java:20)
	at wrappers.GenericWrappers.takeSnap(GenericWrappers.java:613)
	at utils.Reporter.reportStep(Reporter.java:20)
	at wrappers.GenericWrappers.takeSnap(GenericWrappers.java:613)
	at utils.Reporter.reportStep(Reporter.java:20)
	at wrappers.GenericWrappers.takeSnap(GenericWrappers.java:613)
	at utils.Reporter.reportStep(Reporter.java:20)
	at wrappers.GenericWrappers.takeSnap(GenericWrappers.java:613)
	at utils.Reporter.reportStep(Reporter.java:20)
	at wrappers.GenericWrappers.takeSnap(GenericWrappers.java:613)
	at utils.Reporter.reportStep(Reporter.java:20)
	at wrappers.GenericWrappers.takeSnap(GenericWrappers.java:613)
	at utils.Reporter.reportStep(Reporter.java:20)
	at wrappers.GenericWrappers.takeSnap(GenericWrappers.java:613)
	at utils.Reporter.reportStep(Reporter.java:20)
	at wrappers.GenericWrappers.takeSnap(GenericWrappers.java:613)
	at utils.Reporter.reportStep(Reporter.java:20)
	at wrappers.GenericWrappers.takeSnap(GenericWrappers.java:613)
	at utils.Reporter.reportStep(Reporter.java:20)
	at wrappers.GenericWrappers.takeSnap(GenericWrappers.java:613)
	at utils.Reporter.reportStep(Reporter.java:20)
	at wrappers.GenericWrappers.takeSnap(GenericWrappers.java:613)
	at utils.Reporter.reportStep(Reporter.java:20)
	at wrappers.GenericWrappers.takeSnap(GenericWrappers.java:613)
	at utils.Reporter.reportStep(Reporter.java:20)
	at wrappers.GenericWrappers.takeSnap(GenericWrappers.java:613)
	at utils.Reporter.reportStep(Reporter.java:20)
	at wrappers.GenericWrappers.takeSnap(GenericWrappers.java:613)
	at utils.Reporter.reportStep(Reporter.java:20)
	at wrappers.GenericWrappers.takeSnap(GenericWrappers.java:613)
	at utils.Reporter.reportStep(Reporter.java:20)
	at wrappers.GenericWrappers.takeSnap(GenericWrappers.java:613)
	at utils.Reporter.reportStep(Reporter.java:20)
	at wrappers.GenericWrappers.takeSnap(GenericWrappers.java:613)
	at utils.Reporter.reportStep(Reporter.java:20)
	at wrappers.GenericWrappers.takeSnap(GenericWrappers.java:613)
	at utils.Reporter.reportStep(Reporter.java:20)
	at wrappers.GenericWrappers.takeSnap(GenericWrappers.java:613)
	at utils.Reporter.reportStep(Reporter.java:20)
	at wrappers.GenericWrappers.takeSnap(GenericWrappers.java:613)
	at utils.Reporter.reportStep(Reporter.java:20)
	at wrappers.GenericWrappers.takeSnap(GenericWrappers.java:613)
	at utils.Reporter.reportStep(Reporter.java:20)
	at wrappers.GenericWrappers.takeSnap(GenericWrappers.java:613)
	at utils.Reporter.reportStep(Reporter.java:20)
	at wrappers.GenericWrappers.takeSnap(GenericWrappers.java:613)
	at utils.Reporter.reportStep(Reporter.java:20)
	at wrappers.GenericWrappers.takeSnap(GenericWrappers.java:613)
	at utils.Reporter.reportStep(Reporter.java:20)
	at wrappers.GenericWrappers.takeSnap(GenericWrappers.java:613)
	at utils.Reporter.reportStep(Reporter.java:20)
	at wrappers.GenericWrappers.takeSnap(GenericWrappers.java:613)
	at utils.Reporter.reportStep(Reporter.java:20)
	at wrappers.GenericWrappers.takeSnap(GenericWrappers.java:613)
	at utils.Reporter.reportStep(Reporter.java:20)
	at wrappers.GenericWrappers.takeSnap(GenericWrappers.java:613)
	at utils.Reporter.reportStep(Reporter.java:20)
	at wrappers.GenericWrappers.takeSnap(GenericWrappers.java:613)
	at utils.Reporter.reportStep(Reporter.java:20)
	at wrappers.GenericWrappers.takeSnap(GenericWrappers.java:613)
	at utils.Reporter.reportStep(Reporter.java:20)
	at wrappers.GenericWrappers.takeSnap(GenericWrappers.java:613)
	at utils.Reporter.reportStep(Reporter.java:20)
	at wrappers.GenericWrappers.takeSnap(GenericWrappers.java:613)
	at utils.Reporter.reportStep(Reporter.java:20)
	at wrappers.GenericWrappers.takeSnap(GenericWrappers.java:613)
	at utils.Reporter.reportStep(Reporter.java:20)
	at wrappers.GenericWrappers.takeSnap(GenericWrappers.java:613)
]]>
    </error>
  </testcase> <!-- login -->
  <testcase name="login" time="0.000" classname="testCases.TC001_Login">
    <error type="java.lang.StackOverflowError">
      <![CDATA[java.lang.StackOverflowError
	at java.util.regex.Pattern$Branch.match(Unknown Source)
	at java.util.regex.Pattern$BranchConn.match(Unknown Source)
	at java.util.regex.Pattern$GroupTail.match(Unknown Source)
	at java.util.regex.Pattern$Curly.match0(Unknown Source)
	at java.util.regex.Pattern$Curly.match(Unknown Source)
	at java.util.regex.Pattern$GroupHead.match(Unknown Source)
	at java.util.regex.Pattern$Branch.match(Unknown Source)
	at java.util.regex.Pattern$Branch.match(Unknown Source)
	at java.util.regex.Pattern$BmpCharProperty.match(Unknown Source)
	at java.util.regex.Pattern$Start.match(Unknown Source)
	at java.util.regex.Matcher.search(Unknown Source)
	at java.util.regex.Matcher.find(Unknown Source)
	at java.util.Formatter.parse(Unknown Source)
	at java.util.Formatter.format(Unknown Source)
	at java.util.Formatter.format(Unknown Source)
	at java.lang.String.format(Unknown Source)
	at org.openqa.selenium.remote.RemoteWebDriver.execute(RemoteWebDriver.java:549)
	at org.openqa.selenium.remote.RemoteWebDriver.execute(RemoteWebDriver.java:609)
	at org.openqa.selenium.remote.RemoteWebDriver.getScreenshotAs(RemoteWebDriver.java:295)
	at wrappers.GenericWrappers.takeSnap(GenericWrappers.java:610)
	at utils.Reporter.reportStep(Reporter.java:20)
	at wrappers.GenericWrappers.takeSnap(GenericWrappers.java:613)
	at utils.Reporter.reportStep(Reporter.java:20)
	at wrappers.GenericWrappers.takeSnap(GenericWrappers.java:613)
	at utils.Reporter.reportStep(Reporter.java:20)
	at wrappers.GenericWrappers.takeSnap(GenericWrappers.java:613)
	at utils.Reporter.reportStep(Reporter.java:20)
	at wrappers.GenericWrappers.takeSnap(GenericWrappers.java:613)
	at utils.Reporter.reportStep(Reporter.java:20)
	at wrappers.GenericWrappers.takeSnap(GenericWrappers.java:613)
	at utils.Reporter.reportStep(Reporter.java:20)
	at wrappers.GenericWrappers.takeSnap(GenericWrappers.java:613)
	at utils.Reporter.reportStep(Reporter.java:20)
	at wrappers.GenericWrappers.takeSnap(GenericWrappers.java:613)
	at utils.Reporter.reportStep(Reporter.java:20)
	at wrappers.GenericWrappers.takeSnap(GenericWrappers.java:613)
	at utils.Reporter.reportStep(Reporter.java:20)
	at wrappers.GenericWrappers.takeSnap(GenericWrappers.java:613)
	at utils.Reporter.reportStep(Reporter.java:20)
	at wrappers.GenericWrappers.takeSnap(GenericWrappers.java:613)
	at utils.Reporter.reportStep(Reporter.java:20)
	at wrappers.GenericWrappers.takeSnap(GenericWrappers.java:613)
	at utils.Reporter.reportStep(Reporter.java:20)
	at wrappers.GenericWrappers.takeSnap(GenericWrappers.java:613)
	at utils.Reporter.reportStep(Reporter.java:20)
	at wrappers.GenericWrappers.takeSnap(GenericWrappers.java:613)
	at utils.Reporter.reportStep(Reporter.java:20)
	at wrappers.GenericWrappers.takeSnap(GenericWrappers.java:613)
	at utils.Reporter.reportStep(Reporter.java:20)
	at wrappers.GenericWrappers.takeSnap(GenericWrappers.java:613)
	at utils.Reporter.reportStep(Reporter.java:20)
	at wrappers.GenericWrappers.takeSnap(GenericWrappers.java:613)
	at utils.Reporter.reportStep(Reporter.java:20)
	at wrappers.GenericWrappers.takeSnap(GenericWrappers.java:613)
	at utils.Reporter.reportStep(Reporter.java:20)
	at wrappers.GenericWrappers.takeSnap(GenericWrappers.java:613)
	at utils.Reporter.reportStep(Reporter.java:20)
	at wrappers.GenericWrappers.takeSnap(GenericWrappers.java:613)
	at utils.Reporter.reportStep(Reporter.java:20)
	at wrappers.GenericWrappers.takeSnap(GenericWrappers.java:613)
	at utils.Reporter.reportStep(Reporter.java:20)
	at wrappers.GenericWrappers.takeSnap(GenericWrappers.java:613)
	at utils.Reporter.reportStep(Reporter.java:20)
	at wrappers.GenericWrappers.takeSnap(GenericWrappers.java:613)
	at utils.Reporter.reportStep(Reporter.java:20)
	at wrappers.GenericWrappers.takeSnap(GenericWrappers.java:613)
	at utils.Reporter.reportStep(Reporter.java:20)
	at wrappers.GenericWrappers.takeSnap(GenericWrappers.java:613)
	at utils.Reporter.reportStep(Reporter.java:20)
	at wrappers.GenericWrappers.takeSnap(GenericWrappers.java:613)
	at utils.Reporter.reportStep(Reporter.java:20)
	at wrappers.GenericWrappers.takeSnap(GenericWrappers.java:613)
	at utils.Reporter.reportStep(Reporter.java:20)
	at wrappers.GenericWrappers.takeSnap(GenericWrappers.java:613)
	at utils.Reporter.reportStep(Reporter.java:20)
	at wrappers.GenericWrappers.takeSnap(GenericWrappers.java:613)
	at utils.Reporter.reportStep(Reporter.java:20)
	at wrappers.GenericWrappers.takeSnap(GenericWrappers.java:613)
	at utils.Reporter.reportStep(Reporter.java:20)
	at wrappers.GenericWrappers.takeSnap(GenericWrappers.java:613)
	at utils.Reporter.reportStep(Reporter.java:20)
	at wrappers.GenericWrappers.takeSnap(GenericWrappers.java:613)
	at utils.Reporter.reportStep(Reporter.java:20)
	at wrappers.GenericWrappers.takeSnap(GenericWrappers.java:613)
	at utils.Reporter.reportStep(Reporter.java:20)
	at wrappers.GenericWrappers.takeSnap(GenericWrappers.java:613)
	at utils.Reporter.reportStep(Reporter.java:20)
	at wrappers.GenericWrappers.takeSnap(GenericWrappers.java:613)
	at utils.Reporter.reportStep(Reporter.java:20)
	at wrappers.GenericWrappers.takeSnap(GenericWrappers.java:613)
	at utils.Reporter.reportStep(Reporter.java:20)
	at wrappers.GenericWrappers.takeSnap(GenericWrappers.java:613)
	at utils.Reporter.reportStep(Reporter.java:20)
	at wrappers.GenericWrappers.takeSnap(GenericWrappers.java:613)
	at utils.Reporter.reportStep(Reporter.java:20)
	at wrappers.GenericWrappers.takeSnap(GenericWrappers.java:613)
	at utils.Reporter.reportStep(Reporter.java:20)
	at wrappers.GenericWrappers.takeSnap(GenericWrappers.java:613)
	at utils.Reporter.reportStep(Reporter.java:20)
	at wrappers.GenericWrappers.takeSnap(GenericWrappers.java:613)
	at utils.Reporter.reportStep(Reporter.java:20)
	at wrappers.GenericWrappers.takeSnap(GenericWrappers.java:613)
	at utils.Reporter.reportStep(Reporter.java:20)
	at wrappers.GenericWrappers.takeSnap(GenericWrappers.java:613)
	at utils.Reporter.reportStep(Reporter.java:20)
	at wrappers.GenericWrappers.takeSnap(GenericWrappers.java:613)
	at utils.Reporter.reportStep(Reporter.java:20)
	at wrappers.GenericWrappers.takeSnap(GenericWrappers.java:613)
	at utils.Reporter.reportStep(Reporter.java:20)
	at wrappers.GenericWrappers.takeSnap(GenericWrappers.java:613)
	at utils.Reporter.reportStep(Reporter.java:20)
	at wrappers.GenericWrappers.takeSnap(GenericWrappers.java:613)
	at utils.Reporter.reportStep(Reporter.java:20)
	at wrappers.GenericWrappers.takeSnap(GenericWrappers.java:613)
	at utils.Reporter.reportStep(Reporter.java:20)
	at wrappers.GenericWrappers.takeSnap(GenericWrappers.java:613)
	at utils.Reporter.reportStep(Reporter.java:20)
	at wrappers.GenericWrappers.takeSnap(GenericWrappers.java:613)
	at utils.Reporter.reportStep(Reporter.java:20)
	at wrappers.GenericWrappers.takeSnap(GenericWrappers.java:613)
	at utils.Reporter.reportStep(Reporter.java:20)
	at wrappers.GenericWrappers.takeSnap(GenericWrappers.java:613)
	at utils.Reporter.reportStep(Reporter.java:20)
	at wrappers.GenericWrappers.takeSnap(GenericWrappers.java:613)
	at utils.Reporter.reportStep(Reporter.java:20)
	at wrappers.GenericWrappers.takeSnap(GenericWrappers.java:613)
	at utils.Reporter.reportStep(Reporter.java:20)
	at wrappers.GenericWrappers.takeSnap(GenericWrappers.java:613)
	at utils.Reporter.reportStep(Reporter.java:20)
	at wrappers.GenericWrappers.takeSnap(GenericWrappers.java:613)
	at utils.Reporter.reportStep(Reporter.java:20)
	at wrappers.GenericWrappers.takeSnap(GenericWrappers.java:613)
	at utils.Reporter.reportStep(Reporter.java:20)
	at wrappers.GenericWrappers.takeSnap(GenericWrappers.java:613)
	at utils.Reporter.reportStep(Reporter.java:20)
	at wrappers.GenericWrappers.takeSnap(GenericWrappers.java:613)
	at utils.Reporter.reportStep(Reporter.java:20)
	at wrappers.GenericWrappers.takeSnap(GenericWrappers.java:613)
	at utils.Reporter.reportStep(Reporter.java:20)
	at wrappers.GenericWrappers.takeSnap(GenericWrappers.java:613)
	at utils.Reporter.reportStep(Reporter.java:20)
	at wrappers.GenericWrappers.takeSnap(GenericWrappers.java:613)
	at utils.Reporter.reportStep(Reporter.java:20)
	at wrappers.GenericWrappers.takeSnap(GenericWrappers.java:613)
	at utils.Reporter.reportStep(Reporter.java:20)
	at wrappers.GenericWrappers.takeSnap(GenericWrappers.java:613)
	at utils.Reporter.reportStep(Reporter.java:20)
	at wrappers.GenericWrappers.takeSnap(GenericWrappers.java:613)
	at utils.Reporter.reportStep(Reporter.java:20)
	at wrappers.GenericWrappers.takeSnap(GenericWrappers.java:613)
	at utils.Reporter.reportStep(Reporter.java:20)
	at wrappers.GenericWrappers.takeSnap(GenericWrappers.java:613)
	at utils.Reporter.reportStep(Reporter.java:20)
	at wrappers.GenericWrappers.takeSnap(GenericWrappers.java:613)
	at utils.Reporter.reportStep(Reporter.java:20)
	at wrappers.GenericWrappers.takeSnap(GenericWrappers.java:613)
	at utils.Reporter.reportStep(Reporter.java:20)
	at wrappers.GenericWrappers.takeSnap(GenericWrappers.java:613)
	at utils.Reporter.reportStep(Reporter.java:20)
	at wrappers.GenericWrappers.takeSnap(GenericWrappers.java:613)
	at utils.Reporter.reportStep(Reporter.java:20)
	at wrappers.GenericWrappers.takeSnap(GenericWrappers.java:613)
	at utils.Reporter.reportStep(Reporter.java:20)
	at wrappers.GenericWrappers.takeSnap(GenericWrappers.java:613)
	at utils.Reporter.reportStep(Reporter.java:20)
	at wrappers.GenericWrappers.takeSnap(GenericWrappers.java:613)
	at utils.Reporter.reportStep(Reporter.java:20)
	at wrappers.GenericWrappers.takeSnap(GenericWrappers.java:613)
	at utils.Reporter.reportStep(Reporter.java:20)
	at wrappers.GenericWrappers.takeSnap(GenericWrappers.java:613)
	at utils.Reporter.reportStep(Reporter.java:20)
	at wrappers.GenericWrappers.takeSnap(GenericWrappers.java:613)
	at utils.Reporter.reportStep(Reporter.java:20)
	at wrappers.GenericWrappers.takeSnap(GenericWrappers.java:613)
	at utils.Reporter.reportStep(Reporter.java:20)
	at wrappers.GenericWrappers.takeSnap(GenericWrappers.java:613)
	at utils.Reporter.reportStep(Reporter.java:20)
	at wrappers.GenericWrappers.takeSnap(GenericWrappers.java:613)
	at utils.Reporter.reportStep(Reporter.java:20)
	at wrappers.GenericWrappers.takeSnap(GenericWrappers.java:613)
	at utils.Reporter.reportStep(Reporter.java:20)
	at wrappers.GenericWrappers.takeSnap(GenericWrappers.java:613)
	at utils.Reporter.reportStep(Reporter.java:20)
	at wrappers.GenericWrappers.takeSnap(GenericWrappers.java:613)
	at utils.Reporter.reportStep(Reporter.java:20)
	at wrappers.GenericWrappers.takeSnap(GenericWrappers.java:613)
	at utils.Reporter.reportStep(Reporter.java:20)
	at wrappers.GenericWrappers.takeSnap(GenericWrappers.java:613)
	at utils.Reporter.reportStep(Reporter.java:20)
	at wrappers.GenericWrappers.takeSnap(GenericWrappers.java:613)
	at utils.Reporter.reportStep(Reporter.java:20)
	at wrappers.GenericWrappers.takeSnap(GenericWrappers.java:613)
	at utils.Reporter.reportStep(Reporter.java:20)
	at wrappers.GenericWrappers.takeSnap(GenericWrappers.java:613)
	at utils.Reporter.reportStep(Reporter.java:20)
	at wrappers.GenericWrappers.takeSnap(GenericWrappers.java:613)
	at utils.Reporter.reportStep(Reporter.java:20)
	at wrappers.GenericWrappers.takeSnap(GenericWrappers.java:613)
	at utils.Reporter.reportStep(Reporter.java:20)
	at wrappers.GenericWrappers.takeSnap(GenericWrappers.java:613)
	at utils.Reporter.reportStep(Reporter.java:20)
	at wrappers.GenericWrappers.takeSnap(GenericWrappers.java:613)
	at utils.Reporter.reportStep(Reporter.java:20)
	at wrappers.GenericWrappers.takeSnap(GenericWrappers.java:613)
	at utils.Reporter.reportStep(Reporter.java:20)
	at wrappers.GenericWrappers.takeSnap(GenericWrappers.java:613)
	at utils.Reporter.reportStep(Reporter.java:20)
	at wrappers.GenericWrappers.takeSnap(GenericWrappers.java:613)
	at utils.Reporter.reportStep(Reporter.java:20)
	at wrappers.GenericWrappers.takeSnap(GenericWrappers.java:613)
	at utils.Reporter.reportStep(Reporter.java:20)
	at wrappers.GenericWrappers.takeSnap(GenericWrappers.java:613)
	at utils.Reporter.reportStep(Reporter.java:20)
	at wrappers.GenericWrappers.takeSnap(GenericWrappers.java:613)
	at utils.Reporter.reportStep(Reporter.java:20)
	at wrappers.GenericWrappers.takeSnap(GenericWrappers.java:613)
	at utils.Reporter.reportStep(Reporter.java:20)
	at wrappers.GenericWrappers.takeSnap(GenericWrappers.java:613)
	at utils.Reporter.reportStep(Reporter.java:20)
	at wrappers.GenericWrappers.takeSnap(GenericWrappers.java:613)
	at utils.Reporter.reportStep(Reporter.java:20)
	at wrappers.GenericWrappers.takeSnap(GenericWrappers.java:613)
	at utils.Reporter.reportStep(Reporter.java:20)
	at wrappers.GenericWrappers.takeSnap(GenericWrappers.java:613)
	at utils.Reporter.reportStep(Reporter.java:20)
	at wrappers.GenericWrappers.takeSnap(GenericWrappers.java:613)
	at utils.Reporter.reportStep(Reporter.java:20)
	at wrappers.GenericWrappers.takeSnap(GenericWrappers.java:613)
	at utils.Reporter.reportStep(Reporter.java:20)
	at wrappers.GenericWrappers.takeSnap(GenericWrappers.java:613)
	at utils.Reporter.reportStep(Reporter.java:20)
	at wrappers.GenericWrappers.takeSnap(GenericWrappers.java:613)
	at utils.Reporter.reportStep(Reporter.java:20)
	at wrappers.GenericWrappers.takeSnap(GenericWrappers.java:613)
	at utils.Reporter.reportStep(Reporter.java:20)
	at wrappers.GenericWrappers.takeSnap(GenericWrappers.java:613)
	at utils.Reporter.reportStep(Reporter.java:20)
	at wrappers.GenericWrappers.takeSnap(GenericWrappers.java:613)
	at utils.Reporter.reportStep(Reporter.java:20)
	at wrappers.GenericWrappers.takeSnap(GenericWrappers.java:613)
	at utils.Reporter.reportStep(Reporter.java:20)
	at wrappers.GenericWrappers.takeSnap(GenericWrappers.java:613)
	at utils.Reporter.reportStep(Reporter.java:20)
	at wrappers.GenericWrappers.takeSnap(GenericWrappers.java:613)
	at utils.Reporter.reportStep(Reporter.java:20)
	at wrappers.GenericWrappers.takeSnap(GenericWrappers.java:613)
	at utils.Reporter.reportStep(Reporter.java:20)
	at wrappers.GenericWrappers.takeSnap(GenericWrappers.java:613)
	at utils.Reporter.reportStep(Reporter.java:20)
	at wrappers.GenericWrappers.takeSnap(GenericWrappers.java:613)
	at utils.Reporter.reportStep(Reporter.java:20)
	at wrappers.GenericWrappers.takeSnap(GenericWrappers.java:613)
	at utils.Reporter.reportStep(Reporter.java:20)
	at wrappers.GenericWrappers.takeSnap(GenericWrappers.java:613)
	at utils.Reporter.reportStep(Reporter.java:20)
	at wrappers.GenericWrappers.takeSnap(GenericWrappers.java:613)
	at utils.Reporter.reportStep(Reporter.java:20)
	at wrappers.GenericWrappers.takeSnap(GenericWrappers.java:613)
	at utils.Reporter.reportStep(Reporter.java:20)
	at wrappers.GenericWrappers.takeSnap(GenericWrappers.java:613)
	at utils.Reporter.reportStep(Reporter.java:20)
	at wrappers.GenericWrappers.takeSnap(GenericWrappers.java:613)
	at utils.Reporter.reportStep(Reporter.java:20)
	at wrappers.GenericWrappers.takeSnap(GenericWrappers.java:613)
	at utils.Reporter.reportStep(Reporter.java:20)
	at wrappers.GenericWrappers.takeSnap(GenericWrappers.java:613)
	at utils.Reporter.reportStep(Reporter.java:20)
	at wrappers.GenericWrappers.takeSnap(GenericWrappers.java:613)
	at utils.Reporter.reportStep(Reporter.java:20)
	at wrappers.GenericWrappers.takeSnap(GenericWrappers.java:613)
	at utils.Reporter.reportStep(Reporter.java:20)
	at wrappers.GenericWrappers.takeSnap(GenericWrappers.java:613)
	at utils.Reporter.reportStep(Reporter.java:20)
	at wrappers.GenericWrappers.takeSnap(GenericWrappers.java:613)
	at utils.Reporter.reportStep(Reporter.java:20)
	at wrappers.GenericWrappers.takeSnap(GenericWrappers.java:613)
	at utils.Reporter.reportStep(Reporter.java:20)
	at wrappers.GenericWrappers.takeSnap(GenericWrappers.java:613)
	at utils.Reporter.reportStep(Reporter.java:20)
	at wrappers.GenericWrappers.takeSnap(GenericWrappers.java:613)
	at utils.Reporter.reportStep(Reporter.java:20)
	at wrappers.GenericWrappers.takeSnap(GenericWrappers.java:613)
	at utils.Reporter.reportStep(Reporter.java:20)
	at wrappers.GenericWrappers.takeSnap(GenericWrappers.java:613)
	at utils.Reporter.reportStep(Reporter.java:20)
	at wrappers.GenericWrappers.takeSnap(GenericWrappers.java:613)
	at utils.Reporter.reportStep(Reporter.java:20)
	at wrappers.GenericWrappers.takeSnap(GenericWrappers.java:613)
	at utils.Reporter.reportStep(Reporter.java:20)
	at wrappers.GenericWrappers.takeSnap(GenericWrappers.java:613)
	at utils.Reporter.reportStep(Reporter.java:20)
	at wrappers.GenericWrappers.takeSnap(GenericWrappers.java:613)
	at utils.Reporter.reportStep(Reporter.java:20)
	at wrappers.GenericWrappers.takeSnap(GenericWrappers.java:613)
	at utils.Reporter.reportStep(Reporter.java:20)
	at wrappers.GenericWrappers.takeSnap(GenericWrappers.java:613)
	at utils.Reporter.reportStep(Reporter.java:20)
	at wrappers.GenericWrappers.takeSnap(GenericWrappers.java:613)
	at utils.Reporter.reportStep(Reporter.java:20)
	at wrappers.GenericWrappers.takeSnap(GenericWrappers.java:613)
	at utils.Reporter.reportStep(Reporter.java:20)
	at wrappers.GenericWrappers.takeSnap(GenericWrappers.java:613)
	at utils.Reporter.reportStep(Reporter.java:20)
	at wrappers.GenericWrappers.takeSnap(GenericWrappers.java:613)
	at utils.Reporter.reportStep(Reporter.java:20)
	at wrappers.GenericWrappers.takeSnap(GenericWrappers.java:613)
	at utils.Reporter.reportStep(Reporter.java:20)
	at wrappers.GenericWrappers.takeSnap(GenericWrappers.java:613)
	at utils.Reporter.reportStep(Reporter.java:20)
	at wrappers.GenericWrappers.takeSnap(GenericWrappers.java:613)
	at utils.Reporter.reportStep(Reporter.java:20)
	at wrappers.GenericWrappers.takeSnap(GenericWrappers.java:613)
	at utils.Reporter.reportStep(Reporter.java:20)
	at wrappers.GenericWrappers.takeSnap(GenericWrappers.java:613)
	at utils.Reporter.reportStep(Reporter.java:20)
	at wrappers.GenericWrappers.takeSnap(GenericWrappers.java:613)
	at utils.Reporter.reportStep(Reporter.java:20)
	at wrappers.GenericWrappers.takeSnap(GenericWrappers.java:613)
	at utils.Reporter.reportStep(Reporter.java:20)
	at wrappers.GenericWrappers.takeSnap(GenericWrappers.java:613)
	at utils.Reporter.reportStep(Reporter.java:20)
	at wrappers.GenericWrappers.takeSnap(GenericWrappers.java:613)
	at utils.Reporter.reportStep(Reporter.java:20)
	at wrappers.GenericWrappers.takeSnap(GenericWrappers.java:613)
	at utils.Reporter.reportStep(Reporter.java:20)
	at wrappers.GenericWrappers.takeSnap(GenericWrappers.java:613)
	at utils.Reporter.reportStep(Reporter.java:20)
	at wrappers.GenericWrappers.takeSnap(GenericWrappers.java:613)
	at utils.Reporter.reportStep(Reporter.java:20)
	at wrappers.GenericWrappers.takeSnap(GenericWrappers.java:613)
	at utils.Reporter.reportStep(Reporter.java:20)
	at wrappers.GenericWrappers.takeSnap(GenericWrappers.java:613)
	at utils.Reporter.reportStep(Reporter.java:20)
	at wrappers.GenericWrappers.takeSnap(GenericWrappers.java:613)
	at utils.Reporter.reportStep(Reporter.java:20)
	at wrappers.GenericWrappers.takeSnap(GenericWrappers.java:613)
	at utils.Reporter.reportStep(Reporter.java:20)
	at wrappers.GenericWrappers.takeSnap(GenericWrappers.java:613)
	at utils.Reporter.reportStep(Reporter.java:20)
	at wrappers.GenericWrappers.takeSnap(GenericWrappers.java:613)
	at utils.Reporter.reportStep(Reporter.java:20)
	at wrappers.GenericWrappers.takeSnap(GenericWrappers.java:613)
	at utils.Reporter.reportStep(Reporter.java:20)
	at wrappers.GenericWrappers.takeSnap(GenericWrappers.java:613)
	at utils.Reporter.reportStep(Reporter.java:20)
	at wrappers.GenericWrappers.takeSnap(GenericWrappers.java:613)
	at utils.Reporter.reportStep(Reporter.java:20)
	at wrappers.GenericWrappers.takeSnap(GenericWrappers.java:613)
	at utils.Reporter.reportStep(Reporter.java:20)
	at wrappers.GenericWrappers.takeSnap(GenericWrappers.java:613)
	at utils.Reporter.reportStep(Reporter.java:20)
	at wrappers.GenericWrappers.takeSnap(GenericWrappers.java:613)
	at utils.Reporter.reportStep(Reporter.java:20)
	at wrappers.GenericWrappers.takeSnap(GenericWrappers.java:613)
	at utils.Reporter.reportStep(Reporter.java:20)
	at wrappers.GenericWrappers.takeSnap(GenericWrappers.java:613)
	at utils.Reporter.reportStep(Reporter.java:20)
	at wrappers.GenericWrappers.takeSnap(GenericWrappers.java:613)
	at utils.Reporter.reportStep(Reporter.java:20)
	at wrappers.GenericWrappers.takeSnap(GenericWrappers.java:613)
	at utils.Reporter.reportStep(Reporter.java:20)
	at wrappers.GenericWrappers.takeSnap(GenericWrappers.java:613)
	at utils.Reporter.reportStep(Reporter.java:20)
	at wrappers.GenericWrappers.takeSnap(GenericWrappers.java:613)
	at utils.Reporter.reportStep(Reporter.java:20)
	at wrappers.GenericWrappers.takeSnap(GenericWrappers.java:613)
	at utils.Reporter.reportStep(Reporter.java:20)
	at wrappers.GenericWrappers.takeSnap(GenericWrappers.java:613)
	at utils.Reporter.reportStep(Reporter.java:20)
	at wrappers.GenericWrappers.takeSnap(GenericWrappers.java:613)
	at utils.Reporter.reportStep(Reporter.java:20)
	at wrappers.GenericWrappers.takeSnap(GenericWrappers.java:613)
	at utils.Reporter.reportStep(Reporter.java:20)
	at wrappers.GenericWrappers.takeSnap(GenericWrappers.java:613)
	at utils.Reporter.reportStep(Reporter.java:20)
	at wrappers.GenericWrappers.takeSnap(GenericWrappers.java:613)
	at utils.Reporter.reportStep(Reporter.java:20)
	at wrappers.GenericWrappers.takeSnap(GenericWrappers.java:613)
	at utils.Reporter.reportStep(Reporter.java:20)
	at wrappers.GenericWrappers.takeSnap(GenericWrappers.java:613)
	at utils.Reporter.reportStep(Reporter.java:20)
	at wrappers.GenericWrappers.takeSnap(GenericWrappers.java:613)
	at utils.Reporter.reportStep(Reporter.java:20)
	at wrappers.GenericWrappers.takeSnap(GenericWrappers.java:613)
	at utils.Reporter.reportStep(Reporter.java:20)
	at wrappers.GenericWrappers.takeSnap(GenericWrappers.java:613)
	at utils.Reporter.reportStep(Reporter.java:20)
	at wrappers.GenericWrappers.takeSnap(GenericWrappers.java:613)
	at utils.Reporter.reportStep(Reporter.java:20)
	at wrappers.GenericWrappers.takeSnap(GenericWrappers.java:613)
	at utils.Reporter.reportStep(Reporter.java:20)
	at wrappers.GenericWrappers.takeSnap(GenericWrappers.java:613)
	at utils.Reporter.reportStep(Reporter.java:20)
	at wrappers.GenericWrappers.takeSnap(GenericWrappers.java:613)
	at utils.Reporter.reportStep(Reporter.java:20)
	at wrappers.GenericWrappers.takeSnap(GenericWrappers.java:613)
	at utils.Reporter.reportStep(Reporter.java:20)
	at wrappers.GenericWrappers.takeSnap(GenericWrappers.java:613)
	at utils.Reporter.reportStep(Reporter.java:20)
	at wrappers.GenericWrappers.takeSnap(GenericWrappers.java:613)
	at utils.Reporter.reportStep(Reporter.java:20)
	at wrappers.GenericWrappers.takeSnap(GenericWrappers.java:613)
	at utils.Reporter.reportStep(Reporter.java:20)
	at wrappers.GenericWrappers.takeSnap(GenericWrappers.java:613)
	at utils.Reporter.reportStep(Reporter.java:20)
	at wrappers.GenericWrappers.takeSnap(GenericWrappers.java:613)
	at utils.Reporter.reportStep(Reporter.java:20)
	at wrappers.GenericWrappers.takeSnap(GenericWrappers.java:613)
	at utils.Reporter.reportStep(Reporter.java:20)
	at wrappers.GenericWrappers.takeSnap(GenericWrappers.java:613)
	at utils.Reporter.reportStep(Reporter.java:20)
	at wrappers.GenericWrappers.takeSnap(GenericWrappers.java:613)
	at utils.Reporter.reportStep(Reporter.java:20)
	at wrappers.GenericWrappers.takeSnap(GenericWrappers.java:613)
	at utils.Reporter.reportStep(Reporter.java:20)
	at wrappers.GenericWrappers.takeSnap(GenericWrappers.java:613)
	at utils.Reporter.reportStep(Reporter.java:20)
	at wrappers.GenericWrappers.takeSnap(GenericWrappers.java:613)
	at utils.Reporter.reportStep(Reporter.java:20)
	at wrappers.GenericWrappers.takeSnap(GenericWrappers.java:613)
	at utils.Reporter.reportStep(Reporter.java:20)
	at wrappers.GenericWrappers.takeSnap(GenericWrappers.java:613)
	at utils.Reporter.reportStep(Reporter.java:20)
	at wrappers.GenericWrappers.takeSnap(GenericWrappers.java:613)
	at utils.Reporter.reportStep(Reporter.java:20)
	at wrappers.GenericWrappers.takeSnap(GenericWrappers.java:613)
	at utils.Reporter.reportStep(Reporter.java:20)
	at wrappers.GenericWrappers.takeSnap(GenericWrappers.java:613)
	at utils.Reporter.reportStep(Reporter.java:20)
	at wrappers.GenericWrappers.takeSnap(GenericWrappers.java:613)
	at utils.Reporter.reportStep(Reporter.java:20)
	at wrappers.GenericWrappers.takeSnap(GenericWrappers.java:613)
	at utils.Reporter.reportStep(Reporter.java:20)
	at wrappers.GenericWrappers.takeSnap(GenericWrappers.java:613)
	at utils.Reporter.reportStep(Reporter.java:20)
	at wrappers.GenericWrappers.takeSnap(GenericWrappers.java:613)
	at utils.Reporter.reportStep(Reporter.java:20)
	at wrappers.GenericWrappers.takeSnap(GenericWrappers.java:613)
	at utils.Reporter.reportStep(Reporter.java:20)
	at wrappers.GenericWrappers.takeSnap(GenericWrappers.java:613)
	at utils.Reporter.reportStep(Reporter.java:20)
	at wrappers.GenericWrappers.takeSnap(GenericWrappers.java:613)
	at utils.Reporter.reportStep(Reporter.java:20)
	at wrappers.GenericWrappers.takeSnap(GenericWrappers.java:613)
	at utils.Reporter.reportStep(Reporter.java:20)
	at wrappers.GenericWrappers.takeSnap(GenericWrappers.java:613)
	at utils.Reporter.reportStep(Reporter.java:20)
	at wrappers.GenericWrappers.takeSnap(GenericWrappers.java:613)
	at utils.Reporter.reportStep(Reporter.java:20)
	at wrappers.GenericWrappers.takeSnap(GenericWrappers.java:613)
	at utils.Reporter.reportStep(Reporter.java:20)
	at wrappers.GenericWrappers.takeSnap(GenericWrappers.java:613)
	at utils.Reporter.reportStep(Reporter.java:20)
	at wrappers.GenericWrappers.takeSnap(GenericWrappers.java:613)
	at utils.Reporter.reportStep(Reporter.java:20)
	at wrappers.GenericWrappers.takeSnap(GenericWrappers.java:613)
	at utils.Reporter.reportStep(Reporter.java:20)
	at wrappers.GenericWrappers.takeSnap(GenericWrappers.java:613)
	at utils.Reporter.reportStep(Reporter.java:20)
	at wrappers.GenericWrappers.takeSnap(GenericWrappers.java:613)
	at utils.Reporter.reportStep(Reporter.java:20)
	at wrappers.GenericWrappers.takeSnap(GenericWrappers.java:613)
	at utils.Reporter.reportStep(Reporter.java:20)
	at wrappers.GenericWrappers.takeSnap(GenericWrappers.java:613)
	at utils.Reporter.reportStep(Reporter.java:20)
	at wrappers.GenericWrappers.takeSnap(GenericWrappers.java:613)
	at utils.Reporter.reportStep(Reporter.java:20)
	at wrappers.GenericWrappers.takeSnap(GenericWrappers.java:613)
	at utils.Reporter.reportStep(Reporter.java:20)
	at wrappers.GenericWrappers.takeSnap(GenericWrappers.java:613)
	at utils.Reporter.reportStep(Reporter.java:20)
	at wrappers.GenericWrappers.takeSnap(GenericWrappers.java:613)
	at utils.Reporter.reportStep(Reporter.java:20)
	at wrappers.GenericWrappers.takeSnap(GenericWrappers.java:613)
	at utils.Reporter.reportStep(Reporter.java:20)
	at wrappers.GenericWrappers.takeSnap(GenericWrappers.java:613)
	at utils.Reporter.reportStep(Reporter.java:20)
	at wrappers.GenericWrappers.takeSnap(GenericWrappers.java:613)
	at utils.Reporter.reportStep(Reporter.java:20)
	at wrappers.GenericWrappers.takeSnap(GenericWrappers.java:613)
	at utils.Reporter.reportStep(Reporter.java:20)
	at wrappers.GenericWrappers.takeSnap(GenericWrappers.java:613)
	at utils.Reporter.reportStep(Reporter.java:20)
	at wrappers.GenericWrappers.takeSnap(GenericWrappers.java:613)
	at utils.Reporter.reportStep(Reporter.java:20)
	at wrappers.GenericWrappers.takeSnap(GenericWrappers.java:613)
	at utils.Reporter.reportStep(Reporter.java:20)
	at wrappers.GenericWrappers.takeSnap(GenericWrappers.java:613)
	at utils.Reporter.reportStep(Reporter.java:20)
	at wrappers.GenericWrappers.takeSnap(GenericWrappers.java:613)
	at utils.Reporter.reportStep(Reporter.java:20)
	at wrappers.GenericWrappers.takeSnap(GenericWrappers.java:613)
	at utils.Reporter.reportStep(Reporter.java:20)
	at wrappers.GenericWrappers.takeSnap(GenericWrappers.java:613)
	at utils.Reporter.reportStep(Reporter.java:20)
	at wrappers.GenericWrappers.takeSnap(GenericWrappers.java:613)
	at utils.Reporter.reportStep(Reporter.java:20)
	at wrappers.GenericWrappers.takeSnap(GenericWrappers.java:613)
	at utils.Reporter.reportStep(Reporter.java:20)
	at wrappers.GenericWrappers.takeSnap(GenericWrappers.java:613)
	at utils.Reporter.reportStep(Reporter.java:20)
	at wrappers.GenericWrappers.takeSnap(GenericWrappers.java:613)
	at utils.Reporter.reportStep(Reporter.java:20)
	at wrappers.GenericWrappers.takeSnap(GenericWrappers.java:613)
	at utils.Reporter.reportStep(Reporter.java:20)
	at wrappers.GenericWrappers.takeSnap(GenericWrappers.java:613)
	at utils.Reporter.reportStep(Reporter.java:20)
	at wrappers.GenericWrappers.takeSnap(GenericWrappers.java:613)
	at utils.Reporter.reportStep(Reporter.java:20)
	at wrappers.GenericWrappers.takeSnap(GenericWrappers.java:613)
	at utils.Reporter.reportStep(Reporter.java:20)
	at wrappers.GenericWrappers.takeSnap(GenericWrappers.java:613)
	at utils.Reporter.reportStep(Reporter.java:20)
	at wrappers.GenericWrappers.takeSnap(GenericWrappers.java:613)
	at utils.Reporter.reportStep(Reporter.java:20)
	at wrappers.GenericWrappers.takeSnap(GenericWrappers.java:613)
	at utils.Reporter.reportStep(Reporter.java:20)
	at wrappers.GenericWrappers.takeSnap(GenericWrappers.java:613)
	at utils.Reporter.reportStep(Reporter.java:20)
	at wrappers.GenericWrappers.takeSnap(GenericWrappers.java:613)
	at utils.Reporter.reportStep(Reporter.java:20)
	at wrappers.GenericWrappers.takeSnap(GenericWrappers.java:613)
	at utils.Reporter.reportStep(Reporter.java:20)
	at wrappers.GenericWrappers.takeSnap(GenericWrappers.java:613)
	at utils.Reporter.reportStep(Reporter.java:20)
	at wrappers.GenericWrappers.takeSnap(GenericWrappers.java:613)
	at utils.Reporter.reportStep(Reporter.java:20)
	at wrappers.GenericWrappers.takeSnap(GenericWrappers.java:613)
	at utils.Reporter.reportStep(Reporter.java:20)
	at wrappers.GenericWrappers.takeSnap(GenericWrappers.java:613)
	at utils.Reporter.reportStep(Reporter.java:20)
	at wrappers.GenericWrappers.takeSnap(GenericWrappers.java:613)
	at utils.Reporter.reportStep(Reporter.java:20)
	at wrappers.GenericWrappers.takeSnap(GenericWrappers.java:613)
	at utils.Reporter.reportStep(Reporter.java:20)
	at wrappers.GenericWrappers.takeSnap(GenericWrappers.java:613)
	at utils.Reporter.reportStep(Reporter.java:20)
	at wrappers.GenericWrappers.takeSnap(GenericWrappers.java:613)
	at utils.Reporter.reportStep(Reporter.java:20)
	at wrappers.GenericWrappers.takeSnap(GenericWrappers.java:613)
	at utils.Reporter.reportStep(Reporter.java:20)
	at wrappers.GenericWrappers.takeSnap(GenericWrappers.java:613)
	at utils.Reporter.reportStep(Reporter.java:20)
	at wrappers.GenericWrappers.takeSnap(GenericWrappers.java:613)
	at utils.Reporter.reportStep(Reporter.java:20)
	at wrappers.GenericWrappers.takeSnap(GenericWrappers.java:613)
	at utils.Reporter.reportStep(Reporter.java:20)
	at wrappers.GenericWrappers.takeSnap(GenericWrappers.java:613)
	at utils.Reporter.reportStep(Reporter.java:20)
	at wrappers.GenericWrappers.takeSnap(GenericWrappers.java:613)
	at utils.Reporter.reportStep(Reporter.java:20)
	at wrappers.GenericWrappers.takeSnap(GenericWrappers.java:613)
	at utils.Reporter.reportStep(Reporter.java:20)
	at wrappers.GenericWrappers.takeSnap(GenericWrappers.java:613)
	at utils.Reporter.reportStep(Reporter.java:20)
	at wrappers.GenericWrappers.takeSnap(GenericWrappers.java:613)
	at utils.Reporter.reportStep(Reporter.java:20)
	at wrappers.GenericWrappers.takeSnap(GenericWrappers.java:613)
	at utils.Reporter.reportStep(Reporter.java:20)
	at wrappers.GenericWrappers.takeSnap(GenericWrappers.java:613)
	at utils.Reporter.reportStep(Reporter.java:20)
	at wrappers.GenericWrappers.takeSnap(GenericWrappers.java:613)
	at utils.Reporter.reportStep(Reporter.java:20)
	at wrappers.GenericWrappers.takeSnap(GenericWrappers.java:613)
	at utils.Reporter.reportStep(Reporter.java:20)
	at wrappers.GenericWrappers.takeSnap(GenericWrappers.java:613)
	at utils.Reporter.reportStep(Reporter.java:20)
	at wrappers.GenericWrappers.takeSnap(GenericWrappers.java:613)
	at utils.Reporter.reportStep(Reporter.java:20)
	at wrappers.GenericWrappers.takeSnap(GenericWrappers.java:613)
	at utils.Reporter.reportStep(Reporter.java:20)
	at wrappers.GenericWrappers.takeSnap(GenericWrappers.java:613)
	at utils.Reporter.reportStep(Reporter.java:20)
	at wrappers.GenericWrappers.takeSnap(GenericWrappers.java:613)
	at utils.Reporter.reportStep(Reporter.java:20)
	at wrappers.GenericWrappers.takeSnap(GenericWrappers.java:613)
	at utils.Reporter.reportStep(Reporter.java:20)
	at wrappers.GenericWrappers.takeSnap(GenericWrappers.java:613)
	at utils.Reporter.reportStep(Reporter.java:20)
	at wrappers.GenericWrappers.takeSnap(GenericWrappers.java:613)
	at utils.Reporter.reportStep(Reporter.java:20)
	at wrappers.GenericWrappers.takeSnap(GenericWrappers.java:613)
	at utils.Reporter.reportStep(Reporter.java:20)
	at wrappers.GenericWrappers.takeSnap(GenericWrappers.java:613)
	at utils.Reporter.reportStep(Reporter.java:20)
	at wrappers.GenericWrappers.takeSnap(GenericWrappers.java:613)
	at utils.Reporter.reportStep(Reporter.java:20)
	at wrappers.GenericWrappers.takeSnap(GenericWrappers.java:613)
	at utils.Reporter.reportStep(Reporter.java:20)
	at wrappers.GenericWrappers.takeSnap(GenericWrappers.java:613)
	at utils.Reporter.reportStep(Reporter.java:20)
	at wrappers.GenericWrappers.takeSnap(GenericWrappers.java:613)
	at utils.Reporter.reportStep(Reporter.java:20)
	at wrappers.GenericWrappers.takeSnap(GenericWrappers.java:613)
	at utils.Reporter.reportStep(Reporter.java:20)
	at wrappers.GenericWrappers.takeSnap(GenericWrappers.java:613)
	at utils.Reporter.reportStep(Reporter.java:20)
	at wrappers.GenericWrappers.takeSnap(GenericWrappers.java:613)
	at utils.Reporter.reportStep(Reporter.java:20)
	at wrappers.GenericWrappers.takeSnap(GenericWrappers.java:613)
	at utils.Reporter.reportStep(Reporter.java:20)
	at wrappers.GenericWrappers.takeSnap(GenericWrappers.java:613)
	at utils.Reporter.reportStep(Reporter.java:20)
	at wrappers.GenericWrappers.takeSnap(GenericWrappers.java:613)
	at utils.Reporter.reportStep(Reporter.java:20)
	at wrappers.GenericWrappers.takeSnap(GenericWrappers.java:613)
	at utils.Reporter.reportStep(Reporter.java:20)
	at wrappers.GenericWrappers.takeSnap(GenericWrappers.java:613)
	at utils.Reporter.reportStep(Reporter.java:20)
	at wrappers.GenericWrappers.takeSnap(GenericWrappers.java:613)
	at utils.Reporter.reportStep(Reporter.java:20)
	at wrappers.GenericWrappers.takeSnap(GenericWrappers.java:613)
	at utils.Reporter.reportStep(Reporter.java:20)
	at wrappers.GenericWrappers.takeSnap(GenericWrappers.java:613)
	at utils.Reporter.reportStep(Reporter.java:20)
	at wrappers.GenericWrappers.takeSnap(GenericWrappers.java:613)
	at utils.Reporter.reportStep(Reporter.java:20)
	at wrappers.GenericWrappers.takeSnap(GenericWrappers.java:613)
	at utils.Reporter.reportStep(Reporter.java:20)
	at wrappers.GenericWrappers.takeSnap(GenericWrappers.java:613)
	at utils.Reporter.reportStep(Reporter.java:20)
	at wrappers.GenericWrappers.takeSnap(GenericWrappers.java:613)
	at utils.Reporter.reportStep(Reporter.java:20)
	at wrappers.GenericWrappers.takeSnap(GenericWrappers.java:613)
	at utils.Reporter.reportStep(Reporter.java:20)
	at wrappers.GenericWrappers.takeSnap(GenericWrappers.java:613)
	at utils.Reporter.reportStep(Reporter.java:20)
	at wrappers.GenericWrappers.takeSnap(GenericWrappers.java:613)
	at utils.Reporter.reportStep(Reporter.java:20)
	at wrappers.GenericWrappers.takeSnap(GenericWrappers.java:613)
	at utils.Reporter.reportStep(Reporter.java:20)
	at wrappers.GenericWrappers.takeSnap(GenericWrappers.java:613)
	at utils.Reporter.reportStep(Reporter.java:20)
	at wrappers.GenericWrappers.takeSnap(GenericWrappers.java:613)
	at utils.Reporter.reportStep(Reporter.java:20)
	at wrappers.GenericWrappers.takeSnap(GenericWrappers.java:613)
	at utils.Reporter.reportStep(Reporter.java:20)
	at wrappers.GenericWrappers.takeSnap(GenericWrappers.java:613)
	at utils.Reporter.reportStep(Reporter.java:20)
	at wrappers.GenericWrappers.takeSnap(GenericWrappers.java:613)
	at utils.Reporter.reportStep(Reporter.java:20)
	at wrappers.GenericWrappers.takeSnap(GenericWrappers.java:613)
	at utils.Reporter.reportStep(Reporter.java:20)
	at wrappers.GenericWrappers.takeSnap(GenericWrappers.java:613)
	at utils.Reporter.reportStep(Reporter.java:20)
	at wrappers.GenericWrappers.takeSnap(GenericWrappers.java:613)
	at utils.Reporter.reportStep(Reporter.java:20)
	at wrappers.GenericWrappers.takeSnap(GenericWrappers.java:613)
	at utils.Reporter.reportStep(Reporter.java:20)
	at wrappers.GenericWrappers.takeSnap(GenericWrappers.java:613)
	at utils.Reporter.reportStep(Reporter.java:20)
	at wrappers.GenericWrappers.takeSnap(GenericWrappers.java:613)
	at utils.Reporter.reportStep(Reporter.java:20)
	at wrappers.GenericWrappers.takeSnap(GenericWrappers.java:613)
	at utils.Reporter.reportStep(Reporter.java:20)
	at wrappers.GenericWrappers.takeSnap(GenericWrappers.java:613)
	at utils.Reporter.reportStep(Reporter.java:20)
	at wrappers.GenericWrappers.takeSnap(GenericWrappers.java:613)
	at utils.Reporter.reportStep(Reporter.java:20)
	at wrappers.GenericWrappers.takeSnap(GenericWrappers.java:613)
	at utils.Reporter.reportStep(Reporter.java:20)
	at wrappers.GenericWrappers.takeSnap(GenericWrappers.java:613)
	at utils.Reporter.reportStep(Reporter.java:20)
	at wrappers.GenericWrappers.takeSnap(GenericWrappers.java:613)
	at utils.Reporter.reportStep(Reporter.java:20)
	at wrappers.GenericWrappers.takeSnap(GenericWrappers.java:613)
	at utils.Reporter.reportStep(Reporter.java:20)
	at wrappers.GenericWrappers.takeSnap(GenericWrappers.java:613)
	at utils.Reporter.reportStep(Reporter.java:20)
	at wrappers.GenericWrappers.takeSnap(GenericWrappers.java:613)
	at utils.Reporter.reportStep(Reporter.java:20)
	at wrappers.GenericWrappers.takeSnap(GenericWrappers.java:613)
	at utils.Reporter.reportStep(Reporter.java:20)
	at wrappers.GenericWrappers.takeSnap(GenericWrappers.java:613)
	at utils.Reporter.reportStep(Reporter.java:20)
	at wrappers.GenericWrappers.takeSnap(GenericWrappers.java:613)
	at utils.Reporter.reportStep(Reporter.java:20)
	at wrappers.GenericWrappers.takeSnap(GenericWrappers.java:613)
	at utils.Reporter.reportStep(Reporter.java:20)
	at wrappers.GenericWrappers.takeSnap(GenericWrappers.java:613)
	at utils.Reporter.reportStep(Reporter.java:20)
	at wrappers.GenericWrappers.takeSnap(GenericWrappers.java:613)
	at utils.Reporter.reportStep(Reporter.java:20)
	at wrappers.GenericWrappers.takeSnap(GenericWrappers.java:613)
	at utils.Reporter.reportStep(Reporter.java:20)
	at wrappers.GenericWrappers.takeSnap(GenericWrappers.java:613)
	at utils.Reporter.reportStep(Reporter.java:20)
	at wrappers.GenericWrappers.takeSnap(GenericWrappers.java:613)
	at utils.Reporter.reportStep(Reporter.java:20)
	at wrappers.GenericWrappers.takeSnap(GenericWrappers.java:613)
	at utils.Reporter.reportStep(Reporter.java:20)
	at wrappers.GenericWrappers.takeSnap(GenericWrappers.java:613)
	at utils.Reporter.reportStep(Reporter.java:20)
	at wrappers.GenericWrappers.takeSnap(GenericWrappers.java:613)
	at utils.Reporter.reportStep(Reporter.java:20)
	at wrappers.GenericWrappers.takeSnap(GenericWrappers.java:613)
	at utils.Reporter.reportStep(Reporter.java:20)
	at wrappers.GenericWrappers.takeSnap(GenericWrappers.java:613)
	at utils.Reporter.reportStep(Reporter.java:20)
	at wrappers.GenericWrappers.takeSnap(GenericWrappers.java:613)
	at utils.Reporter.reportStep(Reporter.java:20)
	at wrappers.GenericWrappers.takeSnap(GenericWrappers.java:613)
	at utils.Reporter.reportStep(Reporter.java:20)
	at wrappers.GenericWrappers.takeSnap(GenericWrappers.java:613)
	at utils.Reporter.reportStep(Reporter.java:20)
	at wrappers.GenericWrappers.takeSnap(GenericWrappers.java:613)
	at utils.Reporter.reportStep(Reporter.java:20)
	at wrappers.GenericWrappers.takeSnap(GenericWrappers.java:613)
	at utils.Reporter.reportStep(Reporter.java:20)
	at wrappers.GenericWrappers.takeSnap(GenericWrappers.java:613)
	at utils.Reporter.reportStep(Reporter.java:20)
	at wrappers.GenericWrappers.takeSnap(GenericWrappers.java:613)
	at utils.Reporter.reportStep(Reporter.java:20)
	at wrappers.GenericWrappers.takeSnap(GenericWrappers.java:613)
	at utils.Reporter.reportStep(Reporter.java:20)
	at wrappers.GenericWrappers.takeSnap(GenericWrappers.java:613)
	at utils.Reporter.reportStep(Reporter.java:20)
	at wrappers.GenericWrappers.takeSnap(GenericWrappers.java:613)
	at utils.Reporter.reportStep(Reporter.java:20)
	at wrappers.GenericWrappers.takeSnap(GenericWrappers.java:613)
	at utils.Reporter.reportStep(Reporter.java:20)
	at wrappers.GenericWrappers.takeSnap(GenericWrappers.java:613)
	at utils.Reporter.reportStep(Reporter.java:20)
	at wrappers.GenericWrappers.takeSnap(GenericWrappers.java:613)
	at utils.Reporter.reportStep(Reporter.java:20)
	at wrappers.GenericWrappers.takeSnap(GenericWrappers.java:613)
	at utils.Reporter.reportStep(Reporter.java:20)
	at wrappers.GenericWrappers.takeSnap(GenericWrappers.java:613)
	at utils.Reporter.reportStep(Reporter.java:20)
	at wrappers.GenericWrappers.takeSnap(GenericWrappers.java:613)
	at utils.Reporter.reportStep(Reporter.java:20)
	at wrappers.GenericWrappers.takeSnap(GenericWrappers.java:613)
	at utils.Reporter.reportStep(Reporter.java:20)
	at wrappers.GenericWrappers.takeSnap(GenericWrappers.java:613)
	at utils.Reporter.reportStep(Reporter.java:20)
	at wrappers.GenericWrappers.takeSnap(GenericWrappers.java:613)
	at utils.Reporter.reportStep(Reporter.java:20)
	at wrappers.GenericWrappers.takeSnap(GenericWrappers.java:613)
	at utils.Reporter.reportStep(Reporter.java:20)
	at wrappers.GenericWrappers.takeSnap(GenericWrappers.java:613)
	at utils.Reporter.reportStep(Reporter.java:20)
	at wrappers.GenericWrappers.takeSnap(GenericWrappers.java:613)
	at utils.Reporter.reportStep(Reporter.java:20)
	at wrappers.GenericWrappers.takeSnap(GenericWrappers.java:613)
	at utils.Reporter.reportStep(Reporter.java:20)
	at wrappers.GenericWrappers.takeSnap(GenericWrappers.java:613)
	at utils.Reporter.reportStep(Reporter.java:20)
	at wrappers.GenericWrappers.takeSnap(GenericWrappers.java:613)
	at utils.Reporter.reportStep(Reporter.java:20)
	at wrappers.GenericWrappers.takeSnap(GenericWrappers.java:613)
	at utils.Reporter.reportStep(Reporter.java:20)
	at wrappers.GenericWrappers.takeSnap(GenericWrappers.java:613)
	at utils.Reporter.reportStep(Reporter.java:20)
	at wrappers.GenericWrappers.takeSnap(GenericWrappers.java:613)
	at utils.Reporter.reportStep(Reporter.java:20)
	at wrappers.GenericWrappers.takeSnap(GenericWrappers.java:613)
	at utils.Reporter.reportStep(Reporter.java:20)
	at wrappers.GenericWrappers.takeSnap(GenericWrappers.java:613)
	at utils.Reporter.reportStep(Reporter.java:20)
	at wrappers.GenericWrappers.takeSnap(GenericWrappers.java:613)
	at utils.Reporter.reportStep(Reporter.java:20)
	at wrappers.GenericWrappers.takeSnap(GenericWrappers.java:613)
	at utils.Reporter.reportStep(Reporter.java:20)
	at wrappers.GenericWrappers.takeSnap(GenericWrappers.java:613)
	at utils.Reporter.reportStep(Reporter.java:20)
	at wrappers.GenericWrappers.takeSnap(GenericWrappers.java:613)
	at utils.Reporter.reportStep(Reporter.java:20)
	at wrappers.GenericWrappers.takeSnap(GenericWrappers.java:613)
	at utils.Reporter.reportStep(Reporter.java:20)
	at wrappers.GenericWrappers.takeSnap(GenericWrappers.java:613)
	at utils.Reporter.reportStep(Reporter.java:20)
	at wrappers.GenericWrappers.takeSnap(GenericWrappers.java:613)
	at utils.Reporter.reportStep(Reporter.java:20)
	at wrappers.GenericWrappers.takeSnap(GenericWrappers.java:613)
	at utils.Reporter.reportStep(Reporter.java:20)
	at wrappers.GenericWrappers.takeSnap(GenericWrappers.java:613)
	at utils.Reporter.reportStep(Reporter.java:20)
	at wrappers.GenericWrappers.takeSnap(GenericWrappers.java:613)
	at utils.Reporter.reportStep(Reporter.java:20)
	at wrappers.GenericWrappers.takeSnap(GenericWrappers.java:613)
	at utils.Reporter.reportStep(Reporter.java:20)
	at wrappers.GenericWrappers.takeSnap(GenericWrappers.java:613)
	at utils.Reporter.reportStep(Reporter.java:20)
	at wrappers.GenericWrappers.takeSnap(GenericWrappers.java:613)
	at utils.Reporter.reportStep(Reporter.java:20)
	at wrappers.GenericWrappers.takeSnap(GenericWrappers.java:613)
	at utils.Reporter.reportStep(Reporter.java:20)
	at wrappers.GenericWrappers.takeSnap(GenericWrappers.java:613)
	at utils.Reporter.reportStep(Reporter.java:20)
	at wrappers.GenericWrappers.takeSnap(GenericWrappers.java:613)
	at utils.Reporter.reportStep(Reporter.java:20)
	at wrappers.GenericWrappers.takeSnap(GenericWrappers.java:613)
	at utils.Reporter.reportStep(Reporter.java:20)
	at wrappers.GenericWrappers.takeSnap(GenericWrappers.java:613)
	at utils.Reporter.reportStep(Reporter.java:20)
	at wrappers.GenericWrappers.takeSnap(GenericWrappers.java:613)
	at utils.Reporter.reportStep(Reporter.java:20)
	at wrappers.GenericWrappers.takeSnap(GenericWrappers.java:613)
	at utils.Reporter.reportStep(Reporter.java:20)
	at wrappers.GenericWrappers.takeSnap(GenericWrappers.java:613)
	at utils.Reporter.reportStep(Reporter.java:20)
	at wrappers.GenericWrappers.takeSnap(GenericWrappers.java:613)
	at utils.Reporter.reportStep(Reporter.java:20)
	at wrappers.GenericWrappers.takeSnap(GenericWrappers.java:613)
	at utils.Reporter.reportStep(Reporter.java:20)
	at wrappers.GenericWrappers.takeSnap(GenericWrappers.java:613)
	at utils.Reporter.reportStep(Reporter.java:20)
	at wrappers.GenericWrappers.takeSnap(GenericWrappers.java:613)
	at utils.Reporter.reportStep(Reporter.java:20)
	at wrappers.GenericWrappers.takeSnap(GenericWrappers.java:613)
	at utils.Reporter.reportStep(Reporter.java:20)
	at wrappers.GenericWrappers.takeSnap(GenericWrappers.java:613)
	at utils.Reporter.reportStep(Reporter.java:20)
	at wrappers.GenericWrappers.takeSnap(GenericWrappers.java:613)
	at utils.Reporter.reportStep(Reporter.java:20)
	at wrappers.GenericWrappers.takeSnap(GenericWrappers.java:613)
	at utils.Reporter.reportStep(Reporter.java:20)
	at wrappers.GenericWrappers.takeSnap(GenericWrappers.java:613)
	at utils.Reporter.reportStep(Reporter.java:20)
	at wrappers.GenericWrappers.takeSnap(GenericWrappers.java:613)
	at utils.Reporter.reportStep(Reporter.java:20)
	at wrappers.GenericWrappers.takeSnap(GenericWrappers.java:613)
	at utils.Reporter.reportStep(Reporter.java:20)
	at wrappers.GenericWrappers.takeSnap(GenericWrappers.java:613)
	at utils.Reporter.reportStep(Reporter.java:20)
	at wrappers.GenericWrappers.takeSnap(GenericWrappers.java:613)
	at utils.Reporter.reportStep(Reporter.java:20)
	at wrappers.GenericWrappers.takeSnap(GenericWrappers.java:613)
	at utils.Reporter.reportStep(Reporter.java:20)
	at wrappers.GenericWrappers.takeSnap(GenericWrappers.java:613)
	at utils.Reporter.reportStep(Reporter.java:20)
	at wrappers.GenericWrappers.takeSnap(GenericWrappers.java:613)
	at utils.Reporter.reportStep(Reporter.java:20)
	at wrappers.GenericWrappers.takeSnap(GenericWrappers.java:613)
	at utils.Reporter.reportStep(Reporter.java:20)
	at wrappers.GenericWrappers.takeSnap(GenericWrappers.java:613)
	at utils.Reporter.reportStep(Reporter.java:20)
	at wrappers.GenericWrappers.takeSnap(GenericWrappers.java:613)
	at utils.Reporter.reportStep(Reporter.java:20)
	at wrappers.GenericWrappers.takeSnap(GenericWrappers.java:613)
	at utils.Reporter.reportStep(Reporter.java:20)
	at wrappers.GenericWrappers.takeSnap(GenericWrappers.java:613)
	at utils.Reporter.reportStep(Reporter.java:20)
	at wrappers.GenericWrappers.takeSnap(GenericWrappers.java:613)
	at utils.Reporter.reportStep(Reporter.java:20)
	at wrappers.GenericWrappers.takeSnap(GenericWrappers.java:613)
	at utils.Reporter.reportStep(Reporter.java:20)
	at wrappers.GenericWrappers.takeSnap(GenericWrappers.java:613)
	at utils.Reporter.reportStep(Reporter.java:20)
	at wrappers.GenericWrappers.takeSnap(GenericWrappers.java:613)
	at utils.Reporter.reportStep(Reporter.java:20)
	at wrappers.GenericWrappers.takeSnap(GenericWrappers.java:613)
	at utils.Reporter.reportStep(Reporter.java:20)
	at wrappers.GenericWrappers.takeSnap(GenericWrappers.java:613)
	at utils.Reporter.reportStep(Reporter.java:20)
	at wrappers.GenericWrappers.takeSnap(GenericWrappers.java:613)
	at utils.Reporter.reportStep(Reporter.java:20)
	at wrappers.GenericWrappers.takeSnap(GenericWrappers.java:613)
	at utils.Reporter.reportStep(Reporter.java:20)
	at wrappers.GenericWrappers.takeSnap(GenericWrappers.java:613)
	at utils.Reporter.reportStep(Reporter.java:20)
	at wrappers.GenericWrappers.takeSnap(GenericWrappers.java:613)
	at utils.Reporter.reportStep(Reporter.java:20)
	at wrappers.GenericWrappers.takeSnap(GenericWrappers.java:613)
	at utils.Reporter.reportStep(Reporter.java:20)
	at wrappers.GenericWrappers.takeSnap(GenericWrappers.java:613)
	at utils.Reporter.reportStep(Reporter.java:20)
	at wrappers.GenericWrappers.takeSnap(GenericWrappers.java:613)
	at utils.Reporter.reportStep(Reporter.java:20)
	at wrappers.GenericWrappers.takeSnap(GenericWrappers.java:613)
	at utils.Reporter.reportStep(Reporter.java:20)
	at wrappers.GenericWrappers.takeSnap(GenericWrappers.java:613)
	at utils.Reporter.reportStep(Reporter.java:20)
	at wrappers.GenericWrappers.takeSnap(GenericWrappers.java:613)
	at utils.Reporter.reportStep(Reporter.java:20)
	at wrappers.GenericWrappers.takeSnap(GenericWrappers.java:613)
	at utils.Reporter.reportStep(Reporter.java:20)
	at wrappers.GenericWrappers.takeSnap(GenericWrappers.java:613)
	at utils.Reporter.reportStep(Reporter.java:20)
	at wrappers.GenericWrappers.takeSnap(GenericWrappers.java:613)
	at utils.Reporter.reportStep(Reporter.java:20)
	at wrappers.GenericWrappers.takeSnap(GenericWrappers.java:613)
	at utils.Reporter.reportStep(Reporter.java:20)
	at wrappers.GenericWrappers.takeSnap(GenericWrappers.java:613)
	at utils.Reporter.reportStep(Reporter.java:20)
	at wrappers.GenericWrappers.takeSnap(GenericWrappers.java:613)
	at utils.Reporter.reportStep(Reporter.java:20)
	at wrappers.GenericWrappers.takeSnap(GenericWrappers.java:613)
	at utils.Reporter.reportStep(Reporter.java:20)
	at wrappers.GenericWrappers.takeSnap(GenericWrappers.java:613)
	at utils.Reporter.reportStep(Reporter.java:20)
	at wrappers.GenericWrappers.takeSnap(GenericWrappers.java:613)
	at utils.Reporter.reportStep(Reporter.java:20)
	at wrappers.GenericWrappers.takeSnap(GenericWrappers.java:613)
	at utils.Reporter.reportStep(Reporter.java:20)
	at wrappers.GenericWrappers.takeSnap(GenericWrappers.java:613)
	at utils.Reporter.reportStep(Reporter.java:20)
	at wrappers.GenericWrappers.takeSnap(GenericWrappers.java:613)
	at utils.Reporter.reportStep(Reporter.java:20)
	at wrappers.GenericWrappers.takeSnap(GenericWrappers.java:613)
	at utils.Reporter.reportStep(Reporter.java:20)
	at wrappers.GenericWrappers.takeSnap(GenericWrappers.java:613)
	at utils.Reporter.reportStep(Reporter.java:20)
	at wrappers.GenericWrappers.takeSnap(GenericWrappers.java:613)
	at utils.Reporter.reportStep(Reporter.java:20)
	at wrappers.GenericWrappers.takeSnap(GenericWrappers.java:613)
	at utils.Reporter.reportStep(Reporter.java:20)
	at wrappers.GenericWrappers.takeSnap(GenericWrappers.java:613)
	at utils.Reporter.reportStep(Reporter.java:20)
	at wrappers.GenericWrappers.takeSnap(GenericWrappers.java:613)
	at utils.Reporter.reportStep(Reporter.java:20)
	at wrappers.GenericWrappers.takeSnap(GenericWrappers.java:613)
	at utils.Reporter.reportStep(Reporter.java:20)
	at wrappers.GenericWrappers.takeSnap(GenericWrappers.java:613)
	at utils.Reporter.reportStep(Reporter.java:20)
	at wrappers.GenericWrappers.takeSnap(GenericWrappers.java:613)
	at utils.Reporter.reportStep(Reporter.java:20)
	at wrappers.GenericWrappers.takeSnap(GenericWrappers.java:613)
	at utils.Reporter.reportStep(Reporter.java:20)
	at wrappers.GenericWrappers.takeSnap(GenericWrappers.java:613)
	at utils.Reporter.reportStep(Reporter.java:20)
	at wrappers.GenericWrappers.takeSnap(GenericWrappers.java:613)
	at utils.Reporter.reportStep(Reporter.java:20)
	at wrappers.GenericWrappers.takeSnap(GenericWrappers.java:613)
	at utils.Reporter.reportStep(Reporter.java:20)
	at wrappers.GenericWrappers.takeSnap(GenericWrappers.java:613)
	at utils.Reporter.reportStep(Reporter.java:20)
	at wrappers.GenericWrappers.takeSnap(GenericWrappers.java:613)
	at utils.Reporter.reportStep(Reporter.java:20)
	at wrappers.GenericWrappers.takeSnap(GenericWrappers.java:613)
	at utils.Reporter.reportStep(Reporter.java:20)
	at wrappers.GenericWrappers.takeSnap(GenericWrappers.java:613)
	at utils.Reporter.reportStep(Reporter.java:20)
	at wrappers.GenericWrappers.takeSnap(GenericWrappers.java:613)
	at utils.Reporter.reportStep(Reporter.java:20)
	at wrappers.GenericWrappers.takeSnap(GenericWrappers.java:613)
	at utils.Reporter.reportStep(Reporter.java:20)
	at wrappers.GenericWrappers.takeSnap(GenericWrappers.java:613)
	at utils.Reporter.reportStep(Reporter.java:20)
	at wrappers.GenericWrappers.takeSnap(GenericWrappers.java:613)
	at utils.Reporter.reportStep(Reporter.java:20)
	at wrappers.GenericWrappers.takeSnap(GenericWrappers.java:613)
	at utils.Reporter.reportStep(Reporter.java:20)
	at wrappers.GenericWrappers.takeSnap(GenericWrappers.java:613)
	at utils.Reporter.reportStep(Reporter.java:20)
	at wrappers.GenericWrappers.takeSnap(GenericWrappers.java:613)
	at utils.Reporter.reportStep(Reporter.java:20)
	at wrappers.GenericWrappers.takeSnap(GenericWrappers.java:613)
	at utils.Reporter.reportStep(Reporter.java:20)
	at wrappers.GenericWrappers.takeSnap(GenericWrappers.java:613)
	at utils.Reporter.reportStep(Reporter.java:20)
	at wrappers.GenericWrappers.takeSnap(GenericWrappers.java:613)
	at utils.Reporter.reportStep(Reporter.java:20)
	at wrappers.GenericWrappers.takeSnap(GenericWrappers.java:613)
	at utils.Reporter.reportStep(Reporter.java:20)
	at wrappers.GenericWrappers.takeSnap(GenericWrappers.java:613)
	at utils.Reporter.reportStep(Reporter.java:20)
	at wrappers.GenericWrappers.takeSnap(GenericWrappers.java:613)
	at utils.Reporter.reportStep(Reporter.java:20)
	at wrappers.GenericWrappers.takeSnap(GenericWrappers.java:613)
	at utils.Reporter.reportStep(Reporter.java:20)
	at wrappers.GenericWrappers.takeSnap(GenericWrappers.java:613)
	at utils.Reporter.reportStep(Reporter.java:20)
	at wrappers.GenericWrappers.takeSnap(GenericWrappers.java:613)
	at utils.Reporter.reportStep(Reporter.java:20)
	at wrappers.GenericWrappers.takeSnap(GenericWrappers.java:613)
	at utils.Reporter.reportStep(Reporter.java:20)
	at wrappers.GenericWrappers.takeSnap(GenericWrappers.java:613)
	at utils.Reporter.reportStep(Reporter.java:20)
	at wrappers.GenericWrappers.takeSnap(GenericWrappers.java:613)
	at utils.Reporter.reportStep(Reporter.java:20)
	at wrappers.GenericWrappers.takeSnap(GenericWrappers.java:613)
	at utils.Reporter.reportStep(Reporter.java:20)
	at wrappers.GenericWrappers.takeSnap(GenericWrappers.java:613)
	at utils.Reporter.reportStep(Reporter.java:20)
	at wrappers.GenericWrappers.takeSnap(GenericWrappers.java:613)
	at utils.Reporter.reportStep(Reporter.java:20)
	at wrappers.GenericWrappers.takeSnap(GenericWrappers.java:613)
	at utils.Reporter.reportStep(Reporter.java:20)
	at wrappers.GenericWrappers.takeSnap(GenericWrappers.java:613)
	at utils.Reporter.reportStep(Reporter.java:20)
	at wrappers.GenericWrappers.takeSnap(GenericWrappers.java:613)
	at utils.Reporter.reportStep(Reporter.java:20)
	at wrappers.GenericWrappers.takeSnap(GenericWrappers.java:613)
	at utils.Reporter.reportStep(Reporter.java:20)
	at wrappers.GenericWrappers.takeSnap(GenericWrappers.java:613)
	at utils.Reporter.reportStep(Reporter.java:20)
	at wrappers.GenericWrappers.takeSnap(GenericWrappers.java:613)
	at utils.Reporter.reportStep(Reporter.java:20)
	at wrappers.GenericWrappers.takeSnap(GenericWrappers.java:613)
	at utils.Reporter.reportStep(Reporter.java:20)
	at wrappers.GenericWrappers.takeSnap(GenericWrappers.java:613)
	at utils.Reporter.reportStep(Reporter.java:20)
	at wrappers.GenericWrappers.takeSnap(GenericWrappers.java:613)
	at utils.Reporter.reportStep(Reporter.java:20)
	at wrappers.GenericWrappers.takeSnap(GenericWrappers.java:613)
	at utils.Reporter.reportStep(Reporter.java:20)
	at wrappers.GenericWrappers.takeSnap(GenericWrappers.java:613)
	at utils.Reporter.reportStep(Reporter.java:20)
	at wrappers.GenericWrappers.takeSnap(GenericWrappers.java:613)
	at utils.Reporter.reportStep(Reporter.java:20)
	at wrappers.GenericWrappers.takeSnap(GenericWrappers.java:613)
	at utils.Reporter.reportStep(Reporter.java:20)
	at wrappers.GenericWrappers.takeSnap(GenericWrappers.java:613)
	at utils.Reporter.reportStep(Reporter.java:20)
	at wrappers.GenericWrappers.takeSnap(GenericWrappers.java:613)
	at utils.Reporter.reportStep(Reporter.java:20)
	at wrappers.GenericWrappers.takeSnap(GenericWrappers.java:613)
	at utils.Reporter.reportStep(Reporter.java:20)
	at wrappers.GenericWrappers.takeSnap(GenericWrappers.java:613)
	at utils.Reporter.reportStep(Reporter.java:20)
	at wrappers.GenericWrappers.takeSnap(GenericWrappers.java:613)
	at utils.Reporter.reportStep(Reporter.java:20)
	at wrappers.GenericWrappers.takeSnap(GenericWrappers.java:613)
	at utils.Reporter.reportStep(Reporter.java:20)
	at wrappers.GenericWrappers.takeSnap(GenericWrappers.java:613)
	at utils.Reporter.reportStep(Reporter.java:20)
	at wrappers.GenericWrappers.takeSnap(GenericWrappers.java:613)
	at utils.Reporter.reportStep(Reporter.java:20)
	at wrappers.GenericWrappers.takeSnap(GenericWrappers.java:613)
	at utils.Reporter.reportStep(Reporter.java:20)
	at wrappers.GenericWrappers.takeSnap(GenericWrappers.java:613)
	at utils.Reporter.reportStep(Reporter.java:20)
	at wrappers.GenericWrappers.takeSnap(GenericWrappers.java:613)
]]>
    </error>
  </testcase> <!-- login -->
  <testcase name="login" time="0.001" classname="testCases.TC001_Login">
    <error type="java.lang.StackOverflowError">
      <![CDATA[java.lang.StackOverflowError
	at java.util.regex.Pattern$Branch.match(Unknown Source)
	at java.util.regex.Pattern$BranchConn.match(Unknown Source)
	at java.util.regex.Pattern$GroupTail.match(Unknown Source)
	at java.util.regex.Pattern$Curly.match0(Unknown Source)
	at java.util.regex.Pattern$Curly.match(Unknown Source)
	at java.util.regex.Pattern$GroupHead.match(Unknown Source)
	at java.util.regex.Pattern$Branch.match(Unknown Source)
	at java.util.regex.Pattern$Branch.match(Unknown Source)
	at java.util.regex.Pattern$BmpCharProperty.match(Unknown Source)
	at java.util.regex.Pattern$Start.match(Unknown Source)
	at java.util.regex.Matcher.search(Unknown Source)
	at java.util.regex.Matcher.find(Unknown Source)
	at java.util.Formatter.parse(Unknown Source)
	at java.util.Formatter.format(Unknown Source)
	at java.util.Formatter.format(Unknown Source)
	at java.lang.String.format(Unknown Source)
	at org.openqa.selenium.remote.RemoteWebDriver.execute(RemoteWebDriver.java:549)
	at org.openqa.selenium.remote.RemoteWebDriver.execute(RemoteWebDriver.java:609)
	at org.openqa.selenium.remote.RemoteWebDriver.getScreenshotAs(RemoteWebDriver.java:295)
	at wrappers.GenericWrappers.takeSnap(GenericWrappers.java:610)
	at utils.Reporter.reportStep(Reporter.java:20)
	at wrappers.GenericWrappers.takeSnap(GenericWrappers.java:613)
	at utils.Reporter.reportStep(Reporter.java:20)
	at wrappers.GenericWrappers.takeSnap(GenericWrappers.java:613)
	at utils.Reporter.reportStep(Reporter.java:20)
	at wrappers.GenericWrappers.takeSnap(GenericWrappers.java:613)
	at utils.Reporter.reportStep(Reporter.java:20)
	at wrappers.GenericWrappers.takeSnap(GenericWrappers.java:613)
	at utils.Reporter.reportStep(Reporter.java:20)
	at wrappers.GenericWrappers.takeSnap(GenericWrappers.java:613)
	at utils.Reporter.reportStep(Reporter.java:20)
	at wrappers.GenericWrappers.takeSnap(GenericWrappers.java:613)
	at utils.Reporter.reportStep(Reporter.java:20)
	at wrappers.GenericWrappers.takeSnap(GenericWrappers.java:613)
	at utils.Reporter.reportStep(Reporter.java:20)
	at wrappers.GenericWrappers.takeSnap(GenericWrappers.java:613)
	at utils.Reporter.reportStep(Reporter.java:20)
	at wrappers.GenericWrappers.takeSnap(GenericWrappers.java:613)
	at utils.Reporter.reportStep(Reporter.java:20)
	at wrappers.GenericWrappers.takeSnap(GenericWrappers.java:613)
	at utils.Reporter.reportStep(Reporter.java:20)
	at wrappers.GenericWrappers.takeSnap(GenericWrappers.java:613)
	at utils.Reporter.reportStep(Reporter.java:20)
	at wrappers.GenericWrappers.takeSnap(GenericWrappers.java:613)
	at utils.Reporter.reportStep(Reporter.java:20)
	at wrappers.GenericWrappers.takeSnap(GenericWrappers.java:613)
	at utils.Reporter.reportStep(Reporter.java:20)
	at wrappers.GenericWrappers.takeSnap(GenericWrappers.java:613)
	at utils.Reporter.reportStep(Reporter.java:20)
	at wrappers.GenericWrappers.takeSnap(GenericWrappers.java:613)
	at utils.Reporter.reportStep(Reporter.java:20)
	at wrappers.GenericWrappers.takeSnap(GenericWrappers.java:613)
	at utils.Reporter.reportStep(Reporter.java:20)
	at wrappers.GenericWrappers.takeSnap(GenericWrappers.java:613)
	at utils.Reporter.reportStep(Reporter.java:20)
	at wrappers.GenericWrappers.takeSnap(GenericWrappers.java:613)
	at utils.Reporter.reportStep(Reporter.java:20)
	at wrappers.GenericWrappers.takeSnap(GenericWrappers.java:613)
	at utils.Reporter.reportStep(Reporter.java:20)
	at wrappers.GenericWrappers.takeSnap(GenericWrappers.java:613)
	at utils.Reporter.reportStep(Reporter.java:20)
	at wrappers.GenericWrappers.takeSnap(GenericWrappers.java:613)
	at utils.Reporter.reportStep(Reporter.java:20)
	at wrappers.GenericWrappers.takeSnap(GenericWrappers.java:613)
	at utils.Reporter.reportStep(Reporter.java:20)
	at wrappers.GenericWrappers.takeSnap(GenericWrappers.java:613)
	at utils.Reporter.reportStep(Reporter.java:20)
	at wrappers.GenericWrappers.takeSnap(GenericWrappers.java:613)
	at utils.Reporter.reportStep(Reporter.java:20)
	at wrappers.GenericWrappers.takeSnap(GenericWrappers.java:613)
	at utils.Reporter.reportStep(Reporter.java:20)
	at wrappers.GenericWrappers.takeSnap(GenericWrappers.java:613)
	at utils.Reporter.reportStep(Reporter.java:20)
	at wrappers.GenericWrappers.takeSnap(GenericWrappers.java:613)
	at utils.Reporter.reportStep(Reporter.java:20)
	at wrappers.GenericWrappers.takeSnap(GenericWrappers.java:613)
	at utils.Reporter.reportStep(Reporter.java:20)
	at wrappers.GenericWrappers.takeSnap(GenericWrappers.java:613)
	at utils.Reporter.reportStep(Reporter.java:20)
	at wrappers.GenericWrappers.takeSnap(GenericWrappers.java:613)
	at utils.Reporter.reportStep(Reporter.java:20)
	at wrappers.GenericWrappers.takeSnap(GenericWrappers.java:613)
	at utils.Reporter.reportStep(Reporter.java:20)
	at wrappers.GenericWrappers.takeSnap(GenericWrappers.java:613)
	at utils.Reporter.reportStep(Reporter.java:20)
	at wrappers.GenericWrappers.takeSnap(GenericWrappers.java:613)
	at utils.Reporter.reportStep(Reporter.java:20)
	at wrappers.GenericWrappers.takeSnap(GenericWrappers.java:613)
	at utils.Reporter.reportStep(Reporter.java:20)
	at wrappers.GenericWrappers.takeSnap(GenericWrappers.java:613)
	at utils.Reporter.reportStep(Reporter.java:20)
	at wrappers.GenericWrappers.takeSnap(GenericWrappers.java:613)
	at utils.Reporter.reportStep(Reporter.java:20)
	at wrappers.GenericWrappers.takeSnap(GenericWrappers.java:613)
	at utils.Reporter.reportStep(Reporter.java:20)
	at wrappers.GenericWrappers.takeSnap(GenericWrappers.java:613)
	at utils.Reporter.reportStep(Reporter.java:20)
	at wrappers.GenericWrappers.takeSnap(GenericWrappers.java:613)
	at utils.Reporter.reportStep(Reporter.java:20)
	at wrappers.GenericWrappers.takeSnap(GenericWrappers.java:613)
	at utils.Reporter.reportStep(Reporter.java:20)
	at wrappers.GenericWrappers.takeSnap(GenericWrappers.java:613)
	at utils.Reporter.reportStep(Reporter.java:20)
	at wrappers.GenericWrappers.takeSnap(GenericWrappers.java:613)
	at utils.Reporter.reportStep(Reporter.java:20)
	at wrappers.GenericWrappers.takeSnap(GenericWrappers.java:613)
	at utils.Reporter.reportStep(Reporter.java:20)
	at wrappers.GenericWrappers.takeSnap(GenericWrappers.java:613)
	at utils.Reporter.reportStep(Reporter.java:20)
	at wrappers.GenericWrappers.takeSnap(GenericWrappers.java:613)
	at utils.Reporter.reportStep(Reporter.java:20)
	at wrappers.GenericWrappers.takeSnap(GenericWrappers.java:613)
	at utils.Reporter.reportStep(Reporter.java:20)
	at wrappers.GenericWrappers.takeSnap(GenericWrappers.java:613)
	at utils.Reporter.reportStep(Reporter.java:20)
	at wrappers.GenericWrappers.takeSnap(GenericWrappers.java:613)
	at utils.Reporter.reportStep(Reporter.java:20)
	at wrappers.GenericWrappers.takeSnap(GenericWrappers.java:613)
	at utils.Reporter.reportStep(Reporter.java:20)
	at wrappers.GenericWrappers.takeSnap(GenericWrappers.java:613)
	at utils.Reporter.reportStep(Reporter.java:20)
	at wrappers.GenericWrappers.takeSnap(GenericWrappers.java:613)
	at utils.Reporter.reportStep(Reporter.java:20)
	at wrappers.GenericWrappers.takeSnap(GenericWrappers.java:613)
	at utils.Reporter.reportStep(Reporter.java:20)
	at wrappers.GenericWrappers.takeSnap(GenericWrappers.java:613)
	at utils.Reporter.reportStep(Reporter.java:20)
	at wrappers.GenericWrappers.takeSnap(GenericWrappers.java:613)
	at utils.Reporter.reportStep(Reporter.java:20)
	at wrappers.GenericWrappers.takeSnap(GenericWrappers.java:613)
	at utils.Reporter.reportStep(Reporter.java:20)
	at wrappers.GenericWrappers.takeSnap(GenericWrappers.java:613)
	at utils.Reporter.reportStep(Reporter.java:20)
	at wrappers.GenericWrappers.takeSnap(GenericWrappers.java:613)
	at utils.Reporter.reportStep(Reporter.java:20)
	at wrappers.GenericWrappers.takeSnap(GenericWrappers.java:613)
	at utils.Reporter.reportStep(Reporter.java:20)
	at wrappers.GenericWrappers.takeSnap(GenericWrappers.java:613)
	at utils.Reporter.reportStep(Reporter.java:20)
	at wrappers.GenericWrappers.takeSnap(GenericWrappers.java:613)
	at utils.Reporter.reportStep(Reporter.java:20)
	at wrappers.GenericWrappers.takeSnap(GenericWrappers.java:613)
	at utils.Reporter.reportStep(Reporter.java:20)
	at wrappers.GenericWrappers.takeSnap(GenericWrappers.java:613)
	at utils.Reporter.reportStep(Reporter.java:20)
	at wrappers.GenericWrappers.takeSnap(GenericWrappers.java:613)
	at utils.Reporter.reportStep(Reporter.java:20)
	at wrappers.GenericWrappers.takeSnap(GenericWrappers.java:613)
	at utils.Reporter.reportStep(Reporter.java:20)
	at wrappers.GenericWrappers.takeSnap(GenericWrappers.java:613)
	at utils.Reporter.reportStep(Reporter.java:20)
	at wrappers.GenericWrappers.takeSnap(GenericWrappers.java:613)
	at utils.Reporter.reportStep(Reporter.java:20)
	at wrappers.GenericWrappers.takeSnap(GenericWrappers.java:613)
	at utils.Reporter.reportStep(Reporter.java:20)
	at wrappers.GenericWrappers.takeSnap(GenericWrappers.java:613)
	at utils.Reporter.reportStep(Reporter.java:20)
	at wrappers.GenericWrappers.takeSnap(GenericWrappers.java:613)
	at utils.Reporter.reportStep(Reporter.java:20)
	at wrappers.GenericWrappers.takeSnap(GenericWrappers.java:613)
	at utils.Reporter.reportStep(Reporter.java:20)
	at wrappers.GenericWrappers.takeSnap(GenericWrappers.java:613)
	at utils.Reporter.reportStep(Reporter.java:20)
	at wrappers.GenericWrappers.takeSnap(GenericWrappers.java:613)
	at utils.Reporter.reportStep(Reporter.java:20)
	at wrappers.GenericWrappers.takeSnap(GenericWrappers.java:613)
	at utils.Reporter.reportStep(Reporter.java:20)
	at wrappers.GenericWrappers.takeSnap(GenericWrappers.java:613)
	at utils.Reporter.reportStep(Reporter.java:20)
	at wrappers.GenericWrappers.takeSnap(GenericWrappers.java:613)
	at utils.Reporter.reportStep(Reporter.java:20)
	at wrappers.GenericWrappers.takeSnap(GenericWrappers.java:613)
	at utils.Reporter.reportStep(Reporter.java:20)
	at wrappers.GenericWrappers.takeSnap(GenericWrappers.java:613)
	at utils.Reporter.reportStep(Reporter.java:20)
	at wrappers.GenericWrappers.takeSnap(GenericWrappers.java:613)
	at utils.Reporter.reportStep(Reporter.java:20)
	at wrappers.GenericWrappers.takeSnap(GenericWrappers.java:613)
	at utils.Reporter.reportStep(Reporter.java:20)
	at wrappers.GenericWrappers.takeSnap(GenericWrappers.java:613)
	at utils.Reporter.reportStep(Reporter.java:20)
	at wrappers.GenericWrappers.takeSnap(GenericWrappers.java:613)
	at utils.Reporter.reportStep(Reporter.java:20)
	at wrappers.GenericWrappers.takeSnap(GenericWrappers.java:613)
	at utils.Reporter.reportStep(Reporter.java:20)
	at wrappers.GenericWrappers.takeSnap(GenericWrappers.java:613)
	at utils.Reporter.reportStep(Reporter.java:20)
	at wrappers.GenericWrappers.takeSnap(GenericWrappers.java:613)
	at utils.Reporter.reportStep(Reporter.java:20)
	at wrappers.GenericWrappers.takeSnap(GenericWrappers.java:613)
	at utils.Reporter.reportStep(Reporter.java:20)
	at wrappers.GenericWrappers.takeSnap(GenericWrappers.java:613)
	at utils.Reporter.reportStep(Reporter.java:20)
	at wrappers.GenericWrappers.takeSnap(GenericWrappers.java:613)
	at utils.Reporter.reportStep(Reporter.java:20)
	at wrappers.GenericWrappers.takeSnap(GenericWrappers.java:613)
	at utils.Reporter.reportStep(Reporter.java:20)
	at wrappers.GenericWrappers.takeSnap(GenericWrappers.java:613)
	at utils.Reporter.reportStep(Reporter.java:20)
	at wrappers.GenericWrappers.takeSnap(GenericWrappers.java:613)
	at utils.Reporter.reportStep(Reporter.java:20)
	at wrappers.GenericWrappers.takeSnap(GenericWrappers.java:613)
	at utils.Reporter.reportStep(Reporter.java:20)
	at wrappers.GenericWrappers.takeSnap(GenericWrappers.java:613)
	at utils.Reporter.reportStep(Reporter.java:20)
	at wrappers.GenericWrappers.takeSnap(GenericWrappers.java:613)
	at utils.Reporter.reportStep(Reporter.java:20)
	at wrappers.GenericWrappers.takeSnap(GenericWrappers.java:613)
	at utils.Reporter.reportStep(Reporter.java:20)
	at wrappers.GenericWrappers.takeSnap(GenericWrappers.java:613)
	at utils.Reporter.reportStep(Reporter.java:20)
	at wrappers.GenericWrappers.takeSnap(GenericWrappers.java:613)
	at utils.Reporter.reportStep(Reporter.java:20)
	at wrappers.GenericWrappers.takeSnap(GenericWrappers.java:613)
	at utils.Reporter.reportStep(Reporter.java:20)
	at wrappers.GenericWrappers.takeSnap(GenericWrappers.java:613)
	at utils.Reporter.reportStep(Reporter.java:20)
	at wrappers.GenericWrappers.takeSnap(GenericWrappers.java:613)
	at utils.Reporter.reportStep(Reporter.java:20)
	at wrappers.GenericWrappers.takeSnap(GenericWrappers.java:613)
	at utils.Reporter.reportStep(Reporter.java:20)
	at wrappers.GenericWrappers.takeSnap(GenericWrappers.java:613)
	at utils.Reporter.reportStep(Reporter.java:20)
	at wrappers.GenericWrappers.takeSnap(GenericWrappers.java:613)
	at utils.Reporter.reportStep(Reporter.java:20)
	at wrappers.GenericWrappers.takeSnap(GenericWrappers.java:613)
	at utils.Reporter.reportStep(Reporter.java:20)
	at wrappers.GenericWrappers.takeSnap(GenericWrappers.java:613)
	at utils.Reporter.reportStep(Reporter.java:20)
	at wrappers.GenericWrappers.takeSnap(GenericWrappers.java:613)
	at utils.Reporter.reportStep(Reporter.java:20)
	at wrappers.GenericWrappers.takeSnap(GenericWrappers.java:613)
	at utils.Reporter.reportStep(Reporter.java:20)
	at wrappers.GenericWrappers.takeSnap(GenericWrappers.java:613)
	at utils.Reporter.reportStep(Reporter.java:20)
	at wrappers.GenericWrappers.takeSnap(GenericWrappers.java:613)
	at utils.Reporter.reportStep(Reporter.java:20)
	at wrappers.GenericWrappers.takeSnap(GenericWrappers.java:613)
	at utils.Reporter.reportStep(Reporter.java:20)
	at wrappers.GenericWrappers.takeSnap(GenericWrappers.java:613)
	at utils.Reporter.reportStep(Reporter.java:20)
	at wrappers.GenericWrappers.takeSnap(GenericWrappers.java:613)
	at utils.Reporter.reportStep(Reporter.java:20)
	at wrappers.GenericWrappers.takeSnap(GenericWrappers.java:613)
	at utils.Reporter.reportStep(Reporter.java:20)
	at wrappers.GenericWrappers.takeSnap(GenericWrappers.java:613)
	at utils.Reporter.reportStep(Reporter.java:20)
	at wrappers.GenericWrappers.takeSnap(GenericWrappers.java:613)
	at utils.Reporter.reportStep(Reporter.java:20)
	at wrappers.GenericWrappers.takeSnap(GenericWrappers.java:613)
	at utils.Reporter.reportStep(Reporter.java:20)
	at wrappers.GenericWrappers.takeSnap(GenericWrappers.java:613)
	at utils.Reporter.reportStep(Reporter.java:20)
	at wrappers.GenericWrappers.takeSnap(GenericWrappers.java:613)
	at utils.Reporter.reportStep(Reporter.java:20)
	at wrappers.GenericWrappers.takeSnap(GenericWrappers.java:613)
	at utils.Reporter.reportStep(Reporter.java:20)
	at wrappers.GenericWrappers.takeSnap(GenericWrappers.java:613)
	at utils.Reporter.reportStep(Reporter.java:20)
	at wrappers.GenericWrappers.takeSnap(GenericWrappers.java:613)
	at utils.Reporter.reportStep(Reporter.java:20)
	at wrappers.GenericWrappers.takeSnap(GenericWrappers.java:613)
	at utils.Reporter.reportStep(Reporter.java:20)
	at wrappers.GenericWrappers.takeSnap(GenericWrappers.java:613)
	at utils.Reporter.reportStep(Reporter.java:20)
	at wrappers.GenericWrappers.takeSnap(GenericWrappers.java:613)
	at utils.Reporter.reportStep(Reporter.java:20)
	at wrappers.GenericWrappers.takeSnap(GenericWrappers.java:613)
	at utils.Reporter.reportStep(Reporter.java:20)
	at wrappers.GenericWrappers.takeSnap(GenericWrappers.java:613)
	at utils.Reporter.reportStep(Reporter.java:20)
	at wrappers.GenericWrappers.takeSnap(GenericWrappers.java:613)
	at utils.Reporter.reportStep(Reporter.java:20)
	at wrappers.GenericWrappers.takeSnap(GenericWrappers.java:613)
	at utils.Reporter.reportStep(Reporter.java:20)
	at wrappers.GenericWrappers.takeSnap(GenericWrappers.java:613)
	at utils.Reporter.reportStep(Reporter.java:20)
	at wrappers.GenericWrappers.takeSnap(GenericWrappers.java:613)
	at utils.Reporter.reportStep(Reporter.java:20)
	at wrappers.GenericWrappers.takeSnap(GenericWrappers.java:613)
	at utils.Reporter.reportStep(Reporter.java:20)
	at wrappers.GenericWrappers.takeSnap(GenericWrappers.java:613)
	at utils.Reporter.reportStep(Reporter.java:20)
	at wrappers.GenericWrappers.takeSnap(GenericWrappers.java:613)
	at utils.Reporter.reportStep(Reporter.java:20)
	at wrappers.GenericWrappers.takeSnap(GenericWrappers.java:613)
	at utils.Reporter.reportStep(Reporter.java:20)
	at wrappers.GenericWrappers.takeSnap(GenericWrappers.java:613)
	at utils.Reporter.reportStep(Reporter.java:20)
	at wrappers.GenericWrappers.takeSnap(GenericWrappers.java:613)
	at utils.Reporter.reportStep(Reporter.java:20)
	at wrappers.GenericWrappers.takeSnap(GenericWrappers.java:613)
	at utils.Reporter.reportStep(Reporter.java:20)
	at wrappers.GenericWrappers.takeSnap(GenericWrappers.java:613)
	at utils.Reporter.reportStep(Reporter.java:20)
	at wrappers.GenericWrappers.takeSnap(GenericWrappers.java:613)
	at utils.Reporter.reportStep(Reporter.java:20)
	at wrappers.GenericWrappers.takeSnap(GenericWrappers.java:613)
	at utils.Reporter.reportStep(Reporter.java:20)
	at wrappers.GenericWrappers.takeSnap(GenericWrappers.java:613)
	at utils.Reporter.reportStep(Reporter.java:20)
	at wrappers.GenericWrappers.takeSnap(GenericWrappers.java:613)
	at utils.Reporter.reportStep(Reporter.java:20)
	at wrappers.GenericWrappers.takeSnap(GenericWrappers.java:613)
	at utils.Reporter.reportStep(Reporter.java:20)
	at wrappers.GenericWrappers.takeSnap(GenericWrappers.java:613)
	at utils.Reporter.reportStep(Reporter.java:20)
	at wrappers.GenericWrappers.takeSnap(GenericWrappers.java:613)
	at utils.Reporter.reportStep(Reporter.java:20)
	at wrappers.GenericWrappers.takeSnap(GenericWrappers.java:613)
	at utils.Reporter.reportStep(Reporter.java:20)
	at wrappers.GenericWrappers.takeSnap(GenericWrappers.java:613)
	at utils.Reporter.reportStep(Reporter.java:20)
	at wrappers.GenericWrappers.takeSnap(GenericWrappers.java:613)
	at utils.Reporter.reportStep(Reporter.java:20)
	at wrappers.GenericWrappers.takeSnap(GenericWrappers.java:613)
	at utils.Reporter.reportStep(Reporter.java:20)
	at wrappers.GenericWrappers.takeSnap(GenericWrappers.java:613)
	at utils.Reporter.reportStep(Reporter.java:20)
	at wrappers.GenericWrappers.takeSnap(GenericWrappers.java:613)
	at utils.Reporter.reportStep(Reporter.java:20)
	at wrappers.GenericWrappers.takeSnap(GenericWrappers.java:613)
	at utils.Reporter.reportStep(Reporter.java:20)
	at wrappers.GenericWrappers.takeSnap(GenericWrappers.java:613)
	at utils.Reporter.reportStep(Reporter.java:20)
	at wrappers.GenericWrappers.takeSnap(GenericWrappers.java:613)
	at utils.Reporter.reportStep(Reporter.java:20)
	at wrappers.GenericWrappers.takeSnap(GenericWrappers.java:613)
	at utils.Reporter.reportStep(Reporter.java:20)
	at wrappers.GenericWrappers.takeSnap(GenericWrappers.java:613)
	at utils.Reporter.reportStep(Reporter.java:20)
	at wrappers.GenericWrappers.takeSnap(GenericWrappers.java:613)
	at utils.Reporter.reportStep(Reporter.java:20)
	at wrappers.GenericWrappers.takeSnap(GenericWrappers.java:613)
	at utils.Reporter.reportStep(Reporter.java:20)
	at wrappers.GenericWrappers.takeSnap(GenericWrappers.java:613)
	at utils.Reporter.reportStep(Reporter.java:20)
	at wrappers.GenericWrappers.takeSnap(GenericWrappers.java:613)
	at utils.Reporter.reportStep(Reporter.java:20)
	at wrappers.GenericWrappers.takeSnap(GenericWrappers.java:613)
	at utils.Reporter.reportStep(Reporter.java:20)
	at wrappers.GenericWrappers.takeSnap(GenericWrappers.java:613)
	at utils.Reporter.reportStep(Reporter.java:20)
	at wrappers.GenericWrappers.takeSnap(GenericWrappers.java:613)
	at utils.Reporter.reportStep(Reporter.java:20)
	at wrappers.GenericWrappers.takeSnap(GenericWrappers.java:613)
	at utils.Reporter.reportStep(Reporter.java:20)
	at wrappers.GenericWrappers.takeSnap(GenericWrappers.java:613)
	at utils.Reporter.reportStep(Reporter.java:20)
	at wrappers.GenericWrappers.takeSnap(GenericWrappers.java:613)
	at utils.Reporter.reportStep(Reporter.java:20)
	at wrappers.GenericWrappers.takeSnap(GenericWrappers.java:613)
	at utils.Reporter.reportStep(Reporter.java:20)
	at wrappers.GenericWrappers.takeSnap(GenericWrappers.java:613)
	at utils.Reporter.reportStep(Reporter.java:20)
	at wrappers.GenericWrappers.takeSnap(GenericWrappers.java:613)
	at utils.Reporter.reportStep(Reporter.java:20)
	at wrappers.GenericWrappers.takeSnap(GenericWrappers.java:613)
	at utils.Reporter.reportStep(Reporter.java:20)
	at wrappers.GenericWrappers.takeSnap(GenericWrappers.java:613)
	at utils.Reporter.reportStep(Reporter.java:20)
	at wrappers.GenericWrappers.takeSnap(GenericWrappers.java:613)
	at utils.Reporter.reportStep(Reporter.java:20)
	at wrappers.GenericWrappers.takeSnap(GenericWrappers.java:613)
	at utils.Reporter.reportStep(Reporter.java:20)
	at wrappers.GenericWrappers.takeSnap(GenericWrappers.java:613)
	at utils.Reporter.reportStep(Reporter.java:20)
	at wrappers.GenericWrappers.takeSnap(GenericWrappers.java:613)
	at utils.Reporter.reportStep(Reporter.java:20)
	at wrappers.GenericWrappers.takeSnap(GenericWrappers.java:613)
	at utils.Reporter.reportStep(Reporter.java:20)
	at wrappers.GenericWrappers.takeSnap(GenericWrappers.java:613)
	at utils.Reporter.reportStep(Reporter.java:20)
	at wrappers.GenericWrappers.takeSnap(GenericWrappers.java:613)
	at utils.Reporter.reportStep(Reporter.java:20)
	at wrappers.GenericWrappers.takeSnap(GenericWrappers.java:613)
	at utils.Reporter.reportStep(Reporter.java:20)
	at wrappers.GenericWrappers.takeSnap(GenericWrappers.java:613)
	at utils.Reporter.reportStep(Reporter.java:20)
	at wrappers.GenericWrappers.takeSnap(GenericWrappers.java:613)
	at utils.Reporter.reportStep(Reporter.java:20)
	at wrappers.GenericWrappers.takeSnap(GenericWrappers.java:613)
	at utils.Reporter.reportStep(Reporter.java:20)
	at wrappers.GenericWrappers.takeSnap(GenericWrappers.java:613)
	at utils.Reporter.reportStep(Reporter.java:20)
	at wrappers.GenericWrappers.takeSnap(GenericWrappers.java:613)
	at utils.Reporter.reportStep(Reporter.java:20)
	at wrappers.GenericWrappers.takeSnap(GenericWrappers.java:613)
	at utils.Reporter.reportStep(Reporter.java:20)
	at wrappers.GenericWrappers.takeSnap(GenericWrappers.java:613)
	at utils.Reporter.reportStep(Reporter.java:20)
	at wrappers.GenericWrappers.takeSnap(GenericWrappers.java:613)
	at utils.Reporter.reportStep(Reporter.java:20)
	at wrappers.GenericWrappers.takeSnap(GenericWrappers.java:613)
	at utils.Reporter.reportStep(Reporter.java:20)
	at wrappers.GenericWrappers.takeSnap(GenericWrappers.java:613)
	at utils.Reporter.reportStep(Reporter.java:20)
	at wrappers.GenericWrappers.takeSnap(GenericWrappers.java:613)
	at utils.Reporter.reportStep(Reporter.java:20)
	at wrappers.GenericWrappers.takeSnap(GenericWrappers.java:613)
	at utils.Reporter.reportStep(Reporter.java:20)
	at wrappers.GenericWrappers.takeSnap(GenericWrappers.java:613)
	at utils.Reporter.reportStep(Reporter.java:20)
	at wrappers.GenericWrappers.takeSnap(GenericWrappers.java:613)
	at utils.Reporter.reportStep(Reporter.java:20)
	at wrappers.GenericWrappers.takeSnap(GenericWrappers.java:613)
	at utils.Reporter.reportStep(Reporter.java:20)
	at wrappers.GenericWrappers.takeSnap(GenericWrappers.java:613)
	at utils.Reporter.reportStep(Reporter.java:20)
	at wrappers.GenericWrappers.takeSnap(GenericWrappers.java:613)
	at utils.Reporter.reportStep(Reporter.java:20)
	at wrappers.GenericWrappers.takeSnap(GenericWrappers.java:613)
	at utils.Reporter.reportStep(Reporter.java:20)
	at wrappers.GenericWrappers.takeSnap(GenericWrappers.java:613)
	at utils.Reporter.reportStep(Reporter.java:20)
	at wrappers.GenericWrappers.takeSnap(GenericWrappers.java:613)
	at utils.Reporter.reportStep(Reporter.java:20)
	at wrappers.GenericWrappers.takeSnap(GenericWrappers.java:613)
	at utils.Reporter.reportStep(Reporter.java:20)
	at wrappers.GenericWrappers.takeSnap(GenericWrappers.java:613)
	at utils.Reporter.reportStep(Reporter.java:20)
	at wrappers.GenericWrappers.takeSnap(GenericWrappers.java:613)
	at utils.Reporter.reportStep(Reporter.java:20)
	at wrappers.GenericWrappers.takeSnap(GenericWrappers.java:613)
	at utils.Reporter.reportStep(Reporter.java:20)
	at wrappers.GenericWrappers.takeSnap(GenericWrappers.java:613)
	at utils.Reporter.reportStep(Reporter.java:20)
	at wrappers.GenericWrappers.takeSnap(GenericWrappers.java:613)
	at utils.Reporter.reportStep(Reporter.java:20)
	at wrappers.GenericWrappers.takeSnap(GenericWrappers.java:613)
	at utils.Reporter.reportStep(Reporter.java:20)
	at wrappers.GenericWrappers.takeSnap(GenericWrappers.java:613)
	at utils.Reporter.reportStep(Reporter.java:20)
	at wrappers.GenericWrappers.takeSnap(GenericWrappers.java:613)
	at utils.Reporter.reportStep(Reporter.java:20)
	at wrappers.GenericWrappers.takeSnap(GenericWrappers.java:613)
	at utils.Reporter.reportStep(Reporter.java:20)
	at wrappers.GenericWrappers.takeSnap(GenericWrappers.java:613)
	at utils.Reporter.reportStep(Reporter.java:20)
	at wrappers.GenericWrappers.takeSnap(GenericWrappers.java:613)
	at utils.Reporter.reportStep(Reporter.java:20)
	at wrappers.GenericWrappers.takeSnap(GenericWrappers.java:613)
	at utils.Reporter.reportStep(Reporter.java:20)
	at wrappers.GenericWrappers.takeSnap(GenericWrappers.java:613)
	at utils.Reporter.reportStep(Reporter.java:20)
	at wrappers.GenericWrappers.takeSnap(GenericWrappers.java:613)
	at utils.Reporter.reportStep(Reporter.java:20)
	at wrappers.GenericWrappers.takeSnap(GenericWrappers.java:613)
	at utils.Reporter.reportStep(Reporter.java:20)
	at wrappers.GenericWrappers.takeSnap(GenericWrappers.java:613)
	at utils.Reporter.reportStep(Reporter.java:20)
	at wrappers.GenericWrappers.takeSnap(GenericWrappers.java:613)
	at utils.Reporter.reportStep(Reporter.java:20)
	at wrappers.GenericWrappers.takeSnap(GenericWrappers.java:613)
	at utils.Reporter.reportStep(Reporter.java:20)
	at wrappers.GenericWrappers.takeSnap(GenericWrappers.java:613)
	at utils.Reporter.reportStep(Reporter.java:20)
	at wrappers.GenericWrappers.takeSnap(GenericWrappers.java:613)
	at utils.Reporter.reportStep(Reporter.java:20)
	at wrappers.GenericWrappers.takeSnap(GenericWrappers.java:613)
	at utils.Reporter.reportStep(Reporter.java:20)
	at wrappers.GenericWrappers.takeSnap(GenericWrappers.java:613)
	at utils.Reporter.reportStep(Reporter.java:20)
	at wrappers.GenericWrappers.takeSnap(GenericWrappers.java:613)
	at utils.Reporter.reportStep(Reporter.java:20)
	at wrappers.GenericWrappers.takeSnap(GenericWrappers.java:613)
	at utils.Reporter.reportStep(Reporter.java:20)
	at wrappers.GenericWrappers.takeSnap(GenericWrappers.java:613)
	at utils.Reporter.reportStep(Reporter.java:20)
	at wrappers.GenericWrappers.takeSnap(GenericWrappers.java:613)
	at utils.Reporter.reportStep(Reporter.java:20)
	at wrappers.GenericWrappers.takeSnap(GenericWrappers.java:613)
	at utils.Reporter.reportStep(Reporter.java:20)
	at wrappers.GenericWrappers.takeSnap(GenericWrappers.java:613)
	at utils.Reporter.reportStep(Reporter.java:20)
	at wrappers.GenericWrappers.takeSnap(GenericWrappers.java:613)
	at utils.Reporter.reportStep(Reporter.java:20)
	at wrappers.GenericWrappers.takeSnap(GenericWrappers.java:613)
	at utils.Reporter.reportStep(Reporter.java:20)
	at wrappers.GenericWrappers.takeSnap(GenericWrappers.java:613)
	at utils.Reporter.reportStep(Reporter.java:20)
	at wrappers.GenericWrappers.takeSnap(GenericWrappers.java:613)
	at utils.Reporter.reportStep(Reporter.java:20)
	at wrappers.GenericWrappers.takeSnap(GenericWrappers.java:613)
	at utils.Reporter.reportStep(Reporter.java:20)
	at wrappers.GenericWrappers.takeSnap(GenericWrappers.java:613)
	at utils.Reporter.reportStep(Reporter.java:20)
	at wrappers.GenericWrappers.takeSnap(GenericWrappers.java:613)
	at utils.Reporter.reportStep(Reporter.java:20)
	at wrappers.GenericWrappers.takeSnap(GenericWrappers.java:613)
	at utils.Reporter.reportStep(Reporter.java:20)
	at wrappers.GenericWrappers.takeSnap(GenericWrappers.java:613)
	at utils.Reporter.reportStep(Reporter.java:20)
	at wrappers.GenericWrappers.takeSnap(GenericWrappers.java:613)
	at utils.Reporter.reportStep(Reporter.java:20)
	at wrappers.GenericWrappers.takeSnap(GenericWrappers.java:613)
	at utils.Reporter.reportStep(Reporter.java:20)
	at wrappers.GenericWrappers.takeSnap(GenericWrappers.java:613)
	at utils.Reporter.reportStep(Reporter.java:20)
	at wrappers.GenericWrappers.takeSnap(GenericWrappers.java:613)
	at utils.Reporter.reportStep(Reporter.java:20)
	at wrappers.GenericWrappers.takeSnap(GenericWrappers.java:613)
	at utils.Reporter.reportStep(Reporter.java:20)
	at wrappers.GenericWrappers.takeSnap(GenericWrappers.java:613)
	at utils.Reporter.reportStep(Reporter.java:20)
	at wrappers.GenericWrappers.takeSnap(GenericWrappers.java:613)
	at utils.Reporter.reportStep(Reporter.java:20)
	at wrappers.GenericWrappers.takeSnap(GenericWrappers.java:613)
	at utils.Reporter.reportStep(Reporter.java:20)
	at wrappers.GenericWrappers.takeSnap(GenericWrappers.java:613)
	at utils.Reporter.reportStep(Reporter.java:20)
	at wrappers.GenericWrappers.takeSnap(GenericWrappers.java:613)
	at utils.Reporter.reportStep(Reporter.java:20)
	at wrappers.GenericWrappers.takeSnap(GenericWrappers.java:613)
	at utils.Reporter.reportStep(Reporter.java:20)
	at wrappers.GenericWrappers.takeSnap(GenericWrappers.java:613)
	at utils.Reporter.reportStep(Reporter.java:20)
	at wrappers.GenericWrappers.takeSnap(GenericWrappers.java:613)
	at utils.Reporter.reportStep(Reporter.java:20)
	at wrappers.GenericWrappers.takeSnap(GenericWrappers.java:613)
	at utils.Reporter.reportStep(Reporter.java:20)
	at wrappers.GenericWrappers.takeSnap(GenericWrappers.java:613)
	at utils.Reporter.reportStep(Reporter.java:20)
	at wrappers.GenericWrappers.takeSnap(GenericWrappers.java:613)
	at utils.Reporter.reportStep(Reporter.java:20)
	at wrappers.GenericWrappers.takeSnap(GenericWrappers.java:613)
	at utils.Reporter.reportStep(Reporter.java:20)
	at wrappers.GenericWrappers.takeSnap(GenericWrappers.java:613)
	at utils.Reporter.reportStep(Reporter.java:20)
	at wrappers.GenericWrappers.takeSnap(GenericWrappers.java:613)
	at utils.Reporter.reportStep(Reporter.java:20)
	at wrappers.GenericWrappers.takeSnap(GenericWrappers.java:613)
	at utils.Reporter.reportStep(Reporter.java:20)
	at wrappers.GenericWrappers.takeSnap(GenericWrappers.java:613)
	at utils.Reporter.reportStep(Reporter.java:20)
	at wrappers.GenericWrappers.takeSnap(GenericWrappers.java:613)
	at utils.Reporter.reportStep(Reporter.java:20)
	at wrappers.GenericWrappers.takeSnap(GenericWrappers.java:613)
	at utils.Reporter.reportStep(Reporter.java:20)
	at wrappers.GenericWrappers.takeSnap(GenericWrappers.java:613)
	at utils.Reporter.reportStep(Reporter.java:20)
	at wrappers.GenericWrappers.takeSnap(GenericWrappers.java:613)
	at utils.Reporter.reportStep(Reporter.java:20)
	at wrappers.GenericWrappers.takeSnap(GenericWrappers.java:613)
	at utils.Reporter.reportStep(Reporter.java:20)
	at wrappers.GenericWrappers.takeSnap(GenericWrappers.java:613)
	at utils.Reporter.reportStep(Reporter.java:20)
	at wrappers.GenericWrappers.takeSnap(GenericWrappers.java:613)
	at utils.Reporter.reportStep(Reporter.java:20)
	at wrappers.GenericWrappers.takeSnap(GenericWrappers.java:613)
	at utils.Reporter.reportStep(Reporter.java:20)
	at wrappers.GenericWrappers.takeSnap(GenericWrappers.java:613)
	at utils.Reporter.reportStep(Reporter.java:20)
	at wrappers.GenericWrappers.takeSnap(GenericWrappers.java:613)
	at utils.Reporter.reportStep(Reporter.java:20)
	at wrappers.GenericWrappers.takeSnap(GenericWrappers.java:613)
	at utils.Reporter.reportStep(Reporter.java:20)
	at wrappers.GenericWrappers.takeSnap(GenericWrappers.java:613)
	at utils.Reporter.reportStep(Reporter.java:20)
	at wrappers.GenericWrappers.takeSnap(GenericWrappers.java:613)
	at utils.Reporter.reportStep(Reporter.java:20)
	at wrappers.GenericWrappers.takeSnap(GenericWrappers.java:613)
	at utils.Reporter.reportStep(Reporter.java:20)
	at wrappers.GenericWrappers.takeSnap(GenericWrappers.java:613)
	at utils.Reporter.reportStep(Reporter.java:20)
	at wrappers.GenericWrappers.takeSnap(GenericWrappers.java:613)
	at utils.Reporter.reportStep(Reporter.java:20)
	at wrappers.GenericWrappers.takeSnap(GenericWrappers.java:613)
	at utils.Reporter.reportStep(Reporter.java:20)
	at wrappers.GenericWrappers.takeSnap(GenericWrappers.java:613)
	at utils.Reporter.reportStep(Reporter.java:20)
	at wrappers.GenericWrappers.takeSnap(GenericWrappers.java:613)
	at utils.Reporter.reportStep(Reporter.java:20)
	at wrappers.GenericWrappers.takeSnap(GenericWrappers.java:613)
	at utils.Reporter.reportStep(Reporter.java:20)
	at wrappers.GenericWrappers.takeSnap(GenericWrappers.java:613)
	at utils.Reporter.reportStep(Reporter.java:20)
	at wrappers.GenericWrappers.takeSnap(GenericWrappers.java:613)
	at utils.Reporter.reportStep(Reporter.java:20)
	at wrappers.GenericWrappers.takeSnap(GenericWrappers.java:613)
	at utils.Reporter.reportStep(Reporter.java:20)
	at wrappers.GenericWrappers.takeSnap(GenericWrappers.java:613)
	at utils.Reporter.reportStep(Reporter.java:20)
	at wrappers.GenericWrappers.takeSnap(GenericWrappers.java:613)
	at utils.Reporter.reportStep(Reporter.java:20)
	at wrappers.GenericWrappers.takeSnap(GenericWrappers.java:613)
	at utils.Reporter.reportStep(Reporter.java:20)
	at wrappers.GenericWrappers.takeSnap(GenericWrappers.java:613)
	at utils.Reporter.reportStep(Reporter.java:20)
	at wrappers.GenericWrappers.takeSnap(GenericWrappers.java:613)
	at utils.Reporter.reportStep(Reporter.java:20)
	at wrappers.GenericWrappers.takeSnap(GenericWrappers.java:613)
	at utils.Reporter.reportStep(Reporter.java:20)
	at wrappers.GenericWrappers.takeSnap(GenericWrappers.java:613)
	at utils.Reporter.reportStep(Reporter.java:20)
	at wrappers.GenericWrappers.takeSnap(GenericWrappers.java:613)
	at utils.Reporter.reportStep(Reporter.java:20)
	at wrappers.GenericWrappers.takeSnap(GenericWrappers.java:613)
	at utils.Reporter.reportStep(Reporter.java:20)
	at wrappers.GenericWrappers.takeSnap(GenericWrappers.java:613)
	at utils.Reporter.reportStep(Reporter.java:20)
	at wrappers.GenericWrappers.takeSnap(GenericWrappers.java:613)
	at utils.Reporter.reportStep(Reporter.java:20)
	at wrappers.GenericWrappers.takeSnap(GenericWrappers.java:613)
	at utils.Reporter.reportStep(Reporter.java:20)
	at wrappers.GenericWrappers.takeSnap(GenericWrappers.java:613)
	at utils.Reporter.reportStep(Reporter.java:20)
	at wrappers.GenericWrappers.takeSnap(GenericWrappers.java:613)
	at utils.Reporter.reportStep(Reporter.java:20)
	at wrappers.GenericWrappers.takeSnap(GenericWrappers.java:613)
	at utils.Reporter.reportStep(Reporter.java:20)
	at wrappers.GenericWrappers.takeSnap(GenericWrappers.java:613)
	at utils.Reporter.reportStep(Reporter.java:20)
	at wrappers.GenericWrappers.takeSnap(GenericWrappers.java:613)
	at utils.Reporter.reportStep(Reporter.java:20)
	at wrappers.GenericWrappers.takeSnap(GenericWrappers.java:613)
	at utils.Reporter.reportStep(Reporter.java:20)
	at wrappers.GenericWrappers.takeSnap(GenericWrappers.java:613)
	at utils.Reporter.reportStep(Reporter.java:20)
	at wrappers.GenericWrappers.takeSnap(GenericWrappers.java:613)
	at utils.Reporter.reportStep(Reporter.java:20)
	at wrappers.GenericWrappers.takeSnap(GenericWrappers.java:613)
	at utils.Reporter.reportStep(Reporter.java:20)
	at wrappers.GenericWrappers.takeSnap(GenericWrappers.java:613)
	at utils.Reporter.reportStep(Reporter.java:20)
	at wrappers.GenericWrappers.takeSnap(GenericWrappers.java:613)
	at utils.Reporter.reportStep(Reporter.java:20)
	at wrappers.GenericWrappers.takeSnap(GenericWrappers.java:613)
	at utils.Reporter.reportStep(Reporter.java:20)
	at wrappers.GenericWrappers.takeSnap(GenericWrappers.java:613)
	at utils.Reporter.reportStep(Reporter.java:20)
	at wrappers.GenericWrappers.takeSnap(GenericWrappers.java:613)
	at utils.Reporter.reportStep(Reporter.java:20)
	at wrappers.GenericWrappers.takeSnap(GenericWrappers.java:613)
	at utils.Reporter.reportStep(Reporter.java:20)
	at wrappers.GenericWrappers.takeSnap(GenericWrappers.java:613)
	at utils.Reporter.reportStep(Reporter.java:20)
	at wrappers.GenericWrappers.takeSnap(GenericWrappers.java:613)
	at utils.Reporter.reportStep(Reporter.java:20)
	at wrappers.GenericWrappers.takeSnap(GenericWrappers.java:613)
	at utils.Reporter.reportStep(Reporter.java:20)
	at wrappers.GenericWrappers.takeSnap(GenericWrappers.java:613)
	at utils.Reporter.reportStep(Reporter.java:20)
	at wrappers.GenericWrappers.takeSnap(GenericWrappers.java:613)
	at utils.Reporter.reportStep(Reporter.java:20)
	at wrappers.GenericWrappers.takeSnap(GenericWrappers.java:613)
	at utils.Reporter.reportStep(Reporter.java:20)
	at wrappers.GenericWrappers.takeSnap(GenericWrappers.java:613)
	at utils.Reporter.reportStep(Reporter.java:20)
	at wrappers.GenericWrappers.takeSnap(GenericWrappers.java:613)
	at utils.Reporter.reportStep(Reporter.java:20)
	at wrappers.GenericWrappers.takeSnap(GenericWrappers.java:613)
	at utils.Reporter.reportStep(Reporter.java:20)
	at wrappers.GenericWrappers.takeSnap(GenericWrappers.java:613)
	at utils.Reporter.reportStep(Reporter.java:20)
	at wrappers.GenericWrappers.takeSnap(GenericWrappers.java:613)
	at utils.Reporter.reportStep(Reporter.java:20)
	at wrappers.GenericWrappers.takeSnap(GenericWrappers.java:613)
	at utils.Reporter.reportStep(Reporter.java:20)
	at wrappers.GenericWrappers.takeSnap(GenericWrappers.java:613)
	at utils.Reporter.reportStep(Reporter.java:20)
	at wrappers.GenericWrappers.takeSnap(GenericWrappers.java:613)
	at utils.Reporter.reportStep(Reporter.java:20)
	at wrappers.GenericWrappers.takeSnap(GenericWrappers.java:613)
	at utils.Reporter.reportStep(Reporter.java:20)
	at wrappers.GenericWrappers.takeSnap(GenericWrappers.java:613)
	at utils.Reporter.reportStep(Reporter.java:20)
	at wrappers.GenericWrappers.takeSnap(GenericWrappers.java:613)
	at utils.Reporter.reportStep(Reporter.java:20)
	at wrappers.GenericWrappers.takeSnap(GenericWrappers.java:613)
	at utils.Reporter.reportStep(Reporter.java:20)
	at wrappers.GenericWrappers.takeSnap(GenericWrappers.java:613)
	at utils.Reporter.reportStep(Reporter.java:20)
	at wrappers.GenericWrappers.takeSnap(GenericWrappers.java:613)
	at utils.Reporter.reportStep(Reporter.java:20)
	at wrappers.GenericWrappers.takeSnap(GenericWrappers.java:613)
	at utils.Reporter.reportStep(Reporter.java:20)
	at wrappers.GenericWrappers.takeSnap(GenericWrappers.java:613)
	at utils.Reporter.reportStep(Reporter.java:20)
	at wrappers.GenericWrappers.takeSnap(GenericWrappers.java:613)
	at utils.Reporter.reportStep(Reporter.java:20)
	at wrappers.GenericWrappers.takeSnap(GenericWrappers.java:613)
	at utils.Reporter.reportStep(Reporter.java:20)
	at wrappers.GenericWrappers.takeSnap(GenericWrappers.java:613)
	at utils.Reporter.reportStep(Reporter.java:20)
	at wrappers.GenericWrappers.takeSnap(GenericWrappers.java:613)
	at utils.Reporter.reportStep(Reporter.java:20)
	at wrappers.GenericWrappers.takeSnap(GenericWrappers.java:613)
	at utils.Reporter.reportStep(Reporter.java:20)
	at wrappers.GenericWrappers.takeSnap(GenericWrappers.java:613)
	at utils.Reporter.reportStep(Reporter.java:20)
	at wrappers.GenericWrappers.takeSnap(GenericWrappers.java:613)
	at utils.Reporter.reportStep(Reporter.java:20)
	at wrappers.GenericWrappers.takeSnap(GenericWrappers.java:613)
	at utils.Reporter.reportStep(Reporter.java:20)
	at wrappers.GenericWrappers.takeSnap(GenericWrappers.java:613)
	at utils.Reporter.reportStep(Reporter.java:20)
	at wrappers.GenericWrappers.takeSnap(GenericWrappers.java:613)
	at utils.Reporter.reportStep(Reporter.java:20)
	at wrappers.GenericWrappers.takeSnap(GenericWrappers.java:613)
	at utils.Reporter.reportStep(Reporter.java:20)
	at wrappers.GenericWrappers.takeSnap(GenericWrappers.java:613)
	at utils.Reporter.reportStep(Reporter.java:20)
	at wrappers.GenericWrappers.takeSnap(GenericWrappers.java:613)
	at utils.Reporter.reportStep(Reporter.java:20)
	at wrappers.GenericWrappers.takeSnap(GenericWrappers.java:613)
	at utils.Reporter.reportStep(Reporter.java:20)
	at wrappers.GenericWrappers.takeSnap(GenericWrappers.java:613)
	at utils.Reporter.reportStep(Reporter.java:20)
	at wrappers.GenericWrappers.takeSnap(GenericWrappers.java:613)
	at utils.Reporter.reportStep(Reporter.java:20)
	at wrappers.GenericWrappers.takeSnap(GenericWrappers.java:613)
	at utils.Reporter.reportStep(Reporter.java:20)
	at wrappers.GenericWrappers.takeSnap(GenericWrappers.java:613)
	at utils.Reporter.reportStep(Reporter.java:20)
	at wrappers.GenericWrappers.takeSnap(GenericWrappers.java:613)
	at utils.Reporter.reportStep(Reporter.java:20)
	at wrappers.GenericWrappers.takeSnap(GenericWrappers.java:613)
	at utils.Reporter.reportStep(Reporter.java:20)
	at wrappers.GenericWrappers.takeSnap(GenericWrappers.java:613)
	at utils.Reporter.reportStep(Reporter.java:20)
	at wrappers.GenericWrappers.takeSnap(GenericWrappers.java:613)
	at utils.Reporter.reportStep(Reporter.java:20)
	at wrappers.GenericWrappers.takeSnap(GenericWrappers.java:613)
	at utils.Reporter.reportStep(Reporter.java:20)
	at wrappers.GenericWrappers.takeSnap(GenericWrappers.java:613)
	at utils.Reporter.reportStep(Reporter.java:20)
	at wrappers.GenericWrappers.takeSnap(GenericWrappers.java:613)
	at utils.Reporter.reportStep(Reporter.java:20)
	at wrappers.GenericWrappers.takeSnap(GenericWrappers.java:613)
	at utils.Reporter.reportStep(Reporter.java:20)
	at wrappers.GenericWrappers.takeSnap(GenericWrappers.java:613)
	at utils.Reporter.reportStep(Reporter.java:20)
	at wrappers.GenericWrappers.takeSnap(GenericWrappers.java:613)
	at utils.Reporter.reportStep(Reporter.java:20)
	at wrappers.GenericWrappers.takeSnap(GenericWrappers.java:613)
	at utils.Reporter.reportStep(Reporter.java:20)
	at wrappers.GenericWrappers.takeSnap(GenericWrappers.java:613)
	at utils.Reporter.reportStep(Reporter.java:20)
	at wrappers.GenericWrappers.takeSnap(GenericWrappers.java:613)
	at utils.Reporter.reportStep(Reporter.java:20)
	at wrappers.GenericWrappers.takeSnap(GenericWrappers.java:613)
	at utils.Reporter.reportStep(Reporter.java:20)
	at wrappers.GenericWrappers.takeSnap(GenericWrappers.java:613)
	at utils.Reporter.reportStep(Reporter.java:20)
	at wrappers.GenericWrappers.takeSnap(GenericWrappers.java:613)
	at utils.Reporter.reportStep(Reporter.java:20)
	at wrappers.GenericWrappers.takeSnap(GenericWrappers.java:613)
	at utils.Reporter.reportStep(Reporter.java:20)
	at wrappers.GenericWrappers.takeSnap(GenericWrappers.java:613)
	at utils.Reporter.reportStep(Reporter.java:20)
	at wrappers.GenericWrappers.takeSnap(GenericWrappers.java:613)
	at utils.Reporter.reportStep(Reporter.java:20)
	at wrappers.GenericWrappers.takeSnap(GenericWrappers.java:613)
	at utils.Reporter.reportStep(Reporter.java:20)
	at wrappers.GenericWrappers.takeSnap(GenericWrappers.java:613)
	at utils.Reporter.reportStep(Reporter.java:20)
	at wrappers.GenericWrappers.takeSnap(GenericWrappers.java:613)
	at utils.Reporter.reportStep(Reporter.java:20)
	at wrappers.GenericWrappers.takeSnap(GenericWrappers.java:613)
	at utils.Reporter.reportStep(Reporter.java:20)
	at wrappers.GenericWrappers.takeSnap(GenericWrappers.java:613)
	at utils.Reporter.reportStep(Reporter.java:20)
	at wrappers.GenericWrappers.takeSnap(GenericWrappers.java:613)
	at utils.Reporter.reportStep(Reporter.java:20)
	at wrappers.GenericWrappers.takeSnap(GenericWrappers.java:613)
	at utils.Reporter.reportStep(Reporter.java:20)
	at wrappers.GenericWrappers.takeSnap(GenericWrappers.java:613)
	at utils.Reporter.reportStep(Reporter.java:20)
	at wrappers.GenericWrappers.takeSnap(GenericWrappers.java:613)
	at utils.Reporter.reportStep(Reporter.java:20)
	at wrappers.GenericWrappers.takeSnap(GenericWrappers.java:613)
	at utils.Reporter.reportStep(Reporter.java:20)
	at wrappers.GenericWrappers.takeSnap(GenericWrappers.java:613)
	at utils.Reporter.reportStep(Reporter.java:20)
	at wrappers.GenericWrappers.takeSnap(GenericWrappers.java:613)
	at utils.Reporter.reportStep(Reporter.java:20)
	at wrappers.GenericWrappers.takeSnap(GenericWrappers.java:613)
	at utils.Reporter.reportStep(Reporter.java:20)
	at wrappers.GenericWrappers.takeSnap(GenericWrappers.java:613)
	at utils.Reporter.reportStep(Reporter.java:20)
	at wrappers.GenericWrappers.takeSnap(GenericWrappers.java:613)
	at utils.Reporter.reportStep(Reporter.java:20)
	at wrappers.GenericWrappers.takeSnap(GenericWrappers.java:613)
	at utils.Reporter.reportStep(Reporter.java:20)
	at wrappers.GenericWrappers.takeSnap(GenericWrappers.java:613)
	at utils.Reporter.reportStep(Reporter.java:20)
	at wrappers.GenericWrappers.takeSnap(GenericWrappers.java:613)
	at utils.Reporter.reportStep(Reporter.java:20)
	at wrappers.GenericWrappers.takeSnap(GenericWrappers.java:613)
	at utils.Reporter.reportStep(Reporter.java:20)
	at wrappers.GenericWrappers.takeSnap(GenericWrappers.java:613)
	at utils.Reporter.reportStep(Reporter.java:20)
	at wrappers.GenericWrappers.takeSnap(GenericWrappers.java:613)
	at utils.Reporter.reportStep(Reporter.java:20)
	at wrappers.GenericWrappers.takeSnap(GenericWrappers.java:613)
	at utils.Reporter.reportStep(Reporter.java:20)
	at wrappers.GenericWrappers.takeSnap(GenericWrappers.java:613)
	at utils.Reporter.reportStep(Reporter.java:20)
	at wrappers.GenericWrappers.takeSnap(GenericWrappers.java:613)
	at utils.Reporter.reportStep(Reporter.java:20)
	at wrappers.GenericWrappers.takeSnap(GenericWrappers.java:613)
	at utils.Reporter.reportStep(Reporter.java:20)
	at wrappers.GenericWrappers.takeSnap(GenericWrappers.java:613)
	at utils.Reporter.reportStep(Reporter.java:20)
	at wrappers.GenericWrappers.takeSnap(GenericWrappers.java:613)
	at utils.Reporter.reportStep(Reporter.java:20)
	at wrappers.GenericWrappers.takeSnap(GenericWrappers.java:613)
	at utils.Reporter.reportStep(Reporter.java:20)
	at wrappers.GenericWrappers.takeSnap(GenericWrappers.java:613)
	at utils.Reporter.reportStep(Reporter.java:20)
	at wrappers.GenericWrappers.takeSnap(GenericWrappers.java:613)
	at utils.Reporter.reportStep(Reporter.java:20)
	at wrappers.GenericWrappers.takeSnap(GenericWrappers.java:613)
	at utils.Reporter.reportStep(Reporter.java:20)
	at wrappers.GenericWrappers.takeSnap(GenericWrappers.java:613)
	at utils.Reporter.reportStep(Reporter.java:20)
	at wrappers.GenericWrappers.takeSnap(GenericWrappers.java:613)
	at utils.Reporter.reportStep(Reporter.java:20)
	at wrappers.GenericWrappers.takeSnap(GenericWrappers.java:613)
	at utils.Reporter.reportStep(Reporter.java:20)
	at wrappers.GenericWrappers.takeSnap(GenericWrappers.java:613)
	at utils.Reporter.reportStep(Reporter.java:20)
	at wrappers.GenericWrappers.takeSnap(GenericWrappers.java:613)
	at utils.Reporter.reportStep(Reporter.java:20)
	at wrappers.GenericWrappers.takeSnap(GenericWrappers.java:613)
	at utils.Reporter.reportStep(Reporter.java:20)
	at wrappers.GenericWrappers.takeSnap(GenericWrappers.java:613)
	at utils.Reporter.reportStep(Reporter.java:20)
	at wrappers.GenericWrappers.takeSnap(GenericWrappers.java:613)
	at utils.Reporter.reportStep(Reporter.java:20)
	at wrappers.GenericWrappers.takeSnap(GenericWrappers.java:613)
	at utils.Reporter.reportStep(Reporter.java:20)
	at wrappers.GenericWrappers.takeSnap(GenericWrappers.java:613)
	at utils.Reporter.reportStep(Reporter.java:20)
	at wrappers.GenericWrappers.takeSnap(GenericWrappers.java:613)
	at utils.Reporter.reportStep(Reporter.java:20)
	at wrappers.GenericWrappers.takeSnap(GenericWrappers.java:613)
	at utils.Reporter.reportStep(Reporter.java:20)
	at wrappers.GenericWrappers.takeSnap(GenericWrappers.java:613)
	at utils.Reporter.reportStep(Reporter.java:20)
	at wrappers.GenericWrappers.takeSnap(GenericWrappers.java:613)
	at utils.Reporter.reportStep(Reporter.java:20)
	at wrappers.GenericWrappers.takeSnap(GenericWrappers.java:613)
	at utils.Reporter.reportStep(Reporter.java:20)
	at wrappers.GenericWrappers.takeSnap(GenericWrappers.java:613)
	at utils.Reporter.reportStep(Reporter.java:20)
	at wrappers.GenericWrappers.takeSnap(GenericWrappers.java:613)
	at utils.Reporter.reportStep(Reporter.java:20)
	at wrappers.GenericWrappers.takeSnap(GenericWrappers.java:613)
	at utils.Reporter.reportStep(Reporter.java:20)
	at wrappers.GenericWrappers.takeSnap(GenericWrappers.java:613)
	at utils.Reporter.reportStep(Reporter.java:20)
	at wrappers.GenericWrappers.takeSnap(GenericWrappers.java:613)
	at utils.Reporter.reportStep(Reporter.java:20)
	at wrappers.GenericWrappers.takeSnap(GenericWrappers.java:613)
	at utils.Reporter.reportStep(Reporter.java:20)
	at wrappers.GenericWrappers.takeSnap(GenericWrappers.java:613)
	at utils.Reporter.reportStep(Reporter.java:20)
	at wrappers.GenericWrappers.takeSnap(GenericWrappers.java:613)
	at utils.Reporter.reportStep(Reporter.java:20)
	at wrappers.GenericWrappers.takeSnap(GenericWrappers.java:613)
	at utils.Reporter.reportStep(Reporter.java:20)
	at wrappers.GenericWrappers.takeSnap(GenericWrappers.java:613)
	at utils.Reporter.reportStep(Reporter.java:20)
	at wrappers.GenericWrappers.takeSnap(GenericWrappers.java:613)
	at utils.Reporter.reportStep(Reporter.java:20)
	at wrappers.GenericWrappers.takeSnap(GenericWrappers.java:613)
	at utils.Reporter.reportStep(Reporter.java:20)
	at wrappers.GenericWrappers.takeSnap(GenericWrappers.java:613)
	at utils.Reporter.reportStep(Reporter.java:20)
	at wrappers.GenericWrappers.takeSnap(GenericWrappers.java:613)
	at utils.Reporter.reportStep(Reporter.java:20)
	at wrappers.GenericWrappers.takeSnap(GenericWrappers.java:613)
	at utils.Reporter.reportStep(Reporter.java:20)
	at wrappers.GenericWrappers.takeSnap(GenericWrappers.java:613)
	at utils.Reporter.reportStep(Reporter.java:20)
	at wrappers.GenericWrappers.takeSnap(GenericWrappers.java:613)
	at utils.Reporter.reportStep(Reporter.java:20)
	at wrappers.GenericWrappers.takeSnap(GenericWrappers.java:613)
	at utils.Reporter.reportStep(Reporter.java:20)
	at wrappers.GenericWrappers.takeSnap(GenericWrappers.java:613)
	at utils.Reporter.reportStep(Reporter.java:20)
	at wrappers.GenericWrappers.takeSnap(GenericWrappers.java:613)
	at utils.Reporter.reportStep(Reporter.java:20)
	at wrappers.GenericWrappers.takeSnap(GenericWrappers.java:613)
	at utils.Reporter.reportStep(Reporter.java:20)
	at wrappers.GenericWrappers.takeSnap(GenericWrappers.java:613)
	at utils.Reporter.reportStep(Reporter.java:20)
	at wrappers.GenericWrappers.takeSnap(GenericWrappers.java:613)
	at utils.Reporter.reportStep(Reporter.java:20)
	at wrappers.GenericWrappers.takeSnap(GenericWrappers.java:613)
	at utils.Reporter.reportStep(Reporter.java:20)
	at wrappers.GenericWrappers.takeSnap(GenericWrappers.java:613)
	at utils.Reporter.reportStep(Reporter.java:20)
	at wrappers.GenericWrappers.takeSnap(GenericWrappers.java:613)
	at utils.Reporter.reportStep(Reporter.java:20)
	at wrappers.GenericWrappers.takeSnap(GenericWrappers.java:613)
	at utils.Reporter.reportStep(Reporter.java:20)
	at wrappers.GenericWrappers.takeSnap(GenericWrappers.java:613)
	at utils.Reporter.reportStep(Reporter.java:20)
	at wrappers.GenericWrappers.takeSnap(GenericWrappers.java:613)
	at utils.Reporter.reportStep(Reporter.java:20)
	at wrappers.GenericWrappers.takeSnap(GenericWrappers.java:613)
	at utils.Reporter.reportStep(Reporter.java:20)
	at wrappers.GenericWrappers.takeSnap(GenericWrappers.java:613)
	at utils.Reporter.reportStep(Reporter.java:20)
	at wrappers.GenericWrappers.takeSnap(GenericWrappers.java:613)
	at utils.Reporter.reportStep(Reporter.java:20)
	at wrappers.GenericWrappers.takeSnap(GenericWrappers.java:613)
	at utils.Reporter.reportStep(Reporter.java:20)
	at wrappers.GenericWrappers.takeSnap(GenericWrappers.java:613)
	at utils.Reporter.reportStep(Reporter.java:20)
	at wrappers.GenericWrappers.takeSnap(GenericWrappers.java:613)
	at utils.Reporter.reportStep(Reporter.java:20)
	at wrappers.GenericWrappers.takeSnap(GenericWrappers.java:613)
	at utils.Reporter.reportStep(Reporter.java:20)
	at wrappers.GenericWrappers.takeSnap(GenericWrappers.java:613)
	at utils.Reporter.reportStep(Reporter.java:20)
	at wrappers.GenericWrappers.takeSnap(GenericWrappers.java:613)
	at utils.Reporter.reportStep(Reporter.java:20)
	at wrappers.GenericWrappers.takeSnap(GenericWrappers.java:613)
	at utils.Reporter.reportStep(Reporter.java:20)
	at wrappers.GenericWrappers.takeSnap(GenericWrappers.java:613)
	at utils.Reporter.reportStep(Reporter.java:20)
	at wrappers.GenericWrappers.takeSnap(GenericWrappers.java:613)
	at utils.Reporter.reportStep(Reporter.java:20)
	at wrappers.GenericWrappers.takeSnap(GenericWrappers.java:613)
	at utils.Reporter.reportStep(Reporter.java:20)
	at wrappers.GenericWrappers.takeSnap(GenericWrappers.java:613)
	at utils.Reporter.reportStep(Reporter.java:20)
	at wrappers.GenericWrappers.takeSnap(GenericWrappers.java:613)
	at utils.Reporter.reportStep(Reporter.java:20)
	at wrappers.GenericWrappers.takeSnap(GenericWrappers.java:613)
	at utils.Reporter.reportStep(Reporter.java:20)
	at wrappers.GenericWrappers.takeSnap(GenericWrappers.java:613)
	at utils.Reporter.reportStep(Reporter.java:20)
	at wrappers.GenericWrappers.takeSnap(GenericWrappers.java:613)
	at utils.Reporter.reportStep(Reporter.java:20)
	at wrappers.GenericWrappers.takeSnap(GenericWrappers.java:613)
	at utils.Reporter.reportStep(Reporter.java:20)
	at wrappers.GenericWrappers.takeSnap(GenericWrappers.java:613)
	at utils.Reporter.reportStep(Reporter.java:20)
	at wrappers.GenericWrappers.takeSnap(GenericWrappers.java:613)
	at utils.Reporter.reportStep(Reporter.java:20)
	at wrappers.GenericWrappers.takeSnap(GenericWrappers.java:613)
	at utils.Reporter.reportStep(Reporter.java:20)
	at wrappers.GenericWrappers.takeSnap(GenericWrappers.java:613)
	at utils.Reporter.reportStep(Reporter.java:20)
	at wrappers.GenericWrappers.takeSnap(GenericWrappers.java:613)
	at utils.Reporter.reportStep(Reporter.java:20)
	at wrappers.GenericWrappers.takeSnap(GenericWrappers.java:613)
	at utils.Reporter.reportStep(Reporter.java:20)
	at wrappers.GenericWrappers.takeSnap(GenericWrappers.java:613)
	at utils.Reporter.reportStep(Reporter.java:20)
	at wrappers.GenericWrappers.takeSnap(GenericWrappers.java:613)
	at utils.Reporter.reportStep(Reporter.java:20)
	at wrappers.GenericWrappers.takeSnap(GenericWrappers.java:613)
	at utils.Reporter.reportStep(Reporter.java:20)
	at wrappers.GenericWrappers.takeSnap(GenericWrappers.java:613)
	at utils.Reporter.reportStep(Reporter.java:20)
	at wrappers.GenericWrappers.takeSnap(GenericWrappers.java:613)
	at utils.Reporter.reportStep(Reporter.java:20)
	at wrappers.GenericWrappers.takeSnap(GenericWrappers.java:613)
	at utils.Reporter.reportStep(Reporter.java:20)
	at wrappers.GenericWrappers.takeSnap(GenericWrappers.java:613)
	at utils.Reporter.reportStep(Reporter.java:20)
	at wrappers.GenericWrappers.takeSnap(GenericWrappers.java:613)
	at utils.Reporter.reportStep(Reporter.java:20)
	at wrappers.GenericWrappers.takeSnap(GenericWrappers.java:613)
	at utils.Reporter.reportStep(Reporter.java:20)
	at wrappers.GenericWrappers.takeSnap(GenericWrappers.java:613)
	at utils.Reporter.reportStep(Reporter.java:20)
	at wrappers.GenericWrappers.takeSnap(GenericWrappers.java:613)
	at utils.Reporter.reportStep(Reporter.java:20)
	at wrappers.GenericWrappers.takeSnap(GenericWrappers.java:613)
	at utils.Reporter.reportStep(Reporter.java:20)
	at wrappers.GenericWrappers.takeSnap(GenericWrappers.java:613)
	at utils.Reporter.reportStep(Reporter.java:20)
	at wrappers.GenericWrappers.takeSnap(GenericWrappers.java:613)
	at utils.Reporter.reportStep(Reporter.java:20)
	at wrappers.GenericWrappers.takeSnap(GenericWrappers.java:613)
	at utils.Reporter.reportStep(Reporter.java:20)
	at wrappers.GenericWrappers.takeSnap(GenericWrappers.java:613)
	at utils.Reporter.reportStep(Reporter.java:20)
	at wrappers.GenericWrappers.takeSnap(GenericWrappers.java:613)
	at utils.Reporter.reportStep(Reporter.java:20)
	at wrappers.GenericWrappers.takeSnap(GenericWrappers.java:613)
	at utils.Reporter.reportStep(Reporter.java:20)
	at wrappers.GenericWrappers.takeSnap(GenericWrappers.java:613)
	at utils.Reporter.reportStep(Reporter.java:20)
	at wrappers.GenericWrappers.takeSnap(GenericWrappers.java:613)
	at utils.Reporter.reportStep(Reporter.java:20)
	at wrappers.GenericWrappers.takeSnap(GenericWrappers.java:613)
	at utils.Reporter.reportStep(Reporter.java:20)
	at wrappers.GenericWrappers.takeSnap(GenericWrappers.java:613)
	at utils.Reporter.reportStep(Reporter.java:20)
	at wrappers.GenericWrappers.takeSnap(GenericWrappers.java:613)
	at utils.Reporter.reportStep(Reporter.java:20)
	at wrappers.GenericWrappers.takeSnap(GenericWrappers.java:613)
	at utils.Reporter.reportStep(Reporter.java:20)
	at wrappers.GenericWrappers.takeSnap(GenericWrappers.java:613)
	at utils.Reporter.reportStep(Reporter.java:20)
	at wrappers.GenericWrappers.takeSnap(GenericWrappers.java:613)
	at utils.Reporter.reportStep(Reporter.java:20)
	at wrappers.GenericWrappers.takeSnap(GenericWrappers.java:613)
	at utils.Reporter.reportStep(Reporter.java:20)
	at wrappers.GenericWrappers.takeSnap(GenericWrappers.java:613)
	at utils.Reporter.reportStep(Reporter.java:20)
	at wrappers.GenericWrappers.takeSnap(GenericWrappers.java:613)
	at utils.Reporter.reportStep(Reporter.java:20)
	at wrappers.GenericWrappers.takeSnap(GenericWrappers.java:613)
	at utils.Reporter.reportStep(Reporter.java:20)
	at wrappers.GenericWrappers.takeSnap(GenericWrappers.java:613)
	at utils.Reporter.reportStep(Reporter.java:20)
	at wrappers.GenericWrappers.takeSnap(GenericWrappers.java:613)
	at utils.Reporter.reportStep(Reporter.java:20)
	at wrappers.GenericWrappers.takeSnap(GenericWrappers.java:613)
	at utils.Reporter.reportStep(Reporter.java:20)
	at wrappers.GenericWrappers.takeSnap(GenericWrappers.java:613)
	at utils.Reporter.reportStep(Reporter.java:20)
	at wrappers.GenericWrappers.takeSnap(GenericWrappers.java:613)
	at utils.Reporter.reportStep(Reporter.java:20)
	at wrappers.GenericWrappers.takeSnap(GenericWrappers.java:613)
]]>
    </error>
  </testcase> <!-- login -->
  <testcase name="login" time="0.002" classname="testCases.TC001_Login">
    <error type="java.lang.StackOverflowError">
      <![CDATA[java.lang.StackOverflowError
	at java.util.regex.Pattern$Branch.match(Unknown Source)
	at java.util.regex.Pattern$BranchConn.match(Unknown Source)
	at java.util.regex.Pattern$GroupTail.match(Unknown Source)
	at java.util.regex.Pattern$Curly.match0(Unknown Source)
	at java.util.regex.Pattern$Curly.match(Unknown Source)
	at java.util.regex.Pattern$GroupHead.match(Unknown Source)
	at java.util.regex.Pattern$Branch.match(Unknown Source)
	at java.util.regex.Pattern$Branch.match(Unknown Source)
	at java.util.regex.Pattern$BmpCharProperty.match(Unknown Source)
	at java.util.regex.Pattern$Start.match(Unknown Source)
	at java.util.regex.Matcher.search(Unknown Source)
	at java.util.regex.Matcher.find(Unknown Source)
	at java.util.Formatter.parse(Unknown Source)
	at java.util.Formatter.format(Unknown Source)
	at java.util.Formatter.format(Unknown Source)
	at java.lang.String.format(Unknown Source)
	at org.openqa.selenium.remote.RemoteWebDriver.execute(RemoteWebDriver.java:549)
	at org.openqa.selenium.remote.RemoteWebDriver.execute(RemoteWebDriver.java:609)
	at org.openqa.selenium.remote.RemoteWebDriver.getScreenshotAs(RemoteWebDriver.java:295)
	at wrappers.GenericWrappers.takeSnap(GenericWrappers.java:610)
	at utils.Reporter.reportStep(Reporter.java:20)
	at wrappers.GenericWrappers.takeSnap(GenericWrappers.java:613)
	at utils.Reporter.reportStep(Reporter.java:20)
	at wrappers.GenericWrappers.takeSnap(GenericWrappers.java:613)
	at utils.Reporter.reportStep(Reporter.java:20)
	at wrappers.GenericWrappers.takeSnap(GenericWrappers.java:613)
	at utils.Reporter.reportStep(Reporter.java:20)
	at wrappers.GenericWrappers.takeSnap(GenericWrappers.java:613)
	at utils.Reporter.reportStep(Reporter.java:20)
	at wrappers.GenericWrappers.takeSnap(GenericWrappers.java:613)
	at utils.Reporter.reportStep(Reporter.java:20)
	at wrappers.GenericWrappers.takeSnap(GenericWrappers.java:613)
	at utils.Reporter.reportStep(Reporter.java:20)
	at wrappers.GenericWrappers.takeSnap(GenericWrappers.java:613)
	at utils.Reporter.reportStep(Reporter.java:20)
	at wrappers.GenericWrappers.takeSnap(GenericWrappers.java:613)
	at utils.Reporter.reportStep(Reporter.java:20)
	at wrappers.GenericWrappers.takeSnap(GenericWrappers.java:613)
	at utils.Reporter.reportStep(Reporter.java:20)
	at wrappers.GenericWrappers.takeSnap(GenericWrappers.java:613)
	at utils.Reporter.reportStep(Reporter.java:20)
	at wrappers.GenericWrappers.takeSnap(GenericWrappers.java:613)
	at utils.Reporter.reportStep(Reporter.java:20)
	at wrappers.GenericWrappers.takeSnap(GenericWrappers.java:613)
	at utils.Reporter.reportStep(Reporter.java:20)
	at wrappers.GenericWrappers.takeSnap(GenericWrappers.java:613)
	at utils.Reporter.reportStep(Reporter.java:20)
	at wrappers.GenericWrappers.takeSnap(GenericWrappers.java:613)
	at utils.Reporter.reportStep(Reporter.java:20)
	at wrappers.GenericWrappers.takeSnap(GenericWrappers.java:613)
	at utils.Reporter.reportStep(Reporter.java:20)
	at wrappers.GenericWrappers.takeSnap(GenericWrappers.java:613)
	at utils.Reporter.reportStep(Reporter.java:20)
	at wrappers.GenericWrappers.takeSnap(GenericWrappers.java:613)
	at utils.Reporter.reportStep(Reporter.java:20)
	at wrappers.GenericWrappers.takeSnap(GenericWrappers.java:613)
	at utils.Reporter.reportStep(Reporter.java:20)
	at wrappers.GenericWrappers.takeSnap(GenericWrappers.java:613)
	at utils.Reporter.reportStep(Reporter.java:20)
	at wrappers.GenericWrappers.takeSnap(GenericWrappers.java:613)
	at utils.Reporter.reportStep(Reporter.java:20)
	at wrappers.GenericWrappers.takeSnap(GenericWrappers.java:613)
	at utils.Reporter.reportStep(Reporter.java:20)
	at wrappers.GenericWrappers.takeSnap(GenericWrappers.java:613)
	at utils.Reporter.reportStep(Reporter.java:20)
	at wrappers.GenericWrappers.takeSnap(GenericWrappers.java:613)
	at utils.Reporter.reportStep(Reporter.java:20)
	at wrappers.GenericWrappers.takeSnap(GenericWrappers.java:613)
	at utils.Reporter.reportStep(Reporter.java:20)
	at wrappers.GenericWrappers.takeSnap(GenericWrappers.java:613)
	at utils.Reporter.reportStep(Reporter.java:20)
	at wrappers.GenericWrappers.takeSnap(GenericWrappers.java:613)
	at utils.Reporter.reportStep(Reporter.java:20)
	at wrappers.GenericWrappers.takeSnap(GenericWrappers.java:613)
	at utils.Reporter.reportStep(Reporter.java:20)
	at wrappers.GenericWrappers.takeSnap(GenericWrappers.java:613)
	at utils.Reporter.reportStep(Reporter.java:20)
	at wrappers.GenericWrappers.takeSnap(GenericWrappers.java:613)
	at utils.Reporter.reportStep(Reporter.java:20)
	at wrappers.GenericWrappers.takeSnap(GenericWrappers.java:613)
	at utils.Reporter.reportStep(Reporter.java:20)
	at wrappers.GenericWrappers.takeSnap(GenericWrappers.java:613)
	at utils.Reporter.reportStep(Reporter.java:20)
	at wrappers.GenericWrappers.takeSnap(GenericWrappers.java:613)
	at utils.Reporter.reportStep(Reporter.java:20)
	at wrappers.GenericWrappers.takeSnap(GenericWrappers.java:613)
	at utils.Reporter.reportStep(Reporter.java:20)
	at wrappers.GenericWrappers.takeSnap(GenericWrappers.java:613)
	at utils.Reporter.reportStep(Reporter.java:20)
	at wrappers.GenericWrappers.takeSnap(GenericWrappers.java:613)
	at utils.Reporter.reportStep(Reporter.java:20)
	at wrappers.GenericWrappers.takeSnap(GenericWrappers.java:613)
	at utils.Reporter.reportStep(Reporter.java:20)
	at wrappers.GenericWrappers.takeSnap(GenericWrappers.java:613)
	at utils.Reporter.reportStep(Reporter.java:20)
	at wrappers.GenericWrappers.takeSnap(GenericWrappers.java:613)
	at utils.Reporter.reportStep(Reporter.java:20)
	at wrappers.GenericWrappers.takeSnap(GenericWrappers.java:613)
	at utils.Reporter.reportStep(Reporter.java:20)
	at wrappers.GenericWrappers.takeSnap(GenericWrappers.java:613)
	at utils.Reporter.reportStep(Reporter.java:20)
	at wrappers.GenericWrappers.takeSnap(GenericWrappers.java:613)
	at utils.Reporter.reportStep(Reporter.java:20)
	at wrappers.GenericWrappers.takeSnap(GenericWrappers.java:613)
	at utils.Reporter.reportStep(Reporter.java:20)
	at wrappers.GenericWrappers.takeSnap(GenericWrappers.java:613)
	at utils.Reporter.reportStep(Reporter.java:20)
	at wrappers.GenericWrappers.takeSnap(GenericWrappers.java:613)
	at utils.Reporter.reportStep(Reporter.java:20)
	at wrappers.GenericWrappers.takeSnap(GenericWrappers.java:613)
	at utils.Reporter.reportStep(Reporter.java:20)
	at wrappers.GenericWrappers.takeSnap(GenericWrappers.java:613)
	at utils.Reporter.reportStep(Reporter.java:20)
	at wrappers.GenericWrappers.takeSnap(GenericWrappers.java:613)
	at utils.Reporter.reportStep(Reporter.java:20)
	at wrappers.GenericWrappers.takeSnap(GenericWrappers.java:613)
	at utils.Reporter.reportStep(Reporter.java:20)
	at wrappers.GenericWrappers.takeSnap(GenericWrappers.java:613)
	at utils.Reporter.reportStep(Reporter.java:20)
	at wrappers.GenericWrappers.takeSnap(GenericWrappers.java:613)
	at utils.Reporter.reportStep(Reporter.java:20)
	at wrappers.GenericWrappers.takeSnap(GenericWrappers.java:613)
	at utils.Reporter.reportStep(Reporter.java:20)
	at wrappers.GenericWrappers.takeSnap(GenericWrappers.java:613)
	at utils.Reporter.reportStep(Reporter.java:20)
	at wrappers.GenericWrappers.takeSnap(GenericWrappers.java:613)
	at utils.Reporter.reportStep(Reporter.java:20)
	at wrappers.GenericWrappers.takeSnap(GenericWrappers.java:613)
	at utils.Reporter.reportStep(Reporter.java:20)
	at wrappers.GenericWrappers.takeSnap(GenericWrappers.java:613)
	at utils.Reporter.reportStep(Reporter.java:20)
	at wrappers.GenericWrappers.takeSnap(GenericWrappers.java:613)
	at utils.Reporter.reportStep(Reporter.java:20)
	at wrappers.GenericWrappers.takeSnap(GenericWrappers.java:613)
	at utils.Reporter.reportStep(Reporter.java:20)
	at wrappers.GenericWrappers.takeSnap(GenericWrappers.java:613)
	at utils.Reporter.reportStep(Reporter.java:20)
	at wrappers.GenericWrappers.takeSnap(GenericWrappers.java:613)
	at utils.Reporter.reportStep(Reporter.java:20)
	at wrappers.GenericWrappers.takeSnap(GenericWrappers.java:613)
	at utils.Reporter.reportStep(Reporter.java:20)
	at wrappers.GenericWrappers.takeSnap(GenericWrappers.java:613)
	at utils.Reporter.reportStep(Reporter.java:20)
	at wrappers.GenericWrappers.takeSnap(GenericWrappers.java:613)
	at utils.Reporter.reportStep(Reporter.java:20)
	at wrappers.GenericWrappers.takeSnap(GenericWrappers.java:613)
	at utils.Reporter.reportStep(Reporter.java:20)
	at wrappers.GenericWrappers.takeSnap(GenericWrappers.java:613)
	at utils.Reporter.reportStep(Reporter.java:20)
	at wrappers.GenericWrappers.takeSnap(GenericWrappers.java:613)
	at utils.Reporter.reportStep(Reporter.java:20)
	at wrappers.GenericWrappers.takeSnap(GenericWrappers.java:613)
	at utils.Reporter.reportStep(Reporter.java:20)
	at wrappers.GenericWrappers.takeSnap(GenericWrappers.java:613)
	at utils.Reporter.reportStep(Reporter.java:20)
	at wrappers.GenericWrappers.takeSnap(GenericWrappers.java:613)
	at utils.Reporter.reportStep(Reporter.java:20)
	at wrappers.GenericWrappers.takeSnap(GenericWrappers.java:613)
	at utils.Reporter.reportStep(Reporter.java:20)
	at wrappers.GenericWrappers.takeSnap(GenericWrappers.java:613)
	at utils.Reporter.reportStep(Reporter.java:20)
	at wrappers.GenericWrappers.takeSnap(GenericWrappers.java:613)
	at utils.Reporter.reportStep(Reporter.java:20)
	at wrappers.GenericWrappers.takeSnap(GenericWrappers.java:613)
	at utils.Reporter.reportStep(Reporter.java:20)
	at wrappers.GenericWrappers.takeSnap(GenericWrappers.java:613)
	at utils.Reporter.reportStep(Reporter.java:20)
	at wrappers.GenericWrappers.takeSnap(GenericWrappers.java:613)
	at utils.Reporter.reportStep(Reporter.java:20)
	at wrappers.GenericWrappers.takeSnap(GenericWrappers.java:613)
	at utils.Reporter.reportStep(Reporter.java:20)
	at wrappers.GenericWrappers.takeSnap(GenericWrappers.java:613)
	at utils.Reporter.reportStep(Reporter.java:20)
	at wrappers.GenericWrappers.takeSnap(GenericWrappers.java:613)
	at utils.Reporter.reportStep(Reporter.java:20)
	at wrappers.GenericWrappers.takeSnap(GenericWrappers.java:613)
	at utils.Reporter.reportStep(Reporter.java:20)
	at wrappers.GenericWrappers.takeSnap(GenericWrappers.java:613)
	at utils.Reporter.reportStep(Reporter.java:20)
	at wrappers.GenericWrappers.takeSnap(GenericWrappers.java:613)
	at utils.Reporter.reportStep(Reporter.java:20)
	at wrappers.GenericWrappers.takeSnap(GenericWrappers.java:613)
	at utils.Reporter.reportStep(Reporter.java:20)
	at wrappers.GenericWrappers.takeSnap(GenericWrappers.java:613)
	at utils.Reporter.reportStep(Reporter.java:20)
	at wrappers.GenericWrappers.takeSnap(GenericWrappers.java:613)
	at utils.Reporter.reportStep(Reporter.java:20)
	at wrappers.GenericWrappers.takeSnap(GenericWrappers.java:613)
	at utils.Reporter.reportStep(Reporter.java:20)
	at wrappers.GenericWrappers.takeSnap(GenericWrappers.java:613)
	at utils.Reporter.reportStep(Reporter.java:20)
	at wrappers.GenericWrappers.takeSnap(GenericWrappers.java:613)
	at utils.Reporter.reportStep(Reporter.java:20)
	at wrappers.GenericWrappers.takeSnap(GenericWrappers.java:613)
	at utils.Reporter.reportStep(Reporter.java:20)
	at wrappers.GenericWrappers.takeSnap(GenericWrappers.java:613)
	at utils.Reporter.reportStep(Reporter.java:20)
	at wrappers.GenericWrappers.takeSnap(GenericWrappers.java:613)
	at utils.Reporter.reportStep(Reporter.java:20)
	at wrappers.GenericWrappers.takeSnap(GenericWrappers.java:613)
	at utils.Reporter.reportStep(Reporter.java:20)
	at wrappers.GenericWrappers.takeSnap(GenericWrappers.java:613)
	at utils.Reporter.reportStep(Reporter.java:20)
	at wrappers.GenericWrappers.takeSnap(GenericWrappers.java:613)
	at utils.Reporter.reportStep(Reporter.java:20)
	at wrappers.GenericWrappers.takeSnap(GenericWrappers.java:613)
	at utils.Reporter.reportStep(Reporter.java:20)
	at wrappers.GenericWrappers.takeSnap(GenericWrappers.java:613)
	at utils.Reporter.reportStep(Reporter.java:20)
	at wrappers.GenericWrappers.takeSnap(GenericWrappers.java:613)
	at utils.Reporter.reportStep(Reporter.java:20)
	at wrappers.GenericWrappers.takeSnap(GenericWrappers.java:613)
	at utils.Reporter.reportStep(Reporter.java:20)
	at wrappers.GenericWrappers.takeSnap(GenericWrappers.java:613)
	at utils.Reporter.reportStep(Reporter.java:20)
	at wrappers.GenericWrappers.takeSnap(GenericWrappers.java:613)
	at utils.Reporter.reportStep(Reporter.java:20)
	at wrappers.GenericWrappers.takeSnap(GenericWrappers.java:613)
	at utils.Reporter.reportStep(Reporter.java:20)
	at wrappers.GenericWrappers.takeSnap(GenericWrappers.java:613)
	at utils.Reporter.reportStep(Reporter.java:20)
	at wrappers.GenericWrappers.takeSnap(GenericWrappers.java:613)
	at utils.Reporter.reportStep(Reporter.java:20)
	at wrappers.GenericWrappers.takeSnap(GenericWrappers.java:613)
	at utils.Reporter.reportStep(Reporter.java:20)
	at wrappers.GenericWrappers.takeSnap(GenericWrappers.java:613)
	at utils.Reporter.reportStep(Reporter.java:20)
	at wrappers.GenericWrappers.takeSnap(GenericWrappers.java:613)
	at utils.Reporter.reportStep(Reporter.java:20)
	at wrappers.GenericWrappers.takeSnap(GenericWrappers.java:613)
	at utils.Reporter.reportStep(Reporter.java:20)
	at wrappers.GenericWrappers.takeSnap(GenericWrappers.java:613)
	at utils.Reporter.reportStep(Reporter.java:20)
	at wrappers.GenericWrappers.takeSnap(GenericWrappers.java:613)
	at utils.Reporter.reportStep(Reporter.java:20)
	at wrappers.GenericWrappers.takeSnap(GenericWrappers.java:613)
	at utils.Reporter.reportStep(Reporter.java:20)
	at wrappers.GenericWrappers.takeSnap(GenericWrappers.java:613)
	at utils.Reporter.reportStep(Reporter.java:20)
	at wrappers.GenericWrappers.takeSnap(GenericWrappers.java:613)
	at utils.Reporter.reportStep(Reporter.java:20)
	at wrappers.GenericWrappers.takeSnap(GenericWrappers.java:613)
	at utils.Reporter.reportStep(Reporter.java:20)
	at wrappers.GenericWrappers.takeSnap(GenericWrappers.java:613)
	at utils.Reporter.reportStep(Reporter.java:20)
	at wrappers.GenericWrappers.takeSnap(GenericWrappers.java:613)
	at utils.Reporter.reportStep(Reporter.java:20)
	at wrappers.GenericWrappers.takeSnap(GenericWrappers.java:613)
	at utils.Reporter.reportStep(Reporter.java:20)
	at wrappers.GenericWrappers.takeSnap(GenericWrappers.java:613)
	at utils.Reporter.reportStep(Reporter.java:20)
	at wrappers.GenericWrappers.takeSnap(GenericWrappers.java:613)
	at utils.Reporter.reportStep(Reporter.java:20)
	at wrappers.GenericWrappers.takeSnap(GenericWrappers.java:613)
	at utils.Reporter.reportStep(Reporter.java:20)
	at wrappers.GenericWrappers.takeSnap(GenericWrappers.java:613)
	at utils.Reporter.reportStep(Reporter.java:20)
	at wrappers.GenericWrappers.takeSnap(GenericWrappers.java:613)
	at utils.Reporter.reportStep(Reporter.java:20)
	at wrappers.GenericWrappers.takeSnap(GenericWrappers.java:613)
	at utils.Reporter.reportStep(Reporter.java:20)
	at wrappers.GenericWrappers.takeSnap(GenericWrappers.java:613)
	at utils.Reporter.reportStep(Reporter.java:20)
	at wrappers.GenericWrappers.takeSnap(GenericWrappers.java:613)
	at utils.Reporter.reportStep(Reporter.java:20)
	at wrappers.GenericWrappers.takeSnap(GenericWrappers.java:613)
	at utils.Reporter.reportStep(Reporter.java:20)
	at wrappers.GenericWrappers.takeSnap(GenericWrappers.java:613)
	at utils.Reporter.reportStep(Reporter.java:20)
	at wrappers.GenericWrappers.takeSnap(GenericWrappers.java:613)
	at utils.Reporter.reportStep(Reporter.java:20)
	at wrappers.GenericWrappers.takeSnap(GenericWrappers.java:613)
	at utils.Reporter.reportStep(Reporter.java:20)
	at wrappers.GenericWrappers.takeSnap(GenericWrappers.java:613)
	at utils.Reporter.reportStep(Reporter.java:20)
	at wrappers.GenericWrappers.takeSnap(GenericWrappers.java:613)
	at utils.Reporter.reportStep(Reporter.java:20)
	at wrappers.GenericWrappers.takeSnap(GenericWrappers.java:613)
	at utils.Reporter.reportStep(Reporter.java:20)
	at wrappers.GenericWrappers.takeSnap(GenericWrappers.java:613)
	at utils.Reporter.reportStep(Reporter.java:20)
	at wrappers.GenericWrappers.takeSnap(GenericWrappers.java:613)
	at utils.Reporter.reportStep(Reporter.java:20)
	at wrappers.GenericWrappers.takeSnap(GenericWrappers.java:613)
	at utils.Reporter.reportStep(Reporter.java:20)
	at wrappers.GenericWrappers.takeSnap(GenericWrappers.java:613)
	at utils.Reporter.reportStep(Reporter.java:20)
	at wrappers.GenericWrappers.takeSnap(GenericWrappers.java:613)
	at utils.Reporter.reportStep(Reporter.java:20)
	at wrappers.GenericWrappers.takeSnap(GenericWrappers.java:613)
	at utils.Reporter.reportStep(Reporter.java:20)
	at wrappers.GenericWrappers.takeSnap(GenericWrappers.java:613)
	at utils.Reporter.reportStep(Reporter.java:20)
	at wrappers.GenericWrappers.takeSnap(GenericWrappers.java:613)
	at utils.Reporter.reportStep(Reporter.java:20)
	at wrappers.GenericWrappers.takeSnap(GenericWrappers.java:613)
	at utils.Reporter.reportStep(Reporter.java:20)
	at wrappers.GenericWrappers.takeSnap(GenericWrappers.java:613)
	at utils.Reporter.reportStep(Reporter.java:20)
	at wrappers.GenericWrappers.takeSnap(GenericWrappers.java:613)
	at utils.Reporter.reportStep(Reporter.java:20)
	at wrappers.GenericWrappers.takeSnap(GenericWrappers.java:613)
	at utils.Reporter.reportStep(Reporter.java:20)
	at wrappers.GenericWrappers.takeSnap(GenericWrappers.java:613)
	at utils.Reporter.reportStep(Reporter.java:20)
	at wrappers.GenericWrappers.takeSnap(GenericWrappers.java:613)
	at utils.Reporter.reportStep(Reporter.java:20)
	at wrappers.GenericWrappers.takeSnap(GenericWrappers.java:613)
	at utils.Reporter.reportStep(Reporter.java:20)
	at wrappers.GenericWrappers.takeSnap(GenericWrappers.java:613)
	at utils.Reporter.reportStep(Reporter.java:20)
	at wrappers.GenericWrappers.takeSnap(GenericWrappers.java:613)
	at utils.Reporter.reportStep(Reporter.java:20)
	at wrappers.GenericWrappers.takeSnap(GenericWrappers.java:613)
	at utils.Reporter.reportStep(Reporter.java:20)
	at wrappers.GenericWrappers.takeSnap(GenericWrappers.java:613)
	at utils.Reporter.reportStep(Reporter.java:20)
	at wrappers.GenericWrappers.takeSnap(GenericWrappers.java:613)
	at utils.Reporter.reportStep(Reporter.java:20)
	at wrappers.GenericWrappers.takeSnap(GenericWrappers.java:613)
	at utils.Reporter.reportStep(Reporter.java:20)
	at wrappers.GenericWrappers.takeSnap(GenericWrappers.java:613)
	at utils.Reporter.reportStep(Reporter.java:20)
	at wrappers.GenericWrappers.takeSnap(GenericWrappers.java:613)
	at utils.Reporter.reportStep(Reporter.java:20)
	at wrappers.GenericWrappers.takeSnap(GenericWrappers.java:613)
	at utils.Reporter.reportStep(Reporter.java:20)
	at wrappers.GenericWrappers.takeSnap(GenericWrappers.java:613)
	at utils.Reporter.reportStep(Reporter.java:20)
	at wrappers.GenericWrappers.takeSnap(GenericWrappers.java:613)
	at utils.Reporter.reportStep(Reporter.java:20)
	at wrappers.GenericWrappers.takeSnap(GenericWrappers.java:613)
	at utils.Reporter.reportStep(Reporter.java:20)
	at wrappers.GenericWrappers.takeSnap(GenericWrappers.java:613)
	at utils.Reporter.reportStep(Reporter.java:20)
	at wrappers.GenericWrappers.takeSnap(GenericWrappers.java:613)
	at utils.Reporter.reportStep(Reporter.java:20)
	at wrappers.GenericWrappers.takeSnap(GenericWrappers.java:613)
	at utils.Reporter.reportStep(Reporter.java:20)
	at wrappers.GenericWrappers.takeSnap(GenericWrappers.java:613)
	at utils.Reporter.reportStep(Reporter.java:20)
	at wrappers.GenericWrappers.takeSnap(GenericWrappers.java:613)
	at utils.Reporter.reportStep(Reporter.java:20)
	at wrappers.GenericWrappers.takeSnap(GenericWrappers.java:613)
	at utils.Reporter.reportStep(Reporter.java:20)
	at wrappers.GenericWrappers.takeSnap(GenericWrappers.java:613)
	at utils.Reporter.reportStep(Reporter.java:20)
	at wrappers.GenericWrappers.takeSnap(GenericWrappers.java:613)
	at utils.Reporter.reportStep(Reporter.java:20)
	at wrappers.GenericWrappers.takeSnap(GenericWrappers.java:613)
	at utils.Reporter.reportStep(Reporter.java:20)
	at wrappers.GenericWrappers.takeSnap(GenericWrappers.java:613)
	at utils.Reporter.reportStep(Reporter.java:20)
	at wrappers.GenericWrappers.takeSnap(GenericWrappers.java:613)
	at utils.Reporter.reportStep(Reporter.java:20)
	at wrappers.GenericWrappers.takeSnap(GenericWrappers.java:613)
	at utils.Reporter.reportStep(Reporter.java:20)
	at wrappers.GenericWrappers.takeSnap(GenericWrappers.java:613)
	at utils.Reporter.reportStep(Reporter.java:20)
	at wrappers.GenericWrappers.takeSnap(GenericWrappers.java:613)
	at utils.Reporter.reportStep(Reporter.java:20)
	at wrappers.GenericWrappers.takeSnap(GenericWrappers.java:613)
	at utils.Reporter.reportStep(Reporter.java:20)
	at wrappers.GenericWrappers.takeSnap(GenericWrappers.java:613)
	at utils.Reporter.reportStep(Reporter.java:20)
	at wrappers.GenericWrappers.takeSnap(GenericWrappers.java:613)
	at utils.Reporter.reportStep(Reporter.java:20)
	at wrappers.GenericWrappers.takeSnap(GenericWrappers.java:613)
	at utils.Reporter.reportStep(Reporter.java:20)
	at wrappers.GenericWrappers.takeSnap(GenericWrappers.java:613)
	at utils.Reporter.reportStep(Reporter.java:20)
	at wrappers.GenericWrappers.takeSnap(GenericWrappers.java:613)
	at utils.Reporter.reportStep(Reporter.java:20)
	at wrappers.GenericWrappers.takeSnap(GenericWrappers.java:613)
	at utils.Reporter.reportStep(Reporter.java:20)
	at wrappers.GenericWrappers.takeSnap(GenericWrappers.java:613)
	at utils.Reporter.reportStep(Reporter.java:20)
	at wrappers.GenericWrappers.takeSnap(GenericWrappers.java:613)
	at utils.Reporter.reportStep(Reporter.java:20)
	at wrappers.GenericWrappers.takeSnap(GenericWrappers.java:613)
	at utils.Reporter.reportStep(Reporter.java:20)
	at wrappers.GenericWrappers.takeSnap(GenericWrappers.java:613)
	at utils.Reporter.reportStep(Reporter.java:20)
	at wrappers.GenericWrappers.takeSnap(GenericWrappers.java:613)
	at utils.Reporter.reportStep(Reporter.java:20)
	at wrappers.GenericWrappers.takeSnap(GenericWrappers.java:613)
	at utils.Reporter.reportStep(Reporter.java:20)
	at wrappers.GenericWrappers.takeSnap(GenericWrappers.java:613)
	at utils.Reporter.reportStep(Reporter.java:20)
	at wrappers.GenericWrappers.takeSnap(GenericWrappers.java:613)
	at utils.Reporter.reportStep(Reporter.java:20)
	at wrappers.GenericWrappers.takeSnap(GenericWrappers.java:613)
	at utils.Reporter.reportStep(Reporter.java:20)
	at wrappers.GenericWrappers.takeSnap(GenericWrappers.java:613)
	at utils.Reporter.reportStep(Reporter.java:20)
	at wrappers.GenericWrappers.takeSnap(GenericWrappers.java:613)
	at utils.Reporter.reportStep(Reporter.java:20)
	at wrappers.GenericWrappers.takeSnap(GenericWrappers.java:613)
	at utils.Reporter.reportStep(Reporter.java:20)
	at wrappers.GenericWrappers.takeSnap(GenericWrappers.java:613)
	at utils.Reporter.reportStep(Reporter.java:20)
	at wrappers.GenericWrappers.takeSnap(GenericWrappers.java:613)
	at utils.Reporter.reportStep(Reporter.java:20)
	at wrappers.GenericWrappers.takeSnap(GenericWrappers.java:613)
	at utils.Reporter.reportStep(Reporter.java:20)
	at wrappers.GenericWrappers.takeSnap(GenericWrappers.java:613)
	at utils.Reporter.reportStep(Reporter.java:20)
	at wrappers.GenericWrappers.takeSnap(GenericWrappers.java:613)
	at utils.Reporter.reportStep(Reporter.java:20)
	at wrappers.GenericWrappers.takeSnap(GenericWrappers.java:613)
	at utils.Reporter.reportStep(Reporter.java:20)
	at wrappers.GenericWrappers.takeSnap(GenericWrappers.java:613)
	at utils.Reporter.reportStep(Reporter.java:20)
	at wrappers.GenericWrappers.takeSnap(GenericWrappers.java:613)
	at utils.Reporter.reportStep(Reporter.java:20)
	at wrappers.GenericWrappers.takeSnap(GenericWrappers.java:613)
	at utils.Reporter.reportStep(Reporter.java:20)
	at wrappers.GenericWrappers.takeSnap(GenericWrappers.java:613)
	at utils.Reporter.reportStep(Reporter.java:20)
	at wrappers.GenericWrappers.takeSnap(GenericWrappers.java:613)
	at utils.Reporter.reportStep(Reporter.java:20)
	at wrappers.GenericWrappers.takeSnap(GenericWrappers.java:613)
	at utils.Reporter.reportStep(Reporter.java:20)
	at wrappers.GenericWrappers.takeSnap(GenericWrappers.java:613)
	at utils.Reporter.reportStep(Reporter.java:20)
	at wrappers.GenericWrappers.takeSnap(GenericWrappers.java:613)
	at utils.Reporter.reportStep(Reporter.java:20)
	at wrappers.GenericWrappers.takeSnap(GenericWrappers.java:613)
	at utils.Reporter.reportStep(Reporter.java:20)
	at wrappers.GenericWrappers.takeSnap(GenericWrappers.java:613)
	at utils.Reporter.reportStep(Reporter.java:20)
	at wrappers.GenericWrappers.takeSnap(GenericWrappers.java:613)
	at utils.Reporter.reportStep(Reporter.java:20)
	at wrappers.GenericWrappers.takeSnap(GenericWrappers.java:613)
	at utils.Reporter.reportStep(Reporter.java:20)
	at wrappers.GenericWrappers.takeSnap(GenericWrappers.java:613)
	at utils.Reporter.reportStep(Reporter.java:20)
	at wrappers.GenericWrappers.takeSnap(GenericWrappers.java:613)
	at utils.Reporter.reportStep(Reporter.java:20)
	at wrappers.GenericWrappers.takeSnap(GenericWrappers.java:613)
	at utils.Reporter.reportStep(Reporter.java:20)
	at wrappers.GenericWrappers.takeSnap(GenericWrappers.java:613)
	at utils.Reporter.reportStep(Reporter.java:20)
	at wrappers.GenericWrappers.takeSnap(GenericWrappers.java:613)
	at utils.Reporter.reportStep(Reporter.java:20)
	at wrappers.GenericWrappers.takeSnap(GenericWrappers.java:613)
	at utils.Reporter.reportStep(Reporter.java:20)
	at wrappers.GenericWrappers.takeSnap(GenericWrappers.java:613)
	at utils.Reporter.reportStep(Reporter.java:20)
	at wrappers.GenericWrappers.takeSnap(GenericWrappers.java:613)
	at utils.Reporter.reportStep(Reporter.java:20)
	at wrappers.GenericWrappers.takeSnap(GenericWrappers.java:613)
	at utils.Reporter.reportStep(Reporter.java:20)
	at wrappers.GenericWrappers.takeSnap(GenericWrappers.java:613)
	at utils.Reporter.reportStep(Reporter.java:20)
	at wrappers.GenericWrappers.takeSnap(GenericWrappers.java:613)
	at utils.Reporter.reportStep(Reporter.java:20)
	at wrappers.GenericWrappers.takeSnap(GenericWrappers.java:613)
	at utils.Reporter.reportStep(Reporter.java:20)
	at wrappers.GenericWrappers.takeSnap(GenericWrappers.java:613)
	at utils.Reporter.reportStep(Reporter.java:20)
	at wrappers.GenericWrappers.takeSnap(GenericWrappers.java:613)
	at utils.Reporter.reportStep(Reporter.java:20)
	at wrappers.GenericWrappers.takeSnap(GenericWrappers.java:613)
	at utils.Reporter.reportStep(Reporter.java:20)
	at wrappers.GenericWrappers.takeSnap(GenericWrappers.java:613)
	at utils.Reporter.reportStep(Reporter.java:20)
	at wrappers.GenericWrappers.takeSnap(GenericWrappers.java:613)
	at utils.Reporter.reportStep(Reporter.java:20)
	at wrappers.GenericWrappers.takeSnap(GenericWrappers.java:613)
	at utils.Reporter.reportStep(Reporter.java:20)
	at wrappers.GenericWrappers.takeSnap(GenericWrappers.java:613)
	at utils.Reporter.reportStep(Reporter.java:20)
	at wrappers.GenericWrappers.takeSnap(GenericWrappers.java:613)
	at utils.Reporter.reportStep(Reporter.java:20)
	at wrappers.GenericWrappers.takeSnap(GenericWrappers.java:613)
	at utils.Reporter.reportStep(Reporter.java:20)
	at wrappers.GenericWrappers.takeSnap(GenericWrappers.java:613)
	at utils.Reporter.reportStep(Reporter.java:20)
	at wrappers.GenericWrappers.takeSnap(GenericWrappers.java:613)
	at utils.Reporter.reportStep(Reporter.java:20)
	at wrappers.GenericWrappers.takeSnap(GenericWrappers.java:613)
	at utils.Reporter.reportStep(Reporter.java:20)
	at wrappers.GenericWrappers.takeSnap(GenericWrappers.java:613)
	at utils.Reporter.reportStep(Reporter.java:20)
	at wrappers.GenericWrappers.takeSnap(GenericWrappers.java:613)
	at utils.Reporter.reportStep(Reporter.java:20)
	at wrappers.GenericWrappers.takeSnap(GenericWrappers.java:613)
	at utils.Reporter.reportStep(Reporter.java:20)
	at wrappers.GenericWrappers.takeSnap(GenericWrappers.java:613)
	at utils.Reporter.reportStep(Reporter.java:20)
	at wrappers.GenericWrappers.takeSnap(GenericWrappers.java:613)
	at utils.Reporter.reportStep(Reporter.java:20)
	at wrappers.GenericWrappers.takeSnap(GenericWrappers.java:613)
	at utils.Reporter.reportStep(Reporter.java:20)
	at wrappers.GenericWrappers.takeSnap(GenericWrappers.java:613)
	at utils.Reporter.reportStep(Reporter.java:20)
	at wrappers.GenericWrappers.takeSnap(GenericWrappers.java:613)
	at utils.Reporter.reportStep(Reporter.java:20)
	at wrappers.GenericWrappers.takeSnap(GenericWrappers.java:613)
	at utils.Reporter.reportStep(Reporter.java:20)
	at wrappers.GenericWrappers.takeSnap(GenericWrappers.java:613)
	at utils.Reporter.reportStep(Reporter.java:20)
	at wrappers.GenericWrappers.takeSnap(GenericWrappers.java:613)
	at utils.Reporter.reportStep(Reporter.java:20)
	at wrappers.GenericWrappers.takeSnap(GenericWrappers.java:613)
	at utils.Reporter.reportStep(Reporter.java:20)
	at wrappers.GenericWrappers.takeSnap(GenericWrappers.java:613)
	at utils.Reporter.reportStep(Reporter.java:20)
	at wrappers.GenericWrappers.takeSnap(GenericWrappers.java:613)
	at utils.Reporter.reportStep(Reporter.java:20)
	at wrappers.GenericWrappers.takeSnap(GenericWrappers.java:613)
	at utils.Reporter.reportStep(Reporter.java:20)
	at wrappers.GenericWrappers.takeSnap(GenericWrappers.java:613)
	at utils.Reporter.reportStep(Reporter.java:20)
	at wrappers.GenericWrappers.takeSnap(GenericWrappers.java:613)
	at utils.Reporter.reportStep(Reporter.java:20)
	at wrappers.GenericWrappers.takeSnap(GenericWrappers.java:613)
	at utils.Reporter.reportStep(Reporter.java:20)
	at wrappers.GenericWrappers.takeSnap(GenericWrappers.java:613)
	at utils.Reporter.reportStep(Reporter.java:20)
	at wrappers.GenericWrappers.takeSnap(GenericWrappers.java:613)
	at utils.Reporter.reportStep(Reporter.java:20)
	at wrappers.GenericWrappers.takeSnap(GenericWrappers.java:613)
	at utils.Reporter.reportStep(Reporter.java:20)
	at wrappers.GenericWrappers.takeSnap(GenericWrappers.java:613)
	at utils.Reporter.reportStep(Reporter.java:20)
	at wrappers.GenericWrappers.takeSnap(GenericWrappers.java:613)
	at utils.Reporter.reportStep(Reporter.java:20)
	at wrappers.GenericWrappers.takeSnap(GenericWrappers.java:613)
	at utils.Reporter.reportStep(Reporter.java:20)
	at wrappers.GenericWrappers.takeSnap(GenericWrappers.java:613)
	at utils.Reporter.reportStep(Reporter.java:20)
	at wrappers.GenericWrappers.takeSnap(GenericWrappers.java:613)
	at utils.Reporter.reportStep(Reporter.java:20)
	at wrappers.GenericWrappers.takeSnap(GenericWrappers.java:613)
	at utils.Reporter.reportStep(Reporter.java:20)
	at wrappers.GenericWrappers.takeSnap(GenericWrappers.java:613)
	at utils.Reporter.reportStep(Reporter.java:20)
	at wrappers.GenericWrappers.takeSnap(GenericWrappers.java:613)
	at utils.Reporter.reportStep(Reporter.java:20)
	at wrappers.GenericWrappers.takeSnap(GenericWrappers.java:613)
	at utils.Reporter.reportStep(Reporter.java:20)
	at wrappers.GenericWrappers.takeSnap(GenericWrappers.java:613)
	at utils.Reporter.reportStep(Reporter.java:20)
	at wrappers.GenericWrappers.takeSnap(GenericWrappers.java:613)
	at utils.Reporter.reportStep(Reporter.java:20)
	at wrappers.GenericWrappers.takeSnap(GenericWrappers.java:613)
	at utils.Reporter.reportStep(Reporter.java:20)
	at wrappers.GenericWrappers.takeSnap(GenericWrappers.java:613)
	at utils.Reporter.reportStep(Reporter.java:20)
	at wrappers.GenericWrappers.takeSnap(GenericWrappers.java:613)
	at utils.Reporter.reportStep(Reporter.java:20)
	at wrappers.GenericWrappers.takeSnap(GenericWrappers.java:613)
	at utils.Reporter.reportStep(Reporter.java:20)
	at wrappers.GenericWrappers.takeSnap(GenericWrappers.java:613)
	at utils.Reporter.reportStep(Reporter.java:20)
	at wrappers.GenericWrappers.takeSnap(GenericWrappers.java:613)
	at utils.Reporter.reportStep(Reporter.java:20)
	at wrappers.GenericWrappers.takeSnap(GenericWrappers.java:613)
	at utils.Reporter.reportStep(Reporter.java:20)
	at wrappers.GenericWrappers.takeSnap(GenericWrappers.java:613)
	at utils.Reporter.reportStep(Reporter.java:20)
	at wrappers.GenericWrappers.takeSnap(GenericWrappers.java:613)
	at utils.Reporter.reportStep(Reporter.java:20)
	at wrappers.GenericWrappers.takeSnap(GenericWrappers.java:613)
	at utils.Reporter.reportStep(Reporter.java:20)
	at wrappers.GenericWrappers.takeSnap(GenericWrappers.java:613)
	at utils.Reporter.reportStep(Reporter.java:20)
	at wrappers.GenericWrappers.takeSnap(GenericWrappers.java:613)
	at utils.Reporter.reportStep(Reporter.java:20)
	at wrappers.GenericWrappers.takeSnap(GenericWrappers.java:613)
	at utils.Reporter.reportStep(Reporter.java:20)
	at wrappers.GenericWrappers.takeSnap(GenericWrappers.java:613)
	at utils.Reporter.reportStep(Reporter.java:20)
	at wrappers.GenericWrappers.takeSnap(GenericWrappers.java:613)
	at utils.Reporter.reportStep(Reporter.java:20)
	at wrappers.GenericWrappers.takeSnap(GenericWrappers.java:613)
	at utils.Reporter.reportStep(Reporter.java:20)
	at wrappers.GenericWrappers.takeSnap(GenericWrappers.java:613)
	at utils.Reporter.reportStep(Reporter.java:20)
	at wrappers.GenericWrappers.takeSnap(GenericWrappers.java:613)
	at utils.Reporter.reportStep(Reporter.java:20)
	at wrappers.GenericWrappers.takeSnap(GenericWrappers.java:613)
	at utils.Reporter.reportStep(Reporter.java:20)
	at wrappers.GenericWrappers.takeSnap(GenericWrappers.java:613)
	at utils.Reporter.reportStep(Reporter.java:20)
	at wrappers.GenericWrappers.takeSnap(GenericWrappers.java:613)
	at utils.Reporter.reportStep(Reporter.java:20)
	at wrappers.GenericWrappers.takeSnap(GenericWrappers.java:613)
	at utils.Reporter.reportStep(Reporter.java:20)
	at wrappers.GenericWrappers.takeSnap(GenericWrappers.java:613)
	at utils.Reporter.reportStep(Reporter.java:20)
	at wrappers.GenericWrappers.takeSnap(GenericWrappers.java:613)
	at utils.Reporter.reportStep(Reporter.java:20)
	at wrappers.GenericWrappers.takeSnap(GenericWrappers.java:613)
	at utils.Reporter.reportStep(Reporter.java:20)
	at wrappers.GenericWrappers.takeSnap(GenericWrappers.java:613)
	at utils.Reporter.reportStep(Reporter.java:20)
	at wrappers.GenericWrappers.takeSnap(GenericWrappers.java:613)
	at utils.Reporter.reportStep(Reporter.java:20)
	at wrappers.GenericWrappers.takeSnap(GenericWrappers.java:613)
	at utils.Reporter.reportStep(Reporter.java:20)
	at wrappers.GenericWrappers.takeSnap(GenericWrappers.java:613)
	at utils.Reporter.reportStep(Reporter.java:20)
	at wrappers.GenericWrappers.takeSnap(GenericWrappers.java:613)
	at utils.Reporter.reportStep(Reporter.java:20)
	at wrappers.GenericWrappers.takeSnap(GenericWrappers.java:613)
	at utils.Reporter.reportStep(Reporter.java:20)
	at wrappers.GenericWrappers.takeSnap(GenericWrappers.java:613)
	at utils.Reporter.reportStep(Reporter.java:20)
	at wrappers.GenericWrappers.takeSnap(GenericWrappers.java:613)
	at utils.Reporter.reportStep(Reporter.java:20)
	at wrappers.GenericWrappers.takeSnap(GenericWrappers.java:613)
	at utils.Reporter.reportStep(Reporter.java:20)
	at wrappers.GenericWrappers.takeSnap(GenericWrappers.java:613)
	at utils.Reporter.reportStep(Reporter.java:20)
	at wrappers.GenericWrappers.takeSnap(GenericWrappers.java:613)
	at utils.Reporter.reportStep(Reporter.java:20)
	at wrappers.GenericWrappers.takeSnap(GenericWrappers.java:613)
	at utils.Reporter.reportStep(Reporter.java:20)
	at wrappers.GenericWrappers.takeSnap(GenericWrappers.java:613)
	at utils.Reporter.reportStep(Reporter.java:20)
	at wrappers.GenericWrappers.takeSnap(GenericWrappers.java:613)
	at utils.Reporter.reportStep(Reporter.java:20)
	at wrappers.GenericWrappers.takeSnap(GenericWrappers.java:613)
	at utils.Reporter.reportStep(Reporter.java:20)
	at wrappers.GenericWrappers.takeSnap(GenericWrappers.java:613)
	at utils.Reporter.reportStep(Reporter.java:20)
	at wrappers.GenericWrappers.takeSnap(GenericWrappers.java:613)
	at utils.Reporter.reportStep(Reporter.java:20)
	at wrappers.GenericWrappers.takeSnap(GenericWrappers.java:613)
	at utils.Reporter.reportStep(Reporter.java:20)
	at wrappers.GenericWrappers.takeSnap(GenericWrappers.java:613)
	at utils.Reporter.reportStep(Reporter.java:20)
	at wrappers.GenericWrappers.takeSnap(GenericWrappers.java:613)
	at utils.Reporter.reportStep(Reporter.java:20)
	at wrappers.GenericWrappers.takeSnap(GenericWrappers.java:613)
	at utils.Reporter.reportStep(Reporter.java:20)
	at wrappers.GenericWrappers.takeSnap(GenericWrappers.java:613)
	at utils.Reporter.reportStep(Reporter.java:20)
	at wrappers.GenericWrappers.takeSnap(GenericWrappers.java:613)
	at utils.Reporter.reportStep(Reporter.java:20)
	at wrappers.GenericWrappers.takeSnap(GenericWrappers.java:613)
	at utils.Reporter.reportStep(Reporter.java:20)
	at wrappers.GenericWrappers.takeSnap(GenericWrappers.java:613)
	at utils.Reporter.reportStep(Reporter.java:20)
	at wrappers.GenericWrappers.takeSnap(GenericWrappers.java:613)
	at utils.Reporter.reportStep(Reporter.java:20)
	at wrappers.GenericWrappers.takeSnap(GenericWrappers.java:613)
	at utils.Reporter.reportStep(Reporter.java:20)
	at wrappers.GenericWrappers.takeSnap(GenericWrappers.java:613)
	at utils.Reporter.reportStep(Reporter.java:20)
	at wrappers.GenericWrappers.takeSnap(GenericWrappers.java:613)
	at utils.Reporter.reportStep(Reporter.java:20)
	at wrappers.GenericWrappers.takeSnap(GenericWrappers.java:613)
	at utils.Reporter.reportStep(Reporter.java:20)
	at wrappers.GenericWrappers.takeSnap(GenericWrappers.java:613)
	at utils.Reporter.reportStep(Reporter.java:20)
	at wrappers.GenericWrappers.takeSnap(GenericWrappers.java:613)
	at utils.Reporter.reportStep(Reporter.java:20)
	at wrappers.GenericWrappers.takeSnap(GenericWrappers.java:613)
	at utils.Reporter.reportStep(Reporter.java:20)
	at wrappers.GenericWrappers.takeSnap(GenericWrappers.java:613)
	at utils.Reporter.reportStep(Reporter.java:20)
	at wrappers.GenericWrappers.takeSnap(GenericWrappers.java:613)
	at utils.Reporter.reportStep(Reporter.java:20)
	at wrappers.GenericWrappers.takeSnap(GenericWrappers.java:613)
	at utils.Reporter.reportStep(Reporter.java:20)
	at wrappers.GenericWrappers.takeSnap(GenericWrappers.java:613)
	at utils.Reporter.reportStep(Reporter.java:20)
	at wrappers.GenericWrappers.takeSnap(GenericWrappers.java:613)
	at utils.Reporter.reportStep(Reporter.java:20)
	at wrappers.GenericWrappers.takeSnap(GenericWrappers.java:613)
	at utils.Reporter.reportStep(Reporter.java:20)
	at wrappers.GenericWrappers.takeSnap(GenericWrappers.java:613)
	at utils.Reporter.reportStep(Reporter.java:20)
	at wrappers.GenericWrappers.takeSnap(GenericWrappers.java:613)
	at utils.Reporter.reportStep(Reporter.java:20)
	at wrappers.GenericWrappers.takeSnap(GenericWrappers.java:613)
	at utils.Reporter.reportStep(Reporter.java:20)
	at wrappers.GenericWrappers.takeSnap(GenericWrappers.java:613)
	at utils.Reporter.reportStep(Reporter.java:20)
	at wrappers.GenericWrappers.takeSnap(GenericWrappers.java:613)
	at utils.Reporter.reportStep(Reporter.java:20)
	at wrappers.GenericWrappers.takeSnap(GenericWrappers.java:613)
	at utils.Reporter.reportStep(Reporter.java:20)
	at wrappers.GenericWrappers.takeSnap(GenericWrappers.java:613)
	at utils.Reporter.reportStep(Reporter.java:20)
	at wrappers.GenericWrappers.takeSnap(GenericWrappers.java:613)
	at utils.Reporter.reportStep(Reporter.java:20)
	at wrappers.GenericWrappers.takeSnap(GenericWrappers.java:613)
	at utils.Reporter.reportStep(Reporter.java:20)
	at wrappers.GenericWrappers.takeSnap(GenericWrappers.java:613)
	at utils.Reporter.reportStep(Reporter.java:20)
	at wrappers.GenericWrappers.takeSnap(GenericWrappers.java:613)
	at utils.Reporter.reportStep(Reporter.java:20)
	at wrappers.GenericWrappers.takeSnap(GenericWrappers.java:613)
	at utils.Reporter.reportStep(Reporter.java:20)
	at wrappers.GenericWrappers.takeSnap(GenericWrappers.java:613)
	at utils.Reporter.reportStep(Reporter.java:20)
	at wrappers.GenericWrappers.takeSnap(GenericWrappers.java:613)
	at utils.Reporter.reportStep(Reporter.java:20)
	at wrappers.GenericWrappers.takeSnap(GenericWrappers.java:613)
	at utils.Reporter.reportStep(Reporter.java:20)
	at wrappers.GenericWrappers.takeSnap(GenericWrappers.java:613)
	at utils.Reporter.reportStep(Reporter.java:20)
	at wrappers.GenericWrappers.takeSnap(GenericWrappers.java:613)
	at utils.Reporter.reportStep(Reporter.java:20)
	at wrappers.GenericWrappers.takeSnap(GenericWrappers.java:613)
	at utils.Reporter.reportStep(Reporter.java:20)
	at wrappers.GenericWrappers.takeSnap(GenericWrappers.java:613)
	at utils.Reporter.reportStep(Reporter.java:20)
	at wrappers.GenericWrappers.takeSnap(GenericWrappers.java:613)
	at utils.Reporter.reportStep(Reporter.java:20)
	at wrappers.GenericWrappers.takeSnap(GenericWrappers.java:613)
	at utils.Reporter.reportStep(Reporter.java:20)
	at wrappers.GenericWrappers.takeSnap(GenericWrappers.java:613)
	at utils.Reporter.reportStep(Reporter.java:20)
	at wrappers.GenericWrappers.takeSnap(GenericWrappers.java:613)
	at utils.Reporter.reportStep(Reporter.java:20)
	at wrappers.GenericWrappers.takeSnap(GenericWrappers.java:613)
	at utils.Reporter.reportStep(Reporter.java:20)
	at wrappers.GenericWrappers.takeSnap(GenericWrappers.java:613)
	at utils.Reporter.reportStep(Reporter.java:20)
	at wrappers.GenericWrappers.takeSnap(GenericWrappers.java:613)
	at utils.Reporter.reportStep(Reporter.java:20)
	at wrappers.GenericWrappers.takeSnap(GenericWrappers.java:613)
	at utils.Reporter.reportStep(Reporter.java:20)
	at wrappers.GenericWrappers.takeSnap(GenericWrappers.java:613)
	at utils.Reporter.reportStep(Reporter.java:20)
	at wrappers.GenericWrappers.takeSnap(GenericWrappers.java:613)
	at utils.Reporter.reportStep(Reporter.java:20)
	at wrappers.GenericWrappers.takeSnap(GenericWrappers.java:613)
	at utils.Reporter.reportStep(Reporter.java:20)
	at wrappers.GenericWrappers.takeSnap(GenericWrappers.java:613)
	at utils.Reporter.reportStep(Reporter.java:20)
	at wrappers.GenericWrappers.takeSnap(GenericWrappers.java:613)
	at utils.Reporter.reportStep(Reporter.java:20)
	at wrappers.GenericWrappers.takeSnap(GenericWrappers.java:613)
	at utils.Reporter.reportStep(Reporter.java:20)
	at wrappers.GenericWrappers.takeSnap(GenericWrappers.java:613)
	at utils.Reporter.reportStep(Reporter.java:20)
	at wrappers.GenericWrappers.takeSnap(GenericWrappers.java:613)
	at utils.Reporter.reportStep(Reporter.java:20)
	at wrappers.GenericWrappers.takeSnap(GenericWrappers.java:613)
	at utils.Reporter.reportStep(Reporter.java:20)
	at wrappers.GenericWrappers.takeSnap(GenericWrappers.java:613)
	at utils.Reporter.reportStep(Reporter.java:20)
	at wrappers.GenericWrappers.takeSnap(GenericWrappers.java:613)
	at utils.Reporter.reportStep(Reporter.java:20)
	at wrappers.GenericWrappers.takeSnap(GenericWrappers.java:613)
	at utils.Reporter.reportStep(Reporter.java:20)
	at wrappers.GenericWrappers.takeSnap(GenericWrappers.java:613)
	at utils.Reporter.reportStep(Reporter.java:20)
	at wrappers.GenericWrappers.takeSnap(GenericWrappers.java:613)
	at utils.Reporter.reportStep(Reporter.java:20)
	at wrappers.GenericWrappers.takeSnap(GenericWrappers.java:613)
	at utils.Reporter.reportStep(Reporter.java:20)
	at wrappers.GenericWrappers.takeSnap(GenericWrappers.java:613)
	at utils.Reporter.reportStep(Reporter.java:20)
	at wrappers.GenericWrappers.takeSnap(GenericWrappers.java:613)
	at utils.Reporter.reportStep(Reporter.java:20)
	at wrappers.GenericWrappers.takeSnap(GenericWrappers.java:613)
	at utils.Reporter.reportStep(Reporter.java:20)
	at wrappers.GenericWrappers.takeSnap(GenericWrappers.java:613)
	at utils.Reporter.reportStep(Reporter.java:20)
	at wrappers.GenericWrappers.takeSnap(GenericWrappers.java:613)
	at utils.Reporter.reportStep(Reporter.java:20)
	at wrappers.GenericWrappers.takeSnap(GenericWrappers.java:613)
	at utils.Reporter.reportStep(Reporter.java:20)
	at wrappers.GenericWrappers.takeSnap(GenericWrappers.java:613)
	at utils.Reporter.reportStep(Reporter.java:20)
	at wrappers.GenericWrappers.takeSnap(GenericWrappers.java:613)
	at utils.Reporter.reportStep(Reporter.java:20)
	at wrappers.GenericWrappers.takeSnap(GenericWrappers.java:613)
	at utils.Reporter.reportStep(Reporter.java:20)
	at wrappers.GenericWrappers.takeSnap(GenericWrappers.java:613)
	at utils.Reporter.reportStep(Reporter.java:20)
	at wrappers.GenericWrappers.takeSnap(GenericWrappers.java:613)
	at utils.Reporter.reportStep(Reporter.java:20)
	at wrappers.GenericWrappers.takeSnap(GenericWrappers.java:613)
	at utils.Reporter.reportStep(Reporter.java:20)
	at wrappers.GenericWrappers.takeSnap(GenericWrappers.java:613)
	at utils.Reporter.reportStep(Reporter.java:20)
	at wrappers.GenericWrappers.takeSnap(GenericWrappers.java:613)
	at utils.Reporter.reportStep(Reporter.java:20)
	at wrappers.GenericWrappers.takeSnap(GenericWrappers.java:613)
	at utils.Reporter.reportStep(Reporter.java:20)
	at wrappers.GenericWrappers.takeSnap(GenericWrappers.java:613)
	at utils.Reporter.reportStep(Reporter.java:20)
	at wrappers.GenericWrappers.takeSnap(GenericWrappers.java:613)
	at utils.Reporter.reportStep(Reporter.java:20)
	at wrappers.GenericWrappers.takeSnap(GenericWrappers.java:613)
	at utils.Reporter.reportStep(Reporter.java:20)
	at wrappers.GenericWrappers.takeSnap(GenericWrappers.java:613)
	at utils.Reporter.reportStep(Reporter.java:20)
	at wrappers.GenericWrappers.takeSnap(GenericWrappers.java:613)
	at utils.Reporter.reportStep(Reporter.java:20)
	at wrappers.GenericWrappers.takeSnap(GenericWrappers.java:613)
	at utils.Reporter.reportStep(Reporter.java:20)
	at wrappers.GenericWrappers.takeSnap(GenericWrappers.java:613)
	at utils.Reporter.reportStep(Reporter.java:20)
	at wrappers.GenericWrappers.takeSnap(GenericWrappers.java:613)
	at utils.Reporter.reportStep(Reporter.java:20)
	at wrappers.GenericWrappers.takeSnap(GenericWrappers.java:613)
	at utils.Reporter.reportStep(Reporter.java:20)
	at wrappers.GenericWrappers.takeSnap(GenericWrappers.java:613)
	at utils.Reporter.reportStep(Reporter.java:20)
	at wrappers.GenericWrappers.takeSnap(GenericWrappers.java:613)
	at utils.Reporter.reportStep(Reporter.java:20)
	at wrappers.GenericWrappers.takeSnap(GenericWrappers.java:613)
	at utils.Reporter.reportStep(Reporter.java:20)
	at wrappers.GenericWrappers.takeSnap(GenericWrappers.java:613)
	at utils.Reporter.reportStep(Reporter.java:20)
	at wrappers.GenericWrappers.takeSnap(GenericWrappers.java:613)
	at utils.Reporter.reportStep(Reporter.java:20)
	at wrappers.GenericWrappers.takeSnap(GenericWrappers.java:613)
	at utils.Reporter.reportStep(Reporter.java:20)
	at wrappers.GenericWrappers.takeSnap(GenericWrappers.java:613)
	at utils.Reporter.reportStep(Reporter.java:20)
	at wrappers.GenericWrappers.takeSnap(GenericWrappers.java:613)
	at utils.Reporter.reportStep(Reporter.java:20)
	at wrappers.GenericWrappers.takeSnap(GenericWrappers.java:613)
	at utils.Reporter.reportStep(Reporter.java:20)
	at wrappers.GenericWrappers.takeSnap(GenericWrappers.java:613)
	at utils.Reporter.reportStep(Reporter.java:20)
	at wrappers.GenericWrappers.takeSnap(GenericWrappers.java:613)
	at utils.Reporter.reportStep(Reporter.java:20)
	at wrappers.GenericWrappers.takeSnap(GenericWrappers.java:613)
	at utils.Reporter.reportStep(Reporter.java:20)
	at wrappers.GenericWrappers.takeSnap(GenericWrappers.java:613)
	at utils.Reporter.reportStep(Reporter.java:20)
	at wrappers.GenericWrappers.takeSnap(GenericWrappers.java:613)
	at utils.Reporter.reportStep(Reporter.java:20)
	at wrappers.GenericWrappers.takeSnap(GenericWrappers.java:613)
	at utils.Reporter.reportStep(Reporter.java:20)
	at wrappers.GenericWrappers.takeSnap(GenericWrappers.java:613)
	at utils.Reporter.reportStep(Reporter.java:20)
	at wrappers.GenericWrappers.takeSnap(GenericWrappers.java:613)
	at utils.Reporter.reportStep(Reporter.java:20)
	at wrappers.GenericWrappers.takeSnap(GenericWrappers.java:613)
	at utils.Reporter.reportStep(Reporter.java:20)
	at wrappers.GenericWrappers.takeSnap(GenericWrappers.java:613)
	at utils.Reporter.reportStep(Reporter.java:20)
	at wrappers.GenericWrappers.takeSnap(GenericWrappers.java:613)
	at utils.Reporter.reportStep(Reporter.java:20)
	at wrappers.GenericWrappers.takeSnap(GenericWrappers.java:613)
	at utils.Reporter.reportStep(Reporter.java:20)
	at wrappers.GenericWrappers.takeSnap(GenericWrappers.java:613)
	at utils.Reporter.reportStep(Reporter.java:20)
	at wrappers.GenericWrappers.takeSnap(GenericWrappers.java:613)
	at utils.Reporter.reportStep(Reporter.java:20)
	at wrappers.GenericWrappers.takeSnap(GenericWrappers.java:613)
	at utils.Reporter.reportStep(Reporter.java:20)
	at wrappers.GenericWrappers.takeSnap(GenericWrappers.java:613)
	at utils.Reporter.reportStep(Reporter.java:20)
	at wrappers.GenericWrappers.takeSnap(GenericWrappers.java:613)
	at utils.Reporter.reportStep(Reporter.java:20)
	at wrappers.GenericWrappers.takeSnap(GenericWrappers.java:613)
	at utils.Reporter.reportStep(Reporter.java:20)
	at wrappers.GenericWrappers.takeSnap(GenericWrappers.java:613)
	at utils.Reporter.reportStep(Reporter.java:20)
	at wrappers.GenericWrappers.takeSnap(GenericWrappers.java:613)
	at utils.Reporter.reportStep(Reporter.java:20)
	at wrappers.GenericWrappers.takeSnap(GenericWrappers.java:613)
	at utils.Reporter.reportStep(Reporter.java:20)
	at wrappers.GenericWrappers.takeSnap(GenericWrappers.java:613)
	at utils.Reporter.reportStep(Reporter.java:20)
	at wrappers.GenericWrappers.takeSnap(GenericWrappers.java:613)
	at utils.Reporter.reportStep(Reporter.java:20)
	at wrappers.GenericWrappers.takeSnap(GenericWrappers.java:613)
	at utils.Reporter.reportStep(Reporter.java:20)
	at wrappers.GenericWrappers.takeSnap(GenericWrappers.java:613)
	at utils.Reporter.reportStep(Reporter.java:20)
	at wrappers.GenericWrappers.takeSnap(GenericWrappers.java:613)
	at utils.Reporter.reportStep(Reporter.java:20)
	at wrappers.GenericWrappers.takeSnap(GenericWrappers.java:613)
	at utils.Reporter.reportStep(Reporter.java:20)
	at wrappers.GenericWrappers.takeSnap(GenericWrappers.java:613)
	at utils.Reporter.reportStep(Reporter.java:20)
	at wrappers.GenericWrappers.takeSnap(GenericWrappers.java:613)
	at utils.Reporter.reportStep(Reporter.java:20)
	at wrappers.GenericWrappers.takeSnap(GenericWrappers.java:613)
	at utils.Reporter.reportStep(Reporter.java:20)
	at wrappers.GenericWrappers.takeSnap(GenericWrappers.java:613)
	at utils.Reporter.reportStep(Reporter.java:20)
	at wrappers.GenericWrappers.takeSnap(GenericWrappers.java:613)
	at utils.Reporter.reportStep(Reporter.java:20)
	at wrappers.GenericWrappers.takeSnap(GenericWrappers.java:613)
	at utils.Reporter.reportStep(Reporter.java:20)
	at wrappers.GenericWrappers.takeSnap(GenericWrappers.java:613)
	at utils.Reporter.reportStep(Reporter.java:20)
	at wrappers.GenericWrappers.takeSnap(GenericWrappers.java:613)
	at utils.Reporter.reportStep(Reporter.java:20)
	at wrappers.GenericWrappers.takeSnap(GenericWrappers.java:613)
	at utils.Reporter.reportStep(Reporter.java:20)
	at wrappers.GenericWrappers.takeSnap(GenericWrappers.java:613)
	at utils.Reporter.reportStep(Reporter.java:20)
	at wrappers.GenericWrappers.takeSnap(GenericWrappers.java:613)
	at utils.Reporter.reportStep(Reporter.java:20)
	at wrappers.GenericWrappers.takeSnap(GenericWrappers.java:613)
	at utils.Reporter.reportStep(Reporter.java:20)
	at wrappers.GenericWrappers.takeSnap(GenericWrappers.java:613)
	at utils.Reporter.reportStep(Reporter.java:20)
	at wrappers.GenericWrappers.takeSnap(GenericWrappers.java:613)
	at utils.Reporter.reportStep(Reporter.java:20)
	at wrappers.GenericWrappers.takeSnap(GenericWrappers.java:613)
	at utils.Reporter.reportStep(Reporter.java:20)
	at wrappers.GenericWrappers.takeSnap(GenericWrappers.java:613)
	at utils.Reporter.reportStep(Reporter.java:20)
	at wrappers.GenericWrappers.takeSnap(GenericWrappers.java:613)
	at utils.Reporter.reportStep(Reporter.java:20)
	at wrappers.GenericWrappers.takeSnap(GenericWrappers.java:613)
	at utils.Reporter.reportStep(Reporter.java:20)
	at wrappers.GenericWrappers.takeSnap(GenericWrappers.java:613)
	at utils.Reporter.reportStep(Reporter.java:20)
	at wrappers.GenericWrappers.takeSnap(GenericWrappers.java:613)
	at utils.Reporter.reportStep(Reporter.java:20)
	at wrappers.GenericWrappers.takeSnap(GenericWrappers.java:613)
	at utils.Reporter.reportStep(Reporter.java:20)
	at wrappers.GenericWrappers.takeSnap(GenericWrappers.java:613)
	at utils.Reporter.reportStep(Reporter.java:20)
	at wrappers.GenericWrappers.takeSnap(GenericWrappers.java:613)
	at utils.Reporter.reportStep(Reporter.java:20)
	at wrappers.GenericWrappers.takeSnap(GenericWrappers.java:613)
	at utils.Reporter.reportStep(Reporter.java:20)
	at wrappers.GenericWrappers.takeSnap(GenericWrappers.java:613)
	at utils.Reporter.reportStep(Reporter.java:20)
	at wrappers.GenericWrappers.takeSnap(GenericWrappers.java:613)
	at utils.Reporter.reportStep(Reporter.java:20)
	at wrappers.GenericWrappers.takeSnap(GenericWrappers.java:613)
	at utils.Reporter.reportStep(Reporter.java:20)
	at wrappers.GenericWrappers.takeSnap(GenericWrappers.java:613)
	at utils.Reporter.reportStep(Reporter.java:20)
	at wrappers.GenericWrappers.takeSnap(GenericWrappers.java:613)
	at utils.Reporter.reportStep(Reporter.java:20)
	at wrappers.GenericWrappers.takeSnap(GenericWrappers.java:613)
	at utils.Reporter.reportStep(Reporter.java:20)
	at wrappers.GenericWrappers.takeSnap(GenericWrappers.java:613)
	at utils.Reporter.reportStep(Reporter.java:20)
	at wrappers.GenericWrappers.takeSnap(GenericWrappers.java:613)
	at utils.Reporter.reportStep(Reporter.java:20)
	at wrappers.GenericWrappers.takeSnap(GenericWrappers.java:613)
	at utils.Reporter.reportStep(Reporter.java:20)
	at wrappers.GenericWrappers.takeSnap(GenericWrappers.java:613)
	at utils.Reporter.reportStep(Reporter.java:20)
	at wrappers.GenericWrappers.takeSnap(GenericWrappers.java:613)
	at utils.Reporter.reportStep(Reporter.java:20)
	at wrappers.GenericWrappers.takeSnap(GenericWrappers.java:613)
	at utils.Reporter.reportStep(Reporter.java:20)
	at wrappers.GenericWrappers.takeSnap(GenericWrappers.java:613)
	at utils.Reporter.reportStep(Reporter.java:20)
	at wrappers.GenericWrappers.takeSnap(GenericWrappers.java:613)
	at utils.Reporter.reportStep(Reporter.java:20)
	at wrappers.GenericWrappers.takeSnap(GenericWrappers.java:613)
	at utils.Reporter.reportStep(Reporter.java:20)
	at wrappers.GenericWrappers.takeSnap(GenericWrappers.java:613)
	at utils.Reporter.reportStep(Reporter.java:20)
	at wrappers.GenericWrappers.takeSnap(GenericWrappers.java:613)
	at utils.Reporter.reportStep(Reporter.java:20)
	at wrappers.GenericWrappers.takeSnap(GenericWrappers.java:613)
	at utils.Reporter.reportStep(Reporter.java:20)
	at wrappers.GenericWrappers.takeSnap(GenericWrappers.java:613)
	at utils.Reporter.reportStep(Reporter.java:20)
	at wrappers.GenericWrappers.takeSnap(GenericWrappers.java:613)
	at utils.Reporter.reportStep(Reporter.java:20)
	at wrappers.GenericWrappers.takeSnap(GenericWrappers.java:613)
	at utils.Reporter.reportStep(Reporter.java:20)
	at wrappers.GenericWrappers.takeSnap(GenericWrappers.java:613)
	at utils.Reporter.reportStep(Reporter.java:20)
	at wrappers.GenericWrappers.takeSnap(GenericWrappers.java:613)
	at utils.Reporter.reportStep(Reporter.java:20)
	at wrappers.GenericWrappers.takeSnap(GenericWrappers.java:613)
	at utils.Reporter.reportStep(Reporter.java:20)
	at wrappers.GenericWrappers.takeSnap(GenericWrappers.java:613)
	at utils.Reporter.reportStep(Reporter.java:20)
	at wrappers.GenericWrappers.takeSnap(GenericWrappers.java:613)
	at utils.Reporter.reportStep(Reporter.java:20)
	at wrappers.GenericWrappers.takeSnap(GenericWrappers.java:613)
	at utils.Reporter.reportStep(Reporter.java:20)
	at wrappers.GenericWrappers.takeSnap(GenericWrappers.java:613)
	at utils.Reporter.reportStep(Reporter.java:20)
	at wrappers.GenericWrappers.takeSnap(GenericWrappers.java:613)
	at utils.Reporter.reportStep(Reporter.java:20)
	at wrappers.GenericWrappers.takeSnap(GenericWrappers.java:613)
	at utils.Reporter.reportStep(Reporter.java:20)
	at wrappers.GenericWrappers.takeSnap(GenericWrappers.java:613)
	at utils.Reporter.reportStep(Reporter.java:20)
	at wrappers.GenericWrappers.takeSnap(GenericWrappers.java:613)
	at utils.Reporter.reportStep(Reporter.java:20)
	at wrappers.GenericWrappers.takeSnap(GenericWrappers.java:613)
	at utils.Reporter.reportStep(Reporter.java:20)
	at wrappers.GenericWrappers.takeSnap(GenericWrappers.java:613)
	at utils.Reporter.reportStep(Reporter.java:20)
	at wrappers.GenericWrappers.takeSnap(GenericWrappers.java:613)
	at utils.Reporter.reportStep(Reporter.java:20)
	at wrappers.GenericWrappers.takeSnap(GenericWrappers.java:613)
	at utils.Reporter.reportStep(Reporter.java:20)
	at wrappers.GenericWrappers.takeSnap(GenericWrappers.java:613)
	at utils.Reporter.reportStep(Reporter.java:20)
	at wrappers.GenericWrappers.takeSnap(GenericWrappers.java:613)
	at utils.Reporter.reportStep(Reporter.java:20)
	at wrappers.GenericWrappers.takeSnap(GenericWrappers.java:613)
	at utils.Reporter.reportStep(Reporter.java:20)
	at wrappers.GenericWrappers.takeSnap(GenericWrappers.java:613)
	at utils.Reporter.reportStep(Reporter.java:20)
	at wrappers.GenericWrappers.takeSnap(GenericWrappers.java:613)
	at utils.Reporter.reportStep(Reporter.java:20)
	at wrappers.GenericWrappers.takeSnap(GenericWrappers.java:613)
	at utils.Reporter.reportStep(Reporter.java:20)
	at wrappers.GenericWrappers.takeSnap(GenericWrappers.java:613)
	at utils.Reporter.reportStep(Reporter.java:20)
	at wrappers.GenericWrappers.takeSnap(GenericWrappers.java:613)
	at utils.Reporter.reportStep(Reporter.java:20)
	at wrappers.GenericWrappers.takeSnap(GenericWrappers.java:613)
	at utils.Reporter.reportStep(Reporter.java:20)
	at wrappers.GenericWrappers.takeSnap(GenericWrappers.java:613)
	at utils.Reporter.reportStep(Reporter.java:20)
	at wrappers.GenericWrappers.takeSnap(GenericWrappers.java:613)
	at utils.Reporter.reportStep(Reporter.java:20)
	at wrappers.GenericWrappers.takeSnap(GenericWrappers.java:613)
	at utils.Reporter.reportStep(Reporter.java:20)
	at wrappers.GenericWrappers.takeSnap(GenericWrappers.java:613)
]]>
    </error>
  </testcase> <!-- login -->
  <testcase name="login" time="0.000" classname="testCases.TC001_Login">
    <error type="java.lang.StackOverflowError">
      <![CDATA[java.lang.StackOverflowError
	at java.util.regex.Pattern$Branch.match(Unknown Source)
	at java.util.regex.Pattern$BranchConn.match(Unknown Source)
	at java.util.regex.Pattern$GroupTail.match(Unknown Source)
	at java.util.regex.Pattern$Curly.match0(Unknown Source)
	at java.util.regex.Pattern$Curly.match(Unknown Source)
	at java.util.regex.Pattern$GroupHead.match(Unknown Source)
	at java.util.regex.Pattern$Branch.match(Unknown Source)
	at java.util.regex.Pattern$Branch.match(Unknown Source)
	at java.util.regex.Pattern$BmpCharProperty.match(Unknown Source)
	at java.util.regex.Pattern$Start.match(Unknown Source)
	at java.util.regex.Matcher.search(Unknown Source)
	at java.util.regex.Matcher.find(Unknown Source)
	at java.util.Formatter.parse(Unknown Source)
	at java.util.Formatter.format(Unknown Source)
	at java.util.Formatter.format(Unknown Source)
	at java.lang.String.format(Unknown Source)
	at org.openqa.selenium.remote.RemoteWebDriver.execute(RemoteWebDriver.java:549)
	at org.openqa.selenium.remote.RemoteWebDriver.execute(RemoteWebDriver.java:609)
	at org.openqa.selenium.remote.RemoteWebDriver.getScreenshotAs(RemoteWebDriver.java:295)
	at wrappers.GenericWrappers.takeSnap(GenericWrappers.java:610)
	at utils.Reporter.reportStep(Reporter.java:20)
	at wrappers.GenericWrappers.takeSnap(GenericWrappers.java:613)
	at utils.Reporter.reportStep(Reporter.java:20)
	at wrappers.GenericWrappers.takeSnap(GenericWrappers.java:613)
	at utils.Reporter.reportStep(Reporter.java:20)
	at wrappers.GenericWrappers.takeSnap(GenericWrappers.java:613)
	at utils.Reporter.reportStep(Reporter.java:20)
	at wrappers.GenericWrappers.takeSnap(GenericWrappers.java:613)
	at utils.Reporter.reportStep(Reporter.java:20)
	at wrappers.GenericWrappers.takeSnap(GenericWrappers.java:613)
	at utils.Reporter.reportStep(Reporter.java:20)
	at wrappers.GenericWrappers.takeSnap(GenericWrappers.java:613)
	at utils.Reporter.reportStep(Reporter.java:20)
	at wrappers.GenericWrappers.takeSnap(GenericWrappers.java:613)
	at utils.Reporter.reportStep(Reporter.java:20)
	at wrappers.GenericWrappers.takeSnap(GenericWrappers.java:613)
	at utils.Reporter.reportStep(Reporter.java:20)
	at wrappers.GenericWrappers.takeSnap(GenericWrappers.java:613)
	at utils.Reporter.reportStep(Reporter.java:20)
	at wrappers.GenericWrappers.takeSnap(GenericWrappers.java:613)
	at utils.Reporter.reportStep(Reporter.java:20)
	at wrappers.GenericWrappers.takeSnap(GenericWrappers.java:613)
	at utils.Reporter.reportStep(Reporter.java:20)
	at wrappers.GenericWrappers.takeSnap(GenericWrappers.java:613)
	at utils.Reporter.reportStep(Reporter.java:20)
	at wrappers.GenericWrappers.takeSnap(GenericWrappers.java:613)
	at utils.Reporter.reportStep(Reporter.java:20)
	at wrappers.GenericWrappers.takeSnap(GenericWrappers.java:613)
	at utils.Reporter.reportStep(Reporter.java:20)
	at wrappers.GenericWrappers.takeSnap(GenericWrappers.java:613)
	at utils.Reporter.reportStep(Reporter.java:20)
	at wrappers.GenericWrappers.takeSnap(GenericWrappers.java:613)
	at utils.Reporter.reportStep(Reporter.java:20)
	at wrappers.GenericWrappers.takeSnap(GenericWrappers.java:613)
	at utils.Reporter.reportStep(Reporter.java:20)
	at wrappers.GenericWrappers.takeSnap(GenericWrappers.java:613)
	at utils.Reporter.reportStep(Reporter.java:20)
	at wrappers.GenericWrappers.takeSnap(GenericWrappers.java:613)
	at utils.Reporter.reportStep(Reporter.java:20)
	at wrappers.GenericWrappers.takeSnap(GenericWrappers.java:613)
	at utils.Reporter.reportStep(Reporter.java:20)
	at wrappers.GenericWrappers.takeSnap(GenericWrappers.java:613)
	at utils.Reporter.reportStep(Reporter.java:20)
	at wrappers.GenericWrappers.takeSnap(GenericWrappers.java:613)
	at utils.Reporter.reportStep(Reporter.java:20)
	at wrappers.GenericWrappers.takeSnap(GenericWrappers.java:613)
	at utils.Reporter.reportStep(Reporter.java:20)
	at wrappers.GenericWrappers.takeSnap(GenericWrappers.java:613)
	at utils.Reporter.reportStep(Reporter.java:20)
	at wrappers.GenericWrappers.takeSnap(GenericWrappers.java:613)
	at utils.Reporter.reportStep(Reporter.java:20)
	at wrappers.GenericWrappers.takeSnap(GenericWrappers.java:613)
	at utils.Reporter.reportStep(Reporter.java:20)
	at wrappers.GenericWrappers.takeSnap(GenericWrappers.java:613)
	at utils.Reporter.reportStep(Reporter.java:20)
	at wrappers.GenericWrappers.takeSnap(GenericWrappers.java:613)
	at utils.Reporter.reportStep(Reporter.java:20)
	at wrappers.GenericWrappers.takeSnap(GenericWrappers.java:613)
	at utils.Reporter.reportStep(Reporter.java:20)
	at wrappers.GenericWrappers.takeSnap(GenericWrappers.java:613)
	at utils.Reporter.reportStep(Reporter.java:20)
	at wrappers.GenericWrappers.takeSnap(GenericWrappers.java:613)
	at utils.Reporter.reportStep(Reporter.java:20)
	at wrappers.GenericWrappers.takeSnap(GenericWrappers.java:613)
	at utils.Reporter.reportStep(Reporter.java:20)
	at wrappers.GenericWrappers.takeSnap(GenericWrappers.java:613)
	at utils.Reporter.reportStep(Reporter.java:20)
	at wrappers.GenericWrappers.takeSnap(GenericWrappers.java:613)
	at utils.Reporter.reportStep(Reporter.java:20)
	at wrappers.GenericWrappers.takeSnap(GenericWrappers.java:613)
	at utils.Reporter.reportStep(Reporter.java:20)
	at wrappers.GenericWrappers.takeSnap(GenericWrappers.java:613)
	at utils.Reporter.reportStep(Reporter.java:20)
	at wrappers.GenericWrappers.takeSnap(GenericWrappers.java:613)
	at utils.Reporter.reportStep(Reporter.java:20)
	at wrappers.GenericWrappers.takeSnap(GenericWrappers.java:613)
	at utils.Reporter.reportStep(Reporter.java:20)
	at wrappers.GenericWrappers.takeSnap(GenericWrappers.java:613)
	at utils.Reporter.reportStep(Reporter.java:20)
	at wrappers.GenericWrappers.takeSnap(GenericWrappers.java:613)
	at utils.Reporter.reportStep(Reporter.java:20)
	at wrappers.GenericWrappers.takeSnap(GenericWrappers.java:613)
	at utils.Reporter.reportStep(Reporter.java:20)
	at wrappers.GenericWrappers.takeSnap(GenericWrappers.java:613)
	at utils.Reporter.reportStep(Reporter.java:20)
	at wrappers.GenericWrappers.takeSnap(GenericWrappers.java:613)
	at utils.Reporter.reportStep(Reporter.java:20)
	at wrappers.GenericWrappers.takeSnap(GenericWrappers.java:613)
	at utils.Reporter.reportStep(Reporter.java:20)
	at wrappers.GenericWrappers.takeSnap(GenericWrappers.java:613)
	at utils.Reporter.reportStep(Reporter.java:20)
	at wrappers.GenericWrappers.takeSnap(GenericWrappers.java:613)
	at utils.Reporter.reportStep(Reporter.java:20)
	at wrappers.GenericWrappers.takeSnap(GenericWrappers.java:613)
	at utils.Reporter.reportStep(Reporter.java:20)
	at wrappers.GenericWrappers.takeSnap(GenericWrappers.java:613)
	at utils.Reporter.reportStep(Reporter.java:20)
	at wrappers.GenericWrappers.takeSnap(GenericWrappers.java:613)
	at utils.Reporter.reportStep(Reporter.java:20)
	at wrappers.GenericWrappers.takeSnap(GenericWrappers.java:613)
	at utils.Reporter.reportStep(Reporter.java:20)
	at wrappers.GenericWrappers.takeSnap(GenericWrappers.java:613)
	at utils.Reporter.reportStep(Reporter.java:20)
	at wrappers.GenericWrappers.takeSnap(GenericWrappers.java:613)
	at utils.Reporter.reportStep(Reporter.java:20)
	at wrappers.GenericWrappers.takeSnap(GenericWrappers.java:613)
	at utils.Reporter.reportStep(Reporter.java:20)
	at wrappers.GenericWrappers.takeSnap(GenericWrappers.java:613)
	at utils.Reporter.reportStep(Reporter.java:20)
	at wrappers.GenericWrappers.takeSnap(GenericWrappers.java:613)
	at utils.Reporter.reportStep(Reporter.java:20)
	at wrappers.GenericWrappers.takeSnap(GenericWrappers.java:613)
	at utils.Reporter.reportStep(Reporter.java:20)
	at wrappers.GenericWrappers.takeSnap(GenericWrappers.java:613)
	at utils.Reporter.reportStep(Reporter.java:20)
	at wrappers.GenericWrappers.takeSnap(GenericWrappers.java:613)
	at utils.Reporter.reportStep(Reporter.java:20)
	at wrappers.GenericWrappers.takeSnap(GenericWrappers.java:613)
	at utils.Reporter.reportStep(Reporter.java:20)
	at wrappers.GenericWrappers.takeSnap(GenericWrappers.java:613)
	at utils.Reporter.reportStep(Reporter.java:20)
	at wrappers.GenericWrappers.takeSnap(GenericWrappers.java:613)
	at utils.Reporter.reportStep(Reporter.java:20)
	at wrappers.GenericWrappers.takeSnap(GenericWrappers.java:613)
	at utils.Reporter.reportStep(Reporter.java:20)
	at wrappers.GenericWrappers.takeSnap(GenericWrappers.java:613)
	at utils.Reporter.reportStep(Reporter.java:20)
	at wrappers.GenericWrappers.takeSnap(GenericWrappers.java:613)
	at utils.Reporter.reportStep(Reporter.java:20)
	at wrappers.GenericWrappers.takeSnap(GenericWrappers.java:613)
	at utils.Reporter.reportStep(Reporter.java:20)
	at wrappers.GenericWrappers.takeSnap(GenericWrappers.java:613)
	at utils.Reporter.reportStep(Reporter.java:20)
	at wrappers.GenericWrappers.takeSnap(GenericWrappers.java:613)
	at utils.Reporter.reportStep(Reporter.java:20)
	at wrappers.GenericWrappers.takeSnap(GenericWrappers.java:613)
	at utils.Reporter.reportStep(Reporter.java:20)
	at wrappers.GenericWrappers.takeSnap(GenericWrappers.java:613)
	at utils.Reporter.reportStep(Reporter.java:20)
	at wrappers.GenericWrappers.takeSnap(GenericWrappers.java:613)
	at utils.Reporter.reportStep(Reporter.java:20)
	at wrappers.GenericWrappers.takeSnap(GenericWrappers.java:613)
	at utils.Reporter.reportStep(Reporter.java:20)
	at wrappers.GenericWrappers.takeSnap(GenericWrappers.java:613)
	at utils.Reporter.reportStep(Reporter.java:20)
	at wrappers.GenericWrappers.takeSnap(GenericWrappers.java:613)
	at utils.Reporter.reportStep(Reporter.java:20)
	at wrappers.GenericWrappers.takeSnap(GenericWrappers.java:613)
	at utils.Reporter.reportStep(Reporter.java:20)
	at wrappers.GenericWrappers.takeSnap(GenericWrappers.java:613)
	at utils.Reporter.reportStep(Reporter.java:20)
	at wrappers.GenericWrappers.takeSnap(GenericWrappers.java:613)
	at utils.Reporter.reportStep(Reporter.java:20)
	at wrappers.GenericWrappers.takeSnap(GenericWrappers.java:613)
	at utils.Reporter.reportStep(Reporter.java:20)
	at wrappers.GenericWrappers.takeSnap(GenericWrappers.java:613)
	at utils.Reporter.reportStep(Reporter.java:20)
	at wrappers.GenericWrappers.takeSnap(GenericWrappers.java:613)
	at utils.Reporter.reportStep(Reporter.java:20)
	at wrappers.GenericWrappers.takeSnap(GenericWrappers.java:613)
	at utils.Reporter.reportStep(Reporter.java:20)
	at wrappers.GenericWrappers.takeSnap(GenericWrappers.java:613)
	at utils.Reporter.reportStep(Reporter.java:20)
	at wrappers.GenericWrappers.takeSnap(GenericWrappers.java:613)
	at utils.Reporter.reportStep(Reporter.java:20)
	at wrappers.GenericWrappers.takeSnap(GenericWrappers.java:613)
	at utils.Reporter.reportStep(Reporter.java:20)
	at wrappers.GenericWrappers.takeSnap(GenericWrappers.java:613)
	at utils.Reporter.reportStep(Reporter.java:20)
	at wrappers.GenericWrappers.takeSnap(GenericWrappers.java:613)
	at utils.Reporter.reportStep(Reporter.java:20)
	at wrappers.GenericWrappers.takeSnap(GenericWrappers.java:613)
	at utils.Reporter.reportStep(Reporter.java:20)
	at wrappers.GenericWrappers.takeSnap(GenericWrappers.java:613)
	at utils.Reporter.reportStep(Reporter.java:20)
	at wrappers.GenericWrappers.takeSnap(GenericWrappers.java:613)
	at utils.Reporter.reportStep(Reporter.java:20)
	at wrappers.GenericWrappers.takeSnap(GenericWrappers.java:613)
	at utils.Reporter.reportStep(Reporter.java:20)
	at wrappers.GenericWrappers.takeSnap(GenericWrappers.java:613)
	at utils.Reporter.reportStep(Reporter.java:20)
	at wrappers.GenericWrappers.takeSnap(GenericWrappers.java:613)
	at utils.Reporter.reportStep(Reporter.java:20)
	at wrappers.GenericWrappers.takeSnap(GenericWrappers.java:613)
	at utils.Reporter.reportStep(Reporter.java:20)
	at wrappers.GenericWrappers.takeSnap(GenericWrappers.java:613)
	at utils.Reporter.reportStep(Reporter.java:20)
	at wrappers.GenericWrappers.takeSnap(GenericWrappers.java:613)
	at utils.Reporter.reportStep(Reporter.java:20)
	at wrappers.GenericWrappers.takeSnap(GenericWrappers.java:613)
	at utils.Reporter.reportStep(Reporter.java:20)
	at wrappers.GenericWrappers.takeSnap(GenericWrappers.java:613)
	at utils.Reporter.reportStep(Reporter.java:20)
	at wrappers.GenericWrappers.takeSnap(GenericWrappers.java:613)
	at utils.Reporter.reportStep(Reporter.java:20)
	at wrappers.GenericWrappers.takeSnap(GenericWrappers.java:613)
	at utils.Reporter.reportStep(Reporter.java:20)
	at wrappers.GenericWrappers.takeSnap(GenericWrappers.java:613)
	at utils.Reporter.reportStep(Reporter.java:20)
	at wrappers.GenericWrappers.takeSnap(GenericWrappers.java:613)
	at utils.Reporter.reportStep(Reporter.java:20)
	at wrappers.GenericWrappers.takeSnap(GenericWrappers.java:613)
	at utils.Reporter.reportStep(Reporter.java:20)
	at wrappers.GenericWrappers.takeSnap(GenericWrappers.java:613)
	at utils.Reporter.reportStep(Reporter.java:20)
	at wrappers.GenericWrappers.takeSnap(GenericWrappers.java:613)
	at utils.Reporter.reportStep(Reporter.java:20)
	at wrappers.GenericWrappers.takeSnap(GenericWrappers.java:613)
	at utils.Reporter.reportStep(Reporter.java:20)
	at wrappers.GenericWrappers.takeSnap(GenericWrappers.java:613)
	at utils.Reporter.reportStep(Reporter.java:20)
	at wrappers.GenericWrappers.takeSnap(GenericWrappers.java:613)
	at utils.Reporter.reportStep(Reporter.java:20)
	at wrappers.GenericWrappers.takeSnap(GenericWrappers.java:613)
	at utils.Reporter.reportStep(Reporter.java:20)
	at wrappers.GenericWrappers.takeSnap(GenericWrappers.java:613)
	at utils.Reporter.reportStep(Reporter.java:20)
	at wrappers.GenericWrappers.takeSnap(GenericWrappers.java:613)
	at utils.Reporter.reportStep(Reporter.java:20)
	at wrappers.GenericWrappers.takeSnap(GenericWrappers.java:613)
	at utils.Reporter.reportStep(Reporter.java:20)
	at wrappers.GenericWrappers.takeSnap(GenericWrappers.java:613)
	at utils.Reporter.reportStep(Reporter.java:20)
	at wrappers.GenericWrappers.takeSnap(GenericWrappers.java:613)
	at utils.Reporter.reportStep(Reporter.java:20)
	at wrappers.GenericWrappers.takeSnap(GenericWrappers.java:613)
	at utils.Reporter.reportStep(Reporter.java:20)
	at wrappers.GenericWrappers.takeSnap(GenericWrappers.java:613)
	at utils.Reporter.reportStep(Reporter.java:20)
	at wrappers.GenericWrappers.takeSnap(GenericWrappers.java:613)
	at utils.Reporter.reportStep(Reporter.java:20)
	at wrappers.GenericWrappers.takeSnap(GenericWrappers.java:613)
	at utils.Reporter.reportStep(Reporter.java:20)
	at wrappers.GenericWrappers.takeSnap(GenericWrappers.java:613)
	at utils.Reporter.reportStep(Reporter.java:20)
	at wrappers.GenericWrappers.takeSnap(GenericWrappers.java:613)
	at utils.Reporter.reportStep(Reporter.java:20)
	at wrappers.GenericWrappers.takeSnap(GenericWrappers.java:613)
	at utils.Reporter.reportStep(Reporter.java:20)
	at wrappers.GenericWrappers.takeSnap(GenericWrappers.java:613)
	at utils.Reporter.reportStep(Reporter.java:20)
	at wrappers.GenericWrappers.takeSnap(GenericWrappers.java:613)
	at utils.Reporter.reportStep(Reporter.java:20)
	at wrappers.GenericWrappers.takeSnap(GenericWrappers.java:613)
	at utils.Reporter.reportStep(Reporter.java:20)
	at wrappers.GenericWrappers.takeSnap(GenericWrappers.java:613)
	at utils.Reporter.reportStep(Reporter.java:20)
	at wrappers.GenericWrappers.takeSnap(GenericWrappers.java:613)
	at utils.Reporter.reportStep(Reporter.java:20)
	at wrappers.GenericWrappers.takeSnap(GenericWrappers.java:613)
	at utils.Reporter.reportStep(Reporter.java:20)
	at wrappers.GenericWrappers.takeSnap(GenericWrappers.java:613)
	at utils.Reporter.reportStep(Reporter.java:20)
	at wrappers.GenericWrappers.takeSnap(GenericWrappers.java:613)
	at utils.Reporter.reportStep(Reporter.java:20)
	at wrappers.GenericWrappers.takeSnap(GenericWrappers.java:613)
	at utils.Reporter.reportStep(Reporter.java:20)
	at wrappers.GenericWrappers.takeSnap(GenericWrappers.java:613)
	at utils.Reporter.reportStep(Reporter.java:20)
	at wrappers.GenericWrappers.takeSnap(GenericWrappers.java:613)
	at utils.Reporter.reportStep(Reporter.java:20)
	at wrappers.GenericWrappers.takeSnap(GenericWrappers.java:613)
	at utils.Reporter.reportStep(Reporter.java:20)
	at wrappers.GenericWrappers.takeSnap(GenericWrappers.java:613)
	at utils.Reporter.reportStep(Reporter.java:20)
	at wrappers.GenericWrappers.takeSnap(GenericWrappers.java:613)
	at utils.Reporter.reportStep(Reporter.java:20)
	at wrappers.GenericWrappers.takeSnap(GenericWrappers.java:613)
	at utils.Reporter.reportStep(Reporter.java:20)
	at wrappers.GenericWrappers.takeSnap(GenericWrappers.java:613)
	at utils.Reporter.reportStep(Reporter.java:20)
	at wrappers.GenericWrappers.takeSnap(GenericWrappers.java:613)
	at utils.Reporter.reportStep(Reporter.java:20)
	at wrappers.GenericWrappers.takeSnap(GenericWrappers.java:613)
	at utils.Reporter.reportStep(Reporter.java:20)
	at wrappers.GenericWrappers.takeSnap(GenericWrappers.java:613)
	at utils.Reporter.reportStep(Reporter.java:20)
	at wrappers.GenericWrappers.takeSnap(GenericWrappers.java:613)
	at utils.Reporter.reportStep(Reporter.java:20)
	at wrappers.GenericWrappers.takeSnap(GenericWrappers.java:613)
	at utils.Reporter.reportStep(Reporter.java:20)
	at wrappers.GenericWrappers.takeSnap(GenericWrappers.java:613)
	at utils.Reporter.reportStep(Reporter.java:20)
	at wrappers.GenericWrappers.takeSnap(GenericWrappers.java:613)
	at utils.Reporter.reportStep(Reporter.java:20)
	at wrappers.GenericWrappers.takeSnap(GenericWrappers.java:613)
	at utils.Reporter.reportStep(Reporter.java:20)
	at wrappers.GenericWrappers.takeSnap(GenericWrappers.java:613)
	at utils.Reporter.reportStep(Reporter.java:20)
	at wrappers.GenericWrappers.takeSnap(GenericWrappers.java:613)
	at utils.Reporter.reportStep(Reporter.java:20)
	at wrappers.GenericWrappers.takeSnap(GenericWrappers.java:613)
	at utils.Reporter.reportStep(Reporter.java:20)
	at wrappers.GenericWrappers.takeSnap(GenericWrappers.java:613)
	at utils.Reporter.reportStep(Reporter.java:20)
	at wrappers.GenericWrappers.takeSnap(GenericWrappers.java:613)
	at utils.Reporter.reportStep(Reporter.java:20)
	at wrappers.GenericWrappers.takeSnap(GenericWrappers.java:613)
	at utils.Reporter.reportStep(Reporter.java:20)
	at wrappers.GenericWrappers.takeSnap(GenericWrappers.java:613)
	at utils.Reporter.reportStep(Reporter.java:20)
	at wrappers.GenericWrappers.takeSnap(GenericWrappers.java:613)
	at utils.Reporter.reportStep(Reporter.java:20)
	at wrappers.GenericWrappers.takeSnap(GenericWrappers.java:613)
	at utils.Reporter.reportStep(Reporter.java:20)
	at wrappers.GenericWrappers.takeSnap(GenericWrappers.java:613)
	at utils.Reporter.reportStep(Reporter.java:20)
	at wrappers.GenericWrappers.takeSnap(GenericWrappers.java:613)
	at utils.Reporter.reportStep(Reporter.java:20)
	at wrappers.GenericWrappers.takeSnap(GenericWrappers.java:613)
	at utils.Reporter.reportStep(Reporter.java:20)
	at wrappers.GenericWrappers.takeSnap(GenericWrappers.java:613)
	at utils.Reporter.reportStep(Reporter.java:20)
	at wrappers.GenericWrappers.takeSnap(GenericWrappers.java:613)
	at utils.Reporter.reportStep(Reporter.java:20)
	at wrappers.GenericWrappers.takeSnap(GenericWrappers.java:613)
	at utils.Reporter.reportStep(Reporter.java:20)
	at wrappers.GenericWrappers.takeSnap(GenericWrappers.java:613)
	at utils.Reporter.reportStep(Reporter.java:20)
	at wrappers.GenericWrappers.takeSnap(GenericWrappers.java:613)
	at utils.Reporter.reportStep(Reporter.java:20)
	at wrappers.GenericWrappers.takeSnap(GenericWrappers.java:613)
	at utils.Reporter.reportStep(Reporter.java:20)
	at wrappers.GenericWrappers.takeSnap(GenericWrappers.java:613)
	at utils.Reporter.reportStep(Reporter.java:20)
	at wrappers.GenericWrappers.takeSnap(GenericWrappers.java:613)
	at utils.Reporter.reportStep(Reporter.java:20)
	at wrappers.GenericWrappers.takeSnap(GenericWrappers.java:613)
	at utils.Reporter.reportStep(Reporter.java:20)
	at wrappers.GenericWrappers.takeSnap(GenericWrappers.java:613)
	at utils.Reporter.reportStep(Reporter.java:20)
	at wrappers.GenericWrappers.takeSnap(GenericWrappers.java:613)
	at utils.Reporter.reportStep(Reporter.java:20)
	at wrappers.GenericWrappers.takeSnap(GenericWrappers.java:613)
	at utils.Reporter.reportStep(Reporter.java:20)
	at wrappers.GenericWrappers.takeSnap(GenericWrappers.java:613)
	at utils.Reporter.reportStep(Reporter.java:20)
	at wrappers.GenericWrappers.takeSnap(GenericWrappers.java:613)
	at utils.Reporter.reportStep(Reporter.java:20)
	at wrappers.GenericWrappers.takeSnap(GenericWrappers.java:613)
	at utils.Reporter.reportStep(Reporter.java:20)
	at wrappers.GenericWrappers.takeSnap(GenericWrappers.java:613)
	at utils.Reporter.reportStep(Reporter.java:20)
	at wrappers.GenericWrappers.takeSnap(GenericWrappers.java:613)
	at utils.Reporter.reportStep(Reporter.java:20)
	at wrappers.GenericWrappers.takeSnap(GenericWrappers.java:613)
	at utils.Reporter.reportStep(Reporter.java:20)
	at wrappers.GenericWrappers.takeSnap(GenericWrappers.java:613)
	at utils.Reporter.reportStep(Reporter.java:20)
	at wrappers.GenericWrappers.takeSnap(GenericWrappers.java:613)
	at utils.Reporter.reportStep(Reporter.java:20)
	at wrappers.GenericWrappers.takeSnap(GenericWrappers.java:613)
	at utils.Reporter.reportStep(Reporter.java:20)
	at wrappers.GenericWrappers.takeSnap(GenericWrappers.java:613)
	at utils.Reporter.reportStep(Reporter.java:20)
	at wrappers.GenericWrappers.takeSnap(GenericWrappers.java:613)
	at utils.Reporter.reportStep(Reporter.java:20)
	at wrappers.GenericWrappers.takeSnap(GenericWrappers.java:613)
	at utils.Reporter.reportStep(Reporter.java:20)
	at wrappers.GenericWrappers.takeSnap(GenericWrappers.java:613)
	at utils.Reporter.reportStep(Reporter.java:20)
	at wrappers.GenericWrappers.takeSnap(GenericWrappers.java:613)
	at utils.Reporter.reportStep(Reporter.java:20)
	at wrappers.GenericWrappers.takeSnap(GenericWrappers.java:613)
	at utils.Reporter.reportStep(Reporter.java:20)
	at wrappers.GenericWrappers.takeSnap(GenericWrappers.java:613)
	at utils.Reporter.reportStep(Reporter.java:20)
	at wrappers.GenericWrappers.takeSnap(GenericWrappers.java:613)
	at utils.Reporter.reportStep(Reporter.java:20)
	at wrappers.GenericWrappers.takeSnap(GenericWrappers.java:613)
	at utils.Reporter.reportStep(Reporter.java:20)
	at wrappers.GenericWrappers.takeSnap(GenericWrappers.java:613)
	at utils.Reporter.reportStep(Reporter.java:20)
	at wrappers.GenericWrappers.takeSnap(GenericWrappers.java:613)
	at utils.Reporter.reportStep(Reporter.java:20)
	at wrappers.GenericWrappers.takeSnap(GenericWrappers.java:613)
	at utils.Reporter.reportStep(Reporter.java:20)
	at wrappers.GenericWrappers.takeSnap(GenericWrappers.java:613)
	at utils.Reporter.reportStep(Reporter.java:20)
	at wrappers.GenericWrappers.takeSnap(GenericWrappers.java:613)
	at utils.Reporter.reportStep(Reporter.java:20)
	at wrappers.GenericWrappers.takeSnap(GenericWrappers.java:613)
	at utils.Reporter.reportStep(Reporter.java:20)
	at wrappers.GenericWrappers.takeSnap(GenericWrappers.java:613)
	at utils.Reporter.reportStep(Reporter.java:20)
	at wrappers.GenericWrappers.takeSnap(GenericWrappers.java:613)
	at utils.Reporter.reportStep(Reporter.java:20)
	at wrappers.GenericWrappers.takeSnap(GenericWrappers.java:613)
	at utils.Reporter.reportStep(Reporter.java:20)
	at wrappers.GenericWrappers.takeSnap(GenericWrappers.java:613)
	at utils.Reporter.reportStep(Reporter.java:20)
	at wrappers.GenericWrappers.takeSnap(GenericWrappers.java:613)
	at utils.Reporter.reportStep(Reporter.java:20)
	at wrappers.GenericWrappers.takeSnap(GenericWrappers.java:613)
	at utils.Reporter.reportStep(Reporter.java:20)
	at wrappers.GenericWrappers.takeSnap(GenericWrappers.java:613)
	at utils.Reporter.reportStep(Reporter.java:20)
	at wrappers.GenericWrappers.takeSnap(GenericWrappers.java:613)
	at utils.Reporter.reportStep(Reporter.java:20)
	at wrappers.GenericWrappers.takeSnap(GenericWrappers.java:613)
	at utils.Reporter.reportStep(Reporter.java:20)
	at wrappers.GenericWrappers.takeSnap(GenericWrappers.java:613)
	at utils.Reporter.reportStep(Reporter.java:20)
	at wrappers.GenericWrappers.takeSnap(GenericWrappers.java:613)
	at utils.Reporter.reportStep(Reporter.java:20)
	at wrappers.GenericWrappers.takeSnap(GenericWrappers.java:613)
	at utils.Reporter.reportStep(Reporter.java:20)
	at wrappers.GenericWrappers.takeSnap(GenericWrappers.java:613)
	at utils.Reporter.reportStep(Reporter.java:20)
	at wrappers.GenericWrappers.takeSnap(GenericWrappers.java:613)
	at utils.Reporter.reportStep(Reporter.java:20)
	at wrappers.GenericWrappers.takeSnap(GenericWrappers.java:613)
	at utils.Reporter.reportStep(Reporter.java:20)
	at wrappers.GenericWrappers.takeSnap(GenericWrappers.java:613)
	at utils.Reporter.reportStep(Reporter.java:20)
	at wrappers.GenericWrappers.takeSnap(GenericWrappers.java:613)
	at utils.Reporter.reportStep(Reporter.java:20)
	at wrappers.GenericWrappers.takeSnap(GenericWrappers.java:613)
	at utils.Reporter.reportStep(Reporter.java:20)
	at wrappers.GenericWrappers.takeSnap(GenericWrappers.java:613)
	at utils.Reporter.reportStep(Reporter.java:20)
	at wrappers.GenericWrappers.takeSnap(GenericWrappers.java:613)
	at utils.Reporter.reportStep(Reporter.java:20)
	at wrappers.GenericWrappers.takeSnap(GenericWrappers.java:613)
	at utils.Reporter.reportStep(Reporter.java:20)
	at wrappers.GenericWrappers.takeSnap(GenericWrappers.java:613)
	at utils.Reporter.reportStep(Reporter.java:20)
	at wrappers.GenericWrappers.takeSnap(GenericWrappers.java:613)
	at utils.Reporter.reportStep(Reporter.java:20)
	at wrappers.GenericWrappers.takeSnap(GenericWrappers.java:613)
	at utils.Reporter.reportStep(Reporter.java:20)
	at wrappers.GenericWrappers.takeSnap(GenericWrappers.java:613)
	at utils.Reporter.reportStep(Reporter.java:20)
	at wrappers.GenericWrappers.takeSnap(GenericWrappers.java:613)
	at utils.Reporter.reportStep(Reporter.java:20)
	at wrappers.GenericWrappers.takeSnap(GenericWrappers.java:613)
	at utils.Reporter.reportStep(Reporter.java:20)
	at wrappers.GenericWrappers.takeSnap(GenericWrappers.java:613)
	at utils.Reporter.reportStep(Reporter.java:20)
	at wrappers.GenericWrappers.takeSnap(GenericWrappers.java:613)
	at utils.Reporter.reportStep(Reporter.java:20)
	at wrappers.GenericWrappers.takeSnap(GenericWrappers.java:613)
	at utils.Reporter.reportStep(Reporter.java:20)
	at wrappers.GenericWrappers.takeSnap(GenericWrappers.java:613)
	at utils.Reporter.reportStep(Reporter.java:20)
	at wrappers.GenericWrappers.takeSnap(GenericWrappers.java:613)
	at utils.Reporter.reportStep(Reporter.java:20)
	at wrappers.GenericWrappers.takeSnap(GenericWrappers.java:613)
	at utils.Reporter.reportStep(Reporter.java:20)
	at wrappers.GenericWrappers.takeSnap(GenericWrappers.java:613)
	at utils.Reporter.reportStep(Reporter.java:20)
	at wrappers.GenericWrappers.takeSnap(GenericWrappers.java:613)
	at utils.Reporter.reportStep(Reporter.java:20)
	at wrappers.GenericWrappers.takeSnap(GenericWrappers.java:613)
	at utils.Reporter.reportStep(Reporter.java:20)
	at wrappers.GenericWrappers.takeSnap(GenericWrappers.java:613)
	at utils.Reporter.reportStep(Reporter.java:20)
	at wrappers.GenericWrappers.takeSnap(GenericWrappers.java:613)
	at utils.Reporter.reportStep(Reporter.java:20)
	at wrappers.GenericWrappers.takeSnap(GenericWrappers.java:613)
	at utils.Reporter.reportStep(Reporter.java:20)
	at wrappers.GenericWrappers.takeSnap(GenericWrappers.java:613)
	at utils.Reporter.reportStep(Reporter.java:20)
	at wrappers.GenericWrappers.takeSnap(GenericWrappers.java:613)
	at utils.Reporter.reportStep(Reporter.java:20)
	at wrappers.GenericWrappers.takeSnap(GenericWrappers.java:613)
	at utils.Reporter.reportStep(Reporter.java:20)
	at wrappers.GenericWrappers.takeSnap(GenericWrappers.java:613)
	at utils.Reporter.reportStep(Reporter.java:20)
	at wrappers.GenericWrappers.takeSnap(GenericWrappers.java:613)
	at utils.Reporter.reportStep(Reporter.java:20)
	at wrappers.GenericWrappers.takeSnap(GenericWrappers.java:613)
	at utils.Reporter.reportStep(Reporter.java:20)
	at wrappers.GenericWrappers.takeSnap(GenericWrappers.java:613)
	at utils.Reporter.reportStep(Reporter.java:20)
	at wrappers.GenericWrappers.takeSnap(GenericWrappers.java:613)
	at utils.Reporter.reportStep(Reporter.java:20)
	at wrappers.GenericWrappers.takeSnap(GenericWrappers.java:613)
	at utils.Reporter.reportStep(Reporter.java:20)
	at wrappers.GenericWrappers.takeSnap(GenericWrappers.java:613)
	at utils.Reporter.reportStep(Reporter.java:20)
	at wrappers.GenericWrappers.takeSnap(GenericWrappers.java:613)
	at utils.Reporter.reportStep(Reporter.java:20)
	at wrappers.GenericWrappers.takeSnap(GenericWrappers.java:613)
	at utils.Reporter.reportStep(Reporter.java:20)
	at wrappers.GenericWrappers.takeSnap(GenericWrappers.java:613)
	at utils.Reporter.reportStep(Reporter.java:20)
	at wrappers.GenericWrappers.takeSnap(GenericWrappers.java:613)
	at utils.Reporter.reportStep(Reporter.java:20)
	at wrappers.GenericWrappers.takeSnap(GenericWrappers.java:613)
	at utils.Reporter.reportStep(Reporter.java:20)
	at wrappers.GenericWrappers.takeSnap(GenericWrappers.java:613)
	at utils.Reporter.reportStep(Reporter.java:20)
	at wrappers.GenericWrappers.takeSnap(GenericWrappers.java:613)
	at utils.Reporter.reportStep(Reporter.java:20)
	at wrappers.GenericWrappers.takeSnap(GenericWrappers.java:613)
	at utils.Reporter.reportStep(Reporter.java:20)
	at wrappers.GenericWrappers.takeSnap(GenericWrappers.java:613)
	at utils.Reporter.reportStep(Reporter.java:20)
	at wrappers.GenericWrappers.takeSnap(GenericWrappers.java:613)
	at utils.Reporter.reportStep(Reporter.java:20)
	at wrappers.GenericWrappers.takeSnap(GenericWrappers.java:613)
	at utils.Reporter.reportStep(Reporter.java:20)
	at wrappers.GenericWrappers.takeSnap(GenericWrappers.java:613)
	at utils.Reporter.reportStep(Reporter.java:20)
	at wrappers.GenericWrappers.takeSnap(GenericWrappers.java:613)
	at utils.Reporter.reportStep(Reporter.java:20)
	at wrappers.GenericWrappers.takeSnap(GenericWrappers.java:613)
	at utils.Reporter.reportStep(Reporter.java:20)
	at wrappers.GenericWrappers.takeSnap(GenericWrappers.java:613)
	at utils.Reporter.reportStep(Reporter.java:20)
	at wrappers.GenericWrappers.takeSnap(GenericWrappers.java:613)
	at utils.Reporter.reportStep(Reporter.java:20)
	at wrappers.GenericWrappers.takeSnap(GenericWrappers.java:613)
	at utils.Reporter.reportStep(Reporter.java:20)
	at wrappers.GenericWrappers.takeSnap(GenericWrappers.java:613)
	at utils.Reporter.reportStep(Reporter.java:20)
	at wrappers.GenericWrappers.takeSnap(GenericWrappers.java:613)
	at utils.Reporter.reportStep(Reporter.java:20)
	at wrappers.GenericWrappers.takeSnap(GenericWrappers.java:613)
	at utils.Reporter.reportStep(Reporter.java:20)
	at wrappers.GenericWrappers.takeSnap(GenericWrappers.java:613)
	at utils.Reporter.reportStep(Reporter.java:20)
	at wrappers.GenericWrappers.takeSnap(GenericWrappers.java:613)
	at utils.Reporter.reportStep(Reporter.java:20)
	at wrappers.GenericWrappers.takeSnap(GenericWrappers.java:613)
	at utils.Reporter.reportStep(Reporter.java:20)
	at wrappers.GenericWrappers.takeSnap(GenericWrappers.java:613)
	at utils.Reporter.reportStep(Reporter.java:20)
	at wrappers.GenericWrappers.takeSnap(GenericWrappers.java:613)
	at utils.Reporter.reportStep(Reporter.java:20)
	at wrappers.GenericWrappers.takeSnap(GenericWrappers.java:613)
	at utils.Reporter.reportStep(Reporter.java:20)
	at wrappers.GenericWrappers.takeSnap(GenericWrappers.java:613)
	at utils.Reporter.reportStep(Reporter.java:20)
	at wrappers.GenericWrappers.takeSnap(GenericWrappers.java:613)
	at utils.Reporter.reportStep(Reporter.java:20)
	at wrappers.GenericWrappers.takeSnap(GenericWrappers.java:613)
	at utils.Reporter.reportStep(Reporter.java:20)
	at wrappers.GenericWrappers.takeSnap(GenericWrappers.java:613)
	at utils.Reporter.reportStep(Reporter.java:20)
	at wrappers.GenericWrappers.takeSnap(GenericWrappers.java:613)
	at utils.Reporter.reportStep(Reporter.java:20)
	at wrappers.GenericWrappers.takeSnap(GenericWrappers.java:613)
	at utils.Reporter.reportStep(Reporter.java:20)
	at wrappers.GenericWrappers.takeSnap(GenericWrappers.java:613)
	at utils.Reporter.reportStep(Reporter.java:20)
	at wrappers.GenericWrappers.takeSnap(GenericWrappers.java:613)
	at utils.Reporter.reportStep(Reporter.java:20)
	at wrappers.GenericWrappers.takeSnap(GenericWrappers.java:613)
	at utils.Reporter.reportStep(Reporter.java:20)
	at wrappers.GenericWrappers.takeSnap(GenericWrappers.java:613)
	at utils.Reporter.reportStep(Reporter.java:20)
	at wrappers.GenericWrappers.takeSnap(GenericWrappers.java:613)
	at utils.Reporter.reportStep(Reporter.java:20)
	at wrappers.GenericWrappers.takeSnap(GenericWrappers.java:613)
	at utils.Reporter.reportStep(Reporter.java:20)
	at wrappers.GenericWrappers.takeSnap(GenericWrappers.java:613)
	at utils.Reporter.reportStep(Reporter.java:20)
	at wrappers.GenericWrappers.takeSnap(GenericWrappers.java:613)
	at utils.Reporter.reportStep(Reporter.java:20)
	at wrappers.GenericWrappers.takeSnap(GenericWrappers.java:613)
	at utils.Reporter.reportStep(Reporter.java:20)
	at wrappers.GenericWrappers.takeSnap(GenericWrappers.java:613)
	at utils.Reporter.reportStep(Reporter.java:20)
	at wrappers.GenericWrappers.takeSnap(GenericWrappers.java:613)
	at utils.Reporter.reportStep(Reporter.java:20)
	at wrappers.GenericWrappers.takeSnap(GenericWrappers.java:613)
	at utils.Reporter.reportStep(Reporter.java:20)
	at wrappers.GenericWrappers.takeSnap(GenericWrappers.java:613)
	at utils.Reporter.reportStep(Reporter.java:20)
	at wrappers.GenericWrappers.takeSnap(GenericWrappers.java:613)
	at utils.Reporter.reportStep(Reporter.java:20)
	at wrappers.GenericWrappers.takeSnap(GenericWrappers.java:613)
	at utils.Reporter.reportStep(Reporter.java:20)
	at wrappers.GenericWrappers.takeSnap(GenericWrappers.java:613)
	at utils.Reporter.reportStep(Reporter.java:20)
	at wrappers.GenericWrappers.takeSnap(GenericWrappers.java:613)
	at utils.Reporter.reportStep(Reporter.java:20)
	at wrappers.GenericWrappers.takeSnap(GenericWrappers.java:613)
	at utils.Reporter.reportStep(Reporter.java:20)
	at wrappers.GenericWrappers.takeSnap(GenericWrappers.java:613)
	at utils.Reporter.reportStep(Reporter.java:20)
	at wrappers.GenericWrappers.takeSnap(GenericWrappers.java:613)
	at utils.Reporter.reportStep(Reporter.java:20)
	at wrappers.GenericWrappers.takeSnap(GenericWrappers.java:613)
	at utils.Reporter.reportStep(Reporter.java:20)
	at wrappers.GenericWrappers.takeSnap(GenericWrappers.java:613)
	at utils.Reporter.reportStep(Reporter.java:20)
	at wrappers.GenericWrappers.takeSnap(GenericWrappers.java:613)
	at utils.Reporter.reportStep(Reporter.java:20)
	at wrappers.GenericWrappers.takeSnap(GenericWrappers.java:613)
	at utils.Reporter.reportStep(Reporter.java:20)
	at wrappers.GenericWrappers.takeSnap(GenericWrappers.java:613)
	at utils.Reporter.reportStep(Reporter.java:20)
	at wrappers.GenericWrappers.takeSnap(GenericWrappers.java:613)
	at utils.Reporter.reportStep(Reporter.java:20)
	at wrappers.GenericWrappers.takeSnap(GenericWrappers.java:613)
	at utils.Reporter.reportStep(Reporter.java:20)
	at wrappers.GenericWrappers.takeSnap(GenericWrappers.java:613)
	at utils.Reporter.reportStep(Reporter.java:20)
	at wrappers.GenericWrappers.takeSnap(GenericWrappers.java:613)
	at utils.Reporter.reportStep(Reporter.java:20)
	at wrappers.GenericWrappers.takeSnap(GenericWrappers.java:613)
	at utils.Reporter.reportStep(Reporter.java:20)
	at wrappers.GenericWrappers.takeSnap(GenericWrappers.java:613)
	at utils.Reporter.reportStep(Reporter.java:20)
	at wrappers.GenericWrappers.takeSnap(GenericWrappers.java:613)
	at utils.Reporter.reportStep(Reporter.java:20)
	at wrappers.GenericWrappers.takeSnap(GenericWrappers.java:613)
	at utils.Reporter.reportStep(Reporter.java:20)
	at wrappers.GenericWrappers.takeSnap(GenericWrappers.java:613)
	at utils.Reporter.reportStep(Reporter.java:20)
	at wrappers.GenericWrappers.takeSnap(GenericWrappers.java:613)
	at utils.Reporter.reportStep(Reporter.java:20)
	at wrappers.GenericWrappers.takeSnap(GenericWrappers.java:613)
	at utils.Reporter.reportStep(Reporter.java:20)
	at wrappers.GenericWrappers.takeSnap(GenericWrappers.java:613)
	at utils.Reporter.reportStep(Reporter.java:20)
	at wrappers.GenericWrappers.takeSnap(GenericWrappers.java:613)
	at utils.Reporter.reportStep(Reporter.java:20)
	at wrappers.GenericWrappers.takeSnap(GenericWrappers.java:613)
	at utils.Reporter.reportStep(Reporter.java:20)
	at wrappers.GenericWrappers.takeSnap(GenericWrappers.java:613)
	at utils.Reporter.reportStep(Reporter.java:20)
	at wrappers.GenericWrappers.takeSnap(GenericWrappers.java:613)
	at utils.Reporter.reportStep(Reporter.java:20)
	at wrappers.GenericWrappers.takeSnap(GenericWrappers.java:613)
	at utils.Reporter.reportStep(Reporter.java:20)
	at wrappers.GenericWrappers.takeSnap(GenericWrappers.java:613)
	at utils.Reporter.reportStep(Reporter.java:20)
	at wrappers.GenericWrappers.takeSnap(GenericWrappers.java:613)
	at utils.Reporter.reportStep(Reporter.java:20)
	at wrappers.GenericWrappers.takeSnap(GenericWrappers.java:613)
	at utils.Reporter.reportStep(Reporter.java:20)
	at wrappers.GenericWrappers.takeSnap(GenericWrappers.java:613)
	at utils.Reporter.reportStep(Reporter.java:20)
	at wrappers.GenericWrappers.takeSnap(GenericWrappers.java:613)
	at utils.Reporter.reportStep(Reporter.java:20)
	at wrappers.GenericWrappers.takeSnap(GenericWrappers.java:613)
	at utils.Reporter.reportStep(Reporter.java:20)
	at wrappers.GenericWrappers.takeSnap(GenericWrappers.java:613)
	at utils.Reporter.reportStep(Reporter.java:20)
	at wrappers.GenericWrappers.takeSnap(GenericWrappers.java:613)
	at utils.Reporter.reportStep(Reporter.java:20)
	at wrappers.GenericWrappers.takeSnap(GenericWrappers.java:613)
	at utils.Reporter.reportStep(Reporter.java:20)
	at wrappers.GenericWrappers.takeSnap(GenericWrappers.java:613)
	at utils.Reporter.reportStep(Reporter.java:20)
	at wrappers.GenericWrappers.takeSnap(GenericWrappers.java:613)
	at utils.Reporter.reportStep(Reporter.java:20)
	at wrappers.GenericWrappers.takeSnap(GenericWrappers.java:613)
	at utils.Reporter.reportStep(Reporter.java:20)
	at wrappers.GenericWrappers.takeSnap(GenericWrappers.java:613)
	at utils.Reporter.reportStep(Reporter.java:20)
	at wrappers.GenericWrappers.takeSnap(GenericWrappers.java:613)
	at utils.Reporter.reportStep(Reporter.java:20)
	at wrappers.GenericWrappers.takeSnap(GenericWrappers.java:613)
	at utils.Reporter.reportStep(Reporter.java:20)
	at wrappers.GenericWrappers.takeSnap(GenericWrappers.java:613)
	at utils.Reporter.reportStep(Reporter.java:20)
	at wrappers.GenericWrappers.takeSnap(GenericWrappers.java:613)
	at utils.Reporter.reportStep(Reporter.java:20)
	at wrappers.GenericWrappers.takeSnap(GenericWrappers.java:613)
	at utils.Reporter.reportStep(Reporter.java:20)
	at wrappers.GenericWrappers.takeSnap(GenericWrappers.java:613)
	at utils.Reporter.reportStep(Reporter.java:20)
	at wrappers.GenericWrappers.takeSnap(GenericWrappers.java:613)
	at utils.Reporter.reportStep(Reporter.java:20)
	at wrappers.GenericWrappers.takeSnap(GenericWrappers.java:613)
	at utils.Reporter.reportStep(Reporter.java:20)
	at wrappers.GenericWrappers.takeSnap(GenericWrappers.java:613)
	at utils.Reporter.reportStep(Reporter.java:20)
	at wrappers.GenericWrappers.takeSnap(GenericWrappers.java:613)
	at utils.Reporter.reportStep(Reporter.java:20)
	at wrappers.GenericWrappers.takeSnap(GenericWrappers.java:613)
	at utils.Reporter.reportStep(Reporter.java:20)
	at wrappers.GenericWrappers.takeSnap(GenericWrappers.java:613)
	at utils.Reporter.reportStep(Reporter.java:20)
	at wrappers.GenericWrappers.takeSnap(GenericWrappers.java:613)
	at utils.Reporter.reportStep(Reporter.java:20)
	at wrappers.GenericWrappers.takeSnap(GenericWrappers.java:613)
	at utils.Reporter.reportStep(Reporter.java:20)
	at wrappers.GenericWrappers.takeSnap(GenericWrappers.java:613)
	at utils.Reporter.reportStep(Reporter.java:20)
	at wrappers.GenericWrappers.takeSnap(GenericWrappers.java:613)
	at utils.Reporter.reportStep(Reporter.java:20)
	at wrappers.GenericWrappers.takeSnap(GenericWrappers.java:613)
	at utils.Reporter.reportStep(Reporter.java:20)
	at wrappers.GenericWrappers.takeSnap(GenericWrappers.java:613)
	at utils.Reporter.reportStep(Reporter.java:20)
	at wrappers.GenericWrappers.takeSnap(GenericWrappers.java:613)
	at utils.Reporter.reportStep(Reporter.java:20)
	at wrappers.GenericWrappers.takeSnap(GenericWrappers.java:613)
	at utils.Reporter.reportStep(Reporter.java:20)
	at wrappers.GenericWrappers.takeSnap(GenericWrappers.java:613)
	at utils.Reporter.reportStep(Reporter.java:20)
	at wrappers.GenericWrappers.takeSnap(GenericWrappers.java:613)
	at utils.Reporter.reportStep(Reporter.java:20)
	at wrappers.GenericWrappers.takeSnap(GenericWrappers.java:613)
	at utils.Reporter.reportStep(Reporter.java:20)
	at wrappers.GenericWrappers.takeSnap(GenericWrappers.java:613)
	at utils.Reporter.reportStep(Reporter.java:20)
	at wrappers.GenericWrappers.takeSnap(GenericWrappers.java:613)
	at utils.Reporter.reportStep(Reporter.java:20)
	at wrappers.GenericWrappers.takeSnap(GenericWrappers.java:613)
	at utils.Reporter.reportStep(Reporter.java:20)
	at wrappers.GenericWrappers.takeSnap(GenericWrappers.java:613)
	at utils.Reporter.reportStep(Reporter.java:20)
	at wrappers.GenericWrappers.takeSnap(GenericWrappers.java:613)
	at utils.Reporter.reportStep(Reporter.java:20)
	at wrappers.GenericWrappers.takeSnap(GenericWrappers.java:613)
	at utils.Reporter.reportStep(Reporter.java:20)
	at wrappers.GenericWrappers.takeSnap(GenericWrappers.java:613)
	at utils.Reporter.reportStep(Reporter.java:20)
	at wrappers.GenericWrappers.takeSnap(GenericWrappers.java:613)
	at utils.Reporter.reportStep(Reporter.java:20)
	at wrappers.GenericWrappers.takeSnap(GenericWrappers.java:613)
	at utils.Reporter.reportStep(Reporter.java:20)
	at wrappers.GenericWrappers.takeSnap(GenericWrappers.java:613)
	at utils.Reporter.reportStep(Reporter.java:20)
	at wrappers.GenericWrappers.takeSnap(GenericWrappers.java:613)
	at utils.Reporter.reportStep(Reporter.java:20)
	at wrappers.GenericWrappers.takeSnap(GenericWrappers.java:613)
	at utils.Reporter.reportStep(Reporter.java:20)
	at wrappers.GenericWrappers.takeSnap(GenericWrappers.java:613)
	at utils.Reporter.reportStep(Reporter.java:20)
	at wrappers.GenericWrappers.takeSnap(GenericWrappers.java:613)
	at utils.Reporter.reportStep(Reporter.java:20)
	at wrappers.GenericWrappers.takeSnap(GenericWrappers.java:613)
	at utils.Reporter.reportStep(Reporter.java:20)
	at wrappers.GenericWrappers.takeSnap(GenericWrappers.java:613)
	at utils.Reporter.reportStep(Reporter.java:20)
	at wrappers.GenericWrappers.takeSnap(GenericWrappers.java:613)
	at utils.Reporter.reportStep(Reporter.java:20)
	at wrappers.GenericWrappers.takeSnap(GenericWrappers.java:613)
	at utils.Reporter.reportStep(Reporter.java:20)
	at wrappers.GenericWrappers.takeSnap(GenericWrappers.java:613)
	at utils.Reporter.reportStep(Reporter.java:20)
	at wrappers.GenericWrappers.takeSnap(GenericWrappers.java:613)
	at utils.Reporter.reportStep(Reporter.java:20)
	at wrappers.GenericWrappers.takeSnap(GenericWrappers.java:613)
	at utils.Reporter.reportStep(Reporter.java:20)
	at wrappers.GenericWrappers.takeSnap(GenericWrappers.java:613)
	at utils.Reporter.reportStep(Reporter.java:20)
	at wrappers.GenericWrappers.takeSnap(GenericWrappers.java:613)
	at utils.Reporter.reportStep(Reporter.java:20)
	at wrappers.GenericWrappers.takeSnap(GenericWrappers.java:613)
	at utils.Reporter.reportStep(Reporter.java:20)
	at wrappers.GenericWrappers.takeSnap(GenericWrappers.java:613)
	at utils.Reporter.reportStep(Reporter.java:20)
	at wrappers.GenericWrappers.takeSnap(GenericWrappers.java:613)
	at utils.Reporter.reportStep(Reporter.java:20)
	at wrappers.GenericWrappers.takeSnap(GenericWrappers.java:613)
	at utils.Reporter.reportStep(Reporter.java:20)
	at wrappers.GenericWrappers.takeSnap(GenericWrappers.java:613)
	at utils.Reporter.reportStep(Reporter.java:20)
	at wrappers.GenericWrappers.takeSnap(GenericWrappers.java:613)
	at utils.Reporter.reportStep(Reporter.java:20)
	at wrappers.GenericWrappers.takeSnap(GenericWrappers.java:613)
	at utils.Reporter.reportStep(Reporter.java:20)
	at wrappers.GenericWrappers.takeSnap(GenericWrappers.java:613)
	at utils.Reporter.reportStep(Reporter.java:20)
	at wrappers.GenericWrappers.takeSnap(GenericWrappers.java:613)
	at utils.Reporter.reportStep(Reporter.java:20)
	at wrappers.GenericWrappers.takeSnap(GenericWrappers.java:613)
	at utils.Reporter.reportStep(Reporter.java:20)
	at wrappers.GenericWrappers.takeSnap(GenericWrappers.java:613)
	at utils.Reporter.reportStep(Reporter.java:20)
	at wrappers.GenericWrappers.takeSnap(GenericWrappers.java:613)
	at utils.Reporter.reportStep(Reporter.java:20)
	at wrappers.GenericWrappers.takeSnap(GenericWrappers.java:613)
	at utils.Reporter.reportStep(Reporter.java:20)
	at wrappers.GenericWrappers.takeSnap(GenericWrappers.java:613)
	at utils.Reporter.reportStep(Reporter.java:20)
	at wrappers.GenericWrappers.takeSnap(GenericWrappers.java:613)
	at utils.Reporter.reportStep(Reporter.java:20)
	at wrappers.GenericWrappers.takeSnap(GenericWrappers.java:613)
	at utils.Reporter.reportStep(Reporter.java:20)
	at wrappers.GenericWrappers.takeSnap(GenericWrappers.java:613)
	at utils.Reporter.reportStep(Reporter.java:20)
	at wrappers.GenericWrappers.takeSnap(GenericWrappers.java:613)
	at utils.Reporter.reportStep(Reporter.java:20)
	at wrappers.GenericWrappers.takeSnap(GenericWrappers.java:613)
	at utils.Reporter.reportStep(Reporter.java:20)
	at wrappers.GenericWrappers.takeSnap(GenericWrappers.java:613)
	at utils.Reporter.reportStep(Reporter.java:20)
	at wrappers.GenericWrappers.takeSnap(GenericWrappers.java:613)
	at utils.Reporter.reportStep(Reporter.java:20)
	at wrappers.GenericWrappers.takeSnap(GenericWrappers.java:613)
	at utils.Reporter.reportStep(Reporter.java:20)
	at wrappers.GenericWrappers.takeSnap(GenericWrappers.java:613)
	at utils.Reporter.reportStep(Reporter.java:20)
	at wrappers.GenericWrappers.takeSnap(GenericWrappers.java:613)
	at utils.Reporter.reportStep(Reporter.java:20)
	at wrappers.GenericWrappers.takeSnap(GenericWrappers.java:613)
	at utils.Reporter.reportStep(Reporter.java:20)
	at wrappers.GenericWrappers.takeSnap(GenericWrappers.java:613)
	at utils.Reporter.reportStep(Reporter.java:20)
	at wrappers.GenericWrappers.takeSnap(GenericWrappers.java:613)
	at utils.Reporter.reportStep(Reporter.java:20)
	at wrappers.GenericWrappers.takeSnap(GenericWrappers.java:613)
	at utils.Reporter.reportStep(Reporter.java:20)
	at wrappers.GenericWrappers.takeSnap(GenericWrappers.java:613)
	at utils.Reporter.reportStep(Reporter.java:20)
	at wrappers.GenericWrappers.takeSnap(GenericWrappers.java:613)
	at utils.Reporter.reportStep(Reporter.java:20)
	at wrappers.GenericWrappers.takeSnap(GenericWrappers.java:613)
	at utils.Reporter.reportStep(Reporter.java:20)
	at wrappers.GenericWrappers.takeSnap(GenericWrappers.java:613)
	at utils.Reporter.reportStep(Reporter.java:20)
	at wrappers.GenericWrappers.takeSnap(GenericWrappers.java:613)
	at utils.Reporter.reportStep(Reporter.java:20)
	at wrappers.GenericWrappers.takeSnap(GenericWrappers.java:613)
	at utils.Reporter.reportStep(Reporter.java:20)
	at wrappers.GenericWrappers.takeSnap(GenericWrappers.java:613)
	at utils.Reporter.reportStep(Reporter.java:20)
	at wrappers.GenericWrappers.takeSnap(GenericWrappers.java:613)
	at utils.Reporter.reportStep(Reporter.java:20)
	at wrappers.GenericWrappers.takeSnap(GenericWrappers.java:613)
	at utils.Reporter.reportStep(Reporter.java:20)
	at wrappers.GenericWrappers.takeSnap(GenericWrappers.java:613)
	at utils.Reporter.reportStep(Reporter.java:20)
	at wrappers.GenericWrappers.takeSnap(GenericWrappers.java:613)
	at utils.Reporter.reportStep(Reporter.java:20)
	at wrappers.GenericWrappers.takeSnap(GenericWrappers.java:613)
	at utils.Reporter.reportStep(Reporter.java:20)
	at wrappers.GenericWrappers.takeSnap(GenericWrappers.java:613)
	at utils.Reporter.reportStep(Reporter.java:20)
	at wrappers.GenericWrappers.takeSnap(GenericWrappers.java:613)
	at utils.Reporter.reportStep(Reporter.java:20)
	at wrappers.GenericWrappers.takeSnap(GenericWrappers.java:613)
	at utils.Reporter.reportStep(Reporter.java:20)
	at wrappers.GenericWrappers.takeSnap(GenericWrappers.java:613)
	at utils.Reporter.reportStep(Reporter.java:20)
	at wrappers.GenericWrappers.takeSnap(GenericWrappers.java:613)
	at utils.Reporter.reportStep(Reporter.java:20)
	at wrappers.GenericWrappers.takeSnap(GenericWrappers.java:613)
	at utils.Reporter.reportStep(Reporter.java:20)
	at wrappers.GenericWrappers.takeSnap(GenericWrappers.java:613)
	at utils.Reporter.reportStep(Reporter.java:20)
	at wrappers.GenericWrappers.takeSnap(GenericWrappers.java:613)
	at utils.Reporter.reportStep(Reporter.java:20)
	at wrappers.GenericWrappers.takeSnap(GenericWrappers.java:613)
	at utils.Reporter.reportStep(Reporter.java:20)
	at wrappers.GenericWrappers.takeSnap(GenericWrappers.java:613)
	at utils.Reporter.reportStep(Reporter.java:20)
	at wrappers.GenericWrappers.takeSnap(GenericWrappers.java:613)
	at utils.Reporter.reportStep(Reporter.java:20)
	at wrappers.GenericWrappers.takeSnap(GenericWrappers.java:613)
	at utils.Reporter.reportStep(Reporter.java:20)
	at wrappers.GenericWrappers.takeSnap(GenericWrappers.java:613)
	at utils.Reporter.reportStep(Reporter.java:20)
	at wrappers.GenericWrappers.takeSnap(GenericWrappers.java:613)
	at utils.Reporter.reportStep(Reporter.java:20)
	at wrappers.GenericWrappers.takeSnap(GenericWrappers.java:613)
	at utils.Reporter.reportStep(Reporter.java:20)
	at wrappers.GenericWrappers.takeSnap(GenericWrappers.java:613)
	at utils.Reporter.reportStep(Reporter.java:20)
	at wrappers.GenericWrappers.takeSnap(GenericWrappers.java:613)
	at utils.Reporter.reportStep(Reporter.java:20)
	at wrappers.GenericWrappers.takeSnap(GenericWrappers.java:613)
	at utils.Reporter.reportStep(Reporter.java:20)
	at wrappers.GenericWrappers.takeSnap(GenericWrappers.java:613)
	at utils.Reporter.reportStep(Reporter.java:20)
	at wrappers.GenericWrappers.takeSnap(GenericWrappers.java:613)
	at utils.Reporter.reportStep(Reporter.java:20)
	at wrappers.GenericWrappers.takeSnap(GenericWrappers.java:613)
	at utils.Reporter.reportStep(Reporter.java:20)
	at wrappers.GenericWrappers.takeSnap(GenericWrappers.java:613)
	at utils.Reporter.reportStep(Reporter.java:20)
	at wrappers.GenericWrappers.takeSnap(GenericWrappers.java:613)
	at utils.Reporter.reportStep(Reporter.java:20)
	at wrappers.GenericWrappers.takeSnap(GenericWrappers.java:613)
	at utils.Reporter.reportStep(Reporter.java:20)
	at wrappers.GenericWrappers.takeSnap(GenericWrappers.java:613)
	at utils.Reporter.reportStep(Reporter.java:20)
	at wrappers.GenericWrappers.takeSnap(GenericWrappers.java:613)
	at utils.Reporter.reportStep(Reporter.java:20)
	at wrappers.GenericWrappers.takeSnap(GenericWrappers.java:613)
	at utils.Reporter.reportStep(Reporter.java:20)
	at wrappers.GenericWrappers.takeSnap(GenericWrappers.java:613)
	at utils.Reporter.reportStep(Reporter.java:20)
	at wrappers.GenericWrappers.takeSnap(GenericWrappers.java:613)
	at utils.Reporter.reportStep(Reporter.java:20)
	at wrappers.GenericWrappers.takeSnap(GenericWrappers.java:613)
	at utils.Reporter.reportStep(Reporter.java:20)
	at wrappers.GenericWrappers.takeSnap(GenericWrappers.java:613)
	at utils.Reporter.reportStep(Reporter.java:20)
	at wrappers.GenericWrappers.takeSnap(GenericWrappers.java:613)
	at utils.Reporter.reportStep(Reporter.java:20)
	at wrappers.GenericWrappers.takeSnap(GenericWrappers.java:613)
	at utils.Reporter.reportStep(Reporter.java:20)
	at wrappers.GenericWrappers.takeSnap(GenericWrappers.java:613)
	at utils.Reporter.reportStep(Reporter.java:20)
	at wrappers.GenericWrappers.takeSnap(GenericWrappers.java:613)
	at utils.Reporter.reportStep(Reporter.java:20)
	at wrappers.GenericWrappers.takeSnap(GenericWrappers.java:613)
	at utils.Reporter.reportStep(Reporter.java:20)
	at wrappers.GenericWrappers.takeSnap(GenericWrappers.java:613)
	at utils.Reporter.reportStep(Reporter.java:20)
	at wrappers.GenericWrappers.takeSnap(GenericWrappers.java:613)
	at utils.Reporter.reportStep(Reporter.java:20)
	at wrappers.GenericWrappers.takeSnap(GenericWrappers.java:613)
	at utils.Reporter.reportStep(Reporter.java:20)
	at wrappers.GenericWrappers.takeSnap(GenericWrappers.java:613)
	at utils.Reporter.reportStep(Reporter.java:20)
	at wrappers.GenericWrappers.takeSnap(GenericWrappers.java:613)
	at utils.Reporter.reportStep(Reporter.java:20)
	at wrappers.GenericWrappers.takeSnap(GenericWrappers.java:613)
	at utils.Reporter.reportStep(Reporter.java:20)
	at wrappers.GenericWrappers.takeSnap(GenericWrappers.java:613)
	at utils.Reporter.reportStep(Reporter.java:20)
	at wrappers.GenericWrappers.takeSnap(GenericWrappers.java:613)
	at utils.Reporter.reportStep(Reporter.java:20)
	at wrappers.GenericWrappers.takeSnap(GenericWrappers.java:613)
	at utils.Reporter.reportStep(Reporter.java:20)
	at wrappers.GenericWrappers.takeSnap(GenericWrappers.java:613)
	at utils.Reporter.reportStep(Reporter.java:20)
	at wrappers.GenericWrappers.takeSnap(GenericWrappers.java:613)
	at utils.Reporter.reportStep(Reporter.java:20)
	at wrappers.GenericWrappers.takeSnap(GenericWrappers.java:613)
	at utils.Reporter.reportStep(Reporter.java:20)
	at wrappers.GenericWrappers.takeSnap(GenericWrappers.java:613)
	at utils.Reporter.reportStep(Reporter.java:20)
	at wrappers.GenericWrappers.takeSnap(GenericWrappers.java:613)
	at utils.Reporter.reportStep(Reporter.java:20)
	at wrappers.GenericWrappers.takeSnap(GenericWrappers.java:613)
	at utils.Reporter.reportStep(Reporter.java:20)
	at wrappers.GenericWrappers.takeSnap(GenericWrappers.java:613)
	at utils.Reporter.reportStep(Reporter.java:20)
	at wrappers.GenericWrappers.takeSnap(GenericWrappers.java:613)
	at utils.Reporter.reportStep(Reporter.java:20)
	at wrappers.GenericWrappers.takeSnap(GenericWrappers.java:613)
	at utils.Reporter.reportStep(Reporter.java:20)
	at wrappers.GenericWrappers.takeSnap(GenericWrappers.java:613)
	at utils.Reporter.reportStep(Reporter.java:20)
	at wrappers.GenericWrappers.takeSnap(GenericWrappers.java:613)
	at utils.Reporter.reportStep(Reporter.java:20)
	at wrappers.GenericWrappers.takeSnap(GenericWrappers.java:613)
	at utils.Reporter.reportStep(Reporter.java:20)
	at wrappers.GenericWrappers.takeSnap(GenericWrappers.java:613)
	at utils.Reporter.reportStep(Reporter.java:20)
	at wrappers.GenericWrappers.takeSnap(GenericWrappers.java:613)
	at utils.Reporter.reportStep(Reporter.java:20)
	at wrappers.GenericWrappers.takeSnap(GenericWrappers.java:613)
	at utils.Reporter.reportStep(Reporter.java:20)
	at wrappers.GenericWrappers.takeSnap(GenericWrappers.java:613)
	at utils.Reporter.reportStep(Reporter.java:20)
	at wrappers.GenericWrappers.takeSnap(GenericWrappers.java:613)
	at utils.Reporter.reportStep(Reporter.java:20)
	at wrappers.GenericWrappers.takeSnap(GenericWrappers.java:613)
	at utils.Reporter.reportStep(Reporter.java:20)
	at wrappers.GenericWrappers.takeSnap(GenericWrappers.java:613)
	at utils.Reporter.reportStep(Reporter.java:20)
	at wrappers.GenericWrappers.takeSnap(GenericWrappers.java:613)
	at utils.Reporter.reportStep(Reporter.java:20)
	at wrappers.GenericWrappers.takeSnap(GenericWrappers.java:613)
	at utils.Reporter.reportStep(Reporter.java:20)
	at wrappers.GenericWrappers.takeSnap(GenericWrappers.java:613)
	at utils.Reporter.reportStep(Reporter.java:20)
	at wrappers.GenericWrappers.takeSnap(GenericWrappers.java:613)
	at utils.Reporter.reportStep(Reporter.java:20)
	at wrappers.GenericWrappers.takeSnap(GenericWrappers.java:613)
	at utils.Reporter.reportStep(Reporter.java:20)
	at wrappers.GenericWrappers.takeSnap(GenericWrappers.java:613)
	at utils.Reporter.reportStep(Reporter.java:20)
	at wrappers.GenericWrappers.takeSnap(GenericWrappers.java:613)
	at utils.Reporter.reportStep(Reporter.java:20)
	at wrappers.GenericWrappers.takeSnap(GenericWrappers.java:613)
	at utils.Reporter.reportStep(Reporter.java:20)
	at wrappers.GenericWrappers.takeSnap(GenericWrappers.java:613)
	at utils.Reporter.reportStep(Reporter.java:20)
	at wrappers.GenericWrappers.takeSnap(GenericWrappers.java:613)
	at utils.Reporter.reportStep(Reporter.java:20)
	at wrappers.GenericWrappers.takeSnap(GenericWrappers.java:613)
	at utils.Reporter.reportStep(Reporter.java:20)
	at wrappers.GenericWrappers.takeSnap(GenericWrappers.java:613)
	at utils.Reporter.reportStep(Reporter.java:20)
	at wrappers.GenericWrappers.takeSnap(GenericWrappers.java:613)
	at utils.Reporter.reportStep(Reporter.java:20)
	at wrappers.GenericWrappers.takeSnap(GenericWrappers.java:613)
	at utils.Reporter.reportStep(Reporter.java:20)
	at wrappers.GenericWrappers.takeSnap(GenericWrappers.java:613)
	at utils.Reporter.reportStep(Reporter.java:20)
	at wrappers.GenericWrappers.takeSnap(GenericWrappers.java:613)
	at utils.Reporter.reportStep(Reporter.java:20)
	at wrappers.GenericWrappers.takeSnap(GenericWrappers.java:613)
	at utils.Reporter.reportStep(Reporter.java:20)
	at wrappers.GenericWrappers.takeSnap(GenericWrappers.java:613)
	at utils.Reporter.reportStep(Reporter.java:20)
	at wrappers.GenericWrappers.takeSnap(GenericWrappers.java:613)
	at utils.Reporter.reportStep(Reporter.java:20)
	at wrappers.GenericWrappers.takeSnap(GenericWrappers.java:613)
	at utils.Reporter.reportStep(Reporter.java:20)
	at wrappers.GenericWrappers.takeSnap(GenericWrappers.java:613)
	at utils.Reporter.reportStep(Reporter.java:20)
	at wrappers.GenericWrappers.takeSnap(GenericWrappers.java:613)
	at utils.Reporter.reportStep(Reporter.java:20)
	at wrappers.GenericWrappers.takeSnap(GenericWrappers.java:613)
	at utils.Reporter.reportStep(Reporter.java:20)
	at wrappers.GenericWrappers.takeSnap(GenericWrappers.java:613)
	at utils.Reporter.reportStep(Reporter.java:20)
	at wrappers.GenericWrappers.takeSnap(GenericWrappers.java:613)
]]>
    </error>
  </testcase> <!-- login -->
  <testcase name="login" time="0.000" classname="testCases.TC001_Login">
    <error type="java.lang.StackOverflowError">
      <![CDATA[java.lang.StackOverflowError
	at java.util.regex.Pattern$Branch.match(Unknown Source)
	at java.util.regex.Pattern$BranchConn.match(Unknown Source)
	at java.util.regex.Pattern$GroupTail.match(Unknown Source)
	at java.util.regex.Pattern$Curly.match0(Unknown Source)
	at java.util.regex.Pattern$Curly.match(Unknown Source)
	at java.util.regex.Pattern$GroupHead.match(Unknown Source)
	at java.util.regex.Pattern$Branch.match(Unknown Source)
	at java.util.regex.Pattern$Branch.match(Unknown Source)
	at java.util.regex.Pattern$BmpCharProperty.match(Unknown Source)
	at java.util.regex.Pattern$Start.match(Unknown Source)
	at java.util.regex.Matcher.search(Unknown Source)
	at java.util.regex.Matcher.find(Unknown Source)
	at java.util.Formatter.parse(Unknown Source)
	at java.util.Formatter.format(Unknown Source)
	at java.util.Formatter.format(Unknown Source)
	at java.lang.String.format(Unknown Source)
	at org.openqa.selenium.remote.RemoteWebDriver.execute(RemoteWebDriver.java:549)
	at org.openqa.selenium.remote.RemoteWebDriver.execute(RemoteWebDriver.java:609)
	at org.openqa.selenium.remote.RemoteWebDriver.getScreenshotAs(RemoteWebDriver.java:295)
	at wrappers.GenericWrappers.takeSnap(GenericWrappers.java:610)
	at utils.Reporter.reportStep(Reporter.java:20)
	at wrappers.GenericWrappers.takeSnap(GenericWrappers.java:613)
	at utils.Reporter.reportStep(Reporter.java:20)
	at wrappers.GenericWrappers.takeSnap(GenericWrappers.java:613)
	at utils.Reporter.reportStep(Reporter.java:20)
	at wrappers.GenericWrappers.takeSnap(GenericWrappers.java:613)
	at utils.Reporter.reportStep(Reporter.java:20)
	at wrappers.GenericWrappers.takeSnap(GenericWrappers.java:613)
	at utils.Reporter.reportStep(Reporter.java:20)
	at wrappers.GenericWrappers.takeSnap(GenericWrappers.java:613)
	at utils.Reporter.reportStep(Reporter.java:20)
	at wrappers.GenericWrappers.takeSnap(GenericWrappers.java:613)
	at utils.Reporter.reportStep(Reporter.java:20)
	at wrappers.GenericWrappers.takeSnap(GenericWrappers.java:613)
	at utils.Reporter.reportStep(Reporter.java:20)
	at wrappers.GenericWrappers.takeSnap(GenericWrappers.java:613)
	at utils.Reporter.reportStep(Reporter.java:20)
	at wrappers.GenericWrappers.takeSnap(GenericWrappers.java:613)
	at utils.Reporter.reportStep(Reporter.java:20)
	at wrappers.GenericWrappers.takeSnap(GenericWrappers.java:613)
	at utils.Reporter.reportStep(Reporter.java:20)
	at wrappers.GenericWrappers.takeSnap(GenericWrappers.java:613)
	at utils.Reporter.reportStep(Reporter.java:20)
	at wrappers.GenericWrappers.takeSnap(GenericWrappers.java:613)
	at utils.Reporter.reportStep(Reporter.java:20)
	at wrappers.GenericWrappers.takeSnap(GenericWrappers.java:613)
	at utils.Reporter.reportStep(Reporter.java:20)
	at wrappers.GenericWrappers.takeSnap(GenericWrappers.java:613)
	at utils.Reporter.reportStep(Reporter.java:20)
	at wrappers.GenericWrappers.takeSnap(GenericWrappers.java:613)
	at utils.Reporter.reportStep(Reporter.java:20)
	at wrappers.GenericWrappers.takeSnap(GenericWrappers.java:613)
	at utils.Reporter.reportStep(Reporter.java:20)
	at wrappers.GenericWrappers.takeSnap(GenericWrappers.java:613)
	at utils.Reporter.reportStep(Reporter.java:20)
	at wrappers.GenericWrappers.takeSnap(GenericWrappers.java:613)
	at utils.Reporter.reportStep(Reporter.java:20)
	at wrappers.GenericWrappers.takeSnap(GenericWrappers.java:613)
	at utils.Reporter.reportStep(Reporter.java:20)
	at wrappers.GenericWrappers.takeSnap(GenericWrappers.java:613)
	at utils.Reporter.reportStep(Reporter.java:20)
	at wrappers.GenericWrappers.takeSnap(GenericWrappers.java:613)
	at utils.Reporter.reportStep(Reporter.java:20)
	at wrappers.GenericWrappers.takeSnap(GenericWrappers.java:613)
	at utils.Reporter.reportStep(Reporter.java:20)
	at wrappers.GenericWrappers.takeSnap(GenericWrappers.java:613)
	at utils.Reporter.reportStep(Reporter.java:20)
	at wrappers.GenericWrappers.takeSnap(GenericWrappers.java:613)
	at utils.Reporter.reportStep(Reporter.java:20)
	at wrappers.GenericWrappers.takeSnap(GenericWrappers.java:613)
	at utils.Reporter.reportStep(Reporter.java:20)
	at wrappers.GenericWrappers.takeSnap(GenericWrappers.java:613)
	at utils.Reporter.reportStep(Reporter.java:20)
	at wrappers.GenericWrappers.takeSnap(GenericWrappers.java:613)
	at utils.Reporter.reportStep(Reporter.java:20)
	at wrappers.GenericWrappers.takeSnap(GenericWrappers.java:613)
	at utils.Reporter.reportStep(Reporter.java:20)
	at wrappers.GenericWrappers.takeSnap(GenericWrappers.java:613)
	at utils.Reporter.reportStep(Reporter.java:20)
	at wrappers.GenericWrappers.takeSnap(GenericWrappers.java:613)
	at utils.Reporter.reportStep(Reporter.java:20)
	at wrappers.GenericWrappers.takeSnap(GenericWrappers.java:613)
	at utils.Reporter.reportStep(Reporter.java:20)
	at wrappers.GenericWrappers.takeSnap(GenericWrappers.java:613)
	at utils.Reporter.reportStep(Reporter.java:20)
	at wrappers.GenericWrappers.takeSnap(GenericWrappers.java:613)
	at utils.Reporter.reportStep(Reporter.java:20)
	at wrappers.GenericWrappers.takeSnap(GenericWrappers.java:613)
	at utils.Reporter.reportStep(Reporter.java:20)
	at wrappers.GenericWrappers.takeSnap(GenericWrappers.java:613)
	at utils.Reporter.reportStep(Reporter.java:20)
	at wrappers.GenericWrappers.takeSnap(GenericWrappers.java:613)
	at utils.Reporter.reportStep(Reporter.java:20)
	at wrappers.GenericWrappers.takeSnap(GenericWrappers.java:613)
	at utils.Reporter.reportStep(Reporter.java:20)
	at wrappers.GenericWrappers.takeSnap(GenericWrappers.java:613)
	at utils.Reporter.reportStep(Reporter.java:20)
	at wrappers.GenericWrappers.takeSnap(GenericWrappers.java:613)
	at utils.Reporter.reportStep(Reporter.java:20)
	at wrappers.GenericWrappers.takeSnap(GenericWrappers.java:613)
	at utils.Reporter.reportStep(Reporter.java:20)
	at wrappers.GenericWrappers.takeSnap(GenericWrappers.java:613)
	at utils.Reporter.reportStep(Reporter.java:20)
	at wrappers.GenericWrappers.takeSnap(GenericWrappers.java:613)
	at utils.Reporter.reportStep(Reporter.java:20)
	at wrappers.GenericWrappers.takeSnap(GenericWrappers.java:613)
	at utils.Reporter.reportStep(Reporter.java:20)
	at wrappers.GenericWrappers.takeSnap(GenericWrappers.java:613)
	at utils.Reporter.reportStep(Reporter.java:20)
	at wrappers.GenericWrappers.takeSnap(GenericWrappers.java:613)
	at utils.Reporter.reportStep(Reporter.java:20)
	at wrappers.GenericWrappers.takeSnap(GenericWrappers.java:613)
	at utils.Reporter.reportStep(Reporter.java:20)
	at wrappers.GenericWrappers.takeSnap(GenericWrappers.java:613)
	at utils.Reporter.reportStep(Reporter.java:20)
	at wrappers.GenericWrappers.takeSnap(GenericWrappers.java:613)
	at utils.Reporter.reportStep(Reporter.java:20)
	at wrappers.GenericWrappers.takeSnap(GenericWrappers.java:613)
	at utils.Reporter.reportStep(Reporter.java:20)
	at wrappers.GenericWrappers.takeSnap(GenericWrappers.java:613)
	at utils.Reporter.reportStep(Reporter.java:20)
	at wrappers.GenericWrappers.takeSnap(GenericWrappers.java:613)
	at utils.Reporter.reportStep(Reporter.java:20)
	at wrappers.GenericWrappers.takeSnap(GenericWrappers.java:613)
	at utils.Reporter.reportStep(Reporter.java:20)
	at wrappers.GenericWrappers.takeSnap(GenericWrappers.java:613)
	at utils.Reporter.reportStep(Reporter.java:20)
	at wrappers.GenericWrappers.takeSnap(GenericWrappers.java:613)
	at utils.Reporter.reportStep(Reporter.java:20)
	at wrappers.GenericWrappers.takeSnap(GenericWrappers.java:613)
	at utils.Reporter.reportStep(Reporter.java:20)
	at wrappers.GenericWrappers.takeSnap(GenericWrappers.java:613)
	at utils.Reporter.reportStep(Reporter.java:20)
	at wrappers.GenericWrappers.takeSnap(GenericWrappers.java:613)
	at utils.Reporter.reportStep(Reporter.java:20)
	at wrappers.GenericWrappers.takeSnap(GenericWrappers.java:613)
	at utils.Reporter.reportStep(Reporter.java:20)
	at wrappers.GenericWrappers.takeSnap(GenericWrappers.java:613)
	at utils.Reporter.reportStep(Reporter.java:20)
	at wrappers.GenericWrappers.takeSnap(GenericWrappers.java:613)
	at utils.Reporter.reportStep(Reporter.java:20)
	at wrappers.GenericWrappers.takeSnap(GenericWrappers.java:613)
	at utils.Reporter.reportStep(Reporter.java:20)
	at wrappers.GenericWrappers.takeSnap(GenericWrappers.java:613)
	at utils.Reporter.reportStep(Reporter.java:20)
	at wrappers.GenericWrappers.takeSnap(GenericWrappers.java:613)
	at utils.Reporter.reportStep(Reporter.java:20)
	at wrappers.GenericWrappers.takeSnap(GenericWrappers.java:613)
	at utils.Reporter.reportStep(Reporter.java:20)
	at wrappers.GenericWrappers.takeSnap(GenericWrappers.java:613)
	at utils.Reporter.reportStep(Reporter.java:20)
	at wrappers.GenericWrappers.takeSnap(GenericWrappers.java:613)
	at utils.Reporter.reportStep(Reporter.java:20)
	at wrappers.GenericWrappers.takeSnap(GenericWrappers.java:613)
	at utils.Reporter.reportStep(Reporter.java:20)
	at wrappers.GenericWrappers.takeSnap(GenericWrappers.java:613)
	at utils.Reporter.reportStep(Reporter.java:20)
	at wrappers.GenericWrappers.takeSnap(GenericWrappers.java:613)
	at utils.Reporter.reportStep(Reporter.java:20)
	at wrappers.GenericWrappers.takeSnap(GenericWrappers.java:613)
	at utils.Reporter.reportStep(Reporter.java:20)
	at wrappers.GenericWrappers.takeSnap(GenericWrappers.java:613)
	at utils.Reporter.reportStep(Reporter.java:20)
	at wrappers.GenericWrappers.takeSnap(GenericWrappers.java:613)
	at utils.Reporter.reportStep(Reporter.java:20)
	at wrappers.GenericWrappers.takeSnap(GenericWrappers.java:613)
	at utils.Reporter.reportStep(Reporter.java:20)
	at wrappers.GenericWrappers.takeSnap(GenericWrappers.java:613)
	at utils.Reporter.reportStep(Reporter.java:20)
	at wrappers.GenericWrappers.takeSnap(GenericWrappers.java:613)
	at utils.Reporter.reportStep(Reporter.java:20)
	at wrappers.GenericWrappers.takeSnap(GenericWrappers.java:613)
	at utils.Reporter.reportStep(Reporter.java:20)
	at wrappers.GenericWrappers.takeSnap(GenericWrappers.java:613)
	at utils.Reporter.reportStep(Reporter.java:20)
	at wrappers.GenericWrappers.takeSnap(GenericWrappers.java:613)
	at utils.Reporter.reportStep(Reporter.java:20)
	at wrappers.GenericWrappers.takeSnap(GenericWrappers.java:613)
	at utils.Reporter.reportStep(Reporter.java:20)
	at wrappers.GenericWrappers.takeSnap(GenericWrappers.java:613)
	at utils.Reporter.reportStep(Reporter.java:20)
	at wrappers.GenericWrappers.takeSnap(GenericWrappers.java:613)
	at utils.Reporter.reportStep(Reporter.java:20)
	at wrappers.GenericWrappers.takeSnap(GenericWrappers.java:613)
	at utils.Reporter.reportStep(Reporter.java:20)
	at wrappers.GenericWrappers.takeSnap(GenericWrappers.java:613)
	at utils.Reporter.reportStep(Reporter.java:20)
	at wrappers.GenericWrappers.takeSnap(GenericWrappers.java:613)
	at utils.Reporter.reportStep(Reporter.java:20)
	at wrappers.GenericWrappers.takeSnap(GenericWrappers.java:613)
	at utils.Reporter.reportStep(Reporter.java:20)
	at wrappers.GenericWrappers.takeSnap(GenericWrappers.java:613)
	at utils.Reporter.reportStep(Reporter.java:20)
	at wrappers.GenericWrappers.takeSnap(GenericWrappers.java:613)
	at utils.Reporter.reportStep(Reporter.java:20)
	at wrappers.GenericWrappers.takeSnap(GenericWrappers.java:613)
	at utils.Reporter.reportStep(Reporter.java:20)
	at wrappers.GenericWrappers.takeSnap(GenericWrappers.java:613)
	at utils.Reporter.reportStep(Reporter.java:20)
	at wrappers.GenericWrappers.takeSnap(GenericWrappers.java:613)
	at utils.Reporter.reportStep(Reporter.java:20)
	at wrappers.GenericWrappers.takeSnap(GenericWrappers.java:613)
	at utils.Reporter.reportStep(Reporter.java:20)
	at wrappers.GenericWrappers.takeSnap(GenericWrappers.java:613)
	at utils.Reporter.reportStep(Reporter.java:20)
	at wrappers.GenericWrappers.takeSnap(GenericWrappers.java:613)
	at utils.Reporter.reportStep(Reporter.java:20)
	at wrappers.GenericWrappers.takeSnap(GenericWrappers.java:613)
	at utils.Reporter.reportStep(Reporter.java:20)
	at wrappers.GenericWrappers.takeSnap(GenericWrappers.java:613)
	at utils.Reporter.reportStep(Reporter.java:20)
	at wrappers.GenericWrappers.takeSnap(GenericWrappers.java:613)
	at utils.Reporter.reportStep(Reporter.java:20)
	at wrappers.GenericWrappers.takeSnap(GenericWrappers.java:613)
	at utils.Reporter.reportStep(Reporter.java:20)
	at wrappers.GenericWrappers.takeSnap(GenericWrappers.java:613)
	at utils.Reporter.reportStep(Reporter.java:20)
	at wrappers.GenericWrappers.takeSnap(GenericWrappers.java:613)
	at utils.Reporter.reportStep(Reporter.java:20)
	at wrappers.GenericWrappers.takeSnap(GenericWrappers.java:613)
	at utils.Reporter.reportStep(Reporter.java:20)
	at wrappers.GenericWrappers.takeSnap(GenericWrappers.java:613)
	at utils.Reporter.reportStep(Reporter.java:20)
	at wrappers.GenericWrappers.takeSnap(GenericWrappers.java:613)
	at utils.Reporter.reportStep(Reporter.java:20)
	at wrappers.GenericWrappers.takeSnap(GenericWrappers.java:613)
	at utils.Reporter.reportStep(Reporter.java:20)
	at wrappers.GenericWrappers.takeSnap(GenericWrappers.java:613)
	at utils.Reporter.reportStep(Reporter.java:20)
	at wrappers.GenericWrappers.takeSnap(GenericWrappers.java:613)
	at utils.Reporter.reportStep(Reporter.java:20)
	at wrappers.GenericWrappers.takeSnap(GenericWrappers.java:613)
	at utils.Reporter.reportStep(Reporter.java:20)
	at wrappers.GenericWrappers.takeSnap(GenericWrappers.java:613)
	at utils.Reporter.reportStep(Reporter.java:20)
	at wrappers.GenericWrappers.takeSnap(GenericWrappers.java:613)
	at utils.Reporter.reportStep(Reporter.java:20)
	at wrappers.GenericWrappers.takeSnap(GenericWrappers.java:613)
	at utils.Reporter.reportStep(Reporter.java:20)
	at wrappers.GenericWrappers.takeSnap(GenericWrappers.java:613)
	at utils.Reporter.reportStep(Reporter.java:20)
	at wrappers.GenericWrappers.takeSnap(GenericWrappers.java:613)
	at utils.Reporter.reportStep(Reporter.java:20)
	at wrappers.GenericWrappers.takeSnap(GenericWrappers.java:613)
	at utils.Reporter.reportStep(Reporter.java:20)
	at wrappers.GenericWrappers.takeSnap(GenericWrappers.java:613)
	at utils.Reporter.reportStep(Reporter.java:20)
	at wrappers.GenericWrappers.takeSnap(GenericWrappers.java:613)
	at utils.Reporter.reportStep(Reporter.java:20)
	at wrappers.GenericWrappers.takeSnap(GenericWrappers.java:613)
	at utils.Reporter.reportStep(Reporter.java:20)
	at wrappers.GenericWrappers.takeSnap(GenericWrappers.java:613)
	at utils.Reporter.reportStep(Reporter.java:20)
	at wrappers.GenericWrappers.takeSnap(GenericWrappers.java:613)
	at utils.Reporter.reportStep(Reporter.java:20)
	at wrappers.GenericWrappers.takeSnap(GenericWrappers.java:613)
	at utils.Reporter.reportStep(Reporter.java:20)
	at wrappers.GenericWrappers.takeSnap(GenericWrappers.java:613)
	at utils.Reporter.reportStep(Reporter.java:20)
	at wrappers.GenericWrappers.takeSnap(GenericWrappers.java:613)
	at utils.Reporter.reportStep(Reporter.java:20)
	at wrappers.GenericWrappers.takeSnap(GenericWrappers.java:613)
	at utils.Reporter.reportStep(Reporter.java:20)
	at wrappers.GenericWrappers.takeSnap(GenericWrappers.java:613)
	at utils.Reporter.reportStep(Reporter.java:20)
	at wrappers.GenericWrappers.takeSnap(GenericWrappers.java:613)
	at utils.Reporter.reportStep(Reporter.java:20)
	at wrappers.GenericWrappers.takeSnap(GenericWrappers.java:613)
	at utils.Reporter.reportStep(Reporter.java:20)
	at wrappers.GenericWrappers.takeSnap(GenericWrappers.java:613)
	at utils.Reporter.reportStep(Reporter.java:20)
	at wrappers.GenericWrappers.takeSnap(GenericWrappers.java:613)
	at utils.Reporter.reportStep(Reporter.java:20)
	at wrappers.GenericWrappers.takeSnap(GenericWrappers.java:613)
	at utils.Reporter.reportStep(Reporter.java:20)
	at wrappers.GenericWrappers.takeSnap(GenericWrappers.java:613)
	at utils.Reporter.reportStep(Reporter.java:20)
	at wrappers.GenericWrappers.takeSnap(GenericWrappers.java:613)
	at utils.Reporter.reportStep(Reporter.java:20)
	at wrappers.GenericWrappers.takeSnap(GenericWrappers.java:613)
	at utils.Reporter.reportStep(Reporter.java:20)
	at wrappers.GenericWrappers.takeSnap(GenericWrappers.java:613)
	at utils.Reporter.reportStep(Reporter.java:20)
	at wrappers.GenericWrappers.takeSnap(GenericWrappers.java:613)
	at utils.Reporter.reportStep(Reporter.java:20)
	at wrappers.GenericWrappers.takeSnap(GenericWrappers.java:613)
	at utils.Reporter.reportStep(Reporter.java:20)
	at wrappers.GenericWrappers.takeSnap(GenericWrappers.java:613)
	at utils.Reporter.reportStep(Reporter.java:20)
	at wrappers.GenericWrappers.takeSnap(GenericWrappers.java:613)
	at utils.Reporter.reportStep(Reporter.java:20)
	at wrappers.GenericWrappers.takeSnap(GenericWrappers.java:613)
	at utils.Reporter.reportStep(Reporter.java:20)
	at wrappers.GenericWrappers.takeSnap(GenericWrappers.java:613)
	at utils.Reporter.reportStep(Reporter.java:20)
	at wrappers.GenericWrappers.takeSnap(GenericWrappers.java:613)
	at utils.Reporter.reportStep(Reporter.java:20)
	at wrappers.GenericWrappers.takeSnap(GenericWrappers.java:613)
	at utils.Reporter.reportStep(Reporter.java:20)
	at wrappers.GenericWrappers.takeSnap(GenericWrappers.java:613)
	at utils.Reporter.reportStep(Reporter.java:20)
	at wrappers.GenericWrappers.takeSnap(GenericWrappers.java:613)
	at utils.Reporter.reportStep(Reporter.java:20)
	at wrappers.GenericWrappers.takeSnap(GenericWrappers.java:613)
	at utils.Reporter.reportStep(Reporter.java:20)
	at wrappers.GenericWrappers.takeSnap(GenericWrappers.java:613)
	at utils.Reporter.reportStep(Reporter.java:20)
	at wrappers.GenericWrappers.takeSnap(GenericWrappers.java:613)
	at utils.Reporter.reportStep(Reporter.java:20)
	at wrappers.GenericWrappers.takeSnap(GenericWrappers.java:613)
	at utils.Reporter.reportStep(Reporter.java:20)
	at wrappers.GenericWrappers.takeSnap(GenericWrappers.java:613)
	at utils.Reporter.reportStep(Reporter.java:20)
	at wrappers.GenericWrappers.takeSnap(GenericWrappers.java:613)
	at utils.Reporter.reportStep(Reporter.java:20)
	at wrappers.GenericWrappers.takeSnap(GenericWrappers.java:613)
	at utils.Reporter.reportStep(Reporter.java:20)
	at wrappers.GenericWrappers.takeSnap(GenericWrappers.java:613)
	at utils.Reporter.reportStep(Reporter.java:20)
	at wrappers.GenericWrappers.takeSnap(GenericWrappers.java:613)
	at utils.Reporter.reportStep(Reporter.java:20)
	at wrappers.GenericWrappers.takeSnap(GenericWrappers.java:613)
	at utils.Reporter.reportStep(Reporter.java:20)
	at wrappers.GenericWrappers.takeSnap(GenericWrappers.java:613)
	at utils.Reporter.reportStep(Reporter.java:20)
	at wrappers.GenericWrappers.takeSnap(GenericWrappers.java:613)
	at utils.Reporter.reportStep(Reporter.java:20)
	at wrappers.GenericWrappers.takeSnap(GenericWrappers.java:613)
	at utils.Reporter.reportStep(Reporter.java:20)
	at wrappers.GenericWrappers.takeSnap(GenericWrappers.java:613)
	at utils.Reporter.reportStep(Reporter.java:20)
	at wrappers.GenericWrappers.takeSnap(GenericWrappers.java:613)
	at utils.Reporter.reportStep(Reporter.java:20)
	at wrappers.GenericWrappers.takeSnap(GenericWrappers.java:613)
	at utils.Reporter.reportStep(Reporter.java:20)
	at wrappers.GenericWrappers.takeSnap(GenericWrappers.java:613)
	at utils.Reporter.reportStep(Reporter.java:20)
	at wrappers.GenericWrappers.takeSnap(GenericWrappers.java:613)
	at utils.Reporter.reportStep(Reporter.java:20)
	at wrappers.GenericWrappers.takeSnap(GenericWrappers.java:613)
	at utils.Reporter.reportStep(Reporter.java:20)
	at wrappers.GenericWrappers.takeSnap(GenericWrappers.java:613)
	at utils.Reporter.reportStep(Reporter.java:20)
	at wrappers.GenericWrappers.takeSnap(GenericWrappers.java:613)
	at utils.Reporter.reportStep(Reporter.java:20)
	at wrappers.GenericWrappers.takeSnap(GenericWrappers.java:613)
	at utils.Reporter.reportStep(Reporter.java:20)
	at wrappers.GenericWrappers.takeSnap(GenericWrappers.java:613)
	at utils.Reporter.reportStep(Reporter.java:20)
	at wrappers.GenericWrappers.takeSnap(GenericWrappers.java:613)
	at utils.Reporter.reportStep(Reporter.java:20)
	at wrappers.GenericWrappers.takeSnap(GenericWrappers.java:613)
	at utils.Reporter.reportStep(Reporter.java:20)
	at wrappers.GenericWrappers.takeSnap(GenericWrappers.java:613)
	at utils.Reporter.reportStep(Reporter.java:20)
	at wrappers.GenericWrappers.takeSnap(GenericWrappers.java:613)
	at utils.Reporter.reportStep(Reporter.java:20)
	at wrappers.GenericWrappers.takeSnap(GenericWrappers.java:613)
	at utils.Reporter.reportStep(Reporter.java:20)
	at wrappers.GenericWrappers.takeSnap(GenericWrappers.java:613)
	at utils.Reporter.reportStep(Reporter.java:20)
	at wrappers.GenericWrappers.takeSnap(GenericWrappers.java:613)
	at utils.Reporter.reportStep(Reporter.java:20)
	at wrappers.GenericWrappers.takeSnap(GenericWrappers.java:613)
	at utils.Reporter.reportStep(Reporter.java:20)
	at wrappers.GenericWrappers.takeSnap(GenericWrappers.java:613)
	at utils.Reporter.reportStep(Reporter.java:20)
	at wrappers.GenericWrappers.takeSnap(GenericWrappers.java:613)
	at utils.Reporter.reportStep(Reporter.java:20)
	at wrappers.GenericWrappers.takeSnap(GenericWrappers.java:613)
	at utils.Reporter.reportStep(Reporter.java:20)
	at wrappers.GenericWrappers.takeSnap(GenericWrappers.java:613)
	at utils.Reporter.reportStep(Reporter.java:20)
	at wrappers.GenericWrappers.takeSnap(GenericWrappers.java:613)
	at utils.Reporter.reportStep(Reporter.java:20)
	at wrappers.GenericWrappers.takeSnap(GenericWrappers.java:613)
	at utils.Reporter.reportStep(Reporter.java:20)
	at wrappers.GenericWrappers.takeSnap(GenericWrappers.java:613)
	at utils.Reporter.reportStep(Reporter.java:20)
	at wrappers.GenericWrappers.takeSnap(GenericWrappers.java:613)
	at utils.Reporter.reportStep(Reporter.java:20)
	at wrappers.GenericWrappers.takeSnap(GenericWrappers.java:613)
	at utils.Reporter.reportStep(Reporter.java:20)
	at wrappers.GenericWrappers.takeSnap(GenericWrappers.java:613)
	at utils.Reporter.reportStep(Reporter.java:20)
	at wrappers.GenericWrappers.takeSnap(GenericWrappers.java:613)
	at utils.Reporter.reportStep(Reporter.java:20)
	at wrappers.GenericWrappers.takeSnap(GenericWrappers.java:613)
	at utils.Reporter.reportStep(Reporter.java:20)
	at wrappers.GenericWrappers.takeSnap(GenericWrappers.java:613)
	at utils.Reporter.reportStep(Reporter.java:20)
	at wrappers.GenericWrappers.takeSnap(GenericWrappers.java:613)
	at utils.Reporter.reportStep(Reporter.java:20)
	at wrappers.GenericWrappers.takeSnap(GenericWrappers.java:613)
	at utils.Reporter.reportStep(Reporter.java:20)
	at wrappers.GenericWrappers.takeSnap(GenericWrappers.java:613)
	at utils.Reporter.reportStep(Reporter.java:20)
	at wrappers.GenericWrappers.takeSnap(GenericWrappers.java:613)
	at utils.Reporter.reportStep(Reporter.java:20)
	at wrappers.GenericWrappers.takeSnap(GenericWrappers.java:613)
	at utils.Reporter.reportStep(Reporter.java:20)
	at wrappers.GenericWrappers.takeSnap(GenericWrappers.java:613)
	at utils.Reporter.reportStep(Reporter.java:20)
	at wrappers.GenericWrappers.takeSnap(GenericWrappers.java:613)
	at utils.Reporter.reportStep(Reporter.java:20)
	at wrappers.GenericWrappers.takeSnap(GenericWrappers.java:613)
	at utils.Reporter.reportStep(Reporter.java:20)
	at wrappers.GenericWrappers.takeSnap(GenericWrappers.java:613)
	at utils.Reporter.reportStep(Reporter.java:20)
	at wrappers.GenericWrappers.takeSnap(GenericWrappers.java:613)
	at utils.Reporter.reportStep(Reporter.java:20)
	at wrappers.GenericWrappers.takeSnap(GenericWrappers.java:613)
	at utils.Reporter.reportStep(Reporter.java:20)
	at wrappers.GenericWrappers.takeSnap(GenericWrappers.java:613)
	at utils.Reporter.reportStep(Reporter.java:20)
	at wrappers.GenericWrappers.takeSnap(GenericWrappers.java:613)
	at utils.Reporter.reportStep(Reporter.java:20)
	at wrappers.GenericWrappers.takeSnap(GenericWrappers.java:613)
	at utils.Reporter.reportStep(Reporter.java:20)
	at wrappers.GenericWrappers.takeSnap(GenericWrappers.java:613)
	at utils.Reporter.reportStep(Reporter.java:20)
	at wrappers.GenericWrappers.takeSnap(GenericWrappers.java:613)
	at utils.Reporter.reportStep(Reporter.java:20)
	at wrappers.GenericWrappers.takeSnap(GenericWrappers.java:613)
	at utils.Reporter.reportStep(Reporter.java:20)
	at wrappers.GenericWrappers.takeSnap(GenericWrappers.java:613)
	at utils.Reporter.reportStep(Reporter.java:20)
	at wrappers.GenericWrappers.takeSnap(GenericWrappers.java:613)
	at utils.Reporter.reportStep(Reporter.java:20)
	at wrappers.GenericWrappers.takeSnap(GenericWrappers.java:613)
	at utils.Reporter.reportStep(Reporter.java:20)
	at wrappers.GenericWrappers.takeSnap(GenericWrappers.java:613)
	at utils.Reporter.reportStep(Reporter.java:20)
	at wrappers.GenericWrappers.takeSnap(GenericWrappers.java:613)
	at utils.Reporter.reportStep(Reporter.java:20)
	at wrappers.GenericWrappers.takeSnap(GenericWrappers.java:613)
	at utils.Reporter.reportStep(Reporter.java:20)
	at wrappers.GenericWrappers.takeSnap(GenericWrappers.java:613)
	at utils.Reporter.reportStep(Reporter.java:20)
	at wrappers.GenericWrappers.takeSnap(GenericWrappers.java:613)
	at utils.Reporter.reportStep(Reporter.java:20)
	at wrappers.GenericWrappers.takeSnap(GenericWrappers.java:613)
	at utils.Reporter.reportStep(Reporter.java:20)
	at wrappers.GenericWrappers.takeSnap(GenericWrappers.java:613)
	at utils.Reporter.reportStep(Reporter.java:20)
	at wrappers.GenericWrappers.takeSnap(GenericWrappers.java:613)
	at utils.Reporter.reportStep(Reporter.java:20)
	at wrappers.GenericWrappers.takeSnap(GenericWrappers.java:613)
	at utils.Reporter.reportStep(Reporter.java:20)
	at wrappers.GenericWrappers.takeSnap(GenericWrappers.java:613)
	at utils.Reporter.reportStep(Reporter.java:20)
	at wrappers.GenericWrappers.takeSnap(GenericWrappers.java:613)
	at utils.Reporter.reportStep(Reporter.java:20)
	at wrappers.GenericWrappers.takeSnap(GenericWrappers.java:613)
	at utils.Reporter.reportStep(Reporter.java:20)
	at wrappers.GenericWrappers.takeSnap(GenericWrappers.java:613)
	at utils.Reporter.reportStep(Reporter.java:20)
	at wrappers.GenericWrappers.takeSnap(GenericWrappers.java:613)
	at utils.Reporter.reportStep(Reporter.java:20)
	at wrappers.GenericWrappers.takeSnap(GenericWrappers.java:613)
	at utils.Reporter.reportStep(Reporter.java:20)
	at wrappers.GenericWrappers.takeSnap(GenericWrappers.java:613)
	at utils.Reporter.reportStep(Reporter.java:20)
	at wrappers.GenericWrappers.takeSnap(GenericWrappers.java:613)
	at utils.Reporter.reportStep(Reporter.java:20)
	at wrappers.GenericWrappers.takeSnap(GenericWrappers.java:613)
	at utils.Reporter.reportStep(Reporter.java:20)
	at wrappers.GenericWrappers.takeSnap(GenericWrappers.java:613)
	at utils.Reporter.reportStep(Reporter.java:20)
	at wrappers.GenericWrappers.takeSnap(GenericWrappers.java:613)
	at utils.Reporter.reportStep(Reporter.java:20)
	at wrappers.GenericWrappers.takeSnap(GenericWrappers.java:613)
	at utils.Reporter.reportStep(Reporter.java:20)
	at wrappers.GenericWrappers.takeSnap(GenericWrappers.java:613)
	at utils.Reporter.reportStep(Reporter.java:20)
	at wrappers.GenericWrappers.takeSnap(GenericWrappers.java:613)
	at utils.Reporter.reportStep(Reporter.java:20)
	at wrappers.GenericWrappers.takeSnap(GenericWrappers.java:613)
	at utils.Reporter.reportStep(Reporter.java:20)
	at wrappers.GenericWrappers.takeSnap(GenericWrappers.java:613)
	at utils.Reporter.reportStep(Reporter.java:20)
	at wrappers.GenericWrappers.takeSnap(GenericWrappers.java:613)
	at utils.Reporter.reportStep(Reporter.java:20)
	at wrappers.GenericWrappers.takeSnap(GenericWrappers.java:613)
	at utils.Reporter.reportStep(Reporter.java:20)
	at wrappers.GenericWrappers.takeSnap(GenericWrappers.java:613)
	at utils.Reporter.reportStep(Reporter.java:20)
	at wrappers.GenericWrappers.takeSnap(GenericWrappers.java:613)
	at utils.Reporter.reportStep(Reporter.java:20)
	at wrappers.GenericWrappers.takeSnap(GenericWrappers.java:613)
	at utils.Reporter.reportStep(Reporter.java:20)
	at wrappers.GenericWrappers.takeSnap(GenericWrappers.java:613)
	at utils.Reporter.reportStep(Reporter.java:20)
	at wrappers.GenericWrappers.takeSnap(GenericWrappers.java:613)
	at utils.Reporter.reportStep(Reporter.java:20)
	at wrappers.GenericWrappers.takeSnap(GenericWrappers.java:613)
	at utils.Reporter.reportStep(Reporter.java:20)
	at wrappers.GenericWrappers.takeSnap(GenericWrappers.java:613)
	at utils.Reporter.reportStep(Reporter.java:20)
	at wrappers.GenericWrappers.takeSnap(GenericWrappers.java:613)
	at utils.Reporter.reportStep(Reporter.java:20)
	at wrappers.GenericWrappers.takeSnap(GenericWrappers.java:613)
	at utils.Reporter.reportStep(Reporter.java:20)
	at wrappers.GenericWrappers.takeSnap(GenericWrappers.java:613)
	at utils.Reporter.reportStep(Reporter.java:20)
	at wrappers.GenericWrappers.takeSnap(GenericWrappers.java:613)
	at utils.Reporter.reportStep(Reporter.java:20)
	at wrappers.GenericWrappers.takeSnap(GenericWrappers.java:613)
	at utils.Reporter.reportStep(Reporter.java:20)
	at wrappers.GenericWrappers.takeSnap(GenericWrappers.java:613)
	at utils.Reporter.reportStep(Reporter.java:20)
	at wrappers.GenericWrappers.takeSnap(GenericWrappers.java:613)
	at utils.Reporter.reportStep(Reporter.java:20)
	at wrappers.GenericWrappers.takeSnap(GenericWrappers.java:613)
	at utils.Reporter.reportStep(Reporter.java:20)
	at wrappers.GenericWrappers.takeSnap(GenericWrappers.java:613)
	at utils.Reporter.reportStep(Reporter.java:20)
	at wrappers.GenericWrappers.takeSnap(GenericWrappers.java:613)
	at utils.Reporter.reportStep(Reporter.java:20)
	at wrappers.GenericWrappers.takeSnap(GenericWrappers.java:613)
	at utils.Reporter.reportStep(Reporter.java:20)
	at wrappers.GenericWrappers.takeSnap(GenericWrappers.java:613)
	at utils.Reporter.reportStep(Reporter.java:20)
	at wrappers.GenericWrappers.takeSnap(GenericWrappers.java:613)
	at utils.Reporter.reportStep(Reporter.java:20)
	at wrappers.GenericWrappers.takeSnap(GenericWrappers.java:613)
	at utils.Reporter.reportStep(Reporter.java:20)
	at wrappers.GenericWrappers.takeSnap(GenericWrappers.java:613)
	at utils.Reporter.reportStep(Reporter.java:20)
	at wrappers.GenericWrappers.takeSnap(GenericWrappers.java:613)
	at utils.Reporter.reportStep(Reporter.java:20)
	at wrappers.GenericWrappers.takeSnap(GenericWrappers.java:613)
	at utils.Reporter.reportStep(Reporter.java:20)
	at wrappers.GenericWrappers.takeSnap(GenericWrappers.java:613)
	at utils.Reporter.reportStep(Reporter.java:20)
	at wrappers.GenericWrappers.takeSnap(GenericWrappers.java:613)
	at utils.Reporter.reportStep(Reporter.java:20)
	at wrappers.GenericWrappers.takeSnap(GenericWrappers.java:613)
	at utils.Reporter.reportStep(Reporter.java:20)
	at wrappers.GenericWrappers.takeSnap(GenericWrappers.java:613)
	at utils.Reporter.reportStep(Reporter.java:20)
	at wrappers.GenericWrappers.takeSnap(GenericWrappers.java:613)
	at utils.Reporter.reportStep(Reporter.java:20)
	at wrappers.GenericWrappers.takeSnap(GenericWrappers.java:613)
	at utils.Reporter.reportStep(Reporter.java:20)
	at wrappers.GenericWrappers.takeSnap(GenericWrappers.java:613)
	at utils.Reporter.reportStep(Reporter.java:20)
	at wrappers.GenericWrappers.takeSnap(GenericWrappers.java:613)
	at utils.Reporter.reportStep(Reporter.java:20)
	at wrappers.GenericWrappers.takeSnap(GenericWrappers.java:613)
	at utils.Reporter.reportStep(Reporter.java:20)
	at wrappers.GenericWrappers.takeSnap(GenericWrappers.java:613)
	at utils.Reporter.reportStep(Reporter.java:20)
	at wrappers.GenericWrappers.takeSnap(GenericWrappers.java:613)
	at utils.Reporter.reportStep(Reporter.java:20)
	at wrappers.GenericWrappers.takeSnap(GenericWrappers.java:613)
	at utils.Reporter.reportStep(Reporter.java:20)
	at wrappers.GenericWrappers.takeSnap(GenericWrappers.java:613)
	at utils.Reporter.reportStep(Reporter.java:20)
	at wrappers.GenericWrappers.takeSnap(GenericWrappers.java:613)
	at utils.Reporter.reportStep(Reporter.java:20)
	at wrappers.GenericWrappers.takeSnap(GenericWrappers.java:613)
	at utils.Reporter.reportStep(Reporter.java:20)
	at wrappers.GenericWrappers.takeSnap(GenericWrappers.java:613)
	at utils.Reporter.reportStep(Reporter.java:20)
	at wrappers.GenericWrappers.takeSnap(GenericWrappers.java:613)
	at utils.Reporter.reportStep(Reporter.java:20)
	at wrappers.GenericWrappers.takeSnap(GenericWrappers.java:613)
	at utils.Reporter.reportStep(Reporter.java:20)
	at wrappers.GenericWrappers.takeSnap(GenericWrappers.java:613)
	at utils.Reporter.reportStep(Reporter.java:20)
	at wrappers.GenericWrappers.takeSnap(GenericWrappers.java:613)
	at utils.Reporter.reportStep(Reporter.java:20)
	at wrappers.GenericWrappers.takeSnap(GenericWrappers.java:613)
	at utils.Reporter.reportStep(Reporter.java:20)
	at wrappers.GenericWrappers.takeSnap(GenericWrappers.java:613)
	at utils.Reporter.reportStep(Reporter.java:20)
	at wrappers.GenericWrappers.takeSnap(GenericWrappers.java:613)
	at utils.Reporter.reportStep(Reporter.java:20)
	at wrappers.GenericWrappers.takeSnap(GenericWrappers.java:613)
	at utils.Reporter.reportStep(Reporter.java:20)
	at wrappers.GenericWrappers.takeSnap(GenericWrappers.java:613)
	at utils.Reporter.reportStep(Reporter.java:20)
	at wrappers.GenericWrappers.takeSnap(GenericWrappers.java:613)
	at utils.Reporter.reportStep(Reporter.java:20)
	at wrappers.GenericWrappers.takeSnap(GenericWrappers.java:613)
	at utils.Reporter.reportStep(Reporter.java:20)
	at wrappers.GenericWrappers.takeSnap(GenericWrappers.java:613)
	at utils.Reporter.reportStep(Reporter.java:20)
	at wrappers.GenericWrappers.takeSnap(GenericWrappers.java:613)
	at utils.Reporter.reportStep(Reporter.java:20)
	at wrappers.GenericWrappers.takeSnap(GenericWrappers.java:613)
	at utils.Reporter.reportStep(Reporter.java:20)
	at wrappers.GenericWrappers.takeSnap(GenericWrappers.java:613)
	at utils.Reporter.reportStep(Reporter.java:20)
	at wrappers.GenericWrappers.takeSnap(GenericWrappers.java:613)
	at utils.Reporter.reportStep(Reporter.java:20)
	at wrappers.GenericWrappers.takeSnap(GenericWrappers.java:613)
	at utils.Reporter.reportStep(Reporter.java:20)
	at wrappers.GenericWrappers.takeSnap(GenericWrappers.java:613)
	at utils.Reporter.reportStep(Reporter.java:20)
	at wrappers.GenericWrappers.takeSnap(GenericWrappers.java:613)
	at utils.Reporter.reportStep(Reporter.java:20)
	at wrappers.GenericWrappers.takeSnap(GenericWrappers.java:613)
	at utils.Reporter.reportStep(Reporter.java:20)
	at wrappers.GenericWrappers.takeSnap(GenericWrappers.java:613)
	at utils.Reporter.reportStep(Reporter.java:20)
	at wrappers.GenericWrappers.takeSnap(GenericWrappers.java:613)
	at utils.Reporter.reportStep(Reporter.java:20)
	at wrappers.GenericWrappers.takeSnap(GenericWrappers.java:613)
	at utils.Reporter.reportStep(Reporter.java:20)
	at wrappers.GenericWrappers.takeSnap(GenericWrappers.java:613)
	at utils.Reporter.reportStep(Reporter.java:20)
	at wrappers.GenericWrappers.takeSnap(GenericWrappers.java:613)
	at utils.Reporter.reportStep(Reporter.java:20)
	at wrappers.GenericWrappers.takeSnap(GenericWrappers.java:613)
	at utils.Reporter.reportStep(Reporter.java:20)
	at wrappers.GenericWrappers.takeSnap(GenericWrappers.java:613)
	at utils.Reporter.reportStep(Reporter.java:20)
	at wrappers.GenericWrappers.takeSnap(GenericWrappers.java:613)
	at utils.Reporter.reportStep(Reporter.java:20)
	at wrappers.GenericWrappers.takeSnap(GenericWrappers.java:613)
	at utils.Reporter.reportStep(Reporter.java:20)
	at wrappers.GenericWrappers.takeSnap(GenericWrappers.java:613)
	at utils.Reporter.reportStep(Reporter.java:20)
	at wrappers.GenericWrappers.takeSnap(GenericWrappers.java:613)
	at utils.Reporter.reportStep(Reporter.java:20)
	at wrappers.GenericWrappers.takeSnap(GenericWrappers.java:613)
	at utils.Reporter.reportStep(Reporter.java:20)
	at wrappers.GenericWrappers.takeSnap(GenericWrappers.java:613)
	at utils.Reporter.reportStep(Reporter.java:20)
	at wrappers.GenericWrappers.takeSnap(GenericWrappers.java:613)
	at utils.Reporter.reportStep(Reporter.java:20)
	at wrappers.GenericWrappers.takeSnap(GenericWrappers.java:613)
	at utils.Reporter.reportStep(Reporter.java:20)
	at wrappers.GenericWrappers.takeSnap(GenericWrappers.java:613)
	at utils.Reporter.reportStep(Reporter.java:20)
	at wrappers.GenericWrappers.takeSnap(GenericWrappers.java:613)
	at utils.Reporter.reportStep(Reporter.java:20)
	at wrappers.GenericWrappers.takeSnap(GenericWrappers.java:613)
	at utils.Reporter.reportStep(Reporter.java:20)
	at wrappers.GenericWrappers.takeSnap(GenericWrappers.java:613)
	at utils.Reporter.reportStep(Reporter.java:20)
	at wrappers.GenericWrappers.takeSnap(GenericWrappers.java:613)
	at utils.Reporter.reportStep(Reporter.java:20)
	at wrappers.GenericWrappers.takeSnap(GenericWrappers.java:613)
	at utils.Reporter.reportStep(Reporter.java:20)
	at wrappers.GenericWrappers.takeSnap(GenericWrappers.java:613)
	at utils.Reporter.reportStep(Reporter.java:20)
	at wrappers.GenericWrappers.takeSnap(GenericWrappers.java:613)
	at utils.Reporter.reportStep(Reporter.java:20)
	at wrappers.GenericWrappers.takeSnap(GenericWrappers.java:613)
	at utils.Reporter.reportStep(Reporter.java:20)
	at wrappers.GenericWrappers.takeSnap(GenericWrappers.java:613)
	at utils.Reporter.reportStep(Reporter.java:20)
	at wrappers.GenericWrappers.takeSnap(GenericWrappers.java:613)
	at utils.Reporter.reportStep(Reporter.java:20)
	at wrappers.GenericWrappers.takeSnap(GenericWrappers.java:613)
	at utils.Reporter.reportStep(Reporter.java:20)
	at wrappers.GenericWrappers.takeSnap(GenericWrappers.java:613)
	at utils.Reporter.reportStep(Reporter.java:20)
	at wrappers.GenericWrappers.takeSnap(GenericWrappers.java:613)
	at utils.Reporter.reportStep(Reporter.java:20)
	at wrappers.GenericWrappers.takeSnap(GenericWrappers.java:613)
	at utils.Reporter.reportStep(Reporter.java:20)
	at wrappers.GenericWrappers.takeSnap(GenericWrappers.java:613)
	at utils.Reporter.reportStep(Reporter.java:20)
	at wrappers.GenericWrappers.takeSnap(GenericWrappers.java:613)
	at utils.Reporter.reportStep(Reporter.java:20)
	at wrappers.GenericWrappers.takeSnap(GenericWrappers.java:613)
	at utils.Reporter.reportStep(Reporter.java:20)
	at wrappers.GenericWrappers.takeSnap(GenericWrappers.java:613)
	at utils.Reporter.reportStep(Reporter.java:20)
	at wrappers.GenericWrappers.takeSnap(GenericWrappers.java:613)
	at utils.Reporter.reportStep(Reporter.java:20)
	at wrappers.GenericWrappers.takeSnap(GenericWrappers.java:613)
	at utils.Reporter.reportStep(Reporter.java:20)
	at wrappers.GenericWrappers.takeSnap(GenericWrappers.java:613)
	at utils.Reporter.reportStep(Reporter.java:20)
	at wrappers.GenericWrappers.takeSnap(GenericWrappers.java:613)
	at utils.Reporter.reportStep(Reporter.java:20)
	at wrappers.GenericWrappers.takeSnap(GenericWrappers.java:613)
	at utils.Reporter.reportStep(Reporter.java:20)
	at wrappers.GenericWrappers.takeSnap(GenericWrappers.java:613)
	at utils.Reporter.reportStep(Reporter.java:20)
	at wrappers.GenericWrappers.takeSnap(GenericWrappers.java:613)
	at utils.Reporter.reportStep(Reporter.java:20)
	at wrappers.GenericWrappers.takeSnap(GenericWrappers.java:613)
	at utils.Reporter.reportStep(Reporter.java:20)
	at wrappers.GenericWrappers.takeSnap(GenericWrappers.java:613)
	at utils.Reporter.reportStep(Reporter.java:20)
	at wrappers.GenericWrappers.takeSnap(GenericWrappers.java:613)
	at utils.Reporter.reportStep(Reporter.java:20)
	at wrappers.GenericWrappers.takeSnap(GenericWrappers.java:613)
	at utils.Reporter.reportStep(Reporter.java:20)
	at wrappers.GenericWrappers.takeSnap(GenericWrappers.java:613)
	at utils.Reporter.reportStep(Reporter.java:20)
	at wrappers.GenericWrappers.takeSnap(GenericWrappers.java:613)
	at utils.Reporter.reportStep(Reporter.java:20)
	at wrappers.GenericWrappers.takeSnap(GenericWrappers.java:613)
	at utils.Reporter.reportStep(Reporter.java:20)
	at wrappers.GenericWrappers.takeSnap(GenericWrappers.java:613)
	at utils.Reporter.reportStep(Reporter.java:20)
	at wrappers.GenericWrappers.takeSnap(GenericWrappers.java:613)
	at utils.Reporter.reportStep(Reporter.java:20)
	at wrappers.GenericWrappers.takeSnap(GenericWrappers.java:613)
	at utils.Reporter.reportStep(Reporter.java:20)
	at wrappers.GenericWrappers.takeSnap(GenericWrappers.java:613)
	at utils.Reporter.reportStep(Reporter.java:20)
	at wrappers.GenericWrappers.takeSnap(GenericWrappers.java:613)
	at utils.Reporter.reportStep(Reporter.java:20)
	at wrappers.GenericWrappers.takeSnap(GenericWrappers.java:613)
	at utils.Reporter.reportStep(Reporter.java:20)
	at wrappers.GenericWrappers.takeSnap(GenericWrappers.java:613)
	at utils.Reporter.reportStep(Reporter.java:20)
	at wrappers.GenericWrappers.takeSnap(GenericWrappers.java:613)
	at utils.Reporter.reportStep(Reporter.java:20)
	at wrappers.GenericWrappers.takeSnap(GenericWrappers.java:613)
	at utils.Reporter.reportStep(Reporter.java:20)
	at wrappers.GenericWrappers.takeSnap(GenericWrappers.java:613)
	at utils.Reporter.reportStep(Reporter.java:20)
	at wrappers.GenericWrappers.takeSnap(GenericWrappers.java:613)
	at utils.Reporter.reportStep(Reporter.java:20)
	at wrappers.GenericWrappers.takeSnap(GenericWrappers.java:613)
	at utils.Reporter.reportStep(Reporter.java:20)
	at wrappers.GenericWrappers.takeSnap(GenericWrappers.java:613)
	at utils.Reporter.reportStep(Reporter.java:20)
	at wrappers.GenericWrappers.takeSnap(GenericWrappers.java:613)
	at utils.Reporter.reportStep(Reporter.java:20)
	at wrappers.GenericWrappers.takeSnap(GenericWrappers.java:613)
	at utils.Reporter.reportStep(Reporter.java:20)
	at wrappers.GenericWrappers.takeSnap(GenericWrappers.java:613)
	at utils.Reporter.reportStep(Reporter.java:20)
	at wrappers.GenericWrappers.takeSnap(GenericWrappers.java:613)
	at utils.Reporter.reportStep(Reporter.java:20)
	at wrappers.GenericWrappers.takeSnap(GenericWrappers.java:613)
	at utils.Reporter.reportStep(Reporter.java:20)
	at wrappers.GenericWrappers.takeSnap(GenericWrappers.java:613)
	at utils.Reporter.reportStep(Reporter.java:20)
	at wrappers.GenericWrappers.takeSnap(GenericWrappers.java:613)
	at utils.Reporter.reportStep(Reporter.java:20)
	at wrappers.GenericWrappers.takeSnap(GenericWrappers.java:613)
	at utils.Reporter.reportStep(Reporter.java:20)
	at wrappers.GenericWrappers.takeSnap(GenericWrappers.java:613)
	at utils.Reporter.reportStep(Reporter.java:20)
	at wrappers.GenericWrappers.takeSnap(GenericWrappers.java:613)
	at utils.Reporter.reportStep(Reporter.java:20)
	at wrappers.GenericWrappers.takeSnap(GenericWrappers.java:613)
	at utils.Reporter.reportStep(Reporter.java:20)
	at wrappers.GenericWrappers.takeSnap(GenericWrappers.java:613)
	at utils.Reporter.reportStep(Reporter.java:20)
	at wrappers.GenericWrappers.takeSnap(GenericWrappers.java:613)
	at utils.Reporter.reportStep(Reporter.java:20)
	at wrappers.GenericWrappers.takeSnap(GenericWrappers.java:613)
	at utils.Reporter.reportStep(Reporter.java:20)
	at wrappers.GenericWrappers.takeSnap(GenericWrappers.java:613)
	at utils.Reporter.reportStep(Reporter.java:20)
	at wrappers.GenericWrappers.takeSnap(GenericWrappers.java:613)
	at utils.Reporter.reportStep(Reporter.java:20)
	at wrappers.GenericWrappers.takeSnap(GenericWrappers.java:613)
	at utils.Reporter.reportStep(Reporter.java:20)
	at wrappers.GenericWrappers.takeSnap(GenericWrappers.java:613)
	at utils.Reporter.reportStep(Reporter.java:20)
	at wrappers.GenericWrappers.takeSnap(GenericWrappers.java:613)
	at utils.Reporter.reportStep(Reporter.java:20)
	at wrappers.GenericWrappers.takeSnap(GenericWrappers.java:613)
	at utils.Reporter.reportStep(Reporter.java:20)
	at wrappers.GenericWrappers.takeSnap(GenericWrappers.java:613)
	at utils.Reporter.reportStep(Reporter.java:20)
	at wrappers.GenericWrappers.takeSnap(GenericWrappers.java:613)
	at utils.Reporter.reportStep(Reporter.java:20)
	at wrappers.GenericWrappers.takeSnap(GenericWrappers.java:613)
	at utils.Reporter.reportStep(Reporter.java:20)
	at wrappers.GenericWrappers.takeSnap(GenericWrappers.java:613)
	at utils.Reporter.reportStep(Reporter.java:20)
	at wrappers.GenericWrappers.takeSnap(GenericWrappers.java:613)
	at utils.Reporter.reportStep(Reporter.java:20)
	at wrappers.GenericWrappers.takeSnap(GenericWrappers.java:613)
	at utils.Reporter.reportStep(Reporter.java:20)
	at wrappers.GenericWrappers.takeSnap(GenericWrappers.java:613)
	at utils.Reporter.reportStep(Reporter.java:20)
	at wrappers.GenericWrappers.takeSnap(GenericWrappers.java:613)
	at utils.Reporter.reportStep(Reporter.java:20)
	at wrappers.GenericWrappers.takeSnap(GenericWrappers.java:613)
	at utils.Reporter.reportStep(Reporter.java:20)
	at wrappers.GenericWrappers.takeSnap(GenericWrappers.java:613)
	at utils.Reporter.reportStep(Reporter.java:20)
	at wrappers.GenericWrappers.takeSnap(GenericWrappers.java:613)
	at utils.Reporter.reportStep(Reporter.java:20)
	at wrappers.GenericWrappers.takeSnap(GenericWrappers.java:613)
	at utils.Reporter.reportStep(Reporter.java:20)
	at wrappers.GenericWrappers.takeSnap(GenericWrappers.java:613)
	at utils.Reporter.reportStep(Reporter.java:20)
	at wrappers.GenericWrappers.takeSnap(GenericWrappers.java:613)
	at utils.Reporter.reportStep(Reporter.java:20)
	at wrappers.GenericWrappers.takeSnap(GenericWrappers.java:613)
	at utils.Reporter.reportStep(Reporter.java:20)
	at wrappers.GenericWrappers.takeSnap(GenericWrappers.java:613)
	at utils.Reporter.reportStep(Reporter.java:20)
	at wrappers.GenericWrappers.takeSnap(GenericWrappers.java:613)
	at utils.Reporter.reportStep(Reporter.java:20)
	at wrappers.GenericWrappers.takeSnap(GenericWrappers.java:613)
	at utils.Reporter.reportStep(Reporter.java:20)
	at wrappers.GenericWrappers.takeSnap(GenericWrappers.java:613)
	at utils.Reporter.reportStep(Reporter.java:20)
	at wrappers.GenericWrappers.takeSnap(GenericWrappers.java:613)
	at utils.Reporter.reportStep(Reporter.java:20)
	at wrappers.GenericWrappers.takeSnap(GenericWrappers.java:613)
	at utils.Reporter.reportStep(Reporter.java:20)
	at wrappers.GenericWrappers.takeSnap(GenericWrappers.java:613)
	at utils.Reporter.reportStep(Reporter.java:20)
	at wrappers.GenericWrappers.takeSnap(GenericWrappers.java:613)
	at utils.Reporter.reportStep(Reporter.java:20)
	at wrappers.GenericWrappers.takeSnap(GenericWrappers.java:613)
	at utils.Reporter.reportStep(Reporter.java:20)
	at wrappers.GenericWrappers.takeSnap(GenericWrappers.java:613)
	at utils.Reporter.reportStep(Reporter.java:20)
	at wrappers.GenericWrappers.takeSnap(GenericWrappers.java:613)
	at utils.Reporter.reportStep(Reporter.java:20)
	at wrappers.GenericWrappers.takeSnap(GenericWrappers.java:613)
	at utils.Reporter.reportStep(Reporter.java:20)
	at wrappers.GenericWrappers.takeSnap(GenericWrappers.java:613)
	at utils.Reporter.reportStep(Reporter.java:20)
	at wrappers.GenericWrappers.takeSnap(GenericWrappers.java:613)
	at utils.Reporter.reportStep(Reporter.java:20)
	at wrappers.GenericWrappers.takeSnap(GenericWrappers.java:613)
	at utils.Reporter.reportStep(Reporter.java:20)
	at wrappers.GenericWrappers.takeSnap(GenericWrappers.java:613)
	at utils.Reporter.reportStep(Reporter.java:20)
	at wrappers.GenericWrappers.takeSnap(GenericWrappers.java:613)
	at utils.Reporter.reportStep(Reporter.java:20)
	at wrappers.GenericWrappers.takeSnap(GenericWrappers.java:613)
	at utils.Reporter.reportStep(Reporter.java:20)
	at wrappers.GenericWrappers.takeSnap(GenericWrappers.java:613)
	at utils.Reporter.reportStep(Reporter.java:20)
	at wrappers.GenericWrappers.takeSnap(GenericWrappers.java:613)
	at utils.Reporter.reportStep(Reporter.java:20)
	at wrappers.GenericWrappers.takeSnap(GenericWrappers.java:613)
	at utils.Reporter.reportStep(Reporter.java:20)
	at wrappers.GenericWrappers.takeSnap(GenericWrappers.java:613)
	at utils.Reporter.reportStep(Reporter.java:20)
	at wrappers.GenericWrappers.takeSnap(GenericWrappers.java:613)
	at utils.Reporter.reportStep(Reporter.java:20)
	at wrappers.GenericWrappers.takeSnap(GenericWrappers.java:613)
	at utils.Reporter.reportStep(Reporter.java:20)
	at wrappers.GenericWrappers.takeSnap(GenericWrappers.java:613)
	at utils.Reporter.reportStep(Reporter.java:20)
	at wrappers.GenericWrappers.takeSnap(GenericWrappers.java:613)
	at utils.Reporter.reportStep(Reporter.java:20)
	at wrappers.GenericWrappers.takeSnap(GenericWrappers.java:613)
	at utils.Reporter.reportStep(Reporter.java:20)
	at wrappers.GenericWrappers.takeSnap(GenericWrappers.java:613)
	at utils.Reporter.reportStep(Reporter.java:20)
	at wrappers.GenericWrappers.takeSnap(GenericWrappers.java:613)
	at utils.Reporter.reportStep(Reporter.java:20)
	at wrappers.GenericWrappers.takeSnap(GenericWrappers.java:613)
	at utils.Reporter.reportStep(Reporter.java:20)
	at wrappers.GenericWrappers.takeSnap(GenericWrappers.java:613)
	at utils.Reporter.reportStep(Reporter.java:20)
	at wrappers.GenericWrappers.takeSnap(GenericWrappers.java:613)
	at utils.Reporter.reportStep(Reporter.java:20)
	at wrappers.GenericWrappers.takeSnap(GenericWrappers.java:613)
	at utils.Reporter.reportStep(Reporter.java:20)
	at wrappers.GenericWrappers.takeSnap(GenericWrappers.java:613)
	at utils.Reporter.reportStep(Reporter.java:20)
	at wrappers.GenericWrappers.takeSnap(GenericWrappers.java:613)
	at utils.Reporter.reportStep(Reporter.java:20)
	at wrappers.GenericWrappers.takeSnap(GenericWrappers.java:613)
	at utils.Reporter.reportStep(Reporter.java:20)
	at wrappers.GenericWrappers.takeSnap(GenericWrappers.java:613)
	at utils.Reporter.reportStep(Reporter.java:20)
	at wrappers.GenericWrappers.takeSnap(GenericWrappers.java:613)
	at utils.Reporter.reportStep(Reporter.java:20)
	at wrappers.GenericWrappers.takeSnap(GenericWrappers.java:613)
	at utils.Reporter.reportStep(Reporter.java:20)
	at wrappers.GenericWrappers.takeSnap(GenericWrappers.java:613)
	at utils.Reporter.reportStep(Reporter.java:20)
	at wrappers.GenericWrappers.takeSnap(GenericWrappers.java:613)
	at utils.Reporter.reportStep(Reporter.java:20)
	at wrappers.GenericWrappers.takeSnap(GenericWrappers.java:613)
	at utils.Reporter.reportStep(Reporter.java:20)
	at wrappers.GenericWrappers.takeSnap(GenericWrappers.java:613)
	at utils.Reporter.reportStep(Reporter.java:20)
	at wrappers.GenericWrappers.takeSnap(GenericWrappers.java:613)
	at utils.Reporter.reportStep(Reporter.java:20)
	at wrappers.GenericWrappers.takeSnap(GenericWrappers.java:613)
	at utils.Reporter.reportStep(Reporter.java:20)
	at wrappers.GenericWrappers.takeSnap(GenericWrappers.java:613)
	at utils.Reporter.reportStep(Reporter.java:20)
	at wrappers.GenericWrappers.takeSnap(GenericWrappers.java:613)
	at utils.Reporter.reportStep(Reporter.java:20)
	at wrappers.GenericWrappers.takeSnap(GenericWrappers.java:613)
	at utils.Reporter.reportStep(Reporter.java:20)
	at wrappers.GenericWrappers.takeSnap(GenericWrappers.java:613)
	at utils.Reporter.reportStep(Reporter.java:20)
	at wrappers.GenericWrappers.takeSnap(GenericWrappers.java:613)
	at utils.Reporter.reportStep(Reporter.java:20)
	at wrappers.GenericWrappers.takeSnap(GenericWrappers.java:613)
	at utils.Reporter.reportStep(Reporter.java:20)
	at wrappers.GenericWrappers.takeSnap(GenericWrappers.java:613)
	at utils.Reporter.reportStep(Reporter.java:20)
	at wrappers.GenericWrappers.takeSnap(GenericWrappers.java:613)
	at utils.Reporter.reportStep(Reporter.java:20)
	at wrappers.GenericWrappers.takeSnap(GenericWrappers.java:613)
	at utils.Reporter.reportStep(Reporter.java:20)
	at wrappers.GenericWrappers.takeSnap(GenericWrappers.java:613)
	at utils.Reporter.reportStep(Reporter.java:20)
	at wrappers.GenericWrappers.takeSnap(GenericWrappers.java:613)
	at utils.Reporter.reportStep(Reporter.java:20)
	at wrappers.GenericWrappers.takeSnap(GenericWrappers.java:613)
	at utils.Reporter.reportStep(Reporter.java:20)
	at wrappers.GenericWrappers.takeSnap(GenericWrappers.java:613)
	at utils.Reporter.reportStep(Reporter.java:20)
	at wrappers.GenericWrappers.takeSnap(GenericWrappers.java:613)
	at utils.Reporter.reportStep(Reporter.java:20)
	at wrappers.GenericWrappers.takeSnap(GenericWrappers.java:613)
	at utils.Reporter.reportStep(Reporter.java:20)
	at wrappers.GenericWrappers.takeSnap(GenericWrappers.java:613)
	at utils.Reporter.reportStep(Reporter.java:20)
	at wrappers.GenericWrappers.takeSnap(GenericWrappers.java:613)
	at utils.Reporter.reportStep(Reporter.java:20)
	at wrappers.GenericWrappers.takeSnap(GenericWrappers.java:613)
	at utils.Reporter.reportStep(Reporter.java:20)
	at wrappers.GenericWrappers.takeSnap(GenericWrappers.java:613)
	at utils.Reporter.reportStep(Reporter.java:20)
	at wrappers.GenericWrappers.takeSnap(GenericWrappers.java:613)
	at utils.Reporter.reportStep(Reporter.java:20)
	at wrappers.GenericWrappers.takeSnap(GenericWrappers.java:613)
	at utils.Reporter.reportStep(Reporter.java:20)
	at wrappers.GenericWrappers.takeSnap(GenericWrappers.java:613)
	at utils.Reporter.reportStep(Reporter.java:20)
	at wrappers.GenericWrappers.takeSnap(GenericWrappers.java:613)
	at utils.Reporter.reportStep(Reporter.java:20)
	at wrappers.GenericWrappers.takeSnap(GenericWrappers.java:613)
	at utils.Reporter.reportStep(Reporter.java:20)
	at wrappers.GenericWrappers.takeSnap(GenericWrappers.java:613)
	at utils.Reporter.reportStep(Reporter.java:20)
	at wrappers.GenericWrappers.takeSnap(GenericWrappers.java:613)
	at utils.Reporter.reportStep(Reporter.java:20)
	at wrappers.GenericWrappers.takeSnap(GenericWrappers.java:613)
	at utils.Reporter.reportStep(Reporter.java:20)
	at wrappers.GenericWrappers.takeSnap(GenericWrappers.java:613)
	at utils.Reporter.reportStep(Reporter.java:20)
	at wrappers.GenericWrappers.takeSnap(GenericWrappers.java:613)
	at utils.Reporter.reportStep(Reporter.java:20)
	at wrappers.GenericWrappers.takeSnap(GenericWrappers.java:613)
	at utils.Reporter.reportStep(Reporter.java:20)
	at wrappers.GenericWrappers.takeSnap(GenericWrappers.java:613)
	at utils.Reporter.reportStep(Reporter.java:20)
	at wrappers.GenericWrappers.takeSnap(GenericWrappers.java:613)
	at utils.Reporter.reportStep(Reporter.java:20)
	at wrappers.GenericWrappers.takeSnap(GenericWrappers.java:613)
	at utils.Reporter.reportStep(Reporter.java:20)
	at wrappers.GenericWrappers.takeSnap(GenericWrappers.java:613)
	at utils.Reporter.reportStep(Reporter.java:20)
	at wrappers.GenericWrappers.takeSnap(GenericWrappers.java:613)
	at utils.Reporter.reportStep(Reporter.java:20)
	at wrappers.GenericWrappers.takeSnap(GenericWrappers.java:613)
	at utils.Reporter.reportStep(Reporter.java:20)
	at wrappers.GenericWrappers.takeSnap(GenericWrappers.java:613)
	at utils.Reporter.reportStep(Reporter.java:20)
	at wrappers.GenericWrappers.takeSnap(GenericWrappers.java:613)
	at utils.Reporter.reportStep(Reporter.java:20)
	at wrappers.GenericWrappers.takeSnap(GenericWrappers.java:613)
	at utils.Reporter.reportStep(Reporter.java:20)
	at wrappers.GenericWrappers.takeSnap(GenericWrappers.java:613)
	at utils.Reporter.reportStep(Reporter.java:20)
	at wrappers.GenericWrappers.takeSnap(GenericWrappers.java:613)
	at utils.Reporter.reportStep(Reporter.java:20)
	at wrappers.GenericWrappers.takeSnap(GenericWrappers.java:613)
	at utils.Reporter.reportStep(Reporter.java:20)
	at wrappers.GenericWrappers.takeSnap(GenericWrappers.java:613)
	at utils.Reporter.reportStep(Reporter.java:20)
	at wrappers.GenericWrappers.takeSnap(GenericWrappers.java:613)
	at utils.Reporter.reportStep(Reporter.java:20)
	at wrappers.GenericWrappers.takeSnap(GenericWrappers.java:613)
	at utils.Reporter.reportStep(Reporter.java:20)
	at wrappers.GenericWrappers.takeSnap(GenericWrappers.java:613)
	at utils.Reporter.reportStep(Reporter.java:20)
	at wrappers.GenericWrappers.takeSnap(GenericWrappers.java:613)
	at utils.Reporter.reportStep(Reporter.java:20)
	at wrappers.GenericWrappers.takeSnap(GenericWrappers.java:613)
	at utils.Reporter.reportStep(Reporter.java:20)
	at wrappers.GenericWrappers.takeSnap(GenericWrappers.java:613)
	at utils.Reporter.reportStep(Reporter.java:20)
	at wrappers.GenericWrappers.takeSnap(GenericWrappers.java:613)
	at utils.Reporter.reportStep(Reporter.java:20)
	at wrappers.GenericWrappers.takeSnap(GenericWrappers.java:613)
	at utils.Reporter.reportStep(Reporter.java:20)
	at wrappers.GenericWrappers.takeSnap(GenericWrappers.java:613)
	at utils.Reporter.reportStep(Reporter.java:20)
	at wrappers.GenericWrappers.takeSnap(GenericWrappers.java:613)
	at utils.Reporter.reportStep(Reporter.java:20)
	at wrappers.GenericWrappers.takeSnap(GenericWrappers.java:613)
	at utils.Reporter.reportStep(Reporter.java:20)
	at wrappers.GenericWrappers.takeSnap(GenericWrappers.java:613)
	at utils.Reporter.reportStep(Reporter.java:20)
	at wrappers.GenericWrappers.takeSnap(GenericWrappers.java:613)
	at utils.Reporter.reportStep(Reporter.java:20)
	at wrappers.GenericWrappers.takeSnap(GenericWrappers.java:613)
	at utils.Reporter.reportStep(Reporter.java:20)
	at wrappers.GenericWrappers.takeSnap(GenericWrappers.java:613)
	at utils.Reporter.reportStep(Reporter.java:20)
	at wrappers.GenericWrappers.takeSnap(GenericWrappers.java:613)
	at utils.Reporter.reportStep(Reporter.java:20)
	at wrappers.GenericWrappers.takeSnap(GenericWrappers.java:613)
	at utils.Reporter.reportStep(Reporter.java:20)
	at wrappers.GenericWrappers.takeSnap(GenericWrappers.java:613)
	at utils.Reporter.reportStep(Reporter.java:20)
	at wrappers.GenericWrappers.takeSnap(GenericWrappers.java:613)
	at utils.Reporter.reportStep(Reporter.java:20)
	at wrappers.GenericWrappers.takeSnap(GenericWrappers.java:613)
	at utils.Reporter.reportStep(Reporter.java:20)
	at wrappers.GenericWrappers.takeSnap(GenericWrappers.java:613)
	at utils.Reporter.reportStep(Reporter.java:20)
	at wrappers.GenericWrappers.takeSnap(GenericWrappers.java:613)
	at utils.Reporter.reportStep(Reporter.java:20)
	at wrappers.GenericWrappers.takeSnap(GenericWrappers.java:613)
	at utils.Reporter.reportStep(Reporter.java:20)
	at wrappers.GenericWrappers.takeSnap(GenericWrappers.java:613)
	at utils.Reporter.reportStep(Reporter.java:20)
	at wrappers.GenericWrappers.takeSnap(GenericWrappers.java:613)
	at utils.Reporter.reportStep(Reporter.java:20)
	at wrappers.GenericWrappers.takeSnap(GenericWrappers.java:613)
]]>
    </error>
  </testcase> <!-- login -->
  <testcase name="login" time="0.001" classname="testCases.TC001_Login">
    <error type="java.lang.StackOverflowError">
      <![CDATA[java.lang.StackOverflowError
	at java.util.regex.Pattern$Branch.match(Unknown Source)
	at java.util.regex.Pattern$BranchConn.match(Unknown Source)
	at java.util.regex.Pattern$GroupTail.match(Unknown Source)
	at java.util.regex.Pattern$Curly.match0(Unknown Source)
	at java.util.regex.Pattern$Curly.match(Unknown Source)
	at java.util.regex.Pattern$GroupHead.match(Unknown Source)
	at java.util.regex.Pattern$Branch.match(Unknown Source)
	at java.util.regex.Pattern$Branch.match(Unknown Source)
	at java.util.regex.Pattern$BmpCharProperty.match(Unknown Source)
	at java.util.regex.Pattern$Start.match(Unknown Source)
	at java.util.regex.Matcher.search(Unknown Source)
	at java.util.regex.Matcher.find(Unknown Source)
	at java.util.Formatter.parse(Unknown Source)
	at java.util.Formatter.format(Unknown Source)
	at java.util.Formatter.format(Unknown Source)
	at java.lang.String.format(Unknown Source)
	at org.openqa.selenium.remote.RemoteWebDriver.execute(RemoteWebDriver.java:549)
	at org.openqa.selenium.remote.RemoteWebDriver.execute(RemoteWebDriver.java:609)
	at org.openqa.selenium.remote.RemoteWebDriver.getScreenshotAs(RemoteWebDriver.java:295)
	at wrappers.GenericWrappers.takeSnap(GenericWrappers.java:610)
	at utils.Reporter.reportStep(Reporter.java:20)
	at wrappers.GenericWrappers.takeSnap(GenericWrappers.java:613)
	at utils.Reporter.reportStep(Reporter.java:20)
	at wrappers.GenericWrappers.takeSnap(GenericWrappers.java:613)
	at utils.Reporter.reportStep(Reporter.java:20)
	at wrappers.GenericWrappers.takeSnap(GenericWrappers.java:613)
	at utils.Reporter.reportStep(Reporter.java:20)
	at wrappers.GenericWrappers.takeSnap(GenericWrappers.java:613)
	at utils.Reporter.reportStep(Reporter.java:20)
	at wrappers.GenericWrappers.takeSnap(GenericWrappers.java:613)
	at utils.Reporter.reportStep(Reporter.java:20)
	at wrappers.GenericWrappers.takeSnap(GenericWrappers.java:613)
	at utils.Reporter.reportStep(Reporter.java:20)
	at wrappers.GenericWrappers.takeSnap(GenericWrappers.java:613)
	at utils.Reporter.reportStep(Reporter.java:20)
	at wrappers.GenericWrappers.takeSnap(GenericWrappers.java:613)
	at utils.Reporter.reportStep(Reporter.java:20)
	at wrappers.GenericWrappers.takeSnap(GenericWrappers.java:613)
	at utils.Reporter.reportStep(Reporter.java:20)
	at wrappers.GenericWrappers.takeSnap(GenericWrappers.java:613)
	at utils.Reporter.reportStep(Reporter.java:20)
	at wrappers.GenericWrappers.takeSnap(GenericWrappers.java:613)
	at utils.Reporter.reportStep(Reporter.java:20)
	at wrappers.GenericWrappers.takeSnap(GenericWrappers.java:613)
	at utils.Reporter.reportStep(Reporter.java:20)
	at wrappers.GenericWrappers.takeSnap(GenericWrappers.java:613)
	at utils.Reporter.reportStep(Reporter.java:20)
	at wrappers.GenericWrappers.takeSnap(GenericWrappers.java:613)
	at utils.Reporter.reportStep(Reporter.java:20)
	at wrappers.GenericWrappers.takeSnap(GenericWrappers.java:613)
	at utils.Reporter.reportStep(Reporter.java:20)
	at wrappers.GenericWrappers.takeSnap(GenericWrappers.java:613)
	at utils.Reporter.reportStep(Reporter.java:20)
	at wrappers.GenericWrappers.takeSnap(GenericWrappers.java:613)
	at utils.Reporter.reportStep(Reporter.java:20)
	at wrappers.GenericWrappers.takeSnap(GenericWrappers.java:613)
	at utils.Reporter.reportStep(Reporter.java:20)
	at wrappers.GenericWrappers.takeSnap(GenericWrappers.java:613)
	at utils.Reporter.reportStep(Reporter.java:20)
	at wrappers.GenericWrappers.takeSnap(GenericWrappers.java:613)
	at utils.Reporter.reportStep(Reporter.java:20)
	at wrappers.GenericWrappers.takeSnap(GenericWrappers.java:613)
	at utils.Reporter.reportStep(Reporter.java:20)
	at wrappers.GenericWrappers.takeSnap(GenericWrappers.java:613)
	at utils.Reporter.reportStep(Reporter.java:20)
	at wrappers.GenericWrappers.takeSnap(GenericWrappers.java:613)
	at utils.Reporter.reportStep(Reporter.java:20)
	at wrappers.GenericWrappers.takeSnap(GenericWrappers.java:613)
	at utils.Reporter.reportStep(Reporter.java:20)
	at wrappers.GenericWrappers.takeSnap(GenericWrappers.java:613)
	at utils.Reporter.reportStep(Reporter.java:20)
	at wrappers.GenericWrappers.takeSnap(GenericWrappers.java:613)
	at utils.Reporter.reportStep(Reporter.java:20)
	at wrappers.GenericWrappers.takeSnap(GenericWrappers.java:613)
	at utils.Reporter.reportStep(Reporter.java:20)
	at wrappers.GenericWrappers.takeSnap(GenericWrappers.java:613)
	at utils.Reporter.reportStep(Reporter.java:20)
	at wrappers.GenericWrappers.takeSnap(GenericWrappers.java:613)
	at utils.Reporter.reportStep(Reporter.java:20)
	at wrappers.GenericWrappers.takeSnap(GenericWrappers.java:613)
	at utils.Reporter.reportStep(Reporter.java:20)
	at wrappers.GenericWrappers.takeSnap(GenericWrappers.java:613)
	at utils.Reporter.reportStep(Reporter.java:20)
	at wrappers.GenericWrappers.takeSnap(GenericWrappers.java:613)
	at utils.Reporter.reportStep(Reporter.java:20)
	at wrappers.GenericWrappers.takeSnap(GenericWrappers.java:613)
	at utils.Reporter.reportStep(Reporter.java:20)
	at wrappers.GenericWrappers.takeSnap(GenericWrappers.java:613)
	at utils.Reporter.reportStep(Reporter.java:20)
	at wrappers.GenericWrappers.takeSnap(GenericWrappers.java:613)
	at utils.Reporter.reportStep(Reporter.java:20)
	at wrappers.GenericWrappers.takeSnap(GenericWrappers.java:613)
	at utils.Reporter.reportStep(Reporter.java:20)
	at wrappers.GenericWrappers.takeSnap(GenericWrappers.java:613)
	at utils.Reporter.reportStep(Reporter.java:20)
	at wrappers.GenericWrappers.takeSnap(GenericWrappers.java:613)
	at utils.Reporter.reportStep(Reporter.java:20)
	at wrappers.GenericWrappers.takeSnap(GenericWrappers.java:613)
	at utils.Reporter.reportStep(Reporter.java:20)
	at wrappers.GenericWrappers.takeSnap(GenericWrappers.java:613)
	at utils.Reporter.reportStep(Reporter.java:20)
	at wrappers.GenericWrappers.takeSnap(GenericWrappers.java:613)
	at utils.Reporter.reportStep(Reporter.java:20)
	at wrappers.GenericWrappers.takeSnap(GenericWrappers.java:613)
	at utils.Reporter.reportStep(Reporter.java:20)
	at wrappers.GenericWrappers.takeSnap(GenericWrappers.java:613)
	at utils.Reporter.reportStep(Reporter.java:20)
	at wrappers.GenericWrappers.takeSnap(GenericWrappers.java:613)
	at utils.Reporter.reportStep(Reporter.java:20)
	at wrappers.GenericWrappers.takeSnap(GenericWrappers.java:613)
	at utils.Reporter.reportStep(Reporter.java:20)
	at wrappers.GenericWrappers.takeSnap(GenericWrappers.java:613)
	at utils.Reporter.reportStep(Reporter.java:20)
	at wrappers.GenericWrappers.takeSnap(GenericWrappers.java:613)
	at utils.Reporter.reportStep(Reporter.java:20)
	at wrappers.GenericWrappers.takeSnap(GenericWrappers.java:613)
	at utils.Reporter.reportStep(Reporter.java:20)
	at wrappers.GenericWrappers.takeSnap(GenericWrappers.java:613)
	at utils.Reporter.reportStep(Reporter.java:20)
	at wrappers.GenericWrappers.takeSnap(GenericWrappers.java:613)
	at utils.Reporter.reportStep(Reporter.java:20)
	at wrappers.GenericWrappers.takeSnap(GenericWrappers.java:613)
	at utils.Reporter.reportStep(Reporter.java:20)
	at wrappers.GenericWrappers.takeSnap(GenericWrappers.java:613)
	at utils.Reporter.reportStep(Reporter.java:20)
	at wrappers.GenericWrappers.takeSnap(GenericWrappers.java:613)
	at utils.Reporter.reportStep(Reporter.java:20)
	at wrappers.GenericWrappers.takeSnap(GenericWrappers.java:613)
	at utils.Reporter.reportStep(Reporter.java:20)
	at wrappers.GenericWrappers.takeSnap(GenericWrappers.java:613)
	at utils.Reporter.reportStep(Reporter.java:20)
	at wrappers.GenericWrappers.takeSnap(GenericWrappers.java:613)
	at utils.Reporter.reportStep(Reporter.java:20)
	at wrappers.GenericWrappers.takeSnap(GenericWrappers.java:613)
	at utils.Reporter.reportStep(Reporter.java:20)
	at wrappers.GenericWrappers.takeSnap(GenericWrappers.java:613)
	at utils.Reporter.reportStep(Reporter.java:20)
	at wrappers.GenericWrappers.takeSnap(GenericWrappers.java:613)
	at utils.Reporter.reportStep(Reporter.java:20)
	at wrappers.GenericWrappers.takeSnap(GenericWrappers.java:613)
	at utils.Reporter.reportStep(Reporter.java:20)
	at wrappers.GenericWrappers.takeSnap(GenericWrappers.java:613)
	at utils.Reporter.reportStep(Reporter.java:20)
	at wrappers.GenericWrappers.takeSnap(GenericWrappers.java:613)
	at utils.Reporter.reportStep(Reporter.java:20)
	at wrappers.GenericWrappers.takeSnap(GenericWrappers.java:613)
	at utils.Reporter.reportStep(Reporter.java:20)
	at wrappers.GenericWrappers.takeSnap(GenericWrappers.java:613)
	at utils.Reporter.reportStep(Reporter.java:20)
	at wrappers.GenericWrappers.takeSnap(GenericWrappers.java:613)
	at utils.Reporter.reportStep(Reporter.java:20)
	at wrappers.GenericWrappers.takeSnap(GenericWrappers.java:613)
	at utils.Reporter.reportStep(Reporter.java:20)
	at wrappers.GenericWrappers.takeSnap(GenericWrappers.java:613)
	at utils.Reporter.reportStep(Reporter.java:20)
	at wrappers.GenericWrappers.takeSnap(GenericWrappers.java:613)
	at utils.Reporter.reportStep(Reporter.java:20)
	at wrappers.GenericWrappers.takeSnap(GenericWrappers.java:613)
	at utils.Reporter.reportStep(Reporter.java:20)
	at wrappers.GenericWrappers.takeSnap(GenericWrappers.java:613)
	at utils.Reporter.reportStep(Reporter.java:20)
	at wrappers.GenericWrappers.takeSnap(GenericWrappers.java:613)
	at utils.Reporter.reportStep(Reporter.java:20)
	at wrappers.GenericWrappers.takeSnap(GenericWrappers.java:613)
	at utils.Reporter.reportStep(Reporter.java:20)
	at wrappers.GenericWrappers.takeSnap(GenericWrappers.java:613)
	at utils.Reporter.reportStep(Reporter.java:20)
	at wrappers.GenericWrappers.takeSnap(GenericWrappers.java:613)
	at utils.Reporter.reportStep(Reporter.java:20)
	at wrappers.GenericWrappers.takeSnap(GenericWrappers.java:613)
	at utils.Reporter.reportStep(Reporter.java:20)
	at wrappers.GenericWrappers.takeSnap(GenericWrappers.java:613)
	at utils.Reporter.reportStep(Reporter.java:20)
	at wrappers.GenericWrappers.takeSnap(GenericWrappers.java:613)
	at utils.Reporter.reportStep(Reporter.java:20)
	at wrappers.GenericWrappers.takeSnap(GenericWrappers.java:613)
	at utils.Reporter.reportStep(Reporter.java:20)
	at wrappers.GenericWrappers.takeSnap(GenericWrappers.java:613)
	at utils.Reporter.reportStep(Reporter.java:20)
	at wrappers.GenericWrappers.takeSnap(GenericWrappers.java:613)
	at utils.Reporter.reportStep(Reporter.java:20)
	at wrappers.GenericWrappers.takeSnap(GenericWrappers.java:613)
	at utils.Reporter.reportStep(Reporter.java:20)
	at wrappers.GenericWrappers.takeSnap(GenericWrappers.java:613)
	at utils.Reporter.reportStep(Reporter.java:20)
	at wrappers.GenericWrappers.takeSnap(GenericWrappers.java:613)
	at utils.Reporter.reportStep(Reporter.java:20)
	at wrappers.GenericWrappers.takeSnap(GenericWrappers.java:613)
	at utils.Reporter.reportStep(Reporter.java:20)
	at wrappers.GenericWrappers.takeSnap(GenericWrappers.java:613)
	at utils.Reporter.reportStep(Reporter.java:20)
	at wrappers.GenericWrappers.takeSnap(GenericWrappers.java:613)
	at utils.Reporter.reportStep(Reporter.java:20)
	at wrappers.GenericWrappers.takeSnap(GenericWrappers.java:613)
	at utils.Reporter.reportStep(Reporter.java:20)
	at wrappers.GenericWrappers.takeSnap(GenericWrappers.java:613)
	at utils.Reporter.reportStep(Reporter.java:20)
	at wrappers.GenericWrappers.takeSnap(GenericWrappers.java:613)
	at utils.Reporter.reportStep(Reporter.java:20)
	at wrappers.GenericWrappers.takeSnap(GenericWrappers.java:613)
	at utils.Reporter.reportStep(Reporter.java:20)
	at wrappers.GenericWrappers.takeSnap(GenericWrappers.java:613)
	at utils.Reporter.reportStep(Reporter.java:20)
	at wrappers.GenericWrappers.takeSnap(GenericWrappers.java:613)
	at utils.Reporter.reportStep(Reporter.java:20)
	at wrappers.GenericWrappers.takeSnap(GenericWrappers.java:613)
	at utils.Reporter.reportStep(Reporter.java:20)
	at wrappers.GenericWrappers.takeSnap(GenericWrappers.java:613)
	at utils.Reporter.reportStep(Reporter.java:20)
	at wrappers.GenericWrappers.takeSnap(GenericWrappers.java:613)
	at utils.Reporter.reportStep(Reporter.java:20)
	at wrappers.GenericWrappers.takeSnap(GenericWrappers.java:613)
	at utils.Reporter.reportStep(Reporter.java:20)
	at wrappers.GenericWrappers.takeSnap(GenericWrappers.java:613)
	at utils.Reporter.reportStep(Reporter.java:20)
	at wrappers.GenericWrappers.takeSnap(GenericWrappers.java:613)
	at utils.Reporter.reportStep(Reporter.java:20)
	at wrappers.GenericWrappers.takeSnap(GenericWrappers.java:613)
	at utils.Reporter.reportStep(Reporter.java:20)
	at wrappers.GenericWrappers.takeSnap(GenericWrappers.java:613)
	at utils.Reporter.reportStep(Reporter.java:20)
	at wrappers.GenericWrappers.takeSnap(GenericWrappers.java:613)
	at utils.Reporter.reportStep(Reporter.java:20)
	at wrappers.GenericWrappers.takeSnap(GenericWrappers.java:613)
	at utils.Reporter.reportStep(Reporter.java:20)
	at wrappers.GenericWrappers.takeSnap(GenericWrappers.java:613)
	at utils.Reporter.reportStep(Reporter.java:20)
	at wrappers.GenericWrappers.takeSnap(GenericWrappers.java:613)
	at utils.Reporter.reportStep(Reporter.java:20)
	at wrappers.GenericWrappers.takeSnap(GenericWrappers.java:613)
	at utils.Reporter.reportStep(Reporter.java:20)
	at wrappers.GenericWrappers.takeSnap(GenericWrappers.java:613)
	at utils.Reporter.reportStep(Reporter.java:20)
	at wrappers.GenericWrappers.takeSnap(GenericWrappers.java:613)
	at utils.Reporter.reportStep(Reporter.java:20)
	at wrappers.GenericWrappers.takeSnap(GenericWrappers.java:613)
	at utils.Reporter.reportStep(Reporter.java:20)
	at wrappers.GenericWrappers.takeSnap(GenericWrappers.java:613)
	at utils.Reporter.reportStep(Reporter.java:20)
	at wrappers.GenericWrappers.takeSnap(GenericWrappers.java:613)
	at utils.Reporter.reportStep(Reporter.java:20)
	at wrappers.GenericWrappers.takeSnap(GenericWrappers.java:613)
	at utils.Reporter.reportStep(Reporter.java:20)
	at wrappers.GenericWrappers.takeSnap(GenericWrappers.java:613)
	at utils.Reporter.reportStep(Reporter.java:20)
	at wrappers.GenericWrappers.takeSnap(GenericWrappers.java:613)
	at utils.Reporter.reportStep(Reporter.java:20)
	at wrappers.GenericWrappers.takeSnap(GenericWrappers.java:613)
	at utils.Reporter.reportStep(Reporter.java:20)
	at wrappers.GenericWrappers.takeSnap(GenericWrappers.java:613)
	at utils.Reporter.reportStep(Reporter.java:20)
	at wrappers.GenericWrappers.takeSnap(GenericWrappers.java:613)
	at utils.Reporter.reportStep(Reporter.java:20)
	at wrappers.GenericWrappers.takeSnap(GenericWrappers.java:613)
	at utils.Reporter.reportStep(Reporter.java:20)
	at wrappers.GenericWrappers.takeSnap(GenericWrappers.java:613)
	at utils.Reporter.reportStep(Reporter.java:20)
	at wrappers.GenericWrappers.takeSnap(GenericWrappers.java:613)
	at utils.Reporter.reportStep(Reporter.java:20)
	at wrappers.GenericWrappers.takeSnap(GenericWrappers.java:613)
	at utils.Reporter.reportStep(Reporter.java:20)
	at wrappers.GenericWrappers.takeSnap(GenericWrappers.java:613)
	at utils.Reporter.reportStep(Reporter.java:20)
	at wrappers.GenericWrappers.takeSnap(GenericWrappers.java:613)
	at utils.Reporter.reportStep(Reporter.java:20)
	at wrappers.GenericWrappers.takeSnap(GenericWrappers.java:613)
	at utils.Reporter.reportStep(Reporter.java:20)
	at wrappers.GenericWrappers.takeSnap(GenericWrappers.java:613)
	at utils.Reporter.reportStep(Reporter.java:20)
	at wrappers.GenericWrappers.takeSnap(GenericWrappers.java:613)
	at utils.Reporter.reportStep(Reporter.java:20)
	at wrappers.GenericWrappers.takeSnap(GenericWrappers.java:613)
	at utils.Reporter.reportStep(Reporter.java:20)
	at wrappers.GenericWrappers.takeSnap(GenericWrappers.java:613)
	at utils.Reporter.reportStep(Reporter.java:20)
	at wrappers.GenericWrappers.takeSnap(GenericWrappers.java:613)
	at utils.Reporter.reportStep(Reporter.java:20)
	at wrappers.GenericWrappers.takeSnap(GenericWrappers.java:613)
	at utils.Reporter.reportStep(Reporter.java:20)
	at wrappers.GenericWrappers.takeSnap(GenericWrappers.java:613)
	at utils.Reporter.reportStep(Reporter.java:20)
	at wrappers.GenericWrappers.takeSnap(GenericWrappers.java:613)
	at utils.Reporter.reportStep(Reporter.java:20)
	at wrappers.GenericWrappers.takeSnap(GenericWrappers.java:613)
	at utils.Reporter.reportStep(Reporter.java:20)
	at wrappers.GenericWrappers.takeSnap(GenericWrappers.java:613)
	at utils.Reporter.reportStep(Reporter.java:20)
	at wrappers.GenericWrappers.takeSnap(GenericWrappers.java:613)
	at utils.Reporter.reportStep(Reporter.java:20)
	at wrappers.GenericWrappers.takeSnap(GenericWrappers.java:613)
	at utils.Reporter.reportStep(Reporter.java:20)
	at wrappers.GenericWrappers.takeSnap(GenericWrappers.java:613)
	at utils.Reporter.reportStep(Reporter.java:20)
	at wrappers.GenericWrappers.takeSnap(GenericWrappers.java:613)
	at utils.Reporter.reportStep(Reporter.java:20)
	at wrappers.GenericWrappers.takeSnap(GenericWrappers.java:613)
	at utils.Reporter.reportStep(Reporter.java:20)
	at wrappers.GenericWrappers.takeSnap(GenericWrappers.java:613)
	at utils.Reporter.reportStep(Reporter.java:20)
	at wrappers.GenericWrappers.takeSnap(GenericWrappers.java:613)
	at utils.Reporter.reportStep(Reporter.java:20)
	at wrappers.GenericWrappers.takeSnap(GenericWrappers.java:613)
	at utils.Reporter.reportStep(Reporter.java:20)
	at wrappers.GenericWrappers.takeSnap(GenericWrappers.java:613)
	at utils.Reporter.reportStep(Reporter.java:20)
	at wrappers.GenericWrappers.takeSnap(GenericWrappers.java:613)
	at utils.Reporter.reportStep(Reporter.java:20)
	at wrappers.GenericWrappers.takeSnap(GenericWrappers.java:613)
	at utils.Reporter.reportStep(Reporter.java:20)
	at wrappers.GenericWrappers.takeSnap(GenericWrappers.java:613)
	at utils.Reporter.reportStep(Reporter.java:20)
	at wrappers.GenericWrappers.takeSnap(GenericWrappers.java:613)
	at utils.Reporter.reportStep(Reporter.java:20)
	at wrappers.GenericWrappers.takeSnap(GenericWrappers.java:613)
	at utils.Reporter.reportStep(Reporter.java:20)
	at wrappers.GenericWrappers.takeSnap(GenericWrappers.java:613)
	at utils.Reporter.reportStep(Reporter.java:20)
	at wrappers.GenericWrappers.takeSnap(GenericWrappers.java:613)
	at utils.Reporter.reportStep(Reporter.java:20)
	at wrappers.GenericWrappers.takeSnap(GenericWrappers.java:613)
	at utils.Reporter.reportStep(Reporter.java:20)
	at wrappers.GenericWrappers.takeSnap(GenericWrappers.java:613)
	at utils.Reporter.reportStep(Reporter.java:20)
	at wrappers.GenericWrappers.takeSnap(GenericWrappers.java:613)
	at utils.Reporter.reportStep(Reporter.java:20)
	at wrappers.GenericWrappers.takeSnap(GenericWrappers.java:613)
	at utils.Reporter.reportStep(Reporter.java:20)
	at wrappers.GenericWrappers.takeSnap(GenericWrappers.java:613)
	at utils.Reporter.reportStep(Reporter.java:20)
	at wrappers.GenericWrappers.takeSnap(GenericWrappers.java:613)
	at utils.Reporter.reportStep(Reporter.java:20)
	at wrappers.GenericWrappers.takeSnap(GenericWrappers.java:613)
	at utils.Reporter.reportStep(Reporter.java:20)
	at wrappers.GenericWrappers.takeSnap(GenericWrappers.java:613)
	at utils.Reporter.reportStep(Reporter.java:20)
	at wrappers.GenericWrappers.takeSnap(GenericWrappers.java:613)
	at utils.Reporter.reportStep(Reporter.java:20)
	at wrappers.GenericWrappers.takeSnap(GenericWrappers.java:613)
	at utils.Reporter.reportStep(Reporter.java:20)
	at wrappers.GenericWrappers.takeSnap(GenericWrappers.java:613)
	at utils.Reporter.reportStep(Reporter.java:20)
	at wrappers.GenericWrappers.takeSnap(GenericWrappers.java:613)
	at utils.Reporter.reportStep(Reporter.java:20)
	at wrappers.GenericWrappers.takeSnap(GenericWrappers.java:613)
	at utils.Reporter.reportStep(Reporter.java:20)
	at wrappers.GenericWrappers.takeSnap(GenericWrappers.java:613)
	at utils.Reporter.reportStep(Reporter.java:20)
	at wrappers.GenericWrappers.takeSnap(GenericWrappers.java:613)
	at utils.Reporter.reportStep(Reporter.java:20)
	at wrappers.GenericWrappers.takeSnap(GenericWrappers.java:613)
	at utils.Reporter.reportStep(Reporter.java:20)
	at wrappers.GenericWrappers.takeSnap(GenericWrappers.java:613)
	at utils.Reporter.reportStep(Reporter.java:20)
	at wrappers.GenericWrappers.takeSnap(GenericWrappers.java:613)
	at utils.Reporter.reportStep(Reporter.java:20)
	at wrappers.GenericWrappers.takeSnap(GenericWrappers.java:613)
	at utils.Reporter.reportStep(Reporter.java:20)
	at wrappers.GenericWrappers.takeSnap(GenericWrappers.java:613)
	at utils.Reporter.reportStep(Reporter.java:20)
	at wrappers.GenericWrappers.takeSnap(GenericWrappers.java:613)
	at utils.Reporter.reportStep(Reporter.java:20)
	at wrappers.GenericWrappers.takeSnap(GenericWrappers.java:613)
	at utils.Reporter.reportStep(Reporter.java:20)
	at wrappers.GenericWrappers.takeSnap(GenericWrappers.java:613)
	at utils.Reporter.reportStep(Reporter.java:20)
	at wrappers.GenericWrappers.takeSnap(GenericWrappers.java:613)
	at utils.Reporter.reportStep(Reporter.java:20)
	at wrappers.GenericWrappers.takeSnap(GenericWrappers.java:613)
	at utils.Reporter.reportStep(Reporter.java:20)
	at wrappers.GenericWrappers.takeSnap(GenericWrappers.java:613)
	at utils.Reporter.reportStep(Reporter.java:20)
	at wrappers.GenericWrappers.takeSnap(GenericWrappers.java:613)
	at utils.Reporter.reportStep(Reporter.java:20)
	at wrappers.GenericWrappers.takeSnap(GenericWrappers.java:613)
	at utils.Reporter.reportStep(Reporter.java:20)
	at wrappers.GenericWrappers.takeSnap(GenericWrappers.java:613)
	at utils.Reporter.reportStep(Reporter.java:20)
	at wrappers.GenericWrappers.takeSnap(GenericWrappers.java:613)
	at utils.Reporter.reportStep(Reporter.java:20)
	at wrappers.GenericWrappers.takeSnap(GenericWrappers.java:613)
	at utils.Reporter.reportStep(Reporter.java:20)
	at wrappers.GenericWrappers.takeSnap(GenericWrappers.java:613)
	at utils.Reporter.reportStep(Reporter.java:20)
	at wrappers.GenericWrappers.takeSnap(GenericWrappers.java:613)
	at utils.Reporter.reportStep(Reporter.java:20)
	at wrappers.GenericWrappers.takeSnap(GenericWrappers.java:613)
	at utils.Reporter.reportStep(Reporter.java:20)
	at wrappers.GenericWrappers.takeSnap(GenericWrappers.java:613)
	at utils.Reporter.reportStep(Reporter.java:20)
	at wrappers.GenericWrappers.takeSnap(GenericWrappers.java:613)
	at utils.Reporter.reportStep(Reporter.java:20)
	at wrappers.GenericWrappers.takeSnap(GenericWrappers.java:613)
	at utils.Reporter.reportStep(Reporter.java:20)
	at wrappers.GenericWrappers.takeSnap(GenericWrappers.java:613)
	at utils.Reporter.reportStep(Reporter.java:20)
	at wrappers.GenericWrappers.takeSnap(GenericWrappers.java:613)
	at utils.Reporter.reportStep(Reporter.java:20)
	at wrappers.GenericWrappers.takeSnap(GenericWrappers.java:613)
	at utils.Reporter.reportStep(Reporter.java:20)
	at wrappers.GenericWrappers.takeSnap(GenericWrappers.java:613)
	at utils.Reporter.reportStep(Reporter.java:20)
	at wrappers.GenericWrappers.takeSnap(GenericWrappers.java:613)
	at utils.Reporter.reportStep(Reporter.java:20)
	at wrappers.GenericWrappers.takeSnap(GenericWrappers.java:613)
	at utils.Reporter.reportStep(Reporter.java:20)
	at wrappers.GenericWrappers.takeSnap(GenericWrappers.java:613)
	at utils.Reporter.reportStep(Reporter.java:20)
	at wrappers.GenericWrappers.takeSnap(GenericWrappers.java:613)
	at utils.Reporter.reportStep(Reporter.java:20)
	at wrappers.GenericWrappers.takeSnap(GenericWrappers.java:613)
	at utils.Reporter.reportStep(Reporter.java:20)
	at wrappers.GenericWrappers.takeSnap(GenericWrappers.java:613)
	at utils.Reporter.reportStep(Reporter.java:20)
	at wrappers.GenericWrappers.takeSnap(GenericWrappers.java:613)
	at utils.Reporter.reportStep(Reporter.java:20)
	at wrappers.GenericWrappers.takeSnap(GenericWrappers.java:613)
	at utils.Reporter.reportStep(Reporter.java:20)
	at wrappers.GenericWrappers.takeSnap(GenericWrappers.java:613)
	at utils.Reporter.reportStep(Reporter.java:20)
	at wrappers.GenericWrappers.takeSnap(GenericWrappers.java:613)
	at utils.Reporter.reportStep(Reporter.java:20)
	at wrappers.GenericWrappers.takeSnap(GenericWrappers.java:613)
	at utils.Reporter.reportStep(Reporter.java:20)
	at wrappers.GenericWrappers.takeSnap(GenericWrappers.java:613)
	at utils.Reporter.reportStep(Reporter.java:20)
	at wrappers.GenericWrappers.takeSnap(GenericWrappers.java:613)
	at utils.Reporter.reportStep(Reporter.java:20)
	at wrappers.GenericWrappers.takeSnap(GenericWrappers.java:613)
	at utils.Reporter.reportStep(Reporter.java:20)
	at wrappers.GenericWrappers.takeSnap(GenericWrappers.java:613)
	at utils.Reporter.reportStep(Reporter.java:20)
	at wrappers.GenericWrappers.takeSnap(GenericWrappers.java:613)
	at utils.Reporter.reportStep(Reporter.java:20)
	at wrappers.GenericWrappers.takeSnap(GenericWrappers.java:613)
	at utils.Reporter.reportStep(Reporter.java:20)
	at wrappers.GenericWrappers.takeSnap(GenericWrappers.java:613)
	at utils.Reporter.reportStep(Reporter.java:20)
	at wrappers.GenericWrappers.takeSnap(GenericWrappers.java:613)
	at utils.Reporter.reportStep(Reporter.java:20)
	at wrappers.GenericWrappers.takeSnap(GenericWrappers.java:613)
	at utils.Reporter.reportStep(Reporter.java:20)
	at wrappers.GenericWrappers.takeSnap(GenericWrappers.java:613)
	at utils.Reporter.reportStep(Reporter.java:20)
	at wrappers.GenericWrappers.takeSnap(GenericWrappers.java:613)
	at utils.Reporter.reportStep(Reporter.java:20)
	at wrappers.GenericWrappers.takeSnap(GenericWrappers.java:613)
	at utils.Reporter.reportStep(Reporter.java:20)
	at wrappers.GenericWrappers.takeSnap(GenericWrappers.java:613)
	at utils.Reporter.reportStep(Reporter.java:20)
	at wrappers.GenericWrappers.takeSnap(GenericWrappers.java:613)
	at utils.Reporter.reportStep(Reporter.java:20)
	at wrappers.GenericWrappers.takeSnap(GenericWrappers.java:613)
	at utils.Reporter.reportStep(Reporter.java:20)
	at wrappers.GenericWrappers.takeSnap(GenericWrappers.java:613)
	at utils.Reporter.reportStep(Reporter.java:20)
	at wrappers.GenericWrappers.takeSnap(GenericWrappers.java:613)
	at utils.Reporter.reportStep(Reporter.java:20)
	at wrappers.GenericWrappers.takeSnap(GenericWrappers.java:613)
	at utils.Reporter.reportStep(Reporter.java:20)
	at wrappers.GenericWrappers.takeSnap(GenericWrappers.java:613)
	at utils.Reporter.reportStep(Reporter.java:20)
	at wrappers.GenericWrappers.takeSnap(GenericWrappers.java:613)
	at utils.Reporter.reportStep(Reporter.java:20)
	at wrappers.GenericWrappers.takeSnap(GenericWrappers.java:613)
	at utils.Reporter.reportStep(Reporter.java:20)
	at wrappers.GenericWrappers.takeSnap(GenericWrappers.java:613)
	at utils.Reporter.reportStep(Reporter.java:20)
	at wrappers.GenericWrappers.takeSnap(GenericWrappers.java:613)
	at utils.Reporter.reportStep(Reporter.java:20)
	at wrappers.GenericWrappers.takeSnap(GenericWrappers.java:613)
	at utils.Reporter.reportStep(Reporter.java:20)
	at wrappers.GenericWrappers.takeSnap(GenericWrappers.java:613)
	at utils.Reporter.reportStep(Reporter.java:20)
	at wrappers.GenericWrappers.takeSnap(GenericWrappers.java:613)
	at utils.Reporter.reportStep(Reporter.java:20)
	at wrappers.GenericWrappers.takeSnap(GenericWrappers.java:613)
	at utils.Reporter.reportStep(Reporter.java:20)
	at wrappers.GenericWrappers.takeSnap(GenericWrappers.java:613)
	at utils.Reporter.reportStep(Reporter.java:20)
	at wrappers.GenericWrappers.takeSnap(GenericWrappers.java:613)
	at utils.Reporter.reportStep(Reporter.java:20)
	at wrappers.GenericWrappers.takeSnap(GenericWrappers.java:613)
	at utils.Reporter.reportStep(Reporter.java:20)
	at wrappers.GenericWrappers.takeSnap(GenericWrappers.java:613)
	at utils.Reporter.reportStep(Reporter.java:20)
	at wrappers.GenericWrappers.takeSnap(GenericWrappers.java:613)
	at utils.Reporter.reportStep(Reporter.java:20)
	at wrappers.GenericWrappers.takeSnap(GenericWrappers.java:613)
	at utils.Reporter.reportStep(Reporter.java:20)
	at wrappers.GenericWrappers.takeSnap(GenericWrappers.java:613)
	at utils.Reporter.reportStep(Reporter.java:20)
	at wrappers.GenericWrappers.takeSnap(GenericWrappers.java:613)
	at utils.Reporter.reportStep(Reporter.java:20)
	at wrappers.GenericWrappers.takeSnap(GenericWrappers.java:613)
	at utils.Reporter.reportStep(Reporter.java:20)
	at wrappers.GenericWrappers.takeSnap(GenericWrappers.java:613)
	at utils.Reporter.reportStep(Reporter.java:20)
	at wrappers.GenericWrappers.takeSnap(GenericWrappers.java:613)
	at utils.Reporter.reportStep(Reporter.java:20)
	at wrappers.GenericWrappers.takeSnap(GenericWrappers.java:613)
	at utils.Reporter.reportStep(Reporter.java:20)
	at wrappers.GenericWrappers.takeSnap(GenericWrappers.java:613)
	at utils.Reporter.reportStep(Reporter.java:20)
	at wrappers.GenericWrappers.takeSnap(GenericWrappers.java:613)
	at utils.Reporter.reportStep(Reporter.java:20)
	at wrappers.GenericWrappers.takeSnap(GenericWrappers.java:613)
	at utils.Reporter.reportStep(Reporter.java:20)
	at wrappers.GenericWrappers.takeSnap(GenericWrappers.java:613)
	at utils.Reporter.reportStep(Reporter.java:20)
	at wrappers.GenericWrappers.takeSnap(GenericWrappers.java:613)
	at utils.Reporter.reportStep(Reporter.java:20)
	at wrappers.GenericWrappers.takeSnap(GenericWrappers.java:613)
	at utils.Reporter.reportStep(Reporter.java:20)
	at wrappers.GenericWrappers.takeSnap(GenericWrappers.java:613)
	at utils.Reporter.reportStep(Reporter.java:20)
	at wrappers.GenericWrappers.takeSnap(GenericWrappers.java:613)
	at utils.Reporter.reportStep(Reporter.java:20)
	at wrappers.GenericWrappers.takeSnap(GenericWrappers.java:613)
	at utils.Reporter.reportStep(Reporter.java:20)
	at wrappers.GenericWrappers.takeSnap(GenericWrappers.java:613)
	at utils.Reporter.reportStep(Reporter.java:20)
	at wrappers.GenericWrappers.takeSnap(GenericWrappers.java:613)
	at utils.Reporter.reportStep(Reporter.java:20)
	at wrappers.GenericWrappers.takeSnap(GenericWrappers.java:613)
	at utils.Reporter.reportStep(Reporter.java:20)
	at wrappers.GenericWrappers.takeSnap(GenericWrappers.java:613)
	at utils.Reporter.reportStep(Reporter.java:20)
	at wrappers.GenericWrappers.takeSnap(GenericWrappers.java:613)
	at utils.Reporter.reportStep(Reporter.java:20)
	at wrappers.GenericWrappers.takeSnap(GenericWrappers.java:613)
	at utils.Reporter.reportStep(Reporter.java:20)
	at wrappers.GenericWrappers.takeSnap(GenericWrappers.java:613)
	at utils.Reporter.reportStep(Reporter.java:20)
	at wrappers.GenericWrappers.takeSnap(GenericWrappers.java:613)
	at utils.Reporter.reportStep(Reporter.java:20)
	at wrappers.GenericWrappers.takeSnap(GenericWrappers.java:613)
	at utils.Reporter.reportStep(Reporter.java:20)
	at wrappers.GenericWrappers.takeSnap(GenericWrappers.java:613)
	at utils.Reporter.reportStep(Reporter.java:20)
	at wrappers.GenericWrappers.takeSnap(GenericWrappers.java:613)
	at utils.Reporter.reportStep(Reporter.java:20)
	at wrappers.GenericWrappers.takeSnap(GenericWrappers.java:613)
	at utils.Reporter.reportStep(Reporter.java:20)
	at wrappers.GenericWrappers.takeSnap(GenericWrappers.java:613)
	at utils.Reporter.reportStep(Reporter.java:20)
	at wrappers.GenericWrappers.takeSnap(GenericWrappers.java:613)
	at utils.Reporter.reportStep(Reporter.java:20)
	at wrappers.GenericWrappers.takeSnap(GenericWrappers.java:613)
	at utils.Reporter.reportStep(Reporter.java:20)
	at wrappers.GenericWrappers.takeSnap(GenericWrappers.java:613)
	at utils.Reporter.reportStep(Reporter.java:20)
	at wrappers.GenericWrappers.takeSnap(GenericWrappers.java:613)
	at utils.Reporter.reportStep(Reporter.java:20)
	at wrappers.GenericWrappers.takeSnap(GenericWrappers.java:613)
	at utils.Reporter.reportStep(Reporter.java:20)
	at wrappers.GenericWrappers.takeSnap(GenericWrappers.java:613)
	at utils.Reporter.reportStep(Reporter.java:20)
	at wrappers.GenericWrappers.takeSnap(GenericWrappers.java:613)
	at utils.Reporter.reportStep(Reporter.java:20)
	at wrappers.GenericWrappers.takeSnap(GenericWrappers.java:613)
	at utils.Reporter.reportStep(Reporter.java:20)
	at wrappers.GenericWrappers.takeSnap(GenericWrappers.java:613)
	at utils.Reporter.reportStep(Reporter.java:20)
	at wrappers.GenericWrappers.takeSnap(GenericWrappers.java:613)
	at utils.Reporter.reportStep(Reporter.java:20)
	at wrappers.GenericWrappers.takeSnap(GenericWrappers.java:613)
	at utils.Reporter.reportStep(Reporter.java:20)
	at wrappers.GenericWrappers.takeSnap(GenericWrappers.java:613)
	at utils.Reporter.reportStep(Reporter.java:20)
	at wrappers.GenericWrappers.takeSnap(GenericWrappers.java:613)
	at utils.Reporter.reportStep(Reporter.java:20)
	at wrappers.GenericWrappers.takeSnap(GenericWrappers.java:613)
	at utils.Reporter.reportStep(Reporter.java:20)
	at wrappers.GenericWrappers.takeSnap(GenericWrappers.java:613)
	at utils.Reporter.reportStep(Reporter.java:20)
	at wrappers.GenericWrappers.takeSnap(GenericWrappers.java:613)
	at utils.Reporter.reportStep(Reporter.java:20)
	at wrappers.GenericWrappers.takeSnap(GenericWrappers.java:613)
	at utils.Reporter.reportStep(Reporter.java:20)
	at wrappers.GenericWrappers.takeSnap(GenericWrappers.java:613)
	at utils.Reporter.reportStep(Reporter.java:20)
	at wrappers.GenericWrappers.takeSnap(GenericWrappers.java:613)
	at utils.Reporter.reportStep(Reporter.java:20)
	at wrappers.GenericWrappers.takeSnap(GenericWrappers.java:613)
	at utils.Reporter.reportStep(Reporter.java:20)
	at wrappers.GenericWrappers.takeSnap(GenericWrappers.java:613)
	at utils.Reporter.reportStep(Reporter.java:20)
	at wrappers.GenericWrappers.takeSnap(GenericWrappers.java:613)
	at utils.Reporter.reportStep(Reporter.java:20)
	at wrappers.GenericWrappers.takeSnap(GenericWrappers.java:613)
	at utils.Reporter.reportStep(Reporter.java:20)
	at wrappers.GenericWrappers.takeSnap(GenericWrappers.java:613)
	at utils.Reporter.reportStep(Reporter.java:20)
	at wrappers.GenericWrappers.takeSnap(GenericWrappers.java:613)
	at utils.Reporter.reportStep(Reporter.java:20)
	at wrappers.GenericWrappers.takeSnap(GenericWrappers.java:613)
	at utils.Reporter.reportStep(Reporter.java:20)
	at wrappers.GenericWrappers.takeSnap(GenericWrappers.java:613)
	at utils.Reporter.reportStep(Reporter.java:20)
	at wrappers.GenericWrappers.takeSnap(GenericWrappers.java:613)
	at utils.Reporter.reportStep(Reporter.java:20)
	at wrappers.GenericWrappers.takeSnap(GenericWrappers.java:613)
	at utils.Reporter.reportStep(Reporter.java:20)
	at wrappers.GenericWrappers.takeSnap(GenericWrappers.java:613)
	at utils.Reporter.reportStep(Reporter.java:20)
	at wrappers.GenericWrappers.takeSnap(GenericWrappers.java:613)
	at utils.Reporter.reportStep(Reporter.java:20)
	at wrappers.GenericWrappers.takeSnap(GenericWrappers.java:613)
	at utils.Reporter.reportStep(Reporter.java:20)
	at wrappers.GenericWrappers.takeSnap(GenericWrappers.java:613)
	at utils.Reporter.reportStep(Reporter.java:20)
	at wrappers.GenericWrappers.takeSnap(GenericWrappers.java:613)
	at utils.Reporter.reportStep(Reporter.java:20)
	at wrappers.GenericWrappers.takeSnap(GenericWrappers.java:613)
	at utils.Reporter.reportStep(Reporter.java:20)
	at wrappers.GenericWrappers.takeSnap(GenericWrappers.java:613)
	at utils.Reporter.reportStep(Reporter.java:20)
	at wrappers.GenericWrappers.takeSnap(GenericWrappers.java:613)
	at utils.Reporter.reportStep(Reporter.java:20)
	at wrappers.GenericWrappers.takeSnap(GenericWrappers.java:613)
	at utils.Reporter.reportStep(Reporter.java:20)
	at wrappers.GenericWrappers.takeSnap(GenericWrappers.java:613)
	at utils.Reporter.reportStep(Reporter.java:20)
	at wrappers.GenericWrappers.takeSnap(GenericWrappers.java:613)
	at utils.Reporter.reportStep(Reporter.java:20)
	at wrappers.GenericWrappers.takeSnap(GenericWrappers.java:613)
	at utils.Reporter.reportStep(Reporter.java:20)
	at wrappers.GenericWrappers.takeSnap(GenericWrappers.java:613)
	at utils.Reporter.reportStep(Reporter.java:20)
	at wrappers.GenericWrappers.takeSnap(GenericWrappers.java:613)
	at utils.Reporter.reportStep(Reporter.java:20)
	at wrappers.GenericWrappers.takeSnap(GenericWrappers.java:613)
	at utils.Reporter.reportStep(Reporter.java:20)
	at wrappers.GenericWrappers.takeSnap(GenericWrappers.java:613)
	at utils.Reporter.reportStep(Reporter.java:20)
	at wrappers.GenericWrappers.takeSnap(GenericWrappers.java:613)
	at utils.Reporter.reportStep(Reporter.java:20)
	at wrappers.GenericWrappers.takeSnap(GenericWrappers.java:613)
	at utils.Reporter.reportStep(Reporter.java:20)
	at wrappers.GenericWrappers.takeSnap(GenericWrappers.java:613)
	at utils.Reporter.reportStep(Reporter.java:20)
	at wrappers.GenericWrappers.takeSnap(GenericWrappers.java:613)
	at utils.Reporter.reportStep(Reporter.java:20)
	at wrappers.GenericWrappers.takeSnap(GenericWrappers.java:613)
	at utils.Reporter.reportStep(Reporter.java:20)
	at wrappers.GenericWrappers.takeSnap(GenericWrappers.java:613)
	at utils.Reporter.reportStep(Reporter.java:20)
	at wrappers.GenericWrappers.takeSnap(GenericWrappers.java:613)
	at utils.Reporter.reportStep(Reporter.java:20)
	at wrappers.GenericWrappers.takeSnap(GenericWrappers.java:613)
	at utils.Reporter.reportStep(Reporter.java:20)
	at wrappers.GenericWrappers.takeSnap(GenericWrappers.java:613)
	at utils.Reporter.reportStep(Reporter.java:20)
	at wrappers.GenericWrappers.takeSnap(GenericWrappers.java:613)
	at utils.Reporter.reportStep(Reporter.java:20)
	at wrappers.GenericWrappers.takeSnap(GenericWrappers.java:613)
	at utils.Reporter.reportStep(Reporter.java:20)
	at wrappers.GenericWrappers.takeSnap(GenericWrappers.java:613)
	at utils.Reporter.reportStep(Reporter.java:20)
	at wrappers.GenericWrappers.takeSnap(GenericWrappers.java:613)
	at utils.Reporter.reportStep(Reporter.java:20)
	at wrappers.GenericWrappers.takeSnap(GenericWrappers.java:613)
	at utils.Reporter.reportStep(Reporter.java:20)
	at wrappers.GenericWrappers.takeSnap(GenericWrappers.java:613)
	at utils.Reporter.reportStep(Reporter.java:20)
	at wrappers.GenericWrappers.takeSnap(GenericWrappers.java:613)
	at utils.Reporter.reportStep(Reporter.java:20)
	at wrappers.GenericWrappers.takeSnap(GenericWrappers.java:613)
	at utils.Reporter.reportStep(Reporter.java:20)
	at wrappers.GenericWrappers.takeSnap(GenericWrappers.java:613)
	at utils.Reporter.reportStep(Reporter.java:20)
	at wrappers.GenericWrappers.takeSnap(GenericWrappers.java:613)
	at utils.Reporter.reportStep(Reporter.java:20)
	at wrappers.GenericWrappers.takeSnap(GenericWrappers.java:613)
	at utils.Reporter.reportStep(Reporter.java:20)
	at wrappers.GenericWrappers.takeSnap(GenericWrappers.java:613)
	at utils.Reporter.reportStep(Reporter.java:20)
	at wrappers.GenericWrappers.takeSnap(GenericWrappers.java:613)
	at utils.Reporter.reportStep(Reporter.java:20)
	at wrappers.GenericWrappers.takeSnap(GenericWrappers.java:613)
	at utils.Reporter.reportStep(Reporter.java:20)
	at wrappers.GenericWrappers.takeSnap(GenericWrappers.java:613)
	at utils.Reporter.reportStep(Reporter.java:20)
	at wrappers.GenericWrappers.takeSnap(GenericWrappers.java:613)
	at utils.Reporter.reportStep(Reporter.java:20)
	at wrappers.GenericWrappers.takeSnap(GenericWrappers.java:613)
	at utils.Reporter.reportStep(Reporter.java:20)
	at wrappers.GenericWrappers.takeSnap(GenericWrappers.java:613)
	at utils.Reporter.reportStep(Reporter.java:20)
	at wrappers.GenericWrappers.takeSnap(GenericWrappers.java:613)
	at utils.Reporter.reportStep(Reporter.java:20)
	at wrappers.GenericWrappers.takeSnap(GenericWrappers.java:613)
	at utils.Reporter.reportStep(Reporter.java:20)
	at wrappers.GenericWrappers.takeSnap(GenericWrappers.java:613)
	at utils.Reporter.reportStep(Reporter.java:20)
	at wrappers.GenericWrappers.takeSnap(GenericWrappers.java:613)
	at utils.Reporter.reportStep(Reporter.java:20)
	at wrappers.GenericWrappers.takeSnap(GenericWrappers.java:613)
	at utils.Reporter.reportStep(Reporter.java:20)
	at wrappers.GenericWrappers.takeSnap(GenericWrappers.java:613)
	at utils.Reporter.reportStep(Reporter.java:20)
	at wrappers.GenericWrappers.takeSnap(GenericWrappers.java:613)
	at utils.Reporter.reportStep(Reporter.java:20)
	at wrappers.GenericWrappers.takeSnap(GenericWrappers.java:613)
	at utils.Reporter.reportStep(Reporter.java:20)
	at wrappers.GenericWrappers.takeSnap(GenericWrappers.java:613)
	at utils.Reporter.reportStep(Reporter.java:20)
	at wrappers.GenericWrappers.takeSnap(GenericWrappers.java:613)
	at utils.Reporter.reportStep(Reporter.java:20)
	at wrappers.GenericWrappers.takeSnap(GenericWrappers.java:613)
	at utils.Reporter.reportStep(Reporter.java:20)
	at wrappers.GenericWrappers.takeSnap(GenericWrappers.java:613)
	at utils.Reporter.reportStep(Reporter.java:20)
	at wrappers.GenericWrappers.takeSnap(GenericWrappers.java:613)
	at utils.Reporter.reportStep(Reporter.java:20)
	at wrappers.GenericWrappers.takeSnap(GenericWrappers.java:613)
	at utils.Reporter.reportStep(Reporter.java:20)
	at wrappers.GenericWrappers.takeSnap(GenericWrappers.java:613)
	at utils.Reporter.reportStep(Reporter.java:20)
	at wrappers.GenericWrappers.takeSnap(GenericWrappers.java:613)
	at utils.Reporter.reportStep(Reporter.java:20)
	at wrappers.GenericWrappers.takeSnap(GenericWrappers.java:613)
	at utils.Reporter.reportStep(Reporter.java:20)
	at wrappers.GenericWrappers.takeSnap(GenericWrappers.java:613)
	at utils.Reporter.reportStep(Reporter.java:20)
	at wrappers.GenericWrappers.takeSnap(GenericWrappers.java:613)
	at utils.Reporter.reportStep(Reporter.java:20)
	at wrappers.GenericWrappers.takeSnap(GenericWrappers.java:613)
	at utils.Reporter.reportStep(Reporter.java:20)
	at wrappers.GenericWrappers.takeSnap(GenericWrappers.java:613)
	at utils.Reporter.reportStep(Reporter.java:20)
	at wrappers.GenericWrappers.takeSnap(GenericWrappers.java:613)
	at utils.Reporter.reportStep(Reporter.java:20)
	at wrappers.GenericWrappers.takeSnap(GenericWrappers.java:613)
	at utils.Reporter.reportStep(Reporter.java:20)
	at wrappers.GenericWrappers.takeSnap(GenericWrappers.java:613)
	at utils.Reporter.reportStep(Reporter.java:20)
	at wrappers.GenericWrappers.takeSnap(GenericWrappers.java:613)
	at utils.Reporter.reportStep(Reporter.java:20)
	at wrappers.GenericWrappers.takeSnap(GenericWrappers.java:613)
	at utils.Reporter.reportStep(Reporter.java:20)
	at wrappers.GenericWrappers.takeSnap(GenericWrappers.java:613)
	at utils.Reporter.reportStep(Reporter.java:20)
	at wrappers.GenericWrappers.takeSnap(GenericWrappers.java:613)
	at utils.Reporter.reportStep(Reporter.java:20)
	at wrappers.GenericWrappers.takeSnap(GenericWrappers.java:613)
	at utils.Reporter.reportStep(Reporter.java:20)
	at wrappers.GenericWrappers.takeSnap(GenericWrappers.java:613)
	at utils.Reporter.reportStep(Reporter.java:20)
	at wrappers.GenericWrappers.takeSnap(GenericWrappers.java:613)
	at utils.Reporter.reportStep(Reporter.java:20)
	at wrappers.GenericWrappers.takeSnap(GenericWrappers.java:613)
	at utils.Reporter.reportStep(Reporter.java:20)
	at wrappers.GenericWrappers.takeSnap(GenericWrappers.java:613)
	at utils.Reporter.reportStep(Reporter.java:20)
	at wrappers.GenericWrappers.takeSnap(GenericWrappers.java:613)
	at utils.Reporter.reportStep(Reporter.java:20)
	at wrappers.GenericWrappers.takeSnap(GenericWrappers.java:613)
	at utils.Reporter.reportStep(Reporter.java:20)
	at wrappers.GenericWrappers.takeSnap(GenericWrappers.java:613)
	at utils.Reporter.reportStep(Reporter.java:20)
	at wrappers.GenericWrappers.takeSnap(GenericWrappers.java:613)
	at utils.Reporter.reportStep(Reporter.java:20)
	at wrappers.GenericWrappers.takeSnap(GenericWrappers.java:613)
	at utils.Reporter.reportStep(Reporter.java:20)
	at wrappers.GenericWrappers.takeSnap(GenericWrappers.java:613)
	at utils.Reporter.reportStep(Reporter.java:20)
	at wrappers.GenericWrappers.takeSnap(GenericWrappers.java:613)
	at utils.Reporter.reportStep(Reporter.java:20)
	at wrappers.GenericWrappers.takeSnap(GenericWrappers.java:613)
	at utils.Reporter.reportStep(Reporter.java:20)
	at wrappers.GenericWrappers.takeSnap(GenericWrappers.java:613)
	at utils.Reporter.reportStep(Reporter.java:20)
	at wrappers.GenericWrappers.takeSnap(GenericWrappers.java:613)
	at utils.Reporter.reportStep(Reporter.java:20)
	at wrappers.GenericWrappers.takeSnap(GenericWrappers.java:613)
	at utils.Reporter.reportStep(Reporter.java:20)
	at wrappers.GenericWrappers.takeSnap(GenericWrappers.java:613)
	at utils.Reporter.reportStep(Reporter.java:20)
	at wrappers.GenericWrappers.takeSnap(GenericWrappers.java:613)
	at utils.Reporter.reportStep(Reporter.java:20)
	at wrappers.GenericWrappers.takeSnap(GenericWrappers.java:613)
	at utils.Reporter.reportStep(Reporter.java:20)
	at wrappers.GenericWrappers.takeSnap(GenericWrappers.java:613)
	at utils.Reporter.reportStep(Reporter.java:20)
	at wrappers.GenericWrappers.takeSnap(GenericWrappers.java:613)
	at utils.Reporter.reportStep(Reporter.java:20)
	at wrappers.GenericWrappers.takeSnap(GenericWrappers.java:613)
	at utils.Reporter.reportStep(Reporter.java:20)
	at wrappers.GenericWrappers.takeSnap(GenericWrappers.java:613)
	at utils.Reporter.reportStep(Reporter.java:20)
	at wrappers.GenericWrappers.takeSnap(GenericWrappers.java:613)
	at utils.Reporter.reportStep(Reporter.java:20)
	at wrappers.GenericWrappers.takeSnap(GenericWrappers.java:613)
	at utils.Reporter.reportStep(Reporter.java:20)
	at wrappers.GenericWrappers.takeSnap(GenericWrappers.java:613)
	at utils.Reporter.reportStep(Reporter.java:20)
	at wrappers.GenericWrappers.takeSnap(GenericWrappers.java:613)
	at utils.Reporter.reportStep(Reporter.java:20)
	at wrappers.GenericWrappers.takeSnap(GenericWrappers.java:613)
	at utils.Reporter.reportStep(Reporter.java:20)
	at wrappers.GenericWrappers.takeSnap(GenericWrappers.java:613)
	at utils.Reporter.reportStep(Reporter.java:20)
	at wrappers.GenericWrappers.takeSnap(GenericWrappers.java:613)
	at utils.Reporter.reportStep(Reporter.java:20)
	at wrappers.GenericWrappers.takeSnap(GenericWrappers.java:613)
	at utils.Reporter.reportStep(Reporter.java:20)
	at wrappers.GenericWrappers.takeSnap(GenericWrappers.java:613)
	at utils.Reporter.reportStep(Reporter.java:20)
	at wrappers.GenericWrappers.takeSnap(GenericWrappers.java:613)
	at utils.Reporter.reportStep(Reporter.java:20)
	at wrappers.GenericWrappers.takeSnap(GenericWrappers.java:613)
	at utils.Reporter.reportStep(Reporter.java:20)
	at wrappers.GenericWrappers.takeSnap(GenericWrappers.java:613)
	at utils.Reporter.reportStep(Reporter.java:20)
	at wrappers.GenericWrappers.takeSnap(GenericWrappers.java:613)
	at utils.Reporter.reportStep(Reporter.java:20)
	at wrappers.GenericWrappers.takeSnap(GenericWrappers.java:613)
	at utils.Reporter.reportStep(Reporter.java:20)
	at wrappers.GenericWrappers.takeSnap(GenericWrappers.java:613)
	at utils.Reporter.reportStep(Reporter.java:20)
	at wrappers.GenericWrappers.takeSnap(GenericWrappers.java:613)
	at utils.Reporter.reportStep(Reporter.java:20)
	at wrappers.GenericWrappers.takeSnap(GenericWrappers.java:613)
	at utils.Reporter.reportStep(Reporter.java:20)
	at wrappers.GenericWrappers.takeSnap(GenericWrappers.java:613)
	at utils.Reporter.reportStep(Reporter.java:20)
	at wrappers.GenericWrappers.takeSnap(GenericWrappers.java:613)
	at utils.Reporter.reportStep(Reporter.java:20)
	at wrappers.GenericWrappers.takeSnap(GenericWrappers.java:613)
	at utils.Reporter.reportStep(Reporter.java:20)
	at wrappers.GenericWrappers.takeSnap(GenericWrappers.java:613)
	at utils.Reporter.reportStep(Reporter.java:20)
	at wrappers.GenericWrappers.takeSnap(GenericWrappers.java:613)
	at utils.Reporter.reportStep(Reporter.java:20)
	at wrappers.GenericWrappers.takeSnap(GenericWrappers.java:613)
	at utils.Reporter.reportStep(Reporter.java:20)
	at wrappers.GenericWrappers.takeSnap(GenericWrappers.java:613)
	at utils.Reporter.reportStep(Reporter.java:20)
	at wrappers.GenericWrappers.takeSnap(GenericWrappers.java:613)
	at utils.Reporter.reportStep(Reporter.java:20)
	at wrappers.GenericWrappers.takeSnap(GenericWrappers.java:613)
	at utils.Reporter.reportStep(Reporter.java:20)
	at wrappers.GenericWrappers.takeSnap(GenericWrappers.java:613)
	at utils.Reporter.reportStep(Reporter.java:20)
	at wrappers.GenericWrappers.takeSnap(GenericWrappers.java:613)
	at utils.Reporter.reportStep(Reporter.java:20)
	at wrappers.GenericWrappers.takeSnap(GenericWrappers.java:613)
	at utils.Reporter.reportStep(Reporter.java:20)
	at wrappers.GenericWrappers.takeSnap(GenericWrappers.java:613)
	at utils.Reporter.reportStep(Reporter.java:20)
	at wrappers.GenericWrappers.takeSnap(GenericWrappers.java:613)
	at utils.Reporter.reportStep(Reporter.java:20)
	at wrappers.GenericWrappers.takeSnap(GenericWrappers.java:613)
	at utils.Reporter.reportStep(Reporter.java:20)
	at wrappers.GenericWrappers.takeSnap(GenericWrappers.java:613)
	at utils.Reporter.reportStep(Reporter.java:20)
	at wrappers.GenericWrappers.takeSnap(GenericWrappers.java:613)
	at utils.Reporter.reportStep(Reporter.java:20)
	at wrappers.GenericWrappers.takeSnap(GenericWrappers.java:613)
	at utils.Reporter.reportStep(Reporter.java:20)
	at wrappers.GenericWrappers.takeSnap(GenericWrappers.java:613)
	at utils.Reporter.reportStep(Reporter.java:20)
	at wrappers.GenericWrappers.takeSnap(GenericWrappers.java:613)
	at utils.Reporter.reportStep(Reporter.java:20)
	at wrappers.GenericWrappers.takeSnap(GenericWrappers.java:613)
	at utils.Reporter.reportStep(Reporter.java:20)
	at wrappers.GenericWrappers.takeSnap(GenericWrappers.java:613)
	at utils.Reporter.reportStep(Reporter.java:20)
	at wrappers.GenericWrappers.takeSnap(GenericWrappers.java:613)
	at utils.Reporter.reportStep(Reporter.java:20)
	at wrappers.GenericWrappers.takeSnap(GenericWrappers.java:613)
	at utils.Reporter.reportStep(Reporter.java:20)
	at wrappers.GenericWrappers.takeSnap(GenericWrappers.java:613)
	at utils.Reporter.reportStep(Reporter.java:20)
	at wrappers.GenericWrappers.takeSnap(GenericWrappers.java:613)
	at utils.Reporter.reportStep(Reporter.java:20)
	at wrappers.GenericWrappers.takeSnap(GenericWrappers.java:613)
	at utils.Reporter.reportStep(Reporter.java:20)
	at wrappers.GenericWrappers.takeSnap(GenericWrappers.java:613)
	at utils.Reporter.reportStep(Reporter.java:20)
	at wrappers.GenericWrappers.takeSnap(GenericWrappers.java:613)
	at utils.Reporter.reportStep(Reporter.java:20)
	at wrappers.GenericWrappers.takeSnap(GenericWrappers.java:613)
	at utils.Reporter.reportStep(Reporter.java:20)
	at wrappers.GenericWrappers.takeSnap(GenericWrappers.java:613)
	at utils.Reporter.reportStep(Reporter.java:20)
	at wrappers.GenericWrappers.takeSnap(GenericWrappers.java:613)
	at utils.Reporter.reportStep(Reporter.java:20)
	at wrappers.GenericWrappers.takeSnap(GenericWrappers.java:613)
	at utils.Reporter.reportStep(Reporter.java:20)
	at wrappers.GenericWrappers.takeSnap(GenericWrappers.java:613)
	at utils.Reporter.reportStep(Reporter.java:20)
	at wrappers.GenericWrappers.takeSnap(GenericWrappers.java:613)
	at utils.Reporter.reportStep(Reporter.java:20)
	at wrappers.GenericWrappers.takeSnap(GenericWrappers.java:613)
	at utils.Reporter.reportStep(Reporter.java:20)
	at wrappers.GenericWrappers.takeSnap(GenericWrappers.java:613)
	at utils.Reporter.reportStep(Reporter.java:20)
	at wrappers.GenericWrappers.takeSnap(GenericWrappers.java:613)
	at utils.Reporter.reportStep(Reporter.java:20)
	at wrappers.GenericWrappers.takeSnap(GenericWrappers.java:613)
	at utils.Reporter.reportStep(Reporter.java:20)
	at wrappers.GenericWrappers.takeSnap(GenericWrappers.java:613)
	at utils.Reporter.reportStep(Reporter.java:20)
	at wrappers.GenericWrappers.takeSnap(GenericWrappers.java:613)
	at utils.Reporter.reportStep(Reporter.java:20)
	at wrappers.GenericWrappers.takeSnap(GenericWrappers.java:613)
	at utils.Reporter.reportStep(Reporter.java:20)
	at wrappers.GenericWrappers.takeSnap(GenericWrappers.java:613)
	at utils.Reporter.reportStep(Reporter.java:20)
	at wrappers.GenericWrappers.takeSnap(GenericWrappers.java:613)
	at utils.Reporter.reportStep(Reporter.java:20)
	at wrappers.GenericWrappers.takeSnap(GenericWrappers.java:613)
	at utils.Reporter.reportStep(Reporter.java:20)
	at wrappers.GenericWrappers.takeSnap(GenericWrappers.java:613)
	at utils.Reporter.reportStep(Reporter.java:20)
	at wrappers.GenericWrappers.takeSnap(GenericWrappers.java:613)
	at utils.Reporter.reportStep(Reporter.java:20)
	at wrappers.GenericWrappers.takeSnap(GenericWrappers.java:613)
	at utils.Reporter.reportStep(Reporter.java:20)
	at wrappers.GenericWrappers.takeSnap(GenericWrappers.java:613)
	at utils.Reporter.reportStep(Reporter.java:20)
	at wrappers.GenericWrappers.takeSnap(GenericWrappers.java:613)
	at utils.Reporter.reportStep(Reporter.java:20)
	at wrappers.GenericWrappers.takeSnap(GenericWrappers.java:613)
	at utils.Reporter.reportStep(Reporter.java:20)
	at wrappers.GenericWrappers.takeSnap(GenericWrappers.java:613)
	at utils.Reporter.reportStep(Reporter.java:20)
	at wrappers.GenericWrappers.takeSnap(GenericWrappers.java:613)
	at utils.Reporter.reportStep(Reporter.java:20)
	at wrappers.GenericWrappers.takeSnap(GenericWrappers.java:613)
	at utils.Reporter.reportStep(Reporter.java:20)
	at wrappers.GenericWrappers.takeSnap(GenericWrappers.java:613)
	at utils.Reporter.reportStep(Reporter.java:20)
	at wrappers.GenericWrappers.takeSnap(GenericWrappers.java:613)
	at utils.Reporter.reportStep(Reporter.java:20)
	at wrappers.GenericWrappers.takeSnap(GenericWrappers.java:613)
	at utils.Reporter.reportStep(Reporter.java:20)
	at wrappers.GenericWrappers.takeSnap(GenericWrappers.java:613)
	at utils.Reporter.reportStep(Reporter.java:20)
	at wrappers.GenericWrappers.takeSnap(GenericWrappers.java:613)
	at utils.Reporter.reportStep(Reporter.java:20)
	at wrappers.GenericWrappers.takeSnap(GenericWrappers.java:613)
	at utils.Reporter.reportStep(Reporter.java:20)
	at wrappers.GenericWrappers.takeSnap(GenericWrappers.java:613)
	at utils.Reporter.reportStep(Reporter.java:20)
	at wrappers.GenericWrappers.takeSnap(GenericWrappers.java:613)
	at utils.Reporter.reportStep(Reporter.java:20)
	at wrappers.GenericWrappers.takeSnap(GenericWrappers.java:613)
	at utils.Reporter.reportStep(Reporter.java:20)
	at wrappers.GenericWrappers.takeSnap(GenericWrappers.java:613)
	at utils.Reporter.reportStep(Reporter.java:20)
	at wrappers.GenericWrappers.takeSnap(GenericWrappers.java:613)
	at utils.Reporter.reportStep(Reporter.java:20)
	at wrappers.GenericWrappers.takeSnap(GenericWrappers.java:613)
	at utils.Reporter.reportStep(Reporter.java:20)
	at wrappers.GenericWrappers.takeSnap(GenericWrappers.java:613)
	at utils.Reporter.reportStep(Reporter.java:20)
	at wrappers.GenericWrappers.takeSnap(GenericWrappers.java:613)
	at utils.Reporter.reportStep(Reporter.java:20)
	at wrappers.GenericWrappers.takeSnap(GenericWrappers.java:613)
	at utils.Reporter.reportStep(Reporter.java:20)
	at wrappers.GenericWrappers.takeSnap(GenericWrappers.java:613)
	at utils.Reporter.reportStep(Reporter.java:20)
	at wrappers.GenericWrappers.takeSnap(GenericWrappers.java:613)
	at utils.Reporter.reportStep(Reporter.java:20)
	at wrappers.GenericWrappers.takeSnap(GenericWrappers.java:613)
	at utils.Reporter.reportStep(Reporter.java:20)
	at wrappers.GenericWrappers.takeSnap(GenericWrappers.java:613)
	at utils.Reporter.reportStep(Reporter.java:20)
	at wrappers.GenericWrappers.takeSnap(GenericWrappers.java:613)
	at utils.Reporter.reportStep(Reporter.java:20)
	at wrappers.GenericWrappers.takeSnap(GenericWrappers.java:613)
	at utils.Reporter.reportStep(Reporter.java:20)
	at wrappers.GenericWrappers.takeSnap(GenericWrappers.java:613)
	at utils.Reporter.reportStep(Reporter.java:20)
	at wrappers.GenericWrappers.takeSnap(GenericWrappers.java:613)
	at utils.Reporter.reportStep(Reporter.java:20)
	at wrappers.GenericWrappers.takeSnap(GenericWrappers.java:613)
	at utils.Reporter.reportStep(Reporter.java:20)
	at wrappers.GenericWrappers.takeSnap(GenericWrappers.java:613)
	at utils.Reporter.reportStep(Reporter.java:20)
	at wrappers.GenericWrappers.takeSnap(GenericWrappers.java:613)
	at utils.Reporter.reportStep(Reporter.java:20)
	at wrappers.GenericWrappers.takeSnap(GenericWrappers.java:613)
	at utils.Reporter.reportStep(Reporter.java:20)
	at wrappers.GenericWrappers.takeSnap(GenericWrappers.java:613)
	at utils.Reporter.reportStep(Reporter.java:20)
	at wrappers.GenericWrappers.takeSnap(GenericWrappers.java:613)
	at utils.Reporter.reportStep(Reporter.java:20)
	at wrappers.GenericWrappers.takeSnap(GenericWrappers.java:613)
	at utils.Reporter.reportStep(Reporter.java:20)
	at wrappers.GenericWrappers.takeSnap(GenericWrappers.java:613)
	at utils.Reporter.reportStep(Reporter.java:20)
	at wrappers.GenericWrappers.takeSnap(GenericWrappers.java:613)
	at utils.Reporter.reportStep(Reporter.java:20)
	at wrappers.GenericWrappers.takeSnap(GenericWrappers.java:613)
	at utils.Reporter.reportStep(Reporter.java:20)
	at wrappers.GenericWrappers.takeSnap(GenericWrappers.java:613)
	at utils.Reporter.reportStep(Reporter.java:20)
	at wrappers.GenericWrappers.takeSnap(GenericWrappers.java:613)
	at utils.Reporter.reportStep(Reporter.java:20)
	at wrappers.GenericWrappers.takeSnap(GenericWrappers.java:613)
	at utils.Reporter.reportStep(Reporter.java:20)
	at wrappers.GenericWrappers.takeSnap(GenericWrappers.java:613)
	at utils.Reporter.reportStep(Reporter.java:20)
	at wrappers.GenericWrappers.takeSnap(GenericWrappers.java:613)
	at utils.Reporter.reportStep(Reporter.java:20)
	at wrappers.GenericWrappers.takeSnap(GenericWrappers.java:613)
	at utils.Reporter.reportStep(Reporter.java:20)
	at wrappers.GenericWrappers.takeSnap(GenericWrappers.java:613)
	at utils.Reporter.reportStep(Reporter.java:20)
	at wrappers.GenericWrappers.takeSnap(GenericWrappers.java:613)
	at utils.Reporter.reportStep(Reporter.java:20)
	at wrappers.GenericWrappers.takeSnap(GenericWrappers.java:613)
	at utils.Reporter.reportStep(Reporter.java:20)
	at wrappers.GenericWrappers.takeSnap(GenericWrappers.java:613)
	at utils.Reporter.reportStep(Reporter.java:20)
	at wrappers.GenericWrappers.takeSnap(GenericWrappers.java:613)
	at utils.Reporter.reportStep(Reporter.java:20)
	at wrappers.GenericWrappers.takeSnap(GenericWrappers.java:613)
	at utils.Reporter.reportStep(Reporter.java:20)
	at wrappers.GenericWrappers.takeSnap(GenericWrappers.java:613)
]]>
    </error>
  </testcase> <!-- login -->
  <testcase name="login" time="0.000" classname="testCases.TC001_Login">
    <error type="java.lang.StackOverflowError">
      <![CDATA[java.lang.StackOverflowError
	at java.util.regex.Pattern$Branch.match(Unknown Source)
	at java.util.regex.Pattern$BranchConn.match(Unknown Source)
	at java.util.regex.Pattern$GroupTail.match(Unknown Source)
	at java.util.regex.Pattern$Curly.match0(Unknown Source)
	at java.util.regex.Pattern$Curly.match(Unknown Source)
	at java.util.regex.Pattern$GroupHead.match(Unknown Source)
	at java.util.regex.Pattern$Branch.match(Unknown Source)
	at java.util.regex.Pattern$Branch.match(Unknown Source)
	at java.util.regex.Pattern$BmpCharProperty.match(Unknown Source)
	at java.util.regex.Pattern$Start.match(Unknown Source)
	at java.util.regex.Matcher.search(Unknown Source)
	at java.util.regex.Matcher.find(Unknown Source)
	at java.util.Formatter.parse(Unknown Source)
	at java.util.Formatter.format(Unknown Source)
	at java.util.Formatter.format(Unknown Source)
	at java.lang.String.format(Unknown Source)
	at org.openqa.selenium.remote.RemoteWebDriver.execute(RemoteWebDriver.java:549)
	at org.openqa.selenium.remote.RemoteWebDriver.execute(RemoteWebDriver.java:609)
	at org.openqa.selenium.remote.RemoteWebDriver.getScreenshotAs(RemoteWebDriver.java:295)
	at wrappers.GenericWrappers.takeSnap(GenericWrappers.java:610)
	at utils.Reporter.reportStep(Reporter.java:20)
	at wrappers.GenericWrappers.takeSnap(GenericWrappers.java:613)
	at utils.Reporter.reportStep(Reporter.java:20)
	at wrappers.GenericWrappers.takeSnap(GenericWrappers.java:613)
	at utils.Reporter.reportStep(Reporter.java:20)
	at wrappers.GenericWrappers.takeSnap(GenericWrappers.java:613)
	at utils.Reporter.reportStep(Reporter.java:20)
	at wrappers.GenericWrappers.takeSnap(GenericWrappers.java:613)
	at utils.Reporter.reportStep(Reporter.java:20)
	at wrappers.GenericWrappers.takeSnap(GenericWrappers.java:613)
	at utils.Reporter.reportStep(Reporter.java:20)
	at wrappers.GenericWrappers.takeSnap(GenericWrappers.java:613)
	at utils.Reporter.reportStep(Reporter.java:20)
	at wrappers.GenericWrappers.takeSnap(GenericWrappers.java:613)
	at utils.Reporter.reportStep(Reporter.java:20)
	at wrappers.GenericWrappers.takeSnap(GenericWrappers.java:613)
	at utils.Reporter.reportStep(Reporter.java:20)
	at wrappers.GenericWrappers.takeSnap(GenericWrappers.java:613)
	at utils.Reporter.reportStep(Reporter.java:20)
	at wrappers.GenericWrappers.takeSnap(GenericWrappers.java:613)
	at utils.Reporter.reportStep(Reporter.java:20)
	at wrappers.GenericWrappers.takeSnap(GenericWrappers.java:613)
	at utils.Reporter.reportStep(Reporter.java:20)
	at wrappers.GenericWrappers.takeSnap(GenericWrappers.java:613)
	at utils.Reporter.reportStep(Reporter.java:20)
	at wrappers.GenericWrappers.takeSnap(GenericWrappers.java:613)
	at utils.Reporter.reportStep(Reporter.java:20)
	at wrappers.GenericWrappers.takeSnap(GenericWrappers.java:613)
	at utils.Reporter.reportStep(Reporter.java:20)
	at wrappers.GenericWrappers.takeSnap(GenericWrappers.java:613)
	at utils.Reporter.reportStep(Reporter.java:20)
	at wrappers.GenericWrappers.takeSnap(GenericWrappers.java:613)
	at utils.Reporter.reportStep(Reporter.java:20)
	at wrappers.GenericWrappers.takeSnap(GenericWrappers.java:613)
	at utils.Reporter.reportStep(Reporter.java:20)
	at wrappers.GenericWrappers.takeSnap(GenericWrappers.java:613)
	at utils.Reporter.reportStep(Reporter.java:20)
	at wrappers.GenericWrappers.takeSnap(GenericWrappers.java:613)
	at utils.Reporter.reportStep(Reporter.java:20)
	at wrappers.GenericWrappers.takeSnap(GenericWrappers.java:613)
	at utils.Reporter.reportStep(Reporter.java:20)
	at wrappers.GenericWrappers.takeSnap(GenericWrappers.java:613)
	at utils.Reporter.reportStep(Reporter.java:20)
	at wrappers.GenericWrappers.takeSnap(GenericWrappers.java:613)
	at utils.Reporter.reportStep(Reporter.java:20)
	at wrappers.GenericWrappers.takeSnap(GenericWrappers.java:613)
	at utils.Reporter.reportStep(Reporter.java:20)
	at wrappers.GenericWrappers.takeSnap(GenericWrappers.java:613)
	at utils.Reporter.reportStep(Reporter.java:20)
	at wrappers.GenericWrappers.takeSnap(GenericWrappers.java:613)
	at utils.Reporter.reportStep(Reporter.java:20)
	at wrappers.GenericWrappers.takeSnap(GenericWrappers.java:613)
	at utils.Reporter.reportStep(Reporter.java:20)
	at wrappers.GenericWrappers.takeSnap(GenericWrappers.java:613)
	at utils.Reporter.reportStep(Reporter.java:20)
	at wrappers.GenericWrappers.takeSnap(GenericWrappers.java:613)
	at utils.Reporter.reportStep(Reporter.java:20)
	at wrappers.GenericWrappers.takeSnap(GenericWrappers.java:613)
	at utils.Reporter.reportStep(Reporter.java:20)
	at wrappers.GenericWrappers.takeSnap(GenericWrappers.java:613)
	at utils.Reporter.reportStep(Reporter.java:20)
	at wrappers.GenericWrappers.takeSnap(GenericWrappers.java:613)
	at utils.Reporter.reportStep(Reporter.java:20)
	at wrappers.GenericWrappers.takeSnap(GenericWrappers.java:613)
	at utils.Reporter.reportStep(Reporter.java:20)
	at wrappers.GenericWrappers.takeSnap(GenericWrappers.java:613)
	at utils.Reporter.reportStep(Reporter.java:20)
	at wrappers.GenericWrappers.takeSnap(GenericWrappers.java:613)
	at utils.Reporter.reportStep(Reporter.java:20)
	at wrappers.GenericWrappers.takeSnap(GenericWrappers.java:613)
	at utils.Reporter.reportStep(Reporter.java:20)
	at wrappers.GenericWrappers.takeSnap(GenericWrappers.java:613)
	at utils.Reporter.reportStep(Reporter.java:20)
	at wrappers.GenericWrappers.takeSnap(GenericWrappers.java:613)
	at utils.Reporter.reportStep(Reporter.java:20)
	at wrappers.GenericWrappers.takeSnap(GenericWrappers.java:613)
	at utils.Reporter.reportStep(Reporter.java:20)
	at wrappers.GenericWrappers.takeSnap(GenericWrappers.java:613)
	at utils.Reporter.reportStep(Reporter.java:20)
	at wrappers.GenericWrappers.takeSnap(GenericWrappers.java:613)
	at utils.Reporter.reportStep(Reporter.java:20)
	at wrappers.GenericWrappers.takeSnap(GenericWrappers.java:613)
	at utils.Reporter.reportStep(Reporter.java:20)
	at wrappers.GenericWrappers.takeSnap(GenericWrappers.java:613)
	at utils.Reporter.reportStep(Reporter.java:20)
	at wrappers.GenericWrappers.takeSnap(GenericWrappers.java:613)
	at utils.Reporter.reportStep(Reporter.java:20)
	at wrappers.GenericWrappers.takeSnap(GenericWrappers.java:613)
	at utils.Reporter.reportStep(Reporter.java:20)
	at wrappers.GenericWrappers.takeSnap(GenericWrappers.java:613)
	at utils.Reporter.reportStep(Reporter.java:20)
	at wrappers.GenericWrappers.takeSnap(GenericWrappers.java:613)
	at utils.Reporter.reportStep(Reporter.java:20)
	at wrappers.GenericWrappers.takeSnap(GenericWrappers.java:613)
	at utils.Reporter.reportStep(Reporter.java:20)
	at wrappers.GenericWrappers.takeSnap(GenericWrappers.java:613)
	at utils.Reporter.reportStep(Reporter.java:20)
	at wrappers.GenericWrappers.takeSnap(GenericWrappers.java:613)
	at utils.Reporter.reportStep(Reporter.java:20)
	at wrappers.GenericWrappers.takeSnap(GenericWrappers.java:613)
	at utils.Reporter.reportStep(Reporter.java:20)
	at wrappers.GenericWrappers.takeSnap(GenericWrappers.java:613)
	at utils.Reporter.reportStep(Reporter.java:20)
	at wrappers.GenericWrappers.takeSnap(GenericWrappers.java:613)
	at utils.Reporter.reportStep(Reporter.java:20)
	at wrappers.GenericWrappers.takeSnap(GenericWrappers.java:613)
	at utils.Reporter.reportStep(Reporter.java:20)
	at wrappers.GenericWrappers.takeSnap(GenericWrappers.java:613)
	at utils.Reporter.reportStep(Reporter.java:20)
	at wrappers.GenericWrappers.takeSnap(GenericWrappers.java:613)
	at utils.Reporter.reportStep(Reporter.java:20)
	at wrappers.GenericWrappers.takeSnap(GenericWrappers.java:613)
	at utils.Reporter.reportStep(Reporter.java:20)
	at wrappers.GenericWrappers.takeSnap(GenericWrappers.java:613)
	at utils.Reporter.reportStep(Reporter.java:20)
	at wrappers.GenericWrappers.takeSnap(GenericWrappers.java:613)
	at utils.Reporter.reportStep(Reporter.java:20)
	at wrappers.GenericWrappers.takeSnap(GenericWrappers.java:613)
	at utils.Reporter.reportStep(Reporter.java:20)
	at wrappers.GenericWrappers.takeSnap(GenericWrappers.java:613)
	at utils.Reporter.reportStep(Reporter.java:20)
	at wrappers.GenericWrappers.takeSnap(GenericWrappers.java:613)
	at utils.Reporter.reportStep(Reporter.java:20)
	at wrappers.GenericWrappers.takeSnap(GenericWrappers.java:613)
	at utils.Reporter.reportStep(Reporter.java:20)
	at wrappers.GenericWrappers.takeSnap(GenericWrappers.java:613)
	at utils.Reporter.reportStep(Reporter.java:20)
	at wrappers.GenericWrappers.takeSnap(GenericWrappers.java:613)
	at utils.Reporter.reportStep(Reporter.java:20)
	at wrappers.GenericWrappers.takeSnap(GenericWrappers.java:613)
	at utils.Reporter.reportStep(Reporter.java:20)
	at wrappers.GenericWrappers.takeSnap(GenericWrappers.java:613)
	at utils.Reporter.reportStep(Reporter.java:20)
	at wrappers.GenericWrappers.takeSnap(GenericWrappers.java:613)
	at utils.Reporter.reportStep(Reporter.java:20)
	at wrappers.GenericWrappers.takeSnap(GenericWrappers.java:613)
	at utils.Reporter.reportStep(Reporter.java:20)
	at wrappers.GenericWrappers.takeSnap(GenericWrappers.java:613)
	at utils.Reporter.reportStep(Reporter.java:20)
	at wrappers.GenericWrappers.takeSnap(GenericWrappers.java:613)
	at utils.Reporter.reportStep(Reporter.java:20)
	at wrappers.GenericWrappers.takeSnap(GenericWrappers.java:613)
	at utils.Reporter.reportStep(Reporter.java:20)
	at wrappers.GenericWrappers.takeSnap(GenericWrappers.java:613)
	at utils.Reporter.reportStep(Reporter.java:20)
	at wrappers.GenericWrappers.takeSnap(GenericWrappers.java:613)
	at utils.Reporter.reportStep(Reporter.java:20)
	at wrappers.GenericWrappers.takeSnap(GenericWrappers.java:613)
	at utils.Reporter.reportStep(Reporter.java:20)
	at wrappers.GenericWrappers.takeSnap(GenericWrappers.java:613)
	at utils.Reporter.reportStep(Reporter.java:20)
	at wrappers.GenericWrappers.takeSnap(GenericWrappers.java:613)
	at utils.Reporter.reportStep(Reporter.java:20)
	at wrappers.GenericWrappers.takeSnap(GenericWrappers.java:613)
	at utils.Reporter.reportStep(Reporter.java:20)
	at wrappers.GenericWrappers.takeSnap(GenericWrappers.java:613)
	at utils.Reporter.reportStep(Reporter.java:20)
	at wrappers.GenericWrappers.takeSnap(GenericWrappers.java:613)
	at utils.Reporter.reportStep(Reporter.java:20)
	at wrappers.GenericWrappers.takeSnap(GenericWrappers.java:613)
	at utils.Reporter.reportStep(Reporter.java:20)
	at wrappers.GenericWrappers.takeSnap(GenericWrappers.java:613)
	at utils.Reporter.reportStep(Reporter.java:20)
	at wrappers.GenericWrappers.takeSnap(GenericWrappers.java:613)
	at utils.Reporter.reportStep(Reporter.java:20)
	at wrappers.GenericWrappers.takeSnap(GenericWrappers.java:613)
	at utils.Reporter.reportStep(Reporter.java:20)
	at wrappers.GenericWrappers.takeSnap(GenericWrappers.java:613)
	at utils.Reporter.reportStep(Reporter.java:20)
	at wrappers.GenericWrappers.takeSnap(GenericWrappers.java:613)
	at utils.Reporter.reportStep(Reporter.java:20)
	at wrappers.GenericWrappers.takeSnap(GenericWrappers.java:613)
	at utils.Reporter.reportStep(Reporter.java:20)
	at wrappers.GenericWrappers.takeSnap(GenericWrappers.java:613)
	at utils.Reporter.reportStep(Reporter.java:20)
	at wrappers.GenericWrappers.takeSnap(GenericWrappers.java:613)
	at utils.Reporter.reportStep(Reporter.java:20)
	at wrappers.GenericWrappers.takeSnap(GenericWrappers.java:613)
	at utils.Reporter.reportStep(Reporter.java:20)
	at wrappers.GenericWrappers.takeSnap(GenericWrappers.java:613)
	at utils.Reporter.reportStep(Reporter.java:20)
	at wrappers.GenericWrappers.takeSnap(GenericWrappers.java:613)
	at utils.Reporter.reportStep(Reporter.java:20)
	at wrappers.GenericWrappers.takeSnap(GenericWrappers.java:613)
	at utils.Reporter.reportStep(Reporter.java:20)
	at wrappers.GenericWrappers.takeSnap(GenericWrappers.java:613)
	at utils.Reporter.reportStep(Reporter.java:20)
	at wrappers.GenericWrappers.takeSnap(GenericWrappers.java:613)
	at utils.Reporter.reportStep(Reporter.java:20)
	at wrappers.GenericWrappers.takeSnap(GenericWrappers.java:613)
	at utils.Reporter.reportStep(Reporter.java:20)
	at wrappers.GenericWrappers.takeSnap(GenericWrappers.java:613)
	at utils.Reporter.reportStep(Reporter.java:20)
	at wrappers.GenericWrappers.takeSnap(GenericWrappers.java:613)
	at utils.Reporter.reportStep(Reporter.java:20)
	at wrappers.GenericWrappers.takeSnap(GenericWrappers.java:613)
	at utils.Reporter.reportStep(Reporter.java:20)
	at wrappers.GenericWrappers.takeSnap(GenericWrappers.java:613)
	at utils.Reporter.reportStep(Reporter.java:20)
	at wrappers.GenericWrappers.takeSnap(GenericWrappers.java:613)
	at utils.Reporter.reportStep(Reporter.java:20)
	at wrappers.GenericWrappers.takeSnap(GenericWrappers.java:613)
	at utils.Reporter.reportStep(Reporter.java:20)
	at wrappers.GenericWrappers.takeSnap(GenericWrappers.java:613)
	at utils.Reporter.reportStep(Reporter.java:20)
	at wrappers.GenericWrappers.takeSnap(GenericWrappers.java:613)
	at utils.Reporter.reportStep(Reporter.java:20)
	at wrappers.GenericWrappers.takeSnap(GenericWrappers.java:613)
	at utils.Reporter.reportStep(Reporter.java:20)
	at wrappers.GenericWrappers.takeSnap(GenericWrappers.java:613)
	at utils.Reporter.reportStep(Reporter.java:20)
	at wrappers.GenericWrappers.takeSnap(GenericWrappers.java:613)
	at utils.Reporter.reportStep(Reporter.java:20)
	at wrappers.GenericWrappers.takeSnap(GenericWrappers.java:613)
	at utils.Reporter.reportStep(Reporter.java:20)
	at wrappers.GenericWrappers.takeSnap(GenericWrappers.java:613)
	at utils.Reporter.reportStep(Reporter.java:20)
	at wrappers.GenericWrappers.takeSnap(GenericWrappers.java:613)
	at utils.Reporter.reportStep(Reporter.java:20)
	at wrappers.GenericWrappers.takeSnap(GenericWrappers.java:613)
	at utils.Reporter.reportStep(Reporter.java:20)
	at wrappers.GenericWrappers.takeSnap(GenericWrappers.java:613)
	at utils.Reporter.reportStep(Reporter.java:20)
	at wrappers.GenericWrappers.takeSnap(GenericWrappers.java:613)
	at utils.Reporter.reportStep(Reporter.java:20)
	at wrappers.GenericWrappers.takeSnap(GenericWrappers.java:613)
	at utils.Reporter.reportStep(Reporter.java:20)
	at wrappers.GenericWrappers.takeSnap(GenericWrappers.java:613)
	at utils.Reporter.reportStep(Reporter.java:20)
	at wrappers.GenericWrappers.takeSnap(GenericWrappers.java:613)
	at utils.Reporter.reportStep(Reporter.java:20)
	at wrappers.GenericWrappers.takeSnap(GenericWrappers.java:613)
	at utils.Reporter.reportStep(Reporter.java:20)
	at wrappers.GenericWrappers.takeSnap(GenericWrappers.java:613)
	at utils.Reporter.reportStep(Reporter.java:20)
	at wrappers.GenericWrappers.takeSnap(GenericWrappers.java:613)
	at utils.Reporter.reportStep(Reporter.java:20)
	at wrappers.GenericWrappers.takeSnap(GenericWrappers.java:613)
	at utils.Reporter.reportStep(Reporter.java:20)
	at wrappers.GenericWrappers.takeSnap(GenericWrappers.java:613)
	at utils.Reporter.reportStep(Reporter.java:20)
	at wrappers.GenericWrappers.takeSnap(GenericWrappers.java:613)
	at utils.Reporter.reportStep(Reporter.java:20)
	at wrappers.GenericWrappers.takeSnap(GenericWrappers.java:613)
	at utils.Reporter.reportStep(Reporter.java:20)
	at wrappers.GenericWrappers.takeSnap(GenericWrappers.java:613)
	at utils.Reporter.reportStep(Reporter.java:20)
	at wrappers.GenericWrappers.takeSnap(GenericWrappers.java:613)
	at utils.Reporter.reportStep(Reporter.java:20)
	at wrappers.GenericWrappers.takeSnap(GenericWrappers.java:613)
	at utils.Reporter.reportStep(Reporter.java:20)
	at wrappers.GenericWrappers.takeSnap(GenericWrappers.java:613)
	at utils.Reporter.reportStep(Reporter.java:20)
	at wrappers.GenericWrappers.takeSnap(GenericWrappers.java:613)
	at utils.Reporter.reportStep(Reporter.java:20)
	at wrappers.GenericWrappers.takeSnap(GenericWrappers.java:613)
	at utils.Reporter.reportStep(Reporter.java:20)
	at wrappers.GenericWrappers.takeSnap(GenericWrappers.java:613)
	at utils.Reporter.reportStep(Reporter.java:20)
	at wrappers.GenericWrappers.takeSnap(GenericWrappers.java:613)
	at utils.Reporter.reportStep(Reporter.java:20)
	at wrappers.GenericWrappers.takeSnap(GenericWrappers.java:613)
	at utils.Reporter.reportStep(Reporter.java:20)
	at wrappers.GenericWrappers.takeSnap(GenericWrappers.java:613)
	at utils.Reporter.reportStep(Reporter.java:20)
	at wrappers.GenericWrappers.takeSnap(GenericWrappers.java:613)
	at utils.Reporter.reportStep(Reporter.java:20)
	at wrappers.GenericWrappers.takeSnap(GenericWrappers.java:613)
	at utils.Reporter.reportStep(Reporter.java:20)
	at wrappers.GenericWrappers.takeSnap(GenericWrappers.java:613)
	at utils.Reporter.reportStep(Reporter.java:20)
	at wrappers.GenericWrappers.takeSnap(GenericWrappers.java:613)
	at utils.Reporter.reportStep(Reporter.java:20)
	at wrappers.GenericWrappers.takeSnap(GenericWrappers.java:613)
	at utils.Reporter.reportStep(Reporter.java:20)
	at wrappers.GenericWrappers.takeSnap(GenericWrappers.java:613)
	at utils.Reporter.reportStep(Reporter.java:20)
	at wrappers.GenericWrappers.takeSnap(GenericWrappers.java:613)
	at utils.Reporter.reportStep(Reporter.java:20)
	at wrappers.GenericWrappers.takeSnap(GenericWrappers.java:613)
	at utils.Reporter.reportStep(Reporter.java:20)
	at wrappers.GenericWrappers.takeSnap(GenericWrappers.java:613)
	at utils.Reporter.reportStep(Reporter.java:20)
	at wrappers.GenericWrappers.takeSnap(GenericWrappers.java:613)
	at utils.Reporter.reportStep(Reporter.java:20)
	at wrappers.GenericWrappers.takeSnap(GenericWrappers.java:613)
	at utils.Reporter.reportStep(Reporter.java:20)
	at wrappers.GenericWrappers.takeSnap(GenericWrappers.java:613)
	at utils.Reporter.reportStep(Reporter.java:20)
	at wrappers.GenericWrappers.takeSnap(GenericWrappers.java:613)
	at utils.Reporter.reportStep(Reporter.java:20)
	at wrappers.GenericWrappers.takeSnap(GenericWrappers.java:613)
	at utils.Reporter.reportStep(Reporter.java:20)
	at wrappers.GenericWrappers.takeSnap(GenericWrappers.java:613)
	at utils.Reporter.reportStep(Reporter.java:20)
	at wrappers.GenericWrappers.takeSnap(GenericWrappers.java:613)
	at utils.Reporter.reportStep(Reporter.java:20)
	at wrappers.GenericWrappers.takeSnap(GenericWrappers.java:613)
	at utils.Reporter.reportStep(Reporter.java:20)
	at wrappers.GenericWrappers.takeSnap(GenericWrappers.java:613)
	at utils.Reporter.reportStep(Reporter.java:20)
	at wrappers.GenericWrappers.takeSnap(GenericWrappers.java:613)
	at utils.Reporter.reportStep(Reporter.java:20)
	at wrappers.GenericWrappers.takeSnap(GenericWrappers.java:613)
	at utils.Reporter.reportStep(Reporter.java:20)
	at wrappers.GenericWrappers.takeSnap(GenericWrappers.java:613)
	at utils.Reporter.reportStep(Reporter.java:20)
	at wrappers.GenericWrappers.takeSnap(GenericWrappers.java:613)
	at utils.Reporter.reportStep(Reporter.java:20)
	at wrappers.GenericWrappers.takeSnap(GenericWrappers.java:613)
	at utils.Reporter.reportStep(Reporter.java:20)
	at wrappers.GenericWrappers.takeSnap(GenericWrappers.java:613)
	at utils.Reporter.reportStep(Reporter.java:20)
	at wrappers.GenericWrappers.takeSnap(GenericWrappers.java:613)
	at utils.Reporter.reportStep(Reporter.java:20)
	at wrappers.GenericWrappers.takeSnap(GenericWrappers.java:613)
	at utils.Reporter.reportStep(Reporter.java:20)
	at wrappers.GenericWrappers.takeSnap(GenericWrappers.java:613)
	at utils.Reporter.reportStep(Reporter.java:20)
	at wrappers.GenericWrappers.takeSnap(GenericWrappers.java:613)
	at utils.Reporter.reportStep(Reporter.java:20)
	at wrappers.GenericWrappers.takeSnap(GenericWrappers.java:613)
	at utils.Reporter.reportStep(Reporter.java:20)
	at wrappers.GenericWrappers.takeSnap(GenericWrappers.java:613)
	at utils.Reporter.reportStep(Reporter.java:20)
	at wrappers.GenericWrappers.takeSnap(GenericWrappers.java:613)
	at utils.Reporter.reportStep(Reporter.java:20)
	at wrappers.GenericWrappers.takeSnap(GenericWrappers.java:613)
	at utils.Reporter.reportStep(Reporter.java:20)
	at wrappers.GenericWrappers.takeSnap(GenericWrappers.java:613)
	at utils.Reporter.reportStep(Reporter.java:20)
	at wrappers.GenericWrappers.takeSnap(GenericWrappers.java:613)
	at utils.Reporter.reportStep(Reporter.java:20)
	at wrappers.GenericWrappers.takeSnap(GenericWrappers.java:613)
	at utils.Reporter.reportStep(Reporter.java:20)
	at wrappers.GenericWrappers.takeSnap(GenericWrappers.java:613)
	at utils.Reporter.reportStep(Reporter.java:20)
	at wrappers.GenericWrappers.takeSnap(GenericWrappers.java:613)
	at utils.Reporter.reportStep(Reporter.java:20)
	at wrappers.GenericWrappers.takeSnap(GenericWrappers.java:613)
	at utils.Reporter.reportStep(Reporter.java:20)
	at wrappers.GenericWrappers.takeSnap(GenericWrappers.java:613)
	at utils.Reporter.reportStep(Reporter.java:20)
	at wrappers.GenericWrappers.takeSnap(GenericWrappers.java:613)
	at utils.Reporter.reportStep(Reporter.java:20)
	at wrappers.GenericWrappers.takeSnap(GenericWrappers.java:613)
	at utils.Reporter.reportStep(Reporter.java:20)
	at wrappers.GenericWrappers.takeSnap(GenericWrappers.java:613)
	at utils.Reporter.reportStep(Reporter.java:20)
	at wrappers.GenericWrappers.takeSnap(GenericWrappers.java:613)
	at utils.Reporter.reportStep(Reporter.java:20)
	at wrappers.GenericWrappers.takeSnap(GenericWrappers.java:613)
	at utils.Reporter.reportStep(Reporter.java:20)
	at wrappers.GenericWrappers.takeSnap(GenericWrappers.java:613)
	at utils.Reporter.reportStep(Reporter.java:20)
	at wrappers.GenericWrappers.takeSnap(GenericWrappers.java:613)
	at utils.Reporter.reportStep(Reporter.java:20)
	at wrappers.GenericWrappers.takeSnap(GenericWrappers.java:613)
	at utils.Reporter.reportStep(Reporter.java:20)
	at wrappers.GenericWrappers.takeSnap(GenericWrappers.java:613)
	at utils.Reporter.reportStep(Reporter.java:20)
	at wrappers.GenericWrappers.takeSnap(GenericWrappers.java:613)
	at utils.Reporter.reportStep(Reporter.java:20)
	at wrappers.GenericWrappers.takeSnap(GenericWrappers.java:613)
	at utils.Reporter.reportStep(Reporter.java:20)
	at wrappers.GenericWrappers.takeSnap(GenericWrappers.java:613)
	at utils.Reporter.reportStep(Reporter.java:20)
	at wrappers.GenericWrappers.takeSnap(GenericWrappers.java:613)
	at utils.Reporter.reportStep(Reporter.java:20)
	at wrappers.GenericWrappers.takeSnap(GenericWrappers.java:613)
	at utils.Reporter.reportStep(Reporter.java:20)
	at wrappers.GenericWrappers.takeSnap(GenericWrappers.java:613)
	at utils.Reporter.reportStep(Reporter.java:20)
	at wrappers.GenericWrappers.takeSnap(GenericWrappers.java:613)
	at utils.Reporter.reportStep(Reporter.java:20)
	at wrappers.GenericWrappers.takeSnap(GenericWrappers.java:613)
	at utils.Reporter.reportStep(Reporter.java:20)
	at wrappers.GenericWrappers.takeSnap(GenericWrappers.java:613)
	at utils.Reporter.reportStep(Reporter.java:20)
	at wrappers.GenericWrappers.takeSnap(GenericWrappers.java:613)
	at utils.Reporter.reportStep(Reporter.java:20)
	at wrappers.GenericWrappers.takeSnap(GenericWrappers.java:613)
	at utils.Reporter.reportStep(Reporter.java:20)
	at wrappers.GenericWrappers.takeSnap(GenericWrappers.java:613)
	at utils.Reporter.reportStep(Reporter.java:20)
	at wrappers.GenericWrappers.takeSnap(GenericWrappers.java:613)
	at utils.Reporter.reportStep(Reporter.java:20)
	at wrappers.GenericWrappers.takeSnap(GenericWrappers.java:613)
	at utils.Reporter.reportStep(Reporter.java:20)
	at wrappers.GenericWrappers.takeSnap(GenericWrappers.java:613)
	at utils.Reporter.reportStep(Reporter.java:20)
	at wrappers.GenericWrappers.takeSnap(GenericWrappers.java:613)
	at utils.Reporter.reportStep(Reporter.java:20)
	at wrappers.GenericWrappers.takeSnap(GenericWrappers.java:613)
	at utils.Reporter.reportStep(Reporter.java:20)
	at wrappers.GenericWrappers.takeSnap(GenericWrappers.java:613)
	at utils.Reporter.reportStep(Reporter.java:20)
	at wrappers.GenericWrappers.takeSnap(GenericWrappers.java:613)
	at utils.Reporter.reportStep(Reporter.java:20)
	at wrappers.GenericWrappers.takeSnap(GenericWrappers.java:613)
	at utils.Reporter.reportStep(Reporter.java:20)
	at wrappers.GenericWrappers.takeSnap(GenericWrappers.java:613)
	at utils.Reporter.reportStep(Reporter.java:20)
	at wrappers.GenericWrappers.takeSnap(GenericWrappers.java:613)
	at utils.Reporter.reportStep(Reporter.java:20)
	at wrappers.GenericWrappers.takeSnap(GenericWrappers.java:613)
	at utils.Reporter.reportStep(Reporter.java:20)
	at wrappers.GenericWrappers.takeSnap(GenericWrappers.java:613)
	at utils.Reporter.reportStep(Reporter.java:20)
	at wrappers.GenericWrappers.takeSnap(GenericWrappers.java:613)
	at utils.Reporter.reportStep(Reporter.java:20)
	at wrappers.GenericWrappers.takeSnap(GenericWrappers.java:613)
	at utils.Reporter.reportStep(Reporter.java:20)
	at wrappers.GenericWrappers.takeSnap(GenericWrappers.java:613)
	at utils.Reporter.reportStep(Reporter.java:20)
	at wrappers.GenericWrappers.takeSnap(GenericWrappers.java:613)
	at utils.Reporter.reportStep(Reporter.java:20)
	at wrappers.GenericWrappers.takeSnap(GenericWrappers.java:613)
	at utils.Reporter.reportStep(Reporter.java:20)
	at wrappers.GenericWrappers.takeSnap(GenericWrappers.java:613)
	at utils.Reporter.reportStep(Reporter.java:20)
	at wrappers.GenericWrappers.takeSnap(GenericWrappers.java:613)
	at utils.Reporter.reportStep(Reporter.java:20)
	at wrappers.GenericWrappers.takeSnap(GenericWrappers.java:613)
	at utils.Reporter.reportStep(Reporter.java:20)
	at wrappers.GenericWrappers.takeSnap(GenericWrappers.java:613)
	at utils.Reporter.reportStep(Reporter.java:20)
	at wrappers.GenericWrappers.takeSnap(GenericWrappers.java:613)
	at utils.Reporter.reportStep(Reporter.java:20)
	at wrappers.GenericWrappers.takeSnap(GenericWrappers.java:613)
	at utils.Reporter.reportStep(Reporter.java:20)
	at wrappers.GenericWrappers.takeSnap(GenericWrappers.java:613)
	at utils.Reporter.reportStep(Reporter.java:20)
	at wrappers.GenericWrappers.takeSnap(GenericWrappers.java:613)
	at utils.Reporter.reportStep(Reporter.java:20)
	at wrappers.GenericWrappers.takeSnap(GenericWrappers.java:613)
	at utils.Reporter.reportStep(Reporter.java:20)
	at wrappers.GenericWrappers.takeSnap(GenericWrappers.java:613)
	at utils.Reporter.reportStep(Reporter.java:20)
	at wrappers.GenericWrappers.takeSnap(GenericWrappers.java:613)
	at utils.Reporter.reportStep(Reporter.java:20)
	at wrappers.GenericWrappers.takeSnap(GenericWrappers.java:613)
	at utils.Reporter.reportStep(Reporter.java:20)
	at wrappers.GenericWrappers.takeSnap(GenericWrappers.java:613)
	at utils.Reporter.reportStep(Reporter.java:20)
	at wrappers.GenericWrappers.takeSnap(GenericWrappers.java:613)
	at utils.Reporter.reportStep(Reporter.java:20)
	at wrappers.GenericWrappers.takeSnap(GenericWrappers.java:613)
	at utils.Reporter.reportStep(Reporter.java:20)
	at wrappers.GenericWrappers.takeSnap(GenericWrappers.java:613)
	at utils.Reporter.reportStep(Reporter.java:20)
	at wrappers.GenericWrappers.takeSnap(GenericWrappers.java:613)
	at utils.Reporter.reportStep(Reporter.java:20)
	at wrappers.GenericWrappers.takeSnap(GenericWrappers.java:613)
	at utils.Reporter.reportStep(Reporter.java:20)
	at wrappers.GenericWrappers.takeSnap(GenericWrappers.java:613)
	at utils.Reporter.reportStep(Reporter.java:20)
	at wrappers.GenericWrappers.takeSnap(GenericWrappers.java:613)
	at utils.Reporter.reportStep(Reporter.java:20)
	at wrappers.GenericWrappers.takeSnap(GenericWrappers.java:613)
	at utils.Reporter.reportStep(Reporter.java:20)
	at wrappers.GenericWrappers.takeSnap(GenericWrappers.java:613)
	at utils.Reporter.reportStep(Reporter.java:20)
	at wrappers.GenericWrappers.takeSnap(GenericWrappers.java:613)
	at utils.Reporter.reportStep(Reporter.java:20)
	at wrappers.GenericWrappers.takeSnap(GenericWrappers.java:613)
	at utils.Reporter.reportStep(Reporter.java:20)
	at wrappers.GenericWrappers.takeSnap(GenericWrappers.java:613)
	at utils.Reporter.reportStep(Reporter.java:20)
	at wrappers.GenericWrappers.takeSnap(GenericWrappers.java:613)
	at utils.Reporter.reportStep(Reporter.java:20)
	at wrappers.GenericWrappers.takeSnap(GenericWrappers.java:613)
	at utils.Reporter.reportStep(Reporter.java:20)
	at wrappers.GenericWrappers.takeSnap(GenericWrappers.java:613)
	at utils.Reporter.reportStep(Reporter.java:20)
	at wrappers.GenericWrappers.takeSnap(GenericWrappers.java:613)
	at utils.Reporter.reportStep(Reporter.java:20)
	at wrappers.GenericWrappers.takeSnap(GenericWrappers.java:613)
	at utils.Reporter.reportStep(Reporter.java:20)
	at wrappers.GenericWrappers.takeSnap(GenericWrappers.java:613)
	at utils.Reporter.reportStep(Reporter.java:20)
	at wrappers.GenericWrappers.takeSnap(GenericWrappers.java:613)
	at utils.Reporter.reportStep(Reporter.java:20)
	at wrappers.GenericWrappers.takeSnap(GenericWrappers.java:613)
	at utils.Reporter.reportStep(Reporter.java:20)
	at wrappers.GenericWrappers.takeSnap(GenericWrappers.java:613)
	at utils.Reporter.reportStep(Reporter.java:20)
	at wrappers.GenericWrappers.takeSnap(GenericWrappers.java:613)
	at utils.Reporter.reportStep(Reporter.java:20)
	at wrappers.GenericWrappers.takeSnap(GenericWrappers.java:613)
	at utils.Reporter.reportStep(Reporter.java:20)
	at wrappers.GenericWrappers.takeSnap(GenericWrappers.java:613)
	at utils.Reporter.reportStep(Reporter.java:20)
	at wrappers.GenericWrappers.takeSnap(GenericWrappers.java:613)
	at utils.Reporter.reportStep(Reporter.java:20)
	at wrappers.GenericWrappers.takeSnap(GenericWrappers.java:613)
	at utils.Reporter.reportStep(Reporter.java:20)
	at wrappers.GenericWrappers.takeSnap(GenericWrappers.java:613)
	at utils.Reporter.reportStep(Reporter.java:20)
	at wrappers.GenericWrappers.takeSnap(GenericWrappers.java:613)
	at utils.Reporter.reportStep(Reporter.java:20)
	at wrappers.GenericWrappers.takeSnap(GenericWrappers.java:613)
	at utils.Reporter.reportStep(Reporter.java:20)
	at wrappers.GenericWrappers.takeSnap(GenericWrappers.java:613)
	at utils.Reporter.reportStep(Reporter.java:20)
	at wrappers.GenericWrappers.takeSnap(GenericWrappers.java:613)
	at utils.Reporter.reportStep(Reporter.java:20)
	at wrappers.GenericWrappers.takeSnap(GenericWrappers.java:613)
	at utils.Reporter.reportStep(Reporter.java:20)
	at wrappers.GenericWrappers.takeSnap(GenericWrappers.java:613)
	at utils.Reporter.reportStep(Reporter.java:20)
	at wrappers.GenericWrappers.takeSnap(GenericWrappers.java:613)
	at utils.Reporter.reportStep(Reporter.java:20)
	at wrappers.GenericWrappers.takeSnap(GenericWrappers.java:613)
	at utils.Reporter.reportStep(Reporter.java:20)
	at wrappers.GenericWrappers.takeSnap(GenericWrappers.java:613)
	at utils.Reporter.reportStep(Reporter.java:20)
	at wrappers.GenericWrappers.takeSnap(GenericWrappers.java:613)
	at utils.Reporter.reportStep(Reporter.java:20)
	at wrappers.GenericWrappers.takeSnap(GenericWrappers.java:613)
	at utils.Reporter.reportStep(Reporter.java:20)
	at wrappers.GenericWrappers.takeSnap(GenericWrappers.java:613)
	at utils.Reporter.reportStep(Reporter.java:20)
	at wrappers.GenericWrappers.takeSnap(GenericWrappers.java:613)
	at utils.Reporter.reportStep(Reporter.java:20)
	at wrappers.GenericWrappers.takeSnap(GenericWrappers.java:613)
	at utils.Reporter.reportStep(Reporter.java:20)
	at wrappers.GenericWrappers.takeSnap(GenericWrappers.java:613)
	at utils.Reporter.reportStep(Reporter.java:20)
	at wrappers.GenericWrappers.takeSnap(GenericWrappers.java:613)
	at utils.Reporter.reportStep(Reporter.java:20)
	at wrappers.GenericWrappers.takeSnap(GenericWrappers.java:613)
	at utils.Reporter.reportStep(Reporter.java:20)
	at wrappers.GenericWrappers.takeSnap(GenericWrappers.java:613)
	at utils.Reporter.reportStep(Reporter.java:20)
	at wrappers.GenericWrappers.takeSnap(GenericWrappers.java:613)
	at utils.Reporter.reportStep(Reporter.java:20)
	at wrappers.GenericWrappers.takeSnap(GenericWrappers.java:613)
	at utils.Reporter.reportStep(Reporter.java:20)
	at wrappers.GenericWrappers.takeSnap(GenericWrappers.java:613)
	at utils.Reporter.reportStep(Reporter.java:20)
	at wrappers.GenericWrappers.takeSnap(GenericWrappers.java:613)
	at utils.Reporter.reportStep(Reporter.java:20)
	at wrappers.GenericWrappers.takeSnap(GenericWrappers.java:613)
	at utils.Reporter.reportStep(Reporter.java:20)
	at wrappers.GenericWrappers.takeSnap(GenericWrappers.java:613)
	at utils.Reporter.reportStep(Reporter.java:20)
	at wrappers.GenericWrappers.takeSnap(GenericWrappers.java:613)
	at utils.Reporter.reportStep(Reporter.java:20)
	at wrappers.GenericWrappers.takeSnap(GenericWrappers.java:613)
	at utils.Reporter.reportStep(Reporter.java:20)
	at wrappers.GenericWrappers.takeSnap(GenericWrappers.java:613)
	at utils.Reporter.reportStep(Reporter.java:20)
	at wrappers.GenericWrappers.takeSnap(GenericWrappers.java:613)
	at utils.Reporter.reportStep(Reporter.java:20)
	at wrappers.GenericWrappers.takeSnap(GenericWrappers.java:613)
	at utils.Reporter.reportStep(Reporter.java:20)
	at wrappers.GenericWrappers.takeSnap(GenericWrappers.java:613)
	at utils.Reporter.reportStep(Reporter.java:20)
	at wrappers.GenericWrappers.takeSnap(GenericWrappers.java:613)
	at utils.Reporter.reportStep(Reporter.java:20)
	at wrappers.GenericWrappers.takeSnap(GenericWrappers.java:613)
	at utils.Reporter.reportStep(Reporter.java:20)
	at wrappers.GenericWrappers.takeSnap(GenericWrappers.java:613)
	at utils.Reporter.reportStep(Reporter.java:20)
	at wrappers.GenericWrappers.takeSnap(GenericWrappers.java:613)
	at utils.Reporter.reportStep(Reporter.java:20)
	at wrappers.GenericWrappers.takeSnap(GenericWrappers.java:613)
	at utils.Reporter.reportStep(Reporter.java:20)
	at wrappers.GenericWrappers.takeSnap(GenericWrappers.java:613)
	at utils.Reporter.reportStep(Reporter.java:20)
	at wrappers.GenericWrappers.takeSnap(GenericWrappers.java:613)
	at utils.Reporter.reportStep(Reporter.java:20)
	at wrappers.GenericWrappers.takeSnap(GenericWrappers.java:613)
	at utils.Reporter.reportStep(Reporter.java:20)
	at wrappers.GenericWrappers.takeSnap(GenericWrappers.java:613)
	at utils.Reporter.reportStep(Reporter.java:20)
	at wrappers.GenericWrappers.takeSnap(GenericWrappers.java:613)
	at utils.Reporter.reportStep(Reporter.java:20)
	at wrappers.GenericWrappers.takeSnap(GenericWrappers.java:613)
	at utils.Reporter.reportStep(Reporter.java:20)
	at wrappers.GenericWrappers.takeSnap(GenericWrappers.java:613)
	at utils.Reporter.reportStep(Reporter.java:20)
	at wrappers.GenericWrappers.takeSnap(GenericWrappers.java:613)
	at utils.Reporter.reportStep(Reporter.java:20)
	at wrappers.GenericWrappers.takeSnap(GenericWrappers.java:613)
	at utils.Reporter.reportStep(Reporter.java:20)
	at wrappers.GenericWrappers.takeSnap(GenericWrappers.java:613)
	at utils.Reporter.reportStep(Reporter.java:20)
	at wrappers.GenericWrappers.takeSnap(GenericWrappers.java:613)
	at utils.Reporter.reportStep(Reporter.java:20)
	at wrappers.GenericWrappers.takeSnap(GenericWrappers.java:613)
	at utils.Reporter.reportStep(Reporter.java:20)
	at wrappers.GenericWrappers.takeSnap(GenericWrappers.java:613)
	at utils.Reporter.reportStep(Reporter.java:20)
	at wrappers.GenericWrappers.takeSnap(GenericWrappers.java:613)
	at utils.Reporter.reportStep(Reporter.java:20)
	at wrappers.GenericWrappers.takeSnap(GenericWrappers.java:613)
	at utils.Reporter.reportStep(Reporter.java:20)
	at wrappers.GenericWrappers.takeSnap(GenericWrappers.java:613)
	at utils.Reporter.reportStep(Reporter.java:20)
	at wrappers.GenericWrappers.takeSnap(GenericWrappers.java:613)
	at utils.Reporter.reportStep(Reporter.java:20)
	at wrappers.GenericWrappers.takeSnap(GenericWrappers.java:613)
	at utils.Reporter.reportStep(Reporter.java:20)
	at wrappers.GenericWrappers.takeSnap(GenericWrappers.java:613)
	at utils.Reporter.reportStep(Reporter.java:20)
	at wrappers.GenericWrappers.takeSnap(GenericWrappers.java:613)
	at utils.Reporter.reportStep(Reporter.java:20)
	at wrappers.GenericWrappers.takeSnap(GenericWrappers.java:613)
	at utils.Reporter.reportStep(Reporter.java:20)
	at wrappers.GenericWrappers.takeSnap(GenericWrappers.java:613)
	at utils.Reporter.reportStep(Reporter.java:20)
	at wrappers.GenericWrappers.takeSnap(GenericWrappers.java:613)
	at utils.Reporter.reportStep(Reporter.java:20)
	at wrappers.GenericWrappers.takeSnap(GenericWrappers.java:613)
	at utils.Reporter.reportStep(Reporter.java:20)
	at wrappers.GenericWrappers.takeSnap(GenericWrappers.java:613)
	at utils.Reporter.reportStep(Reporter.java:20)
	at wrappers.GenericWrappers.takeSnap(GenericWrappers.java:613)
	at utils.Reporter.reportStep(Reporter.java:20)
	at wrappers.GenericWrappers.takeSnap(GenericWrappers.java:613)
	at utils.Reporter.reportStep(Reporter.java:20)
	at wrappers.GenericWrappers.takeSnap(GenericWrappers.java:613)
	at utils.Reporter.reportStep(Reporter.java:20)
	at wrappers.GenericWrappers.takeSnap(GenericWrappers.java:613)
	at utils.Reporter.reportStep(Reporter.java:20)
	at wrappers.GenericWrappers.takeSnap(GenericWrappers.java:613)
	at utils.Reporter.reportStep(Reporter.java:20)
	at wrappers.GenericWrappers.takeSnap(GenericWrappers.java:613)
	at utils.Reporter.reportStep(Reporter.java:20)
	at wrappers.GenericWrappers.takeSnap(GenericWrappers.java:613)
	at utils.Reporter.reportStep(Reporter.java:20)
	at wrappers.GenericWrappers.takeSnap(GenericWrappers.java:613)
	at utils.Reporter.reportStep(Reporter.java:20)
	at wrappers.GenericWrappers.takeSnap(GenericWrappers.java:613)
	at utils.Reporter.reportStep(Reporter.java:20)
	at wrappers.GenericWrappers.takeSnap(GenericWrappers.java:613)
	at utils.Reporter.reportStep(Reporter.java:20)
	at wrappers.GenericWrappers.takeSnap(GenericWrappers.java:613)
	at utils.Reporter.reportStep(Reporter.java:20)
	at wrappers.GenericWrappers.takeSnap(GenericWrappers.java:613)
	at utils.Reporter.reportStep(Reporter.java:20)
	at wrappers.GenericWrappers.takeSnap(GenericWrappers.java:613)
	at utils.Reporter.reportStep(Reporter.java:20)
	at wrappers.GenericWrappers.takeSnap(GenericWrappers.java:613)
	at utils.Reporter.reportStep(Reporter.java:20)
	at wrappers.GenericWrappers.takeSnap(GenericWrappers.java:613)
	at utils.Reporter.reportStep(Reporter.java:20)
	at wrappers.GenericWrappers.takeSnap(GenericWrappers.java:613)
	at utils.Reporter.reportStep(Reporter.java:20)
	at wrappers.GenericWrappers.takeSnap(GenericWrappers.java:613)
	at utils.Reporter.reportStep(Reporter.java:20)
	at wrappers.GenericWrappers.takeSnap(GenericWrappers.java:613)
	at utils.Reporter.reportStep(Reporter.java:20)
	at wrappers.GenericWrappers.takeSnap(GenericWrappers.java:613)
	at utils.Reporter.reportStep(Reporter.java:20)
	at wrappers.GenericWrappers.takeSnap(GenericWrappers.java:613)
	at utils.Reporter.reportStep(Reporter.java:20)
	at wrappers.GenericWrappers.takeSnap(GenericWrappers.java:613)
	at utils.Reporter.reportStep(Reporter.java:20)
	at wrappers.GenericWrappers.takeSnap(GenericWrappers.java:613)
	at utils.Reporter.reportStep(Reporter.java:20)
	at wrappers.GenericWrappers.takeSnap(GenericWrappers.java:613)
	at utils.Reporter.reportStep(Reporter.java:20)
	at wrappers.GenericWrappers.takeSnap(GenericWrappers.java:613)
	at utils.Reporter.reportStep(Reporter.java:20)
	at wrappers.GenericWrappers.takeSnap(GenericWrappers.java:613)
	at utils.Reporter.reportStep(Reporter.java:20)
	at wrappers.GenericWrappers.takeSnap(GenericWrappers.java:613)
	at utils.Reporter.reportStep(Reporter.java:20)
	at wrappers.GenericWrappers.takeSnap(GenericWrappers.java:613)
	at utils.Reporter.reportStep(Reporter.java:20)
	at wrappers.GenericWrappers.takeSnap(GenericWrappers.java:613)
	at utils.Reporter.reportStep(Reporter.java:20)
	at wrappers.GenericWrappers.takeSnap(GenericWrappers.java:613)
	at utils.Reporter.reportStep(Reporter.java:20)
	at wrappers.GenericWrappers.takeSnap(GenericWrappers.java:613)
	at utils.Reporter.reportStep(Reporter.java:20)
	at wrappers.GenericWrappers.takeSnap(GenericWrappers.java:613)
	at utils.Reporter.reportStep(Reporter.java:20)
	at wrappers.GenericWrappers.takeSnap(GenericWrappers.java:613)
	at utils.Reporter.reportStep(Reporter.java:20)
	at wrappers.GenericWrappers.takeSnap(GenericWrappers.java:613)
	at utils.Reporter.reportStep(Reporter.java:20)
	at wrappers.GenericWrappers.takeSnap(GenericWrappers.java:613)
	at utils.Reporter.reportStep(Reporter.java:20)
	at wrappers.GenericWrappers.takeSnap(GenericWrappers.java:613)
	at utils.Reporter.reportStep(Reporter.java:20)
	at wrappers.GenericWrappers.takeSnap(GenericWrappers.java:613)
	at utils.Reporter.reportStep(Reporter.java:20)
	at wrappers.GenericWrappers.takeSnap(GenericWrappers.java:613)
	at utils.Reporter.reportStep(Reporter.java:20)
	at wrappers.GenericWrappers.takeSnap(GenericWrappers.java:613)
	at utils.Reporter.reportStep(Reporter.java:20)
	at wrappers.GenericWrappers.takeSnap(GenericWrappers.java:613)
	at utils.Reporter.reportStep(Reporter.java:20)
	at wrappers.GenericWrappers.takeSnap(GenericWrappers.java:613)
	at utils.Reporter.reportStep(Reporter.java:20)
	at wrappers.GenericWrappers.takeSnap(GenericWrappers.java:613)
	at utils.Reporter.reportStep(Reporter.java:20)
	at wrappers.GenericWrappers.takeSnap(GenericWrappers.java:613)
	at utils.Reporter.reportStep(Reporter.java:20)
	at wrappers.GenericWrappers.takeSnap(GenericWrappers.java:613)
	at utils.Reporter.reportStep(Reporter.java:20)
	at wrappers.GenericWrappers.takeSnap(GenericWrappers.java:613)
	at utils.Reporter.reportStep(Reporter.java:20)
	at wrappers.GenericWrappers.takeSnap(GenericWrappers.java:613)
	at utils.Reporter.reportStep(Reporter.java:20)
	at wrappers.GenericWrappers.takeSnap(GenericWrappers.java:613)
	at utils.Reporter.reportStep(Reporter.java:20)
	at wrappers.GenericWrappers.takeSnap(GenericWrappers.java:613)
	at utils.Reporter.reportStep(Reporter.java:20)
	at wrappers.GenericWrappers.takeSnap(GenericWrappers.java:613)
	at utils.Reporter.reportStep(Reporter.java:20)
	at wrappers.GenericWrappers.takeSnap(GenericWrappers.java:613)
	at utils.Reporter.reportStep(Reporter.java:20)
	at wrappers.GenericWrappers.takeSnap(GenericWrappers.java:613)
	at utils.Reporter.reportStep(Reporter.java:20)
	at wrappers.GenericWrappers.takeSnap(GenericWrappers.java:613)
	at utils.Reporter.reportStep(Reporter.java:20)
	at wrappers.GenericWrappers.takeSnap(GenericWrappers.java:613)
	at utils.Reporter.reportStep(Reporter.java:20)
	at wrappers.GenericWrappers.takeSnap(GenericWrappers.java:613)
	at utils.Reporter.reportStep(Reporter.java:20)
	at wrappers.GenericWrappers.takeSnap(GenericWrappers.java:613)
	at utils.Reporter.reportStep(Reporter.java:20)
	at wrappers.GenericWrappers.takeSnap(GenericWrappers.java:613)
	at utils.Reporter.reportStep(Reporter.java:20)
	at wrappers.GenericWrappers.takeSnap(GenericWrappers.java:613)
	at utils.Reporter.reportStep(Reporter.java:20)
	at wrappers.GenericWrappers.takeSnap(GenericWrappers.java:613)
	at utils.Reporter.reportStep(Reporter.java:20)
	at wrappers.GenericWrappers.takeSnap(GenericWrappers.java:613)
	at utils.Reporter.reportStep(Reporter.java:20)
	at wrappers.GenericWrappers.takeSnap(GenericWrappers.java:613)
	at utils.Reporter.reportStep(Reporter.java:20)
	at wrappers.GenericWrappers.takeSnap(GenericWrappers.java:613)
	at utils.Reporter.reportStep(Reporter.java:20)
	at wrappers.GenericWrappers.takeSnap(GenericWrappers.java:613)
	at utils.Reporter.reportStep(Reporter.java:20)
	at wrappers.GenericWrappers.takeSnap(GenericWrappers.java:613)
	at utils.Reporter.reportStep(Reporter.java:20)
	at wrappers.GenericWrappers.takeSnap(GenericWrappers.java:613)
	at utils.Reporter.reportStep(Reporter.java:20)
	at wrappers.GenericWrappers.takeSnap(GenericWrappers.java:613)
	at utils.Reporter.reportStep(Reporter.java:20)
	at wrappers.GenericWrappers.takeSnap(GenericWrappers.java:613)
	at utils.Reporter.reportStep(Reporter.java:20)
	at wrappers.GenericWrappers.takeSnap(GenericWrappers.java:613)
	at utils.Reporter.reportStep(Reporter.java:20)
	at wrappers.GenericWrappers.takeSnap(GenericWrappers.java:613)
	at utils.Reporter.reportStep(Reporter.java:20)
	at wrappers.GenericWrappers.takeSnap(GenericWrappers.java:613)
	at utils.Reporter.reportStep(Reporter.java:20)
	at wrappers.GenericWrappers.takeSnap(GenericWrappers.java:613)
	at utils.Reporter.reportStep(Reporter.java:20)
	at wrappers.GenericWrappers.takeSnap(GenericWrappers.java:613)
	at utils.Reporter.reportStep(Reporter.java:20)
	at wrappers.GenericWrappers.takeSnap(GenericWrappers.java:613)
	at utils.Reporter.reportStep(Reporter.java:20)
	at wrappers.GenericWrappers.takeSnap(GenericWrappers.java:613)
	at utils.Reporter.reportStep(Reporter.java:20)
	at wrappers.GenericWrappers.takeSnap(GenericWrappers.java:613)
	at utils.Reporter.reportStep(Reporter.java:20)
	at wrappers.GenericWrappers.takeSnap(GenericWrappers.java:613)
	at utils.Reporter.reportStep(Reporter.java:20)
	at wrappers.GenericWrappers.takeSnap(GenericWrappers.java:613)
	at utils.Reporter.reportStep(Reporter.java:20)
	at wrappers.GenericWrappers.takeSnap(GenericWrappers.java:613)
	at utils.Reporter.reportStep(Reporter.java:20)
	at wrappers.GenericWrappers.takeSnap(GenericWrappers.java:613)
	at utils.Reporter.reportStep(Reporter.java:20)
	at wrappers.GenericWrappers.takeSnap(GenericWrappers.java:613)
	at utils.Reporter.reportStep(Reporter.java:20)
	at wrappers.GenericWrappers.takeSnap(GenericWrappers.java:613)
	at utils.Reporter.reportStep(Reporter.java:20)
	at wrappers.GenericWrappers.takeSnap(GenericWrappers.java:613)
	at utils.Reporter.reportStep(Reporter.java:20)
	at wrappers.GenericWrappers.takeSnap(GenericWrappers.java:613)
	at utils.Reporter.reportStep(Reporter.java:20)
	at wrappers.GenericWrappers.takeSnap(GenericWrappers.java:613)
	at utils.Reporter.reportStep(Reporter.java:20)
	at wrappers.GenericWrappers.takeSnap(GenericWrappers.java:613)
	at utils.Reporter.reportStep(Reporter.java:20)
	at wrappers.GenericWrappers.takeSnap(GenericWrappers.java:613)
	at utils.Reporter.reportStep(Reporter.java:20)
	at wrappers.GenericWrappers.takeSnap(GenericWrappers.java:613)
	at utils.Reporter.reportStep(Reporter.java:20)
	at wrappers.GenericWrappers.takeSnap(GenericWrappers.java:613)
	at utils.Reporter.reportStep(Reporter.java:20)
	at wrappers.GenericWrappers.takeSnap(GenericWrappers.java:613)
	at utils.Reporter.reportStep(Reporter.java:20)
	at wrappers.GenericWrappers.takeSnap(GenericWrappers.java:613)
	at utils.Reporter.reportStep(Reporter.java:20)
	at wrappers.GenericWrappers.takeSnap(GenericWrappers.java:613)
	at utils.Reporter.reportStep(Reporter.java:20)
	at wrappers.GenericWrappers.takeSnap(GenericWrappers.java:613)
	at utils.Reporter.reportStep(Reporter.java:20)
	at wrappers.GenericWrappers.takeSnap(GenericWrappers.java:613)
	at utils.Reporter.reportStep(Reporter.java:20)
	at wrappers.GenericWrappers.takeSnap(GenericWrappers.java:613)
	at utils.Reporter.reportStep(Reporter.java:20)
	at wrappers.GenericWrappers.takeSnap(GenericWrappers.java:613)
	at utils.Reporter.reportStep(Reporter.java:20)
	at wrappers.GenericWrappers.takeSnap(GenericWrappers.java:613)
	at utils.Reporter.reportStep(Reporter.java:20)
	at wrappers.GenericWrappers.takeSnap(GenericWrappers.java:613)
	at utils.Reporter.reportStep(Reporter.java:20)
	at wrappers.GenericWrappers.takeSnap(GenericWrappers.java:613)
	at utils.Reporter.reportStep(Reporter.java:20)
	at wrappers.GenericWrappers.takeSnap(GenericWrappers.java:613)
	at utils.Reporter.reportStep(Reporter.java:20)
	at wrappers.GenericWrappers.takeSnap(GenericWrappers.java:613)
	at utils.Reporter.reportStep(Reporter.java:20)
	at wrappers.GenericWrappers.takeSnap(GenericWrappers.java:613)
	at utils.Reporter.reportStep(Reporter.java:20)
	at wrappers.GenericWrappers.takeSnap(GenericWrappers.java:613)
	at utils.Reporter.reportStep(Reporter.java:20)
	at wrappers.GenericWrappers.takeSnap(GenericWrappers.java:613)
	at utils.Reporter.reportStep(Reporter.java:20)
	at wrappers.GenericWrappers.takeSnap(GenericWrappers.java:613)
	at utils.Reporter.reportStep(Reporter.java:20)
	at wrappers.GenericWrappers.takeSnap(GenericWrappers.java:613)
	at utils.Reporter.reportStep(Reporter.java:20)
	at wrappers.GenericWrappers.takeSnap(GenericWrappers.java:613)
	at utils.Reporter.reportStep(Reporter.java:20)
	at wrappers.GenericWrappers.takeSnap(GenericWrappers.java:613)
	at utils.Reporter.reportStep(Reporter.java:20)
	at wrappers.GenericWrappers.takeSnap(GenericWrappers.java:613)
	at utils.Reporter.reportStep(Reporter.java:20)
	at wrappers.GenericWrappers.takeSnap(GenericWrappers.java:613)
	at utils.Reporter.reportStep(Reporter.java:20)
	at wrappers.GenericWrappers.takeSnap(GenericWrappers.java:613)
	at utils.Reporter.reportStep(Reporter.java:20)
	at wrappers.GenericWrappers.takeSnap(GenericWrappers.java:613)
	at utils.Reporter.reportStep(Reporter.java:20)
	at wrappers.GenericWrappers.takeSnap(GenericWrappers.java:613)
	at utils.Reporter.reportStep(Reporter.java:20)
	at wrappers.GenericWrappers.takeSnap(GenericWrappers.java:613)
	at utils.Reporter.reportStep(Reporter.java:20)
	at wrappers.GenericWrappers.takeSnap(GenericWrappers.java:613)
	at utils.Reporter.reportStep(Reporter.java:20)
	at wrappers.GenericWrappers.takeSnap(GenericWrappers.java:613)
	at utils.Reporter.reportStep(Reporter.java:20)
	at wrappers.GenericWrappers.takeSnap(GenericWrappers.java:613)
	at utils.Reporter.reportStep(Reporter.java:20)
	at wrappers.GenericWrappers.takeSnap(GenericWrappers.java:613)
	at utils.Reporter.reportStep(Reporter.java:20)
	at wrappers.GenericWrappers.takeSnap(GenericWrappers.java:613)
	at utils.Reporter.reportStep(Reporter.java:20)
	at wrappers.GenericWrappers.takeSnap(GenericWrappers.java:613)
	at utils.Reporter.reportStep(Reporter.java:20)
	at wrappers.GenericWrappers.takeSnap(GenericWrappers.java:613)
	at utils.Reporter.reportStep(Reporter.java:20)
	at wrappers.GenericWrappers.takeSnap(GenericWrappers.java:613)
	at utils.Reporter.reportStep(Reporter.java:20)
	at wrappers.GenericWrappers.takeSnap(GenericWrappers.java:613)
	at utils.Reporter.reportStep(Reporter.java:20)
	at wrappers.GenericWrappers.takeSnap(GenericWrappers.java:613)
	at utils.Reporter.reportStep(Reporter.java:20)
	at wrappers.GenericWrappers.takeSnap(GenericWrappers.java:613)
	at utils.Reporter.reportStep(Reporter.java:20)
	at wrappers.GenericWrappers.takeSnap(GenericWrappers.java:613)
	at utils.Reporter.reportStep(Reporter.java:20)
	at wrappers.GenericWrappers.takeSnap(GenericWrappers.java:613)
	at utils.Reporter.reportStep(Reporter.java:20)
	at wrappers.GenericWrappers.takeSnap(GenericWrappers.java:613)
	at utils.Reporter.reportStep(Reporter.java:20)
	at wrappers.GenericWrappers.takeSnap(GenericWrappers.java:613)
	at utils.Reporter.reportStep(Reporter.java:20)
	at wrappers.GenericWrappers.takeSnap(GenericWrappers.java:613)
	at utils.Reporter.reportStep(Reporter.java:20)
	at wrappers.GenericWrappers.takeSnap(GenericWrappers.java:613)
	at utils.Reporter.reportStep(Reporter.java:20)
	at wrappers.GenericWrappers.takeSnap(GenericWrappers.java:613)
	at utils.Reporter.reportStep(Reporter.java:20)
	at wrappers.GenericWrappers.takeSnap(GenericWrappers.java:613)
	at utils.Reporter.reportStep(Reporter.java:20)
	at wrappers.GenericWrappers.takeSnap(GenericWrappers.java:613)
	at utils.Reporter.reportStep(Reporter.java:20)
	at wrappers.GenericWrappers.takeSnap(GenericWrappers.java:613)
	at utils.Reporter.reportStep(Reporter.java:20)
	at wrappers.GenericWrappers.takeSnap(GenericWrappers.java:613)
	at utils.Reporter.reportStep(Reporter.java:20)
	at wrappers.GenericWrappers.takeSnap(GenericWrappers.java:613)
	at utils.Reporter.reportStep(Reporter.java:20)
	at wrappers.GenericWrappers.takeSnap(GenericWrappers.java:613)
	at utils.Reporter.reportStep(Reporter.java:20)
	at wrappers.GenericWrappers.takeSnap(GenericWrappers.java:613)
	at utils.Reporter.reportStep(Reporter.java:20)
	at wrappers.GenericWrappers.takeSnap(GenericWrappers.java:613)
	at utils.Reporter.reportStep(Reporter.java:20)
	at wrappers.GenericWrappers.takeSnap(GenericWrappers.java:613)
	at utils.Reporter.reportStep(Reporter.java:20)
	at wrappers.GenericWrappers.takeSnap(GenericWrappers.java:613)
	at utils.Reporter.reportStep(Reporter.java:20)
	at wrappers.GenericWrappers.takeSnap(GenericWrappers.java:613)
	at utils.Reporter.reportStep(Reporter.java:20)
	at wrappers.GenericWrappers.takeSnap(GenericWrappers.java:613)
	at utils.Reporter.reportStep(Reporter.java:20)
	at wrappers.GenericWrappers.takeSnap(GenericWrappers.java:613)
	at utils.Reporter.reportStep(Reporter.java:20)
	at wrappers.GenericWrappers.takeSnap(GenericWrappers.java:613)
	at utils.Reporter.reportStep(Reporter.java:20)
	at wrappers.GenericWrappers.takeSnap(GenericWrappers.java:613)
	at utils.Reporter.reportStep(Reporter.java:20)
	at wrappers.GenericWrappers.takeSnap(GenericWrappers.java:613)
	at utils.Reporter.reportStep(Reporter.java:20)
	at wrappers.GenericWrappers.takeSnap(GenericWrappers.java:613)
	at utils.Reporter.reportStep(Reporter.java:20)
	at wrappers.GenericWrappers.takeSnap(GenericWrappers.java:613)
	at utils.Reporter.reportStep(Reporter.java:20)
	at wrappers.GenericWrappers.takeSnap(GenericWrappers.java:613)
	at utils.Reporter.reportStep(Reporter.java:20)
	at wrappers.GenericWrappers.takeSnap(GenericWrappers.java:613)
	at utils.Reporter.reportStep(Reporter.java:20)
	at wrappers.GenericWrappers.takeSnap(GenericWrappers.java:613)
	at utils.Reporter.reportStep(Reporter.java:20)
	at wrappers.GenericWrappers.takeSnap(GenericWrappers.java:613)
	at utils.Reporter.reportStep(Reporter.java:20)
	at wrappers.GenericWrappers.takeSnap(GenericWrappers.java:613)
	at utils.Reporter.reportStep(Reporter.java:20)
	at wrappers.GenericWrappers.takeSnap(GenericWrappers.java:613)
	at utils.Reporter.reportStep(Reporter.java:20)
	at wrappers.GenericWrappers.takeSnap(GenericWrappers.java:613)
	at utils.Reporter.reportStep(Reporter.java:20)
	at wrappers.GenericWrappers.takeSnap(GenericWrappers.java:613)
	at utils.Reporter.reportStep(Reporter.java:20)
	at wrappers.GenericWrappers.takeSnap(GenericWrappers.java:613)
	at utils.Reporter.reportStep(Reporter.java:20)
	at wrappers.GenericWrappers.takeSnap(GenericWrappers.java:613)
	at utils.Reporter.reportStep(Reporter.java:20)
	at wrappers.GenericWrappers.takeSnap(GenericWrappers.java:613)
	at utils.Reporter.reportStep(Reporter.java:20)
	at wrappers.GenericWrappers.takeSnap(GenericWrappers.java:613)
	at utils.Reporter.reportStep(Reporter.java:20)
	at wrappers.GenericWrappers.takeSnap(GenericWrappers.java:613)
	at utils.Reporter.reportStep(Reporter.java:20)
	at wrappers.GenericWrappers.takeSnap(GenericWrappers.java:613)
	at utils.Reporter.reportStep(Reporter.java:20)
	at wrappers.GenericWrappers.takeSnap(GenericWrappers.java:613)
	at utils.Reporter.reportStep(Reporter.java:20)
	at wrappers.GenericWrappers.takeSnap(GenericWrappers.java:613)
	at utils.Reporter.reportStep(Reporter.java:20)
	at wrappers.GenericWrappers.takeSnap(GenericWrappers.java:613)
	at utils.Reporter.reportStep(Reporter.java:20)
	at wrappers.GenericWrappers.takeSnap(GenericWrappers.java:613)
	at utils.Reporter.reportStep(Reporter.java:20)
	at wrappers.GenericWrappers.takeSnap(GenericWrappers.java:613)
	at utils.Reporter.reportStep(Reporter.java:20)
	at wrappers.GenericWrappers.takeSnap(GenericWrappers.java:613)
	at utils.Reporter.reportStep(Reporter.java:20)
	at wrappers.GenericWrappers.takeSnap(GenericWrappers.java:613)
	at utils.Reporter.reportStep(Reporter.java:20)
	at wrappers.GenericWrappers.takeSnap(GenericWrappers.java:613)
	at utils.Reporter.reportStep(Reporter.java:20)
	at wrappers.GenericWrappers.takeSnap(GenericWrappers.java:613)
	at utils.Reporter.reportStep(Reporter.java:20)
	at wrappers.GenericWrappers.takeSnap(GenericWrappers.java:613)
	at utils.Reporter.reportStep(Reporter.java:20)
	at wrappers.GenericWrappers.takeSnap(GenericWrappers.java:613)
	at utils.Reporter.reportStep(Reporter.java:20)
	at wrappers.GenericWrappers.takeSnap(GenericWrappers.java:613)
	at utils.Reporter.reportStep(Reporter.java:20)
	at wrappers.GenericWrappers.takeSnap(GenericWrappers.java:613)
	at utils.Reporter.reportStep(Reporter.java:20)
	at wrappers.GenericWrappers.takeSnap(GenericWrappers.java:613)
	at utils.Reporter.reportStep(Reporter.java:20)
	at wrappers.GenericWrappers.takeSnap(GenericWrappers.java:613)
	at utils.Reporter.reportStep(Reporter.java:20)
	at wrappers.GenericWrappers.takeSnap(GenericWrappers.java:613)
	at utils.Reporter.reportStep(Reporter.java:20)
	at wrappers.GenericWrappers.takeSnap(GenericWrappers.java:613)
	at utils.Reporter.reportStep(Reporter.java:20)
	at wrappers.GenericWrappers.takeSnap(GenericWrappers.java:613)
	at utils.Reporter.reportStep(Reporter.java:20)
	at wrappers.GenericWrappers.takeSnap(GenericWrappers.java:613)
	at utils.Reporter.reportStep(Reporter.java:20)
	at wrappers.GenericWrappers.takeSnap(GenericWrappers.java:613)
	at utils.Reporter.reportStep(Reporter.java:20)
	at wrappers.GenericWrappers.takeSnap(GenericWrappers.java:613)
	at utils.Reporter.reportStep(Reporter.java:20)
	at wrappers.GenericWrappers.takeSnap(GenericWrappers.java:613)
	at utils.Reporter.reportStep(Reporter.java:20)
	at wrappers.GenericWrappers.takeSnap(GenericWrappers.java:613)
	at utils.Reporter.reportStep(Reporter.java:20)
	at wrappers.GenericWrappers.takeSnap(GenericWrappers.java:613)
	at utils.Reporter.reportStep(Reporter.java:20)
	at wrappers.GenericWrappers.takeSnap(GenericWrappers.java:613)
	at utils.Reporter.reportStep(Reporter.java:20)
	at wrappers.GenericWrappers.takeSnap(GenericWrappers.java:613)
	at utils.Reporter.reportStep(Reporter.java:20)
	at wrappers.GenericWrappers.takeSnap(GenericWrappers.java:613)
	at utils.Reporter.reportStep(Reporter.java:20)
	at wrappers.GenericWrappers.takeSnap(GenericWrappers.java:613)
	at utils.Reporter.reportStep(Reporter.java:20)
	at wrappers.GenericWrappers.takeSnap(GenericWrappers.java:613)
	at utils.Reporter.reportStep(Reporter.java:20)
	at wrappers.GenericWrappers.takeSnap(GenericWrappers.java:613)
	at utils.Reporter.reportStep(Reporter.java:20)
	at wrappers.GenericWrappers.takeSnap(GenericWrappers.java:613)
	at utils.Reporter.reportStep(Reporter.java:20)
	at wrappers.GenericWrappers.takeSnap(GenericWrappers.java:613)
]]>
    </error>
  </testcase> <!-- login -->
  <testcase name="login" time="0.000" classname="testCases.TC001_Login">
    <error type="java.lang.StackOverflowError">
      <![CDATA[java.lang.StackOverflowError
	at java.util.regex.Pattern$Branch.match(Unknown Source)
	at java.util.regex.Pattern$BranchConn.match(Unknown Source)
	at java.util.regex.Pattern$GroupTail.match(Unknown Source)
	at java.util.regex.Pattern$Curly.match0(Unknown Source)
	at java.util.regex.Pattern$Curly.match(Unknown Source)
	at java.util.regex.Pattern$GroupHead.match(Unknown Source)
	at java.util.regex.Pattern$Branch.match(Unknown Source)
	at java.util.regex.Pattern$Branch.match(Unknown Source)
	at java.util.regex.Pattern$BmpCharProperty.match(Unknown Source)
	at java.util.regex.Pattern$Start.match(Unknown Source)
	at java.util.regex.Matcher.search(Unknown Source)
	at java.util.regex.Matcher.find(Unknown Source)
	at java.util.Formatter.parse(Unknown Source)
	at java.util.Formatter.format(Unknown Source)
	at java.util.Formatter.format(Unknown Source)
	at java.lang.String.format(Unknown Source)
	at org.openqa.selenium.remote.RemoteWebDriver.execute(RemoteWebDriver.java:549)
	at org.openqa.selenium.remote.RemoteWebDriver.execute(RemoteWebDriver.java:609)
	at org.openqa.selenium.remote.RemoteWebDriver.getScreenshotAs(RemoteWebDriver.java:295)
	at wrappers.GenericWrappers.takeSnap(GenericWrappers.java:610)
	at utils.Reporter.reportStep(Reporter.java:20)
	at wrappers.GenericWrappers.takeSnap(GenericWrappers.java:613)
	at utils.Reporter.reportStep(Reporter.java:20)
	at wrappers.GenericWrappers.takeSnap(GenericWrappers.java:613)
	at utils.Reporter.reportStep(Reporter.java:20)
	at wrappers.GenericWrappers.takeSnap(GenericWrappers.java:613)
	at utils.Reporter.reportStep(Reporter.java:20)
	at wrappers.GenericWrappers.takeSnap(GenericWrappers.java:613)
	at utils.Reporter.reportStep(Reporter.java:20)
	at wrappers.GenericWrappers.takeSnap(GenericWrappers.java:613)
	at utils.Reporter.reportStep(Reporter.java:20)
	at wrappers.GenericWrappers.takeSnap(GenericWrappers.java:613)
	at utils.Reporter.reportStep(Reporter.java:20)
	at wrappers.GenericWrappers.takeSnap(GenericWrappers.java:613)
	at utils.Reporter.reportStep(Reporter.java:20)
	at wrappers.GenericWrappers.takeSnap(GenericWrappers.java:613)
	at utils.Reporter.reportStep(Reporter.java:20)
	at wrappers.GenericWrappers.takeSnap(GenericWrappers.java:613)
	at utils.Reporter.reportStep(Reporter.java:20)
	at wrappers.GenericWrappers.takeSnap(GenericWrappers.java:613)
	at utils.Reporter.reportStep(Reporter.java:20)
	at wrappers.GenericWrappers.takeSnap(GenericWrappers.java:613)
	at utils.Reporter.reportStep(Reporter.java:20)
	at wrappers.GenericWrappers.takeSnap(GenericWrappers.java:613)
	at utils.Reporter.reportStep(Reporter.java:20)
	at wrappers.GenericWrappers.takeSnap(GenericWrappers.java:613)
	at utils.Reporter.reportStep(Reporter.java:20)
	at wrappers.GenericWrappers.takeSnap(GenericWrappers.java:613)
	at utils.Reporter.reportStep(Reporter.java:20)
	at wrappers.GenericWrappers.takeSnap(GenericWrappers.java:613)
	at utils.Reporter.reportStep(Reporter.java:20)
	at wrappers.GenericWrappers.takeSnap(GenericWrappers.java:613)
	at utils.Reporter.reportStep(Reporter.java:20)
	at wrappers.GenericWrappers.takeSnap(GenericWrappers.java:613)
	at utils.Reporter.reportStep(Reporter.java:20)
	at wrappers.GenericWrappers.takeSnap(GenericWrappers.java:613)
	at utils.Reporter.reportStep(Reporter.java:20)
	at wrappers.GenericWrappers.takeSnap(GenericWrappers.java:613)
	at utils.Reporter.reportStep(Reporter.java:20)
	at wrappers.GenericWrappers.takeSnap(GenericWrappers.java:613)
	at utils.Reporter.reportStep(Reporter.java:20)
	at wrappers.GenericWrappers.takeSnap(GenericWrappers.java:613)
	at utils.Reporter.reportStep(Reporter.java:20)
	at wrappers.GenericWrappers.takeSnap(GenericWrappers.java:613)
	at utils.Reporter.reportStep(Reporter.java:20)
	at wrappers.GenericWrappers.takeSnap(GenericWrappers.java:613)
	at utils.Reporter.reportStep(Reporter.java:20)
	at wrappers.GenericWrappers.takeSnap(GenericWrappers.java:613)
	at utils.Reporter.reportStep(Reporter.java:20)
	at wrappers.GenericWrappers.takeSnap(GenericWrappers.java:613)
	at utils.Reporter.reportStep(Reporter.java:20)
	at wrappers.GenericWrappers.takeSnap(GenericWrappers.java:613)
	at utils.Reporter.reportStep(Reporter.java:20)
	at wrappers.GenericWrappers.takeSnap(GenericWrappers.java:613)
	at utils.Reporter.reportStep(Reporter.java:20)
	at wrappers.GenericWrappers.takeSnap(GenericWrappers.java:613)
	at utils.Reporter.reportStep(Reporter.java:20)
	at wrappers.GenericWrappers.takeSnap(GenericWrappers.java:613)
	at utils.Reporter.reportStep(Reporter.java:20)
	at wrappers.GenericWrappers.takeSnap(GenericWrappers.java:613)
	at utils.Reporter.reportStep(Reporter.java:20)
	at wrappers.GenericWrappers.takeSnap(GenericWrappers.java:613)
	at utils.Reporter.reportStep(Reporter.java:20)
	at wrappers.GenericWrappers.takeSnap(GenericWrappers.java:613)
	at utils.Reporter.reportStep(Reporter.java:20)
	at wrappers.GenericWrappers.takeSnap(GenericWrappers.java:613)
	at utils.Reporter.reportStep(Reporter.java:20)
	at wrappers.GenericWrappers.takeSnap(GenericWrappers.java:613)
	at utils.Reporter.reportStep(Reporter.java:20)
	at wrappers.GenericWrappers.takeSnap(GenericWrappers.java:613)
	at utils.Reporter.reportStep(Reporter.java:20)
	at wrappers.GenericWrappers.takeSnap(GenericWrappers.java:613)
	at utils.Reporter.reportStep(Reporter.java:20)
	at wrappers.GenericWrappers.takeSnap(GenericWrappers.java:613)
	at utils.Reporter.reportStep(Reporter.java:20)
	at wrappers.GenericWrappers.takeSnap(GenericWrappers.java:613)
	at utils.Reporter.reportStep(Reporter.java:20)
	at wrappers.GenericWrappers.takeSnap(GenericWrappers.java:613)
	at utils.Reporter.reportStep(Reporter.java:20)
	at wrappers.GenericWrappers.takeSnap(GenericWrappers.java:613)
	at utils.Reporter.reportStep(Reporter.java:20)
	at wrappers.GenericWrappers.takeSnap(GenericWrappers.java:613)
	at utils.Reporter.reportStep(Reporter.java:20)
	at wrappers.GenericWrappers.takeSnap(GenericWrappers.java:613)
	at utils.Reporter.reportStep(Reporter.java:20)
	at wrappers.GenericWrappers.takeSnap(GenericWrappers.java:613)
	at utils.Reporter.reportStep(Reporter.java:20)
	at wrappers.GenericWrappers.takeSnap(GenericWrappers.java:613)
	at utils.Reporter.reportStep(Reporter.java:20)
	at wrappers.GenericWrappers.takeSnap(GenericWrappers.java:613)
	at utils.Reporter.reportStep(Reporter.java:20)
	at wrappers.GenericWrappers.takeSnap(GenericWrappers.java:613)
	at utils.Reporter.reportStep(Reporter.java:20)
	at wrappers.GenericWrappers.takeSnap(GenericWrappers.java:613)
	at utils.Reporter.reportStep(Reporter.java:20)
	at wrappers.GenericWrappers.takeSnap(GenericWrappers.java:613)
	at utils.Reporter.reportStep(Reporter.java:20)
	at wrappers.GenericWrappers.takeSnap(GenericWrappers.java:613)
	at utils.Reporter.reportStep(Reporter.java:20)
	at wrappers.GenericWrappers.takeSnap(GenericWrappers.java:613)
	at utils.Reporter.reportStep(Reporter.java:20)
	at wrappers.GenericWrappers.takeSnap(GenericWrappers.java:613)
	at utils.Reporter.reportStep(Reporter.java:20)
	at wrappers.GenericWrappers.takeSnap(GenericWrappers.java:613)
	at utils.Reporter.reportStep(Reporter.java:20)
	at wrappers.GenericWrappers.takeSnap(GenericWrappers.java:613)
	at utils.Reporter.reportStep(Reporter.java:20)
	at wrappers.GenericWrappers.takeSnap(GenericWrappers.java:613)
	at utils.Reporter.reportStep(Reporter.java:20)
	at wrappers.GenericWrappers.takeSnap(GenericWrappers.java:613)
	at utils.Reporter.reportStep(Reporter.java:20)
	at wrappers.GenericWrappers.takeSnap(GenericWrappers.java:613)
	at utils.Reporter.reportStep(Reporter.java:20)
	at wrappers.GenericWrappers.takeSnap(GenericWrappers.java:613)
	at utils.Reporter.reportStep(Reporter.java:20)
	at wrappers.GenericWrappers.takeSnap(GenericWrappers.java:613)
	at utils.Reporter.reportStep(Reporter.java:20)
	at wrappers.GenericWrappers.takeSnap(GenericWrappers.java:613)
	at utils.Reporter.reportStep(Reporter.java:20)
	at wrappers.GenericWrappers.takeSnap(GenericWrappers.java:613)
	at utils.Reporter.reportStep(Reporter.java:20)
	at wrappers.GenericWrappers.takeSnap(GenericWrappers.java:613)
	at utils.Reporter.reportStep(Reporter.java:20)
	at wrappers.GenericWrappers.takeSnap(GenericWrappers.java:613)
	at utils.Reporter.reportStep(Reporter.java:20)
	at wrappers.GenericWrappers.takeSnap(GenericWrappers.java:613)
	at utils.Reporter.reportStep(Reporter.java:20)
	at wrappers.GenericWrappers.takeSnap(GenericWrappers.java:613)
	at utils.Reporter.reportStep(Reporter.java:20)
	at wrappers.GenericWrappers.takeSnap(GenericWrappers.java:613)
	at utils.Reporter.reportStep(Reporter.java:20)
	at wrappers.GenericWrappers.takeSnap(GenericWrappers.java:613)
	at utils.Reporter.reportStep(Reporter.java:20)
	at wrappers.GenericWrappers.takeSnap(GenericWrappers.java:613)
	at utils.Reporter.reportStep(Reporter.java:20)
	at wrappers.GenericWrappers.takeSnap(GenericWrappers.java:613)
	at utils.Reporter.reportStep(Reporter.java:20)
	at wrappers.GenericWrappers.takeSnap(GenericWrappers.java:613)
	at utils.Reporter.reportStep(Reporter.java:20)
	at wrappers.GenericWrappers.takeSnap(GenericWrappers.java:613)
	at utils.Reporter.reportStep(Reporter.java:20)
	at wrappers.GenericWrappers.takeSnap(GenericWrappers.java:613)
	at utils.Reporter.reportStep(Reporter.java:20)
	at wrappers.GenericWrappers.takeSnap(GenericWrappers.java:613)
	at utils.Reporter.reportStep(Reporter.java:20)
	at wrappers.GenericWrappers.takeSnap(GenericWrappers.java:613)
	at utils.Reporter.reportStep(Reporter.java:20)
	at wrappers.GenericWrappers.takeSnap(GenericWrappers.java:613)
	at utils.Reporter.reportStep(Reporter.java:20)
	at wrappers.GenericWrappers.takeSnap(GenericWrappers.java:613)
	at utils.Reporter.reportStep(Reporter.java:20)
	at wrappers.GenericWrappers.takeSnap(GenericWrappers.java:613)
	at utils.Reporter.reportStep(Reporter.java:20)
	at wrappers.GenericWrappers.takeSnap(GenericWrappers.java:613)
	at utils.Reporter.reportStep(Reporter.java:20)
	at wrappers.GenericWrappers.takeSnap(GenericWrappers.java:613)
	at utils.Reporter.reportStep(Reporter.java:20)
	at wrappers.GenericWrappers.takeSnap(GenericWrappers.java:613)
	at utils.Reporter.reportStep(Reporter.java:20)
	at wrappers.GenericWrappers.takeSnap(GenericWrappers.java:613)
	at utils.Reporter.reportStep(Reporter.java:20)
	at wrappers.GenericWrappers.takeSnap(GenericWrappers.java:613)
	at utils.Reporter.reportStep(Reporter.java:20)
	at wrappers.GenericWrappers.takeSnap(GenericWrappers.java:613)
	at utils.Reporter.reportStep(Reporter.java:20)
	at wrappers.GenericWrappers.takeSnap(GenericWrappers.java:613)
	at utils.Reporter.reportStep(Reporter.java:20)
	at wrappers.GenericWrappers.takeSnap(GenericWrappers.java:613)
	at utils.Reporter.reportStep(Reporter.java:20)
	at wrappers.GenericWrappers.takeSnap(GenericWrappers.java:613)
	at utils.Reporter.reportStep(Reporter.java:20)
	at wrappers.GenericWrappers.takeSnap(GenericWrappers.java:613)
	at utils.Reporter.reportStep(Reporter.java:20)
	at wrappers.GenericWrappers.takeSnap(GenericWrappers.java:613)
	at utils.Reporter.reportStep(Reporter.java:20)
	at wrappers.GenericWrappers.takeSnap(GenericWrappers.java:613)
	at utils.Reporter.reportStep(Reporter.java:20)
	at wrappers.GenericWrappers.takeSnap(GenericWrappers.java:613)
	at utils.Reporter.reportStep(Reporter.java:20)
	at wrappers.GenericWrappers.takeSnap(GenericWrappers.java:613)
	at utils.Reporter.reportStep(Reporter.java:20)
	at wrappers.GenericWrappers.takeSnap(GenericWrappers.java:613)
	at utils.Reporter.reportStep(Reporter.java:20)
	at wrappers.GenericWrappers.takeSnap(GenericWrappers.java:613)
	at utils.Reporter.reportStep(Reporter.java:20)
	at wrappers.GenericWrappers.takeSnap(GenericWrappers.java:613)
	at utils.Reporter.reportStep(Reporter.java:20)
	at wrappers.GenericWrappers.takeSnap(GenericWrappers.java:613)
	at utils.Reporter.reportStep(Reporter.java:20)
	at wrappers.GenericWrappers.takeSnap(GenericWrappers.java:613)
	at utils.Reporter.reportStep(Reporter.java:20)
	at wrappers.GenericWrappers.takeSnap(GenericWrappers.java:613)
	at utils.Reporter.reportStep(Reporter.java:20)
	at wrappers.GenericWrappers.takeSnap(GenericWrappers.java:613)
	at utils.Reporter.reportStep(Reporter.java:20)
	at wrappers.GenericWrappers.takeSnap(GenericWrappers.java:613)
	at utils.Reporter.reportStep(Reporter.java:20)
	at wrappers.GenericWrappers.takeSnap(GenericWrappers.java:613)
	at utils.Reporter.reportStep(Reporter.java:20)
	at wrappers.GenericWrappers.takeSnap(GenericWrappers.java:613)
	at utils.Reporter.reportStep(Reporter.java:20)
	at wrappers.GenericWrappers.takeSnap(GenericWrappers.java:613)
	at utils.Reporter.reportStep(Reporter.java:20)
	at wrappers.GenericWrappers.takeSnap(GenericWrappers.java:613)
	at utils.Reporter.reportStep(Reporter.java:20)
	at wrappers.GenericWrappers.takeSnap(GenericWrappers.java:613)
	at utils.Reporter.reportStep(Reporter.java:20)
	at wrappers.GenericWrappers.takeSnap(GenericWrappers.java:613)
	at utils.Reporter.reportStep(Reporter.java:20)
	at wrappers.GenericWrappers.takeSnap(GenericWrappers.java:613)
	at utils.Reporter.reportStep(Reporter.java:20)
	at wrappers.GenericWrappers.takeSnap(GenericWrappers.java:613)
	at utils.Reporter.reportStep(Reporter.java:20)
	at wrappers.GenericWrappers.takeSnap(GenericWrappers.java:613)
	at utils.Reporter.reportStep(Reporter.java:20)
	at wrappers.GenericWrappers.takeSnap(GenericWrappers.java:613)
	at utils.Reporter.reportStep(Reporter.java:20)
	at wrappers.GenericWrappers.takeSnap(GenericWrappers.java:613)
	at utils.Reporter.reportStep(Reporter.java:20)
	at wrappers.GenericWrappers.takeSnap(GenericWrappers.java:613)
	at utils.Reporter.reportStep(Reporter.java:20)
	at wrappers.GenericWrappers.takeSnap(GenericWrappers.java:613)
	at utils.Reporter.reportStep(Reporter.java:20)
	at wrappers.GenericWrappers.takeSnap(GenericWrappers.java:613)
	at utils.Reporter.reportStep(Reporter.java:20)
	at wrappers.GenericWrappers.takeSnap(GenericWrappers.java:613)
	at utils.Reporter.reportStep(Reporter.java:20)
	at wrappers.GenericWrappers.takeSnap(GenericWrappers.java:613)
	at utils.Reporter.reportStep(Reporter.java:20)
	at wrappers.GenericWrappers.takeSnap(GenericWrappers.java:613)
	at utils.Reporter.reportStep(Reporter.java:20)
	at wrappers.GenericWrappers.takeSnap(GenericWrappers.java:613)
	at utils.Reporter.reportStep(Reporter.java:20)
	at wrappers.GenericWrappers.takeSnap(GenericWrappers.java:613)
	at utils.Reporter.reportStep(Reporter.java:20)
	at wrappers.GenericWrappers.takeSnap(GenericWrappers.java:613)
	at utils.Reporter.reportStep(Reporter.java:20)
	at wrappers.GenericWrappers.takeSnap(GenericWrappers.java:613)
	at utils.Reporter.reportStep(Reporter.java:20)
	at wrappers.GenericWrappers.takeSnap(GenericWrappers.java:613)
	at utils.Reporter.reportStep(Reporter.java:20)
	at wrappers.GenericWrappers.takeSnap(GenericWrappers.java:613)
	at utils.Reporter.reportStep(Reporter.java:20)
	at wrappers.GenericWrappers.takeSnap(GenericWrappers.java:613)
	at utils.Reporter.reportStep(Reporter.java:20)
	at wrappers.GenericWrappers.takeSnap(GenericWrappers.java:613)
	at utils.Reporter.reportStep(Reporter.java:20)
	at wrappers.GenericWrappers.takeSnap(GenericWrappers.java:613)
	at utils.Reporter.reportStep(Reporter.java:20)
	at wrappers.GenericWrappers.takeSnap(GenericWrappers.java:613)
	at utils.Reporter.reportStep(Reporter.java:20)
	at wrappers.GenericWrappers.takeSnap(GenericWrappers.java:613)
	at utils.Reporter.reportStep(Reporter.java:20)
	at wrappers.GenericWrappers.takeSnap(GenericWrappers.java:613)
	at utils.Reporter.reportStep(Reporter.java:20)
	at wrappers.GenericWrappers.takeSnap(GenericWrappers.java:613)
	at utils.Reporter.reportStep(Reporter.java:20)
	at wrappers.GenericWrappers.takeSnap(GenericWrappers.java:613)
	at utils.Reporter.reportStep(Reporter.java:20)
	at wrappers.GenericWrappers.takeSnap(GenericWrappers.java:613)
	at utils.Reporter.reportStep(Reporter.java:20)
	at wrappers.GenericWrappers.takeSnap(GenericWrappers.java:613)
	at utils.Reporter.reportStep(Reporter.java:20)
	at wrappers.GenericWrappers.takeSnap(GenericWrappers.java:613)
	at utils.Reporter.reportStep(Reporter.java:20)
	at wrappers.GenericWrappers.takeSnap(GenericWrappers.java:613)
	at utils.Reporter.reportStep(Reporter.java:20)
	at wrappers.GenericWrappers.takeSnap(GenericWrappers.java:613)
	at utils.Reporter.reportStep(Reporter.java:20)
	at wrappers.GenericWrappers.takeSnap(GenericWrappers.java:613)
	at utils.Reporter.reportStep(Reporter.java:20)
	at wrappers.GenericWrappers.takeSnap(GenericWrappers.java:613)
	at utils.Reporter.reportStep(Reporter.java:20)
	at wrappers.GenericWrappers.takeSnap(GenericWrappers.java:613)
	at utils.Reporter.reportStep(Reporter.java:20)
	at wrappers.GenericWrappers.takeSnap(GenericWrappers.java:613)
	at utils.Reporter.reportStep(Reporter.java:20)
	at wrappers.GenericWrappers.takeSnap(GenericWrappers.java:613)
	at utils.Reporter.reportStep(Reporter.java:20)
	at wrappers.GenericWrappers.takeSnap(GenericWrappers.java:613)
	at utils.Reporter.reportStep(Reporter.java:20)
	at wrappers.GenericWrappers.takeSnap(GenericWrappers.java:613)
	at utils.Reporter.reportStep(Reporter.java:20)
	at wrappers.GenericWrappers.takeSnap(GenericWrappers.java:613)
	at utils.Reporter.reportStep(Reporter.java:20)
	at wrappers.GenericWrappers.takeSnap(GenericWrappers.java:613)
	at utils.Reporter.reportStep(Reporter.java:20)
	at wrappers.GenericWrappers.takeSnap(GenericWrappers.java:613)
	at utils.Reporter.reportStep(Reporter.java:20)
	at wrappers.GenericWrappers.takeSnap(GenericWrappers.java:613)
	at utils.Reporter.reportStep(Reporter.java:20)
	at wrappers.GenericWrappers.takeSnap(GenericWrappers.java:613)
	at utils.Reporter.reportStep(Reporter.java:20)
	at wrappers.GenericWrappers.takeSnap(GenericWrappers.java:613)
	at utils.Reporter.reportStep(Reporter.java:20)
	at wrappers.GenericWrappers.takeSnap(GenericWrappers.java:613)
	at utils.Reporter.reportStep(Reporter.java:20)
	at wrappers.GenericWrappers.takeSnap(GenericWrappers.java:613)
	at utils.Reporter.reportStep(Reporter.java:20)
	at wrappers.GenericWrappers.takeSnap(GenericWrappers.java:613)
	at utils.Reporter.reportStep(Reporter.java:20)
	at wrappers.GenericWrappers.takeSnap(GenericWrappers.java:613)
	at utils.Reporter.reportStep(Reporter.java:20)
	at wrappers.GenericWrappers.takeSnap(GenericWrappers.java:613)
	at utils.Reporter.reportStep(Reporter.java:20)
	at wrappers.GenericWrappers.takeSnap(GenericWrappers.java:613)
	at utils.Reporter.reportStep(Reporter.java:20)
	at wrappers.GenericWrappers.takeSnap(GenericWrappers.java:613)
	at utils.Reporter.reportStep(Reporter.java:20)
	at wrappers.GenericWrappers.takeSnap(GenericWrappers.java:613)
	at utils.Reporter.reportStep(Reporter.java:20)
	at wrappers.GenericWrappers.takeSnap(GenericWrappers.java:613)
	at utils.Reporter.reportStep(Reporter.java:20)
	at wrappers.GenericWrappers.takeSnap(GenericWrappers.java:613)
	at utils.Reporter.reportStep(Reporter.java:20)
	at wrappers.GenericWrappers.takeSnap(GenericWrappers.java:613)
	at utils.Reporter.reportStep(Reporter.java:20)
	at wrappers.GenericWrappers.takeSnap(GenericWrappers.java:613)
	at utils.Reporter.reportStep(Reporter.java:20)
	at wrappers.GenericWrappers.takeSnap(GenericWrappers.java:613)
	at utils.Reporter.reportStep(Reporter.java:20)
	at wrappers.GenericWrappers.takeSnap(GenericWrappers.java:613)
	at utils.Reporter.reportStep(Reporter.java:20)
	at wrappers.GenericWrappers.takeSnap(GenericWrappers.java:613)
	at utils.Reporter.reportStep(Reporter.java:20)
	at wrappers.GenericWrappers.takeSnap(GenericWrappers.java:613)
	at utils.Reporter.reportStep(Reporter.java:20)
	at wrappers.GenericWrappers.takeSnap(GenericWrappers.java:613)
	at utils.Reporter.reportStep(Reporter.java:20)
	at wrappers.GenericWrappers.takeSnap(GenericWrappers.java:613)
	at utils.Reporter.reportStep(Reporter.java:20)
	at wrappers.GenericWrappers.takeSnap(GenericWrappers.java:613)
	at utils.Reporter.reportStep(Reporter.java:20)
	at wrappers.GenericWrappers.takeSnap(GenericWrappers.java:613)
	at utils.Reporter.reportStep(Reporter.java:20)
	at wrappers.GenericWrappers.takeSnap(GenericWrappers.java:613)
	at utils.Reporter.reportStep(Reporter.java:20)
	at wrappers.GenericWrappers.takeSnap(GenericWrappers.java:613)
	at utils.Reporter.reportStep(Reporter.java:20)
	at wrappers.GenericWrappers.takeSnap(GenericWrappers.java:613)
	at utils.Reporter.reportStep(Reporter.java:20)
	at wrappers.GenericWrappers.takeSnap(GenericWrappers.java:613)
	at utils.Reporter.reportStep(Reporter.java:20)
	at wrappers.GenericWrappers.takeSnap(GenericWrappers.java:613)
	at utils.Reporter.reportStep(Reporter.java:20)
	at wrappers.GenericWrappers.takeSnap(GenericWrappers.java:613)
	at utils.Reporter.reportStep(Reporter.java:20)
	at wrappers.GenericWrappers.takeSnap(GenericWrappers.java:613)
	at utils.Reporter.reportStep(Reporter.java:20)
	at wrappers.GenericWrappers.takeSnap(GenericWrappers.java:613)
	at utils.Reporter.reportStep(Reporter.java:20)
	at wrappers.GenericWrappers.takeSnap(GenericWrappers.java:613)
	at utils.Reporter.reportStep(Reporter.java:20)
	at wrappers.GenericWrappers.takeSnap(GenericWrappers.java:613)
	at utils.Reporter.reportStep(Reporter.java:20)
	at wrappers.GenericWrappers.takeSnap(GenericWrappers.java:613)
	at utils.Reporter.reportStep(Reporter.java:20)
	at wrappers.GenericWrappers.takeSnap(GenericWrappers.java:613)
	at utils.Reporter.reportStep(Reporter.java:20)
	at wrappers.GenericWrappers.takeSnap(GenericWrappers.java:613)
	at utils.Reporter.reportStep(Reporter.java:20)
	at wrappers.GenericWrappers.takeSnap(GenericWrappers.java:613)
	at utils.Reporter.reportStep(Reporter.java:20)
	at wrappers.GenericWrappers.takeSnap(GenericWrappers.java:613)
	at utils.Reporter.reportStep(Reporter.java:20)
	at wrappers.GenericWrappers.takeSnap(GenericWrappers.java:613)
	at utils.Reporter.reportStep(Reporter.java:20)
	at wrappers.GenericWrappers.takeSnap(GenericWrappers.java:613)
	at utils.Reporter.reportStep(Reporter.java:20)
	at wrappers.GenericWrappers.takeSnap(GenericWrappers.java:613)
	at utils.Reporter.reportStep(Reporter.java:20)
	at wrappers.GenericWrappers.takeSnap(GenericWrappers.java:613)
	at utils.Reporter.reportStep(Reporter.java:20)
	at wrappers.GenericWrappers.takeSnap(GenericWrappers.java:613)
	at utils.Reporter.reportStep(Reporter.java:20)
	at wrappers.GenericWrappers.takeSnap(GenericWrappers.java:613)
	at utils.Reporter.reportStep(Reporter.java:20)
	at wrappers.GenericWrappers.takeSnap(GenericWrappers.java:613)
	at utils.Reporter.reportStep(Reporter.java:20)
	at wrappers.GenericWrappers.takeSnap(GenericWrappers.java:613)
	at utils.Reporter.reportStep(Reporter.java:20)
	at wrappers.GenericWrappers.takeSnap(GenericWrappers.java:613)
	at utils.Reporter.reportStep(Reporter.java:20)
	at wrappers.GenericWrappers.takeSnap(GenericWrappers.java:613)
	at utils.Reporter.reportStep(Reporter.java:20)
	at wrappers.GenericWrappers.takeSnap(GenericWrappers.java:613)
	at utils.Reporter.reportStep(Reporter.java:20)
	at wrappers.GenericWrappers.takeSnap(GenericWrappers.java:613)
	at utils.Reporter.reportStep(Reporter.java:20)
	at wrappers.GenericWrappers.takeSnap(GenericWrappers.java:613)
	at utils.Reporter.reportStep(Reporter.java:20)
	at wrappers.GenericWrappers.takeSnap(GenericWrappers.java:613)
	at utils.Reporter.reportStep(Reporter.java:20)
	at wrappers.GenericWrappers.takeSnap(GenericWrappers.java:613)
	at utils.Reporter.reportStep(Reporter.java:20)
	at wrappers.GenericWrappers.takeSnap(GenericWrappers.java:613)
	at utils.Reporter.reportStep(Reporter.java:20)
	at wrappers.GenericWrappers.takeSnap(GenericWrappers.java:613)
	at utils.Reporter.reportStep(Reporter.java:20)
	at wrappers.GenericWrappers.takeSnap(GenericWrappers.java:613)
	at utils.Reporter.reportStep(Reporter.java:20)
	at wrappers.GenericWrappers.takeSnap(GenericWrappers.java:613)
	at utils.Reporter.reportStep(Reporter.java:20)
	at wrappers.GenericWrappers.takeSnap(GenericWrappers.java:613)
	at utils.Reporter.reportStep(Reporter.java:20)
	at wrappers.GenericWrappers.takeSnap(GenericWrappers.java:613)
	at utils.Reporter.reportStep(Reporter.java:20)
	at wrappers.GenericWrappers.takeSnap(GenericWrappers.java:613)
	at utils.Reporter.reportStep(Reporter.java:20)
	at wrappers.GenericWrappers.takeSnap(GenericWrappers.java:613)
	at utils.Reporter.reportStep(Reporter.java:20)
	at wrappers.GenericWrappers.takeSnap(GenericWrappers.java:613)
	at utils.Reporter.reportStep(Reporter.java:20)
	at wrappers.GenericWrappers.takeSnap(GenericWrappers.java:613)
	at utils.Reporter.reportStep(Reporter.java:20)
	at wrappers.GenericWrappers.takeSnap(GenericWrappers.java:613)
	at utils.Reporter.reportStep(Reporter.java:20)
	at wrappers.GenericWrappers.takeSnap(GenericWrappers.java:613)
	at utils.Reporter.reportStep(Reporter.java:20)
	at wrappers.GenericWrappers.takeSnap(GenericWrappers.java:613)
	at utils.Reporter.reportStep(Reporter.java:20)
	at wrappers.GenericWrappers.takeSnap(GenericWrappers.java:613)
	at utils.Reporter.reportStep(Reporter.java:20)
	at wrappers.GenericWrappers.takeSnap(GenericWrappers.java:613)
	at utils.Reporter.reportStep(Reporter.java:20)
	at wrappers.GenericWrappers.takeSnap(GenericWrappers.java:613)
	at utils.Reporter.reportStep(Reporter.java:20)
	at wrappers.GenericWrappers.takeSnap(GenericWrappers.java:613)
	at utils.Reporter.reportStep(Reporter.java:20)
	at wrappers.GenericWrappers.takeSnap(GenericWrappers.java:613)
	at utils.Reporter.reportStep(Reporter.java:20)
	at wrappers.GenericWrappers.takeSnap(GenericWrappers.java:613)
	at utils.Reporter.reportStep(Reporter.java:20)
	at wrappers.GenericWrappers.takeSnap(GenericWrappers.java:613)
	at utils.Reporter.reportStep(Reporter.java:20)
	at wrappers.GenericWrappers.takeSnap(GenericWrappers.java:613)
	at utils.Reporter.reportStep(Reporter.java:20)
	at wrappers.GenericWrappers.takeSnap(GenericWrappers.java:613)
	at utils.Reporter.reportStep(Reporter.java:20)
	at wrappers.GenericWrappers.takeSnap(GenericWrappers.java:613)
	at utils.Reporter.reportStep(Reporter.java:20)
	at wrappers.GenericWrappers.takeSnap(GenericWrappers.java:613)
	at utils.Reporter.reportStep(Reporter.java:20)
	at wrappers.GenericWrappers.takeSnap(GenericWrappers.java:613)
	at utils.Reporter.reportStep(Reporter.java:20)
	at wrappers.GenericWrappers.takeSnap(GenericWrappers.java:613)
	at utils.Reporter.reportStep(Reporter.java:20)
	at wrappers.GenericWrappers.takeSnap(GenericWrappers.java:613)
	at utils.Reporter.reportStep(Reporter.java:20)
	at wrappers.GenericWrappers.takeSnap(GenericWrappers.java:613)
	at utils.Reporter.reportStep(Reporter.java:20)
	at wrappers.GenericWrappers.takeSnap(GenericWrappers.java:613)
	at utils.Reporter.reportStep(Reporter.java:20)
	at wrappers.GenericWrappers.takeSnap(GenericWrappers.java:613)
	at utils.Reporter.reportStep(Reporter.java:20)
	at wrappers.GenericWrappers.takeSnap(GenericWrappers.java:613)
	at utils.Reporter.reportStep(Reporter.java:20)
	at wrappers.GenericWrappers.takeSnap(GenericWrappers.java:613)
	at utils.Reporter.reportStep(Reporter.java:20)
	at wrappers.GenericWrappers.takeSnap(GenericWrappers.java:613)
	at utils.Reporter.reportStep(Reporter.java:20)
	at wrappers.GenericWrappers.takeSnap(GenericWrappers.java:613)
	at utils.Reporter.reportStep(Reporter.java:20)
	at wrappers.GenericWrappers.takeSnap(GenericWrappers.java:613)
	at utils.Reporter.reportStep(Reporter.java:20)
	at wrappers.GenericWrappers.takeSnap(GenericWrappers.java:613)
	at utils.Reporter.reportStep(Reporter.java:20)
	at wrappers.GenericWrappers.takeSnap(GenericWrappers.java:613)
	at utils.Reporter.reportStep(Reporter.java:20)
	at wrappers.GenericWrappers.takeSnap(GenericWrappers.java:613)
	at utils.Reporter.reportStep(Reporter.java:20)
	at wrappers.GenericWrappers.takeSnap(GenericWrappers.java:613)
	at utils.Reporter.reportStep(Reporter.java:20)
	at wrappers.GenericWrappers.takeSnap(GenericWrappers.java:613)
	at utils.Reporter.reportStep(Reporter.java:20)
	at wrappers.GenericWrappers.takeSnap(GenericWrappers.java:613)
	at utils.Reporter.reportStep(Reporter.java:20)
	at wrappers.GenericWrappers.takeSnap(GenericWrappers.java:613)
	at utils.Reporter.reportStep(Reporter.java:20)
	at wrappers.GenericWrappers.takeSnap(GenericWrappers.java:613)
	at utils.Reporter.reportStep(Reporter.java:20)
	at wrappers.GenericWrappers.takeSnap(GenericWrappers.java:613)
	at utils.Reporter.reportStep(Reporter.java:20)
	at wrappers.GenericWrappers.takeSnap(GenericWrappers.java:613)
	at utils.Reporter.reportStep(Reporter.java:20)
	at wrappers.GenericWrappers.takeSnap(GenericWrappers.java:613)
	at utils.Reporter.reportStep(Reporter.java:20)
	at wrappers.GenericWrappers.takeSnap(GenericWrappers.java:613)
	at utils.Reporter.reportStep(Reporter.java:20)
	at wrappers.GenericWrappers.takeSnap(GenericWrappers.java:613)
	at utils.Reporter.reportStep(Reporter.java:20)
	at wrappers.GenericWrappers.takeSnap(GenericWrappers.java:613)
	at utils.Reporter.reportStep(Reporter.java:20)
	at wrappers.GenericWrappers.takeSnap(GenericWrappers.java:613)
	at utils.Reporter.reportStep(Reporter.java:20)
	at wrappers.GenericWrappers.takeSnap(GenericWrappers.java:613)
	at utils.Reporter.reportStep(Reporter.java:20)
	at wrappers.GenericWrappers.takeSnap(GenericWrappers.java:613)
	at utils.Reporter.reportStep(Reporter.java:20)
	at wrappers.GenericWrappers.takeSnap(GenericWrappers.java:613)
	at utils.Reporter.reportStep(Reporter.java:20)
	at wrappers.GenericWrappers.takeSnap(GenericWrappers.java:613)
	at utils.Reporter.reportStep(Reporter.java:20)
	at wrappers.GenericWrappers.takeSnap(GenericWrappers.java:613)
	at utils.Reporter.reportStep(Reporter.java:20)
	at wrappers.GenericWrappers.takeSnap(GenericWrappers.java:613)
	at utils.Reporter.reportStep(Reporter.java:20)
	at wrappers.GenericWrappers.takeSnap(GenericWrappers.java:613)
	at utils.Reporter.reportStep(Reporter.java:20)
	at wrappers.GenericWrappers.takeSnap(GenericWrappers.java:613)
	at utils.Reporter.reportStep(Reporter.java:20)
	at wrappers.GenericWrappers.takeSnap(GenericWrappers.java:613)
	at utils.Reporter.reportStep(Reporter.java:20)
	at wrappers.GenericWrappers.takeSnap(GenericWrappers.java:613)
	at utils.Reporter.reportStep(Reporter.java:20)
	at wrappers.GenericWrappers.takeSnap(GenericWrappers.java:613)
	at utils.Reporter.reportStep(Reporter.java:20)
	at wrappers.GenericWrappers.takeSnap(GenericWrappers.java:613)
	at utils.Reporter.reportStep(Reporter.java:20)
	at wrappers.GenericWrappers.takeSnap(GenericWrappers.java:613)
	at utils.Reporter.reportStep(Reporter.java:20)
	at wrappers.GenericWrappers.takeSnap(GenericWrappers.java:613)
	at utils.Reporter.reportStep(Reporter.java:20)
	at wrappers.GenericWrappers.takeSnap(GenericWrappers.java:613)
	at utils.Reporter.reportStep(Reporter.java:20)
	at wrappers.GenericWrappers.takeSnap(GenericWrappers.java:613)
	at utils.Reporter.reportStep(Reporter.java:20)
	at wrappers.GenericWrappers.takeSnap(GenericWrappers.java:613)
	at utils.Reporter.reportStep(Reporter.java:20)
	at wrappers.GenericWrappers.takeSnap(GenericWrappers.java:613)
	at utils.Reporter.reportStep(Reporter.java:20)
	at wrappers.GenericWrappers.takeSnap(GenericWrappers.java:613)
	at utils.Reporter.reportStep(Reporter.java:20)
	at wrappers.GenericWrappers.takeSnap(GenericWrappers.java:613)
	at utils.Reporter.reportStep(Reporter.java:20)
	at wrappers.GenericWrappers.takeSnap(GenericWrappers.java:613)
	at utils.Reporter.reportStep(Reporter.java:20)
	at wrappers.GenericWrappers.takeSnap(GenericWrappers.java:613)
	at utils.Reporter.reportStep(Reporter.java:20)
	at wrappers.GenericWrappers.takeSnap(GenericWrappers.java:613)
	at utils.Reporter.reportStep(Reporter.java:20)
	at wrappers.GenericWrappers.takeSnap(GenericWrappers.java:613)
	at utils.Reporter.reportStep(Reporter.java:20)
	at wrappers.GenericWrappers.takeSnap(GenericWrappers.java:613)
	at utils.Reporter.reportStep(Reporter.java:20)
	at wrappers.GenericWrappers.takeSnap(GenericWrappers.java:613)
	at utils.Reporter.reportStep(Reporter.java:20)
	at wrappers.GenericWrappers.takeSnap(GenericWrappers.java:613)
	at utils.Reporter.reportStep(Reporter.java:20)
	at wrappers.GenericWrappers.takeSnap(GenericWrappers.java:613)
	at utils.Reporter.reportStep(Reporter.java:20)
	at wrappers.GenericWrappers.takeSnap(GenericWrappers.java:613)
	at utils.Reporter.reportStep(Reporter.java:20)
	at wrappers.GenericWrappers.takeSnap(GenericWrappers.java:613)
	at utils.Reporter.reportStep(Reporter.java:20)
	at wrappers.GenericWrappers.takeSnap(GenericWrappers.java:613)
	at utils.Reporter.reportStep(Reporter.java:20)
	at wrappers.GenericWrappers.takeSnap(GenericWrappers.java:613)
	at utils.Reporter.reportStep(Reporter.java:20)
	at wrappers.GenericWrappers.takeSnap(GenericWrappers.java:613)
	at utils.Reporter.reportStep(Reporter.java:20)
	at wrappers.GenericWrappers.takeSnap(GenericWrappers.java:613)
	at utils.Reporter.reportStep(Reporter.java:20)
	at wrappers.GenericWrappers.takeSnap(GenericWrappers.java:613)
	at utils.Reporter.reportStep(Reporter.java:20)
	at wrappers.GenericWrappers.takeSnap(GenericWrappers.java:613)
	at utils.Reporter.reportStep(Reporter.java:20)
	at wrappers.GenericWrappers.takeSnap(GenericWrappers.java:613)
	at utils.Reporter.reportStep(Reporter.java:20)
	at wrappers.GenericWrappers.takeSnap(GenericWrappers.java:613)
	at utils.Reporter.reportStep(Reporter.java:20)
	at wrappers.GenericWrappers.takeSnap(GenericWrappers.java:613)
	at utils.Reporter.reportStep(Reporter.java:20)
	at wrappers.GenericWrappers.takeSnap(GenericWrappers.java:613)
	at utils.Reporter.reportStep(Reporter.java:20)
	at wrappers.GenericWrappers.takeSnap(GenericWrappers.java:613)
	at utils.Reporter.reportStep(Reporter.java:20)
	at wrappers.GenericWrappers.takeSnap(GenericWrappers.java:613)
	at utils.Reporter.reportStep(Reporter.java:20)
	at wrappers.GenericWrappers.takeSnap(GenericWrappers.java:613)
	at utils.Reporter.reportStep(Reporter.java:20)
	at wrappers.GenericWrappers.takeSnap(GenericWrappers.java:613)
	at utils.Reporter.reportStep(Reporter.java:20)
	at wrappers.GenericWrappers.takeSnap(GenericWrappers.java:613)
	at utils.Reporter.reportStep(Reporter.java:20)
	at wrappers.GenericWrappers.takeSnap(GenericWrappers.java:613)
	at utils.Reporter.reportStep(Reporter.java:20)
	at wrappers.GenericWrappers.takeSnap(GenericWrappers.java:613)
	at utils.Reporter.reportStep(Reporter.java:20)
	at wrappers.GenericWrappers.takeSnap(GenericWrappers.java:613)
	at utils.Reporter.reportStep(Reporter.java:20)
	at wrappers.GenericWrappers.takeSnap(GenericWrappers.java:613)
	at utils.Reporter.reportStep(Reporter.java:20)
	at wrappers.GenericWrappers.takeSnap(GenericWrappers.java:613)
	at utils.Reporter.reportStep(Reporter.java:20)
	at wrappers.GenericWrappers.takeSnap(GenericWrappers.java:613)
	at utils.Reporter.reportStep(Reporter.java:20)
	at wrappers.GenericWrappers.takeSnap(GenericWrappers.java:613)
	at utils.Reporter.reportStep(Reporter.java:20)
	at wrappers.GenericWrappers.takeSnap(GenericWrappers.java:613)
	at utils.Reporter.reportStep(Reporter.java:20)
	at wrappers.GenericWrappers.takeSnap(GenericWrappers.java:613)
	at utils.Reporter.reportStep(Reporter.java:20)
	at wrappers.GenericWrappers.takeSnap(GenericWrappers.java:613)
	at utils.Reporter.reportStep(Reporter.java:20)
	at wrappers.GenericWrappers.takeSnap(GenericWrappers.java:613)
	at utils.Reporter.reportStep(Reporter.java:20)
	at wrappers.GenericWrappers.takeSnap(GenericWrappers.java:613)
	at utils.Reporter.reportStep(Reporter.java:20)
	at wrappers.GenericWrappers.takeSnap(GenericWrappers.java:613)
	at utils.Reporter.reportStep(Reporter.java:20)
	at wrappers.GenericWrappers.takeSnap(GenericWrappers.java:613)
	at utils.Reporter.reportStep(Reporter.java:20)
	at wrappers.GenericWrappers.takeSnap(GenericWrappers.java:613)
	at utils.Reporter.reportStep(Reporter.java:20)
	at wrappers.GenericWrappers.takeSnap(GenericWrappers.java:613)
	at utils.Reporter.reportStep(Reporter.java:20)
	at wrappers.GenericWrappers.takeSnap(GenericWrappers.java:613)
	at utils.Reporter.reportStep(Reporter.java:20)
	at wrappers.GenericWrappers.takeSnap(GenericWrappers.java:613)
	at utils.Reporter.reportStep(Reporter.java:20)
	at wrappers.GenericWrappers.takeSnap(GenericWrappers.java:613)
	at utils.Reporter.reportStep(Reporter.java:20)
	at wrappers.GenericWrappers.takeSnap(GenericWrappers.java:613)
	at utils.Reporter.reportStep(Reporter.java:20)
	at wrappers.GenericWrappers.takeSnap(GenericWrappers.java:613)
	at utils.Reporter.reportStep(Reporter.java:20)
	at wrappers.GenericWrappers.takeSnap(GenericWrappers.java:613)
	at utils.Reporter.reportStep(Reporter.java:20)
	at wrappers.GenericWrappers.takeSnap(GenericWrappers.java:613)
	at utils.Reporter.reportStep(Reporter.java:20)
	at wrappers.GenericWrappers.takeSnap(GenericWrappers.java:613)
	at utils.Reporter.reportStep(Reporter.java:20)
	at wrappers.GenericWrappers.takeSnap(GenericWrappers.java:613)
	at utils.Reporter.reportStep(Reporter.java:20)
	at wrappers.GenericWrappers.takeSnap(GenericWrappers.java:613)
	at utils.Reporter.reportStep(Reporter.java:20)
	at wrappers.GenericWrappers.takeSnap(GenericWrappers.java:613)
	at utils.Reporter.reportStep(Reporter.java:20)
	at wrappers.GenericWrappers.takeSnap(GenericWrappers.java:613)
	at utils.Reporter.reportStep(Reporter.java:20)
	at wrappers.GenericWrappers.takeSnap(GenericWrappers.java:613)
	at utils.Reporter.reportStep(Reporter.java:20)
	at wrappers.GenericWrappers.takeSnap(GenericWrappers.java:613)
	at utils.Reporter.reportStep(Reporter.java:20)
	at wrappers.GenericWrappers.takeSnap(GenericWrappers.java:613)
	at utils.Reporter.reportStep(Reporter.java:20)
	at wrappers.GenericWrappers.takeSnap(GenericWrappers.java:613)
	at utils.Reporter.reportStep(Reporter.java:20)
	at wrappers.GenericWrappers.takeSnap(GenericWrappers.java:613)
	at utils.Reporter.reportStep(Reporter.java:20)
	at wrappers.GenericWrappers.takeSnap(GenericWrappers.java:613)
	at utils.Reporter.reportStep(Reporter.java:20)
	at wrappers.GenericWrappers.takeSnap(GenericWrappers.java:613)
	at utils.Reporter.reportStep(Reporter.java:20)
	at wrappers.GenericWrappers.takeSnap(GenericWrappers.java:613)
	at utils.Reporter.reportStep(Reporter.java:20)
	at wrappers.GenericWrappers.takeSnap(GenericWrappers.java:613)
	at utils.Reporter.reportStep(Reporter.java:20)
	at wrappers.GenericWrappers.takeSnap(GenericWrappers.java:613)
	at utils.Reporter.reportStep(Reporter.java:20)
	at wrappers.GenericWrappers.takeSnap(GenericWrappers.java:613)
	at utils.Reporter.reportStep(Reporter.java:20)
	at wrappers.GenericWrappers.takeSnap(GenericWrappers.java:613)
	at utils.Reporter.reportStep(Reporter.java:20)
	at wrappers.GenericWrappers.takeSnap(GenericWrappers.java:613)
	at utils.Reporter.reportStep(Reporter.java:20)
	at wrappers.GenericWrappers.takeSnap(GenericWrappers.java:613)
	at utils.Reporter.reportStep(Reporter.java:20)
	at wrappers.GenericWrappers.takeSnap(GenericWrappers.java:613)
	at utils.Reporter.reportStep(Reporter.java:20)
	at wrappers.GenericWrappers.takeSnap(GenericWrappers.java:613)
	at utils.Reporter.reportStep(Reporter.java:20)
	at wrappers.GenericWrappers.takeSnap(GenericWrappers.java:613)
	at utils.Reporter.reportStep(Reporter.java:20)
	at wrappers.GenericWrappers.takeSnap(GenericWrappers.java:613)
	at utils.Reporter.reportStep(Reporter.java:20)
	at wrappers.GenericWrappers.takeSnap(GenericWrappers.java:613)
	at utils.Reporter.reportStep(Reporter.java:20)
	at wrappers.GenericWrappers.takeSnap(GenericWrappers.java:613)
	at utils.Reporter.reportStep(Reporter.java:20)
	at wrappers.GenericWrappers.takeSnap(GenericWrappers.java:613)
	at utils.Reporter.reportStep(Reporter.java:20)
	at wrappers.GenericWrappers.takeSnap(GenericWrappers.java:613)
	at utils.Reporter.reportStep(Reporter.java:20)
	at wrappers.GenericWrappers.takeSnap(GenericWrappers.java:613)
	at utils.Reporter.reportStep(Reporter.java:20)
	at wrappers.GenericWrappers.takeSnap(GenericWrappers.java:613)
	at utils.Reporter.reportStep(Reporter.java:20)
	at wrappers.GenericWrappers.takeSnap(GenericWrappers.java:613)
	at utils.Reporter.reportStep(Reporter.java:20)
	at wrappers.GenericWrappers.takeSnap(GenericWrappers.java:613)
	at utils.Reporter.reportStep(Reporter.java:20)
	at wrappers.GenericWrappers.takeSnap(GenericWrappers.java:613)
	at utils.Reporter.reportStep(Reporter.java:20)
	at wrappers.GenericWrappers.takeSnap(GenericWrappers.java:613)
	at utils.Reporter.reportStep(Reporter.java:20)
	at wrappers.GenericWrappers.takeSnap(GenericWrappers.java:613)
	at utils.Reporter.reportStep(Reporter.java:20)
	at wrappers.GenericWrappers.takeSnap(GenericWrappers.java:613)
	at utils.Reporter.reportStep(Reporter.java:20)
	at wrappers.GenericWrappers.takeSnap(GenericWrappers.java:613)
	at utils.Reporter.reportStep(Reporter.java:20)
	at wrappers.GenericWrappers.takeSnap(GenericWrappers.java:613)
	at utils.Reporter.reportStep(Reporter.java:20)
	at wrappers.GenericWrappers.takeSnap(GenericWrappers.java:613)
	at utils.Reporter.reportStep(Reporter.java:20)
	at wrappers.GenericWrappers.takeSnap(GenericWrappers.java:613)
	at utils.Reporter.reportStep(Reporter.java:20)
	at wrappers.GenericWrappers.takeSnap(GenericWrappers.java:613)
	at utils.Reporter.reportStep(Reporter.java:20)
	at wrappers.GenericWrappers.takeSnap(GenericWrappers.java:613)
	at utils.Reporter.reportStep(Reporter.java:20)
	at wrappers.GenericWrappers.takeSnap(GenericWrappers.java:613)
	at utils.Reporter.reportStep(Reporter.java:20)
	at wrappers.GenericWrappers.takeSnap(GenericWrappers.java:613)
	at utils.Reporter.reportStep(Reporter.java:20)
	at wrappers.GenericWrappers.takeSnap(GenericWrappers.java:613)
	at utils.Reporter.reportStep(Reporter.java:20)
	at wrappers.GenericWrappers.takeSnap(GenericWrappers.java:613)
	at utils.Reporter.reportStep(Reporter.java:20)
	at wrappers.GenericWrappers.takeSnap(GenericWrappers.java:613)
	at utils.Reporter.reportStep(Reporter.java:20)
	at wrappers.GenericWrappers.takeSnap(GenericWrappers.java:613)
	at utils.Reporter.reportStep(Reporter.java:20)
	at wrappers.GenericWrappers.takeSnap(GenericWrappers.java:613)
	at utils.Reporter.reportStep(Reporter.java:20)
	at wrappers.GenericWrappers.takeSnap(GenericWrappers.java:613)
	at utils.Reporter.reportStep(Reporter.java:20)
	at wrappers.GenericWrappers.takeSnap(GenericWrappers.java:613)
	at utils.Reporter.reportStep(Reporter.java:20)
	at wrappers.GenericWrappers.takeSnap(GenericWrappers.java:613)
	at utils.Reporter.reportStep(Reporter.java:20)
	at wrappers.GenericWrappers.takeSnap(GenericWrappers.java:613)
	at utils.Reporter.reportStep(Reporter.java:20)
	at wrappers.GenericWrappers.takeSnap(GenericWrappers.java:613)
	at utils.Reporter.reportStep(Reporter.java:20)
	at wrappers.GenericWrappers.takeSnap(GenericWrappers.java:613)
	at utils.Reporter.reportStep(Reporter.java:20)
	at wrappers.GenericWrappers.takeSnap(GenericWrappers.java:613)
	at utils.Reporter.reportStep(Reporter.java:20)
	at wrappers.GenericWrappers.takeSnap(GenericWrappers.java:613)
	at utils.Reporter.reportStep(Reporter.java:20)
	at wrappers.GenericWrappers.takeSnap(GenericWrappers.java:613)
	at utils.Reporter.reportStep(Reporter.java:20)
	at wrappers.GenericWrappers.takeSnap(GenericWrappers.java:613)
	at utils.Reporter.reportStep(Reporter.java:20)
	at wrappers.GenericWrappers.takeSnap(GenericWrappers.java:613)
	at utils.Reporter.reportStep(Reporter.java:20)
	at wrappers.GenericWrappers.takeSnap(GenericWrappers.java:613)
	at utils.Reporter.reportStep(Reporter.java:20)
	at wrappers.GenericWrappers.takeSnap(GenericWrappers.java:613)
	at utils.Reporter.reportStep(Reporter.java:20)
	at wrappers.GenericWrappers.takeSnap(GenericWrappers.java:613)
	at utils.Reporter.reportStep(Reporter.java:20)
	at wrappers.GenericWrappers.takeSnap(GenericWrappers.java:613)
	at utils.Reporter.reportStep(Reporter.java:20)
	at wrappers.GenericWrappers.takeSnap(GenericWrappers.java:613)
	at utils.Reporter.reportStep(Reporter.java:20)
	at wrappers.GenericWrappers.takeSnap(GenericWrappers.java:613)
	at utils.Reporter.reportStep(Reporter.java:20)
	at wrappers.GenericWrappers.takeSnap(GenericWrappers.java:613)
	at utils.Reporter.reportStep(Reporter.java:20)
	at wrappers.GenericWrappers.takeSnap(GenericWrappers.java:613)
	at utils.Reporter.reportStep(Reporter.java:20)
	at wrappers.GenericWrappers.takeSnap(GenericWrappers.java:613)
	at utils.Reporter.reportStep(Reporter.java:20)
	at wrappers.GenericWrappers.takeSnap(GenericWrappers.java:613)
	at utils.Reporter.reportStep(Reporter.java:20)
	at wrappers.GenericWrappers.takeSnap(GenericWrappers.java:613)
	at utils.Reporter.reportStep(Reporter.java:20)
	at wrappers.GenericWrappers.takeSnap(GenericWrappers.java:613)
	at utils.Reporter.reportStep(Reporter.java:20)
	at wrappers.GenericWrappers.takeSnap(GenericWrappers.java:613)
	at utils.Reporter.reportStep(Reporter.java:20)
	at wrappers.GenericWrappers.takeSnap(GenericWrappers.java:613)
	at utils.Reporter.reportStep(Reporter.java:20)
	at wrappers.GenericWrappers.takeSnap(GenericWrappers.java:613)
	at utils.Reporter.reportStep(Reporter.java:20)
	at wrappers.GenericWrappers.takeSnap(GenericWrappers.java:613)
	at utils.Reporter.reportStep(Reporter.java:20)
	at wrappers.GenericWrappers.takeSnap(GenericWrappers.java:613)
	at utils.Reporter.reportStep(Reporter.java:20)
	at wrappers.GenericWrappers.takeSnap(GenericWrappers.java:613)
	at utils.Reporter.reportStep(Reporter.java:20)
	at wrappers.GenericWrappers.takeSnap(GenericWrappers.java:613)
	at utils.Reporter.reportStep(Reporter.java:20)
	at wrappers.GenericWrappers.takeSnap(GenericWrappers.java:613)
	at utils.Reporter.reportStep(Reporter.java:20)
	at wrappers.GenericWrappers.takeSnap(GenericWrappers.java:613)
	at utils.Reporter.reportStep(Reporter.java:20)
	at wrappers.GenericWrappers.takeSnap(GenericWrappers.java:613)
	at utils.Reporter.reportStep(Reporter.java:20)
	at wrappers.GenericWrappers.takeSnap(GenericWrappers.java:613)
	at utils.Reporter.reportStep(Reporter.java:20)
	at wrappers.GenericWrappers.takeSnap(GenericWrappers.java:613)
	at utils.Reporter.reportStep(Reporter.java:20)
	at wrappers.GenericWrappers.takeSnap(GenericWrappers.java:613)
	at utils.Reporter.reportStep(Reporter.java:20)
	at wrappers.GenericWrappers.takeSnap(GenericWrappers.java:613)
	at utils.Reporter.reportStep(Reporter.java:20)
	at wrappers.GenericWrappers.takeSnap(GenericWrappers.java:613)
	at utils.Reporter.reportStep(Reporter.java:20)
	at wrappers.GenericWrappers.takeSnap(GenericWrappers.java:613)
	at utils.Reporter.reportStep(Reporter.java:20)
	at wrappers.GenericWrappers.takeSnap(GenericWrappers.java:613)
	at utils.Reporter.reportStep(Reporter.java:20)
	at wrappers.GenericWrappers.takeSnap(GenericWrappers.java:613)
	at utils.Reporter.reportStep(Reporter.java:20)
	at wrappers.GenericWrappers.takeSnap(GenericWrappers.java:613)
	at utils.Reporter.reportStep(Reporter.java:20)
	at wrappers.GenericWrappers.takeSnap(GenericWrappers.java:613)
	at utils.Reporter.reportStep(Reporter.java:20)
	at wrappers.GenericWrappers.takeSnap(GenericWrappers.java:613)
	at utils.Reporter.reportStep(Reporter.java:20)
	at wrappers.GenericWrappers.takeSnap(GenericWrappers.java:613)
	at utils.Reporter.reportStep(Reporter.java:20)
	at wrappers.GenericWrappers.takeSnap(GenericWrappers.java:613)
	at utils.Reporter.reportStep(Reporter.java:20)
	at wrappers.GenericWrappers.takeSnap(GenericWrappers.java:613)
	at utils.Reporter.reportStep(Reporter.java:20)
	at wrappers.GenericWrappers.takeSnap(GenericWrappers.java:613)
	at utils.Reporter.reportStep(Reporter.java:20)
	at wrappers.GenericWrappers.takeSnap(GenericWrappers.java:613)
	at utils.Reporter.reportStep(Reporter.java:20)
	at wrappers.GenericWrappers.takeSnap(GenericWrappers.java:613)
	at utils.Reporter.reportStep(Reporter.java:20)
	at wrappers.GenericWrappers.takeSnap(GenericWrappers.java:613)
	at utils.Reporter.reportStep(Reporter.java:20)
	at wrappers.GenericWrappers.takeSnap(GenericWrappers.java:613)
	at utils.Reporter.reportStep(Reporter.java:20)
	at wrappers.GenericWrappers.takeSnap(GenericWrappers.java:613)
	at utils.Reporter.reportStep(Reporter.java:20)
	at wrappers.GenericWrappers.takeSnap(GenericWrappers.java:613)
	at utils.Reporter.reportStep(Reporter.java:20)
	at wrappers.GenericWrappers.takeSnap(GenericWrappers.java:613)
	at utils.Reporter.reportStep(Reporter.java:20)
	at wrappers.GenericWrappers.takeSnap(GenericWrappers.java:613)
	at utils.Reporter.reportStep(Reporter.java:20)
	at wrappers.GenericWrappers.takeSnap(GenericWrappers.java:613)
	at utils.Reporter.reportStep(Reporter.java:20)
	at wrappers.GenericWrappers.takeSnap(GenericWrappers.java:613)
	at utils.Reporter.reportStep(Reporter.java:20)
	at wrappers.GenericWrappers.takeSnap(GenericWrappers.java:613)
	at utils.Reporter.reportStep(Reporter.java:20)
	at wrappers.GenericWrappers.takeSnap(GenericWrappers.java:613)
	at utils.Reporter.reportStep(Reporter.java:20)
	at wrappers.GenericWrappers.takeSnap(GenericWrappers.java:613)
	at utils.Reporter.reportStep(Reporter.java:20)
	at wrappers.GenericWrappers.takeSnap(GenericWrappers.java:613)
	at utils.Reporter.reportStep(Reporter.java:20)
	at wrappers.GenericWrappers.takeSnap(GenericWrappers.java:613)
	at utils.Reporter.reportStep(Reporter.java:20)
	at wrappers.GenericWrappers.takeSnap(GenericWrappers.java:613)
	at utils.Reporter.reportStep(Reporter.java:20)
	at wrappers.GenericWrappers.takeSnap(GenericWrappers.java:613)
	at utils.Reporter.reportStep(Reporter.java:20)
	at wrappers.GenericWrappers.takeSnap(GenericWrappers.java:613)
	at utils.Reporter.reportStep(Reporter.java:20)
	at wrappers.GenericWrappers.takeSnap(GenericWrappers.java:613)
	at utils.Reporter.reportStep(Reporter.java:20)
	at wrappers.GenericWrappers.takeSnap(GenericWrappers.java:613)
	at utils.Reporter.reportStep(Reporter.java:20)
	at wrappers.GenericWrappers.takeSnap(GenericWrappers.java:613)
	at utils.Reporter.reportStep(Reporter.java:20)
	at wrappers.GenericWrappers.takeSnap(GenericWrappers.java:613)
	at utils.Reporter.reportStep(Reporter.java:20)
	at wrappers.GenericWrappers.takeSnap(GenericWrappers.java:613)
	at utils.Reporter.reportStep(Reporter.java:20)
	at wrappers.GenericWrappers.takeSnap(GenericWrappers.java:613)
	at utils.Reporter.reportStep(Reporter.java:20)
	at wrappers.GenericWrappers.takeSnap(GenericWrappers.java:613)
	at utils.Reporter.reportStep(Reporter.java:20)
	at wrappers.GenericWrappers.takeSnap(GenericWrappers.java:613)
	at utils.Reporter.reportStep(Reporter.java:20)
	at wrappers.GenericWrappers.takeSnap(GenericWrappers.java:613)
	at utils.Reporter.reportStep(Reporter.java:20)
	at wrappers.GenericWrappers.takeSnap(GenericWrappers.java:613)
	at utils.Reporter.reportStep(Reporter.java:20)
	at wrappers.GenericWrappers.takeSnap(GenericWrappers.java:613)
	at utils.Reporter.reportStep(Reporter.java:20)
	at wrappers.GenericWrappers.takeSnap(GenericWrappers.java:613)
	at utils.Reporter.reportStep(Reporter.java:20)
	at wrappers.GenericWrappers.takeSnap(GenericWrappers.java:613)
	at utils.Reporter.reportStep(Reporter.java:20)
	at wrappers.GenericWrappers.takeSnap(GenericWrappers.java:613)
	at utils.Reporter.reportStep(Reporter.java:20)
	at wrappers.GenericWrappers.takeSnap(GenericWrappers.java:613)
	at utils.Reporter.reportStep(Reporter.java:20)
	at wrappers.GenericWrappers.takeSnap(GenericWrappers.java:613)
	at utils.Reporter.reportStep(Reporter.java:20)
	at wrappers.GenericWrappers.takeSnap(GenericWrappers.java:613)
	at utils.Reporter.reportStep(Reporter.java:20)
	at wrappers.GenericWrappers.takeSnap(GenericWrappers.java:613)
	at utils.Reporter.reportStep(Reporter.java:20)
	at wrappers.GenericWrappers.takeSnap(GenericWrappers.java:613)
	at utils.Reporter.reportStep(Reporter.java:20)
	at wrappers.GenericWrappers.takeSnap(GenericWrappers.java:613)
	at utils.Reporter.reportStep(Reporter.java:20)
	at wrappers.GenericWrappers.takeSnap(GenericWrappers.java:613)
	at utils.Reporter.reportStep(Reporter.java:20)
	at wrappers.GenericWrappers.takeSnap(GenericWrappers.java:613)
	at utils.Reporter.reportStep(Reporter.java:20)
	at wrappers.GenericWrappers.takeSnap(GenericWrappers.java:613)
	at utils.Reporter.reportStep(Reporter.java:20)
	at wrappers.GenericWrappers.takeSnap(GenericWrappers.java:613)
	at utils.Reporter.reportStep(Reporter.java:20)
	at wrappers.GenericWrappers.takeSnap(GenericWrappers.java:613)
	at utils.Reporter.reportStep(Reporter.java:20)
	at wrappers.GenericWrappers.takeSnap(GenericWrappers.java:613)
	at utils.Reporter.reportStep(Reporter.java:20)
	at wrappers.GenericWrappers.takeSnap(GenericWrappers.java:613)
	at utils.Reporter.reportStep(Reporter.java:20)
	at wrappers.GenericWrappers.takeSnap(GenericWrappers.java:613)
	at utils.Reporter.reportStep(Reporter.java:20)
	at wrappers.GenericWrappers.takeSnap(GenericWrappers.java:613)
	at utils.Reporter.reportStep(Reporter.java:20)
	at wrappers.GenericWrappers.takeSnap(GenericWrappers.java:613)
	at utils.Reporter.reportStep(Reporter.java:20)
	at wrappers.GenericWrappers.takeSnap(GenericWrappers.java:613)
	at utils.Reporter.reportStep(Reporter.java:20)
	at wrappers.GenericWrappers.takeSnap(GenericWrappers.java:613)
	at utils.Reporter.reportStep(Reporter.java:20)
	at wrappers.GenericWrappers.takeSnap(GenericWrappers.java:613)
	at utils.Reporter.reportStep(Reporter.java:20)
	at wrappers.GenericWrappers.takeSnap(GenericWrappers.java:613)
	at utils.Reporter.reportStep(Reporter.java:20)
	at wrappers.GenericWrappers.takeSnap(GenericWrappers.java:613)
	at utils.Reporter.reportStep(Reporter.java:20)
	at wrappers.GenericWrappers.takeSnap(GenericWrappers.java:613)
	at utils.Reporter.reportStep(Reporter.java:20)
	at wrappers.GenericWrappers.takeSnap(GenericWrappers.java:613)
	at utils.Reporter.reportStep(Reporter.java:20)
	at wrappers.GenericWrappers.takeSnap(GenericWrappers.java:613)
	at utils.Reporter.reportStep(Reporter.java:20)
	at wrappers.GenericWrappers.takeSnap(GenericWrappers.java:613)
	at utils.Reporter.reportStep(Reporter.java:20)
	at wrappers.GenericWrappers.takeSnap(GenericWrappers.java:613)
	at utils.Reporter.reportStep(Reporter.java:20)
	at wrappers.GenericWrappers.takeSnap(GenericWrappers.java:613)
	at utils.Reporter.reportStep(Reporter.java:20)
	at wrappers.GenericWrappers.takeSnap(GenericWrappers.java:613)
	at utils.Reporter.reportStep(Reporter.java:20)
	at wrappers.GenericWrappers.takeSnap(GenericWrappers.java:613)
	at utils.Reporter.reportStep(Reporter.java:20)
	at wrappers.GenericWrappers.takeSnap(GenericWrappers.java:613)
	at utils.Reporter.reportStep(Reporter.java:20)
	at wrappers.GenericWrappers.takeSnap(GenericWrappers.java:613)
	at utils.Reporter.reportStep(Reporter.java:20)
	at wrappers.GenericWrappers.takeSnap(GenericWrappers.java:613)
	at utils.Reporter.reportStep(Reporter.java:20)
	at wrappers.GenericWrappers.takeSnap(GenericWrappers.java:613)
	at utils.Reporter.reportStep(Reporter.java:20)
	at wrappers.GenericWrappers.takeSnap(GenericWrappers.java:613)
	at utils.Reporter.reportStep(Reporter.java:20)
	at wrappers.GenericWrappers.takeSnap(GenericWrappers.java:613)
	at utils.Reporter.reportStep(Reporter.java:20)
	at wrappers.GenericWrappers.takeSnap(GenericWrappers.java:613)
	at utils.Reporter.reportStep(Reporter.java:20)
	at wrappers.GenericWrappers.takeSnap(GenericWrappers.java:613)
	at utils.Reporter.reportStep(Reporter.java:20)
	at wrappers.GenericWrappers.takeSnap(GenericWrappers.java:613)
	at utils.Reporter.reportStep(Reporter.java:20)
	at wrappers.GenericWrappers.takeSnap(GenericWrappers.java:613)
	at utils.Reporter.reportStep(Reporter.java:20)
	at wrappers.GenericWrappers.takeSnap(GenericWrappers.java:613)
	at utils.Reporter.reportStep(Reporter.java:20)
	at wrappers.GenericWrappers.takeSnap(GenericWrappers.java:613)
	at utils.Reporter.reportStep(Reporter.java:20)
	at wrappers.GenericWrappers.takeSnap(GenericWrappers.java:613)
	at utils.Reporter.reportStep(Reporter.java:20)
	at wrappers.GenericWrappers.takeSnap(GenericWrappers.java:613)
	at utils.Reporter.reportStep(Reporter.java:20)
	at wrappers.GenericWrappers.takeSnap(GenericWrappers.java:613)
	at utils.Reporter.reportStep(Reporter.java:20)
	at wrappers.GenericWrappers.takeSnap(GenericWrappers.java:613)
	at utils.Reporter.reportStep(Reporter.java:20)
	at wrappers.GenericWrappers.takeSnap(GenericWrappers.java:613)
	at utils.Reporter.reportStep(Reporter.java:20)
	at wrappers.GenericWrappers.takeSnap(GenericWrappers.java:613)
	at utils.Reporter.reportStep(Reporter.java:20)
	at wrappers.GenericWrappers.takeSnap(GenericWrappers.java:613)
	at utils.Reporter.reportStep(Reporter.java:20)
	at wrappers.GenericWrappers.takeSnap(GenericWrappers.java:613)
	at utils.Reporter.reportStep(Reporter.java:20)
	at wrappers.GenericWrappers.takeSnap(GenericWrappers.java:613)
	at utils.Reporter.reportStep(Reporter.java:20)
	at wrappers.GenericWrappers.takeSnap(GenericWrappers.java:613)
	at utils.Reporter.reportStep(Reporter.java:20)
	at wrappers.GenericWrappers.takeSnap(GenericWrappers.java:613)
	at utils.Reporter.reportStep(Reporter.java:20)
	at wrappers.GenericWrappers.takeSnap(GenericWrappers.java:613)
	at utils.Reporter.reportStep(Reporter.java:20)
	at wrappers.GenericWrappers.takeSnap(GenericWrappers.java:613)
	at utils.Reporter.reportStep(Reporter.java:20)
	at wrappers.GenericWrappers.takeSnap(GenericWrappers.java:613)
	at utils.Reporter.reportStep(Reporter.java:20)
	at wrappers.GenericWrappers.takeSnap(GenericWrappers.java:613)
	at utils.Reporter.reportStep(Reporter.java:20)
	at wrappers.GenericWrappers.takeSnap(GenericWrappers.java:613)
	at utils.Reporter.reportStep(Reporter.java:20)
	at wrappers.GenericWrappers.takeSnap(GenericWrappers.java:613)
	at utils.Reporter.reportStep(Reporter.java:20)
	at wrappers.GenericWrappers.takeSnap(GenericWrappers.java:613)
]]>
    </error>
  </testcase> <!-- login -->
  <testcase name="login" time="0.000" classname="testCases.TC001_Login">
    <error type="java.lang.StackOverflowError">
      <![CDATA[java.lang.StackOverflowError
	at java.util.regex.Pattern$Branch.match(Unknown Source)
	at java.util.regex.Pattern$BranchConn.match(Unknown Source)
	at java.util.regex.Pattern$GroupTail.match(Unknown Source)
	at java.util.regex.Pattern$Curly.match0(Unknown Source)
	at java.util.regex.Pattern$Curly.match(Unknown Source)
	at java.util.regex.Pattern$GroupHead.match(Unknown Source)
	at java.util.regex.Pattern$Branch.match(Unknown Source)
	at java.util.regex.Pattern$Branch.match(Unknown Source)
	at java.util.regex.Pattern$BmpCharProperty.match(Unknown Source)
	at java.util.regex.Pattern$Start.match(Unknown Source)
	at java.util.regex.Matcher.search(Unknown Source)
	at java.util.regex.Matcher.find(Unknown Source)
	at java.util.Formatter.parse(Unknown Source)
	at java.util.Formatter.format(Unknown Source)
	at java.util.Formatter.format(Unknown Source)
	at java.lang.String.format(Unknown Source)
	at org.openqa.selenium.remote.RemoteWebDriver.execute(RemoteWebDriver.java:549)
	at org.openqa.selenium.remote.RemoteWebDriver.execute(RemoteWebDriver.java:609)
	at org.openqa.selenium.remote.RemoteWebDriver.getScreenshotAs(RemoteWebDriver.java:295)
	at wrappers.GenericWrappers.takeSnap(GenericWrappers.java:610)
	at utils.Reporter.reportStep(Reporter.java:20)
	at wrappers.GenericWrappers.takeSnap(GenericWrappers.java:613)
	at utils.Reporter.reportStep(Reporter.java:20)
	at wrappers.GenericWrappers.takeSnap(GenericWrappers.java:613)
	at utils.Reporter.reportStep(Reporter.java:20)
	at wrappers.GenericWrappers.takeSnap(GenericWrappers.java:613)
	at utils.Reporter.reportStep(Reporter.java:20)
	at wrappers.GenericWrappers.takeSnap(GenericWrappers.java:613)
	at utils.Reporter.reportStep(Reporter.java:20)
	at wrappers.GenericWrappers.takeSnap(GenericWrappers.java:613)
	at utils.Reporter.reportStep(Reporter.java:20)
	at wrappers.GenericWrappers.takeSnap(GenericWrappers.java:613)
	at utils.Reporter.reportStep(Reporter.java:20)
	at wrappers.GenericWrappers.takeSnap(GenericWrappers.java:613)
	at utils.Reporter.reportStep(Reporter.java:20)
	at wrappers.GenericWrappers.takeSnap(GenericWrappers.java:613)
	at utils.Reporter.reportStep(Reporter.java:20)
	at wrappers.GenericWrappers.takeSnap(GenericWrappers.java:613)
	at utils.Reporter.reportStep(Reporter.java:20)
	at wrappers.GenericWrappers.takeSnap(GenericWrappers.java:613)
	at utils.Reporter.reportStep(Reporter.java:20)
	at wrappers.GenericWrappers.takeSnap(GenericWrappers.java:613)
	at utils.Reporter.reportStep(Reporter.java:20)
	at wrappers.GenericWrappers.takeSnap(GenericWrappers.java:613)
	at utils.Reporter.reportStep(Reporter.java:20)
	at wrappers.GenericWrappers.takeSnap(GenericWrappers.java:613)
	at utils.Reporter.reportStep(Reporter.java:20)
	at wrappers.GenericWrappers.takeSnap(GenericWrappers.java:613)
	at utils.Reporter.reportStep(Reporter.java:20)
	at wrappers.GenericWrappers.takeSnap(GenericWrappers.java:613)
	at utils.Reporter.reportStep(Reporter.java:20)
	at wrappers.GenericWrappers.takeSnap(GenericWrappers.java:613)
	at utils.Reporter.reportStep(Reporter.java:20)
	at wrappers.GenericWrappers.takeSnap(GenericWrappers.java:613)
	at utils.Reporter.reportStep(Reporter.java:20)
	at wrappers.GenericWrappers.takeSnap(GenericWrappers.java:613)
	at utils.Reporter.reportStep(Reporter.java:20)
	at wrappers.GenericWrappers.takeSnap(GenericWrappers.java:613)
	at utils.Reporter.reportStep(Reporter.java:20)
	at wrappers.GenericWrappers.takeSnap(GenericWrappers.java:613)
	at utils.Reporter.reportStep(Reporter.java:20)
	at wrappers.GenericWrappers.takeSnap(GenericWrappers.java:613)
	at utils.Reporter.reportStep(Reporter.java:20)
	at wrappers.GenericWrappers.takeSnap(GenericWrappers.java:613)
	at utils.Reporter.reportStep(Reporter.java:20)
	at wrappers.GenericWrappers.takeSnap(GenericWrappers.java:613)
	at utils.Reporter.reportStep(Reporter.java:20)
	at wrappers.GenericWrappers.takeSnap(GenericWrappers.java:613)
	at utils.Reporter.reportStep(Reporter.java:20)
	at wrappers.GenericWrappers.takeSnap(GenericWrappers.java:613)
	at utils.Reporter.reportStep(Reporter.java:20)
	at wrappers.GenericWrappers.takeSnap(GenericWrappers.java:613)
	at utils.Reporter.reportStep(Reporter.java:20)
	at wrappers.GenericWrappers.takeSnap(GenericWrappers.java:613)
	at utils.Reporter.reportStep(Reporter.java:20)
	at wrappers.GenericWrappers.takeSnap(GenericWrappers.java:613)
	at utils.Reporter.reportStep(Reporter.java:20)
	at wrappers.GenericWrappers.takeSnap(GenericWrappers.java:613)
	at utils.Reporter.reportStep(Reporter.java:20)
	at wrappers.GenericWrappers.takeSnap(GenericWrappers.java:613)
	at utils.Reporter.reportStep(Reporter.java:20)
	at wrappers.GenericWrappers.takeSnap(GenericWrappers.java:613)
	at utils.Reporter.reportStep(Reporter.java:20)
	at wrappers.GenericWrappers.takeSnap(GenericWrappers.java:613)
	at utils.Reporter.reportStep(Reporter.java:20)
	at wrappers.GenericWrappers.takeSnap(GenericWrappers.java:613)
	at utils.Reporter.reportStep(Reporter.java:20)
	at wrappers.GenericWrappers.takeSnap(GenericWrappers.java:613)
	at utils.Reporter.reportStep(Reporter.java:20)
	at wrappers.GenericWrappers.takeSnap(GenericWrappers.java:613)
	at utils.Reporter.reportStep(Reporter.java:20)
	at wrappers.GenericWrappers.takeSnap(GenericWrappers.java:613)
	at utils.Reporter.reportStep(Reporter.java:20)
	at wrappers.GenericWrappers.takeSnap(GenericWrappers.java:613)
	at utils.Reporter.reportStep(Reporter.java:20)
	at wrappers.GenericWrappers.takeSnap(GenericWrappers.java:613)
	at utils.Reporter.reportStep(Reporter.java:20)
	at wrappers.GenericWrappers.takeSnap(GenericWrappers.java:613)
	at utils.Reporter.reportStep(Reporter.java:20)
	at wrappers.GenericWrappers.takeSnap(GenericWrappers.java:613)
	at utils.Reporter.reportStep(Reporter.java:20)
	at wrappers.GenericWrappers.takeSnap(GenericWrappers.java:613)
	at utils.Reporter.reportStep(Reporter.java:20)
	at wrappers.GenericWrappers.takeSnap(GenericWrappers.java:613)
	at utils.Reporter.reportStep(Reporter.java:20)
	at wrappers.GenericWrappers.takeSnap(GenericWrappers.java:613)
	at utils.Reporter.reportStep(Reporter.java:20)
	at wrappers.GenericWrappers.takeSnap(GenericWrappers.java:613)
	at utils.Reporter.reportStep(Reporter.java:20)
	at wrappers.GenericWrappers.takeSnap(GenericWrappers.java:613)
	at utils.Reporter.reportStep(Reporter.java:20)
	at wrappers.GenericWrappers.takeSnap(GenericWrappers.java:613)
	at utils.Reporter.reportStep(Reporter.java:20)
	at wrappers.GenericWrappers.takeSnap(GenericWrappers.java:613)
	at utils.Reporter.reportStep(Reporter.java:20)
	at wrappers.GenericWrappers.takeSnap(GenericWrappers.java:613)
	at utils.Reporter.reportStep(Reporter.java:20)
	at wrappers.GenericWrappers.takeSnap(GenericWrappers.java:613)
	at utils.Reporter.reportStep(Reporter.java:20)
	at wrappers.GenericWrappers.takeSnap(GenericWrappers.java:613)
	at utils.Reporter.reportStep(Reporter.java:20)
	at wrappers.GenericWrappers.takeSnap(GenericWrappers.java:613)
	at utils.Reporter.reportStep(Reporter.java:20)
	at wrappers.GenericWrappers.takeSnap(GenericWrappers.java:613)
	at utils.Reporter.reportStep(Reporter.java:20)
	at wrappers.GenericWrappers.takeSnap(GenericWrappers.java:613)
	at utils.Reporter.reportStep(Reporter.java:20)
	at wrappers.GenericWrappers.takeSnap(GenericWrappers.java:613)
	at utils.Reporter.reportStep(Reporter.java:20)
	at wrappers.GenericWrappers.takeSnap(GenericWrappers.java:613)
	at utils.Reporter.reportStep(Reporter.java:20)
	at wrappers.GenericWrappers.takeSnap(GenericWrappers.java:613)
	at utils.Reporter.reportStep(Reporter.java:20)
	at wrappers.GenericWrappers.takeSnap(GenericWrappers.java:613)
	at utils.Reporter.reportStep(Reporter.java:20)
	at wrappers.GenericWrappers.takeSnap(GenericWrappers.java:613)
	at utils.Reporter.reportStep(Reporter.java:20)
	at wrappers.GenericWrappers.takeSnap(GenericWrappers.java:613)
	at utils.Reporter.reportStep(Reporter.java:20)
	at wrappers.GenericWrappers.takeSnap(GenericWrappers.java:613)
	at utils.Reporter.reportStep(Reporter.java:20)
	at wrappers.GenericWrappers.takeSnap(GenericWrappers.java:613)
	at utils.Reporter.reportStep(Reporter.java:20)
	at wrappers.GenericWrappers.takeSnap(GenericWrappers.java:613)
	at utils.Reporter.reportStep(Reporter.java:20)
	at wrappers.GenericWrappers.takeSnap(GenericWrappers.java:613)
	at utils.Reporter.reportStep(Reporter.java:20)
	at wrappers.GenericWrappers.takeSnap(GenericWrappers.java:613)
	at utils.Reporter.reportStep(Reporter.java:20)
	at wrappers.GenericWrappers.takeSnap(GenericWrappers.java:613)
	at utils.Reporter.reportStep(Reporter.java:20)
	at wrappers.GenericWrappers.takeSnap(GenericWrappers.java:613)
	at utils.Reporter.reportStep(Reporter.java:20)
	at wrappers.GenericWrappers.takeSnap(GenericWrappers.java:613)
	at utils.Reporter.reportStep(Reporter.java:20)
	at wrappers.GenericWrappers.takeSnap(GenericWrappers.java:613)
	at utils.Reporter.reportStep(Reporter.java:20)
	at wrappers.GenericWrappers.takeSnap(GenericWrappers.java:613)
	at utils.Reporter.reportStep(Reporter.java:20)
	at wrappers.GenericWrappers.takeSnap(GenericWrappers.java:613)
	at utils.Reporter.reportStep(Reporter.java:20)
	at wrappers.GenericWrappers.takeSnap(GenericWrappers.java:613)
	at utils.Reporter.reportStep(Reporter.java:20)
	at wrappers.GenericWrappers.takeSnap(GenericWrappers.java:613)
	at utils.Reporter.reportStep(Reporter.java:20)
	at wrappers.GenericWrappers.takeSnap(GenericWrappers.java:613)
	at utils.Reporter.reportStep(Reporter.java:20)
	at wrappers.GenericWrappers.takeSnap(GenericWrappers.java:613)
	at utils.Reporter.reportStep(Reporter.java:20)
	at wrappers.GenericWrappers.takeSnap(GenericWrappers.java:613)
	at utils.Reporter.reportStep(Reporter.java:20)
	at wrappers.GenericWrappers.takeSnap(GenericWrappers.java:613)
	at utils.Reporter.reportStep(Reporter.java:20)
	at wrappers.GenericWrappers.takeSnap(GenericWrappers.java:613)
	at utils.Reporter.reportStep(Reporter.java:20)
	at wrappers.GenericWrappers.takeSnap(GenericWrappers.java:613)
	at utils.Reporter.reportStep(Reporter.java:20)
	at wrappers.GenericWrappers.takeSnap(GenericWrappers.java:613)
	at utils.Reporter.reportStep(Reporter.java:20)
	at wrappers.GenericWrappers.takeSnap(GenericWrappers.java:613)
	at utils.Reporter.reportStep(Reporter.java:20)
	at wrappers.GenericWrappers.takeSnap(GenericWrappers.java:613)
	at utils.Reporter.reportStep(Reporter.java:20)
	at wrappers.GenericWrappers.takeSnap(GenericWrappers.java:613)
	at utils.Reporter.reportStep(Reporter.java:20)
	at wrappers.GenericWrappers.takeSnap(GenericWrappers.java:613)
	at utils.Reporter.reportStep(Reporter.java:20)
	at wrappers.GenericWrappers.takeSnap(GenericWrappers.java:613)
	at utils.Reporter.reportStep(Reporter.java:20)
	at wrappers.GenericWrappers.takeSnap(GenericWrappers.java:613)
	at utils.Reporter.reportStep(Reporter.java:20)
	at wrappers.GenericWrappers.takeSnap(GenericWrappers.java:613)
	at utils.Reporter.reportStep(Reporter.java:20)
	at wrappers.GenericWrappers.takeSnap(GenericWrappers.java:613)
	at utils.Reporter.reportStep(Reporter.java:20)
	at wrappers.GenericWrappers.takeSnap(GenericWrappers.java:613)
	at utils.Reporter.reportStep(Reporter.java:20)
	at wrappers.GenericWrappers.takeSnap(GenericWrappers.java:613)
	at utils.Reporter.reportStep(Reporter.java:20)
	at wrappers.GenericWrappers.takeSnap(GenericWrappers.java:613)
	at utils.Reporter.reportStep(Reporter.java:20)
	at wrappers.GenericWrappers.takeSnap(GenericWrappers.java:613)
	at utils.Reporter.reportStep(Reporter.java:20)
	at wrappers.GenericWrappers.takeSnap(GenericWrappers.java:613)
	at utils.Reporter.reportStep(Reporter.java:20)
	at wrappers.GenericWrappers.takeSnap(GenericWrappers.java:613)
	at utils.Reporter.reportStep(Reporter.java:20)
	at wrappers.GenericWrappers.takeSnap(GenericWrappers.java:613)
	at utils.Reporter.reportStep(Reporter.java:20)
	at wrappers.GenericWrappers.takeSnap(GenericWrappers.java:613)
	at utils.Reporter.reportStep(Reporter.java:20)
	at wrappers.GenericWrappers.takeSnap(GenericWrappers.java:613)
	at utils.Reporter.reportStep(Reporter.java:20)
	at wrappers.GenericWrappers.takeSnap(GenericWrappers.java:613)
	at utils.Reporter.reportStep(Reporter.java:20)
	at wrappers.GenericWrappers.takeSnap(GenericWrappers.java:613)
	at utils.Reporter.reportStep(Reporter.java:20)
	at wrappers.GenericWrappers.takeSnap(GenericWrappers.java:613)
	at utils.Reporter.reportStep(Reporter.java:20)
	at wrappers.GenericWrappers.takeSnap(GenericWrappers.java:613)
	at utils.Reporter.reportStep(Reporter.java:20)
	at wrappers.GenericWrappers.takeSnap(GenericWrappers.java:613)
	at utils.Reporter.reportStep(Reporter.java:20)
	at wrappers.GenericWrappers.takeSnap(GenericWrappers.java:613)
	at utils.Reporter.reportStep(Reporter.java:20)
	at wrappers.GenericWrappers.takeSnap(GenericWrappers.java:613)
	at utils.Reporter.reportStep(Reporter.java:20)
	at wrappers.GenericWrappers.takeSnap(GenericWrappers.java:613)
	at utils.Reporter.reportStep(Reporter.java:20)
	at wrappers.GenericWrappers.takeSnap(GenericWrappers.java:613)
	at utils.Reporter.reportStep(Reporter.java:20)
	at wrappers.GenericWrappers.takeSnap(GenericWrappers.java:613)
	at utils.Reporter.reportStep(Reporter.java:20)
	at wrappers.GenericWrappers.takeSnap(GenericWrappers.java:613)
	at utils.Reporter.reportStep(Reporter.java:20)
	at wrappers.GenericWrappers.takeSnap(GenericWrappers.java:613)
	at utils.Reporter.reportStep(Reporter.java:20)
	at wrappers.GenericWrappers.takeSnap(GenericWrappers.java:613)
	at utils.Reporter.reportStep(Reporter.java:20)
	at wrappers.GenericWrappers.takeSnap(GenericWrappers.java:613)
	at utils.Reporter.reportStep(Reporter.java:20)
	at wrappers.GenericWrappers.takeSnap(GenericWrappers.java:613)
	at utils.Reporter.reportStep(Reporter.java:20)
	at wrappers.GenericWrappers.takeSnap(GenericWrappers.java:613)
	at utils.Reporter.reportStep(Reporter.java:20)
	at wrappers.GenericWrappers.takeSnap(GenericWrappers.java:613)
	at utils.Reporter.reportStep(Reporter.java:20)
	at wrappers.GenericWrappers.takeSnap(GenericWrappers.java:613)
	at utils.Reporter.reportStep(Reporter.java:20)
	at wrappers.GenericWrappers.takeSnap(GenericWrappers.java:613)
	at utils.Reporter.reportStep(Reporter.java:20)
	at wrappers.GenericWrappers.takeSnap(GenericWrappers.java:613)
	at utils.Reporter.reportStep(Reporter.java:20)
	at wrappers.GenericWrappers.takeSnap(GenericWrappers.java:613)
	at utils.Reporter.reportStep(Reporter.java:20)
	at wrappers.GenericWrappers.takeSnap(GenericWrappers.java:613)
	at utils.Reporter.reportStep(Reporter.java:20)
	at wrappers.GenericWrappers.takeSnap(GenericWrappers.java:613)
	at utils.Reporter.reportStep(Reporter.java:20)
	at wrappers.GenericWrappers.takeSnap(GenericWrappers.java:613)
	at utils.Reporter.reportStep(Reporter.java:20)
	at wrappers.GenericWrappers.takeSnap(GenericWrappers.java:613)
	at utils.Reporter.reportStep(Reporter.java:20)
	at wrappers.GenericWrappers.takeSnap(GenericWrappers.java:613)
	at utils.Reporter.reportStep(Reporter.java:20)
	at wrappers.GenericWrappers.takeSnap(GenericWrappers.java:613)
	at utils.Reporter.reportStep(Reporter.java:20)
	at wrappers.GenericWrappers.takeSnap(GenericWrappers.java:613)
	at utils.Reporter.reportStep(Reporter.java:20)
	at wrappers.GenericWrappers.takeSnap(GenericWrappers.java:613)
	at utils.Reporter.reportStep(Reporter.java:20)
	at wrappers.GenericWrappers.takeSnap(GenericWrappers.java:613)
	at utils.Reporter.reportStep(Reporter.java:20)
	at wrappers.GenericWrappers.takeSnap(GenericWrappers.java:613)
	at utils.Reporter.reportStep(Reporter.java:20)
	at wrappers.GenericWrappers.takeSnap(GenericWrappers.java:613)
	at utils.Reporter.reportStep(Reporter.java:20)
	at wrappers.GenericWrappers.takeSnap(GenericWrappers.java:613)
	at utils.Reporter.reportStep(Reporter.java:20)
	at wrappers.GenericWrappers.takeSnap(GenericWrappers.java:613)
	at utils.Reporter.reportStep(Reporter.java:20)
	at wrappers.GenericWrappers.takeSnap(GenericWrappers.java:613)
	at utils.Reporter.reportStep(Reporter.java:20)
	at wrappers.GenericWrappers.takeSnap(GenericWrappers.java:613)
	at utils.Reporter.reportStep(Reporter.java:20)
	at wrappers.GenericWrappers.takeSnap(GenericWrappers.java:613)
	at utils.Reporter.reportStep(Reporter.java:20)
	at wrappers.GenericWrappers.takeSnap(GenericWrappers.java:613)
	at utils.Reporter.reportStep(Reporter.java:20)
	at wrappers.GenericWrappers.takeSnap(GenericWrappers.java:613)
	at utils.Reporter.reportStep(Reporter.java:20)
	at wrappers.GenericWrappers.takeSnap(GenericWrappers.java:613)
	at utils.Reporter.reportStep(Reporter.java:20)
	at wrappers.GenericWrappers.takeSnap(GenericWrappers.java:613)
	at utils.Reporter.reportStep(Reporter.java:20)
	at wrappers.GenericWrappers.takeSnap(GenericWrappers.java:613)
	at utils.Reporter.reportStep(Reporter.java:20)
	at wrappers.GenericWrappers.takeSnap(GenericWrappers.java:613)
	at utils.Reporter.reportStep(Reporter.java:20)
	at wrappers.GenericWrappers.takeSnap(GenericWrappers.java:613)
	at utils.Reporter.reportStep(Reporter.java:20)
	at wrappers.GenericWrappers.takeSnap(GenericWrappers.java:613)
	at utils.Reporter.reportStep(Reporter.java:20)
	at wrappers.GenericWrappers.takeSnap(GenericWrappers.java:613)
	at utils.Reporter.reportStep(Reporter.java:20)
	at wrappers.GenericWrappers.takeSnap(GenericWrappers.java:613)
	at utils.Reporter.reportStep(Reporter.java:20)
	at wrappers.GenericWrappers.takeSnap(GenericWrappers.java:613)
	at utils.Reporter.reportStep(Reporter.java:20)
	at wrappers.GenericWrappers.takeSnap(GenericWrappers.java:613)
	at utils.Reporter.reportStep(Reporter.java:20)
	at wrappers.GenericWrappers.takeSnap(GenericWrappers.java:613)
	at utils.Reporter.reportStep(Reporter.java:20)
	at wrappers.GenericWrappers.takeSnap(GenericWrappers.java:613)
	at utils.Reporter.reportStep(Reporter.java:20)
	at wrappers.GenericWrappers.takeSnap(GenericWrappers.java:613)
	at utils.Reporter.reportStep(Reporter.java:20)
	at wrappers.GenericWrappers.takeSnap(GenericWrappers.java:613)
	at utils.Reporter.reportStep(Reporter.java:20)
	at wrappers.GenericWrappers.takeSnap(GenericWrappers.java:613)
	at utils.Reporter.reportStep(Reporter.java:20)
	at wrappers.GenericWrappers.takeSnap(GenericWrappers.java:613)
	at utils.Reporter.reportStep(Reporter.java:20)
	at wrappers.GenericWrappers.takeSnap(GenericWrappers.java:613)
	at utils.Reporter.reportStep(Reporter.java:20)
	at wrappers.GenericWrappers.takeSnap(GenericWrappers.java:613)
	at utils.Reporter.reportStep(Reporter.java:20)
	at wrappers.GenericWrappers.takeSnap(GenericWrappers.java:613)
	at utils.Reporter.reportStep(Reporter.java:20)
	at wrappers.GenericWrappers.takeSnap(GenericWrappers.java:613)
	at utils.Reporter.reportStep(Reporter.java:20)
	at wrappers.GenericWrappers.takeSnap(GenericWrappers.java:613)
	at utils.Reporter.reportStep(Reporter.java:20)
	at wrappers.GenericWrappers.takeSnap(GenericWrappers.java:613)
	at utils.Reporter.reportStep(Reporter.java:20)
	at wrappers.GenericWrappers.takeSnap(GenericWrappers.java:613)
	at utils.Reporter.reportStep(Reporter.java:20)
	at wrappers.GenericWrappers.takeSnap(GenericWrappers.java:613)
	at utils.Reporter.reportStep(Reporter.java:20)
	at wrappers.GenericWrappers.takeSnap(GenericWrappers.java:613)
	at utils.Reporter.reportStep(Reporter.java:20)
	at wrappers.GenericWrappers.takeSnap(GenericWrappers.java:613)
	at utils.Reporter.reportStep(Reporter.java:20)
	at wrappers.GenericWrappers.takeSnap(GenericWrappers.java:613)
	at utils.Reporter.reportStep(Reporter.java:20)
	at wrappers.GenericWrappers.takeSnap(GenericWrappers.java:613)
	at utils.Reporter.reportStep(Reporter.java:20)
	at wrappers.GenericWrappers.takeSnap(GenericWrappers.java:613)
	at utils.Reporter.reportStep(Reporter.java:20)
	at wrappers.GenericWrappers.takeSnap(GenericWrappers.java:613)
	at utils.Reporter.reportStep(Reporter.java:20)
	at wrappers.GenericWrappers.takeSnap(GenericWrappers.java:613)
	at utils.Reporter.reportStep(Reporter.java:20)
	at wrappers.GenericWrappers.takeSnap(GenericWrappers.java:613)
	at utils.Reporter.reportStep(Reporter.java:20)
	at wrappers.GenericWrappers.takeSnap(GenericWrappers.java:613)
	at utils.Reporter.reportStep(Reporter.java:20)
	at wrappers.GenericWrappers.takeSnap(GenericWrappers.java:613)
	at utils.Reporter.reportStep(Reporter.java:20)
	at wrappers.GenericWrappers.takeSnap(GenericWrappers.java:613)
	at utils.Reporter.reportStep(Reporter.java:20)
	at wrappers.GenericWrappers.takeSnap(GenericWrappers.java:613)
	at utils.Reporter.reportStep(Reporter.java:20)
	at wrappers.GenericWrappers.takeSnap(GenericWrappers.java:613)
	at utils.Reporter.reportStep(Reporter.java:20)
	at wrappers.GenericWrappers.takeSnap(GenericWrappers.java:613)
	at utils.Reporter.reportStep(Reporter.java:20)
	at wrappers.GenericWrappers.takeSnap(GenericWrappers.java:613)
	at utils.Reporter.reportStep(Reporter.java:20)
	at wrappers.GenericWrappers.takeSnap(GenericWrappers.java:613)
	at utils.Reporter.reportStep(Reporter.java:20)
	at wrappers.GenericWrappers.takeSnap(GenericWrappers.java:613)
	at utils.Reporter.reportStep(Reporter.java:20)
	at wrappers.GenericWrappers.takeSnap(GenericWrappers.java:613)
	at utils.Reporter.reportStep(Reporter.java:20)
	at wrappers.GenericWrappers.takeSnap(GenericWrappers.java:613)
	at utils.Reporter.reportStep(Reporter.java:20)
	at wrappers.GenericWrappers.takeSnap(GenericWrappers.java:613)
	at utils.Reporter.reportStep(Reporter.java:20)
	at wrappers.GenericWrappers.takeSnap(GenericWrappers.java:613)
	at utils.Reporter.reportStep(Reporter.java:20)
	at wrappers.GenericWrappers.takeSnap(GenericWrappers.java:613)
	at utils.Reporter.reportStep(Reporter.java:20)
	at wrappers.GenericWrappers.takeSnap(GenericWrappers.java:613)
	at utils.Reporter.reportStep(Reporter.java:20)
	at wrappers.GenericWrappers.takeSnap(GenericWrappers.java:613)
	at utils.Reporter.reportStep(Reporter.java:20)
	at wrappers.GenericWrappers.takeSnap(GenericWrappers.java:613)
	at utils.Reporter.reportStep(Reporter.java:20)
	at wrappers.GenericWrappers.takeSnap(GenericWrappers.java:613)
	at utils.Reporter.reportStep(Reporter.java:20)
	at wrappers.GenericWrappers.takeSnap(GenericWrappers.java:613)
	at utils.Reporter.reportStep(Reporter.java:20)
	at wrappers.GenericWrappers.takeSnap(GenericWrappers.java:613)
	at utils.Reporter.reportStep(Reporter.java:20)
	at wrappers.GenericWrappers.takeSnap(GenericWrappers.java:613)
	at utils.Reporter.reportStep(Reporter.java:20)
	at wrappers.GenericWrappers.takeSnap(GenericWrappers.java:613)
	at utils.Reporter.reportStep(Reporter.java:20)
	at wrappers.GenericWrappers.takeSnap(GenericWrappers.java:613)
	at utils.Reporter.reportStep(Reporter.java:20)
	at wrappers.GenericWrappers.takeSnap(GenericWrappers.java:613)
	at utils.Reporter.reportStep(Reporter.java:20)
	at wrappers.GenericWrappers.takeSnap(GenericWrappers.java:613)
	at utils.Reporter.reportStep(Reporter.java:20)
	at wrappers.GenericWrappers.takeSnap(GenericWrappers.java:613)
	at utils.Reporter.reportStep(Reporter.java:20)
	at wrappers.GenericWrappers.takeSnap(GenericWrappers.java:613)
	at utils.Reporter.reportStep(Reporter.java:20)
	at wrappers.GenericWrappers.takeSnap(GenericWrappers.java:613)
	at utils.Reporter.reportStep(Reporter.java:20)
	at wrappers.GenericWrappers.takeSnap(GenericWrappers.java:613)
	at utils.Reporter.reportStep(Reporter.java:20)
	at wrappers.GenericWrappers.takeSnap(GenericWrappers.java:613)
	at utils.Reporter.reportStep(Reporter.java:20)
	at wrappers.GenericWrappers.takeSnap(GenericWrappers.java:613)
	at utils.Reporter.reportStep(Reporter.java:20)
	at wrappers.GenericWrappers.takeSnap(GenericWrappers.java:613)
	at utils.Reporter.reportStep(Reporter.java:20)
	at wrappers.GenericWrappers.takeSnap(GenericWrappers.java:613)
	at utils.Reporter.reportStep(Reporter.java:20)
	at wrappers.GenericWrappers.takeSnap(GenericWrappers.java:613)
	at utils.Reporter.reportStep(Reporter.java:20)
	at wrappers.GenericWrappers.takeSnap(GenericWrappers.java:613)
	at utils.Reporter.reportStep(Reporter.java:20)
	at wrappers.GenericWrappers.takeSnap(GenericWrappers.java:613)
	at utils.Reporter.reportStep(Reporter.java:20)
	at wrappers.GenericWrappers.takeSnap(GenericWrappers.java:613)
	at utils.Reporter.reportStep(Reporter.java:20)
	at wrappers.GenericWrappers.takeSnap(GenericWrappers.java:613)
	at utils.Reporter.reportStep(Reporter.java:20)
	at wrappers.GenericWrappers.takeSnap(GenericWrappers.java:613)
	at utils.Reporter.reportStep(Reporter.java:20)
	at wrappers.GenericWrappers.takeSnap(GenericWrappers.java:613)
	at utils.Reporter.reportStep(Reporter.java:20)
	at wrappers.GenericWrappers.takeSnap(GenericWrappers.java:613)
	at utils.Reporter.reportStep(Reporter.java:20)
	at wrappers.GenericWrappers.takeSnap(GenericWrappers.java:613)
	at utils.Reporter.reportStep(Reporter.java:20)
	at wrappers.GenericWrappers.takeSnap(GenericWrappers.java:613)
	at utils.Reporter.reportStep(Reporter.java:20)
	at wrappers.GenericWrappers.takeSnap(GenericWrappers.java:613)
	at utils.Reporter.reportStep(Reporter.java:20)
	at wrappers.GenericWrappers.takeSnap(GenericWrappers.java:613)
	at utils.Reporter.reportStep(Reporter.java:20)
	at wrappers.GenericWrappers.takeSnap(GenericWrappers.java:613)
	at utils.Reporter.reportStep(Reporter.java:20)
	at wrappers.GenericWrappers.takeSnap(GenericWrappers.java:613)
	at utils.Reporter.reportStep(Reporter.java:20)
	at wrappers.GenericWrappers.takeSnap(GenericWrappers.java:613)
	at utils.Reporter.reportStep(Reporter.java:20)
	at wrappers.GenericWrappers.takeSnap(GenericWrappers.java:613)
	at utils.Reporter.reportStep(Reporter.java:20)
	at wrappers.GenericWrappers.takeSnap(GenericWrappers.java:613)
	at utils.Reporter.reportStep(Reporter.java:20)
	at wrappers.GenericWrappers.takeSnap(GenericWrappers.java:613)
	at utils.Reporter.reportStep(Reporter.java:20)
	at wrappers.GenericWrappers.takeSnap(GenericWrappers.java:613)
	at utils.Reporter.reportStep(Reporter.java:20)
	at wrappers.GenericWrappers.takeSnap(GenericWrappers.java:613)
	at utils.Reporter.reportStep(Reporter.java:20)
	at wrappers.GenericWrappers.takeSnap(GenericWrappers.java:613)
	at utils.Reporter.reportStep(Reporter.java:20)
	at wrappers.GenericWrappers.takeSnap(GenericWrappers.java:613)
	at utils.Reporter.reportStep(Reporter.java:20)
	at wrappers.GenericWrappers.takeSnap(GenericWrappers.java:613)
	at utils.Reporter.reportStep(Reporter.java:20)
	at wrappers.GenericWrappers.takeSnap(GenericWrappers.java:613)
	at utils.Reporter.reportStep(Reporter.java:20)
	at wrappers.GenericWrappers.takeSnap(GenericWrappers.java:613)
	at utils.Reporter.reportStep(Reporter.java:20)
	at wrappers.GenericWrappers.takeSnap(GenericWrappers.java:613)
	at utils.Reporter.reportStep(Reporter.java:20)
	at wrappers.GenericWrappers.takeSnap(GenericWrappers.java:613)
	at utils.Reporter.reportStep(Reporter.java:20)
	at wrappers.GenericWrappers.takeSnap(GenericWrappers.java:613)
	at utils.Reporter.reportStep(Reporter.java:20)
	at wrappers.GenericWrappers.takeSnap(GenericWrappers.java:613)
	at utils.Reporter.reportStep(Reporter.java:20)
	at wrappers.GenericWrappers.takeSnap(GenericWrappers.java:613)
	at utils.Reporter.reportStep(Reporter.java:20)
	at wrappers.GenericWrappers.takeSnap(GenericWrappers.java:613)
	at utils.Reporter.reportStep(Reporter.java:20)
	at wrappers.GenericWrappers.takeSnap(GenericWrappers.java:613)
	at utils.Reporter.reportStep(Reporter.java:20)
	at wrappers.GenericWrappers.takeSnap(GenericWrappers.java:613)
	at utils.Reporter.reportStep(Reporter.java:20)
	at wrappers.GenericWrappers.takeSnap(GenericWrappers.java:613)
	at utils.Reporter.reportStep(Reporter.java:20)
	at wrappers.GenericWrappers.takeSnap(GenericWrappers.java:613)
	at utils.Reporter.reportStep(Reporter.java:20)
	at wrappers.GenericWrappers.takeSnap(GenericWrappers.java:613)
	at utils.Reporter.reportStep(Reporter.java:20)
	at wrappers.GenericWrappers.takeSnap(GenericWrappers.java:613)
	at utils.Reporter.reportStep(Reporter.java:20)
	at wrappers.GenericWrappers.takeSnap(GenericWrappers.java:613)
	at utils.Reporter.reportStep(Reporter.java:20)
	at wrappers.GenericWrappers.takeSnap(GenericWrappers.java:613)
	at utils.Reporter.reportStep(Reporter.java:20)
	at wrappers.GenericWrappers.takeSnap(GenericWrappers.java:613)
	at utils.Reporter.reportStep(Reporter.java:20)
	at wrappers.GenericWrappers.takeSnap(GenericWrappers.java:613)
	at utils.Reporter.reportStep(Reporter.java:20)
	at wrappers.GenericWrappers.takeSnap(GenericWrappers.java:613)
	at utils.Reporter.reportStep(Reporter.java:20)
	at wrappers.GenericWrappers.takeSnap(GenericWrappers.java:613)
	at utils.Reporter.reportStep(Reporter.java:20)
	at wrappers.GenericWrappers.takeSnap(GenericWrappers.java:613)
	at utils.Reporter.reportStep(Reporter.java:20)
	at wrappers.GenericWrappers.takeSnap(GenericWrappers.java:613)
	at utils.Reporter.reportStep(Reporter.java:20)
	at wrappers.GenericWrappers.takeSnap(GenericWrappers.java:613)
	at utils.Reporter.reportStep(Reporter.java:20)
	at wrappers.GenericWrappers.takeSnap(GenericWrappers.java:613)
	at utils.Reporter.reportStep(Reporter.java:20)
	at wrappers.GenericWrappers.takeSnap(GenericWrappers.java:613)
	at utils.Reporter.reportStep(Reporter.java:20)
	at wrappers.GenericWrappers.takeSnap(GenericWrappers.java:613)
	at utils.Reporter.reportStep(Reporter.java:20)
	at wrappers.GenericWrappers.takeSnap(GenericWrappers.java:613)
	at utils.Reporter.reportStep(Reporter.java:20)
	at wrappers.GenericWrappers.takeSnap(GenericWrappers.java:613)
	at utils.Reporter.reportStep(Reporter.java:20)
	at wrappers.GenericWrappers.takeSnap(GenericWrappers.java:613)
	at utils.Reporter.reportStep(Reporter.java:20)
	at wrappers.GenericWrappers.takeSnap(GenericWrappers.java:613)
	at utils.Reporter.reportStep(Reporter.java:20)
	at wrappers.GenericWrappers.takeSnap(GenericWrappers.java:613)
	at utils.Reporter.reportStep(Reporter.java:20)
	at wrappers.GenericWrappers.takeSnap(GenericWrappers.java:613)
	at utils.Reporter.reportStep(Reporter.java:20)
	at wrappers.GenericWrappers.takeSnap(GenericWrappers.java:613)
	at utils.Reporter.reportStep(Reporter.java:20)
	at wrappers.GenericWrappers.takeSnap(GenericWrappers.java:613)
	at utils.Reporter.reportStep(Reporter.java:20)
	at wrappers.GenericWrappers.takeSnap(GenericWrappers.java:613)
	at utils.Reporter.reportStep(Reporter.java:20)
	at wrappers.GenericWrappers.takeSnap(GenericWrappers.java:613)
	at utils.Reporter.reportStep(Reporter.java:20)
	at wrappers.GenericWrappers.takeSnap(GenericWrappers.java:613)
	at utils.Reporter.reportStep(Reporter.java:20)
	at wrappers.GenericWrappers.takeSnap(GenericWrappers.java:613)
	at utils.Reporter.reportStep(Reporter.java:20)
	at wrappers.GenericWrappers.takeSnap(GenericWrappers.java:613)
	at utils.Reporter.reportStep(Reporter.java:20)
	at wrappers.GenericWrappers.takeSnap(GenericWrappers.java:613)
	at utils.Reporter.reportStep(Reporter.java:20)
	at wrappers.GenericWrappers.takeSnap(GenericWrappers.java:613)
	at utils.Reporter.reportStep(Reporter.java:20)
	at wrappers.GenericWrappers.takeSnap(GenericWrappers.java:613)
	at utils.Reporter.reportStep(Reporter.java:20)
	at wrappers.GenericWrappers.takeSnap(GenericWrappers.java:613)
	at utils.Reporter.reportStep(Reporter.java:20)
	at wrappers.GenericWrappers.takeSnap(GenericWrappers.java:613)
	at utils.Reporter.reportStep(Reporter.java:20)
	at wrappers.GenericWrappers.takeSnap(GenericWrappers.java:613)
	at utils.Reporter.reportStep(Reporter.java:20)
	at wrappers.GenericWrappers.takeSnap(GenericWrappers.java:613)
	at utils.Reporter.reportStep(Reporter.java:20)
	at wrappers.GenericWrappers.takeSnap(GenericWrappers.java:613)
	at utils.Reporter.reportStep(Reporter.java:20)
	at wrappers.GenericWrappers.takeSnap(GenericWrappers.java:613)
	at utils.Reporter.reportStep(Reporter.java:20)
	at wrappers.GenericWrappers.takeSnap(GenericWrappers.java:613)
	at utils.Reporter.reportStep(Reporter.java:20)
	at wrappers.GenericWrappers.takeSnap(GenericWrappers.java:613)
	at utils.Reporter.reportStep(Reporter.java:20)
	at wrappers.GenericWrappers.takeSnap(GenericWrappers.java:613)
	at utils.Reporter.reportStep(Reporter.java:20)
	at wrappers.GenericWrappers.takeSnap(GenericWrappers.java:613)
	at utils.Reporter.reportStep(Reporter.java:20)
	at wrappers.GenericWrappers.takeSnap(GenericWrappers.java:613)
	at utils.Reporter.reportStep(Reporter.java:20)
	at wrappers.GenericWrappers.takeSnap(GenericWrappers.java:613)
	at utils.Reporter.reportStep(Reporter.java:20)
	at wrappers.GenericWrappers.takeSnap(GenericWrappers.java:613)
	at utils.Reporter.reportStep(Reporter.java:20)
	at wrappers.GenericWrappers.takeSnap(GenericWrappers.java:613)
	at utils.Reporter.reportStep(Reporter.java:20)
	at wrappers.GenericWrappers.takeSnap(GenericWrappers.java:613)
	at utils.Reporter.reportStep(Reporter.java:20)
	at wrappers.GenericWrappers.takeSnap(GenericWrappers.java:613)
	at utils.Reporter.reportStep(Reporter.java:20)
	at wrappers.GenericWrappers.takeSnap(GenericWrappers.java:613)
	at utils.Reporter.reportStep(Reporter.java:20)
	at wrappers.GenericWrappers.takeSnap(GenericWrappers.java:613)
	at utils.Reporter.reportStep(Reporter.java:20)
	at wrappers.GenericWrappers.takeSnap(GenericWrappers.java:613)
	at utils.Reporter.reportStep(Reporter.java:20)
	at wrappers.GenericWrappers.takeSnap(GenericWrappers.java:613)
	at utils.Reporter.reportStep(Reporter.java:20)
	at wrappers.GenericWrappers.takeSnap(GenericWrappers.java:613)
	at utils.Reporter.reportStep(Reporter.java:20)
	at wrappers.GenericWrappers.takeSnap(GenericWrappers.java:613)
	at utils.Reporter.reportStep(Reporter.java:20)
	at wrappers.GenericWrappers.takeSnap(GenericWrappers.java:613)
	at utils.Reporter.reportStep(Reporter.java:20)
	at wrappers.GenericWrappers.takeSnap(GenericWrappers.java:613)
	at utils.Reporter.reportStep(Reporter.java:20)
	at wrappers.GenericWrappers.takeSnap(GenericWrappers.java:613)
	at utils.Reporter.reportStep(Reporter.java:20)
	at wrappers.GenericWrappers.takeSnap(GenericWrappers.java:613)
	at utils.Reporter.reportStep(Reporter.java:20)
	at wrappers.GenericWrappers.takeSnap(GenericWrappers.java:613)
	at utils.Reporter.reportStep(Reporter.java:20)
	at wrappers.GenericWrappers.takeSnap(GenericWrappers.java:613)
	at utils.Reporter.reportStep(Reporter.java:20)
	at wrappers.GenericWrappers.takeSnap(GenericWrappers.java:613)
	at utils.Reporter.reportStep(Reporter.java:20)
	at wrappers.GenericWrappers.takeSnap(GenericWrappers.java:613)
	at utils.Reporter.reportStep(Reporter.java:20)
	at wrappers.GenericWrappers.takeSnap(GenericWrappers.java:613)
	at utils.Reporter.reportStep(Reporter.java:20)
	at wrappers.GenericWrappers.takeSnap(GenericWrappers.java:613)
	at utils.Reporter.reportStep(Reporter.java:20)
	at wrappers.GenericWrappers.takeSnap(GenericWrappers.java:613)
	at utils.Reporter.reportStep(Reporter.java:20)
	at wrappers.GenericWrappers.takeSnap(GenericWrappers.java:613)
	at utils.Reporter.reportStep(Reporter.java:20)
	at wrappers.GenericWrappers.takeSnap(GenericWrappers.java:613)
	at utils.Reporter.reportStep(Reporter.java:20)
	at wrappers.GenericWrappers.takeSnap(GenericWrappers.java:613)
	at utils.Reporter.reportStep(Reporter.java:20)
	at wrappers.GenericWrappers.takeSnap(GenericWrappers.java:613)
	at utils.Reporter.reportStep(Reporter.java:20)
	at wrappers.GenericWrappers.takeSnap(GenericWrappers.java:613)
	at utils.Reporter.reportStep(Reporter.java:20)
	at wrappers.GenericWrappers.takeSnap(GenericWrappers.java:613)
	at utils.Reporter.reportStep(Reporter.java:20)
	at wrappers.GenericWrappers.takeSnap(GenericWrappers.java:613)
	at utils.Reporter.reportStep(Reporter.java:20)
	at wrappers.GenericWrappers.takeSnap(GenericWrappers.java:613)
	at utils.Reporter.reportStep(Reporter.java:20)
	at wrappers.GenericWrappers.takeSnap(GenericWrappers.java:613)
	at utils.Reporter.reportStep(Reporter.java:20)
	at wrappers.GenericWrappers.takeSnap(GenericWrappers.java:613)
	at utils.Reporter.reportStep(Reporter.java:20)
	at wrappers.GenericWrappers.takeSnap(GenericWrappers.java:613)
	at utils.Reporter.reportStep(Reporter.java:20)
	at wrappers.GenericWrappers.takeSnap(GenericWrappers.java:613)
	at utils.Reporter.reportStep(Reporter.java:20)
	at wrappers.GenericWrappers.takeSnap(GenericWrappers.java:613)
	at utils.Reporter.reportStep(Reporter.java:20)
	at wrappers.GenericWrappers.takeSnap(GenericWrappers.java:613)
	at utils.Reporter.reportStep(Reporter.java:20)
	at wrappers.GenericWrappers.takeSnap(GenericWrappers.java:613)
	at utils.Reporter.reportStep(Reporter.java:20)
	at wrappers.GenericWrappers.takeSnap(GenericWrappers.java:613)
	at utils.Reporter.reportStep(Reporter.java:20)
	at wrappers.GenericWrappers.takeSnap(GenericWrappers.java:613)
	at utils.Reporter.reportStep(Reporter.java:20)
	at wrappers.GenericWrappers.takeSnap(GenericWrappers.java:613)
	at utils.Reporter.reportStep(Reporter.java:20)
	at wrappers.GenericWrappers.takeSnap(GenericWrappers.java:613)
	at utils.Reporter.reportStep(Reporter.java:20)
	at wrappers.GenericWrappers.takeSnap(GenericWrappers.java:613)
	at utils.Reporter.reportStep(Reporter.java:20)
	at wrappers.GenericWrappers.takeSnap(GenericWrappers.java:613)
	at utils.Reporter.reportStep(Reporter.java:20)
	at wrappers.GenericWrappers.takeSnap(GenericWrappers.java:613)
	at utils.Reporter.reportStep(Reporter.java:20)
	at wrappers.GenericWrappers.takeSnap(GenericWrappers.java:613)
	at utils.Reporter.reportStep(Reporter.java:20)
	at wrappers.GenericWrappers.takeSnap(GenericWrappers.java:613)
	at utils.Reporter.reportStep(Reporter.java:20)
	at wrappers.GenericWrappers.takeSnap(GenericWrappers.java:613)
	at utils.Reporter.reportStep(Reporter.java:20)
	at wrappers.GenericWrappers.takeSnap(GenericWrappers.java:613)
	at utils.Reporter.reportStep(Reporter.java:20)
	at wrappers.GenericWrappers.takeSnap(GenericWrappers.java:613)
	at utils.Reporter.reportStep(Reporter.java:20)
	at wrappers.GenericWrappers.takeSnap(GenericWrappers.java:613)
	at utils.Reporter.reportStep(Reporter.java:20)
	at wrappers.GenericWrappers.takeSnap(GenericWrappers.java:613)
	at utils.Reporter.reportStep(Reporter.java:20)
	at wrappers.GenericWrappers.takeSnap(GenericWrappers.java:613)
	at utils.Reporter.reportStep(Reporter.java:20)
	at wrappers.GenericWrappers.takeSnap(GenericWrappers.java:613)
	at utils.Reporter.reportStep(Reporter.java:20)
	at wrappers.GenericWrappers.takeSnap(GenericWrappers.java:613)
	at utils.Reporter.reportStep(Reporter.java:20)
	at wrappers.GenericWrappers.takeSnap(GenericWrappers.java:613)
	at utils.Reporter.reportStep(Reporter.java:20)
	at wrappers.GenericWrappers.takeSnap(GenericWrappers.java:613)
	at utils.Reporter.reportStep(Reporter.java:20)
	at wrappers.GenericWrappers.takeSnap(GenericWrappers.java:613)
	at utils.Reporter.reportStep(Reporter.java:20)
	at wrappers.GenericWrappers.takeSnap(GenericWrappers.java:613)
	at utils.Reporter.reportStep(Reporter.java:20)
	at wrappers.GenericWrappers.takeSnap(GenericWrappers.java:613)
	at utils.Reporter.reportStep(Reporter.java:20)
	at wrappers.GenericWrappers.takeSnap(GenericWrappers.java:613)
	at utils.Reporter.reportStep(Reporter.java:20)
	at wrappers.GenericWrappers.takeSnap(GenericWrappers.java:613)
	at utils.Reporter.reportStep(Reporter.java:20)
	at wrappers.GenericWrappers.takeSnap(GenericWrappers.java:613)
	at utils.Reporter.reportStep(Reporter.java:20)
	at wrappers.GenericWrappers.takeSnap(GenericWrappers.java:613)
	at utils.Reporter.reportStep(Reporter.java:20)
	at wrappers.GenericWrappers.takeSnap(GenericWrappers.java:613)
	at utils.Reporter.reportStep(Reporter.java:20)
	at wrappers.GenericWrappers.takeSnap(GenericWrappers.java:613)
	at utils.Reporter.reportStep(Reporter.java:20)
	at wrappers.GenericWrappers.takeSnap(GenericWrappers.java:613)
	at utils.Reporter.reportStep(Reporter.java:20)
	at wrappers.GenericWrappers.takeSnap(GenericWrappers.java:613)
	at utils.Reporter.reportStep(Reporter.java:20)
	at wrappers.GenericWrappers.takeSnap(GenericWrappers.java:613)
	at utils.Reporter.reportStep(Reporter.java:20)
	at wrappers.GenericWrappers.takeSnap(GenericWrappers.java:613)
	at utils.Reporter.reportStep(Reporter.java:20)
	at wrappers.GenericWrappers.takeSnap(GenericWrappers.java:613)
	at utils.Reporter.reportStep(Reporter.java:20)
	at wrappers.GenericWrappers.takeSnap(GenericWrappers.java:613)
	at utils.Reporter.reportStep(Reporter.java:20)
	at wrappers.GenericWrappers.takeSnap(GenericWrappers.java:613)
	at utils.Reporter.reportStep(Reporter.java:20)
	at wrappers.GenericWrappers.takeSnap(GenericWrappers.java:613)
	at utils.Reporter.reportStep(Reporter.java:20)
	at wrappers.GenericWrappers.takeSnap(GenericWrappers.java:613)
	at utils.Reporter.reportStep(Reporter.java:20)
	at wrappers.GenericWrappers.takeSnap(GenericWrappers.java:613)
	at utils.Reporter.reportStep(Reporter.java:20)
	at wrappers.GenericWrappers.takeSnap(GenericWrappers.java:613)
	at utils.Reporter.reportStep(Reporter.java:20)
	at wrappers.GenericWrappers.takeSnap(GenericWrappers.java:613)
	at utils.Reporter.reportStep(Reporter.java:20)
	at wrappers.GenericWrappers.takeSnap(GenericWrappers.java:613)
	at utils.Reporter.reportStep(Reporter.java:20)
	at wrappers.GenericWrappers.takeSnap(GenericWrappers.java:613)
	at utils.Reporter.reportStep(Reporter.java:20)
	at wrappers.GenericWrappers.takeSnap(GenericWrappers.java:613)
	at utils.Reporter.reportStep(Reporter.java:20)
	at wrappers.GenericWrappers.takeSnap(GenericWrappers.java:613)
	at utils.Reporter.reportStep(Reporter.java:20)
	at wrappers.GenericWrappers.takeSnap(GenericWrappers.java:613)
	at utils.Reporter.reportStep(Reporter.java:20)
	at wrappers.GenericWrappers.takeSnap(GenericWrappers.java:613)
	at utils.Reporter.reportStep(Reporter.java:20)
	at wrappers.GenericWrappers.takeSnap(GenericWrappers.java:613)
	at utils.Reporter.reportStep(Reporter.java:20)
	at wrappers.GenericWrappers.takeSnap(GenericWrappers.java:613)
	at utils.Reporter.reportStep(Reporter.java:20)
	at wrappers.GenericWrappers.takeSnap(GenericWrappers.java:613)
	at utils.Reporter.reportStep(Reporter.java:20)
	at wrappers.GenericWrappers.takeSnap(GenericWrappers.java:613)
	at utils.Reporter.reportStep(Reporter.java:20)
	at wrappers.GenericWrappers.takeSnap(GenericWrappers.java:613)
	at utils.Reporter.reportStep(Reporter.java:20)
	at wrappers.GenericWrappers.takeSnap(GenericWrappers.java:613)
	at utils.Reporter.reportStep(Reporter.java:20)
	at wrappers.GenericWrappers.takeSnap(GenericWrappers.java:613)
	at utils.Reporter.reportStep(Reporter.java:20)
	at wrappers.GenericWrappers.takeSnap(GenericWrappers.java:613)
	at utils.Reporter.reportStep(Reporter.java:20)
	at wrappers.GenericWrappers.takeSnap(GenericWrappers.java:613)
	at utils.Reporter.reportStep(Reporter.java:20)
	at wrappers.GenericWrappers.takeSnap(GenericWrappers.java:613)
	at utils.Reporter.reportStep(Reporter.java:20)
	at wrappers.GenericWrappers.takeSnap(GenericWrappers.java:613)
	at utils.Reporter.reportStep(Reporter.java:20)
	at wrappers.GenericWrappers.takeSnap(GenericWrappers.java:613)
	at utils.Reporter.reportStep(Reporter.java:20)
	at wrappers.GenericWrappers.takeSnap(GenericWrappers.java:613)
	at utils.Reporter.reportStep(Reporter.java:20)
	at wrappers.GenericWrappers.takeSnap(GenericWrappers.java:613)
	at utils.Reporter.reportStep(Reporter.java:20)
	at wrappers.GenericWrappers.takeSnap(GenericWrappers.java:613)
	at utils.Reporter.reportStep(Reporter.java:20)
	at wrappers.GenericWrappers.takeSnap(GenericWrappers.java:613)
	at utils.Reporter.reportStep(Reporter.java:20)
	at wrappers.GenericWrappers.takeSnap(GenericWrappers.java:613)
	at utils.Reporter.reportStep(Reporter.java:20)
	at wrappers.GenericWrappers.takeSnap(GenericWrappers.java:613)
	at utils.Reporter.reportStep(Reporter.java:20)
	at wrappers.GenericWrappers.takeSnap(GenericWrappers.java:613)
	at utils.Reporter.reportStep(Reporter.java:20)
	at wrappers.GenericWrappers.takeSnap(GenericWrappers.java:613)
	at utils.Reporter.reportStep(Reporter.java:20)
	at wrappers.GenericWrappers.takeSnap(GenericWrappers.java:613)
	at utils.Reporter.reportStep(Reporter.java:20)
	at wrappers.GenericWrappers.takeSnap(GenericWrappers.java:613)
	at utils.Reporter.reportStep(Reporter.java:20)
	at wrappers.GenericWrappers.takeSnap(GenericWrappers.java:613)
	at utils.Reporter.reportStep(Reporter.java:20)
	at wrappers.GenericWrappers.takeSnap(GenericWrappers.java:613)
	at utils.Reporter.reportStep(Reporter.java:20)
	at wrappers.GenericWrappers.takeSnap(GenericWrappers.java:613)
	at utils.Reporter.reportStep(Reporter.java:20)
	at wrappers.GenericWrappers.takeSnap(GenericWrappers.java:613)
	at utils.Reporter.reportStep(Reporter.java:20)
	at wrappers.GenericWrappers.takeSnap(GenericWrappers.java:613)
	at utils.Reporter.reportStep(Reporter.java:20)
	at wrappers.GenericWrappers.takeSnap(GenericWrappers.java:613)
	at utils.Reporter.reportStep(Reporter.java:20)
	at wrappers.GenericWrappers.takeSnap(GenericWrappers.java:613)
	at utils.Reporter.reportStep(Reporter.java:20)
	at wrappers.GenericWrappers.takeSnap(GenericWrappers.java:613)
	at utils.Reporter.reportStep(Reporter.java:20)
	at wrappers.GenericWrappers.takeSnap(GenericWrappers.java:613)
	at utils.Reporter.reportStep(Reporter.java:20)
	at wrappers.GenericWrappers.takeSnap(GenericWrappers.java:613)
	at utils.Reporter.reportStep(Reporter.java:20)
	at wrappers.GenericWrappers.takeSnap(GenericWrappers.java:613)
	at utils.Reporter.reportStep(Reporter.java:20)
	at wrappers.GenericWrappers.takeSnap(GenericWrappers.java:613)
	at utils.Reporter.reportStep(Reporter.java:20)
	at wrappers.GenericWrappers.takeSnap(GenericWrappers.java:613)
	at utils.Reporter.reportStep(Reporter.java:20)
	at wrappers.GenericWrappers.takeSnap(GenericWrappers.java:613)
	at utils.Reporter.reportStep(Reporter.java:20)
	at wrappers.GenericWrappers.takeSnap(GenericWrappers.java:613)
	at utils.Reporter.reportStep(Reporter.java:20)
	at wrappers.GenericWrappers.takeSnap(GenericWrappers.java:613)
	at utils.Reporter.reportStep(Reporter.java:20)
	at wrappers.GenericWrappers.takeSnap(GenericWrappers.java:613)
	at utils.Reporter.reportStep(Reporter.java:20)
	at wrappers.GenericWrappers.takeSnap(GenericWrappers.java:613)
	at utils.Reporter.reportStep(Reporter.java:20)
	at wrappers.GenericWrappers.takeSnap(GenericWrappers.java:613)
	at utils.Reporter.reportStep(Reporter.java:20)
	at wrappers.GenericWrappers.takeSnap(GenericWrappers.java:613)
	at utils.Reporter.reportStep(Reporter.java:20)
	at wrappers.GenericWrappers.takeSnap(GenericWrappers.java:613)
	at utils.Reporter.reportStep(Reporter.java:20)
	at wrappers.GenericWrappers.takeSnap(GenericWrappers.java:613)
	at utils.Reporter.reportStep(Reporter.java:20)
	at wrappers.GenericWrappers.takeSnap(GenericWrappers.java:613)
	at utils.Reporter.reportStep(Reporter.java:20)
	at wrappers.GenericWrappers.takeSnap(GenericWrappers.java:613)
	at utils.Reporter.reportStep(Reporter.java:20)
	at wrappers.GenericWrappers.takeSnap(GenericWrappers.java:613)
	at utils.Reporter.reportStep(Reporter.java:20)
	at wrappers.GenericWrappers.takeSnap(GenericWrappers.java:613)
	at utils.Reporter.reportStep(Reporter.java:20)
	at wrappers.GenericWrappers.takeSnap(GenericWrappers.java:613)
	at utils.Reporter.reportStep(Reporter.java:20)
	at wrappers.GenericWrappers.takeSnap(GenericWrappers.java:613)
	at utils.Reporter.reportStep(Reporter.java:20)
	at wrappers.GenericWrappers.takeSnap(GenericWrappers.java:613)
	at utils.Reporter.reportStep(Reporter.java:20)
	at wrappers.GenericWrappers.takeSnap(GenericWrappers.java:613)
	at utils.Reporter.reportStep(Reporter.java:20)
	at wrappers.GenericWrappers.takeSnap(GenericWrappers.java:613)
	at utils.Reporter.reportStep(Reporter.java:20)
	at wrappers.GenericWrappers.takeSnap(GenericWrappers.java:613)
	at utils.Reporter.reportStep(Reporter.java:20)
	at wrappers.GenericWrappers.takeSnap(GenericWrappers.java:613)
	at utils.Reporter.reportStep(Reporter.java:20)
	at wrappers.GenericWrappers.takeSnap(GenericWrappers.java:613)
	at utils.Reporter.reportStep(Reporter.java:20)
	at wrappers.GenericWrappers.takeSnap(GenericWrappers.java:613)
	at utils.Reporter.reportStep(Reporter.java:20)
	at wrappers.GenericWrappers.takeSnap(GenericWrappers.java:613)
	at utils.Reporter.reportStep(Reporter.java:20)
	at wrappers.GenericWrappers.takeSnap(GenericWrappers.java:613)
	at utils.Reporter.reportStep(Reporter.java:20)
	at wrappers.GenericWrappers.takeSnap(GenericWrappers.java:613)
	at utils.Reporter.reportStep(Reporter.java:20)
	at wrappers.GenericWrappers.takeSnap(GenericWrappers.java:613)
	at utils.Reporter.reportStep(Reporter.java:20)
	at wrappers.GenericWrappers.takeSnap(GenericWrappers.java:613)
	at utils.Reporter.reportStep(Reporter.java:20)
	at wrappers.GenericWrappers.takeSnap(GenericWrappers.java:613)
	at utils.Reporter.reportStep(Reporter.java:20)
	at wrappers.GenericWrappers.takeSnap(GenericWrappers.java:613)
	at utils.Reporter.reportStep(Reporter.java:20)
	at wrappers.GenericWrappers.takeSnap(GenericWrappers.java:613)
	at utils.Reporter.reportStep(Reporter.java:20)
	at wrappers.GenericWrappers.takeSnap(GenericWrappers.java:613)
	at utils.Reporter.reportStep(Reporter.java:20)
	at wrappers.GenericWrappers.takeSnap(GenericWrappers.java:613)
	at utils.Reporter.reportStep(Reporter.java:20)
	at wrappers.GenericWrappers.takeSnap(GenericWrappers.java:613)
	at utils.Reporter.reportStep(Reporter.java:20)
	at wrappers.GenericWrappers.takeSnap(GenericWrappers.java:613)
	at utils.Reporter.reportStep(Reporter.java:20)
	at wrappers.GenericWrappers.takeSnap(GenericWrappers.java:613)
	at utils.Reporter.reportStep(Reporter.java:20)
	at wrappers.GenericWrappers.takeSnap(GenericWrappers.java:613)
	at utils.Reporter.reportStep(Reporter.java:20)
	at wrappers.GenericWrappers.takeSnap(GenericWrappers.java:613)
	at utils.Reporter.reportStep(Reporter.java:20)
	at wrappers.GenericWrappers.takeSnap(GenericWrappers.java:613)
	at utils.Reporter.reportStep(Reporter.java:20)
	at wrappers.GenericWrappers.takeSnap(GenericWrappers.java:613)
	at utils.Reporter.reportStep(Reporter.java:20)
	at wrappers.GenericWrappers.takeSnap(GenericWrappers.java:613)
	at utils.Reporter.reportStep(Reporter.java:20)
	at wrappers.GenericWrappers.takeSnap(GenericWrappers.java:613)
	at utils.Reporter.reportStep(Reporter.java:20)
	at wrappers.GenericWrappers.takeSnap(GenericWrappers.java:613)
	at utils.Reporter.reportStep(Reporter.java:20)
	at wrappers.GenericWrappers.takeSnap(GenericWrappers.java:613)
	at utils.Reporter.reportStep(Reporter.java:20)
	at wrappers.GenericWrappers.takeSnap(GenericWrappers.java:613)
	at utils.Reporter.reportStep(Reporter.java:20)
	at wrappers.GenericWrappers.takeSnap(GenericWrappers.java:613)
	at utils.Reporter.reportStep(Reporter.java:20)
	at wrappers.GenericWrappers.takeSnap(GenericWrappers.java:613)
	at utils.Reporter.reportStep(Reporter.java:20)
	at wrappers.GenericWrappers.takeSnap(GenericWrappers.java:613)
	at utils.Reporter.reportStep(Reporter.java:20)
	at wrappers.GenericWrappers.takeSnap(GenericWrappers.java:613)
	at utils.Reporter.reportStep(Reporter.java:20)
	at wrappers.GenericWrappers.takeSnap(GenericWrappers.java:613)
	at utils.Reporter.reportStep(Reporter.java:20)
	at wrappers.GenericWrappers.takeSnap(GenericWrappers.java:613)
	at utils.Reporter.reportStep(Reporter.java:20)
	at wrappers.GenericWrappers.takeSnap(GenericWrappers.java:613)
	at utils.Reporter.reportStep(Reporter.java:20)
	at wrappers.GenericWrappers.takeSnap(GenericWrappers.java:613)
	at utils.Reporter.reportStep(Reporter.java:20)
	at wrappers.GenericWrappers.takeSnap(GenericWrappers.java:613)
	at utils.Reporter.reportStep(Reporter.java:20)
	at wrappers.GenericWrappers.takeSnap(GenericWrappers.java:613)
	at utils.Reporter.reportStep(Reporter.java:20)
	at wrappers.GenericWrappers.takeSnap(GenericWrappers.java:613)
	at utils.Reporter.reportStep(Reporter.java:20)
	at wrappers.GenericWrappers.takeSnap(GenericWrappers.java:613)
	at utils.Reporter.reportStep(Reporter.java:20)
	at wrappers.GenericWrappers.takeSnap(GenericWrappers.java:613)
	at utils.Reporter.reportStep(Reporter.java:20)
	at wrappers.GenericWrappers.takeSnap(GenericWrappers.java:613)
	at utils.Reporter.reportStep(Reporter.java:20)
	at wrappers.GenericWrappers.takeSnap(GenericWrappers.java:613)
	at utils.Reporter.reportStep(Reporter.java:20)
	at wrappers.GenericWrappers.takeSnap(GenericWrappers.java:613)
	at utils.Reporter.reportStep(Reporter.java:20)
	at wrappers.GenericWrappers.takeSnap(GenericWrappers.java:613)
	at utils.Reporter.reportStep(Reporter.java:20)
	at wrappers.GenericWrappers.takeSnap(GenericWrappers.java:613)
	at utils.Reporter.reportStep(Reporter.java:20)
	at wrappers.GenericWrappers.takeSnap(GenericWrappers.java:613)
	at utils.Reporter.reportStep(Reporter.java:20)
	at wrappers.GenericWrappers.takeSnap(GenericWrappers.java:613)
	at utils.Reporter.reportStep(Reporter.java:20)
	at wrappers.GenericWrappers.takeSnap(GenericWrappers.java:613)
	at utils.Reporter.reportStep(Reporter.java:20)
	at wrappers.GenericWrappers.takeSnap(GenericWrappers.java:613)
	at utils.Reporter.reportStep(Reporter.java:20)
	at wrappers.GenericWrappers.takeSnap(GenericWrappers.java:613)
	at utils.Reporter.reportStep(Reporter.java:20)
	at wrappers.GenericWrappers.takeSnap(GenericWrappers.java:613)
	at utils.Reporter.reportStep(Reporter.java:20)
	at wrappers.GenericWrappers.takeSnap(GenericWrappers.java:613)
	at utils.Reporter.reportStep(Reporter.java:20)
	at wrappers.GenericWrappers.takeSnap(GenericWrappers.java:613)
	at utils.Reporter.reportStep(Reporter.java:20)
	at wrappers.GenericWrappers.takeSnap(GenericWrappers.java:613)
	at utils.Reporter.reportStep(Reporter.java:20)
	at wrappers.GenericWrappers.takeSnap(GenericWrappers.java:613)
	at utils.Reporter.reportStep(Reporter.java:20)
	at wrappers.GenericWrappers.takeSnap(GenericWrappers.java:613)
	at utils.Reporter.reportStep(Reporter.java:20)
	at wrappers.GenericWrappers.takeSnap(GenericWrappers.java:613)
	at utils.Reporter.reportStep(Reporter.java:20)
	at wrappers.GenericWrappers.takeSnap(GenericWrappers.java:613)
	at utils.Reporter.reportStep(Reporter.java:20)
	at wrappers.GenericWrappers.takeSnap(GenericWrappers.java:613)
	at utils.Reporter.reportStep(Reporter.java:20)
	at wrappers.GenericWrappers.takeSnap(GenericWrappers.java:613)
	at utils.Reporter.reportStep(Reporter.java:20)
	at wrappers.GenericWrappers.takeSnap(GenericWrappers.java:613)
	at utils.Reporter.reportStep(Reporter.java:20)
	at wrappers.GenericWrappers.takeSnap(GenericWrappers.java:613)
	at utils.Reporter.reportStep(Reporter.java:20)
	at wrappers.GenericWrappers.takeSnap(GenericWrappers.java:613)
	at utils.Reporter.reportStep(Reporter.java:20)
	at wrappers.GenericWrappers.takeSnap(GenericWrappers.java:613)
	at utils.Reporter.reportStep(Reporter.java:20)
	at wrappers.GenericWrappers.takeSnap(GenericWrappers.java:613)
	at utils.Reporter.reportStep(Reporter.java:20)
	at wrappers.GenericWrappers.takeSnap(GenericWrappers.java:613)
	at utils.Reporter.reportStep(Reporter.java:20)
	at wrappers.GenericWrappers.takeSnap(GenericWrappers.java:613)
	at utils.Reporter.reportStep(Reporter.java:20)
	at wrappers.GenericWrappers.takeSnap(GenericWrappers.java:613)
	at utils.Reporter.reportStep(Reporter.java:20)
	at wrappers.GenericWrappers.takeSnap(GenericWrappers.java:613)
	at utils.Reporter.reportStep(Reporter.java:20)
	at wrappers.GenericWrappers.takeSnap(GenericWrappers.java:613)
	at utils.Reporter.reportStep(Reporter.java:20)
	at wrappers.GenericWrappers.takeSnap(GenericWrappers.java:613)
	at utils.Reporter.reportStep(Reporter.java:20)
	at wrappers.GenericWrappers.takeSnap(GenericWrappers.java:613)
	at utils.Reporter.reportStep(Reporter.java:20)
	at wrappers.GenericWrappers.takeSnap(GenericWrappers.java:613)
	at utils.Reporter.reportStep(Reporter.java:20)
	at wrappers.GenericWrappers.takeSnap(GenericWrappers.java:613)
	at utils.Reporter.reportStep(Reporter.java:20)
	at wrappers.GenericWrappers.takeSnap(GenericWrappers.java:613)
	at utils.Reporter.reportStep(Reporter.java:20)
	at wrappers.GenericWrappers.takeSnap(GenericWrappers.java:613)
	at utils.Reporter.reportStep(Reporter.java:20)
	at wrappers.GenericWrappers.takeSnap(GenericWrappers.java:613)
	at utils.Reporter.reportStep(Reporter.java:20)
	at wrappers.GenericWrappers.takeSnap(GenericWrappers.java:613)
	at utils.Reporter.reportStep(Reporter.java:20)
	at wrappers.GenericWrappers.takeSnap(GenericWrappers.java:613)
	at utils.Reporter.reportStep(Reporter.java:20)
	at wrappers.GenericWrappers.takeSnap(GenericWrappers.java:613)
	at utils.Reporter.reportStep(Reporter.java:20)
	at wrappers.GenericWrappers.takeSnap(GenericWrappers.java:613)
	at utils.Reporter.reportStep(Reporter.java:20)
	at wrappers.GenericWrappers.takeSnap(GenericWrappers.java:613)
	at utils.Reporter.reportStep(Reporter.java:20)
	at wrappers.GenericWrappers.takeSnap(GenericWrappers.java:613)
	at utils.Reporter.reportStep(Reporter.java:20)
	at wrappers.GenericWrappers.takeSnap(GenericWrappers.java:613)
	at utils.Reporter.reportStep(Reporter.java:20)
	at wrappers.GenericWrappers.takeSnap(GenericWrappers.java:613)
	at utils.Reporter.reportStep(Reporter.java:20)
	at wrappers.GenericWrappers.takeSnap(GenericWrappers.java:613)
	at utils.Reporter.reportStep(Reporter.java:20)
	at wrappers.GenericWrappers.takeSnap(GenericWrappers.java:613)
	at utils.Reporter.reportStep(Reporter.java:20)
	at wrappers.GenericWrappers.takeSnap(GenericWrappers.java:613)
	at utils.Reporter.reportStep(Reporter.java:20)
	at wrappers.GenericWrappers.takeSnap(GenericWrappers.java:613)
	at utils.Reporter.reportStep(Reporter.java:20)
	at wrappers.GenericWrappers.takeSnap(GenericWrappers.java:613)
	at utils.Reporter.reportStep(Reporter.java:20)
	at wrappers.GenericWrappers.takeSnap(GenericWrappers.java:613)
]]>
    </error>
  </testcase> <!-- login -->
  <testcase name="login" time="0.000" classname="testCases.TC001_Login">
    <error type="java.lang.StackOverflowError">
      <![CDATA[java.lang.StackOverflowError
	at java.util.regex.Pattern$Branch.match(Unknown Source)
	at java.util.regex.Pattern$BranchConn.match(Unknown Source)
	at java.util.regex.Pattern$GroupTail.match(Unknown Source)
	at java.util.regex.Pattern$Curly.match0(Unknown Source)
	at java.util.regex.Pattern$Curly.match(Unknown Source)
	at java.util.regex.Pattern$GroupHead.match(Unknown Source)
	at java.util.regex.Pattern$Branch.match(Unknown Source)
	at java.util.regex.Pattern$Branch.match(Unknown Source)
	at java.util.regex.Pattern$BmpCharProperty.match(Unknown Source)
	at java.util.regex.Pattern$Start.match(Unknown Source)
	at java.util.regex.Matcher.search(Unknown Source)
	at java.util.regex.Matcher.find(Unknown Source)
	at java.util.Formatter.parse(Unknown Source)
	at java.util.Formatter.format(Unknown Source)
	at java.util.Formatter.format(Unknown Source)
	at java.lang.String.format(Unknown Source)
	at org.openqa.selenium.remote.RemoteWebDriver.execute(RemoteWebDriver.java:549)
	at org.openqa.selenium.remote.RemoteWebDriver.execute(RemoteWebDriver.java:609)
	at org.openqa.selenium.remote.RemoteWebDriver.getScreenshotAs(RemoteWebDriver.java:295)
	at wrappers.GenericWrappers.takeSnap(GenericWrappers.java:610)
	at utils.Reporter.reportStep(Reporter.java:20)
	at wrappers.GenericWrappers.takeSnap(GenericWrappers.java:613)
	at utils.Reporter.reportStep(Reporter.java:20)
	at wrappers.GenericWrappers.takeSnap(GenericWrappers.java:613)
	at utils.Reporter.reportStep(Reporter.java:20)
	at wrappers.GenericWrappers.takeSnap(GenericWrappers.java:613)
	at utils.Reporter.reportStep(Reporter.java:20)
	at wrappers.GenericWrappers.takeSnap(GenericWrappers.java:613)
	at utils.Reporter.reportStep(Reporter.java:20)
	at wrappers.GenericWrappers.takeSnap(GenericWrappers.java:613)
	at utils.Reporter.reportStep(Reporter.java:20)
	at wrappers.GenericWrappers.takeSnap(GenericWrappers.java:613)
	at utils.Reporter.reportStep(Reporter.java:20)
	at wrappers.GenericWrappers.takeSnap(GenericWrappers.java:613)
	at utils.Reporter.reportStep(Reporter.java:20)
	at wrappers.GenericWrappers.takeSnap(GenericWrappers.java:613)
	at utils.Reporter.reportStep(Reporter.java:20)
	at wrappers.GenericWrappers.takeSnap(GenericWrappers.java:613)
	at utils.Reporter.reportStep(Reporter.java:20)
	at wrappers.GenericWrappers.takeSnap(GenericWrappers.java:613)
	at utils.Reporter.reportStep(Reporter.java:20)
	at wrappers.GenericWrappers.takeSnap(GenericWrappers.java:613)
	at utils.Reporter.reportStep(Reporter.java:20)
	at wrappers.GenericWrappers.takeSnap(GenericWrappers.java:613)
	at utils.Reporter.reportStep(Reporter.java:20)
	at wrappers.GenericWrappers.takeSnap(GenericWrappers.java:613)
	at utils.Reporter.reportStep(Reporter.java:20)
	at wrappers.GenericWrappers.takeSnap(GenericWrappers.java:613)
	at utils.Reporter.reportStep(Reporter.java:20)
	at wrappers.GenericWrappers.takeSnap(GenericWrappers.java:613)
	at utils.Reporter.reportStep(Reporter.java:20)
	at wrappers.GenericWrappers.takeSnap(GenericWrappers.java:613)
	at utils.Reporter.reportStep(Reporter.java:20)
	at wrappers.GenericWrappers.takeSnap(GenericWrappers.java:613)
	at utils.Reporter.reportStep(Reporter.java:20)
	at wrappers.GenericWrappers.takeSnap(GenericWrappers.java:613)
	at utils.Reporter.reportStep(Reporter.java:20)
	at wrappers.GenericWrappers.takeSnap(GenericWrappers.java:613)
	at utils.Reporter.reportStep(Reporter.java:20)
	at wrappers.GenericWrappers.takeSnap(GenericWrappers.java:613)
	at utils.Reporter.reportStep(Reporter.java:20)
	at wrappers.GenericWrappers.takeSnap(GenericWrappers.java:613)
	at utils.Reporter.reportStep(Reporter.java:20)
	at wrappers.GenericWrappers.takeSnap(GenericWrappers.java:613)
	at utils.Reporter.reportStep(Reporter.java:20)
	at wrappers.GenericWrappers.takeSnap(GenericWrappers.java:613)
	at utils.Reporter.reportStep(Reporter.java:20)
	at wrappers.GenericWrappers.takeSnap(GenericWrappers.java:613)
	at utils.Reporter.reportStep(Reporter.java:20)
	at wrappers.GenericWrappers.takeSnap(GenericWrappers.java:613)
	at utils.Reporter.reportStep(Reporter.java:20)
	at wrappers.GenericWrappers.takeSnap(GenericWrappers.java:613)
	at utils.Reporter.reportStep(Reporter.java:20)
	at wrappers.GenericWrappers.takeSnap(GenericWrappers.java:613)
	at utils.Reporter.reportStep(Reporter.java:20)
	at wrappers.GenericWrappers.takeSnap(GenericWrappers.java:613)
	at utils.Reporter.reportStep(Reporter.java:20)
	at wrappers.GenericWrappers.takeSnap(GenericWrappers.java:613)
	at utils.Reporter.reportStep(Reporter.java:20)
	at wrappers.GenericWrappers.takeSnap(GenericWrappers.java:613)
	at utils.Reporter.reportStep(Reporter.java:20)
	at wrappers.GenericWrappers.takeSnap(GenericWrappers.java:613)
	at utils.Reporter.reportStep(Reporter.java:20)
	at wrappers.GenericWrappers.takeSnap(GenericWrappers.java:613)
	at utils.Reporter.reportStep(Reporter.java:20)
	at wrappers.GenericWrappers.takeSnap(GenericWrappers.java:613)
	at utils.Reporter.reportStep(Reporter.java:20)
	at wrappers.GenericWrappers.takeSnap(GenericWrappers.java:613)
	at utils.Reporter.reportStep(Reporter.java:20)
	at wrappers.GenericWrappers.takeSnap(GenericWrappers.java:613)
	at utils.Reporter.reportStep(Reporter.java:20)
	at wrappers.GenericWrappers.takeSnap(GenericWrappers.java:613)
	at utils.Reporter.reportStep(Reporter.java:20)
	at wrappers.GenericWrappers.takeSnap(GenericWrappers.java:613)
	at utils.Reporter.reportStep(Reporter.java:20)
	at wrappers.GenericWrappers.takeSnap(GenericWrappers.java:613)
	at utils.Reporter.reportStep(Reporter.java:20)
	at wrappers.GenericWrappers.takeSnap(GenericWrappers.java:613)
	at utils.Reporter.reportStep(Reporter.java:20)
	at wrappers.GenericWrappers.takeSnap(GenericWrappers.java:613)
	at utils.Reporter.reportStep(Reporter.java:20)
	at wrappers.GenericWrappers.takeSnap(GenericWrappers.java:613)
	at utils.Reporter.reportStep(Reporter.java:20)
	at wrappers.GenericWrappers.takeSnap(GenericWrappers.java:613)
	at utils.Reporter.reportStep(Reporter.java:20)
	at wrappers.GenericWrappers.takeSnap(GenericWrappers.java:613)
	at utils.Reporter.reportStep(Reporter.java:20)
	at wrappers.GenericWrappers.takeSnap(GenericWrappers.java:613)
	at utils.Reporter.reportStep(Reporter.java:20)
	at wrappers.GenericWrappers.takeSnap(GenericWrappers.java:613)
	at utils.Reporter.reportStep(Reporter.java:20)
	at wrappers.GenericWrappers.takeSnap(GenericWrappers.java:613)
	at utils.Reporter.reportStep(Reporter.java:20)
	at wrappers.GenericWrappers.takeSnap(GenericWrappers.java:613)
	at utils.Reporter.reportStep(Reporter.java:20)
	at wrappers.GenericWrappers.takeSnap(GenericWrappers.java:613)
	at utils.Reporter.reportStep(Reporter.java:20)
	at wrappers.GenericWrappers.takeSnap(GenericWrappers.java:613)
	at utils.Reporter.reportStep(Reporter.java:20)
	at wrappers.GenericWrappers.takeSnap(GenericWrappers.java:613)
	at utils.Reporter.reportStep(Reporter.java:20)
	at wrappers.GenericWrappers.takeSnap(GenericWrappers.java:613)
	at utils.Reporter.reportStep(Reporter.java:20)
	at wrappers.GenericWrappers.takeSnap(GenericWrappers.java:613)
	at utils.Reporter.reportStep(Reporter.java:20)
	at wrappers.GenericWrappers.takeSnap(GenericWrappers.java:613)
	at utils.Reporter.reportStep(Reporter.java:20)
	at wrappers.GenericWrappers.takeSnap(GenericWrappers.java:613)
	at utils.Reporter.reportStep(Reporter.java:20)
	at wrappers.GenericWrappers.takeSnap(GenericWrappers.java:613)
	at utils.Reporter.reportStep(Reporter.java:20)
	at wrappers.GenericWrappers.takeSnap(GenericWrappers.java:613)
	at utils.Reporter.reportStep(Reporter.java:20)
	at wrappers.GenericWrappers.takeSnap(GenericWrappers.java:613)
	at utils.Reporter.reportStep(Reporter.java:20)
	at wrappers.GenericWrappers.takeSnap(GenericWrappers.java:613)
	at utils.Reporter.reportStep(Reporter.java:20)
	at wrappers.GenericWrappers.takeSnap(GenericWrappers.java:613)
	at utils.Reporter.reportStep(Reporter.java:20)
	at wrappers.GenericWrappers.takeSnap(GenericWrappers.java:613)
	at utils.Reporter.reportStep(Reporter.java:20)
	at wrappers.GenericWrappers.takeSnap(GenericWrappers.java:613)
	at utils.Reporter.reportStep(Reporter.java:20)
	at wrappers.GenericWrappers.takeSnap(GenericWrappers.java:613)
	at utils.Reporter.reportStep(Reporter.java:20)
	at wrappers.GenericWrappers.takeSnap(GenericWrappers.java:613)
	at utils.Reporter.reportStep(Reporter.java:20)
	at wrappers.GenericWrappers.takeSnap(GenericWrappers.java:613)
	at utils.Reporter.reportStep(Reporter.java:20)
	at wrappers.GenericWrappers.takeSnap(GenericWrappers.java:613)
	at utils.Reporter.reportStep(Reporter.java:20)
	at wrappers.GenericWrappers.takeSnap(GenericWrappers.java:613)
	at utils.Reporter.reportStep(Reporter.java:20)
	at wrappers.GenericWrappers.takeSnap(GenericWrappers.java:613)
	at utils.Reporter.reportStep(Reporter.java:20)
	at wrappers.GenericWrappers.takeSnap(GenericWrappers.java:613)
	at utils.Reporter.reportStep(Reporter.java:20)
	at wrappers.GenericWrappers.takeSnap(GenericWrappers.java:613)
	at utils.Reporter.reportStep(Reporter.java:20)
	at wrappers.GenericWrappers.takeSnap(GenericWrappers.java:613)
	at utils.Reporter.reportStep(Reporter.java:20)
	at wrappers.GenericWrappers.takeSnap(GenericWrappers.java:613)
	at utils.Reporter.reportStep(Reporter.java:20)
	at wrappers.GenericWrappers.takeSnap(GenericWrappers.java:613)
	at utils.Reporter.reportStep(Reporter.java:20)
	at wrappers.GenericWrappers.takeSnap(GenericWrappers.java:613)
	at utils.Reporter.reportStep(Reporter.java:20)
	at wrappers.GenericWrappers.takeSnap(GenericWrappers.java:613)
	at utils.Reporter.reportStep(Reporter.java:20)
	at wrappers.GenericWrappers.takeSnap(GenericWrappers.java:613)
	at utils.Reporter.reportStep(Reporter.java:20)
	at wrappers.GenericWrappers.takeSnap(GenericWrappers.java:613)
	at utils.Reporter.reportStep(Reporter.java:20)
	at wrappers.GenericWrappers.takeSnap(GenericWrappers.java:613)
	at utils.Reporter.reportStep(Reporter.java:20)
	at wrappers.GenericWrappers.takeSnap(GenericWrappers.java:613)
	at utils.Reporter.reportStep(Reporter.java:20)
	at wrappers.GenericWrappers.takeSnap(GenericWrappers.java:613)
	at utils.Reporter.reportStep(Reporter.java:20)
	at wrappers.GenericWrappers.takeSnap(GenericWrappers.java:613)
	at utils.Reporter.reportStep(Reporter.java:20)
	at wrappers.GenericWrappers.takeSnap(GenericWrappers.java:613)
	at utils.Reporter.reportStep(Reporter.java:20)
	at wrappers.GenericWrappers.takeSnap(GenericWrappers.java:613)
	at utils.Reporter.reportStep(Reporter.java:20)
	at wrappers.GenericWrappers.takeSnap(GenericWrappers.java:613)
	at utils.Reporter.reportStep(Reporter.java:20)
	at wrappers.GenericWrappers.takeSnap(GenericWrappers.java:613)
	at utils.Reporter.reportStep(Reporter.java:20)
	at wrappers.GenericWrappers.takeSnap(GenericWrappers.java:613)
	at utils.Reporter.reportStep(Reporter.java:20)
	at wrappers.GenericWrappers.takeSnap(GenericWrappers.java:613)
	at utils.Reporter.reportStep(Reporter.java:20)
	at wrappers.GenericWrappers.takeSnap(GenericWrappers.java:613)
	at utils.Reporter.reportStep(Reporter.java:20)
	at wrappers.GenericWrappers.takeSnap(GenericWrappers.java:613)
	at utils.Reporter.reportStep(Reporter.java:20)
	at wrappers.GenericWrappers.takeSnap(GenericWrappers.java:613)
	at utils.Reporter.reportStep(Reporter.java:20)
	at wrappers.GenericWrappers.takeSnap(GenericWrappers.java:613)
	at utils.Reporter.reportStep(Reporter.java:20)
	at wrappers.GenericWrappers.takeSnap(GenericWrappers.java:613)
	at utils.Reporter.reportStep(Reporter.java:20)
	at wrappers.GenericWrappers.takeSnap(GenericWrappers.java:613)
	at utils.Reporter.reportStep(Reporter.java:20)
	at wrappers.GenericWrappers.takeSnap(GenericWrappers.java:613)
	at utils.Reporter.reportStep(Reporter.java:20)
	at wrappers.GenericWrappers.takeSnap(GenericWrappers.java:613)
	at utils.Reporter.reportStep(Reporter.java:20)
	at wrappers.GenericWrappers.takeSnap(GenericWrappers.java:613)
	at utils.Reporter.reportStep(Reporter.java:20)
	at wrappers.GenericWrappers.takeSnap(GenericWrappers.java:613)
	at utils.Reporter.reportStep(Reporter.java:20)
	at wrappers.GenericWrappers.takeSnap(GenericWrappers.java:613)
	at utils.Reporter.reportStep(Reporter.java:20)
	at wrappers.GenericWrappers.takeSnap(GenericWrappers.java:613)
	at utils.Reporter.reportStep(Reporter.java:20)
	at wrappers.GenericWrappers.takeSnap(GenericWrappers.java:613)
	at utils.Reporter.reportStep(Reporter.java:20)
	at wrappers.GenericWrappers.takeSnap(GenericWrappers.java:613)
	at utils.Reporter.reportStep(Reporter.java:20)
	at wrappers.GenericWrappers.takeSnap(GenericWrappers.java:613)
	at utils.Reporter.reportStep(Reporter.java:20)
	at wrappers.GenericWrappers.takeSnap(GenericWrappers.java:613)
	at utils.Reporter.reportStep(Reporter.java:20)
	at wrappers.GenericWrappers.takeSnap(GenericWrappers.java:613)
	at utils.Reporter.reportStep(Reporter.java:20)
	at wrappers.GenericWrappers.takeSnap(GenericWrappers.java:613)
	at utils.Reporter.reportStep(Reporter.java:20)
	at wrappers.GenericWrappers.takeSnap(GenericWrappers.java:613)
	at utils.Reporter.reportStep(Reporter.java:20)
	at wrappers.GenericWrappers.takeSnap(GenericWrappers.java:613)
	at utils.Reporter.reportStep(Reporter.java:20)
	at wrappers.GenericWrappers.takeSnap(GenericWrappers.java:613)
	at utils.Reporter.reportStep(Reporter.java:20)
	at wrappers.GenericWrappers.takeSnap(GenericWrappers.java:613)
	at utils.Reporter.reportStep(Reporter.java:20)
	at wrappers.GenericWrappers.takeSnap(GenericWrappers.java:613)
	at utils.Reporter.reportStep(Reporter.java:20)
	at wrappers.GenericWrappers.takeSnap(GenericWrappers.java:613)
	at utils.Reporter.reportStep(Reporter.java:20)
	at wrappers.GenericWrappers.takeSnap(GenericWrappers.java:613)
	at utils.Reporter.reportStep(Reporter.java:20)
	at wrappers.GenericWrappers.takeSnap(GenericWrappers.java:613)
	at utils.Reporter.reportStep(Reporter.java:20)
	at wrappers.GenericWrappers.takeSnap(GenericWrappers.java:613)
	at utils.Reporter.reportStep(Reporter.java:20)
	at wrappers.GenericWrappers.takeSnap(GenericWrappers.java:613)
	at utils.Reporter.reportStep(Reporter.java:20)
	at wrappers.GenericWrappers.takeSnap(GenericWrappers.java:613)
	at utils.Reporter.reportStep(Reporter.java:20)
	at wrappers.GenericWrappers.takeSnap(GenericWrappers.java:613)
	at utils.Reporter.reportStep(Reporter.java:20)
	at wrappers.GenericWrappers.takeSnap(GenericWrappers.java:613)
	at utils.Reporter.reportStep(Reporter.java:20)
	at wrappers.GenericWrappers.takeSnap(GenericWrappers.java:613)
	at utils.Reporter.reportStep(Reporter.java:20)
	at wrappers.GenericWrappers.takeSnap(GenericWrappers.java:613)
	at utils.Reporter.reportStep(Reporter.java:20)
	at wrappers.GenericWrappers.takeSnap(GenericWrappers.java:613)
	at utils.Reporter.reportStep(Reporter.java:20)
	at wrappers.GenericWrappers.takeSnap(GenericWrappers.java:613)
	at utils.Reporter.reportStep(Reporter.java:20)
	at wrappers.GenericWrappers.takeSnap(GenericWrappers.java:613)
	at utils.Reporter.reportStep(Reporter.java:20)
	at wrappers.GenericWrappers.takeSnap(GenericWrappers.java:613)
	at utils.Reporter.reportStep(Reporter.java:20)
	at wrappers.GenericWrappers.takeSnap(GenericWrappers.java:613)
	at utils.Reporter.reportStep(Reporter.java:20)
	at wrappers.GenericWrappers.takeSnap(GenericWrappers.java:613)
	at utils.Reporter.reportStep(Reporter.java:20)
	at wrappers.GenericWrappers.takeSnap(GenericWrappers.java:613)
	at utils.Reporter.reportStep(Reporter.java:20)
	at wrappers.GenericWrappers.takeSnap(GenericWrappers.java:613)
	at utils.Reporter.reportStep(Reporter.java:20)
	at wrappers.GenericWrappers.takeSnap(GenericWrappers.java:613)
	at utils.Reporter.reportStep(Reporter.java:20)
	at wrappers.GenericWrappers.takeSnap(GenericWrappers.java:613)
	at utils.Reporter.reportStep(Reporter.java:20)
	at wrappers.GenericWrappers.takeSnap(GenericWrappers.java:613)
	at utils.Reporter.reportStep(Reporter.java:20)
	at wrappers.GenericWrappers.takeSnap(GenericWrappers.java:613)
	at utils.Reporter.reportStep(Reporter.java:20)
	at wrappers.GenericWrappers.takeSnap(GenericWrappers.java:613)
	at utils.Reporter.reportStep(Reporter.java:20)
	at wrappers.GenericWrappers.takeSnap(GenericWrappers.java:613)
	at utils.Reporter.reportStep(Reporter.java:20)
	at wrappers.GenericWrappers.takeSnap(GenericWrappers.java:613)
	at utils.Reporter.reportStep(Reporter.java:20)
	at wrappers.GenericWrappers.takeSnap(GenericWrappers.java:613)
	at utils.Reporter.reportStep(Reporter.java:20)
	at wrappers.GenericWrappers.takeSnap(GenericWrappers.java:613)
	at utils.Reporter.reportStep(Reporter.java:20)
	at wrappers.GenericWrappers.takeSnap(GenericWrappers.java:613)
	at utils.Reporter.reportStep(Reporter.java:20)
	at wrappers.GenericWrappers.takeSnap(GenericWrappers.java:613)
	at utils.Reporter.reportStep(Reporter.java:20)
	at wrappers.GenericWrappers.takeSnap(GenericWrappers.java:613)
	at utils.Reporter.reportStep(Reporter.java:20)
	at wrappers.GenericWrappers.takeSnap(GenericWrappers.java:613)
	at utils.Reporter.reportStep(Reporter.java:20)
	at wrappers.GenericWrappers.takeSnap(GenericWrappers.java:613)
	at utils.Reporter.reportStep(Reporter.java:20)
	at wrappers.GenericWrappers.takeSnap(GenericWrappers.java:613)
	at utils.Reporter.reportStep(Reporter.java:20)
	at wrappers.GenericWrappers.takeSnap(GenericWrappers.java:613)
	at utils.Reporter.reportStep(Reporter.java:20)
	at wrappers.GenericWrappers.takeSnap(GenericWrappers.java:613)
	at utils.Reporter.reportStep(Reporter.java:20)
	at wrappers.GenericWrappers.takeSnap(GenericWrappers.java:613)
	at utils.Reporter.reportStep(Reporter.java:20)
	at wrappers.GenericWrappers.takeSnap(GenericWrappers.java:613)
	at utils.Reporter.reportStep(Reporter.java:20)
	at wrappers.GenericWrappers.takeSnap(GenericWrappers.java:613)
	at utils.Reporter.reportStep(Reporter.java:20)
	at wrappers.GenericWrappers.takeSnap(GenericWrappers.java:613)
	at utils.Reporter.reportStep(Reporter.java:20)
	at wrappers.GenericWrappers.takeSnap(GenericWrappers.java:613)
	at utils.Reporter.reportStep(Reporter.java:20)
	at wrappers.GenericWrappers.takeSnap(GenericWrappers.java:613)
	at utils.Reporter.reportStep(Reporter.java:20)
	at wrappers.GenericWrappers.takeSnap(GenericWrappers.java:613)
	at utils.Reporter.reportStep(Reporter.java:20)
	at wrappers.GenericWrappers.takeSnap(GenericWrappers.java:613)
	at utils.Reporter.reportStep(Reporter.java:20)
	at wrappers.GenericWrappers.takeSnap(GenericWrappers.java:613)
	at utils.Reporter.reportStep(Reporter.java:20)
	at wrappers.GenericWrappers.takeSnap(GenericWrappers.java:613)
	at utils.Reporter.reportStep(Reporter.java:20)
	at wrappers.GenericWrappers.takeSnap(GenericWrappers.java:613)
	at utils.Reporter.reportStep(Reporter.java:20)
	at wrappers.GenericWrappers.takeSnap(GenericWrappers.java:613)
	at utils.Reporter.reportStep(Reporter.java:20)
	at wrappers.GenericWrappers.takeSnap(GenericWrappers.java:613)
	at utils.Reporter.reportStep(Reporter.java:20)
	at wrappers.GenericWrappers.takeSnap(GenericWrappers.java:613)
	at utils.Reporter.reportStep(Reporter.java:20)
	at wrappers.GenericWrappers.takeSnap(GenericWrappers.java:613)
	at utils.Reporter.reportStep(Reporter.java:20)
	at wrappers.GenericWrappers.takeSnap(GenericWrappers.java:613)
	at utils.Reporter.reportStep(Reporter.java:20)
	at wrappers.GenericWrappers.takeSnap(GenericWrappers.java:613)
	at utils.Reporter.reportStep(Reporter.java:20)
	at wrappers.GenericWrappers.takeSnap(GenericWrappers.java:613)
	at utils.Reporter.reportStep(Reporter.java:20)
	at wrappers.GenericWrappers.takeSnap(GenericWrappers.java:613)
	at utils.Reporter.reportStep(Reporter.java:20)
	at wrappers.GenericWrappers.takeSnap(GenericWrappers.java:613)
	at utils.Reporter.reportStep(Reporter.java:20)
	at wrappers.GenericWrappers.takeSnap(GenericWrappers.java:613)
	at utils.Reporter.reportStep(Reporter.java:20)
	at wrappers.GenericWrappers.takeSnap(GenericWrappers.java:613)
	at utils.Reporter.reportStep(Reporter.java:20)
	at wrappers.GenericWrappers.takeSnap(GenericWrappers.java:613)
	at utils.Reporter.reportStep(Reporter.java:20)
	at wrappers.GenericWrappers.takeSnap(GenericWrappers.java:613)
	at utils.Reporter.reportStep(Reporter.java:20)
	at wrappers.GenericWrappers.takeSnap(GenericWrappers.java:613)
	at utils.Reporter.reportStep(Reporter.java:20)
	at wrappers.GenericWrappers.takeSnap(GenericWrappers.java:613)
	at utils.Reporter.reportStep(Reporter.java:20)
	at wrappers.GenericWrappers.takeSnap(GenericWrappers.java:613)
	at utils.Reporter.reportStep(Reporter.java:20)
	at wrappers.GenericWrappers.takeSnap(GenericWrappers.java:613)
	at utils.Reporter.reportStep(Reporter.java:20)
	at wrappers.GenericWrappers.takeSnap(GenericWrappers.java:613)
	at utils.Reporter.reportStep(Reporter.java:20)
	at wrappers.GenericWrappers.takeSnap(GenericWrappers.java:613)
	at utils.Reporter.reportStep(Reporter.java:20)
	at wrappers.GenericWrappers.takeSnap(GenericWrappers.java:613)
	at utils.Reporter.reportStep(Reporter.java:20)
	at wrappers.GenericWrappers.takeSnap(GenericWrappers.java:613)
	at utils.Reporter.reportStep(Reporter.java:20)
	at wrappers.GenericWrappers.takeSnap(GenericWrappers.java:613)
	at utils.Reporter.reportStep(Reporter.java:20)
	at wrappers.GenericWrappers.takeSnap(GenericWrappers.java:613)
	at utils.Reporter.reportStep(Reporter.java:20)
	at wrappers.GenericWrappers.takeSnap(GenericWrappers.java:613)
	at utils.Reporter.reportStep(Reporter.java:20)
	at wrappers.GenericWrappers.takeSnap(GenericWrappers.java:613)
	at utils.Reporter.reportStep(Reporter.java:20)
	at wrappers.GenericWrappers.takeSnap(GenericWrappers.java:613)
	at utils.Reporter.reportStep(Reporter.java:20)
	at wrappers.GenericWrappers.takeSnap(GenericWrappers.java:613)
	at utils.Reporter.reportStep(Reporter.java:20)
	at wrappers.GenericWrappers.takeSnap(GenericWrappers.java:613)
	at utils.Reporter.reportStep(Reporter.java:20)
	at wrappers.GenericWrappers.takeSnap(GenericWrappers.java:613)
	at utils.Reporter.reportStep(Reporter.java:20)
	at wrappers.GenericWrappers.takeSnap(GenericWrappers.java:613)
	at utils.Reporter.reportStep(Reporter.java:20)
	at wrappers.GenericWrappers.takeSnap(GenericWrappers.java:613)
	at utils.Reporter.reportStep(Reporter.java:20)
	at wrappers.GenericWrappers.takeSnap(GenericWrappers.java:613)
	at utils.Reporter.reportStep(Reporter.java:20)
	at wrappers.GenericWrappers.takeSnap(GenericWrappers.java:613)
	at utils.Reporter.reportStep(Reporter.java:20)
	at wrappers.GenericWrappers.takeSnap(GenericWrappers.java:613)
	at utils.Reporter.reportStep(Reporter.java:20)
	at wrappers.GenericWrappers.takeSnap(GenericWrappers.java:613)
	at utils.Reporter.reportStep(Reporter.java:20)
	at wrappers.GenericWrappers.takeSnap(GenericWrappers.java:613)
	at utils.Reporter.reportStep(Reporter.java:20)
	at wrappers.GenericWrappers.takeSnap(GenericWrappers.java:613)
	at utils.Reporter.reportStep(Reporter.java:20)
	at wrappers.GenericWrappers.takeSnap(GenericWrappers.java:613)
	at utils.Reporter.reportStep(Reporter.java:20)
	at wrappers.GenericWrappers.takeSnap(GenericWrappers.java:613)
	at utils.Reporter.reportStep(Reporter.java:20)
	at wrappers.GenericWrappers.takeSnap(GenericWrappers.java:613)
	at utils.Reporter.reportStep(Reporter.java:20)
	at wrappers.GenericWrappers.takeSnap(GenericWrappers.java:613)
	at utils.Reporter.reportStep(Reporter.java:20)
	at wrappers.GenericWrappers.takeSnap(GenericWrappers.java:613)
	at utils.Reporter.reportStep(Reporter.java:20)
	at wrappers.GenericWrappers.takeSnap(GenericWrappers.java:613)
	at utils.Reporter.reportStep(Reporter.java:20)
	at wrappers.GenericWrappers.takeSnap(GenericWrappers.java:613)
	at utils.Reporter.reportStep(Reporter.java:20)
	at wrappers.GenericWrappers.takeSnap(GenericWrappers.java:613)
	at utils.Reporter.reportStep(Reporter.java:20)
	at wrappers.GenericWrappers.takeSnap(GenericWrappers.java:613)
	at utils.Reporter.reportStep(Reporter.java:20)
	at wrappers.GenericWrappers.takeSnap(GenericWrappers.java:613)
	at utils.Reporter.reportStep(Reporter.java:20)
	at wrappers.GenericWrappers.takeSnap(GenericWrappers.java:613)
	at utils.Reporter.reportStep(Reporter.java:20)
	at wrappers.GenericWrappers.takeSnap(GenericWrappers.java:613)
	at utils.Reporter.reportStep(Reporter.java:20)
	at wrappers.GenericWrappers.takeSnap(GenericWrappers.java:613)
	at utils.Reporter.reportStep(Reporter.java:20)
	at wrappers.GenericWrappers.takeSnap(GenericWrappers.java:613)
	at utils.Reporter.reportStep(Reporter.java:20)
	at wrappers.GenericWrappers.takeSnap(GenericWrappers.java:613)
	at utils.Reporter.reportStep(Reporter.java:20)
	at wrappers.GenericWrappers.takeSnap(GenericWrappers.java:613)
	at utils.Reporter.reportStep(Reporter.java:20)
	at wrappers.GenericWrappers.takeSnap(GenericWrappers.java:613)
	at utils.Reporter.reportStep(Reporter.java:20)
	at wrappers.GenericWrappers.takeSnap(GenericWrappers.java:613)
	at utils.Reporter.reportStep(Reporter.java:20)
	at wrappers.GenericWrappers.takeSnap(GenericWrappers.java:613)
	at utils.Reporter.reportStep(Reporter.java:20)
	at wrappers.GenericWrappers.takeSnap(GenericWrappers.java:613)
	at utils.Reporter.reportStep(Reporter.java:20)
	at wrappers.GenericWrappers.takeSnap(GenericWrappers.java:613)
	at utils.Reporter.reportStep(Reporter.java:20)
	at wrappers.GenericWrappers.takeSnap(GenericWrappers.java:613)
	at utils.Reporter.reportStep(Reporter.java:20)
	at wrappers.GenericWrappers.takeSnap(GenericWrappers.java:613)
	at utils.Reporter.reportStep(Reporter.java:20)
	at wrappers.GenericWrappers.takeSnap(GenericWrappers.java:613)
	at utils.Reporter.reportStep(Reporter.java:20)
	at wrappers.GenericWrappers.takeSnap(GenericWrappers.java:613)
	at utils.Reporter.reportStep(Reporter.java:20)
	at wrappers.GenericWrappers.takeSnap(GenericWrappers.java:613)
	at utils.Reporter.reportStep(Reporter.java:20)
	at wrappers.GenericWrappers.takeSnap(GenericWrappers.java:613)
	at utils.Reporter.reportStep(Reporter.java:20)
	at wrappers.GenericWrappers.takeSnap(GenericWrappers.java:613)
	at utils.Reporter.reportStep(Reporter.java:20)
	at wrappers.GenericWrappers.takeSnap(GenericWrappers.java:613)
	at utils.Reporter.reportStep(Reporter.java:20)
	at wrappers.GenericWrappers.takeSnap(GenericWrappers.java:613)
	at utils.Reporter.reportStep(Reporter.java:20)
	at wrappers.GenericWrappers.takeSnap(GenericWrappers.java:613)
	at utils.Reporter.reportStep(Reporter.java:20)
	at wrappers.GenericWrappers.takeSnap(GenericWrappers.java:613)
	at utils.Reporter.reportStep(Reporter.java:20)
	at wrappers.GenericWrappers.takeSnap(GenericWrappers.java:613)
	at utils.Reporter.reportStep(Reporter.java:20)
	at wrappers.GenericWrappers.takeSnap(GenericWrappers.java:613)
	at utils.Reporter.reportStep(Reporter.java:20)
	at wrappers.GenericWrappers.takeSnap(GenericWrappers.java:613)
	at utils.Reporter.reportStep(Reporter.java:20)
	at wrappers.GenericWrappers.takeSnap(GenericWrappers.java:613)
	at utils.Reporter.reportStep(Reporter.java:20)
	at wrappers.GenericWrappers.takeSnap(GenericWrappers.java:613)
	at utils.Reporter.reportStep(Reporter.java:20)
	at wrappers.GenericWrappers.takeSnap(GenericWrappers.java:613)
	at utils.Reporter.reportStep(Reporter.java:20)
	at wrappers.GenericWrappers.takeSnap(GenericWrappers.java:613)
	at utils.Reporter.reportStep(Reporter.java:20)
	at wrappers.GenericWrappers.takeSnap(GenericWrappers.java:613)
	at utils.Reporter.reportStep(Reporter.java:20)
	at wrappers.GenericWrappers.takeSnap(GenericWrappers.java:613)
	at utils.Reporter.reportStep(Reporter.java:20)
	at wrappers.GenericWrappers.takeSnap(GenericWrappers.java:613)
	at utils.Reporter.reportStep(Reporter.java:20)
	at wrappers.GenericWrappers.takeSnap(GenericWrappers.java:613)
	at utils.Reporter.reportStep(Reporter.java:20)
	at wrappers.GenericWrappers.takeSnap(GenericWrappers.java:613)
	at utils.Reporter.reportStep(Reporter.java:20)
	at wrappers.GenericWrappers.takeSnap(GenericWrappers.java:613)
	at utils.Reporter.reportStep(Reporter.java:20)
	at wrappers.GenericWrappers.takeSnap(GenericWrappers.java:613)
	at utils.Reporter.reportStep(Reporter.java:20)
	at wrappers.GenericWrappers.takeSnap(GenericWrappers.java:613)
	at utils.Reporter.reportStep(Reporter.java:20)
	at wrappers.GenericWrappers.takeSnap(GenericWrappers.java:613)
	at utils.Reporter.reportStep(Reporter.java:20)
	at wrappers.GenericWrappers.takeSnap(GenericWrappers.java:613)
	at utils.Reporter.reportStep(Reporter.java:20)
	at wrappers.GenericWrappers.takeSnap(GenericWrappers.java:613)
	at utils.Reporter.reportStep(Reporter.java:20)
	at wrappers.GenericWrappers.takeSnap(GenericWrappers.java:613)
	at utils.Reporter.reportStep(Reporter.java:20)
	at wrappers.GenericWrappers.takeSnap(GenericWrappers.java:613)
	at utils.Reporter.reportStep(Reporter.java:20)
	at wrappers.GenericWrappers.takeSnap(GenericWrappers.java:613)
	at utils.Reporter.reportStep(Reporter.java:20)
	at wrappers.GenericWrappers.takeSnap(GenericWrappers.java:613)
	at utils.Reporter.reportStep(Reporter.java:20)
	at wrappers.GenericWrappers.takeSnap(GenericWrappers.java:613)
	at utils.Reporter.reportStep(Reporter.java:20)
	at wrappers.GenericWrappers.takeSnap(GenericWrappers.java:613)
	at utils.Reporter.reportStep(Reporter.java:20)
	at wrappers.GenericWrappers.takeSnap(GenericWrappers.java:613)
	at utils.Reporter.reportStep(Reporter.java:20)
	at wrappers.GenericWrappers.takeSnap(GenericWrappers.java:613)
	at utils.Reporter.reportStep(Reporter.java:20)
	at wrappers.GenericWrappers.takeSnap(GenericWrappers.java:613)
	at utils.Reporter.reportStep(Reporter.java:20)
	at wrappers.GenericWrappers.takeSnap(GenericWrappers.java:613)
	at utils.Reporter.reportStep(Reporter.java:20)
	at wrappers.GenericWrappers.takeSnap(GenericWrappers.java:613)
	at utils.Reporter.reportStep(Reporter.java:20)
	at wrappers.GenericWrappers.takeSnap(GenericWrappers.java:613)
	at utils.Reporter.reportStep(Reporter.java:20)
	at wrappers.GenericWrappers.takeSnap(GenericWrappers.java:613)
	at utils.Reporter.reportStep(Reporter.java:20)
	at wrappers.GenericWrappers.takeSnap(GenericWrappers.java:613)
	at utils.Reporter.reportStep(Reporter.java:20)
	at wrappers.GenericWrappers.takeSnap(GenericWrappers.java:613)
	at utils.Reporter.reportStep(Reporter.java:20)
	at wrappers.GenericWrappers.takeSnap(GenericWrappers.java:613)
	at utils.Reporter.reportStep(Reporter.java:20)
	at wrappers.GenericWrappers.takeSnap(GenericWrappers.java:613)
	at utils.Reporter.reportStep(Reporter.java:20)
	at wrappers.GenericWrappers.takeSnap(GenericWrappers.java:613)
	at utils.Reporter.reportStep(Reporter.java:20)
	at wrappers.GenericWrappers.takeSnap(GenericWrappers.java:613)
	at utils.Reporter.reportStep(Reporter.java:20)
	at wrappers.GenericWrappers.takeSnap(GenericWrappers.java:613)
	at utils.Reporter.reportStep(Reporter.java:20)
	at wrappers.GenericWrappers.takeSnap(GenericWrappers.java:613)
	at utils.Reporter.reportStep(Reporter.java:20)
	at wrappers.GenericWrappers.takeSnap(GenericWrappers.java:613)
	at utils.Reporter.reportStep(Reporter.java:20)
	at wrappers.GenericWrappers.takeSnap(GenericWrappers.java:613)
	at utils.Reporter.reportStep(Reporter.java:20)
	at wrappers.GenericWrappers.takeSnap(GenericWrappers.java:613)
	at utils.Reporter.reportStep(Reporter.java:20)
	at wrappers.GenericWrappers.takeSnap(GenericWrappers.java:613)
	at utils.Reporter.reportStep(Reporter.java:20)
	at wrappers.GenericWrappers.takeSnap(GenericWrappers.java:613)
	at utils.Reporter.reportStep(Reporter.java:20)
	at wrappers.GenericWrappers.takeSnap(GenericWrappers.java:613)
	at utils.Reporter.reportStep(Reporter.java:20)
	at wrappers.GenericWrappers.takeSnap(GenericWrappers.java:613)
	at utils.Reporter.reportStep(Reporter.java:20)
	at wrappers.GenericWrappers.takeSnap(GenericWrappers.java:613)
	at utils.Reporter.reportStep(Reporter.java:20)
	at wrappers.GenericWrappers.takeSnap(GenericWrappers.java:613)
	at utils.Reporter.reportStep(Reporter.java:20)
	at wrappers.GenericWrappers.takeSnap(GenericWrappers.java:613)
	at utils.Reporter.reportStep(Reporter.java:20)
	at wrappers.GenericWrappers.takeSnap(GenericWrappers.java:613)
	at utils.Reporter.reportStep(Reporter.java:20)
	at wrappers.GenericWrappers.takeSnap(GenericWrappers.java:613)
	at utils.Reporter.reportStep(Reporter.java:20)
	at wrappers.GenericWrappers.takeSnap(GenericWrappers.java:613)
	at utils.Reporter.reportStep(Reporter.java:20)
	at wrappers.GenericWrappers.takeSnap(GenericWrappers.java:613)
	at utils.Reporter.reportStep(Reporter.java:20)
	at wrappers.GenericWrappers.takeSnap(GenericWrappers.java:613)
	at utils.Reporter.reportStep(Reporter.java:20)
	at wrappers.GenericWrappers.takeSnap(GenericWrappers.java:613)
	at utils.Reporter.reportStep(Reporter.java:20)
	at wrappers.GenericWrappers.takeSnap(GenericWrappers.java:613)
	at utils.Reporter.reportStep(Reporter.java:20)
	at wrappers.GenericWrappers.takeSnap(GenericWrappers.java:613)
	at utils.Reporter.reportStep(Reporter.java:20)
	at wrappers.GenericWrappers.takeSnap(GenericWrappers.java:613)
	at utils.Reporter.reportStep(Reporter.java:20)
	at wrappers.GenericWrappers.takeSnap(GenericWrappers.java:613)
	at utils.Reporter.reportStep(Reporter.java:20)
	at wrappers.GenericWrappers.takeSnap(GenericWrappers.java:613)
	at utils.Reporter.reportStep(Reporter.java:20)
	at wrappers.GenericWrappers.takeSnap(GenericWrappers.java:613)
	at utils.Reporter.reportStep(Reporter.java:20)
	at wrappers.GenericWrappers.takeSnap(GenericWrappers.java:613)
	at utils.Reporter.reportStep(Reporter.java:20)
	at wrappers.GenericWrappers.takeSnap(GenericWrappers.java:613)
	at utils.Reporter.reportStep(Reporter.java:20)
	at wrappers.GenericWrappers.takeSnap(GenericWrappers.java:613)
	at utils.Reporter.reportStep(Reporter.java:20)
	at wrappers.GenericWrappers.takeSnap(GenericWrappers.java:613)
	at utils.Reporter.reportStep(Reporter.java:20)
	at wrappers.GenericWrappers.takeSnap(GenericWrappers.java:613)
	at utils.Reporter.reportStep(Reporter.java:20)
	at wrappers.GenericWrappers.takeSnap(GenericWrappers.java:613)
	at utils.Reporter.reportStep(Reporter.java:20)
	at wrappers.GenericWrappers.takeSnap(GenericWrappers.java:613)
	at utils.Reporter.reportStep(Reporter.java:20)
	at wrappers.GenericWrappers.takeSnap(GenericWrappers.java:613)
	at utils.Reporter.reportStep(Reporter.java:20)
	at wrappers.GenericWrappers.takeSnap(GenericWrappers.java:613)
	at utils.Reporter.reportStep(Reporter.java:20)
	at wrappers.GenericWrappers.takeSnap(GenericWrappers.java:613)
	at utils.Reporter.reportStep(Reporter.java:20)
	at wrappers.GenericWrappers.takeSnap(GenericWrappers.java:613)
	at utils.Reporter.reportStep(Reporter.java:20)
	at wrappers.GenericWrappers.takeSnap(GenericWrappers.java:613)
	at utils.Reporter.reportStep(Reporter.java:20)
	at wrappers.GenericWrappers.takeSnap(GenericWrappers.java:613)
	at utils.Reporter.reportStep(Reporter.java:20)
	at wrappers.GenericWrappers.takeSnap(GenericWrappers.java:613)
	at utils.Reporter.reportStep(Reporter.java:20)
	at wrappers.GenericWrappers.takeSnap(GenericWrappers.java:613)
	at utils.Reporter.reportStep(Reporter.java:20)
	at wrappers.GenericWrappers.takeSnap(GenericWrappers.java:613)
	at utils.Reporter.reportStep(Reporter.java:20)
	at wrappers.GenericWrappers.takeSnap(GenericWrappers.java:613)
	at utils.Reporter.reportStep(Reporter.java:20)
	at wrappers.GenericWrappers.takeSnap(GenericWrappers.java:613)
	at utils.Reporter.reportStep(Reporter.java:20)
	at wrappers.GenericWrappers.takeSnap(GenericWrappers.java:613)
	at utils.Reporter.reportStep(Reporter.java:20)
	at wrappers.GenericWrappers.takeSnap(GenericWrappers.java:613)
	at utils.Reporter.reportStep(Reporter.java:20)
	at wrappers.GenericWrappers.takeSnap(GenericWrappers.java:613)
	at utils.Reporter.reportStep(Reporter.java:20)
	at wrappers.GenericWrappers.takeSnap(GenericWrappers.java:613)
	at utils.Reporter.reportStep(Reporter.java:20)
	at wrappers.GenericWrappers.takeSnap(GenericWrappers.java:613)
	at utils.Reporter.reportStep(Reporter.java:20)
	at wrappers.GenericWrappers.takeSnap(GenericWrappers.java:613)
	at utils.Reporter.reportStep(Reporter.java:20)
	at wrappers.GenericWrappers.takeSnap(GenericWrappers.java:613)
	at utils.Reporter.reportStep(Reporter.java:20)
	at wrappers.GenericWrappers.takeSnap(GenericWrappers.java:613)
	at utils.Reporter.reportStep(Reporter.java:20)
	at wrappers.GenericWrappers.takeSnap(GenericWrappers.java:613)
	at utils.Reporter.reportStep(Reporter.java:20)
	at wrappers.GenericWrappers.takeSnap(GenericWrappers.java:613)
	at utils.Reporter.reportStep(Reporter.java:20)
	at wrappers.GenericWrappers.takeSnap(GenericWrappers.java:613)
	at utils.Reporter.reportStep(Reporter.java:20)
	at wrappers.GenericWrappers.takeSnap(GenericWrappers.java:613)
	at utils.Reporter.reportStep(Reporter.java:20)
	at wrappers.GenericWrappers.takeSnap(GenericWrappers.java:613)
	at utils.Reporter.reportStep(Reporter.java:20)
	at wrappers.GenericWrappers.takeSnap(GenericWrappers.java:613)
	at utils.Reporter.reportStep(Reporter.java:20)
	at wrappers.GenericWrappers.takeSnap(GenericWrappers.java:613)
	at utils.Reporter.reportStep(Reporter.java:20)
	at wrappers.GenericWrappers.takeSnap(GenericWrappers.java:613)
	at utils.Reporter.reportStep(Reporter.java:20)
	at wrappers.GenericWrappers.takeSnap(GenericWrappers.java:613)
	at utils.Reporter.reportStep(Reporter.java:20)
	at wrappers.GenericWrappers.takeSnap(GenericWrappers.java:613)
	at utils.Reporter.reportStep(Reporter.java:20)
	at wrappers.GenericWrappers.takeSnap(GenericWrappers.java:613)
	at utils.Reporter.reportStep(Reporter.java:20)
	at wrappers.GenericWrappers.takeSnap(GenericWrappers.java:613)
	at utils.Reporter.reportStep(Reporter.java:20)
	at wrappers.GenericWrappers.takeSnap(GenericWrappers.java:613)
	at utils.Reporter.reportStep(Reporter.java:20)
	at wrappers.GenericWrappers.takeSnap(GenericWrappers.java:613)
	at utils.Reporter.reportStep(Reporter.java:20)
	at wrappers.GenericWrappers.takeSnap(GenericWrappers.java:613)
	at utils.Reporter.reportStep(Reporter.java:20)
	at wrappers.GenericWrappers.takeSnap(GenericWrappers.java:613)
	at utils.Reporter.reportStep(Reporter.java:20)
	at wrappers.GenericWrappers.takeSnap(GenericWrappers.java:613)
	at utils.Reporter.reportStep(Reporter.java:20)
	at wrappers.GenericWrappers.takeSnap(GenericWrappers.java:613)
	at utils.Reporter.reportStep(Reporter.java:20)
	at wrappers.GenericWrappers.takeSnap(GenericWrappers.java:613)
	at utils.Reporter.reportStep(Reporter.java:20)
	at wrappers.GenericWrappers.takeSnap(GenericWrappers.java:613)
	at utils.Reporter.reportStep(Reporter.java:20)
	at wrappers.GenericWrappers.takeSnap(GenericWrappers.java:613)
	at utils.Reporter.reportStep(Reporter.java:20)
	at wrappers.GenericWrappers.takeSnap(GenericWrappers.java:613)
	at utils.Reporter.reportStep(Reporter.java:20)
	at wrappers.GenericWrappers.takeSnap(GenericWrappers.java:613)
	at utils.Reporter.reportStep(Reporter.java:20)
	at wrappers.GenericWrappers.takeSnap(GenericWrappers.java:613)
	at utils.Reporter.reportStep(Reporter.java:20)
	at wrappers.GenericWrappers.takeSnap(GenericWrappers.java:613)
	at utils.Reporter.reportStep(Reporter.java:20)
	at wrappers.GenericWrappers.takeSnap(GenericWrappers.java:613)
	at utils.Reporter.reportStep(Reporter.java:20)
	at wrappers.GenericWrappers.takeSnap(GenericWrappers.java:613)
	at utils.Reporter.reportStep(Reporter.java:20)
	at wrappers.GenericWrappers.takeSnap(GenericWrappers.java:613)
	at utils.Reporter.reportStep(Reporter.java:20)
	at wrappers.GenericWrappers.takeSnap(GenericWrappers.java:613)
	at utils.Reporter.reportStep(Reporter.java:20)
	at wrappers.GenericWrappers.takeSnap(GenericWrappers.java:613)
	at utils.Reporter.reportStep(Reporter.java:20)
	at wrappers.GenericWrappers.takeSnap(GenericWrappers.java:613)
	at utils.Reporter.reportStep(Reporter.java:20)
	at wrappers.GenericWrappers.takeSnap(GenericWrappers.java:613)
	at utils.Reporter.reportStep(Reporter.java:20)
	at wrappers.GenericWrappers.takeSnap(GenericWrappers.java:613)
	at utils.Reporter.reportStep(Reporter.java:20)
	at wrappers.GenericWrappers.takeSnap(GenericWrappers.java:613)
	at utils.Reporter.reportStep(Reporter.java:20)
	at wrappers.GenericWrappers.takeSnap(GenericWrappers.java:613)
	at utils.Reporter.reportStep(Reporter.java:20)
	at wrappers.GenericWrappers.takeSnap(GenericWrappers.java:613)
	at utils.Reporter.reportStep(Reporter.java:20)
	at wrappers.GenericWrappers.takeSnap(GenericWrappers.java:613)
	at utils.Reporter.reportStep(Reporter.java:20)
	at wrappers.GenericWrappers.takeSnap(GenericWrappers.java:613)
	at utils.Reporter.reportStep(Reporter.java:20)
	at wrappers.GenericWrappers.takeSnap(GenericWrappers.java:613)
	at utils.Reporter.reportStep(Reporter.java:20)
	at wrappers.GenericWrappers.takeSnap(GenericWrappers.java:613)
	at utils.Reporter.reportStep(Reporter.java:20)
	at wrappers.GenericWrappers.takeSnap(GenericWrappers.java:613)
	at utils.Reporter.reportStep(Reporter.java:20)
	at wrappers.GenericWrappers.takeSnap(GenericWrappers.java:613)
	at utils.Reporter.reportStep(Reporter.java:20)
	at wrappers.GenericWrappers.takeSnap(GenericWrappers.java:613)
	at utils.Reporter.reportStep(Reporter.java:20)
	at wrappers.GenericWrappers.takeSnap(GenericWrappers.java:613)
	at utils.Reporter.reportStep(Reporter.java:20)
	at wrappers.GenericWrappers.takeSnap(GenericWrappers.java:613)
	at utils.Reporter.reportStep(Reporter.java:20)
	at wrappers.GenericWrappers.takeSnap(GenericWrappers.java:613)
	at utils.Reporter.reportStep(Reporter.java:20)
	at wrappers.GenericWrappers.takeSnap(GenericWrappers.java:613)
	at utils.Reporter.reportStep(Reporter.java:20)
	at wrappers.GenericWrappers.takeSnap(GenericWrappers.java:613)
	at utils.Reporter.reportStep(Reporter.java:20)
	at wrappers.GenericWrappers.takeSnap(GenericWrappers.java:613)
	at utils.Reporter.reportStep(Reporter.java:20)
	at wrappers.GenericWrappers.takeSnap(GenericWrappers.java:613)
	at utils.Reporter.reportStep(Reporter.java:20)
	at wrappers.GenericWrappers.takeSnap(GenericWrappers.java:613)
	at utils.Reporter.reportStep(Reporter.java:20)
	at wrappers.GenericWrappers.takeSnap(GenericWrappers.java:613)
	at utils.Reporter.reportStep(Reporter.java:20)
	at wrappers.GenericWrappers.takeSnap(GenericWrappers.java:613)
	at utils.Reporter.reportStep(Reporter.java:20)
	at wrappers.GenericWrappers.takeSnap(GenericWrappers.java:613)
	at utils.Reporter.reportStep(Reporter.java:20)
	at wrappers.GenericWrappers.takeSnap(GenericWrappers.java:613)
	at utils.Reporter.reportStep(Reporter.java:20)
	at wrappers.GenericWrappers.takeSnap(GenericWrappers.java:613)
	at utils.Reporter.reportStep(Reporter.java:20)
	at wrappers.GenericWrappers.takeSnap(GenericWrappers.java:613)
	at utils.Reporter.reportStep(Reporter.java:20)
	at wrappers.GenericWrappers.takeSnap(GenericWrappers.java:613)
	at utils.Reporter.reportStep(Reporter.java:20)
	at wrappers.GenericWrappers.takeSnap(GenericWrappers.java:613)
	at utils.Reporter.reportStep(Reporter.java:20)
	at wrappers.GenericWrappers.takeSnap(GenericWrappers.java:613)
	at utils.Reporter.reportStep(Reporter.java:20)
	at wrappers.GenericWrappers.takeSnap(GenericWrappers.java:613)
	at utils.Reporter.reportStep(Reporter.java:20)
	at wrappers.GenericWrappers.takeSnap(GenericWrappers.java:613)
	at utils.Reporter.reportStep(Reporter.java:20)
	at wrappers.GenericWrappers.takeSnap(GenericWrappers.java:613)
	at utils.Reporter.reportStep(Reporter.java:20)
	at wrappers.GenericWrappers.takeSnap(GenericWrappers.java:613)
	at utils.Reporter.reportStep(Reporter.java:20)
	at wrappers.GenericWrappers.takeSnap(GenericWrappers.java:613)
	at utils.Reporter.reportStep(Reporter.java:20)
	at wrappers.GenericWrappers.takeSnap(GenericWrappers.java:613)
	at utils.Reporter.reportStep(Reporter.java:20)
	at wrappers.GenericWrappers.takeSnap(GenericWrappers.java:613)
	at utils.Reporter.reportStep(Reporter.java:20)
	at wrappers.GenericWrappers.takeSnap(GenericWrappers.java:613)
	at utils.Reporter.reportStep(Reporter.java:20)
	at wrappers.GenericWrappers.takeSnap(GenericWrappers.java:613)
	at utils.Reporter.reportStep(Reporter.java:20)
	at wrappers.GenericWrappers.takeSnap(GenericWrappers.java:613)
	at utils.Reporter.reportStep(Reporter.java:20)
	at wrappers.GenericWrappers.takeSnap(GenericWrappers.java:613)
	at utils.Reporter.reportStep(Reporter.java:20)
	at wrappers.GenericWrappers.takeSnap(GenericWrappers.java:613)
	at utils.Reporter.reportStep(Reporter.java:20)
	at wrappers.GenericWrappers.takeSnap(GenericWrappers.java:613)
	at utils.Reporter.reportStep(Reporter.java:20)
	at wrappers.GenericWrappers.takeSnap(GenericWrappers.java:613)
	at utils.Reporter.reportStep(Reporter.java:20)
	at wrappers.GenericWrappers.takeSnap(GenericWrappers.java:613)
	at utils.Reporter.reportStep(Reporter.java:20)
	at wrappers.GenericWrappers.takeSnap(GenericWrappers.java:613)
	at utils.Reporter.reportStep(Reporter.java:20)
	at wrappers.GenericWrappers.takeSnap(GenericWrappers.java:613)
	at utils.Reporter.reportStep(Reporter.java:20)
	at wrappers.GenericWrappers.takeSnap(GenericWrappers.java:613)
	at utils.Reporter.reportStep(Reporter.java:20)
	at wrappers.GenericWrappers.takeSnap(GenericWrappers.java:613)
	at utils.Reporter.reportStep(Reporter.java:20)
	at wrappers.GenericWrappers.takeSnap(GenericWrappers.java:613)
	at utils.Reporter.reportStep(Reporter.java:20)
	at wrappers.GenericWrappers.takeSnap(GenericWrappers.java:613)
	at utils.Reporter.reportStep(Reporter.java:20)
	at wrappers.GenericWrappers.takeSnap(GenericWrappers.java:613)
	at utils.Reporter.reportStep(Reporter.java:20)
	at wrappers.GenericWrappers.takeSnap(GenericWrappers.java:613)
	at utils.Reporter.reportStep(Reporter.java:20)
	at wrappers.GenericWrappers.takeSnap(GenericWrappers.java:613)
	at utils.Reporter.reportStep(Reporter.java:20)
	at wrappers.GenericWrappers.takeSnap(GenericWrappers.java:613)
	at utils.Reporter.reportStep(Reporter.java:20)
	at wrappers.GenericWrappers.takeSnap(GenericWrappers.java:613)
	at utils.Reporter.reportStep(Reporter.java:20)
	at wrappers.GenericWrappers.takeSnap(GenericWrappers.java:613)
	at utils.Reporter.reportStep(Reporter.java:20)
	at wrappers.GenericWrappers.takeSnap(GenericWrappers.java:613)
	at utils.Reporter.reportStep(Reporter.java:20)
	at wrappers.GenericWrappers.takeSnap(GenericWrappers.java:613)
	at utils.Reporter.reportStep(Reporter.java:20)
	at wrappers.GenericWrappers.takeSnap(GenericWrappers.java:613)
	at utils.Reporter.reportStep(Reporter.java:20)
	at wrappers.GenericWrappers.takeSnap(GenericWrappers.java:613)
	at utils.Reporter.reportStep(Reporter.java:20)
	at wrappers.GenericWrappers.takeSnap(GenericWrappers.java:613)
	at utils.Reporter.reportStep(Reporter.java:20)
	at wrappers.GenericWrappers.takeSnap(GenericWrappers.java:613)
	at utils.Reporter.reportStep(Reporter.java:20)
	at wrappers.GenericWrappers.takeSnap(GenericWrappers.java:613)
	at utils.Reporter.reportStep(Reporter.java:20)
	at wrappers.GenericWrappers.takeSnap(GenericWrappers.java:613)
	at utils.Reporter.reportStep(Reporter.java:20)
	at wrappers.GenericWrappers.takeSnap(GenericWrappers.java:613)
	at utils.Reporter.reportStep(Reporter.java:20)
	at wrappers.GenericWrappers.takeSnap(GenericWrappers.java:613)
	at utils.Reporter.reportStep(Reporter.java:20)
	at wrappers.GenericWrappers.takeSnap(GenericWrappers.java:613)
	at utils.Reporter.reportStep(Reporter.java:20)
	at wrappers.GenericWrappers.takeSnap(GenericWrappers.java:613)
	at utils.Reporter.reportStep(Reporter.java:20)
	at wrappers.GenericWrappers.takeSnap(GenericWrappers.java:613)
	at utils.Reporter.reportStep(Reporter.java:20)
	at wrappers.GenericWrappers.takeSnap(GenericWrappers.java:613)
	at utils.Reporter.reportStep(Reporter.java:20)
	at wrappers.GenericWrappers.takeSnap(GenericWrappers.java:613)
	at utils.Reporter.reportStep(Reporter.java:20)
	at wrappers.GenericWrappers.takeSnap(GenericWrappers.java:613)
	at utils.Reporter.reportStep(Reporter.java:20)
	at wrappers.GenericWrappers.takeSnap(GenericWrappers.java:613)
	at utils.Reporter.reportStep(Reporter.java:20)
	at wrappers.GenericWrappers.takeSnap(GenericWrappers.java:613)
	at utils.Reporter.reportStep(Reporter.java:20)
	at wrappers.GenericWrappers.takeSnap(GenericWrappers.java:613)
	at utils.Reporter.reportStep(Reporter.java:20)
	at wrappers.GenericWrappers.takeSnap(GenericWrappers.java:613)
	at utils.Reporter.reportStep(Reporter.java:20)
	at wrappers.GenericWrappers.takeSnap(GenericWrappers.java:613)
	at utils.Reporter.reportStep(Reporter.java:20)
	at wrappers.GenericWrappers.takeSnap(GenericWrappers.java:613)
	at utils.Reporter.reportStep(Reporter.java:20)
	at wrappers.GenericWrappers.takeSnap(GenericWrappers.java:613)
	at utils.Reporter.reportStep(Reporter.java:20)
	at wrappers.GenericWrappers.takeSnap(GenericWrappers.java:613)
	at utils.Reporter.reportStep(Reporter.java:20)
	at wrappers.GenericWrappers.takeSnap(GenericWrappers.java:613)
	at utils.Reporter.reportStep(Reporter.java:20)
	at wrappers.GenericWrappers.takeSnap(GenericWrappers.java:613)
	at utils.Reporter.reportStep(Reporter.java:20)
	at wrappers.GenericWrappers.takeSnap(GenericWrappers.java:613)
	at utils.Reporter.reportStep(Reporter.java:20)
	at wrappers.GenericWrappers.takeSnap(GenericWrappers.java:613)
	at utils.Reporter.reportStep(Reporter.java:20)
	at wrappers.GenericWrappers.takeSnap(GenericWrappers.java:613)
	at utils.Reporter.reportStep(Reporter.java:20)
	at wrappers.GenericWrappers.takeSnap(GenericWrappers.java:613)
	at utils.Reporter.reportStep(Reporter.java:20)
	at wrappers.GenericWrappers.takeSnap(GenericWrappers.java:613)
	at utils.Reporter.reportStep(Reporter.java:20)
	at wrappers.GenericWrappers.takeSnap(GenericWrappers.java:613)
	at utils.Reporter.reportStep(Reporter.java:20)
	at wrappers.GenericWrappers.takeSnap(GenericWrappers.java:613)
	at utils.Reporter.reportStep(Reporter.java:20)
	at wrappers.GenericWrappers.takeSnap(GenericWrappers.java:613)
	at utils.Reporter.reportStep(Reporter.java:20)
	at wrappers.GenericWrappers.takeSnap(GenericWrappers.java:613)
	at utils.Reporter.reportStep(Reporter.java:20)
	at wrappers.GenericWrappers.takeSnap(GenericWrappers.java:613)
	at utils.Reporter.reportStep(Reporter.java:20)
	at wrappers.GenericWrappers.takeSnap(GenericWrappers.java:613)
	at utils.Reporter.reportStep(Reporter.java:20)
	at wrappers.GenericWrappers.takeSnap(GenericWrappers.java:613)
	at utils.Reporter.reportStep(Reporter.java:20)
	at wrappers.GenericWrappers.takeSnap(GenericWrappers.java:613)
	at utils.Reporter.reportStep(Reporter.java:20)
	at wrappers.GenericWrappers.takeSnap(GenericWrappers.java:613)
	at utils.Reporter.reportStep(Reporter.java:20)
	at wrappers.GenericWrappers.takeSnap(GenericWrappers.java:613)
	at utils.Reporter.reportStep(Reporter.java:20)
	at wrappers.GenericWrappers.takeSnap(GenericWrappers.java:613)
	at utils.Reporter.reportStep(Reporter.java:20)
	at wrappers.GenericWrappers.takeSnap(GenericWrappers.java:613)
	at utils.Reporter.reportStep(Reporter.java:20)
	at wrappers.GenericWrappers.takeSnap(GenericWrappers.java:613)
	at utils.Reporter.reportStep(Reporter.java:20)
	at wrappers.GenericWrappers.takeSnap(GenericWrappers.java:613)
	at utils.Reporter.reportStep(Reporter.java:20)
	at wrappers.GenericWrappers.takeSnap(GenericWrappers.java:613)
	at utils.Reporter.reportStep(Reporter.java:20)
	at wrappers.GenericWrappers.takeSnap(GenericWrappers.java:613)
	at utils.Reporter.reportStep(Reporter.java:20)
	at wrappers.GenericWrappers.takeSnap(GenericWrappers.java:613)
	at utils.Reporter.reportStep(Reporter.java:20)
	at wrappers.GenericWrappers.takeSnap(GenericWrappers.java:613)
	at utils.Reporter.reportStep(Reporter.java:20)
	at wrappers.GenericWrappers.takeSnap(GenericWrappers.java:613)
	at utils.Reporter.reportStep(Reporter.java:20)
	at wrappers.GenericWrappers.takeSnap(GenericWrappers.java:613)
	at utils.Reporter.reportStep(Reporter.java:20)
	at wrappers.GenericWrappers.takeSnap(GenericWrappers.java:613)
	at utils.Reporter.reportStep(Reporter.java:20)
	at wrappers.GenericWrappers.takeSnap(GenericWrappers.java:613)
	at utils.Reporter.reportStep(Reporter.java:20)
	at wrappers.GenericWrappers.takeSnap(GenericWrappers.java:613)
	at utils.Reporter.reportStep(Reporter.java:20)
	at wrappers.GenericWrappers.takeSnap(GenericWrappers.java:613)
	at utils.Reporter.reportStep(Reporter.java:20)
	at wrappers.GenericWrappers.takeSnap(GenericWrappers.java:613)
	at utils.Reporter.reportStep(Reporter.java:20)
	at wrappers.GenericWrappers.takeSnap(GenericWrappers.java:613)
	at utils.Reporter.reportStep(Reporter.java:20)
	at wrappers.GenericWrappers.takeSnap(GenericWrappers.java:613)
	at utils.Reporter.reportStep(Reporter.java:20)
	at wrappers.GenericWrappers.takeSnap(GenericWrappers.java:613)
	at utils.Reporter.reportStep(Reporter.java:20)
	at wrappers.GenericWrappers.takeSnap(GenericWrappers.java:613)
	at utils.Reporter.reportStep(Reporter.java:20)
	at wrappers.GenericWrappers.takeSnap(GenericWrappers.java:613)
	at utils.Reporter.reportStep(Reporter.java:20)
	at wrappers.GenericWrappers.takeSnap(GenericWrappers.java:613)
	at utils.Reporter.reportStep(Reporter.java:20)
	at wrappers.GenericWrappers.takeSnap(GenericWrappers.java:613)
	at utils.Reporter.reportStep(Reporter.java:20)
	at wrappers.GenericWrappers.takeSnap(GenericWrappers.java:613)
	at utils.Reporter.reportStep(Reporter.java:20)
	at wrappers.GenericWrappers.takeSnap(GenericWrappers.java:613)
	at utils.Reporter.reportStep(Reporter.java:20)
	at wrappers.GenericWrappers.takeSnap(GenericWrappers.java:613)
	at utils.Reporter.reportStep(Reporter.java:20)
	at wrappers.GenericWrappers.takeSnap(GenericWrappers.java:613)
	at utils.Reporter.reportStep(Reporter.java:20)
	at wrappers.GenericWrappers.takeSnap(GenericWrappers.java:613)
	at utils.Reporter.reportStep(Reporter.java:20)
	at wrappers.GenericWrappers.takeSnap(GenericWrappers.java:613)
	at utils.Reporter.reportStep(Reporter.java:20)
	at wrappers.GenericWrappers.takeSnap(GenericWrappers.java:613)
	at utils.Reporter.reportStep(Reporter.java:20)
	at wrappers.GenericWrappers.takeSnap(GenericWrappers.java:613)
	at utils.Reporter.reportStep(Reporter.java:20)
	at wrappers.GenericWrappers.takeSnap(GenericWrappers.java:613)
	at utils.Reporter.reportStep(Reporter.java:20)
	at wrappers.GenericWrappers.takeSnap(GenericWrappers.java:613)
	at utils.Reporter.reportStep(Reporter.java:20)
	at wrappers.GenericWrappers.takeSnap(GenericWrappers.java:613)
	at utils.Reporter.reportStep(Reporter.java:20)
	at wrappers.GenericWrappers.takeSnap(GenericWrappers.java:613)
	at utils.Reporter.reportStep(Reporter.java:20)
	at wrappers.GenericWrappers.takeSnap(GenericWrappers.java:613)
	at utils.Reporter.reportStep(Reporter.java:20)
	at wrappers.GenericWrappers.takeSnap(GenericWrappers.java:613)
	at utils.Reporter.reportStep(Reporter.java:20)
	at wrappers.GenericWrappers.takeSnap(GenericWrappers.java:613)
	at utils.Reporter.reportStep(Reporter.java:20)
	at wrappers.GenericWrappers.takeSnap(GenericWrappers.java:613)
	at utils.Reporter.reportStep(Reporter.java:20)
	at wrappers.GenericWrappers.takeSnap(GenericWrappers.java:613)
	at utils.Reporter.reportStep(Reporter.java:20)
	at wrappers.GenericWrappers.takeSnap(GenericWrappers.java:613)
	at utils.Reporter.reportStep(Reporter.java:20)
	at wrappers.GenericWrappers.takeSnap(GenericWrappers.java:613)
	at utils.Reporter.reportStep(Reporter.java:20)
	at wrappers.GenericWrappers.takeSnap(GenericWrappers.java:613)
	at utils.Reporter.reportStep(Reporter.java:20)
	at wrappers.GenericWrappers.takeSnap(GenericWrappers.java:613)
	at utils.Reporter.reportStep(Reporter.java:20)
	at wrappers.GenericWrappers.takeSnap(GenericWrappers.java:613)
	at utils.Reporter.reportStep(Reporter.java:20)
	at wrappers.GenericWrappers.takeSnap(GenericWrappers.java:613)
	at utils.Reporter.reportStep(Reporter.java:20)
	at wrappers.GenericWrappers.takeSnap(GenericWrappers.java:613)
	at utils.Reporter.reportStep(Reporter.java:20)
	at wrappers.GenericWrappers.takeSnap(GenericWrappers.java:613)
	at utils.Reporter.reportStep(Reporter.java:20)
	at wrappers.GenericWrappers.takeSnap(GenericWrappers.java:613)
	at utils.Reporter.reportStep(Reporter.java:20)
	at wrappers.GenericWrappers.takeSnap(GenericWrappers.java:613)
	at utils.Reporter.reportStep(Reporter.java:20)
	at wrappers.GenericWrappers.takeSnap(GenericWrappers.java:613)
	at utils.Reporter.reportStep(Reporter.java:20)
	at wrappers.GenericWrappers.takeSnap(GenericWrappers.java:613)
	at utils.Reporter.reportStep(Reporter.java:20)
	at wrappers.GenericWrappers.takeSnap(GenericWrappers.java:613)
	at utils.Reporter.reportStep(Reporter.java:20)
	at wrappers.GenericWrappers.takeSnap(GenericWrappers.java:613)
	at utils.Reporter.reportStep(Reporter.java:20)
	at wrappers.GenericWrappers.takeSnap(GenericWrappers.java:613)
	at utils.Reporter.reportStep(Reporter.java:20)
	at wrappers.GenericWrappers.takeSnap(GenericWrappers.java:613)
	at utils.Reporter.reportStep(Reporter.java:20)
	at wrappers.GenericWrappers.takeSnap(GenericWrappers.java:613)
	at utils.Reporter.reportStep(Reporter.java:20)
	at wrappers.GenericWrappers.takeSnap(GenericWrappers.java:613)
	at utils.Reporter.reportStep(Reporter.java:20)
	at wrappers.GenericWrappers.takeSnap(GenericWrappers.java:613)
	at utils.Reporter.reportStep(Reporter.java:20)
	at wrappers.GenericWrappers.takeSnap(GenericWrappers.java:613)
	at utils.Reporter.reportStep(Reporter.java:20)
	at wrappers.GenericWrappers.takeSnap(GenericWrappers.java:613)
	at utils.Reporter.reportStep(Reporter.java:20)
	at wrappers.GenericWrappers.takeSnap(GenericWrappers.java:613)
	at utils.Reporter.reportStep(Reporter.java:20)
	at wrappers.GenericWrappers.takeSnap(GenericWrappers.java:613)
	at utils.Reporter.reportStep(Reporter.java:20)
	at wrappers.GenericWrappers.takeSnap(GenericWrappers.java:613)
]]>
    </error>
  </testcase> <!-- login -->
  <testcase name="login" time="0.016" classname="testCases.TC001_Login">
    <error type="java.lang.Error" message="Unresolved compilation problems: 
	UName cannot be resolved to a variable
	Pwd cannot be resolved to a variable
">
      <![CDATA[java.lang.Error: Unresolved compilation problems: 
	UName cannot be resolved to a variable
	Pwd cannot be resolved to a variable

	at testCases.TC001_Login.login(TC001_Login.java:25)
	at sun.reflect.NativeMethodAccessorImpl.invoke0(Native Method)
	at sun.reflect.NativeMethodAccessorImpl.invoke(Unknown Source)
	at sun.reflect.DelegatingMethodAccessorImpl.invoke(Unknown Source)
	at java.lang.reflect.Method.invoke(Unknown Source)
	at org.testng.internal.MethodInvocationHelper.invokeMethod(MethodInvocationHelper.java:86)
	at org.testng.internal.Invoker.invokeMethod(Invoker.java:643)
	at org.testng.internal.Invoker.invokeTestMethod(Invoker.java:820)
	at org.testng.internal.Invoker.invokeTestMethods(Invoker.java:1128)
	at org.testng.internal.TestMethodWorker.invokeTestMethods(TestMethodWorker.java:129)
	at org.testng.internal.TestMethodWorker.run(TestMethodWorker.java:112)
	at org.testng.TestRunner.privateRun(TestRunner.java:782)
	at org.testng.TestRunner.run(TestRunner.java:632)
	at org.testng.SuiteRunner.runTest(SuiteRunner.java:366)
	at org.testng.SuiteRunner.runSequentially(SuiteRunner.java:361)
	at org.testng.SuiteRunner.privateRun(SuiteRunner.java:319)
	at org.testng.SuiteRunner.run(SuiteRunner.java:268)
	at org.testng.SuiteRunnerWorker.runSuite(SuiteRunnerWorker.java:52)
	at org.testng.SuiteRunnerWorker.run(SuiteRunnerWorker.java:86)
	at org.testng.TestNG.runSuitesSequentially(TestNG.java:1244)
	at org.testng.TestNG.runSuitesLocally(TestNG.java:1169)
	at org.testng.TestNG.run(TestNG.java:1064)
	at org.testng.remote.AbstractRemoteTestNG.run(AbstractRemoteTestNG.java:115)
	at org.testng.remote.RemoteTestNG.initAndRun(RemoteTestNG.java:251)
	at org.testng.remote.RemoteTestNG.main(RemoteTestNG.java:77)
]]>
    </error>
  </testcase> <!-- login -->
  <testcase name="login" time="0.000" classname="testCases.TC001_Login">
    <error type="java.lang.StackOverflowError">
      <![CDATA[java.lang.StackOverflowError
	at java.util.regex.Pattern$Branch.match(Unknown Source)
	at java.util.regex.Pattern$BranchConn.match(Unknown Source)
	at java.util.regex.Pattern$GroupTail.match(Unknown Source)
	at java.util.regex.Pattern$Curly.match0(Unknown Source)
	at java.util.regex.Pattern$Curly.match(Unknown Source)
	at java.util.regex.Pattern$GroupHead.match(Unknown Source)
	at java.util.regex.Pattern$Branch.match(Unknown Source)
	at java.util.regex.Pattern$Branch.match(Unknown Source)
	at java.util.regex.Pattern$BmpCharProperty.match(Unknown Source)
	at java.util.regex.Pattern$Start.match(Unknown Source)
	at java.util.regex.Matcher.search(Unknown Source)
	at java.util.regex.Matcher.find(Unknown Source)
	at java.util.Formatter.parse(Unknown Source)
	at java.util.Formatter.format(Unknown Source)
	at java.util.Formatter.format(Unknown Source)
	at java.lang.String.format(Unknown Source)
	at org.openqa.selenium.remote.RemoteWebDriver.execute(RemoteWebDriver.java:549)
	at org.openqa.selenium.remote.RemoteWebDriver.execute(RemoteWebDriver.java:609)
	at org.openqa.selenium.remote.RemoteWebDriver.getScreenshotAs(RemoteWebDriver.java:295)
	at wrappers.GenericWrappers.takeSnap(GenericWrappers.java:610)
	at utils.Reporter.reportStep(Reporter.java:20)
	at wrappers.GenericWrappers.takeSnap(GenericWrappers.java:613)
	at utils.Reporter.reportStep(Reporter.java:20)
	at wrappers.GenericWrappers.takeSnap(GenericWrappers.java:613)
	at utils.Reporter.reportStep(Reporter.java:20)
	at wrappers.GenericWrappers.takeSnap(GenericWrappers.java:613)
	at utils.Reporter.reportStep(Reporter.java:20)
	at wrappers.GenericWrappers.takeSnap(GenericWrappers.java:613)
	at utils.Reporter.reportStep(Reporter.java:20)
	at wrappers.GenericWrappers.takeSnap(GenericWrappers.java:613)
	at utils.Reporter.reportStep(Reporter.java:20)
	at wrappers.GenericWrappers.takeSnap(GenericWrappers.java:613)
	at utils.Reporter.reportStep(Reporter.java:20)
	at wrappers.GenericWrappers.takeSnap(GenericWrappers.java:613)
	at utils.Reporter.reportStep(Reporter.java:20)
	at wrappers.GenericWrappers.takeSnap(GenericWrappers.java:613)
	at utils.Reporter.reportStep(Reporter.java:20)
	at wrappers.GenericWrappers.takeSnap(GenericWrappers.java:613)
	at utils.Reporter.reportStep(Reporter.java:20)
	at wrappers.GenericWrappers.takeSnap(GenericWrappers.java:613)
	at utils.Reporter.reportStep(Reporter.java:20)
	at wrappers.GenericWrappers.takeSnap(GenericWrappers.java:613)
	at utils.Reporter.reportStep(Reporter.java:20)
	at wrappers.GenericWrappers.takeSnap(GenericWrappers.java:613)
	at utils.Reporter.reportStep(Reporter.java:20)
	at wrappers.GenericWrappers.takeSnap(GenericWrappers.java:613)
	at utils.Reporter.reportStep(Reporter.java:20)
	at wrappers.GenericWrappers.takeSnap(GenericWrappers.java:613)
	at utils.Reporter.reportStep(Reporter.java:20)
	at wrappers.GenericWrappers.takeSnap(GenericWrappers.java:613)
	at utils.Reporter.reportStep(Reporter.java:20)
	at wrappers.GenericWrappers.takeSnap(GenericWrappers.java:613)
	at utils.Reporter.reportStep(Reporter.java:20)
	at wrappers.GenericWrappers.takeSnap(GenericWrappers.java:613)
	at utils.Reporter.reportStep(Reporter.java:20)
	at wrappers.GenericWrappers.takeSnap(GenericWrappers.java:613)
	at utils.Reporter.reportStep(Reporter.java:20)
	at wrappers.GenericWrappers.takeSnap(GenericWrappers.java:613)
	at utils.Reporter.reportStep(Reporter.java:20)
	at wrappers.GenericWrappers.takeSnap(GenericWrappers.java:613)
	at utils.Reporter.reportStep(Reporter.java:20)
	at wrappers.GenericWrappers.takeSnap(GenericWrappers.java:613)
	at utils.Reporter.reportStep(Reporter.java:20)
	at wrappers.GenericWrappers.takeSnap(GenericWrappers.java:613)
	at utils.Reporter.reportStep(Reporter.java:20)
	at wrappers.GenericWrappers.takeSnap(GenericWrappers.java:613)
	at utils.Reporter.reportStep(Reporter.java:20)
	at wrappers.GenericWrappers.takeSnap(GenericWrappers.java:613)
	at utils.Reporter.reportStep(Reporter.java:20)
	at wrappers.GenericWrappers.takeSnap(GenericWrappers.java:613)
	at utils.Reporter.reportStep(Reporter.java:20)
	at wrappers.GenericWrappers.takeSnap(GenericWrappers.java:613)
	at utils.Reporter.reportStep(Reporter.java:20)
	at wrappers.GenericWrappers.takeSnap(GenericWrappers.java:613)
	at utils.Reporter.reportStep(Reporter.java:20)
	at wrappers.GenericWrappers.takeSnap(GenericWrappers.java:613)
	at utils.Reporter.reportStep(Reporter.java:20)
	at wrappers.GenericWrappers.takeSnap(GenericWrappers.java:613)
	at utils.Reporter.reportStep(Reporter.java:20)
	at wrappers.GenericWrappers.takeSnap(GenericWrappers.java:613)
	at utils.Reporter.reportStep(Reporter.java:20)
	at wrappers.GenericWrappers.takeSnap(GenericWrappers.java:613)
	at utils.Reporter.reportStep(Reporter.java:20)
	at wrappers.GenericWrappers.takeSnap(GenericWrappers.java:613)
	at utils.Reporter.reportStep(Reporter.java:20)
	at wrappers.GenericWrappers.takeSnap(GenericWrappers.java:613)
	at utils.Reporter.reportStep(Reporter.java:20)
	at wrappers.GenericWrappers.takeSnap(GenericWrappers.java:613)
	at utils.Reporter.reportStep(Reporter.java:20)
	at wrappers.GenericWrappers.takeSnap(GenericWrappers.java:613)
	at utils.Reporter.reportStep(Reporter.java:20)
	at wrappers.GenericWrappers.takeSnap(GenericWrappers.java:613)
	at utils.Reporter.reportStep(Reporter.java:20)
	at wrappers.GenericWrappers.takeSnap(GenericWrappers.java:613)
	at utils.Reporter.reportStep(Reporter.java:20)
	at wrappers.GenericWrappers.takeSnap(GenericWrappers.java:613)
	at utils.Reporter.reportStep(Reporter.java:20)
	at wrappers.GenericWrappers.takeSnap(GenericWrappers.java:613)
	at utils.Reporter.reportStep(Reporter.java:20)
	at wrappers.GenericWrappers.takeSnap(GenericWrappers.java:613)
	at utils.Reporter.reportStep(Reporter.java:20)
	at wrappers.GenericWrappers.takeSnap(GenericWrappers.java:613)
	at utils.Reporter.reportStep(Reporter.java:20)
	at wrappers.GenericWrappers.takeSnap(GenericWrappers.java:613)
	at utils.Reporter.reportStep(Reporter.java:20)
	at wrappers.GenericWrappers.takeSnap(GenericWrappers.java:613)
	at utils.Reporter.reportStep(Reporter.java:20)
	at wrappers.GenericWrappers.takeSnap(GenericWrappers.java:613)
	at utils.Reporter.reportStep(Reporter.java:20)
	at wrappers.GenericWrappers.takeSnap(GenericWrappers.java:613)
	at utils.Reporter.reportStep(Reporter.java:20)
	at wrappers.GenericWrappers.takeSnap(GenericWrappers.java:613)
	at utils.Reporter.reportStep(Reporter.java:20)
	at wrappers.GenericWrappers.takeSnap(GenericWrappers.java:613)
	at utils.Reporter.reportStep(Reporter.java:20)
	at wrappers.GenericWrappers.takeSnap(GenericWrappers.java:613)
	at utils.Reporter.reportStep(Reporter.java:20)
	at wrappers.GenericWrappers.takeSnap(GenericWrappers.java:613)
	at utils.Reporter.reportStep(Reporter.java:20)
	at wrappers.GenericWrappers.takeSnap(GenericWrappers.java:613)
	at utils.Reporter.reportStep(Reporter.java:20)
	at wrappers.GenericWrappers.takeSnap(GenericWrappers.java:613)
	at utils.Reporter.reportStep(Reporter.java:20)
	at wrappers.GenericWrappers.takeSnap(GenericWrappers.java:613)
	at utils.Reporter.reportStep(Reporter.java:20)
	at wrappers.GenericWrappers.takeSnap(GenericWrappers.java:613)
	at utils.Reporter.reportStep(Reporter.java:20)
	at wrappers.GenericWrappers.takeSnap(GenericWrappers.java:613)
	at utils.Reporter.reportStep(Reporter.java:20)
	at wrappers.GenericWrappers.takeSnap(GenericWrappers.java:613)
	at utils.Reporter.reportStep(Reporter.java:20)
	at wrappers.GenericWrappers.takeSnap(GenericWrappers.java:613)
	at utils.Reporter.reportStep(Reporter.java:20)
	at wrappers.GenericWrappers.takeSnap(GenericWrappers.java:613)
	at utils.Reporter.reportStep(Reporter.java:20)
	at wrappers.GenericWrappers.takeSnap(GenericWrappers.java:613)
	at utils.Reporter.reportStep(Reporter.java:20)
	at wrappers.GenericWrappers.takeSnap(GenericWrappers.java:613)
	at utils.Reporter.reportStep(Reporter.java:20)
	at wrappers.GenericWrappers.takeSnap(GenericWrappers.java:613)
	at utils.Reporter.reportStep(Reporter.java:20)
	at wrappers.GenericWrappers.takeSnap(GenericWrappers.java:613)
	at utils.Reporter.reportStep(Reporter.java:20)
	at wrappers.GenericWrappers.takeSnap(GenericWrappers.java:613)
	at utils.Reporter.reportStep(Reporter.java:20)
	at wrappers.GenericWrappers.takeSnap(GenericWrappers.java:613)
	at utils.Reporter.reportStep(Reporter.java:20)
	at wrappers.GenericWrappers.takeSnap(GenericWrappers.java:613)
	at utils.Reporter.reportStep(Reporter.java:20)
	at wrappers.GenericWrappers.takeSnap(GenericWrappers.java:613)
	at utils.Reporter.reportStep(Reporter.java:20)
	at wrappers.GenericWrappers.takeSnap(GenericWrappers.java:613)
	at utils.Reporter.reportStep(Reporter.java:20)
	at wrappers.GenericWrappers.takeSnap(GenericWrappers.java:613)
	at utils.Reporter.reportStep(Reporter.java:20)
	at wrappers.GenericWrappers.takeSnap(GenericWrappers.java:613)
	at utils.Reporter.reportStep(Reporter.java:20)
	at wrappers.GenericWrappers.takeSnap(GenericWrappers.java:613)
	at utils.Reporter.reportStep(Reporter.java:20)
	at wrappers.GenericWrappers.takeSnap(GenericWrappers.java:613)
	at utils.Reporter.reportStep(Reporter.java:20)
	at wrappers.GenericWrappers.takeSnap(GenericWrappers.java:613)
	at utils.Reporter.reportStep(Reporter.java:20)
	at wrappers.GenericWrappers.takeSnap(GenericWrappers.java:613)
	at utils.Reporter.reportStep(Reporter.java:20)
	at wrappers.GenericWrappers.takeSnap(GenericWrappers.java:613)
	at utils.Reporter.reportStep(Reporter.java:20)
	at wrappers.GenericWrappers.takeSnap(GenericWrappers.java:613)
	at utils.Reporter.reportStep(Reporter.java:20)
	at wrappers.GenericWrappers.takeSnap(GenericWrappers.java:613)
	at utils.Reporter.reportStep(Reporter.java:20)
	at wrappers.GenericWrappers.takeSnap(GenericWrappers.java:613)
	at utils.Reporter.reportStep(Reporter.java:20)
	at wrappers.GenericWrappers.takeSnap(GenericWrappers.java:613)
	at utils.Reporter.reportStep(Reporter.java:20)
	at wrappers.GenericWrappers.takeSnap(GenericWrappers.java:613)
	at utils.Reporter.reportStep(Reporter.java:20)
	at wrappers.GenericWrappers.takeSnap(GenericWrappers.java:613)
	at utils.Reporter.reportStep(Reporter.java:20)
	at wrappers.GenericWrappers.takeSnap(GenericWrappers.java:613)
	at utils.Reporter.reportStep(Reporter.java:20)
	at wrappers.GenericWrappers.takeSnap(GenericWrappers.java:613)
	at utils.Reporter.reportStep(Reporter.java:20)
	at wrappers.GenericWrappers.takeSnap(GenericWrappers.java:613)
	at utils.Reporter.reportStep(Reporter.java:20)
	at wrappers.GenericWrappers.takeSnap(GenericWrappers.java:613)
	at utils.Reporter.reportStep(Reporter.java:20)
	at wrappers.GenericWrappers.takeSnap(GenericWrappers.java:613)
	at utils.Reporter.reportStep(Reporter.java:20)
	at wrappers.GenericWrappers.takeSnap(GenericWrappers.java:613)
	at utils.Reporter.reportStep(Reporter.java:20)
	at wrappers.GenericWrappers.takeSnap(GenericWrappers.java:613)
	at utils.Reporter.reportStep(Reporter.java:20)
	at wrappers.GenericWrappers.takeSnap(GenericWrappers.java:613)
	at utils.Reporter.reportStep(Reporter.java:20)
	at wrappers.GenericWrappers.takeSnap(GenericWrappers.java:613)
	at utils.Reporter.reportStep(Reporter.java:20)
	at wrappers.GenericWrappers.takeSnap(GenericWrappers.java:613)
	at utils.Reporter.reportStep(Reporter.java:20)
	at wrappers.GenericWrappers.takeSnap(GenericWrappers.java:613)
	at utils.Reporter.reportStep(Reporter.java:20)
	at wrappers.GenericWrappers.takeSnap(GenericWrappers.java:613)
	at utils.Reporter.reportStep(Reporter.java:20)
	at wrappers.GenericWrappers.takeSnap(GenericWrappers.java:613)
	at utils.Reporter.reportStep(Reporter.java:20)
	at wrappers.GenericWrappers.takeSnap(GenericWrappers.java:613)
	at utils.Reporter.reportStep(Reporter.java:20)
	at wrappers.GenericWrappers.takeSnap(GenericWrappers.java:613)
	at utils.Reporter.reportStep(Reporter.java:20)
	at wrappers.GenericWrappers.takeSnap(GenericWrappers.java:613)
	at utils.Reporter.reportStep(Reporter.java:20)
	at wrappers.GenericWrappers.takeSnap(GenericWrappers.java:613)
	at utils.Reporter.reportStep(Reporter.java:20)
	at wrappers.GenericWrappers.takeSnap(GenericWrappers.java:613)
	at utils.Reporter.reportStep(Reporter.java:20)
	at wrappers.GenericWrappers.takeSnap(GenericWrappers.java:613)
	at utils.Reporter.reportStep(Reporter.java:20)
	at wrappers.GenericWrappers.takeSnap(GenericWrappers.java:613)
	at utils.Reporter.reportStep(Reporter.java:20)
	at wrappers.GenericWrappers.takeSnap(GenericWrappers.java:613)
	at utils.Reporter.reportStep(Reporter.java:20)
	at wrappers.GenericWrappers.takeSnap(GenericWrappers.java:613)
	at utils.Reporter.reportStep(Reporter.java:20)
	at wrappers.GenericWrappers.takeSnap(GenericWrappers.java:613)
	at utils.Reporter.reportStep(Reporter.java:20)
	at wrappers.GenericWrappers.takeSnap(GenericWrappers.java:613)
	at utils.Reporter.reportStep(Reporter.java:20)
	at wrappers.GenericWrappers.takeSnap(GenericWrappers.java:613)
	at utils.Reporter.reportStep(Reporter.java:20)
	at wrappers.GenericWrappers.takeSnap(GenericWrappers.java:613)
	at utils.Reporter.reportStep(Reporter.java:20)
	at wrappers.GenericWrappers.takeSnap(GenericWrappers.java:613)
	at utils.Reporter.reportStep(Reporter.java:20)
	at wrappers.GenericWrappers.takeSnap(GenericWrappers.java:613)
	at utils.Reporter.reportStep(Reporter.java:20)
	at wrappers.GenericWrappers.takeSnap(GenericWrappers.java:613)
	at utils.Reporter.reportStep(Reporter.java:20)
	at wrappers.GenericWrappers.takeSnap(GenericWrappers.java:613)
	at utils.Reporter.reportStep(Reporter.java:20)
	at wrappers.GenericWrappers.takeSnap(GenericWrappers.java:613)
	at utils.Reporter.reportStep(Reporter.java:20)
	at wrappers.GenericWrappers.takeSnap(GenericWrappers.java:613)
	at utils.Reporter.reportStep(Reporter.java:20)
	at wrappers.GenericWrappers.takeSnap(GenericWrappers.java:613)
	at utils.Reporter.reportStep(Reporter.java:20)
	at wrappers.GenericWrappers.takeSnap(GenericWrappers.java:613)
	at utils.Reporter.reportStep(Reporter.java:20)
	at wrappers.GenericWrappers.takeSnap(GenericWrappers.java:613)
	at utils.Reporter.reportStep(Reporter.java:20)
	at wrappers.GenericWrappers.takeSnap(GenericWrappers.java:613)
	at utils.Reporter.reportStep(Reporter.java:20)
	at wrappers.GenericWrappers.takeSnap(GenericWrappers.java:613)
	at utils.Reporter.reportStep(Reporter.java:20)
	at wrappers.GenericWrappers.takeSnap(GenericWrappers.java:613)
	at utils.Reporter.reportStep(Reporter.java:20)
	at wrappers.GenericWrappers.takeSnap(GenericWrappers.java:613)
	at utils.Reporter.reportStep(Reporter.java:20)
	at wrappers.GenericWrappers.takeSnap(GenericWrappers.java:613)
	at utils.Reporter.reportStep(Reporter.java:20)
	at wrappers.GenericWrappers.takeSnap(GenericWrappers.java:613)
	at utils.Reporter.reportStep(Reporter.java:20)
	at wrappers.GenericWrappers.takeSnap(GenericWrappers.java:613)
	at utils.Reporter.reportStep(Reporter.java:20)
	at wrappers.GenericWrappers.takeSnap(GenericWrappers.java:613)
	at utils.Reporter.reportStep(Reporter.java:20)
	at wrappers.GenericWrappers.takeSnap(GenericWrappers.java:613)
	at utils.Reporter.reportStep(Reporter.java:20)
	at wrappers.GenericWrappers.takeSnap(GenericWrappers.java:613)
	at utils.Reporter.reportStep(Reporter.java:20)
	at wrappers.GenericWrappers.takeSnap(GenericWrappers.java:613)
	at utils.Reporter.reportStep(Reporter.java:20)
	at wrappers.GenericWrappers.takeSnap(GenericWrappers.java:613)
	at utils.Reporter.reportStep(Reporter.java:20)
	at wrappers.GenericWrappers.takeSnap(GenericWrappers.java:613)
	at utils.Reporter.reportStep(Reporter.java:20)
	at wrappers.GenericWrappers.takeSnap(GenericWrappers.java:613)
	at utils.Reporter.reportStep(Reporter.java:20)
	at wrappers.GenericWrappers.takeSnap(GenericWrappers.java:613)
	at utils.Reporter.reportStep(Reporter.java:20)
	at wrappers.GenericWrappers.takeSnap(GenericWrappers.java:613)
	at utils.Reporter.reportStep(Reporter.java:20)
	at wrappers.GenericWrappers.takeSnap(GenericWrappers.java:613)
	at utils.Reporter.reportStep(Reporter.java:20)
	at wrappers.GenericWrappers.takeSnap(GenericWrappers.java:613)
	at utils.Reporter.reportStep(Reporter.java:20)
	at wrappers.GenericWrappers.takeSnap(GenericWrappers.java:613)
	at utils.Reporter.reportStep(Reporter.java:20)
	at wrappers.GenericWrappers.takeSnap(GenericWrappers.java:613)
	at utils.Reporter.reportStep(Reporter.java:20)
	at wrappers.GenericWrappers.takeSnap(GenericWrappers.java:613)
	at utils.Reporter.reportStep(Reporter.java:20)
	at wrappers.GenericWrappers.takeSnap(GenericWrappers.java:613)
	at utils.Reporter.reportStep(Reporter.java:20)
	at wrappers.GenericWrappers.takeSnap(GenericWrappers.java:613)
	at utils.Reporter.reportStep(Reporter.java:20)
	at wrappers.GenericWrappers.takeSnap(GenericWrappers.java:613)
	at utils.Reporter.reportStep(Reporter.java:20)
	at wrappers.GenericWrappers.takeSnap(GenericWrappers.java:613)
	at utils.Reporter.reportStep(Reporter.java:20)
	at wrappers.GenericWrappers.takeSnap(GenericWrappers.java:613)
	at utils.Reporter.reportStep(Reporter.java:20)
	at wrappers.GenericWrappers.takeSnap(GenericWrappers.java:613)
	at utils.Reporter.reportStep(Reporter.java:20)
	at wrappers.GenericWrappers.takeSnap(GenericWrappers.java:613)
	at utils.Reporter.reportStep(Reporter.java:20)
	at wrappers.GenericWrappers.takeSnap(GenericWrappers.java:613)
	at utils.Reporter.reportStep(Reporter.java:20)
	at wrappers.GenericWrappers.takeSnap(GenericWrappers.java:613)
	at utils.Reporter.reportStep(Reporter.java:20)
	at wrappers.GenericWrappers.takeSnap(GenericWrappers.java:613)
	at utils.Reporter.reportStep(Reporter.java:20)
	at wrappers.GenericWrappers.takeSnap(GenericWrappers.java:613)
	at utils.Reporter.reportStep(Reporter.java:20)
	at wrappers.GenericWrappers.takeSnap(GenericWrappers.java:613)
	at utils.Reporter.reportStep(Reporter.java:20)
	at wrappers.GenericWrappers.takeSnap(GenericWrappers.java:613)
	at utils.Reporter.reportStep(Reporter.java:20)
	at wrappers.GenericWrappers.takeSnap(GenericWrappers.java:613)
	at utils.Reporter.reportStep(Reporter.java:20)
	at wrappers.GenericWrappers.takeSnap(GenericWrappers.java:613)
	at utils.Reporter.reportStep(Reporter.java:20)
	at wrappers.GenericWrappers.takeSnap(GenericWrappers.java:613)
	at utils.Reporter.reportStep(Reporter.java:20)
	at wrappers.GenericWrappers.takeSnap(GenericWrappers.java:613)
	at utils.Reporter.reportStep(Reporter.java:20)
	at wrappers.GenericWrappers.takeSnap(GenericWrappers.java:613)
	at utils.Reporter.reportStep(Reporter.java:20)
	at wrappers.GenericWrappers.takeSnap(GenericWrappers.java:613)
	at utils.Reporter.reportStep(Reporter.java:20)
	at wrappers.GenericWrappers.takeSnap(GenericWrappers.java:613)
	at utils.Reporter.reportStep(Reporter.java:20)
	at wrappers.GenericWrappers.takeSnap(GenericWrappers.java:613)
	at utils.Reporter.reportStep(Reporter.java:20)
	at wrappers.GenericWrappers.takeSnap(GenericWrappers.java:613)
	at utils.Reporter.reportStep(Reporter.java:20)
	at wrappers.GenericWrappers.takeSnap(GenericWrappers.java:613)
	at utils.Reporter.reportStep(Reporter.java:20)
	at wrappers.GenericWrappers.takeSnap(GenericWrappers.java:613)
	at utils.Reporter.reportStep(Reporter.java:20)
	at wrappers.GenericWrappers.takeSnap(GenericWrappers.java:613)
	at utils.Reporter.reportStep(Reporter.java:20)
	at wrappers.GenericWrappers.takeSnap(GenericWrappers.java:613)
	at utils.Reporter.reportStep(Reporter.java:20)
	at wrappers.GenericWrappers.takeSnap(GenericWrappers.java:613)
	at utils.Reporter.reportStep(Reporter.java:20)
	at wrappers.GenericWrappers.takeSnap(GenericWrappers.java:613)
	at utils.Reporter.reportStep(Reporter.java:20)
	at wrappers.GenericWrappers.takeSnap(GenericWrappers.java:613)
	at utils.Reporter.reportStep(Reporter.java:20)
	at wrappers.GenericWrappers.takeSnap(GenericWrappers.java:613)
	at utils.Reporter.reportStep(Reporter.java:20)
	at wrappers.GenericWrappers.takeSnap(GenericWrappers.java:613)
	at utils.Reporter.reportStep(Reporter.java:20)
	at wrappers.GenericWrappers.takeSnap(GenericWrappers.java:613)
	at utils.Reporter.reportStep(Reporter.java:20)
	at wrappers.GenericWrappers.takeSnap(GenericWrappers.java:613)
	at utils.Reporter.reportStep(Reporter.java:20)
	at wrappers.GenericWrappers.takeSnap(GenericWrappers.java:613)
	at utils.Reporter.reportStep(Reporter.java:20)
	at wrappers.GenericWrappers.takeSnap(GenericWrappers.java:613)
	at utils.Reporter.reportStep(Reporter.java:20)
	at wrappers.GenericWrappers.takeSnap(GenericWrappers.java:613)
	at utils.Reporter.reportStep(Reporter.java:20)
	at wrappers.GenericWrappers.takeSnap(GenericWrappers.java:613)
	at utils.Reporter.reportStep(Reporter.java:20)
	at wrappers.GenericWrappers.takeSnap(GenericWrappers.java:613)
	at utils.Reporter.reportStep(Reporter.java:20)
	at wrappers.GenericWrappers.takeSnap(GenericWrappers.java:613)
	at utils.Reporter.reportStep(Reporter.java:20)
	at wrappers.GenericWrappers.takeSnap(GenericWrappers.java:613)
	at utils.Reporter.reportStep(Reporter.java:20)
	at wrappers.GenericWrappers.takeSnap(GenericWrappers.java:613)
	at utils.Reporter.reportStep(Reporter.java:20)
	at wrappers.GenericWrappers.takeSnap(GenericWrappers.java:613)
	at utils.Reporter.reportStep(Reporter.java:20)
	at wrappers.GenericWrappers.takeSnap(GenericWrappers.java:613)
	at utils.Reporter.reportStep(Reporter.java:20)
	at wrappers.GenericWrappers.takeSnap(GenericWrappers.java:613)
	at utils.Reporter.reportStep(Reporter.java:20)
	at wrappers.GenericWrappers.takeSnap(GenericWrappers.java:613)
	at utils.Reporter.reportStep(Reporter.java:20)
	at wrappers.GenericWrappers.takeSnap(GenericWrappers.java:613)
	at utils.Reporter.reportStep(Reporter.java:20)
	at wrappers.GenericWrappers.takeSnap(GenericWrappers.java:613)
	at utils.Reporter.reportStep(Reporter.java:20)
	at wrappers.GenericWrappers.takeSnap(GenericWrappers.java:613)
	at utils.Reporter.reportStep(Reporter.java:20)
	at wrappers.GenericWrappers.takeSnap(GenericWrappers.java:613)
	at utils.Reporter.reportStep(Reporter.java:20)
	at wrappers.GenericWrappers.takeSnap(GenericWrappers.java:613)
	at utils.Reporter.reportStep(Reporter.java:20)
	at wrappers.GenericWrappers.takeSnap(GenericWrappers.java:613)
	at utils.Reporter.reportStep(Reporter.java:20)
	at wrappers.GenericWrappers.takeSnap(GenericWrappers.java:613)
	at utils.Reporter.reportStep(Reporter.java:20)
	at wrappers.GenericWrappers.takeSnap(GenericWrappers.java:613)
	at utils.Reporter.reportStep(Reporter.java:20)
	at wrappers.GenericWrappers.takeSnap(GenericWrappers.java:613)
	at utils.Reporter.reportStep(Reporter.java:20)
	at wrappers.GenericWrappers.takeSnap(GenericWrappers.java:613)
	at utils.Reporter.reportStep(Reporter.java:20)
	at wrappers.GenericWrappers.takeSnap(GenericWrappers.java:613)
	at utils.Reporter.reportStep(Reporter.java:20)
	at wrappers.GenericWrappers.takeSnap(GenericWrappers.java:613)
	at utils.Reporter.reportStep(Reporter.java:20)
	at wrappers.GenericWrappers.takeSnap(GenericWrappers.java:613)
	at utils.Reporter.reportStep(Reporter.java:20)
	at wrappers.GenericWrappers.takeSnap(GenericWrappers.java:613)
	at utils.Reporter.reportStep(Reporter.java:20)
	at wrappers.GenericWrappers.takeSnap(GenericWrappers.java:613)
	at utils.Reporter.reportStep(Reporter.java:20)
	at wrappers.GenericWrappers.takeSnap(GenericWrappers.java:613)
	at utils.Reporter.reportStep(Reporter.java:20)
	at wrappers.GenericWrappers.takeSnap(GenericWrappers.java:613)
	at utils.Reporter.reportStep(Reporter.java:20)
	at wrappers.GenericWrappers.takeSnap(GenericWrappers.java:613)
	at utils.Reporter.reportStep(Reporter.java:20)
	at wrappers.GenericWrappers.takeSnap(GenericWrappers.java:613)
	at utils.Reporter.reportStep(Reporter.java:20)
	at wrappers.GenericWrappers.takeSnap(GenericWrappers.java:613)
	at utils.Reporter.reportStep(Reporter.java:20)
	at wrappers.GenericWrappers.takeSnap(GenericWrappers.java:613)
	at utils.Reporter.reportStep(Reporter.java:20)
	at wrappers.GenericWrappers.takeSnap(GenericWrappers.java:613)
	at utils.Reporter.reportStep(Reporter.java:20)
	at wrappers.GenericWrappers.takeSnap(GenericWrappers.java:613)
	at utils.Reporter.reportStep(Reporter.java:20)
	at wrappers.GenericWrappers.takeSnap(GenericWrappers.java:613)
	at utils.Reporter.reportStep(Reporter.java:20)
	at wrappers.GenericWrappers.takeSnap(GenericWrappers.java:613)
	at utils.Reporter.reportStep(Reporter.java:20)
	at wrappers.GenericWrappers.takeSnap(GenericWrappers.java:613)
	at utils.Reporter.reportStep(Reporter.java:20)
	at wrappers.GenericWrappers.takeSnap(GenericWrappers.java:613)
	at utils.Reporter.reportStep(Reporter.java:20)
	at wrappers.GenericWrappers.takeSnap(GenericWrappers.java:613)
	at utils.Reporter.reportStep(Reporter.java:20)
	at wrappers.GenericWrappers.takeSnap(GenericWrappers.java:613)
	at utils.Reporter.reportStep(Reporter.java:20)
	at wrappers.GenericWrappers.takeSnap(GenericWrappers.java:613)
	at utils.Reporter.reportStep(Reporter.java:20)
	at wrappers.GenericWrappers.takeSnap(GenericWrappers.java:613)
	at utils.Reporter.reportStep(Reporter.java:20)
	at wrappers.GenericWrappers.takeSnap(GenericWrappers.java:613)
	at utils.Reporter.reportStep(Reporter.java:20)
	at wrappers.GenericWrappers.takeSnap(GenericWrappers.java:613)
	at utils.Reporter.reportStep(Reporter.java:20)
	at wrappers.GenericWrappers.takeSnap(GenericWrappers.java:613)
	at utils.Reporter.reportStep(Reporter.java:20)
	at wrappers.GenericWrappers.takeSnap(GenericWrappers.java:613)
	at utils.Reporter.reportStep(Reporter.java:20)
	at wrappers.GenericWrappers.takeSnap(GenericWrappers.java:613)
	at utils.Reporter.reportStep(Reporter.java:20)
	at wrappers.GenericWrappers.takeSnap(GenericWrappers.java:613)
	at utils.Reporter.reportStep(Reporter.java:20)
	at wrappers.GenericWrappers.takeSnap(GenericWrappers.java:613)
	at utils.Reporter.reportStep(Reporter.java:20)
	at wrappers.GenericWrappers.takeSnap(GenericWrappers.java:613)
	at utils.Reporter.reportStep(Reporter.java:20)
	at wrappers.GenericWrappers.takeSnap(GenericWrappers.java:613)
	at utils.Reporter.reportStep(Reporter.java:20)
	at wrappers.GenericWrappers.takeSnap(GenericWrappers.java:613)
	at utils.Reporter.reportStep(Reporter.java:20)
	at wrappers.GenericWrappers.takeSnap(GenericWrappers.java:613)
	at utils.Reporter.reportStep(Reporter.java:20)
	at wrappers.GenericWrappers.takeSnap(GenericWrappers.java:613)
	at utils.Reporter.reportStep(Reporter.java:20)
	at wrappers.GenericWrappers.takeSnap(GenericWrappers.java:613)
	at utils.Reporter.reportStep(Reporter.java:20)
	at wrappers.GenericWrappers.takeSnap(GenericWrappers.java:613)
	at utils.Reporter.reportStep(Reporter.java:20)
	at wrappers.GenericWrappers.takeSnap(GenericWrappers.java:613)
	at utils.Reporter.reportStep(Reporter.java:20)
	at wrappers.GenericWrappers.takeSnap(GenericWrappers.java:613)
	at utils.Reporter.reportStep(Reporter.java:20)
	at wrappers.GenericWrappers.takeSnap(GenericWrappers.java:613)
	at utils.Reporter.reportStep(Reporter.java:20)
	at wrappers.GenericWrappers.takeSnap(GenericWrappers.java:613)
	at utils.Reporter.reportStep(Reporter.java:20)
	at wrappers.GenericWrappers.takeSnap(GenericWrappers.java:613)
	at utils.Reporter.reportStep(Reporter.java:20)
	at wrappers.GenericWrappers.takeSnap(GenericWrappers.java:613)
	at utils.Reporter.reportStep(Reporter.java:20)
	at wrappers.GenericWrappers.takeSnap(GenericWrappers.java:613)
	at utils.Reporter.reportStep(Reporter.java:20)
	at wrappers.GenericWrappers.takeSnap(GenericWrappers.java:613)
	at utils.Reporter.reportStep(Reporter.java:20)
	at wrappers.GenericWrappers.takeSnap(GenericWrappers.java:613)
	at utils.Reporter.reportStep(Reporter.java:20)
	at wrappers.GenericWrappers.takeSnap(GenericWrappers.java:613)
	at utils.Reporter.reportStep(Reporter.java:20)
	at wrappers.GenericWrappers.takeSnap(GenericWrappers.java:613)
	at utils.Reporter.reportStep(Reporter.java:20)
	at wrappers.GenericWrappers.takeSnap(GenericWrappers.java:613)
	at utils.Reporter.reportStep(Reporter.java:20)
	at wrappers.GenericWrappers.takeSnap(GenericWrappers.java:613)
	at utils.Reporter.reportStep(Reporter.java:20)
	at wrappers.GenericWrappers.takeSnap(GenericWrappers.java:613)
	at utils.Reporter.reportStep(Reporter.java:20)
	at wrappers.GenericWrappers.takeSnap(GenericWrappers.java:613)
	at utils.Reporter.reportStep(Reporter.java:20)
	at wrappers.GenericWrappers.takeSnap(GenericWrappers.java:613)
	at utils.Reporter.reportStep(Reporter.java:20)
	at wrappers.GenericWrappers.takeSnap(GenericWrappers.java:613)
	at utils.Reporter.reportStep(Reporter.java:20)
	at wrappers.GenericWrappers.takeSnap(GenericWrappers.java:613)
	at utils.Reporter.reportStep(Reporter.java:20)
	at wrappers.GenericWrappers.takeSnap(GenericWrappers.java:613)
	at utils.Reporter.reportStep(Reporter.java:20)
	at wrappers.GenericWrappers.takeSnap(GenericWrappers.java:613)
	at utils.Reporter.reportStep(Reporter.java:20)
	at wrappers.GenericWrappers.takeSnap(GenericWrappers.java:613)
	at utils.Reporter.reportStep(Reporter.java:20)
	at wrappers.GenericWrappers.takeSnap(GenericWrappers.java:613)
	at utils.Reporter.reportStep(Reporter.java:20)
	at wrappers.GenericWrappers.takeSnap(GenericWrappers.java:613)
	at utils.Reporter.reportStep(Reporter.java:20)
	at wrappers.GenericWrappers.takeSnap(GenericWrappers.java:613)
	at utils.Reporter.reportStep(Reporter.java:20)
	at wrappers.GenericWrappers.takeSnap(GenericWrappers.java:613)
	at utils.Reporter.reportStep(Reporter.java:20)
	at wrappers.GenericWrappers.takeSnap(GenericWrappers.java:613)
	at utils.Reporter.reportStep(Reporter.java:20)
	at wrappers.GenericWrappers.takeSnap(GenericWrappers.java:613)
	at utils.Reporter.reportStep(Reporter.java:20)
	at wrappers.GenericWrappers.takeSnap(GenericWrappers.java:613)
	at utils.Reporter.reportStep(Reporter.java:20)
	at wrappers.GenericWrappers.takeSnap(GenericWrappers.java:613)
	at utils.Reporter.reportStep(Reporter.java:20)
	at wrappers.GenericWrappers.takeSnap(GenericWrappers.java:613)
	at utils.Reporter.reportStep(Reporter.java:20)
	at wrappers.GenericWrappers.takeSnap(GenericWrappers.java:613)
	at utils.Reporter.reportStep(Reporter.java:20)
	at wrappers.GenericWrappers.takeSnap(GenericWrappers.java:613)
	at utils.Reporter.reportStep(Reporter.java:20)
	at wrappers.GenericWrappers.takeSnap(GenericWrappers.java:613)
	at utils.Reporter.reportStep(Reporter.java:20)
	at wrappers.GenericWrappers.takeSnap(GenericWrappers.java:613)
	at utils.Reporter.reportStep(Reporter.java:20)
	at wrappers.GenericWrappers.takeSnap(GenericWrappers.java:613)
	at utils.Reporter.reportStep(Reporter.java:20)
	at wrappers.GenericWrappers.takeSnap(GenericWrappers.java:613)
	at utils.Reporter.reportStep(Reporter.java:20)
	at wrappers.GenericWrappers.takeSnap(GenericWrappers.java:613)
	at utils.Reporter.reportStep(Reporter.java:20)
	at wrappers.GenericWrappers.takeSnap(GenericWrappers.java:613)
	at utils.Reporter.reportStep(Reporter.java:20)
	at wrappers.GenericWrappers.takeSnap(GenericWrappers.java:613)
	at utils.Reporter.reportStep(Reporter.java:20)
	at wrappers.GenericWrappers.takeSnap(GenericWrappers.java:613)
	at utils.Reporter.reportStep(Reporter.java:20)
	at wrappers.GenericWrappers.takeSnap(GenericWrappers.java:613)
	at utils.Reporter.reportStep(Reporter.java:20)
	at wrappers.GenericWrappers.takeSnap(GenericWrappers.java:613)
	at utils.Reporter.reportStep(Reporter.java:20)
	at wrappers.GenericWrappers.takeSnap(GenericWrappers.java:613)
	at utils.Reporter.reportStep(Reporter.java:20)
	at wrappers.GenericWrappers.takeSnap(GenericWrappers.java:613)
	at utils.Reporter.reportStep(Reporter.java:20)
	at wrappers.GenericWrappers.takeSnap(GenericWrappers.java:613)
	at utils.Reporter.reportStep(Reporter.java:20)
	at wrappers.GenericWrappers.takeSnap(GenericWrappers.java:613)
	at utils.Reporter.reportStep(Reporter.java:20)
	at wrappers.GenericWrappers.takeSnap(GenericWrappers.java:613)
	at utils.Reporter.reportStep(Reporter.java:20)
	at wrappers.GenericWrappers.takeSnap(GenericWrappers.java:613)
	at utils.Reporter.reportStep(Reporter.java:20)
	at wrappers.GenericWrappers.takeSnap(GenericWrappers.java:613)
	at utils.Reporter.reportStep(Reporter.java:20)
	at wrappers.GenericWrappers.takeSnap(GenericWrappers.java:613)
	at utils.Reporter.reportStep(Reporter.java:20)
	at wrappers.GenericWrappers.takeSnap(GenericWrappers.java:613)
	at utils.Reporter.reportStep(Reporter.java:20)
	at wrappers.GenericWrappers.takeSnap(GenericWrappers.java:613)
	at utils.Reporter.reportStep(Reporter.java:20)
	at wrappers.GenericWrappers.takeSnap(GenericWrappers.java:613)
	at utils.Reporter.reportStep(Reporter.java:20)
	at wrappers.GenericWrappers.takeSnap(GenericWrappers.java:613)
	at utils.Reporter.reportStep(Reporter.java:20)
	at wrappers.GenericWrappers.takeSnap(GenericWrappers.java:613)
	at utils.Reporter.reportStep(Reporter.java:20)
	at wrappers.GenericWrappers.takeSnap(GenericWrappers.java:613)
	at utils.Reporter.reportStep(Reporter.java:20)
	at wrappers.GenericWrappers.takeSnap(GenericWrappers.java:613)
	at utils.Reporter.reportStep(Reporter.java:20)
	at wrappers.GenericWrappers.takeSnap(GenericWrappers.java:613)
	at utils.Reporter.reportStep(Reporter.java:20)
	at wrappers.GenericWrappers.takeSnap(GenericWrappers.java:613)
	at utils.Reporter.reportStep(Reporter.java:20)
	at wrappers.GenericWrappers.takeSnap(GenericWrappers.java:613)
	at utils.Reporter.reportStep(Reporter.java:20)
	at wrappers.GenericWrappers.takeSnap(GenericWrappers.java:613)
	at utils.Reporter.reportStep(Reporter.java:20)
	at wrappers.GenericWrappers.takeSnap(GenericWrappers.java:613)
	at utils.Reporter.reportStep(Reporter.java:20)
	at wrappers.GenericWrappers.takeSnap(GenericWrappers.java:613)
	at utils.Reporter.reportStep(Reporter.java:20)
	at wrappers.GenericWrappers.takeSnap(GenericWrappers.java:613)
	at utils.Reporter.reportStep(Reporter.java:20)
	at wrappers.GenericWrappers.takeSnap(GenericWrappers.java:613)
	at utils.Reporter.reportStep(Reporter.java:20)
	at wrappers.GenericWrappers.takeSnap(GenericWrappers.java:613)
	at utils.Reporter.reportStep(Reporter.java:20)
	at wrappers.GenericWrappers.takeSnap(GenericWrappers.java:613)
	at utils.Reporter.reportStep(Reporter.java:20)
	at wrappers.GenericWrappers.takeSnap(GenericWrappers.java:613)
	at utils.Reporter.reportStep(Reporter.java:20)
	at wrappers.GenericWrappers.takeSnap(GenericWrappers.java:613)
	at utils.Reporter.reportStep(Reporter.java:20)
	at wrappers.GenericWrappers.takeSnap(GenericWrappers.java:613)
	at utils.Reporter.reportStep(Reporter.java:20)
	at wrappers.GenericWrappers.takeSnap(GenericWrappers.java:613)
	at utils.Reporter.reportStep(Reporter.java:20)
	at wrappers.GenericWrappers.takeSnap(GenericWrappers.java:613)
	at utils.Reporter.reportStep(Reporter.java:20)
	at wrappers.GenericWrappers.takeSnap(GenericWrappers.java:613)
	at utils.Reporter.reportStep(Reporter.java:20)
	at wrappers.GenericWrappers.takeSnap(GenericWrappers.java:613)
	at utils.Reporter.reportStep(Reporter.java:20)
	at wrappers.GenericWrappers.takeSnap(GenericWrappers.java:613)
	at utils.Reporter.reportStep(Reporter.java:20)
	at wrappers.GenericWrappers.takeSnap(GenericWrappers.java:613)
	at utils.Reporter.reportStep(Reporter.java:20)
	at wrappers.GenericWrappers.takeSnap(GenericWrappers.java:613)
	at utils.Reporter.reportStep(Reporter.java:20)
	at wrappers.GenericWrappers.takeSnap(GenericWrappers.java:613)
	at utils.Reporter.reportStep(Reporter.java:20)
	at wrappers.GenericWrappers.takeSnap(GenericWrappers.java:613)
	at utils.Reporter.reportStep(Reporter.java:20)
	at wrappers.GenericWrappers.takeSnap(GenericWrappers.java:613)
	at utils.Reporter.reportStep(Reporter.java:20)
	at wrappers.GenericWrappers.takeSnap(GenericWrappers.java:613)
	at utils.Reporter.reportStep(Reporter.java:20)
	at wrappers.GenericWrappers.takeSnap(GenericWrappers.java:613)
	at utils.Reporter.reportStep(Reporter.java:20)
	at wrappers.GenericWrappers.takeSnap(GenericWrappers.java:613)
	at utils.Reporter.reportStep(Reporter.java:20)
	at wrappers.GenericWrappers.takeSnap(GenericWrappers.java:613)
	at utils.Reporter.reportStep(Reporter.java:20)
	at wrappers.GenericWrappers.takeSnap(GenericWrappers.java:613)
	at utils.Reporter.reportStep(Reporter.java:20)
	at wrappers.GenericWrappers.takeSnap(GenericWrappers.java:613)
	at utils.Reporter.reportStep(Reporter.java:20)
	at wrappers.GenericWrappers.takeSnap(GenericWrappers.java:613)
	at utils.Reporter.reportStep(Reporter.java:20)
	at wrappers.GenericWrappers.takeSnap(GenericWrappers.java:613)
	at utils.Reporter.reportStep(Reporter.java:20)
	at wrappers.GenericWrappers.takeSnap(GenericWrappers.java:613)
	at utils.Reporter.reportStep(Reporter.java:20)
	at wrappers.GenericWrappers.takeSnap(GenericWrappers.java:613)
	at utils.Reporter.reportStep(Reporter.java:20)
	at wrappers.GenericWrappers.takeSnap(GenericWrappers.java:613)
	at utils.Reporter.reportStep(Reporter.java:20)
	at wrappers.GenericWrappers.takeSnap(GenericWrappers.java:613)
	at utils.Reporter.reportStep(Reporter.java:20)
	at wrappers.GenericWrappers.takeSnap(GenericWrappers.java:613)
	at utils.Reporter.reportStep(Reporter.java:20)
	at wrappers.GenericWrappers.takeSnap(GenericWrappers.java:613)
	at utils.Reporter.reportStep(Reporter.java:20)
	at wrappers.GenericWrappers.takeSnap(GenericWrappers.java:613)
	at utils.Reporter.reportStep(Reporter.java:20)
	at wrappers.GenericWrappers.takeSnap(GenericWrappers.java:613)
	at utils.Reporter.reportStep(Reporter.java:20)
	at wrappers.GenericWrappers.takeSnap(GenericWrappers.java:613)
	at utils.Reporter.reportStep(Reporter.java:20)
	at wrappers.GenericWrappers.takeSnap(GenericWrappers.java:613)
	at utils.Reporter.reportStep(Reporter.java:20)
	at wrappers.GenericWrappers.takeSnap(GenericWrappers.java:613)
	at utils.Reporter.reportStep(Reporter.java:20)
	at wrappers.GenericWrappers.takeSnap(GenericWrappers.java:613)
	at utils.Reporter.reportStep(Reporter.java:20)
	at wrappers.GenericWrappers.takeSnap(GenericWrappers.java:613)
	at utils.Reporter.reportStep(Reporter.java:20)
	at wrappers.GenericWrappers.takeSnap(GenericWrappers.java:613)
	at utils.Reporter.reportStep(Reporter.java:20)
	at wrappers.GenericWrappers.takeSnap(GenericWrappers.java:613)
	at utils.Reporter.reportStep(Reporter.java:20)
	at wrappers.GenericWrappers.takeSnap(GenericWrappers.java:613)
	at utils.Reporter.reportStep(Reporter.java:20)
	at wrappers.GenericWrappers.takeSnap(GenericWrappers.java:613)
	at utils.Reporter.reportStep(Reporter.java:20)
	at wrappers.GenericWrappers.takeSnap(GenericWrappers.java:613)
	at utils.Reporter.reportStep(Reporter.java:20)
	at wrappers.GenericWrappers.takeSnap(GenericWrappers.java:613)
	at utils.Reporter.reportStep(Reporter.java:20)
	at wrappers.GenericWrappers.takeSnap(GenericWrappers.java:613)
	at utils.Reporter.reportStep(Reporter.java:20)
	at wrappers.GenericWrappers.takeSnap(GenericWrappers.java:613)
	at utils.Reporter.reportStep(Reporter.java:20)
	at wrappers.GenericWrappers.takeSnap(GenericWrappers.java:613)
	at utils.Reporter.reportStep(Reporter.java:20)
	at wrappers.GenericWrappers.takeSnap(GenericWrappers.java:613)
	at utils.Reporter.reportStep(Reporter.java:20)
	at wrappers.GenericWrappers.takeSnap(GenericWrappers.java:613)
	at utils.Reporter.reportStep(Reporter.java:20)
	at wrappers.GenericWrappers.takeSnap(GenericWrappers.java:613)
	at utils.Reporter.reportStep(Reporter.java:20)
	at wrappers.GenericWrappers.takeSnap(GenericWrappers.java:613)
	at utils.Reporter.reportStep(Reporter.java:20)
	at wrappers.GenericWrappers.takeSnap(GenericWrappers.java:613)
	at utils.Reporter.reportStep(Reporter.java:20)
	at wrappers.GenericWrappers.takeSnap(GenericWrappers.java:613)
	at utils.Reporter.reportStep(Reporter.java:20)
	at wrappers.GenericWrappers.takeSnap(GenericWrappers.java:613)
	at utils.Reporter.reportStep(Reporter.java:20)
	at wrappers.GenericWrappers.takeSnap(GenericWrappers.java:613)
	at utils.Reporter.reportStep(Reporter.java:20)
	at wrappers.GenericWrappers.takeSnap(GenericWrappers.java:613)
	at utils.Reporter.reportStep(Reporter.java:20)
	at wrappers.GenericWrappers.takeSnap(GenericWrappers.java:613)
	at utils.Reporter.reportStep(Reporter.java:20)
	at wrappers.GenericWrappers.takeSnap(GenericWrappers.java:613)
	at utils.Reporter.reportStep(Reporter.java:20)
	at wrappers.GenericWrappers.takeSnap(GenericWrappers.java:613)
	at utils.Reporter.reportStep(Reporter.java:20)
	at wrappers.GenericWrappers.takeSnap(GenericWrappers.java:613)
	at utils.Reporter.reportStep(Reporter.java:20)
	at wrappers.GenericWrappers.takeSnap(GenericWrappers.java:613)
	at utils.Reporter.reportStep(Reporter.java:20)
	at wrappers.GenericWrappers.takeSnap(GenericWrappers.java:613)
	at utils.Reporter.reportStep(Reporter.java:20)
	at wrappers.GenericWrappers.takeSnap(GenericWrappers.java:613)
	at utils.Reporter.reportStep(Reporter.java:20)
	at wrappers.GenericWrappers.takeSnap(GenericWrappers.java:613)
	at utils.Reporter.reportStep(Reporter.java:20)
	at wrappers.GenericWrappers.takeSnap(GenericWrappers.java:613)
	at utils.Reporter.reportStep(Reporter.java:20)
	at wrappers.GenericWrappers.takeSnap(GenericWrappers.java:613)
	at utils.Reporter.reportStep(Reporter.java:20)
	at wrappers.GenericWrappers.takeSnap(GenericWrappers.java:613)
	at utils.Reporter.reportStep(Reporter.java:20)
	at wrappers.GenericWrappers.takeSnap(GenericWrappers.java:613)
	at utils.Reporter.reportStep(Reporter.java:20)
	at wrappers.GenericWrappers.takeSnap(GenericWrappers.java:613)
	at utils.Reporter.reportStep(Reporter.java:20)
	at wrappers.GenericWrappers.takeSnap(GenericWrappers.java:613)
	at utils.Reporter.reportStep(Reporter.java:20)
	at wrappers.GenericWrappers.takeSnap(GenericWrappers.java:613)
	at utils.Reporter.reportStep(Reporter.java:20)
	at wrappers.GenericWrappers.takeSnap(GenericWrappers.java:613)
	at utils.Reporter.reportStep(Reporter.java:20)
	at wrappers.GenericWrappers.takeSnap(GenericWrappers.java:613)
	at utils.Reporter.reportStep(Reporter.java:20)
	at wrappers.GenericWrappers.takeSnap(GenericWrappers.java:613)
	at utils.Reporter.reportStep(Reporter.java:20)
	at wrappers.GenericWrappers.takeSnap(GenericWrappers.java:613)
	at utils.Reporter.reportStep(Reporter.java:20)
	at wrappers.GenericWrappers.takeSnap(GenericWrappers.java:613)
	at utils.Reporter.reportStep(Reporter.java:20)
	at wrappers.GenericWrappers.takeSnap(GenericWrappers.java:613)
	at utils.Reporter.reportStep(Reporter.java:20)
	at wrappers.GenericWrappers.takeSnap(GenericWrappers.java:613)
	at utils.Reporter.reportStep(Reporter.java:20)
	at wrappers.GenericWrappers.takeSnap(GenericWrappers.java:613)
	at utils.Reporter.reportStep(Reporter.java:20)
	at wrappers.GenericWrappers.takeSnap(GenericWrappers.java:613)
	at utils.Reporter.reportStep(Reporter.java:20)
	at wrappers.GenericWrappers.takeSnap(GenericWrappers.java:613)
	at utils.Reporter.reportStep(Reporter.java:20)
	at wrappers.GenericWrappers.takeSnap(GenericWrappers.java:613)
	at utils.Reporter.reportStep(Reporter.java:20)
	at wrappers.GenericWrappers.takeSnap(GenericWrappers.java:613)
	at utils.Reporter.reportStep(Reporter.java:20)
	at wrappers.GenericWrappers.takeSnap(GenericWrappers.java:613)
	at utils.Reporter.reportStep(Reporter.java:20)
	at wrappers.GenericWrappers.takeSnap(GenericWrappers.java:613)
	at utils.Reporter.reportStep(Reporter.java:20)
	at wrappers.GenericWrappers.takeSnap(GenericWrappers.java:613)
	at utils.Reporter.reportStep(Reporter.java:20)
	at wrappers.GenericWrappers.takeSnap(GenericWrappers.java:613)
	at utils.Reporter.reportStep(Reporter.java:20)
	at wrappers.GenericWrappers.takeSnap(GenericWrappers.java:613)
	at utils.Reporter.reportStep(Reporter.java:20)
	at wrappers.GenericWrappers.takeSnap(GenericWrappers.java:613)
	at utils.Reporter.reportStep(Reporter.java:20)
	at wrappers.GenericWrappers.takeSnap(GenericWrappers.java:613)
	at utils.Reporter.reportStep(Reporter.java:20)
	at wrappers.GenericWrappers.takeSnap(GenericWrappers.java:613)
	at utils.Reporter.reportStep(Reporter.java:20)
	at wrappers.GenericWrappers.takeSnap(GenericWrappers.java:613)
	at utils.Reporter.reportStep(Reporter.java:20)
	at wrappers.GenericWrappers.takeSnap(GenericWrappers.java:613)
	at utils.Reporter.reportStep(Reporter.java:20)
	at wrappers.GenericWrappers.takeSnap(GenericWrappers.java:613)
	at utils.Reporter.reportStep(Reporter.java:20)
	at wrappers.GenericWrappers.takeSnap(GenericWrappers.java:613)
	at utils.Reporter.reportStep(Reporter.java:20)
	at wrappers.GenericWrappers.takeSnap(GenericWrappers.java:613)
	at utils.Reporter.reportStep(Reporter.java:20)
	at wrappers.GenericWrappers.takeSnap(GenericWrappers.java:613)
	at utils.Reporter.reportStep(Reporter.java:20)
	at wrappers.GenericWrappers.takeSnap(GenericWrappers.java:613)
	at utils.Reporter.reportStep(Reporter.java:20)
	at wrappers.GenericWrappers.takeSnap(GenericWrappers.java:613)
	at utils.Reporter.reportStep(Reporter.java:20)
	at wrappers.GenericWrappers.takeSnap(GenericWrappers.java:613)
	at utils.Reporter.reportStep(Reporter.java:20)
	at wrappers.GenericWrappers.takeSnap(GenericWrappers.java:613)
	at utils.Reporter.reportStep(Reporter.java:20)
	at wrappers.GenericWrappers.takeSnap(GenericWrappers.java:613)
	at utils.Reporter.reportStep(Reporter.java:20)
	at wrappers.GenericWrappers.takeSnap(GenericWrappers.java:613)
	at utils.Reporter.reportStep(Reporter.java:20)
	at wrappers.GenericWrappers.takeSnap(GenericWrappers.java:613)
	at utils.Reporter.reportStep(Reporter.java:20)
	at wrappers.GenericWrappers.takeSnap(GenericWrappers.java:613)
	at utils.Reporter.reportStep(Reporter.java:20)
	at wrappers.GenericWrappers.takeSnap(GenericWrappers.java:613)
	at utils.Reporter.reportStep(Reporter.java:20)
	at wrappers.GenericWrappers.takeSnap(GenericWrappers.java:613)
	at utils.Reporter.reportStep(Reporter.java:20)
	at wrappers.GenericWrappers.takeSnap(GenericWrappers.java:613)
	at utils.Reporter.reportStep(Reporter.java:20)
	at wrappers.GenericWrappers.takeSnap(GenericWrappers.java:613)
	at utils.Reporter.reportStep(Reporter.java:20)
	at wrappers.GenericWrappers.takeSnap(GenericWrappers.java:613)
	at utils.Reporter.reportStep(Reporter.java:20)
	at wrappers.GenericWrappers.takeSnap(GenericWrappers.java:613)
	at utils.Reporter.reportStep(Reporter.java:20)
	at wrappers.GenericWrappers.takeSnap(GenericWrappers.java:613)
	at utils.Reporter.reportStep(Reporter.java:20)
	at wrappers.GenericWrappers.takeSnap(GenericWrappers.java:613)
	at utils.Reporter.reportStep(Reporter.java:20)
	at wrappers.GenericWrappers.takeSnap(GenericWrappers.java:613)
	at utils.Reporter.reportStep(Reporter.java:20)
	at wrappers.GenericWrappers.takeSnap(GenericWrappers.java:613)
	at utils.Reporter.reportStep(Reporter.java:20)
	at wrappers.GenericWrappers.takeSnap(GenericWrappers.java:613)
	at utils.Reporter.reportStep(Reporter.java:20)
	at wrappers.GenericWrappers.takeSnap(GenericWrappers.java:613)
	at utils.Reporter.reportStep(Reporter.java:20)
	at wrappers.GenericWrappers.takeSnap(GenericWrappers.java:613)
	at utils.Reporter.reportStep(Reporter.java:20)
	at wrappers.GenericWrappers.takeSnap(GenericWrappers.java:613)
	at utils.Reporter.reportStep(Reporter.java:20)
	at wrappers.GenericWrappers.takeSnap(GenericWrappers.java:613)
	at utils.Reporter.reportStep(Reporter.java:20)
	at wrappers.GenericWrappers.takeSnap(GenericWrappers.java:613)
	at utils.Reporter.reportStep(Reporter.java:20)
	at wrappers.GenericWrappers.takeSnap(GenericWrappers.java:613)
	at utils.Reporter.reportStep(Reporter.java:20)
	at wrappers.GenericWrappers.takeSnap(GenericWrappers.java:613)
	at utils.Reporter.reportStep(Reporter.java:20)
	at wrappers.GenericWrappers.takeSnap(GenericWrappers.java:613)
	at utils.Reporter.reportStep(Reporter.java:20)
	at wrappers.GenericWrappers.takeSnap(GenericWrappers.java:613)
	at utils.Reporter.reportStep(Reporter.java:20)
	at wrappers.GenericWrappers.takeSnap(GenericWrappers.java:613)
	at utils.Reporter.reportStep(Reporter.java:20)
	at wrappers.GenericWrappers.takeSnap(GenericWrappers.java:613)
	at utils.Reporter.reportStep(Reporter.java:20)
	at wrappers.GenericWrappers.takeSnap(GenericWrappers.java:613)
	at utils.Reporter.reportStep(Reporter.java:20)
	at wrappers.GenericWrappers.takeSnap(GenericWrappers.java:613)
	at utils.Reporter.reportStep(Reporter.java:20)
	at wrappers.GenericWrappers.takeSnap(GenericWrappers.java:613)
	at utils.Reporter.reportStep(Reporter.java:20)
	at wrappers.GenericWrappers.takeSnap(GenericWrappers.java:613)
	at utils.Reporter.reportStep(Reporter.java:20)
	at wrappers.GenericWrappers.takeSnap(GenericWrappers.java:613)
	at utils.Reporter.reportStep(Reporter.java:20)
	at wrappers.GenericWrappers.takeSnap(GenericWrappers.java:613)
	at utils.Reporter.reportStep(Reporter.java:20)
	at wrappers.GenericWrappers.takeSnap(GenericWrappers.java:613)
	at utils.Reporter.reportStep(Reporter.java:20)
	at wrappers.GenericWrappers.takeSnap(GenericWrappers.java:613)
	at utils.Reporter.reportStep(Reporter.java:20)
	at wrappers.GenericWrappers.takeSnap(GenericWrappers.java:613)
	at utils.Reporter.reportStep(Reporter.java:20)
	at wrappers.GenericWrappers.takeSnap(GenericWrappers.java:613)
	at utils.Reporter.reportStep(Reporter.java:20)
	at wrappers.GenericWrappers.takeSnap(GenericWrappers.java:613)
	at utils.Reporter.reportStep(Reporter.java:20)
	at wrappers.GenericWrappers.takeSnap(GenericWrappers.java:613)
	at utils.Reporter.reportStep(Reporter.java:20)
	at wrappers.GenericWrappers.takeSnap(GenericWrappers.java:613)
	at utils.Reporter.reportStep(Reporter.java:20)
	at wrappers.GenericWrappers.takeSnap(GenericWrappers.java:613)
	at utils.Reporter.reportStep(Reporter.java:20)
	at wrappers.GenericWrappers.takeSnap(GenericWrappers.java:613)
	at utils.Reporter.reportStep(Reporter.java:20)
	at wrappers.GenericWrappers.takeSnap(GenericWrappers.java:613)
	at utils.Reporter.reportStep(Reporter.java:20)
	at wrappers.GenericWrappers.takeSnap(GenericWrappers.java:613)
	at utils.Reporter.reportStep(Reporter.java:20)
	at wrappers.GenericWrappers.takeSnap(GenericWrappers.java:613)
	at utils.Reporter.reportStep(Reporter.java:20)
	at wrappers.GenericWrappers.takeSnap(GenericWrappers.java:613)
	at utils.Reporter.reportStep(Reporter.java:20)
	at wrappers.GenericWrappers.takeSnap(GenericWrappers.java:613)
	at utils.Reporter.reportStep(Reporter.java:20)
	at wrappers.GenericWrappers.takeSnap(GenericWrappers.java:613)
	at utils.Reporter.reportStep(Reporter.java:20)
	at wrappers.GenericWrappers.takeSnap(GenericWrappers.java:613)
	at utils.Reporter.reportStep(Reporter.java:20)
	at wrappers.GenericWrappers.takeSnap(GenericWrappers.java:613)
	at utils.Reporter.reportStep(Reporter.java:20)
	at wrappers.GenericWrappers.takeSnap(GenericWrappers.java:613)
	at utils.Reporter.reportStep(Reporter.java:20)
	at wrappers.GenericWrappers.takeSnap(GenericWrappers.java:613)
	at utils.Reporter.reportStep(Reporter.java:20)
	at wrappers.GenericWrappers.takeSnap(GenericWrappers.java:613)
	at utils.Reporter.reportStep(Reporter.java:20)
	at wrappers.GenericWrappers.takeSnap(GenericWrappers.java:613)
	at utils.Reporter.reportStep(Reporter.java:20)
	at wrappers.GenericWrappers.takeSnap(GenericWrappers.java:613)
	at utils.Reporter.reportStep(Reporter.java:20)
	at wrappers.GenericWrappers.takeSnap(GenericWrappers.java:613)
	at utils.Reporter.reportStep(Reporter.java:20)
	at wrappers.GenericWrappers.takeSnap(GenericWrappers.java:613)
	at utils.Reporter.reportStep(Reporter.java:20)
	at wrappers.GenericWrappers.takeSnap(GenericWrappers.java:613)
	at utils.Reporter.reportStep(Reporter.java:20)
	at wrappers.GenericWrappers.takeSnap(GenericWrappers.java:613)
	at utils.Reporter.reportStep(Reporter.java:20)
	at wrappers.GenericWrappers.takeSnap(GenericWrappers.java:613)
	at utils.Reporter.reportStep(Reporter.java:20)
	at wrappers.GenericWrappers.takeSnap(GenericWrappers.java:613)
	at utils.Reporter.reportStep(Reporter.java:20)
	at wrappers.GenericWrappers.takeSnap(GenericWrappers.java:613)
	at utils.Reporter.reportStep(Reporter.java:20)
	at wrappers.GenericWrappers.takeSnap(GenericWrappers.java:613)
	at utils.Reporter.reportStep(Reporter.java:20)
	at wrappers.GenericWrappers.takeSnap(GenericWrappers.java:613)
	at utils.Reporter.reportStep(Reporter.java:20)
	at wrappers.GenericWrappers.takeSnap(GenericWrappers.java:613)
	at utils.Reporter.reportStep(Reporter.java:20)
	at wrappers.GenericWrappers.takeSnap(GenericWrappers.java:613)
	at utils.Reporter.reportStep(Reporter.java:20)
	at wrappers.GenericWrappers.takeSnap(GenericWrappers.java:613)
	at utils.Reporter.reportStep(Reporter.java:20)
	at wrappers.GenericWrappers.takeSnap(GenericWrappers.java:613)
	at utils.Reporter.reportStep(Reporter.java:20)
	at wrappers.GenericWrappers.takeSnap(GenericWrappers.java:613)
	at utils.Reporter.reportStep(Reporter.java:20)
	at wrappers.GenericWrappers.takeSnap(GenericWrappers.java:613)
	at utils.Reporter.reportStep(Reporter.java:20)
	at wrappers.GenericWrappers.takeSnap(GenericWrappers.java:613)
	at utils.Reporter.reportStep(Reporter.java:20)
	at wrappers.GenericWrappers.takeSnap(GenericWrappers.java:613)
	at utils.Reporter.reportStep(Reporter.java:20)
	at wrappers.GenericWrappers.takeSnap(GenericWrappers.java:613)
	at utils.Reporter.reportStep(Reporter.java:20)
	at wrappers.GenericWrappers.takeSnap(GenericWrappers.java:613)
	at utils.Reporter.reportStep(Reporter.java:20)
	at wrappers.GenericWrappers.takeSnap(GenericWrappers.java:613)
	at utils.Reporter.reportStep(Reporter.java:20)
	at wrappers.GenericWrappers.takeSnap(GenericWrappers.java:613)
	at utils.Reporter.reportStep(Reporter.java:20)
	at wrappers.GenericWrappers.takeSnap(GenericWrappers.java:613)
	at utils.Reporter.reportStep(Reporter.java:20)
	at wrappers.GenericWrappers.takeSnap(GenericWrappers.java:613)
	at utils.Reporter.reportStep(Reporter.java:20)
	at wrappers.GenericWrappers.takeSnap(GenericWrappers.java:613)
	at utils.Reporter.reportStep(Reporter.java:20)
	at wrappers.GenericWrappers.takeSnap(GenericWrappers.java:613)
	at utils.Reporter.reportStep(Reporter.java:20)
	at wrappers.GenericWrappers.takeSnap(GenericWrappers.java:613)
	at utils.Reporter.reportStep(Reporter.java:20)
	at wrappers.GenericWrappers.takeSnap(GenericWrappers.java:613)
	at utils.Reporter.reportStep(Reporter.java:20)
	at wrappers.GenericWrappers.takeSnap(GenericWrappers.java:613)
	at utils.Reporter.reportStep(Reporter.java:20)
	at wrappers.GenericWrappers.takeSnap(GenericWrappers.java:613)
	at utils.Reporter.reportStep(Reporter.java:20)
	at wrappers.GenericWrappers.takeSnap(GenericWrappers.java:613)
	at utils.Reporter.reportStep(Reporter.java:20)
	at wrappers.GenericWrappers.takeSnap(GenericWrappers.java:613)
	at utils.Reporter.reportStep(Reporter.java:20)
	at wrappers.GenericWrappers.takeSnap(GenericWrappers.java:613)
	at utils.Reporter.reportStep(Reporter.java:20)
	at wrappers.GenericWrappers.takeSnap(GenericWrappers.java:613)
	at utils.Reporter.reportStep(Reporter.java:20)
	at wrappers.GenericWrappers.takeSnap(GenericWrappers.java:613)
	at utils.Reporter.reportStep(Reporter.java:20)
	at wrappers.GenericWrappers.takeSnap(GenericWrappers.java:613)
	at utils.Reporter.reportStep(Reporter.java:20)
	at wrappers.GenericWrappers.takeSnap(GenericWrappers.java:613)
	at utils.Reporter.reportStep(Reporter.java:20)
	at wrappers.GenericWrappers.takeSnap(GenericWrappers.java:613)
	at utils.Reporter.reportStep(Reporter.java:20)
	at wrappers.GenericWrappers.takeSnap(GenericWrappers.java:613)
	at utils.Reporter.reportStep(Reporter.java:20)
	at wrappers.GenericWrappers.takeSnap(GenericWrappers.java:613)
	at utils.Reporter.reportStep(Reporter.java:20)
	at wrappers.GenericWrappers.takeSnap(GenericWrappers.java:613)
	at utils.Reporter.reportStep(Reporter.java:20)
	at wrappers.GenericWrappers.takeSnap(GenericWrappers.java:613)
	at utils.Reporter.reportStep(Reporter.java:20)
	at wrappers.GenericWrappers.takeSnap(GenericWrappers.java:613)
	at utils.Reporter.reportStep(Reporter.java:20)
	at wrappers.GenericWrappers.takeSnap(GenericWrappers.java:613)
	at utils.Reporter.reportStep(Reporter.java:20)
	at wrappers.GenericWrappers.takeSnap(GenericWrappers.java:613)
	at utils.Reporter.reportStep(Reporter.java:20)
	at wrappers.GenericWrappers.takeSnap(GenericWrappers.java:613)
	at utils.Reporter.reportStep(Reporter.java:20)
	at wrappers.GenericWrappers.takeSnap(GenericWrappers.java:613)
	at utils.Reporter.reportStep(Reporter.java:20)
	at wrappers.GenericWrappers.takeSnap(GenericWrappers.java:613)
	at utils.Reporter.reportStep(Reporter.java:20)
	at wrappers.GenericWrappers.takeSnap(GenericWrappers.java:613)
	at utils.Reporter.reportStep(Reporter.java:20)
	at wrappers.GenericWrappers.takeSnap(GenericWrappers.java:613)
	at utils.Reporter.reportStep(Reporter.java:20)
	at wrappers.GenericWrappers.takeSnap(GenericWrappers.java:613)
	at utils.Reporter.reportStep(Reporter.java:20)
	at wrappers.GenericWrappers.takeSnap(GenericWrappers.java:613)
	at utils.Reporter.reportStep(Reporter.java:20)
	at wrappers.GenericWrappers.takeSnap(GenericWrappers.java:613)
	at utils.Reporter.reportStep(Reporter.java:20)
	at wrappers.GenericWrappers.takeSnap(GenericWrappers.java:613)
	at utils.Reporter.reportStep(Reporter.java:20)
	at wrappers.GenericWrappers.takeSnap(GenericWrappers.java:613)
	at utils.Reporter.reportStep(Reporter.java:20)
	at wrappers.GenericWrappers.takeSnap(GenericWrappers.java:613)
	at utils.Reporter.reportStep(Reporter.java:20)
	at wrappers.GenericWrappers.takeSnap(GenericWrappers.java:613)
	at utils.Reporter.reportStep(Reporter.java:20)
	at wrappers.GenericWrappers.takeSnap(GenericWrappers.java:613)
	at utils.Reporter.reportStep(Reporter.java:20)
	at wrappers.GenericWrappers.takeSnap(GenericWrappers.java:613)
	at utils.Reporter.reportStep(Reporter.java:20)
	at wrappers.GenericWrappers.takeSnap(GenericWrappers.java:613)
]]>
    </error>
  </testcase> <!-- login -->
  <testcase name="login" time="0.002" classname="testCases.TC001_Login">
    <error type="java.lang.StackOverflowError">
      <![CDATA[java.lang.StackOverflowError
	at java.util.regex.Pattern$Branch.match(Unknown Source)
	at java.util.regex.Pattern$BranchConn.match(Unknown Source)
	at java.util.regex.Pattern$GroupTail.match(Unknown Source)
	at java.util.regex.Pattern$Curly.match0(Unknown Source)
	at java.util.regex.Pattern$Curly.match(Unknown Source)
	at java.util.regex.Pattern$GroupHead.match(Unknown Source)
	at java.util.regex.Pattern$Branch.match(Unknown Source)
	at java.util.regex.Pattern$Branch.match(Unknown Source)
	at java.util.regex.Pattern$BmpCharProperty.match(Unknown Source)
	at java.util.regex.Pattern$Start.match(Unknown Source)
	at java.util.regex.Matcher.search(Unknown Source)
	at java.util.regex.Matcher.find(Unknown Source)
	at java.util.Formatter.parse(Unknown Source)
	at java.util.Formatter.format(Unknown Source)
	at java.util.Formatter.format(Unknown Source)
	at java.lang.String.format(Unknown Source)
	at org.openqa.selenium.remote.RemoteWebDriver.execute(RemoteWebDriver.java:549)
	at org.openqa.selenium.remote.RemoteWebDriver.execute(RemoteWebDriver.java:609)
	at org.openqa.selenium.remote.RemoteWebDriver.getScreenshotAs(RemoteWebDriver.java:295)
	at wrappers.GenericWrappers.takeSnap(GenericWrappers.java:610)
	at utils.Reporter.reportStep(Reporter.java:20)
	at wrappers.GenericWrappers.takeSnap(GenericWrappers.java:613)
	at utils.Reporter.reportStep(Reporter.java:20)
	at wrappers.GenericWrappers.takeSnap(GenericWrappers.java:613)
	at utils.Reporter.reportStep(Reporter.java:20)
	at wrappers.GenericWrappers.takeSnap(GenericWrappers.java:613)
	at utils.Reporter.reportStep(Reporter.java:20)
	at wrappers.GenericWrappers.takeSnap(GenericWrappers.java:613)
	at utils.Reporter.reportStep(Reporter.java:20)
	at wrappers.GenericWrappers.takeSnap(GenericWrappers.java:613)
	at utils.Reporter.reportStep(Reporter.java:20)
	at wrappers.GenericWrappers.takeSnap(GenericWrappers.java:613)
	at utils.Reporter.reportStep(Reporter.java:20)
	at wrappers.GenericWrappers.takeSnap(GenericWrappers.java:613)
	at utils.Reporter.reportStep(Reporter.java:20)
	at wrappers.GenericWrappers.takeSnap(GenericWrappers.java:613)
	at utils.Reporter.reportStep(Reporter.java:20)
	at wrappers.GenericWrappers.takeSnap(GenericWrappers.java:613)
	at utils.Reporter.reportStep(Reporter.java:20)
	at wrappers.GenericWrappers.takeSnap(GenericWrappers.java:613)
	at utils.Reporter.reportStep(Reporter.java:20)
	at wrappers.GenericWrappers.takeSnap(GenericWrappers.java:613)
	at utils.Reporter.reportStep(Reporter.java:20)
	at wrappers.GenericWrappers.takeSnap(GenericWrappers.java:613)
	at utils.Reporter.reportStep(Reporter.java:20)
	at wrappers.GenericWrappers.takeSnap(GenericWrappers.java:613)
	at utils.Reporter.reportStep(Reporter.java:20)
	at wrappers.GenericWrappers.takeSnap(GenericWrappers.java:613)
	at utils.Reporter.reportStep(Reporter.java:20)
	at wrappers.GenericWrappers.takeSnap(GenericWrappers.java:613)
	at utils.Reporter.reportStep(Reporter.java:20)
	at wrappers.GenericWrappers.takeSnap(GenericWrappers.java:613)
	at utils.Reporter.reportStep(Reporter.java:20)
	at wrappers.GenericWrappers.takeSnap(GenericWrappers.java:613)
	at utils.Reporter.reportStep(Reporter.java:20)
	at wrappers.GenericWrappers.takeSnap(GenericWrappers.java:613)
	at utils.Reporter.reportStep(Reporter.java:20)
	at wrappers.GenericWrappers.takeSnap(GenericWrappers.java:613)
	at utils.Reporter.reportStep(Reporter.java:20)
	at wrappers.GenericWrappers.takeSnap(GenericWrappers.java:613)
	at utils.Reporter.reportStep(Reporter.java:20)
	at wrappers.GenericWrappers.takeSnap(GenericWrappers.java:613)
	at utils.Reporter.reportStep(Reporter.java:20)
	at wrappers.GenericWrappers.takeSnap(GenericWrappers.java:613)
	at utils.Reporter.reportStep(Reporter.java:20)
	at wrappers.GenericWrappers.takeSnap(GenericWrappers.java:613)
	at utils.Reporter.reportStep(Reporter.java:20)
	at wrappers.GenericWrappers.takeSnap(GenericWrappers.java:613)
	at utils.Reporter.reportStep(Reporter.java:20)
	at wrappers.GenericWrappers.takeSnap(GenericWrappers.java:613)
	at utils.Reporter.reportStep(Reporter.java:20)
	at wrappers.GenericWrappers.takeSnap(GenericWrappers.java:613)
	at utils.Reporter.reportStep(Reporter.java:20)
	at wrappers.GenericWrappers.takeSnap(GenericWrappers.java:613)
	at utils.Reporter.reportStep(Reporter.java:20)
	at wrappers.GenericWrappers.takeSnap(GenericWrappers.java:613)
	at utils.Reporter.reportStep(Reporter.java:20)
	at wrappers.GenericWrappers.takeSnap(GenericWrappers.java:613)
	at utils.Reporter.reportStep(Reporter.java:20)
	at wrappers.GenericWrappers.takeSnap(GenericWrappers.java:613)
	at utils.Reporter.reportStep(Reporter.java:20)
	at wrappers.GenericWrappers.takeSnap(GenericWrappers.java:613)
	at utils.Reporter.reportStep(Reporter.java:20)
	at wrappers.GenericWrappers.takeSnap(GenericWrappers.java:613)
	at utils.Reporter.reportStep(Reporter.java:20)
	at wrappers.GenericWrappers.takeSnap(GenericWrappers.java:613)
	at utils.Reporter.reportStep(Reporter.java:20)
	at wrappers.GenericWrappers.takeSnap(GenericWrappers.java:613)
	at utils.Reporter.reportStep(Reporter.java:20)
	at wrappers.GenericWrappers.takeSnap(GenericWrappers.java:613)
	at utils.Reporter.reportStep(Reporter.java:20)
	at wrappers.GenericWrappers.takeSnap(GenericWrappers.java:613)
	at utils.Reporter.reportStep(Reporter.java:20)
	at wrappers.GenericWrappers.takeSnap(GenericWrappers.java:613)
	at utils.Reporter.reportStep(Reporter.java:20)
	at wrappers.GenericWrappers.takeSnap(GenericWrappers.java:613)
	at utils.Reporter.reportStep(Reporter.java:20)
	at wrappers.GenericWrappers.takeSnap(GenericWrappers.java:613)
	at utils.Reporter.reportStep(Reporter.java:20)
	at wrappers.GenericWrappers.takeSnap(GenericWrappers.java:613)
	at utils.Reporter.reportStep(Reporter.java:20)
	at wrappers.GenericWrappers.takeSnap(GenericWrappers.java:613)
	at utils.Reporter.reportStep(Reporter.java:20)
	at wrappers.GenericWrappers.takeSnap(GenericWrappers.java:613)
	at utils.Reporter.reportStep(Reporter.java:20)
	at wrappers.GenericWrappers.takeSnap(GenericWrappers.java:613)
	at utils.Reporter.reportStep(Reporter.java:20)
	at wrappers.GenericWrappers.takeSnap(GenericWrappers.java:613)
	at utils.Reporter.reportStep(Reporter.java:20)
	at wrappers.GenericWrappers.takeSnap(GenericWrappers.java:613)
	at utils.Reporter.reportStep(Reporter.java:20)
	at wrappers.GenericWrappers.takeSnap(GenericWrappers.java:613)
	at utils.Reporter.reportStep(Reporter.java:20)
	at wrappers.GenericWrappers.takeSnap(GenericWrappers.java:613)
	at utils.Reporter.reportStep(Reporter.java:20)
	at wrappers.GenericWrappers.takeSnap(GenericWrappers.java:613)
	at utils.Reporter.reportStep(Reporter.java:20)
	at wrappers.GenericWrappers.takeSnap(GenericWrappers.java:613)
	at utils.Reporter.reportStep(Reporter.java:20)
	at wrappers.GenericWrappers.takeSnap(GenericWrappers.java:613)
	at utils.Reporter.reportStep(Reporter.java:20)
	at wrappers.GenericWrappers.takeSnap(GenericWrappers.java:613)
	at utils.Reporter.reportStep(Reporter.java:20)
	at wrappers.GenericWrappers.takeSnap(GenericWrappers.java:613)
	at utils.Reporter.reportStep(Reporter.java:20)
	at wrappers.GenericWrappers.takeSnap(GenericWrappers.java:613)
	at utils.Reporter.reportStep(Reporter.java:20)
	at wrappers.GenericWrappers.takeSnap(GenericWrappers.java:613)
	at utils.Reporter.reportStep(Reporter.java:20)
	at wrappers.GenericWrappers.takeSnap(GenericWrappers.java:613)
	at utils.Reporter.reportStep(Reporter.java:20)
	at wrappers.GenericWrappers.takeSnap(GenericWrappers.java:613)
	at utils.Reporter.reportStep(Reporter.java:20)
	at wrappers.GenericWrappers.takeSnap(GenericWrappers.java:613)
	at utils.Reporter.reportStep(Reporter.java:20)
	at wrappers.GenericWrappers.takeSnap(GenericWrappers.java:613)
	at utils.Reporter.reportStep(Reporter.java:20)
	at wrappers.GenericWrappers.takeSnap(GenericWrappers.java:613)
	at utils.Reporter.reportStep(Reporter.java:20)
	at wrappers.GenericWrappers.takeSnap(GenericWrappers.java:613)
	at utils.Reporter.reportStep(Reporter.java:20)
	at wrappers.GenericWrappers.takeSnap(GenericWrappers.java:613)
	at utils.Reporter.reportStep(Reporter.java:20)
	at wrappers.GenericWrappers.takeSnap(GenericWrappers.java:613)
	at utils.Reporter.reportStep(Reporter.java:20)
	at wrappers.GenericWrappers.takeSnap(GenericWrappers.java:613)
	at utils.Reporter.reportStep(Reporter.java:20)
	at wrappers.GenericWrappers.takeSnap(GenericWrappers.java:613)
	at utils.Reporter.reportStep(Reporter.java:20)
	at wrappers.GenericWrappers.takeSnap(GenericWrappers.java:613)
	at utils.Reporter.reportStep(Reporter.java:20)
	at wrappers.GenericWrappers.takeSnap(GenericWrappers.java:613)
	at utils.Reporter.reportStep(Reporter.java:20)
	at wrappers.GenericWrappers.takeSnap(GenericWrappers.java:613)
	at utils.Reporter.reportStep(Reporter.java:20)
	at wrappers.GenericWrappers.takeSnap(GenericWrappers.java:613)
	at utils.Reporter.reportStep(Reporter.java:20)
	at wrappers.GenericWrappers.takeSnap(GenericWrappers.java:613)
	at utils.Reporter.reportStep(Reporter.java:20)
	at wrappers.GenericWrappers.takeSnap(GenericWrappers.java:613)
	at utils.Reporter.reportStep(Reporter.java:20)
	at wrappers.GenericWrappers.takeSnap(GenericWrappers.java:613)
	at utils.Reporter.reportStep(Reporter.java:20)
	at wrappers.GenericWrappers.takeSnap(GenericWrappers.java:613)
	at utils.Reporter.reportStep(Reporter.java:20)
	at wrappers.GenericWrappers.takeSnap(GenericWrappers.java:613)
	at utils.Reporter.reportStep(Reporter.java:20)
	at wrappers.GenericWrappers.takeSnap(GenericWrappers.java:613)
	at utils.Reporter.reportStep(Reporter.java:20)
	at wrappers.GenericWrappers.takeSnap(GenericWrappers.java:613)
	at utils.Reporter.reportStep(Reporter.java:20)
	at wrappers.GenericWrappers.takeSnap(GenericWrappers.java:613)
	at utils.Reporter.reportStep(Reporter.java:20)
	at wrappers.GenericWrappers.takeSnap(GenericWrappers.java:613)
	at utils.Reporter.reportStep(Reporter.java:20)
	at wrappers.GenericWrappers.takeSnap(GenericWrappers.java:613)
	at utils.Reporter.reportStep(Reporter.java:20)
	at wrappers.GenericWrappers.takeSnap(GenericWrappers.java:613)
	at utils.Reporter.reportStep(Reporter.java:20)
	at wrappers.GenericWrappers.takeSnap(GenericWrappers.java:613)
	at utils.Reporter.reportStep(Reporter.java:20)
	at wrappers.GenericWrappers.takeSnap(GenericWrappers.java:613)
	at utils.Reporter.reportStep(Reporter.java:20)
	at wrappers.GenericWrappers.takeSnap(GenericWrappers.java:613)
	at utils.Reporter.reportStep(Reporter.java:20)
	at wrappers.GenericWrappers.takeSnap(GenericWrappers.java:613)
	at utils.Reporter.reportStep(Reporter.java:20)
	at wrappers.GenericWrappers.takeSnap(GenericWrappers.java:613)
	at utils.Reporter.reportStep(Reporter.java:20)
	at wrappers.GenericWrappers.takeSnap(GenericWrappers.java:613)
	at utils.Reporter.reportStep(Reporter.java:20)
	at wrappers.GenericWrappers.takeSnap(GenericWrappers.java:613)
	at utils.Reporter.reportStep(Reporter.java:20)
	at wrappers.GenericWrappers.takeSnap(GenericWrappers.java:613)
	at utils.Reporter.reportStep(Reporter.java:20)
	at wrappers.GenericWrappers.takeSnap(GenericWrappers.java:613)
	at utils.Reporter.reportStep(Reporter.java:20)
	at wrappers.GenericWrappers.takeSnap(GenericWrappers.java:613)
	at utils.Reporter.reportStep(Reporter.java:20)
	at wrappers.GenericWrappers.takeSnap(GenericWrappers.java:613)
	at utils.Reporter.reportStep(Reporter.java:20)
	at wrappers.GenericWrappers.takeSnap(GenericWrappers.java:613)
	at utils.Reporter.reportStep(Reporter.java:20)
	at wrappers.GenericWrappers.takeSnap(GenericWrappers.java:613)
	at utils.Reporter.reportStep(Reporter.java:20)
	at wrappers.GenericWrappers.takeSnap(GenericWrappers.java:613)
	at utils.Reporter.reportStep(Reporter.java:20)
	at wrappers.GenericWrappers.takeSnap(GenericWrappers.java:613)
	at utils.Reporter.reportStep(Reporter.java:20)
	at wrappers.GenericWrappers.takeSnap(GenericWrappers.java:613)
	at utils.Reporter.reportStep(Reporter.java:20)
	at wrappers.GenericWrappers.takeSnap(GenericWrappers.java:613)
	at utils.Reporter.reportStep(Reporter.java:20)
	at wrappers.GenericWrappers.takeSnap(GenericWrappers.java:613)
	at utils.Reporter.reportStep(Reporter.java:20)
	at wrappers.GenericWrappers.takeSnap(GenericWrappers.java:613)
	at utils.Reporter.reportStep(Reporter.java:20)
	at wrappers.GenericWrappers.takeSnap(GenericWrappers.java:613)
	at utils.Reporter.reportStep(Reporter.java:20)
	at wrappers.GenericWrappers.takeSnap(GenericWrappers.java:613)
	at utils.Reporter.reportStep(Reporter.java:20)
	at wrappers.GenericWrappers.takeSnap(GenericWrappers.java:613)
	at utils.Reporter.reportStep(Reporter.java:20)
	at wrappers.GenericWrappers.takeSnap(GenericWrappers.java:613)
	at utils.Reporter.reportStep(Reporter.java:20)
	at wrappers.GenericWrappers.takeSnap(GenericWrappers.java:613)
	at utils.Reporter.reportStep(Reporter.java:20)
	at wrappers.GenericWrappers.takeSnap(GenericWrappers.java:613)
	at utils.Reporter.reportStep(Reporter.java:20)
	at wrappers.GenericWrappers.takeSnap(GenericWrappers.java:613)
	at utils.Reporter.reportStep(Reporter.java:20)
	at wrappers.GenericWrappers.takeSnap(GenericWrappers.java:613)
	at utils.Reporter.reportStep(Reporter.java:20)
	at wrappers.GenericWrappers.takeSnap(GenericWrappers.java:613)
	at utils.Reporter.reportStep(Reporter.java:20)
	at wrappers.GenericWrappers.takeSnap(GenericWrappers.java:613)
	at utils.Reporter.reportStep(Reporter.java:20)
	at wrappers.GenericWrappers.takeSnap(GenericWrappers.java:613)
	at utils.Reporter.reportStep(Reporter.java:20)
	at wrappers.GenericWrappers.takeSnap(GenericWrappers.java:613)
	at utils.Reporter.reportStep(Reporter.java:20)
	at wrappers.GenericWrappers.takeSnap(GenericWrappers.java:613)
	at utils.Reporter.reportStep(Reporter.java:20)
	at wrappers.GenericWrappers.takeSnap(GenericWrappers.java:613)
	at utils.Reporter.reportStep(Reporter.java:20)
	at wrappers.GenericWrappers.takeSnap(GenericWrappers.java:613)
	at utils.Reporter.reportStep(Reporter.java:20)
	at wrappers.GenericWrappers.takeSnap(GenericWrappers.java:613)
	at utils.Reporter.reportStep(Reporter.java:20)
	at wrappers.GenericWrappers.takeSnap(GenericWrappers.java:613)
	at utils.Reporter.reportStep(Reporter.java:20)
	at wrappers.GenericWrappers.takeSnap(GenericWrappers.java:613)
	at utils.Reporter.reportStep(Reporter.java:20)
	at wrappers.GenericWrappers.takeSnap(GenericWrappers.java:613)
	at utils.Reporter.reportStep(Reporter.java:20)
	at wrappers.GenericWrappers.takeSnap(GenericWrappers.java:613)
	at utils.Reporter.reportStep(Reporter.java:20)
	at wrappers.GenericWrappers.takeSnap(GenericWrappers.java:613)
	at utils.Reporter.reportStep(Reporter.java:20)
	at wrappers.GenericWrappers.takeSnap(GenericWrappers.java:613)
	at utils.Reporter.reportStep(Reporter.java:20)
	at wrappers.GenericWrappers.takeSnap(GenericWrappers.java:613)
	at utils.Reporter.reportStep(Reporter.java:20)
	at wrappers.GenericWrappers.takeSnap(GenericWrappers.java:613)
	at utils.Reporter.reportStep(Reporter.java:20)
	at wrappers.GenericWrappers.takeSnap(GenericWrappers.java:613)
	at utils.Reporter.reportStep(Reporter.java:20)
	at wrappers.GenericWrappers.takeSnap(GenericWrappers.java:613)
	at utils.Reporter.reportStep(Reporter.java:20)
	at wrappers.GenericWrappers.takeSnap(GenericWrappers.java:613)
	at utils.Reporter.reportStep(Reporter.java:20)
	at wrappers.GenericWrappers.takeSnap(GenericWrappers.java:613)
	at utils.Reporter.reportStep(Reporter.java:20)
	at wrappers.GenericWrappers.takeSnap(GenericWrappers.java:613)
	at utils.Reporter.reportStep(Reporter.java:20)
	at wrappers.GenericWrappers.takeSnap(GenericWrappers.java:613)
	at utils.Reporter.reportStep(Reporter.java:20)
	at wrappers.GenericWrappers.takeSnap(GenericWrappers.java:613)
	at utils.Reporter.reportStep(Reporter.java:20)
	at wrappers.GenericWrappers.takeSnap(GenericWrappers.java:613)
	at utils.Reporter.reportStep(Reporter.java:20)
	at wrappers.GenericWrappers.takeSnap(GenericWrappers.java:613)
	at utils.Reporter.reportStep(Reporter.java:20)
	at wrappers.GenericWrappers.takeSnap(GenericWrappers.java:613)
	at utils.Reporter.reportStep(Reporter.java:20)
	at wrappers.GenericWrappers.takeSnap(GenericWrappers.java:613)
	at utils.Reporter.reportStep(Reporter.java:20)
	at wrappers.GenericWrappers.takeSnap(GenericWrappers.java:613)
	at utils.Reporter.reportStep(Reporter.java:20)
	at wrappers.GenericWrappers.takeSnap(GenericWrappers.java:613)
	at utils.Reporter.reportStep(Reporter.java:20)
	at wrappers.GenericWrappers.takeSnap(GenericWrappers.java:613)
	at utils.Reporter.reportStep(Reporter.java:20)
	at wrappers.GenericWrappers.takeSnap(GenericWrappers.java:613)
	at utils.Reporter.reportStep(Reporter.java:20)
	at wrappers.GenericWrappers.takeSnap(GenericWrappers.java:613)
	at utils.Reporter.reportStep(Reporter.java:20)
	at wrappers.GenericWrappers.takeSnap(GenericWrappers.java:613)
	at utils.Reporter.reportStep(Reporter.java:20)
	at wrappers.GenericWrappers.takeSnap(GenericWrappers.java:613)
	at utils.Reporter.reportStep(Reporter.java:20)
	at wrappers.GenericWrappers.takeSnap(GenericWrappers.java:613)
	at utils.Reporter.reportStep(Reporter.java:20)
	at wrappers.GenericWrappers.takeSnap(GenericWrappers.java:613)
	at utils.Reporter.reportStep(Reporter.java:20)
	at wrappers.GenericWrappers.takeSnap(GenericWrappers.java:613)
	at utils.Reporter.reportStep(Reporter.java:20)
	at wrappers.GenericWrappers.takeSnap(GenericWrappers.java:613)
	at utils.Reporter.reportStep(Reporter.java:20)
	at wrappers.GenericWrappers.takeSnap(GenericWrappers.java:613)
	at utils.Reporter.reportStep(Reporter.java:20)
	at wrappers.GenericWrappers.takeSnap(GenericWrappers.java:613)
	at utils.Reporter.reportStep(Reporter.java:20)
	at wrappers.GenericWrappers.takeSnap(GenericWrappers.java:613)
	at utils.Reporter.reportStep(Reporter.java:20)
	at wrappers.GenericWrappers.takeSnap(GenericWrappers.java:613)
	at utils.Reporter.reportStep(Reporter.java:20)
	at wrappers.GenericWrappers.takeSnap(GenericWrappers.java:613)
	at utils.Reporter.reportStep(Reporter.java:20)
	at wrappers.GenericWrappers.takeSnap(GenericWrappers.java:613)
	at utils.Reporter.reportStep(Reporter.java:20)
	at wrappers.GenericWrappers.takeSnap(GenericWrappers.java:613)
	at utils.Reporter.reportStep(Reporter.java:20)
	at wrappers.GenericWrappers.takeSnap(GenericWrappers.java:613)
	at utils.Reporter.reportStep(Reporter.java:20)
	at wrappers.GenericWrappers.takeSnap(GenericWrappers.java:613)
	at utils.Reporter.reportStep(Reporter.java:20)
	at wrappers.GenericWrappers.takeSnap(GenericWrappers.java:613)
	at utils.Reporter.reportStep(Reporter.java:20)
	at wrappers.GenericWrappers.takeSnap(GenericWrappers.java:613)
	at utils.Reporter.reportStep(Reporter.java:20)
	at wrappers.GenericWrappers.takeSnap(GenericWrappers.java:613)
	at utils.Reporter.reportStep(Reporter.java:20)
	at wrappers.GenericWrappers.takeSnap(GenericWrappers.java:613)
	at utils.Reporter.reportStep(Reporter.java:20)
	at wrappers.GenericWrappers.takeSnap(GenericWrappers.java:613)
	at utils.Reporter.reportStep(Reporter.java:20)
	at wrappers.GenericWrappers.takeSnap(GenericWrappers.java:613)
	at utils.Reporter.reportStep(Reporter.java:20)
	at wrappers.GenericWrappers.takeSnap(GenericWrappers.java:613)
	at utils.Reporter.reportStep(Reporter.java:20)
	at wrappers.GenericWrappers.takeSnap(GenericWrappers.java:613)
	at utils.Reporter.reportStep(Reporter.java:20)
	at wrappers.GenericWrappers.takeSnap(GenericWrappers.java:613)
	at utils.Reporter.reportStep(Reporter.java:20)
	at wrappers.GenericWrappers.takeSnap(GenericWrappers.java:613)
	at utils.Reporter.reportStep(Reporter.java:20)
	at wrappers.GenericWrappers.takeSnap(GenericWrappers.java:613)
	at utils.Reporter.reportStep(Reporter.java:20)
	at wrappers.GenericWrappers.takeSnap(GenericWrappers.java:613)
	at utils.Reporter.reportStep(Reporter.java:20)
	at wrappers.GenericWrappers.takeSnap(GenericWrappers.java:613)
	at utils.Reporter.reportStep(Reporter.java:20)
	at wrappers.GenericWrappers.takeSnap(GenericWrappers.java:613)
	at utils.Reporter.reportStep(Reporter.java:20)
	at wrappers.GenericWrappers.takeSnap(GenericWrappers.java:613)
	at utils.Reporter.reportStep(Reporter.java:20)
	at wrappers.GenericWrappers.takeSnap(GenericWrappers.java:613)
	at utils.Reporter.reportStep(Reporter.java:20)
	at wrappers.GenericWrappers.takeSnap(GenericWrappers.java:613)
	at utils.Reporter.reportStep(Reporter.java:20)
	at wrappers.GenericWrappers.takeSnap(GenericWrappers.java:613)
	at utils.Reporter.reportStep(Reporter.java:20)
	at wrappers.GenericWrappers.takeSnap(GenericWrappers.java:613)
	at utils.Reporter.reportStep(Reporter.java:20)
	at wrappers.GenericWrappers.takeSnap(GenericWrappers.java:613)
	at utils.Reporter.reportStep(Reporter.java:20)
	at wrappers.GenericWrappers.takeSnap(GenericWrappers.java:613)
	at utils.Reporter.reportStep(Reporter.java:20)
	at wrappers.GenericWrappers.takeSnap(GenericWrappers.java:613)
	at utils.Reporter.reportStep(Reporter.java:20)
	at wrappers.GenericWrappers.takeSnap(GenericWrappers.java:613)
	at utils.Reporter.reportStep(Reporter.java:20)
	at wrappers.GenericWrappers.takeSnap(GenericWrappers.java:613)
	at utils.Reporter.reportStep(Reporter.java:20)
	at wrappers.GenericWrappers.takeSnap(GenericWrappers.java:613)
	at utils.Reporter.reportStep(Reporter.java:20)
	at wrappers.GenericWrappers.takeSnap(GenericWrappers.java:613)
	at utils.Reporter.reportStep(Reporter.java:20)
	at wrappers.GenericWrappers.takeSnap(GenericWrappers.java:613)
	at utils.Reporter.reportStep(Reporter.java:20)
	at wrappers.GenericWrappers.takeSnap(GenericWrappers.java:613)
	at utils.Reporter.reportStep(Reporter.java:20)
	at wrappers.GenericWrappers.takeSnap(GenericWrappers.java:613)
	at utils.Reporter.reportStep(Reporter.java:20)
	at wrappers.GenericWrappers.takeSnap(GenericWrappers.java:613)
	at utils.Reporter.reportStep(Reporter.java:20)
	at wrappers.GenericWrappers.takeSnap(GenericWrappers.java:613)
	at utils.Reporter.reportStep(Reporter.java:20)
	at wrappers.GenericWrappers.takeSnap(GenericWrappers.java:613)
	at utils.Reporter.reportStep(Reporter.java:20)
	at wrappers.GenericWrappers.takeSnap(GenericWrappers.java:613)
	at utils.Reporter.reportStep(Reporter.java:20)
	at wrappers.GenericWrappers.takeSnap(GenericWrappers.java:613)
	at utils.Reporter.reportStep(Reporter.java:20)
	at wrappers.GenericWrappers.takeSnap(GenericWrappers.java:613)
	at utils.Reporter.reportStep(Reporter.java:20)
	at wrappers.GenericWrappers.takeSnap(GenericWrappers.java:613)
	at utils.Reporter.reportStep(Reporter.java:20)
	at wrappers.GenericWrappers.takeSnap(GenericWrappers.java:613)
	at utils.Reporter.reportStep(Reporter.java:20)
	at wrappers.GenericWrappers.takeSnap(GenericWrappers.java:613)
	at utils.Reporter.reportStep(Reporter.java:20)
	at wrappers.GenericWrappers.takeSnap(GenericWrappers.java:613)
	at utils.Reporter.reportStep(Reporter.java:20)
	at wrappers.GenericWrappers.takeSnap(GenericWrappers.java:613)
	at utils.Reporter.reportStep(Reporter.java:20)
	at wrappers.GenericWrappers.takeSnap(GenericWrappers.java:613)
	at utils.Reporter.reportStep(Reporter.java:20)
	at wrappers.GenericWrappers.takeSnap(GenericWrappers.java:613)
	at utils.Reporter.reportStep(Reporter.java:20)
	at wrappers.GenericWrappers.takeSnap(GenericWrappers.java:613)
	at utils.Reporter.reportStep(Reporter.java:20)
	at wrappers.GenericWrappers.takeSnap(GenericWrappers.java:613)
	at utils.Reporter.reportStep(Reporter.java:20)
	at wrappers.GenericWrappers.takeSnap(GenericWrappers.java:613)
	at utils.Reporter.reportStep(Reporter.java:20)
	at wrappers.GenericWrappers.takeSnap(GenericWrappers.java:613)
	at utils.Reporter.reportStep(Reporter.java:20)
	at wrappers.GenericWrappers.takeSnap(GenericWrappers.java:613)
	at utils.Reporter.reportStep(Reporter.java:20)
	at wrappers.GenericWrappers.takeSnap(GenericWrappers.java:613)
	at utils.Reporter.reportStep(Reporter.java:20)
	at wrappers.GenericWrappers.takeSnap(GenericWrappers.java:613)
	at utils.Reporter.reportStep(Reporter.java:20)
	at wrappers.GenericWrappers.takeSnap(GenericWrappers.java:613)
	at utils.Reporter.reportStep(Reporter.java:20)
	at wrappers.GenericWrappers.takeSnap(GenericWrappers.java:613)
	at utils.Reporter.reportStep(Reporter.java:20)
	at wrappers.GenericWrappers.takeSnap(GenericWrappers.java:613)
	at utils.Reporter.reportStep(Reporter.java:20)
	at wrappers.GenericWrappers.takeSnap(GenericWrappers.java:613)
	at utils.Reporter.reportStep(Reporter.java:20)
	at wrappers.GenericWrappers.takeSnap(GenericWrappers.java:613)
	at utils.Reporter.reportStep(Reporter.java:20)
	at wrappers.GenericWrappers.takeSnap(GenericWrappers.java:613)
	at utils.Reporter.reportStep(Reporter.java:20)
	at wrappers.GenericWrappers.takeSnap(GenericWrappers.java:613)
	at utils.Reporter.reportStep(Reporter.java:20)
	at wrappers.GenericWrappers.takeSnap(GenericWrappers.java:613)
	at utils.Reporter.reportStep(Reporter.java:20)
	at wrappers.GenericWrappers.takeSnap(GenericWrappers.java:613)
	at utils.Reporter.reportStep(Reporter.java:20)
	at wrappers.GenericWrappers.takeSnap(GenericWrappers.java:613)
	at utils.Reporter.reportStep(Reporter.java:20)
	at wrappers.GenericWrappers.takeSnap(GenericWrappers.java:613)
	at utils.Reporter.reportStep(Reporter.java:20)
	at wrappers.GenericWrappers.takeSnap(GenericWrappers.java:613)
	at utils.Reporter.reportStep(Reporter.java:20)
	at wrappers.GenericWrappers.takeSnap(GenericWrappers.java:613)
	at utils.Reporter.reportStep(Reporter.java:20)
	at wrappers.GenericWrappers.takeSnap(GenericWrappers.java:613)
	at utils.Reporter.reportStep(Reporter.java:20)
	at wrappers.GenericWrappers.takeSnap(GenericWrappers.java:613)
	at utils.Reporter.reportStep(Reporter.java:20)
	at wrappers.GenericWrappers.takeSnap(GenericWrappers.java:613)
	at utils.Reporter.reportStep(Reporter.java:20)
	at wrappers.GenericWrappers.takeSnap(GenericWrappers.java:613)
	at utils.Reporter.reportStep(Reporter.java:20)
	at wrappers.GenericWrappers.takeSnap(GenericWrappers.java:613)
	at utils.Reporter.reportStep(Reporter.java:20)
	at wrappers.GenericWrappers.takeSnap(GenericWrappers.java:613)
	at utils.Reporter.reportStep(Reporter.java:20)
	at wrappers.GenericWrappers.takeSnap(GenericWrappers.java:613)
	at utils.Reporter.reportStep(Reporter.java:20)
	at wrappers.GenericWrappers.takeSnap(GenericWrappers.java:613)
	at utils.Reporter.reportStep(Reporter.java:20)
	at wrappers.GenericWrappers.takeSnap(GenericWrappers.java:613)
	at utils.Reporter.reportStep(Reporter.java:20)
	at wrappers.GenericWrappers.takeSnap(GenericWrappers.java:613)
	at utils.Reporter.reportStep(Reporter.java:20)
	at wrappers.GenericWrappers.takeSnap(GenericWrappers.java:613)
	at utils.Reporter.reportStep(Reporter.java:20)
	at wrappers.GenericWrappers.takeSnap(GenericWrappers.java:613)
	at utils.Reporter.reportStep(Reporter.java:20)
	at wrappers.GenericWrappers.takeSnap(GenericWrappers.java:613)
	at utils.Reporter.reportStep(Reporter.java:20)
	at wrappers.GenericWrappers.takeSnap(GenericWrappers.java:613)
	at utils.Reporter.reportStep(Reporter.java:20)
	at wrappers.GenericWrappers.takeSnap(GenericWrappers.java:613)
	at utils.Reporter.reportStep(Reporter.java:20)
	at wrappers.GenericWrappers.takeSnap(GenericWrappers.java:613)
	at utils.Reporter.reportStep(Reporter.java:20)
	at wrappers.GenericWrappers.takeSnap(GenericWrappers.java:613)
	at utils.Reporter.reportStep(Reporter.java:20)
	at wrappers.GenericWrappers.takeSnap(GenericWrappers.java:613)
	at utils.Reporter.reportStep(Reporter.java:20)
	at wrappers.GenericWrappers.takeSnap(GenericWrappers.java:613)
	at utils.Reporter.reportStep(Reporter.java:20)
	at wrappers.GenericWrappers.takeSnap(GenericWrappers.java:613)
	at utils.Reporter.reportStep(Reporter.java:20)
	at wrappers.GenericWrappers.takeSnap(GenericWrappers.java:613)
	at utils.Reporter.reportStep(Reporter.java:20)
	at wrappers.GenericWrappers.takeSnap(GenericWrappers.java:613)
	at utils.Reporter.reportStep(Reporter.java:20)
	at wrappers.GenericWrappers.takeSnap(GenericWrappers.java:613)
	at utils.Reporter.reportStep(Reporter.java:20)
	at wrappers.GenericWrappers.takeSnap(GenericWrappers.java:613)
	at utils.Reporter.reportStep(Reporter.java:20)
	at wrappers.GenericWrappers.takeSnap(GenericWrappers.java:613)
	at utils.Reporter.reportStep(Reporter.java:20)
	at wrappers.GenericWrappers.takeSnap(GenericWrappers.java:613)
	at utils.Reporter.reportStep(Reporter.java:20)
	at wrappers.GenericWrappers.takeSnap(GenericWrappers.java:613)
	at utils.Reporter.reportStep(Reporter.java:20)
	at wrappers.GenericWrappers.takeSnap(GenericWrappers.java:613)
	at utils.Reporter.reportStep(Reporter.java:20)
	at wrappers.GenericWrappers.takeSnap(GenericWrappers.java:613)
	at utils.Reporter.reportStep(Reporter.java:20)
	at wrappers.GenericWrappers.takeSnap(GenericWrappers.java:613)
	at utils.Reporter.reportStep(Reporter.java:20)
	at wrappers.GenericWrappers.takeSnap(GenericWrappers.java:613)
	at utils.Reporter.reportStep(Reporter.java:20)
	at wrappers.GenericWrappers.takeSnap(GenericWrappers.java:613)
	at utils.Reporter.reportStep(Reporter.java:20)
	at wrappers.GenericWrappers.takeSnap(GenericWrappers.java:613)
	at utils.Reporter.reportStep(Reporter.java:20)
	at wrappers.GenericWrappers.takeSnap(GenericWrappers.java:613)
	at utils.Reporter.reportStep(Reporter.java:20)
	at wrappers.GenericWrappers.takeSnap(GenericWrappers.java:613)
	at utils.Reporter.reportStep(Reporter.java:20)
	at wrappers.GenericWrappers.takeSnap(GenericWrappers.java:613)
	at utils.Reporter.reportStep(Reporter.java:20)
	at wrappers.GenericWrappers.takeSnap(GenericWrappers.java:613)
	at utils.Reporter.reportStep(Reporter.java:20)
	at wrappers.GenericWrappers.takeSnap(GenericWrappers.java:613)
	at utils.Reporter.reportStep(Reporter.java:20)
	at wrappers.GenericWrappers.takeSnap(GenericWrappers.java:613)
	at utils.Reporter.reportStep(Reporter.java:20)
	at wrappers.GenericWrappers.takeSnap(GenericWrappers.java:613)
	at utils.Reporter.reportStep(Reporter.java:20)
	at wrappers.GenericWrappers.takeSnap(GenericWrappers.java:613)
	at utils.Reporter.reportStep(Reporter.java:20)
	at wrappers.GenericWrappers.takeSnap(GenericWrappers.java:613)
	at utils.Reporter.reportStep(Reporter.java:20)
	at wrappers.GenericWrappers.takeSnap(GenericWrappers.java:613)
	at utils.Reporter.reportStep(Reporter.java:20)
	at wrappers.GenericWrappers.takeSnap(GenericWrappers.java:613)
	at utils.Reporter.reportStep(Reporter.java:20)
	at wrappers.GenericWrappers.takeSnap(GenericWrappers.java:613)
	at utils.Reporter.reportStep(Reporter.java:20)
	at wrappers.GenericWrappers.takeSnap(GenericWrappers.java:613)
	at utils.Reporter.reportStep(Reporter.java:20)
	at wrappers.GenericWrappers.takeSnap(GenericWrappers.java:613)
	at utils.Reporter.reportStep(Reporter.java:20)
	at wrappers.GenericWrappers.takeSnap(GenericWrappers.java:613)
	at utils.Reporter.reportStep(Reporter.java:20)
	at wrappers.GenericWrappers.takeSnap(GenericWrappers.java:613)
	at utils.Reporter.reportStep(Reporter.java:20)
	at wrappers.GenericWrappers.takeSnap(GenericWrappers.java:613)
	at utils.Reporter.reportStep(Reporter.java:20)
	at wrappers.GenericWrappers.takeSnap(GenericWrappers.java:613)
	at utils.Reporter.reportStep(Reporter.java:20)
	at wrappers.GenericWrappers.takeSnap(GenericWrappers.java:613)
	at utils.Reporter.reportStep(Reporter.java:20)
	at wrappers.GenericWrappers.takeSnap(GenericWrappers.java:613)
	at utils.Reporter.reportStep(Reporter.java:20)
	at wrappers.GenericWrappers.takeSnap(GenericWrappers.java:613)
	at utils.Reporter.reportStep(Reporter.java:20)
	at wrappers.GenericWrappers.takeSnap(GenericWrappers.java:613)
	at utils.Reporter.reportStep(Reporter.java:20)
	at wrappers.GenericWrappers.takeSnap(GenericWrappers.java:613)
	at utils.Reporter.reportStep(Reporter.java:20)
	at wrappers.GenericWrappers.takeSnap(GenericWrappers.java:613)
	at utils.Reporter.reportStep(Reporter.java:20)
	at wrappers.GenericWrappers.takeSnap(GenericWrappers.java:613)
	at utils.Reporter.reportStep(Reporter.java:20)
	at wrappers.GenericWrappers.takeSnap(GenericWrappers.java:613)
	at utils.Reporter.reportStep(Reporter.java:20)
	at wrappers.GenericWrappers.takeSnap(GenericWrappers.java:613)
	at utils.Reporter.reportStep(Reporter.java:20)
	at wrappers.GenericWrappers.takeSnap(GenericWrappers.java:613)
	at utils.Reporter.reportStep(Reporter.java:20)
	at wrappers.GenericWrappers.takeSnap(GenericWrappers.java:613)
	at utils.Reporter.reportStep(Reporter.java:20)
	at wrappers.GenericWrappers.takeSnap(GenericWrappers.java:613)
	at utils.Reporter.reportStep(Reporter.java:20)
	at wrappers.GenericWrappers.takeSnap(GenericWrappers.java:613)
	at utils.Reporter.reportStep(Reporter.java:20)
	at wrappers.GenericWrappers.takeSnap(GenericWrappers.java:613)
	at utils.Reporter.reportStep(Reporter.java:20)
	at wrappers.GenericWrappers.takeSnap(GenericWrappers.java:613)
	at utils.Reporter.reportStep(Reporter.java:20)
	at wrappers.GenericWrappers.takeSnap(GenericWrappers.java:613)
	at utils.Reporter.reportStep(Reporter.java:20)
	at wrappers.GenericWrappers.takeSnap(GenericWrappers.java:613)
	at utils.Reporter.reportStep(Reporter.java:20)
	at wrappers.GenericWrappers.takeSnap(GenericWrappers.java:613)
	at utils.Reporter.reportStep(Reporter.java:20)
	at wrappers.GenericWrappers.takeSnap(GenericWrappers.java:613)
	at utils.Reporter.reportStep(Reporter.java:20)
	at wrappers.GenericWrappers.takeSnap(GenericWrappers.java:613)
	at utils.Reporter.reportStep(Reporter.java:20)
	at wrappers.GenericWrappers.takeSnap(GenericWrappers.java:613)
	at utils.Reporter.reportStep(Reporter.java:20)
	at wrappers.GenericWrappers.takeSnap(GenericWrappers.java:613)
	at utils.Reporter.reportStep(Reporter.java:20)
	at wrappers.GenericWrappers.takeSnap(GenericWrappers.java:613)
	at utils.Reporter.reportStep(Reporter.java:20)
	at wrappers.GenericWrappers.takeSnap(GenericWrappers.java:613)
	at utils.Reporter.reportStep(Reporter.java:20)
	at wrappers.GenericWrappers.takeSnap(GenericWrappers.java:613)
	at utils.Reporter.reportStep(Reporter.java:20)
	at wrappers.GenericWrappers.takeSnap(GenericWrappers.java:613)
	at utils.Reporter.reportStep(Reporter.java:20)
	at wrappers.GenericWrappers.takeSnap(GenericWrappers.java:613)
	at utils.Reporter.reportStep(Reporter.java:20)
	at wrappers.GenericWrappers.takeSnap(GenericWrappers.java:613)
	at utils.Reporter.reportStep(Reporter.java:20)
	at wrappers.GenericWrappers.takeSnap(GenericWrappers.java:613)
	at utils.Reporter.reportStep(Reporter.java:20)
	at wrappers.GenericWrappers.takeSnap(GenericWrappers.java:613)
	at utils.Reporter.reportStep(Reporter.java:20)
	at wrappers.GenericWrappers.takeSnap(GenericWrappers.java:613)
	at utils.Reporter.reportStep(Reporter.java:20)
	at wrappers.GenericWrappers.takeSnap(GenericWrappers.java:613)
	at utils.Reporter.reportStep(Reporter.java:20)
	at wrappers.GenericWrappers.takeSnap(GenericWrappers.java:613)
	at utils.Reporter.reportStep(Reporter.java:20)
	at wrappers.GenericWrappers.takeSnap(GenericWrappers.java:613)
	at utils.Reporter.reportStep(Reporter.java:20)
	at wrappers.GenericWrappers.takeSnap(GenericWrappers.java:613)
	at utils.Reporter.reportStep(Reporter.java:20)
	at wrappers.GenericWrappers.takeSnap(GenericWrappers.java:613)
	at utils.Reporter.reportStep(Reporter.java:20)
	at wrappers.GenericWrappers.takeSnap(GenericWrappers.java:613)
	at utils.Reporter.reportStep(Reporter.java:20)
	at wrappers.GenericWrappers.takeSnap(GenericWrappers.java:613)
	at utils.Reporter.reportStep(Reporter.java:20)
	at wrappers.GenericWrappers.takeSnap(GenericWrappers.java:613)
	at utils.Reporter.reportStep(Reporter.java:20)
	at wrappers.GenericWrappers.takeSnap(GenericWrappers.java:613)
	at utils.Reporter.reportStep(Reporter.java:20)
	at wrappers.GenericWrappers.takeSnap(GenericWrappers.java:613)
	at utils.Reporter.reportStep(Reporter.java:20)
	at wrappers.GenericWrappers.takeSnap(GenericWrappers.java:613)
	at utils.Reporter.reportStep(Reporter.java:20)
	at wrappers.GenericWrappers.takeSnap(GenericWrappers.java:613)
	at utils.Reporter.reportStep(Reporter.java:20)
	at wrappers.GenericWrappers.takeSnap(GenericWrappers.java:613)
	at utils.Reporter.reportStep(Reporter.java:20)
	at wrappers.GenericWrappers.takeSnap(GenericWrappers.java:613)
	at utils.Reporter.reportStep(Reporter.java:20)
	at wrappers.GenericWrappers.takeSnap(GenericWrappers.java:613)
	at utils.Reporter.reportStep(Reporter.java:20)
	at wrappers.GenericWrappers.takeSnap(GenericWrappers.java:613)
	at utils.Reporter.reportStep(Reporter.java:20)
	at wrappers.GenericWrappers.takeSnap(GenericWrappers.java:613)
	at utils.Reporter.reportStep(Reporter.java:20)
	at wrappers.GenericWrappers.takeSnap(GenericWrappers.java:613)
	at utils.Reporter.reportStep(Reporter.java:20)
	at wrappers.GenericWrappers.takeSnap(GenericWrappers.java:613)
	at utils.Reporter.reportStep(Reporter.java:20)
	at wrappers.GenericWrappers.takeSnap(GenericWrappers.java:613)
	at utils.Reporter.reportStep(Reporter.java:20)
	at wrappers.GenericWrappers.takeSnap(GenericWrappers.java:613)
	at utils.Reporter.reportStep(Reporter.java:20)
	at wrappers.GenericWrappers.takeSnap(GenericWrappers.java:613)
	at utils.Reporter.reportStep(Reporter.java:20)
	at wrappers.GenericWrappers.takeSnap(GenericWrappers.java:613)
	at utils.Reporter.reportStep(Reporter.java:20)
	at wrappers.GenericWrappers.takeSnap(GenericWrappers.java:613)
	at utils.Reporter.reportStep(Reporter.java:20)
	at wrappers.GenericWrappers.takeSnap(GenericWrappers.java:613)
	at utils.Reporter.reportStep(Reporter.java:20)
	at wrappers.GenericWrappers.takeSnap(GenericWrappers.java:613)
	at utils.Reporter.reportStep(Reporter.java:20)
	at wrappers.GenericWrappers.takeSnap(GenericWrappers.java:613)
	at utils.Reporter.reportStep(Reporter.java:20)
	at wrappers.GenericWrappers.takeSnap(GenericWrappers.java:613)
	at utils.Reporter.reportStep(Reporter.java:20)
	at wrappers.GenericWrappers.takeSnap(GenericWrappers.java:613)
	at utils.Reporter.reportStep(Reporter.java:20)
	at wrappers.GenericWrappers.takeSnap(GenericWrappers.java:613)
	at utils.Reporter.reportStep(Reporter.java:20)
	at wrappers.GenericWrappers.takeSnap(GenericWrappers.java:613)
	at utils.Reporter.reportStep(Reporter.java:20)
	at wrappers.GenericWrappers.takeSnap(GenericWrappers.java:613)
	at utils.Reporter.reportStep(Reporter.java:20)
	at wrappers.GenericWrappers.takeSnap(GenericWrappers.java:613)
	at utils.Reporter.reportStep(Reporter.java:20)
	at wrappers.GenericWrappers.takeSnap(GenericWrappers.java:613)
	at utils.Reporter.reportStep(Reporter.java:20)
	at wrappers.GenericWrappers.takeSnap(GenericWrappers.java:613)
	at utils.Reporter.reportStep(Reporter.java:20)
	at wrappers.GenericWrappers.takeSnap(GenericWrappers.java:613)
	at utils.Reporter.reportStep(Reporter.java:20)
	at wrappers.GenericWrappers.takeSnap(GenericWrappers.java:613)
	at utils.Reporter.reportStep(Reporter.java:20)
	at wrappers.GenericWrappers.takeSnap(GenericWrappers.java:613)
	at utils.Reporter.reportStep(Reporter.java:20)
	at wrappers.GenericWrappers.takeSnap(GenericWrappers.java:613)
	at utils.Reporter.reportStep(Reporter.java:20)
	at wrappers.GenericWrappers.takeSnap(GenericWrappers.java:613)
	at utils.Reporter.reportStep(Reporter.java:20)
	at wrappers.GenericWrappers.takeSnap(GenericWrappers.java:613)
	at utils.Reporter.reportStep(Reporter.java:20)
	at wrappers.GenericWrappers.takeSnap(GenericWrappers.java:613)
	at utils.Reporter.reportStep(Reporter.java:20)
	at wrappers.GenericWrappers.takeSnap(GenericWrappers.java:613)
	at utils.Reporter.reportStep(Reporter.java:20)
	at wrappers.GenericWrappers.takeSnap(GenericWrappers.java:613)
	at utils.Reporter.reportStep(Reporter.java:20)
	at wrappers.GenericWrappers.takeSnap(GenericWrappers.java:613)
	at utils.Reporter.reportStep(Reporter.java:20)
	at wrappers.GenericWrappers.takeSnap(GenericWrappers.java:613)
	at utils.Reporter.reportStep(Reporter.java:20)
	at wrappers.GenericWrappers.takeSnap(GenericWrappers.java:613)
	at utils.Reporter.reportStep(Reporter.java:20)
	at wrappers.GenericWrappers.takeSnap(GenericWrappers.java:613)
	at utils.Reporter.reportStep(Reporter.java:20)
	at wrappers.GenericWrappers.takeSnap(GenericWrappers.java:613)
	at utils.Reporter.reportStep(Reporter.java:20)
	at wrappers.GenericWrappers.takeSnap(GenericWrappers.java:613)
	at utils.Reporter.reportStep(Reporter.java:20)
	at wrappers.GenericWrappers.takeSnap(GenericWrappers.java:613)
	at utils.Reporter.reportStep(Reporter.java:20)
	at wrappers.GenericWrappers.takeSnap(GenericWrappers.java:613)
	at utils.Reporter.reportStep(Reporter.java:20)
	at wrappers.GenericWrappers.takeSnap(GenericWrappers.java:613)
	at utils.Reporter.reportStep(Reporter.java:20)
	at wrappers.GenericWrappers.takeSnap(GenericWrappers.java:613)
	at utils.Reporter.reportStep(Reporter.java:20)
	at wrappers.GenericWrappers.takeSnap(GenericWrappers.java:613)
	at utils.Reporter.reportStep(Reporter.java:20)
	at wrappers.GenericWrappers.takeSnap(GenericWrappers.java:613)
	at utils.Reporter.reportStep(Reporter.java:20)
	at wrappers.GenericWrappers.takeSnap(GenericWrappers.java:613)
	at utils.Reporter.reportStep(Reporter.java:20)
	at wrappers.GenericWrappers.takeSnap(GenericWrappers.java:613)
	at utils.Reporter.reportStep(Reporter.java:20)
	at wrappers.GenericWrappers.takeSnap(GenericWrappers.java:613)
	at utils.Reporter.reportStep(Reporter.java:20)
	at wrappers.GenericWrappers.takeSnap(GenericWrappers.java:613)
	at utils.Reporter.reportStep(Reporter.java:20)
	at wrappers.GenericWrappers.takeSnap(GenericWrappers.java:613)
	at utils.Reporter.reportStep(Reporter.java:20)
	at wrappers.GenericWrappers.takeSnap(GenericWrappers.java:613)
	at utils.Reporter.reportStep(Reporter.java:20)
	at wrappers.GenericWrappers.takeSnap(GenericWrappers.java:613)
	at utils.Reporter.reportStep(Reporter.java:20)
	at wrappers.GenericWrappers.takeSnap(GenericWrappers.java:613)
	at utils.Reporter.reportStep(Reporter.java:20)
	at wrappers.GenericWrappers.takeSnap(GenericWrappers.java:613)
	at utils.Reporter.reportStep(Reporter.java:20)
	at wrappers.GenericWrappers.takeSnap(GenericWrappers.java:613)
	at utils.Reporter.reportStep(Reporter.java:20)
	at wrappers.GenericWrappers.takeSnap(GenericWrappers.java:613)
	at utils.Reporter.reportStep(Reporter.java:20)
	at wrappers.GenericWrappers.takeSnap(GenericWrappers.java:613)
	at utils.Reporter.reportStep(Reporter.java:20)
	at wrappers.GenericWrappers.takeSnap(GenericWrappers.java:613)
	at utils.Reporter.reportStep(Reporter.java:20)
	at wrappers.GenericWrappers.takeSnap(GenericWrappers.java:613)
	at utils.Reporter.reportStep(Reporter.java:20)
	at wrappers.GenericWrappers.takeSnap(GenericWrappers.java:613)
	at utils.Reporter.reportStep(Reporter.java:20)
	at wrappers.GenericWrappers.takeSnap(GenericWrappers.java:613)
	at utils.Reporter.reportStep(Reporter.java:20)
	at wrappers.GenericWrappers.takeSnap(GenericWrappers.java:613)
	at utils.Reporter.reportStep(Reporter.java:20)
	at wrappers.GenericWrappers.takeSnap(GenericWrappers.java:613)
	at utils.Reporter.reportStep(Reporter.java:20)
	at wrappers.GenericWrappers.takeSnap(GenericWrappers.java:613)
	at utils.Reporter.reportStep(Reporter.java:20)
	at wrappers.GenericWrappers.takeSnap(GenericWrappers.java:613)
	at utils.Reporter.reportStep(Reporter.java:20)
	at wrappers.GenericWrappers.takeSnap(GenericWrappers.java:613)
	at utils.Reporter.reportStep(Reporter.java:20)
	at wrappers.GenericWrappers.takeSnap(GenericWrappers.java:613)
	at utils.Reporter.reportStep(Reporter.java:20)
	at wrappers.GenericWrappers.takeSnap(GenericWrappers.java:613)
	at utils.Reporter.reportStep(Reporter.java:20)
	at wrappers.GenericWrappers.takeSnap(GenericWrappers.java:613)
	at utils.Reporter.reportStep(Reporter.java:20)
	at wrappers.GenericWrappers.takeSnap(GenericWrappers.java:613)
	at utils.Reporter.reportStep(Reporter.java:20)
	at wrappers.GenericWrappers.takeSnap(GenericWrappers.java:613)
	at utils.Reporter.reportStep(Reporter.java:20)
	at wrappers.GenericWrappers.takeSnap(GenericWrappers.java:613)
	at utils.Reporter.reportStep(Reporter.java:20)
	at wrappers.GenericWrappers.takeSnap(GenericWrappers.java:613)
	at utils.Reporter.reportStep(Reporter.java:20)
	at wrappers.GenericWrappers.takeSnap(GenericWrappers.java:613)
	at utils.Reporter.reportStep(Reporter.java:20)
	at wrappers.GenericWrappers.takeSnap(GenericWrappers.java:613)
	at utils.Reporter.reportStep(Reporter.java:20)
	at wrappers.GenericWrappers.takeSnap(GenericWrappers.java:613)
	at utils.Reporter.reportStep(Reporter.java:20)
	at wrappers.GenericWrappers.takeSnap(GenericWrappers.java:613)
	at utils.Reporter.reportStep(Reporter.java:20)
	at wrappers.GenericWrappers.takeSnap(GenericWrappers.java:613)
	at utils.Reporter.reportStep(Reporter.java:20)
	at wrappers.GenericWrappers.takeSnap(GenericWrappers.java:613)
	at utils.Reporter.reportStep(Reporter.java:20)
	at wrappers.GenericWrappers.takeSnap(GenericWrappers.java:613)
	at utils.Reporter.reportStep(Reporter.java:20)
	at wrappers.GenericWrappers.takeSnap(GenericWrappers.java:613)
	at utils.Reporter.reportStep(Reporter.java:20)
	at wrappers.GenericWrappers.takeSnap(GenericWrappers.java:613)
	at utils.Reporter.reportStep(Reporter.java:20)
	at wrappers.GenericWrappers.takeSnap(GenericWrappers.java:613)
	at utils.Reporter.reportStep(Reporter.java:20)
	at wrappers.GenericWrappers.takeSnap(GenericWrappers.java:613)
	at utils.Reporter.reportStep(Reporter.java:20)
	at wrappers.GenericWrappers.takeSnap(GenericWrappers.java:613)
	at utils.Reporter.reportStep(Reporter.java:20)
	at wrappers.GenericWrappers.takeSnap(GenericWrappers.java:613)
	at utils.Reporter.reportStep(Reporter.java:20)
	at wrappers.GenericWrappers.takeSnap(GenericWrappers.java:613)
	at utils.Reporter.reportStep(Reporter.java:20)
	at wrappers.GenericWrappers.takeSnap(GenericWrappers.java:613)
	at utils.Reporter.reportStep(Reporter.java:20)
	at wrappers.GenericWrappers.takeSnap(GenericWrappers.java:613)
	at utils.Reporter.reportStep(Reporter.java:20)
	at wrappers.GenericWrappers.takeSnap(GenericWrappers.java:613)
	at utils.Reporter.reportStep(Reporter.java:20)
	at wrappers.GenericWrappers.takeSnap(GenericWrappers.java:613)
	at utils.Reporter.reportStep(Reporter.java:20)
	at wrappers.GenericWrappers.takeSnap(GenericWrappers.java:613)
	at utils.Reporter.reportStep(Reporter.java:20)
	at wrappers.GenericWrappers.takeSnap(GenericWrappers.java:613)
	at utils.Reporter.reportStep(Reporter.java:20)
	at wrappers.GenericWrappers.takeSnap(GenericWrappers.java:613)
	at utils.Reporter.reportStep(Reporter.java:20)
	at wrappers.GenericWrappers.takeSnap(GenericWrappers.java:613)
	at utils.Reporter.reportStep(Reporter.java:20)
	at wrappers.GenericWrappers.takeSnap(GenericWrappers.java:613)
	at utils.Reporter.reportStep(Reporter.java:20)
	at wrappers.GenericWrappers.takeSnap(GenericWrappers.java:613)
	at utils.Reporter.reportStep(Reporter.java:20)
	at wrappers.GenericWrappers.takeSnap(GenericWrappers.java:613)
	at utils.Reporter.reportStep(Reporter.java:20)
	at wrappers.GenericWrappers.takeSnap(GenericWrappers.java:613)
	at utils.Reporter.reportStep(Reporter.java:20)
	at wrappers.GenericWrappers.takeSnap(GenericWrappers.java:613)
	at utils.Reporter.reportStep(Reporter.java:20)
	at wrappers.GenericWrappers.takeSnap(GenericWrappers.java:613)
	at utils.Reporter.reportStep(Reporter.java:20)
	at wrappers.GenericWrappers.takeSnap(GenericWrappers.java:613)
	at utils.Reporter.reportStep(Reporter.java:20)
	at wrappers.GenericWrappers.takeSnap(GenericWrappers.java:613)
	at utils.Reporter.reportStep(Reporter.java:20)
	at wrappers.GenericWrappers.takeSnap(GenericWrappers.java:613)
	at utils.Reporter.reportStep(Reporter.java:20)
	at wrappers.GenericWrappers.takeSnap(GenericWrappers.java:613)
	at utils.Reporter.reportStep(Reporter.java:20)
	at wrappers.GenericWrappers.takeSnap(GenericWrappers.java:613)
	at utils.Reporter.reportStep(Reporter.java:20)
	at wrappers.GenericWrappers.takeSnap(GenericWrappers.java:613)
	at utils.Reporter.reportStep(Reporter.java:20)
	at wrappers.GenericWrappers.takeSnap(GenericWrappers.java:613)
	at utils.Reporter.reportStep(Reporter.java:20)
	at wrappers.GenericWrappers.takeSnap(GenericWrappers.java:613)
	at utils.Reporter.reportStep(Reporter.java:20)
	at wrappers.GenericWrappers.takeSnap(GenericWrappers.java:613)
	at utils.Reporter.reportStep(Reporter.java:20)
	at wrappers.GenericWrappers.takeSnap(GenericWrappers.java:613)
	at utils.Reporter.reportStep(Reporter.java:20)
	at wrappers.GenericWrappers.takeSnap(GenericWrappers.java:613)
	at utils.Reporter.reportStep(Reporter.java:20)
	at wrappers.GenericWrappers.takeSnap(GenericWrappers.java:613)
	at utils.Reporter.reportStep(Reporter.java:20)
	at wrappers.GenericWrappers.takeSnap(GenericWrappers.java:613)
	at utils.Reporter.reportStep(Reporter.java:20)
	at wrappers.GenericWrappers.takeSnap(GenericWrappers.java:613)
	at utils.Reporter.reportStep(Reporter.java:20)
	at wrappers.GenericWrappers.takeSnap(GenericWrappers.java:613)
	at utils.Reporter.reportStep(Reporter.java:20)
	at wrappers.GenericWrappers.takeSnap(GenericWrappers.java:613)
	at utils.Reporter.reportStep(Reporter.java:20)
	at wrappers.GenericWrappers.takeSnap(GenericWrappers.java:613)
	at utils.Reporter.reportStep(Reporter.java:20)
	at wrappers.GenericWrappers.takeSnap(GenericWrappers.java:613)
	at utils.Reporter.reportStep(Reporter.java:20)
	at wrappers.GenericWrappers.takeSnap(GenericWrappers.java:613)
	at utils.Reporter.reportStep(Reporter.java:20)
	at wrappers.GenericWrappers.takeSnap(GenericWrappers.java:613)
	at utils.Reporter.reportStep(Reporter.java:20)
	at wrappers.GenericWrappers.takeSnap(GenericWrappers.java:613)
	at utils.Reporter.reportStep(Reporter.java:20)
	at wrappers.GenericWrappers.takeSnap(GenericWrappers.java:613)
	at utils.Reporter.reportStep(Reporter.java:20)
	at wrappers.GenericWrappers.takeSnap(GenericWrappers.java:613)
	at utils.Reporter.reportStep(Reporter.java:20)
	at wrappers.GenericWrappers.takeSnap(GenericWrappers.java:613)
	at utils.Reporter.reportStep(Reporter.java:20)
	at wrappers.GenericWrappers.takeSnap(GenericWrappers.java:613)
	at utils.Reporter.reportStep(Reporter.java:20)
	at wrappers.GenericWrappers.takeSnap(GenericWrappers.java:613)
	at utils.Reporter.reportStep(Reporter.java:20)
	at wrappers.GenericWrappers.takeSnap(GenericWrappers.java:613)
	at utils.Reporter.reportStep(Reporter.java:20)
	at wrappers.GenericWrappers.takeSnap(GenericWrappers.java:613)
	at utils.Reporter.reportStep(Reporter.java:20)
	at wrappers.GenericWrappers.takeSnap(GenericWrappers.java:613)
	at utils.Reporter.reportStep(Reporter.java:20)
	at wrappers.GenericWrappers.takeSnap(GenericWrappers.java:613)
	at utils.Reporter.reportStep(Reporter.java:20)
	at wrappers.GenericWrappers.takeSnap(GenericWrappers.java:613)
	at utils.Reporter.reportStep(Reporter.java:20)
	at wrappers.GenericWrappers.takeSnap(GenericWrappers.java:613)
	at utils.Reporter.reportStep(Reporter.java:20)
	at wrappers.GenericWrappers.takeSnap(GenericWrappers.java:613)
	at utils.Reporter.reportStep(Reporter.java:20)
	at wrappers.GenericWrappers.takeSnap(GenericWrappers.java:613)
	at utils.Reporter.reportStep(Reporter.java:20)
	at wrappers.GenericWrappers.takeSnap(GenericWrappers.java:613)
	at utils.Reporter.reportStep(Reporter.java:20)
	at wrappers.GenericWrappers.takeSnap(GenericWrappers.java:613)
	at utils.Reporter.reportStep(Reporter.java:20)
	at wrappers.GenericWrappers.takeSnap(GenericWrappers.java:613)
	at utils.Reporter.reportStep(Reporter.java:20)
	at wrappers.GenericWrappers.takeSnap(GenericWrappers.java:613)
	at utils.Reporter.reportStep(Reporter.java:20)
	at wrappers.GenericWrappers.takeSnap(GenericWrappers.java:613)
	at utils.Reporter.reportStep(Reporter.java:20)
	at wrappers.GenericWrappers.takeSnap(GenericWrappers.java:613)
	at utils.Reporter.reportStep(Reporter.java:20)
	at wrappers.GenericWrappers.takeSnap(GenericWrappers.java:613)
	at utils.Reporter.reportStep(Reporter.java:20)
	at wrappers.GenericWrappers.takeSnap(GenericWrappers.java:613)
	at utils.Reporter.reportStep(Reporter.java:20)
	at wrappers.GenericWrappers.takeSnap(GenericWrappers.java:613)
	at utils.Reporter.reportStep(Reporter.java:20)
	at wrappers.GenericWrappers.takeSnap(GenericWrappers.java:613)
	at utils.Reporter.reportStep(Reporter.java:20)
	at wrappers.GenericWrappers.takeSnap(GenericWrappers.java:613)
	at utils.Reporter.reportStep(Reporter.java:20)
	at wrappers.GenericWrappers.takeSnap(GenericWrappers.java:613)
	at utils.Reporter.reportStep(Reporter.java:20)
	at wrappers.GenericWrappers.takeSnap(GenericWrappers.java:613)
	at utils.Reporter.reportStep(Reporter.java:20)
	at wrappers.GenericWrappers.takeSnap(GenericWrappers.java:613)
	at utils.Reporter.reportStep(Reporter.java:20)
	at wrappers.GenericWrappers.takeSnap(GenericWrappers.java:613)
	at utils.Reporter.reportStep(Reporter.java:20)
	at wrappers.GenericWrappers.takeSnap(GenericWrappers.java:613)
	at utils.Reporter.reportStep(Reporter.java:20)
	at wrappers.GenericWrappers.takeSnap(GenericWrappers.java:613)
	at utils.Reporter.reportStep(Reporter.java:20)
	at wrappers.GenericWrappers.takeSnap(GenericWrappers.java:613)
	at utils.Reporter.reportStep(Reporter.java:20)
	at wrappers.GenericWrappers.takeSnap(GenericWrappers.java:613)
	at utils.Reporter.reportStep(Reporter.java:20)
	at wrappers.GenericWrappers.takeSnap(GenericWrappers.java:613)
	at utils.Reporter.reportStep(Reporter.java:20)
	at wrappers.GenericWrappers.takeSnap(GenericWrappers.java:613)
	at utils.Reporter.reportStep(Reporter.java:20)
	at wrappers.GenericWrappers.takeSnap(GenericWrappers.java:613)
	at utils.Reporter.reportStep(Reporter.java:20)
	at wrappers.GenericWrappers.takeSnap(GenericWrappers.java:613)
	at utils.Reporter.reportStep(Reporter.java:20)
	at wrappers.GenericWrappers.takeSnap(GenericWrappers.java:613)
	at utils.Reporter.reportStep(Reporter.java:20)
	at wrappers.GenericWrappers.takeSnap(GenericWrappers.java:613)
	at utils.Reporter.reportStep(Reporter.java:20)
	at wrappers.GenericWrappers.takeSnap(GenericWrappers.java:613)
	at utils.Reporter.reportStep(Reporter.java:20)
	at wrappers.GenericWrappers.takeSnap(GenericWrappers.java:613)
	at utils.Reporter.reportStep(Reporter.java:20)
	at wrappers.GenericWrappers.takeSnap(GenericWrappers.java:613)
	at utils.Reporter.reportStep(Reporter.java:20)
	at wrappers.GenericWrappers.takeSnap(GenericWrappers.java:613)
	at utils.Reporter.reportStep(Reporter.java:20)
	at wrappers.GenericWrappers.takeSnap(GenericWrappers.java:613)
	at utils.Reporter.reportStep(Reporter.java:20)
	at wrappers.GenericWrappers.takeSnap(GenericWrappers.java:613)
	at utils.Reporter.reportStep(Reporter.java:20)
	at wrappers.GenericWrappers.takeSnap(GenericWrappers.java:613)
	at utils.Reporter.reportStep(Reporter.java:20)
	at wrappers.GenericWrappers.takeSnap(GenericWrappers.java:613)
	at utils.Reporter.reportStep(Reporter.java:20)
	at wrappers.GenericWrappers.takeSnap(GenericWrappers.java:613)
	at utils.Reporter.reportStep(Reporter.java:20)
	at wrappers.GenericWrappers.takeSnap(GenericWrappers.java:613)
	at utils.Reporter.reportStep(Reporter.java:20)
	at wrappers.GenericWrappers.takeSnap(GenericWrappers.java:613)
	at utils.Reporter.reportStep(Reporter.java:20)
	at wrappers.GenericWrappers.takeSnap(GenericWrappers.java:613)
	at utils.Reporter.reportStep(Reporter.java:20)
	at wrappers.GenericWrappers.takeSnap(GenericWrappers.java:613)
	at utils.Reporter.reportStep(Reporter.java:20)
	at wrappers.GenericWrappers.takeSnap(GenericWrappers.java:613)
	at utils.Reporter.reportStep(Reporter.java:20)
	at wrappers.GenericWrappers.takeSnap(GenericWrappers.java:613)
	at utils.Reporter.reportStep(Reporter.java:20)
	at wrappers.GenericWrappers.takeSnap(GenericWrappers.java:613)
	at utils.Reporter.reportStep(Reporter.java:20)
	at wrappers.GenericWrappers.takeSnap(GenericWrappers.java:613)
	at utils.Reporter.reportStep(Reporter.java:20)
	at wrappers.GenericWrappers.takeSnap(GenericWrappers.java:613)
	at utils.Reporter.reportStep(Reporter.java:20)
	at wrappers.GenericWrappers.takeSnap(GenericWrappers.java:613)
	at utils.Reporter.reportStep(Reporter.java:20)
	at wrappers.GenericWrappers.takeSnap(GenericWrappers.java:613)
	at utils.Reporter.reportStep(Reporter.java:20)
	at wrappers.GenericWrappers.takeSnap(GenericWrappers.java:613)
	at utils.Reporter.reportStep(Reporter.java:20)
	at wrappers.GenericWrappers.takeSnap(GenericWrappers.java:613)
	at utils.Reporter.reportStep(Reporter.java:20)
	at wrappers.GenericWrappers.takeSnap(GenericWrappers.java:613)
	at utils.Reporter.reportStep(Reporter.java:20)
	at wrappers.GenericWrappers.takeSnap(GenericWrappers.java:613)
	at utils.Reporter.reportStep(Reporter.java:20)
	at wrappers.GenericWrappers.takeSnap(GenericWrappers.java:613)
	at utils.Reporter.reportStep(Reporter.java:20)
	at wrappers.GenericWrappers.takeSnap(GenericWrappers.java:613)
	at utils.Reporter.reportStep(Reporter.java:20)
	at wrappers.GenericWrappers.takeSnap(GenericWrappers.java:613)
	at utils.Reporter.reportStep(Reporter.java:20)
	at wrappers.GenericWrappers.takeSnap(GenericWrappers.java:613)
	at utils.Reporter.reportStep(Reporter.java:20)
	at wrappers.GenericWrappers.takeSnap(GenericWrappers.java:613)
	at utils.Reporter.reportStep(Reporter.java:20)
	at wrappers.GenericWrappers.takeSnap(GenericWrappers.java:613)
	at utils.Reporter.reportStep(Reporter.java:20)
	at wrappers.GenericWrappers.takeSnap(GenericWrappers.java:613)
	at utils.Reporter.reportStep(Reporter.java:20)
	at wrappers.GenericWrappers.takeSnap(GenericWrappers.java:613)
	at utils.Reporter.reportStep(Reporter.java:20)
	at wrappers.GenericWrappers.takeSnap(GenericWrappers.java:613)
	at utils.Reporter.reportStep(Reporter.java:20)
	at wrappers.GenericWrappers.takeSnap(GenericWrappers.java:613)
]]>
    </error>
  </testcase> <!-- login -->
  <testcase name="login" time="0.016" classname="testCases.TC001_Login">
    <error type="java.lang.StackOverflowError">
      <![CDATA[java.lang.StackOverflowError
	at java.util.regex.Pattern$Branch.match(Unknown Source)
	at java.util.regex.Pattern$BranchConn.match(Unknown Source)
	at java.util.regex.Pattern$GroupTail.match(Unknown Source)
	at java.util.regex.Pattern$Curly.match0(Unknown Source)
	at java.util.regex.Pattern$Curly.match(Unknown Source)
	at java.util.regex.Pattern$GroupHead.match(Unknown Source)
	at java.util.regex.Pattern$Branch.match(Unknown Source)
	at java.util.regex.Pattern$Branch.match(Unknown Source)
	at java.util.regex.Pattern$BmpCharProperty.match(Unknown Source)
	at java.util.regex.Pattern$Start.match(Unknown Source)
	at java.util.regex.Matcher.search(Unknown Source)
	at java.util.regex.Matcher.find(Unknown Source)
	at java.util.Formatter.parse(Unknown Source)
	at java.util.Formatter.format(Unknown Source)
	at java.util.Formatter.format(Unknown Source)
	at java.lang.String.format(Unknown Source)
	at org.openqa.selenium.remote.RemoteWebDriver.execute(RemoteWebDriver.java:549)
	at org.openqa.selenium.remote.RemoteWebDriver.execute(RemoteWebDriver.java:609)
	at org.openqa.selenium.remote.RemoteWebDriver.getScreenshotAs(RemoteWebDriver.java:295)
	at wrappers.GenericWrappers.takeSnap(GenericWrappers.java:610)
	at utils.Reporter.reportStep(Reporter.java:20)
	at wrappers.GenericWrappers.takeSnap(GenericWrappers.java:613)
	at utils.Reporter.reportStep(Reporter.java:20)
	at wrappers.GenericWrappers.takeSnap(GenericWrappers.java:613)
	at utils.Reporter.reportStep(Reporter.java:20)
	at wrappers.GenericWrappers.takeSnap(GenericWrappers.java:613)
	at utils.Reporter.reportStep(Reporter.java:20)
	at wrappers.GenericWrappers.takeSnap(GenericWrappers.java:613)
	at utils.Reporter.reportStep(Reporter.java:20)
	at wrappers.GenericWrappers.takeSnap(GenericWrappers.java:613)
	at utils.Reporter.reportStep(Reporter.java:20)
	at wrappers.GenericWrappers.takeSnap(GenericWrappers.java:613)
	at utils.Reporter.reportStep(Reporter.java:20)
	at wrappers.GenericWrappers.takeSnap(GenericWrappers.java:613)
	at utils.Reporter.reportStep(Reporter.java:20)
	at wrappers.GenericWrappers.takeSnap(GenericWrappers.java:613)
	at utils.Reporter.reportStep(Reporter.java:20)
	at wrappers.GenericWrappers.takeSnap(GenericWrappers.java:613)
	at utils.Reporter.reportStep(Reporter.java:20)
	at wrappers.GenericWrappers.takeSnap(GenericWrappers.java:613)
	at utils.Reporter.reportStep(Reporter.java:20)
	at wrappers.GenericWrappers.takeSnap(GenericWrappers.java:613)
	at utils.Reporter.reportStep(Reporter.java:20)
	at wrappers.GenericWrappers.takeSnap(GenericWrappers.java:613)
	at utils.Reporter.reportStep(Reporter.java:20)
	at wrappers.GenericWrappers.takeSnap(GenericWrappers.java:613)
	at utils.Reporter.reportStep(Reporter.java:20)
	at wrappers.GenericWrappers.takeSnap(GenericWrappers.java:613)
	at utils.Reporter.reportStep(Reporter.java:20)
	at wrappers.GenericWrappers.takeSnap(GenericWrappers.java:613)
	at utils.Reporter.reportStep(Reporter.java:20)
	at wrappers.GenericWrappers.takeSnap(GenericWrappers.java:613)
	at utils.Reporter.reportStep(Reporter.java:20)
	at wrappers.GenericWrappers.takeSnap(GenericWrappers.java:613)
	at utils.Reporter.reportStep(Reporter.java:20)
	at wrappers.GenericWrappers.takeSnap(GenericWrappers.java:613)
	at utils.Reporter.reportStep(Reporter.java:20)
	at wrappers.GenericWrappers.takeSnap(GenericWrappers.java:613)
	at utils.Reporter.reportStep(Reporter.java:20)
	at wrappers.GenericWrappers.takeSnap(GenericWrappers.java:613)
	at utils.Reporter.reportStep(Reporter.java:20)
	at wrappers.GenericWrappers.takeSnap(GenericWrappers.java:613)
	at utils.Reporter.reportStep(Reporter.java:20)
	at wrappers.GenericWrappers.takeSnap(GenericWrappers.java:613)
	at utils.Reporter.reportStep(Reporter.java:20)
	at wrappers.GenericWrappers.takeSnap(GenericWrappers.java:613)
	at utils.Reporter.reportStep(Reporter.java:20)
	at wrappers.GenericWrappers.takeSnap(GenericWrappers.java:613)
	at utils.Reporter.reportStep(Reporter.java:20)
	at wrappers.GenericWrappers.takeSnap(GenericWrappers.java:613)
	at utils.Reporter.reportStep(Reporter.java:20)
	at wrappers.GenericWrappers.takeSnap(GenericWrappers.java:613)
	at utils.Reporter.reportStep(Reporter.java:20)
	at wrappers.GenericWrappers.takeSnap(GenericWrappers.java:613)
	at utils.Reporter.reportStep(Reporter.java:20)
	at wrappers.GenericWrappers.takeSnap(GenericWrappers.java:613)
	at utils.Reporter.reportStep(Reporter.java:20)
	at wrappers.GenericWrappers.takeSnap(GenericWrappers.java:613)
	at utils.Reporter.reportStep(Reporter.java:20)
	at wrappers.GenericWrappers.takeSnap(GenericWrappers.java:613)
	at utils.Reporter.reportStep(Reporter.java:20)
	at wrappers.GenericWrappers.takeSnap(GenericWrappers.java:613)
	at utils.Reporter.reportStep(Reporter.java:20)
	at wrappers.GenericWrappers.takeSnap(GenericWrappers.java:613)
	at utils.Reporter.reportStep(Reporter.java:20)
	at wrappers.GenericWrappers.takeSnap(GenericWrappers.java:613)
	at utils.Reporter.reportStep(Reporter.java:20)
	at wrappers.GenericWrappers.takeSnap(GenericWrappers.java:613)
	at utils.Reporter.reportStep(Reporter.java:20)
	at wrappers.GenericWrappers.takeSnap(GenericWrappers.java:613)
	at utils.Reporter.reportStep(Reporter.java:20)
	at wrappers.GenericWrappers.takeSnap(GenericWrappers.java:613)
	at utils.Reporter.reportStep(Reporter.java:20)
	at wrappers.GenericWrappers.takeSnap(GenericWrappers.java:613)
	at utils.Reporter.reportStep(Reporter.java:20)
	at wrappers.GenericWrappers.takeSnap(GenericWrappers.java:613)
	at utils.Reporter.reportStep(Reporter.java:20)
	at wrappers.GenericWrappers.takeSnap(GenericWrappers.java:613)
	at utils.Reporter.reportStep(Reporter.java:20)
	at wrappers.GenericWrappers.takeSnap(GenericWrappers.java:613)
	at utils.Reporter.reportStep(Reporter.java:20)
	at wrappers.GenericWrappers.takeSnap(GenericWrappers.java:613)
	at utils.Reporter.reportStep(Reporter.java:20)
	at wrappers.GenericWrappers.takeSnap(GenericWrappers.java:613)
	at utils.Reporter.reportStep(Reporter.java:20)
	at wrappers.GenericWrappers.takeSnap(GenericWrappers.java:613)
	at utils.Reporter.reportStep(Reporter.java:20)
	at wrappers.GenericWrappers.takeSnap(GenericWrappers.java:613)
	at utils.Reporter.reportStep(Reporter.java:20)
	at wrappers.GenericWrappers.takeSnap(GenericWrappers.java:613)
	at utils.Reporter.reportStep(Reporter.java:20)
	at wrappers.GenericWrappers.takeSnap(GenericWrappers.java:613)
	at utils.Reporter.reportStep(Reporter.java:20)
	at wrappers.GenericWrappers.takeSnap(GenericWrappers.java:613)
	at utils.Reporter.reportStep(Reporter.java:20)
	at wrappers.GenericWrappers.takeSnap(GenericWrappers.java:613)
	at utils.Reporter.reportStep(Reporter.java:20)
	at wrappers.GenericWrappers.takeSnap(GenericWrappers.java:613)
	at utils.Reporter.reportStep(Reporter.java:20)
	at wrappers.GenericWrappers.takeSnap(GenericWrappers.java:613)
	at utils.Reporter.reportStep(Reporter.java:20)
	at wrappers.GenericWrappers.takeSnap(GenericWrappers.java:613)
	at utils.Reporter.reportStep(Reporter.java:20)
	at wrappers.GenericWrappers.takeSnap(GenericWrappers.java:613)
	at utils.Reporter.reportStep(Reporter.java:20)
	at wrappers.GenericWrappers.takeSnap(GenericWrappers.java:613)
	at utils.Reporter.reportStep(Reporter.java:20)
	at wrappers.GenericWrappers.takeSnap(GenericWrappers.java:613)
	at utils.Reporter.reportStep(Reporter.java:20)
	at wrappers.GenericWrappers.takeSnap(GenericWrappers.java:613)
	at utils.Reporter.reportStep(Reporter.java:20)
	at wrappers.GenericWrappers.takeSnap(GenericWrappers.java:613)
	at utils.Reporter.reportStep(Reporter.java:20)
	at wrappers.GenericWrappers.takeSnap(GenericWrappers.java:613)
	at utils.Reporter.reportStep(Reporter.java:20)
	at wrappers.GenericWrappers.takeSnap(GenericWrappers.java:613)
	at utils.Reporter.reportStep(Reporter.java:20)
	at wrappers.GenericWrappers.takeSnap(GenericWrappers.java:613)
	at utils.Reporter.reportStep(Reporter.java:20)
	at wrappers.GenericWrappers.takeSnap(GenericWrappers.java:613)
	at utils.Reporter.reportStep(Reporter.java:20)
	at wrappers.GenericWrappers.takeSnap(GenericWrappers.java:613)
	at utils.Reporter.reportStep(Reporter.java:20)
	at wrappers.GenericWrappers.takeSnap(GenericWrappers.java:613)
	at utils.Reporter.reportStep(Reporter.java:20)
	at wrappers.GenericWrappers.takeSnap(GenericWrappers.java:613)
	at utils.Reporter.reportStep(Reporter.java:20)
	at wrappers.GenericWrappers.takeSnap(GenericWrappers.java:613)
	at utils.Reporter.reportStep(Reporter.java:20)
	at wrappers.GenericWrappers.takeSnap(GenericWrappers.java:613)
	at utils.Reporter.reportStep(Reporter.java:20)
	at wrappers.GenericWrappers.takeSnap(GenericWrappers.java:613)
	at utils.Reporter.reportStep(Reporter.java:20)
	at wrappers.GenericWrappers.takeSnap(GenericWrappers.java:613)
	at utils.Reporter.reportStep(Reporter.java:20)
	at wrappers.GenericWrappers.takeSnap(GenericWrappers.java:613)
	at utils.Reporter.reportStep(Reporter.java:20)
	at wrappers.GenericWrappers.takeSnap(GenericWrappers.java:613)
	at utils.Reporter.reportStep(Reporter.java:20)
	at wrappers.GenericWrappers.takeSnap(GenericWrappers.java:613)
	at utils.Reporter.reportStep(Reporter.java:20)
	at wrappers.GenericWrappers.takeSnap(GenericWrappers.java:613)
	at utils.Reporter.reportStep(Reporter.java:20)
	at wrappers.GenericWrappers.takeSnap(GenericWrappers.java:613)
	at utils.Reporter.reportStep(Reporter.java:20)
	at wrappers.GenericWrappers.takeSnap(GenericWrappers.java:613)
	at utils.Reporter.reportStep(Reporter.java:20)
	at wrappers.GenericWrappers.takeSnap(GenericWrappers.java:613)
	at utils.Reporter.reportStep(Reporter.java:20)
	at wrappers.GenericWrappers.takeSnap(GenericWrappers.java:613)
	at utils.Reporter.reportStep(Reporter.java:20)
	at wrappers.GenericWrappers.takeSnap(GenericWrappers.java:613)
	at utils.Reporter.reportStep(Reporter.java:20)
	at wrappers.GenericWrappers.takeSnap(GenericWrappers.java:613)
	at utils.Reporter.reportStep(Reporter.java:20)
	at wrappers.GenericWrappers.takeSnap(GenericWrappers.java:613)
	at utils.Reporter.reportStep(Reporter.java:20)
	at wrappers.GenericWrappers.takeSnap(GenericWrappers.java:613)
	at utils.Reporter.reportStep(Reporter.java:20)
	at wrappers.GenericWrappers.takeSnap(GenericWrappers.java:613)
	at utils.Reporter.reportStep(Reporter.java:20)
	at wrappers.GenericWrappers.takeSnap(GenericWrappers.java:613)
	at utils.Reporter.reportStep(Reporter.java:20)
	at wrappers.GenericWrappers.takeSnap(GenericWrappers.java:613)
	at utils.Reporter.reportStep(Reporter.java:20)
	at wrappers.GenericWrappers.takeSnap(GenericWrappers.java:613)
	at utils.Reporter.reportStep(Reporter.java:20)
	at wrappers.GenericWrappers.takeSnap(GenericWrappers.java:613)
	at utils.Reporter.reportStep(Reporter.java:20)
	at wrappers.GenericWrappers.takeSnap(GenericWrappers.java:613)
	at utils.Reporter.reportStep(Reporter.java:20)
	at wrappers.GenericWrappers.takeSnap(GenericWrappers.java:613)
	at utils.Reporter.reportStep(Reporter.java:20)
	at wrappers.GenericWrappers.takeSnap(GenericWrappers.java:613)
	at utils.Reporter.reportStep(Reporter.java:20)
	at wrappers.GenericWrappers.takeSnap(GenericWrappers.java:613)
	at utils.Reporter.reportStep(Reporter.java:20)
	at wrappers.GenericWrappers.takeSnap(GenericWrappers.java:613)
	at utils.Reporter.reportStep(Reporter.java:20)
	at wrappers.GenericWrappers.takeSnap(GenericWrappers.java:613)
	at utils.Reporter.reportStep(Reporter.java:20)
	at wrappers.GenericWrappers.takeSnap(GenericWrappers.java:613)
	at utils.Reporter.reportStep(Reporter.java:20)
	at wrappers.GenericWrappers.takeSnap(GenericWrappers.java:613)
	at utils.Reporter.reportStep(Reporter.java:20)
	at wrappers.GenericWrappers.takeSnap(GenericWrappers.java:613)
	at utils.Reporter.reportStep(Reporter.java:20)
	at wrappers.GenericWrappers.takeSnap(GenericWrappers.java:613)
	at utils.Reporter.reportStep(Reporter.java:20)
	at wrappers.GenericWrappers.takeSnap(GenericWrappers.java:613)
	at utils.Reporter.reportStep(Reporter.java:20)
	at wrappers.GenericWrappers.takeSnap(GenericWrappers.java:613)
	at utils.Reporter.reportStep(Reporter.java:20)
	at wrappers.GenericWrappers.takeSnap(GenericWrappers.java:613)
	at utils.Reporter.reportStep(Reporter.java:20)
	at wrappers.GenericWrappers.takeSnap(GenericWrappers.java:613)
	at utils.Reporter.reportStep(Reporter.java:20)
	at wrappers.GenericWrappers.takeSnap(GenericWrappers.java:613)
	at utils.Reporter.reportStep(Reporter.java:20)
	at wrappers.GenericWrappers.takeSnap(GenericWrappers.java:613)
	at utils.Reporter.reportStep(Reporter.java:20)
	at wrappers.GenericWrappers.takeSnap(GenericWrappers.java:613)
	at utils.Reporter.reportStep(Reporter.java:20)
	at wrappers.GenericWrappers.takeSnap(GenericWrappers.java:613)
	at utils.Reporter.reportStep(Reporter.java:20)
	at wrappers.GenericWrappers.takeSnap(GenericWrappers.java:613)
	at utils.Reporter.reportStep(Reporter.java:20)
	at wrappers.GenericWrappers.takeSnap(GenericWrappers.java:613)
	at utils.Reporter.reportStep(Reporter.java:20)
	at wrappers.GenericWrappers.takeSnap(GenericWrappers.java:613)
	at utils.Reporter.reportStep(Reporter.java:20)
	at wrappers.GenericWrappers.takeSnap(GenericWrappers.java:613)
	at utils.Reporter.reportStep(Reporter.java:20)
	at wrappers.GenericWrappers.takeSnap(GenericWrappers.java:613)
	at utils.Reporter.reportStep(Reporter.java:20)
	at wrappers.GenericWrappers.takeSnap(GenericWrappers.java:613)
	at utils.Reporter.reportStep(Reporter.java:20)
	at wrappers.GenericWrappers.takeSnap(GenericWrappers.java:613)
	at utils.Reporter.reportStep(Reporter.java:20)
	at wrappers.GenericWrappers.takeSnap(GenericWrappers.java:613)
	at utils.Reporter.reportStep(Reporter.java:20)
	at wrappers.GenericWrappers.takeSnap(GenericWrappers.java:613)
	at utils.Reporter.reportStep(Reporter.java:20)
	at wrappers.GenericWrappers.takeSnap(GenericWrappers.java:613)
	at utils.Reporter.reportStep(Reporter.java:20)
	at wrappers.GenericWrappers.takeSnap(GenericWrappers.java:613)
	at utils.Reporter.reportStep(Reporter.java:20)
	at wrappers.GenericWrappers.takeSnap(GenericWrappers.java:613)
	at utils.Reporter.reportStep(Reporter.java:20)
	at wrappers.GenericWrappers.takeSnap(GenericWrappers.java:613)
	at utils.Reporter.reportStep(Reporter.java:20)
	at wrappers.GenericWrappers.takeSnap(GenericWrappers.java:613)
	at utils.Reporter.reportStep(Reporter.java:20)
	at wrappers.GenericWrappers.takeSnap(GenericWrappers.java:613)
	at utils.Reporter.reportStep(Reporter.java:20)
	at wrappers.GenericWrappers.takeSnap(GenericWrappers.java:613)
	at utils.Reporter.reportStep(Reporter.java:20)
	at wrappers.GenericWrappers.takeSnap(GenericWrappers.java:613)
	at utils.Reporter.reportStep(Reporter.java:20)
	at wrappers.GenericWrappers.takeSnap(GenericWrappers.java:613)
	at utils.Reporter.reportStep(Reporter.java:20)
	at wrappers.GenericWrappers.takeSnap(GenericWrappers.java:613)
	at utils.Reporter.reportStep(Reporter.java:20)
	at wrappers.GenericWrappers.takeSnap(GenericWrappers.java:613)
	at utils.Reporter.reportStep(Reporter.java:20)
	at wrappers.GenericWrappers.takeSnap(GenericWrappers.java:613)
	at utils.Reporter.reportStep(Reporter.java:20)
	at wrappers.GenericWrappers.takeSnap(GenericWrappers.java:613)
	at utils.Reporter.reportStep(Reporter.java:20)
	at wrappers.GenericWrappers.takeSnap(GenericWrappers.java:613)
	at utils.Reporter.reportStep(Reporter.java:20)
	at wrappers.GenericWrappers.takeSnap(GenericWrappers.java:613)
	at utils.Reporter.reportStep(Reporter.java:20)
	at wrappers.GenericWrappers.takeSnap(GenericWrappers.java:613)
	at utils.Reporter.reportStep(Reporter.java:20)
	at wrappers.GenericWrappers.takeSnap(GenericWrappers.java:613)
	at utils.Reporter.reportStep(Reporter.java:20)
	at wrappers.GenericWrappers.takeSnap(GenericWrappers.java:613)
	at utils.Reporter.reportStep(Reporter.java:20)
	at wrappers.GenericWrappers.takeSnap(GenericWrappers.java:613)
	at utils.Reporter.reportStep(Reporter.java:20)
	at wrappers.GenericWrappers.takeSnap(GenericWrappers.java:613)
	at utils.Reporter.reportStep(Reporter.java:20)
	at wrappers.GenericWrappers.takeSnap(GenericWrappers.java:613)
	at utils.Reporter.reportStep(Reporter.java:20)
	at wrappers.GenericWrappers.takeSnap(GenericWrappers.java:613)
	at utils.Reporter.reportStep(Reporter.java:20)
	at wrappers.GenericWrappers.takeSnap(GenericWrappers.java:613)
	at utils.Reporter.reportStep(Reporter.java:20)
	at wrappers.GenericWrappers.takeSnap(GenericWrappers.java:613)
	at utils.Reporter.reportStep(Reporter.java:20)
	at wrappers.GenericWrappers.takeSnap(GenericWrappers.java:613)
	at utils.Reporter.reportStep(Reporter.java:20)
	at wrappers.GenericWrappers.takeSnap(GenericWrappers.java:613)
	at utils.Reporter.reportStep(Reporter.java:20)
	at wrappers.GenericWrappers.takeSnap(GenericWrappers.java:613)
	at utils.Reporter.reportStep(Reporter.java:20)
	at wrappers.GenericWrappers.takeSnap(GenericWrappers.java:613)
	at utils.Reporter.reportStep(Reporter.java:20)
	at wrappers.GenericWrappers.takeSnap(GenericWrappers.java:613)
	at utils.Reporter.reportStep(Reporter.java:20)
	at wrappers.GenericWrappers.takeSnap(GenericWrappers.java:613)
	at utils.Reporter.reportStep(Reporter.java:20)
	at wrappers.GenericWrappers.takeSnap(GenericWrappers.java:613)
	at utils.Reporter.reportStep(Reporter.java:20)
	at wrappers.GenericWrappers.takeSnap(GenericWrappers.java:613)
	at utils.Reporter.reportStep(Reporter.java:20)
	at wrappers.GenericWrappers.takeSnap(GenericWrappers.java:613)
	at utils.Reporter.reportStep(Reporter.java:20)
	at wrappers.GenericWrappers.takeSnap(GenericWrappers.java:613)
	at utils.Reporter.reportStep(Reporter.java:20)
	at wrappers.GenericWrappers.takeSnap(GenericWrappers.java:613)
	at utils.Reporter.reportStep(Reporter.java:20)
	at wrappers.GenericWrappers.takeSnap(GenericWrappers.java:613)
	at utils.Reporter.reportStep(Reporter.java:20)
	at wrappers.GenericWrappers.takeSnap(GenericWrappers.java:613)
	at utils.Reporter.reportStep(Reporter.java:20)
	at wrappers.GenericWrappers.takeSnap(GenericWrappers.java:613)
	at utils.Reporter.reportStep(Reporter.java:20)
	at wrappers.GenericWrappers.takeSnap(GenericWrappers.java:613)
	at utils.Reporter.reportStep(Reporter.java:20)
	at wrappers.GenericWrappers.takeSnap(GenericWrappers.java:613)
	at utils.Reporter.reportStep(Reporter.java:20)
	at wrappers.GenericWrappers.takeSnap(GenericWrappers.java:613)
	at utils.Reporter.reportStep(Reporter.java:20)
	at wrappers.GenericWrappers.takeSnap(GenericWrappers.java:613)
	at utils.Reporter.reportStep(Reporter.java:20)
	at wrappers.GenericWrappers.takeSnap(GenericWrappers.java:613)
	at utils.Reporter.reportStep(Reporter.java:20)
	at wrappers.GenericWrappers.takeSnap(GenericWrappers.java:613)
	at utils.Reporter.reportStep(Reporter.java:20)
	at wrappers.GenericWrappers.takeSnap(GenericWrappers.java:613)
	at utils.Reporter.reportStep(Reporter.java:20)
	at wrappers.GenericWrappers.takeSnap(GenericWrappers.java:613)
	at utils.Reporter.reportStep(Reporter.java:20)
	at wrappers.GenericWrappers.takeSnap(GenericWrappers.java:613)
	at utils.Reporter.reportStep(Reporter.java:20)
	at wrappers.GenericWrappers.takeSnap(GenericWrappers.java:613)
	at utils.Reporter.reportStep(Reporter.java:20)
	at wrappers.GenericWrappers.takeSnap(GenericWrappers.java:613)
	at utils.Reporter.reportStep(Reporter.java:20)
	at wrappers.GenericWrappers.takeSnap(GenericWrappers.java:613)
	at utils.Reporter.reportStep(Reporter.java:20)
	at wrappers.GenericWrappers.takeSnap(GenericWrappers.java:613)
	at utils.Reporter.reportStep(Reporter.java:20)
	at wrappers.GenericWrappers.takeSnap(GenericWrappers.java:613)
	at utils.Reporter.reportStep(Reporter.java:20)
	at wrappers.GenericWrappers.takeSnap(GenericWrappers.java:613)
	at utils.Reporter.reportStep(Reporter.java:20)
	at wrappers.GenericWrappers.takeSnap(GenericWrappers.java:613)
	at utils.Reporter.reportStep(Reporter.java:20)
	at wrappers.GenericWrappers.takeSnap(GenericWrappers.java:613)
	at utils.Reporter.reportStep(Reporter.java:20)
	at wrappers.GenericWrappers.takeSnap(GenericWrappers.java:613)
	at utils.Reporter.reportStep(Reporter.java:20)
	at wrappers.GenericWrappers.takeSnap(GenericWrappers.java:613)
	at utils.Reporter.reportStep(Reporter.java:20)
	at wrappers.GenericWrappers.takeSnap(GenericWrappers.java:613)
	at utils.Reporter.reportStep(Reporter.java:20)
	at wrappers.GenericWrappers.takeSnap(GenericWrappers.java:613)
	at utils.Reporter.reportStep(Reporter.java:20)
	at wrappers.GenericWrappers.takeSnap(GenericWrappers.java:613)
	at utils.Reporter.reportStep(Reporter.java:20)
	at wrappers.GenericWrappers.takeSnap(GenericWrappers.java:613)
	at utils.Reporter.reportStep(Reporter.java:20)
	at wrappers.GenericWrappers.takeSnap(GenericWrappers.java:613)
	at utils.Reporter.reportStep(Reporter.java:20)
	at wrappers.GenericWrappers.takeSnap(GenericWrappers.java:613)
	at utils.Reporter.reportStep(Reporter.java:20)
	at wrappers.GenericWrappers.takeSnap(GenericWrappers.java:613)
	at utils.Reporter.reportStep(Reporter.java:20)
	at wrappers.GenericWrappers.takeSnap(GenericWrappers.java:613)
	at utils.Reporter.reportStep(Reporter.java:20)
	at wrappers.GenericWrappers.takeSnap(GenericWrappers.java:613)
	at utils.Reporter.reportStep(Reporter.java:20)
	at wrappers.GenericWrappers.takeSnap(GenericWrappers.java:613)
	at utils.Reporter.reportStep(Reporter.java:20)
	at wrappers.GenericWrappers.takeSnap(GenericWrappers.java:613)
	at utils.Reporter.reportStep(Reporter.java:20)
	at wrappers.GenericWrappers.takeSnap(GenericWrappers.java:613)
	at utils.Reporter.reportStep(Reporter.java:20)
	at wrappers.GenericWrappers.takeSnap(GenericWrappers.java:613)
	at utils.Reporter.reportStep(Reporter.java:20)
	at wrappers.GenericWrappers.takeSnap(GenericWrappers.java:613)
	at utils.Reporter.reportStep(Reporter.java:20)
	at wrappers.GenericWrappers.takeSnap(GenericWrappers.java:613)
	at utils.Reporter.reportStep(Reporter.java:20)
	at wrappers.GenericWrappers.takeSnap(GenericWrappers.java:613)
	at utils.Reporter.reportStep(Reporter.java:20)
	at wrappers.GenericWrappers.takeSnap(GenericWrappers.java:613)
	at utils.Reporter.reportStep(Reporter.java:20)
	at wrappers.GenericWrappers.takeSnap(GenericWrappers.java:613)
	at utils.Reporter.reportStep(Reporter.java:20)
	at wrappers.GenericWrappers.takeSnap(GenericWrappers.java:613)
	at utils.Reporter.reportStep(Reporter.java:20)
	at wrappers.GenericWrappers.takeSnap(GenericWrappers.java:613)
	at utils.Reporter.reportStep(Reporter.java:20)
	at wrappers.GenericWrappers.takeSnap(GenericWrappers.java:613)
	at utils.Reporter.reportStep(Reporter.java:20)
	at wrappers.GenericWrappers.takeSnap(GenericWrappers.java:613)
	at utils.Reporter.reportStep(Reporter.java:20)
	at wrappers.GenericWrappers.takeSnap(GenericWrappers.java:613)
	at utils.Reporter.reportStep(Reporter.java:20)
	at wrappers.GenericWrappers.takeSnap(GenericWrappers.java:613)
	at utils.Reporter.reportStep(Reporter.java:20)
	at wrappers.GenericWrappers.takeSnap(GenericWrappers.java:613)
	at utils.Reporter.reportStep(Reporter.java:20)
	at wrappers.GenericWrappers.takeSnap(GenericWrappers.java:613)
	at utils.Reporter.reportStep(Reporter.java:20)
	at wrappers.GenericWrappers.takeSnap(GenericWrappers.java:613)
	at utils.Reporter.reportStep(Reporter.java:20)
	at wrappers.GenericWrappers.takeSnap(GenericWrappers.java:613)
	at utils.Reporter.reportStep(Reporter.java:20)
	at wrappers.GenericWrappers.takeSnap(GenericWrappers.java:613)
	at utils.Reporter.reportStep(Reporter.java:20)
	at wrappers.GenericWrappers.takeSnap(GenericWrappers.java:613)
	at utils.Reporter.reportStep(Reporter.java:20)
	at wrappers.GenericWrappers.takeSnap(GenericWrappers.java:613)
	at utils.Reporter.reportStep(Reporter.java:20)
	at wrappers.GenericWrappers.takeSnap(GenericWrappers.java:613)
	at utils.Reporter.reportStep(Reporter.java:20)
	at wrappers.GenericWrappers.takeSnap(GenericWrappers.java:613)
	at utils.Reporter.reportStep(Reporter.java:20)
	at wrappers.GenericWrappers.takeSnap(GenericWrappers.java:613)
	at utils.Reporter.reportStep(Reporter.java:20)
	at wrappers.GenericWrappers.takeSnap(GenericWrappers.java:613)
	at utils.Reporter.reportStep(Reporter.java:20)
	at wrappers.GenericWrappers.takeSnap(GenericWrappers.java:613)
	at utils.Reporter.reportStep(Reporter.java:20)
	at wrappers.GenericWrappers.takeSnap(GenericWrappers.java:613)
	at utils.Reporter.reportStep(Reporter.java:20)
	at wrappers.GenericWrappers.takeSnap(GenericWrappers.java:613)
	at utils.Reporter.reportStep(Reporter.java:20)
	at wrappers.GenericWrappers.takeSnap(GenericWrappers.java:613)
	at utils.Reporter.reportStep(Reporter.java:20)
	at wrappers.GenericWrappers.takeSnap(GenericWrappers.java:613)
	at utils.Reporter.reportStep(Reporter.java:20)
	at wrappers.GenericWrappers.takeSnap(GenericWrappers.java:613)
	at utils.Reporter.reportStep(Reporter.java:20)
	at wrappers.GenericWrappers.takeSnap(GenericWrappers.java:613)
	at utils.Reporter.reportStep(Reporter.java:20)
	at wrappers.GenericWrappers.takeSnap(GenericWrappers.java:613)
	at utils.Reporter.reportStep(Reporter.java:20)
	at wrappers.GenericWrappers.takeSnap(GenericWrappers.java:613)
	at utils.Reporter.reportStep(Reporter.java:20)
	at wrappers.GenericWrappers.takeSnap(GenericWrappers.java:613)
	at utils.Reporter.reportStep(Reporter.java:20)
	at wrappers.GenericWrappers.takeSnap(GenericWrappers.java:613)
	at utils.Reporter.reportStep(Reporter.java:20)
	at wrappers.GenericWrappers.takeSnap(GenericWrappers.java:613)
	at utils.Reporter.reportStep(Reporter.java:20)
	at wrappers.GenericWrappers.takeSnap(GenericWrappers.java:613)
	at utils.Reporter.reportStep(Reporter.java:20)
	at wrappers.GenericWrappers.takeSnap(GenericWrappers.java:613)
	at utils.Reporter.reportStep(Reporter.java:20)
	at wrappers.GenericWrappers.takeSnap(GenericWrappers.java:613)
	at utils.Reporter.reportStep(Reporter.java:20)
	at wrappers.GenericWrappers.takeSnap(GenericWrappers.java:613)
	at utils.Reporter.reportStep(Reporter.java:20)
	at wrappers.GenericWrappers.takeSnap(GenericWrappers.java:613)
	at utils.Reporter.reportStep(Reporter.java:20)
	at wrappers.GenericWrappers.takeSnap(GenericWrappers.java:613)
	at utils.Reporter.reportStep(Reporter.java:20)
	at wrappers.GenericWrappers.takeSnap(GenericWrappers.java:613)
	at utils.Reporter.reportStep(Reporter.java:20)
	at wrappers.GenericWrappers.takeSnap(GenericWrappers.java:613)
	at utils.Reporter.reportStep(Reporter.java:20)
	at wrappers.GenericWrappers.takeSnap(GenericWrappers.java:613)
	at utils.Reporter.reportStep(Reporter.java:20)
	at wrappers.GenericWrappers.takeSnap(GenericWrappers.java:613)
	at utils.Reporter.reportStep(Reporter.java:20)
	at wrappers.GenericWrappers.takeSnap(GenericWrappers.java:613)
	at utils.Reporter.reportStep(Reporter.java:20)
	at wrappers.GenericWrappers.takeSnap(GenericWrappers.java:613)
	at utils.Reporter.reportStep(Reporter.java:20)
	at wrappers.GenericWrappers.takeSnap(GenericWrappers.java:613)
	at utils.Reporter.reportStep(Reporter.java:20)
	at wrappers.GenericWrappers.takeSnap(GenericWrappers.java:613)
	at utils.Reporter.reportStep(Reporter.java:20)
	at wrappers.GenericWrappers.takeSnap(GenericWrappers.java:613)
	at utils.Reporter.reportStep(Reporter.java:20)
	at wrappers.GenericWrappers.takeSnap(GenericWrappers.java:613)
	at utils.Reporter.reportStep(Reporter.java:20)
	at wrappers.GenericWrappers.takeSnap(GenericWrappers.java:613)
	at utils.Reporter.reportStep(Reporter.java:20)
	at wrappers.GenericWrappers.takeSnap(GenericWrappers.java:613)
	at utils.Reporter.reportStep(Reporter.java:20)
	at wrappers.GenericWrappers.takeSnap(GenericWrappers.java:613)
	at utils.Reporter.reportStep(Reporter.java:20)
	at wrappers.GenericWrappers.takeSnap(GenericWrappers.java:613)
	at utils.Reporter.reportStep(Reporter.java:20)
	at wrappers.GenericWrappers.takeSnap(GenericWrappers.java:613)
	at utils.Reporter.reportStep(Reporter.java:20)
	at wrappers.GenericWrappers.takeSnap(GenericWrappers.java:613)
	at utils.Reporter.reportStep(Reporter.java:20)
	at wrappers.GenericWrappers.takeSnap(GenericWrappers.java:613)
	at utils.Reporter.reportStep(Reporter.java:20)
	at wrappers.GenericWrappers.takeSnap(GenericWrappers.java:613)
	at utils.Reporter.reportStep(Reporter.java:20)
	at wrappers.GenericWrappers.takeSnap(GenericWrappers.java:613)
	at utils.Reporter.reportStep(Reporter.java:20)
	at wrappers.GenericWrappers.takeSnap(GenericWrappers.java:613)
	at utils.Reporter.reportStep(Reporter.java:20)
	at wrappers.GenericWrappers.takeSnap(GenericWrappers.java:613)
	at utils.Reporter.reportStep(Reporter.java:20)
	at wrappers.GenericWrappers.takeSnap(GenericWrappers.java:613)
	at utils.Reporter.reportStep(Reporter.java:20)
	at wrappers.GenericWrappers.takeSnap(GenericWrappers.java:613)
	at utils.Reporter.reportStep(Reporter.java:20)
	at wrappers.GenericWrappers.takeSnap(GenericWrappers.java:613)
	at utils.Reporter.reportStep(Reporter.java:20)
	at wrappers.GenericWrappers.takeSnap(GenericWrappers.java:613)
	at utils.Reporter.reportStep(Reporter.java:20)
	at wrappers.GenericWrappers.takeSnap(GenericWrappers.java:613)
	at utils.Reporter.reportStep(Reporter.java:20)
	at wrappers.GenericWrappers.takeSnap(GenericWrappers.java:613)
	at utils.Reporter.reportStep(Reporter.java:20)
	at wrappers.GenericWrappers.takeSnap(GenericWrappers.java:613)
	at utils.Reporter.reportStep(Reporter.java:20)
	at wrappers.GenericWrappers.takeSnap(GenericWrappers.java:613)
	at utils.Reporter.reportStep(Reporter.java:20)
	at wrappers.GenericWrappers.takeSnap(GenericWrappers.java:613)
	at utils.Reporter.reportStep(Reporter.java:20)
	at wrappers.GenericWrappers.takeSnap(GenericWrappers.java:613)
	at utils.Reporter.reportStep(Reporter.java:20)
	at wrappers.GenericWrappers.takeSnap(GenericWrappers.java:613)
	at utils.Reporter.reportStep(Reporter.java:20)
	at wrappers.GenericWrappers.takeSnap(GenericWrappers.java:613)
	at utils.Reporter.reportStep(Reporter.java:20)
	at wrappers.GenericWrappers.takeSnap(GenericWrappers.java:613)
	at utils.Reporter.reportStep(Reporter.java:20)
	at wrappers.GenericWrappers.takeSnap(GenericWrappers.java:613)
	at utils.Reporter.reportStep(Reporter.java:20)
	at wrappers.GenericWrappers.takeSnap(GenericWrappers.java:613)
	at utils.Reporter.reportStep(Reporter.java:20)
	at wrappers.GenericWrappers.takeSnap(GenericWrappers.java:613)
	at utils.Reporter.reportStep(Reporter.java:20)
	at wrappers.GenericWrappers.takeSnap(GenericWrappers.java:613)
	at utils.Reporter.reportStep(Reporter.java:20)
	at wrappers.GenericWrappers.takeSnap(GenericWrappers.java:613)
	at utils.Reporter.reportStep(Reporter.java:20)
	at wrappers.GenericWrappers.takeSnap(GenericWrappers.java:613)
	at utils.Reporter.reportStep(Reporter.java:20)
	at wrappers.GenericWrappers.takeSnap(GenericWrappers.java:613)
	at utils.Reporter.reportStep(Reporter.java:20)
	at wrappers.GenericWrappers.takeSnap(GenericWrappers.java:613)
	at utils.Reporter.reportStep(Reporter.java:20)
	at wrappers.GenericWrappers.takeSnap(GenericWrappers.java:613)
	at utils.Reporter.reportStep(Reporter.java:20)
	at wrappers.GenericWrappers.takeSnap(GenericWrappers.java:613)
	at utils.Reporter.reportStep(Reporter.java:20)
	at wrappers.GenericWrappers.takeSnap(GenericWrappers.java:613)
	at utils.Reporter.reportStep(Reporter.java:20)
	at wrappers.GenericWrappers.takeSnap(GenericWrappers.java:613)
	at utils.Reporter.reportStep(Reporter.java:20)
	at wrappers.GenericWrappers.takeSnap(GenericWrappers.java:613)
	at utils.Reporter.reportStep(Reporter.java:20)
	at wrappers.GenericWrappers.takeSnap(GenericWrappers.java:613)
	at utils.Reporter.reportStep(Reporter.java:20)
	at wrappers.GenericWrappers.takeSnap(GenericWrappers.java:613)
	at utils.Reporter.reportStep(Reporter.java:20)
	at wrappers.GenericWrappers.takeSnap(GenericWrappers.java:613)
	at utils.Reporter.reportStep(Reporter.java:20)
	at wrappers.GenericWrappers.takeSnap(GenericWrappers.java:613)
	at utils.Reporter.reportStep(Reporter.java:20)
	at wrappers.GenericWrappers.takeSnap(GenericWrappers.java:613)
	at utils.Reporter.reportStep(Reporter.java:20)
	at wrappers.GenericWrappers.takeSnap(GenericWrappers.java:613)
	at utils.Reporter.reportStep(Reporter.java:20)
	at wrappers.GenericWrappers.takeSnap(GenericWrappers.java:613)
	at utils.Reporter.reportStep(Reporter.java:20)
	at wrappers.GenericWrappers.takeSnap(GenericWrappers.java:613)
	at utils.Reporter.reportStep(Reporter.java:20)
	at wrappers.GenericWrappers.takeSnap(GenericWrappers.java:613)
	at utils.Reporter.reportStep(Reporter.java:20)
	at wrappers.GenericWrappers.takeSnap(GenericWrappers.java:613)
	at utils.Reporter.reportStep(Reporter.java:20)
	at wrappers.GenericWrappers.takeSnap(GenericWrappers.java:613)
	at utils.Reporter.reportStep(Reporter.java:20)
	at wrappers.GenericWrappers.takeSnap(GenericWrappers.java:613)
	at utils.Reporter.reportStep(Reporter.java:20)
	at wrappers.GenericWrappers.takeSnap(GenericWrappers.java:613)
	at utils.Reporter.reportStep(Reporter.java:20)
	at wrappers.GenericWrappers.takeSnap(GenericWrappers.java:613)
	at utils.Reporter.reportStep(Reporter.java:20)
	at wrappers.GenericWrappers.takeSnap(GenericWrappers.java:613)
	at utils.Reporter.reportStep(Reporter.java:20)
	at wrappers.GenericWrappers.takeSnap(GenericWrappers.java:613)
	at utils.Reporter.reportStep(Reporter.java:20)
	at wrappers.GenericWrappers.takeSnap(GenericWrappers.java:613)
	at utils.Reporter.reportStep(Reporter.java:20)
	at wrappers.GenericWrappers.takeSnap(GenericWrappers.java:613)
	at utils.Reporter.reportStep(Reporter.java:20)
	at wrappers.GenericWrappers.takeSnap(GenericWrappers.java:613)
	at utils.Reporter.reportStep(Reporter.java:20)
	at wrappers.GenericWrappers.takeSnap(GenericWrappers.java:613)
	at utils.Reporter.reportStep(Reporter.java:20)
	at wrappers.GenericWrappers.takeSnap(GenericWrappers.java:613)
	at utils.Reporter.reportStep(Reporter.java:20)
	at wrappers.GenericWrappers.takeSnap(GenericWrappers.java:613)
	at utils.Reporter.reportStep(Reporter.java:20)
	at wrappers.GenericWrappers.takeSnap(GenericWrappers.java:613)
	at utils.Reporter.reportStep(Reporter.java:20)
	at wrappers.GenericWrappers.takeSnap(GenericWrappers.java:613)
	at utils.Reporter.reportStep(Reporter.java:20)
	at wrappers.GenericWrappers.takeSnap(GenericWrappers.java:613)
	at utils.Reporter.reportStep(Reporter.java:20)
	at wrappers.GenericWrappers.takeSnap(GenericWrappers.java:613)
	at utils.Reporter.reportStep(Reporter.java:20)
	at wrappers.GenericWrappers.takeSnap(GenericWrappers.java:613)
	at utils.Reporter.reportStep(Reporter.java:20)
	at wrappers.GenericWrappers.takeSnap(GenericWrappers.java:613)
	at utils.Reporter.reportStep(Reporter.java:20)
	at wrappers.GenericWrappers.takeSnap(GenericWrappers.java:613)
	at utils.Reporter.reportStep(Reporter.java:20)
	at wrappers.GenericWrappers.takeSnap(GenericWrappers.java:613)
	at utils.Reporter.reportStep(Reporter.java:20)
	at wrappers.GenericWrappers.takeSnap(GenericWrappers.java:613)
	at utils.Reporter.reportStep(Reporter.java:20)
	at wrappers.GenericWrappers.takeSnap(GenericWrappers.java:613)
	at utils.Reporter.reportStep(Reporter.java:20)
	at wrappers.GenericWrappers.takeSnap(GenericWrappers.java:613)
	at utils.Reporter.reportStep(Reporter.java:20)
	at wrappers.GenericWrappers.takeSnap(GenericWrappers.java:613)
	at utils.Reporter.reportStep(Reporter.java:20)
	at wrappers.GenericWrappers.takeSnap(GenericWrappers.java:613)
	at utils.Reporter.reportStep(Reporter.java:20)
	at wrappers.GenericWrappers.takeSnap(GenericWrappers.java:613)
	at utils.Reporter.reportStep(Reporter.java:20)
	at wrappers.GenericWrappers.takeSnap(GenericWrappers.java:613)
	at utils.Reporter.reportStep(Reporter.java:20)
	at wrappers.GenericWrappers.takeSnap(GenericWrappers.java:613)
	at utils.Reporter.reportStep(Reporter.java:20)
	at wrappers.GenericWrappers.takeSnap(GenericWrappers.java:613)
	at utils.Reporter.reportStep(Reporter.java:20)
	at wrappers.GenericWrappers.takeSnap(GenericWrappers.java:613)
	at utils.Reporter.reportStep(Reporter.java:20)
	at wrappers.GenericWrappers.takeSnap(GenericWrappers.java:613)
	at utils.Reporter.reportStep(Reporter.java:20)
	at wrappers.GenericWrappers.takeSnap(GenericWrappers.java:613)
	at utils.Reporter.reportStep(Reporter.java:20)
	at wrappers.GenericWrappers.takeSnap(GenericWrappers.java:613)
	at utils.Reporter.reportStep(Reporter.java:20)
	at wrappers.GenericWrappers.takeSnap(GenericWrappers.java:613)
	at utils.Reporter.reportStep(Reporter.java:20)
	at wrappers.GenericWrappers.takeSnap(GenericWrappers.java:613)
	at utils.Reporter.reportStep(Reporter.java:20)
	at wrappers.GenericWrappers.takeSnap(GenericWrappers.java:613)
	at utils.Reporter.reportStep(Reporter.java:20)
	at wrappers.GenericWrappers.takeSnap(GenericWrappers.java:613)
	at utils.Reporter.reportStep(Reporter.java:20)
	at wrappers.GenericWrappers.takeSnap(GenericWrappers.java:613)
	at utils.Reporter.reportStep(Reporter.java:20)
	at wrappers.GenericWrappers.takeSnap(GenericWrappers.java:613)
	at utils.Reporter.reportStep(Reporter.java:20)
	at wrappers.GenericWrappers.takeSnap(GenericWrappers.java:613)
	at utils.Reporter.reportStep(Reporter.java:20)
	at wrappers.GenericWrappers.takeSnap(GenericWrappers.java:613)
	at utils.Reporter.reportStep(Reporter.java:20)
	at wrappers.GenericWrappers.takeSnap(GenericWrappers.java:613)
	at utils.Reporter.reportStep(Reporter.java:20)
	at wrappers.GenericWrappers.takeSnap(GenericWrappers.java:613)
	at utils.Reporter.reportStep(Reporter.java:20)
	at wrappers.GenericWrappers.takeSnap(GenericWrappers.java:613)
	at utils.Reporter.reportStep(Reporter.java:20)
	at wrappers.GenericWrappers.takeSnap(GenericWrappers.java:613)
	at utils.Reporter.reportStep(Reporter.java:20)
	at wrappers.GenericWrappers.takeSnap(GenericWrappers.java:613)
	at utils.Reporter.reportStep(Reporter.java:20)
	at wrappers.GenericWrappers.takeSnap(GenericWrappers.java:613)
	at utils.Reporter.reportStep(Reporter.java:20)
	at wrappers.GenericWrappers.takeSnap(GenericWrappers.java:613)
	at utils.Reporter.reportStep(Reporter.java:20)
	at wrappers.GenericWrappers.takeSnap(GenericWrappers.java:613)
	at utils.Reporter.reportStep(Reporter.java:20)
	at wrappers.GenericWrappers.takeSnap(GenericWrappers.java:613)
	at utils.Reporter.reportStep(Reporter.java:20)
	at wrappers.GenericWrappers.takeSnap(GenericWrappers.java:613)
	at utils.Reporter.reportStep(Reporter.java:20)
	at wrappers.GenericWrappers.takeSnap(GenericWrappers.java:613)
	at utils.Reporter.reportStep(Reporter.java:20)
	at wrappers.GenericWrappers.takeSnap(GenericWrappers.java:613)
	at utils.Reporter.reportStep(Reporter.java:20)
	at wrappers.GenericWrappers.takeSnap(GenericWrappers.java:613)
	at utils.Reporter.reportStep(Reporter.java:20)
	at wrappers.GenericWrappers.takeSnap(GenericWrappers.java:613)
	at utils.Reporter.reportStep(Reporter.java:20)
	at wrappers.GenericWrappers.takeSnap(GenericWrappers.java:613)
	at utils.Reporter.reportStep(Reporter.java:20)
	at wrappers.GenericWrappers.takeSnap(GenericWrappers.java:613)
	at utils.Reporter.reportStep(Reporter.java:20)
	at wrappers.GenericWrappers.takeSnap(GenericWrappers.java:613)
	at utils.Reporter.reportStep(Reporter.java:20)
	at wrappers.GenericWrappers.takeSnap(GenericWrappers.java:613)
	at utils.Reporter.reportStep(Reporter.java:20)
	at wrappers.GenericWrappers.takeSnap(GenericWrappers.java:613)
	at utils.Reporter.reportStep(Reporter.java:20)
	at wrappers.GenericWrappers.takeSnap(GenericWrappers.java:613)
	at utils.Reporter.reportStep(Reporter.java:20)
	at wrappers.GenericWrappers.takeSnap(GenericWrappers.java:613)
	at utils.Reporter.reportStep(Reporter.java:20)
	at wrappers.GenericWrappers.takeSnap(GenericWrappers.java:613)
	at utils.Reporter.reportStep(Reporter.java:20)
	at wrappers.GenericWrappers.takeSnap(GenericWrappers.java:613)
	at utils.Reporter.reportStep(Reporter.java:20)
	at wrappers.GenericWrappers.takeSnap(GenericWrappers.java:613)
	at utils.Reporter.reportStep(Reporter.java:20)
	at wrappers.GenericWrappers.takeSnap(GenericWrappers.java:613)
	at utils.Reporter.reportStep(Reporter.java:20)
	at wrappers.GenericWrappers.takeSnap(GenericWrappers.java:613)
	at utils.Reporter.reportStep(Reporter.java:20)
	at wrappers.GenericWrappers.takeSnap(GenericWrappers.java:613)
	at utils.Reporter.reportStep(Reporter.java:20)
	at wrappers.GenericWrappers.takeSnap(GenericWrappers.java:613)
	at utils.Reporter.reportStep(Reporter.java:20)
	at wrappers.GenericWrappers.takeSnap(GenericWrappers.java:613)
	at utils.Reporter.reportStep(Reporter.java:20)
	at wrappers.GenericWrappers.takeSnap(GenericWrappers.java:613)
	at utils.Reporter.reportStep(Reporter.java:20)
	at wrappers.GenericWrappers.takeSnap(GenericWrappers.java:613)
	at utils.Reporter.reportStep(Reporter.java:20)
	at wrappers.GenericWrappers.takeSnap(GenericWrappers.java:613)
	at utils.Reporter.reportStep(Reporter.java:20)
	at wrappers.GenericWrappers.takeSnap(GenericWrappers.java:613)
	at utils.Reporter.reportStep(Reporter.java:20)
	at wrappers.GenericWrappers.takeSnap(GenericWrappers.java:613)
	at utils.Reporter.reportStep(Reporter.java:20)
	at wrappers.GenericWrappers.takeSnap(GenericWrappers.java:613)
	at utils.Reporter.reportStep(Reporter.java:20)
	at wrappers.GenericWrappers.takeSnap(GenericWrappers.java:613)
	at utils.Reporter.reportStep(Reporter.java:20)
	at wrappers.GenericWrappers.takeSnap(GenericWrappers.java:613)
	at utils.Reporter.reportStep(Reporter.java:20)
	at wrappers.GenericWrappers.takeSnap(GenericWrappers.java:613)
	at utils.Reporter.reportStep(Reporter.java:20)
	at wrappers.GenericWrappers.takeSnap(GenericWrappers.java:613)
	at utils.Reporter.reportStep(Reporter.java:20)
	at wrappers.GenericWrappers.takeSnap(GenericWrappers.java:613)
	at utils.Reporter.reportStep(Reporter.java:20)
	at wrappers.GenericWrappers.takeSnap(GenericWrappers.java:613)
	at utils.Reporter.reportStep(Reporter.java:20)
	at wrappers.GenericWrappers.takeSnap(GenericWrappers.java:613)
	at utils.Reporter.reportStep(Reporter.java:20)
	at wrappers.GenericWrappers.takeSnap(GenericWrappers.java:613)
	at utils.Reporter.reportStep(Reporter.java:20)
	at wrappers.GenericWrappers.takeSnap(GenericWrappers.java:613)
	at utils.Reporter.reportStep(Reporter.java:20)
	at wrappers.GenericWrappers.takeSnap(GenericWrappers.java:613)
	at utils.Reporter.reportStep(Reporter.java:20)
	at wrappers.GenericWrappers.takeSnap(GenericWrappers.java:613)
	at utils.Reporter.reportStep(Reporter.java:20)
	at wrappers.GenericWrappers.takeSnap(GenericWrappers.java:613)
	at utils.Reporter.reportStep(Reporter.java:20)
	at wrappers.GenericWrappers.takeSnap(GenericWrappers.java:613)
	at utils.Reporter.reportStep(Reporter.java:20)
	at wrappers.GenericWrappers.takeSnap(GenericWrappers.java:613)
	at utils.Reporter.reportStep(Reporter.java:20)
	at wrappers.GenericWrappers.takeSnap(GenericWrappers.java:613)
	at utils.Reporter.reportStep(Reporter.java:20)
	at wrappers.GenericWrappers.takeSnap(GenericWrappers.java:613)
	at utils.Reporter.reportStep(Reporter.java:20)
	at wrappers.GenericWrappers.takeSnap(GenericWrappers.java:613)
	at utils.Reporter.reportStep(Reporter.java:20)
	at wrappers.GenericWrappers.takeSnap(GenericWrappers.java:613)
	at utils.Reporter.reportStep(Reporter.java:20)
	at wrappers.GenericWrappers.takeSnap(GenericWrappers.java:613)
	at utils.Reporter.reportStep(Reporter.java:20)
	at wrappers.GenericWrappers.takeSnap(GenericWrappers.java:613)
	at utils.Reporter.reportStep(Reporter.java:20)
	at wrappers.GenericWrappers.takeSnap(GenericWrappers.java:613)
	at utils.Reporter.reportStep(Reporter.java:20)
	at wrappers.GenericWrappers.takeSnap(GenericWrappers.java:613)
	at utils.Reporter.reportStep(Reporter.java:20)
	at wrappers.GenericWrappers.takeSnap(GenericWrappers.java:613)
	at utils.Reporter.reportStep(Reporter.java:20)
	at wrappers.GenericWrappers.takeSnap(GenericWrappers.java:613)
	at utils.Reporter.reportStep(Reporter.java:20)
	at wrappers.GenericWrappers.takeSnap(GenericWrappers.java:613)
	at utils.Reporter.reportStep(Reporter.java:20)
	at wrappers.GenericWrappers.takeSnap(GenericWrappers.java:613)
	at utils.Reporter.reportStep(Reporter.java:20)
	at wrappers.GenericWrappers.takeSnap(GenericWrappers.java:613)
	at utils.Reporter.reportStep(Reporter.java:20)
	at wrappers.GenericWrappers.takeSnap(GenericWrappers.java:613)
	at utils.Reporter.reportStep(Reporter.java:20)
	at wrappers.GenericWrappers.takeSnap(GenericWrappers.java:613)
	at utils.Reporter.reportStep(Reporter.java:20)
	at wrappers.GenericWrappers.takeSnap(GenericWrappers.java:613)
	at utils.Reporter.reportStep(Reporter.java:20)
	at wrappers.GenericWrappers.takeSnap(GenericWrappers.java:613)
	at utils.Reporter.reportStep(Reporter.java:20)
	at wrappers.GenericWrappers.takeSnap(GenericWrappers.java:613)
	at utils.Reporter.reportStep(Reporter.java:20)
	at wrappers.GenericWrappers.takeSnap(GenericWrappers.java:613)
	at utils.Reporter.reportStep(Reporter.java:20)
	at wrappers.GenericWrappers.takeSnap(GenericWrappers.java:613)
	at utils.Reporter.reportStep(Reporter.java:20)
	at wrappers.GenericWrappers.takeSnap(GenericWrappers.java:613)
	at utils.Reporter.reportStep(Reporter.java:20)
	at wrappers.GenericWrappers.takeSnap(GenericWrappers.java:613)
	at utils.Reporter.reportStep(Reporter.java:20)
	at wrappers.GenericWrappers.takeSnap(GenericWrappers.java:613)
	at utils.Reporter.reportStep(Reporter.java:20)
	at wrappers.GenericWrappers.takeSnap(GenericWrappers.java:613)
	at utils.Reporter.reportStep(Reporter.java:20)
	at wrappers.GenericWrappers.takeSnap(GenericWrappers.java:613)
	at utils.Reporter.reportStep(Reporter.java:20)
	at wrappers.GenericWrappers.takeSnap(GenericWrappers.java:613)
	at utils.Reporter.reportStep(Reporter.java:20)
	at wrappers.GenericWrappers.takeSnap(GenericWrappers.java:613)
	at utils.Reporter.reportStep(Reporter.java:20)
	at wrappers.GenericWrappers.takeSnap(GenericWrappers.java:613)
	at utils.Reporter.reportStep(Reporter.java:20)
	at wrappers.GenericWrappers.takeSnap(GenericWrappers.java:613)
	at utils.Reporter.reportStep(Reporter.java:20)
	at wrappers.GenericWrappers.takeSnap(GenericWrappers.java:613)
	at utils.Reporter.reportStep(Reporter.java:20)
	at wrappers.GenericWrappers.takeSnap(GenericWrappers.java:613)
	at utils.Reporter.reportStep(Reporter.java:20)
	at wrappers.GenericWrappers.takeSnap(GenericWrappers.java:613)
	at utils.Reporter.reportStep(Reporter.java:20)
	at wrappers.GenericWrappers.takeSnap(GenericWrappers.java:613)
	at utils.Reporter.reportStep(Reporter.java:20)
	at wrappers.GenericWrappers.takeSnap(GenericWrappers.java:613)
	at utils.Reporter.reportStep(Reporter.java:20)
	at wrappers.GenericWrappers.takeSnap(GenericWrappers.java:613)
	at utils.Reporter.reportStep(Reporter.java:20)
	at wrappers.GenericWrappers.takeSnap(GenericWrappers.java:613)
	at utils.Reporter.reportStep(Reporter.java:20)
	at wrappers.GenericWrappers.takeSnap(GenericWrappers.java:613)
	at utils.Reporter.reportStep(Reporter.java:20)
	at wrappers.GenericWrappers.takeSnap(GenericWrappers.java:613)
	at utils.Reporter.reportStep(Reporter.java:20)
	at wrappers.GenericWrappers.takeSnap(GenericWrappers.java:613)
	at utils.Reporter.reportStep(Reporter.java:20)
	at wrappers.GenericWrappers.takeSnap(GenericWrappers.java:613)
	at utils.Reporter.reportStep(Reporter.java:20)
	at wrappers.GenericWrappers.takeSnap(GenericWrappers.java:613)
	at utils.Reporter.reportStep(Reporter.java:20)
	at wrappers.GenericWrappers.takeSnap(GenericWrappers.java:613)
	at utils.Reporter.reportStep(Reporter.java:20)
	at wrappers.GenericWrappers.takeSnap(GenericWrappers.java:613)
	at utils.Reporter.reportStep(Reporter.java:20)
	at wrappers.GenericWrappers.takeSnap(GenericWrappers.java:613)
	at utils.Reporter.reportStep(Reporter.java:20)
	at wrappers.GenericWrappers.takeSnap(GenericWrappers.java:613)
	at utils.Reporter.reportStep(Reporter.java:20)
	at wrappers.GenericWrappers.takeSnap(GenericWrappers.java:613)
	at utils.Reporter.reportStep(Reporter.java:20)
	at wrappers.GenericWrappers.takeSnap(GenericWrappers.java:613)
	at utils.Reporter.reportStep(Reporter.java:20)
	at wrappers.GenericWrappers.takeSnap(GenericWrappers.java:613)
	at utils.Reporter.reportStep(Reporter.java:20)
	at wrappers.GenericWrappers.takeSnap(GenericWrappers.java:613)
	at utils.Reporter.reportStep(Reporter.java:20)
	at wrappers.GenericWrappers.takeSnap(GenericWrappers.java:613)
	at utils.Reporter.reportStep(Reporter.java:20)
	at wrappers.GenericWrappers.takeSnap(GenericWrappers.java:613)
	at utils.Reporter.reportStep(Reporter.java:20)
	at wrappers.GenericWrappers.takeSnap(GenericWrappers.java:613)
	at utils.Reporter.reportStep(Reporter.java:20)
	at wrappers.GenericWrappers.takeSnap(GenericWrappers.java:613)
	at utils.Reporter.reportStep(Reporter.java:20)
	at wrappers.GenericWrappers.takeSnap(GenericWrappers.java:613)
	at utils.Reporter.reportStep(Reporter.java:20)
	at wrappers.GenericWrappers.takeSnap(GenericWrappers.java:613)
	at utils.Reporter.reportStep(Reporter.java:20)
	at wrappers.GenericWrappers.takeSnap(GenericWrappers.java:613)
	at utils.Reporter.reportStep(Reporter.java:20)
	at wrappers.GenericWrappers.takeSnap(GenericWrappers.java:613)
	at utils.Reporter.reportStep(Reporter.java:20)
	at wrappers.GenericWrappers.takeSnap(GenericWrappers.java:613)
	at utils.Reporter.reportStep(Reporter.java:20)
	at wrappers.GenericWrappers.takeSnap(GenericWrappers.java:613)
	at utils.Reporter.reportStep(Reporter.java:20)
	at wrappers.GenericWrappers.takeSnap(GenericWrappers.java:613)
	at utils.Reporter.reportStep(Reporter.java:20)
	at wrappers.GenericWrappers.takeSnap(GenericWrappers.java:613)
	at utils.Reporter.reportStep(Reporter.java:20)
	at wrappers.GenericWrappers.takeSnap(GenericWrappers.java:613)
	at utils.Reporter.reportStep(Reporter.java:20)
	at wrappers.GenericWrappers.takeSnap(GenericWrappers.java:613)
	at utils.Reporter.reportStep(Reporter.java:20)
	at wrappers.GenericWrappers.takeSnap(GenericWrappers.java:613)
	at utils.Reporter.reportStep(Reporter.java:20)
	at wrappers.GenericWrappers.takeSnap(GenericWrappers.java:613)
	at utils.Reporter.reportStep(Reporter.java:20)
	at wrappers.GenericWrappers.takeSnap(GenericWrappers.java:613)
	at utils.Reporter.reportStep(Reporter.java:20)
	at wrappers.GenericWrappers.takeSnap(GenericWrappers.java:613)
	at utils.Reporter.reportStep(Reporter.java:20)
	at wrappers.GenericWrappers.takeSnap(GenericWrappers.java:613)
	at utils.Reporter.reportStep(Reporter.java:20)
	at wrappers.GenericWrappers.takeSnap(GenericWrappers.java:613)
	at utils.Reporter.reportStep(Reporter.java:20)
	at wrappers.GenericWrappers.takeSnap(GenericWrappers.java:613)
	at utils.Reporter.reportStep(Reporter.java:20)
	at wrappers.GenericWrappers.takeSnap(GenericWrappers.java:613)
	at utils.Reporter.reportStep(Reporter.java:20)
	at wrappers.GenericWrappers.takeSnap(GenericWrappers.java:613)
	at utils.Reporter.reportStep(Reporter.java:20)
	at wrappers.GenericWrappers.takeSnap(GenericWrappers.java:613)
	at utils.Reporter.reportStep(Reporter.java:20)
	at wrappers.GenericWrappers.takeSnap(GenericWrappers.java:613)
	at utils.Reporter.reportStep(Reporter.java:20)
	at wrappers.GenericWrappers.takeSnap(GenericWrappers.java:613)
	at utils.Reporter.reportStep(Reporter.java:20)
	at wrappers.GenericWrappers.takeSnap(GenericWrappers.java:613)
	at utils.Reporter.reportStep(Reporter.java:20)
	at wrappers.GenericWrappers.takeSnap(GenericWrappers.java:613)
	at utils.Reporter.reportStep(Reporter.java:20)
	at wrappers.GenericWrappers.takeSnap(GenericWrappers.java:613)
	at utils.Reporter.reportStep(Reporter.java:20)
	at wrappers.GenericWrappers.takeSnap(GenericWrappers.java:613)
	at utils.Reporter.reportStep(Reporter.java:20)
	at wrappers.GenericWrappers.takeSnap(GenericWrappers.java:613)
	at utils.Reporter.reportStep(Reporter.java:20)
	at wrappers.GenericWrappers.takeSnap(GenericWrappers.java:613)
	at utils.Reporter.reportStep(Reporter.java:20)
	at wrappers.GenericWrappers.takeSnap(GenericWrappers.java:613)
	at utils.Reporter.reportStep(Reporter.java:20)
	at wrappers.GenericWrappers.takeSnap(GenericWrappers.java:613)
	at utils.Reporter.reportStep(Reporter.java:20)
	at wrappers.GenericWrappers.takeSnap(GenericWrappers.java:613)
	at utils.Reporter.reportStep(Reporter.java:20)
	at wrappers.GenericWrappers.takeSnap(GenericWrappers.java:613)
	at utils.Reporter.reportStep(Reporter.java:20)
	at wrappers.GenericWrappers.takeSnap(GenericWrappers.java:613)
	at utils.Reporter.reportStep(Reporter.java:20)
	at wrappers.GenericWrappers.takeSnap(GenericWrappers.java:613)
	at utils.Reporter.reportStep(Reporter.java:20)
	at wrappers.GenericWrappers.takeSnap(GenericWrappers.java:613)
	at utils.Reporter.reportStep(Reporter.java:20)
	at wrappers.GenericWrappers.takeSnap(GenericWrappers.java:613)
	at utils.Reporter.reportStep(Reporter.java:20)
	at wrappers.GenericWrappers.takeSnap(GenericWrappers.java:613)
	at utils.Reporter.reportStep(Reporter.java:20)
	at wrappers.GenericWrappers.takeSnap(GenericWrappers.java:613)
	at utils.Reporter.reportStep(Reporter.java:20)
	at wrappers.GenericWrappers.takeSnap(GenericWrappers.java:613)
	at utils.Reporter.reportStep(Reporter.java:20)
	at wrappers.GenericWrappers.takeSnap(GenericWrappers.java:613)
	at utils.Reporter.reportStep(Reporter.java:20)
	at wrappers.GenericWrappers.takeSnap(GenericWrappers.java:613)
	at utils.Reporter.reportStep(Reporter.java:20)
	at wrappers.GenericWrappers.takeSnap(GenericWrappers.java:613)
	at utils.Reporter.reportStep(Reporter.java:20)
	at wrappers.GenericWrappers.takeSnap(GenericWrappers.java:613)
	at utils.Reporter.reportStep(Reporter.java:20)
	at wrappers.GenericWrappers.takeSnap(GenericWrappers.java:613)
	at utils.Reporter.reportStep(Reporter.java:20)
	at wrappers.GenericWrappers.takeSnap(GenericWrappers.java:613)
	at utils.Reporter.reportStep(Reporter.java:20)
	at wrappers.GenericWrappers.takeSnap(GenericWrappers.java:613)
	at utils.Reporter.reportStep(Reporter.java:20)
	at wrappers.GenericWrappers.takeSnap(GenericWrappers.java:613)
	at utils.Reporter.reportStep(Reporter.java:20)
	at wrappers.GenericWrappers.takeSnap(GenericWrappers.java:613)
	at utils.Reporter.reportStep(Reporter.java:20)
	at wrappers.GenericWrappers.takeSnap(GenericWrappers.java:613)
	at utils.Reporter.reportStep(Reporter.java:20)
	at wrappers.GenericWrappers.takeSnap(GenericWrappers.java:613)
	at utils.Reporter.reportStep(Reporter.java:20)
	at wrappers.GenericWrappers.takeSnap(GenericWrappers.java:613)
	at utils.Reporter.reportStep(Reporter.java:20)
	at wrappers.GenericWrappers.takeSnap(GenericWrappers.java:613)
	at utils.Reporter.reportStep(Reporter.java:20)
	at wrappers.GenericWrappers.takeSnap(GenericWrappers.java:613)
	at utils.Reporter.reportStep(Reporter.java:20)
	at wrappers.GenericWrappers.takeSnap(GenericWrappers.java:613)
	at utils.Reporter.reportStep(Reporter.java:20)
	at wrappers.GenericWrappers.takeSnap(GenericWrappers.java:613)
	at utils.Reporter.reportStep(Reporter.java:20)
	at wrappers.GenericWrappers.takeSnap(GenericWrappers.java:613)
	at utils.Reporter.reportStep(Reporter.java:20)
	at wrappers.GenericWrappers.takeSnap(GenericWrappers.java:613)
	at utils.Reporter.reportStep(Reporter.java:20)
	at wrappers.GenericWrappers.takeSnap(GenericWrappers.java:613)
	at utils.Reporter.reportStep(Reporter.java:20)
	at wrappers.GenericWrappers.takeSnap(GenericWrappers.java:613)
	at utils.Reporter.reportStep(Reporter.java:20)
	at wrappers.GenericWrappers.takeSnap(GenericWrappers.java:613)
	at utils.Reporter.reportStep(Reporter.java:20)
	at wrappers.GenericWrappers.takeSnap(GenericWrappers.java:613)
	at utils.Reporter.reportStep(Reporter.java:20)
	at wrappers.GenericWrappers.takeSnap(GenericWrappers.java:613)
	at utils.Reporter.reportStep(Reporter.java:20)
	at wrappers.GenericWrappers.takeSnap(GenericWrappers.java:613)
	at utils.Reporter.reportStep(Reporter.java:20)
	at wrappers.GenericWrappers.takeSnap(GenericWrappers.java:613)
	at utils.Reporter.reportStep(Reporter.java:20)
	at wrappers.GenericWrappers.takeSnap(GenericWrappers.java:613)
	at utils.Reporter.reportStep(Reporter.java:20)
	at wrappers.GenericWrappers.takeSnap(GenericWrappers.java:613)
	at utils.Reporter.reportStep(Reporter.java:20)
	at wrappers.GenericWrappers.takeSnap(GenericWrappers.java:613)
	at utils.Reporter.reportStep(Reporter.java:20)
	at wrappers.GenericWrappers.takeSnap(GenericWrappers.java:613)
	at utils.Reporter.reportStep(Reporter.java:20)
	at wrappers.GenericWrappers.takeSnap(GenericWrappers.java:613)
	at utils.Reporter.reportStep(Reporter.java:20)
	at wrappers.GenericWrappers.takeSnap(GenericWrappers.java:613)
	at utils.Reporter.reportStep(Reporter.java:20)
	at wrappers.GenericWrappers.takeSnap(GenericWrappers.java:613)
	at utils.Reporter.reportStep(Reporter.java:20)
	at wrappers.GenericWrappers.takeSnap(GenericWrappers.java:613)
	at utils.Reporter.reportStep(Reporter.java:20)
	at wrappers.GenericWrappers.takeSnap(GenericWrappers.java:613)
	at utils.Reporter.reportStep(Reporter.java:20)
	at wrappers.GenericWrappers.takeSnap(GenericWrappers.java:613)
	at utils.Reporter.reportStep(Reporter.java:20)
	at wrappers.GenericWrappers.takeSnap(GenericWrappers.java:613)
	at utils.Reporter.reportStep(Reporter.java:20)
	at wrappers.GenericWrappers.takeSnap(GenericWrappers.java:613)
	at utils.Reporter.reportStep(Reporter.java:20)
	at wrappers.GenericWrappers.takeSnap(GenericWrappers.java:613)
	at utils.Reporter.reportStep(Reporter.java:20)
	at wrappers.GenericWrappers.takeSnap(GenericWrappers.java:613)
	at utils.Reporter.reportStep(Reporter.java:20)
	at wrappers.GenericWrappers.takeSnap(GenericWrappers.java:613)
	at utils.Reporter.reportStep(Reporter.java:20)
	at wrappers.GenericWrappers.takeSnap(GenericWrappers.java:613)
	at utils.Reporter.reportStep(Reporter.java:20)
	at wrappers.GenericWrappers.takeSnap(GenericWrappers.java:613)
]]>
    </error>
  </testcase> <!-- login -->
  <testcase name="login" time="0.001" classname="testCases.TC001_Login">
    <error type="java.lang.StackOverflowError">
      <![CDATA[java.lang.StackOverflowError
	at java.util.regex.Pattern$Branch.match(Unknown Source)
	at java.util.regex.Pattern$BranchConn.match(Unknown Source)
	at java.util.regex.Pattern$GroupTail.match(Unknown Source)
	at java.util.regex.Pattern$Curly.match0(Unknown Source)
	at java.util.regex.Pattern$Curly.match(Unknown Source)
	at java.util.regex.Pattern$GroupHead.match(Unknown Source)
	at java.util.regex.Pattern$Branch.match(Unknown Source)
	at java.util.regex.Pattern$Branch.match(Unknown Source)
	at java.util.regex.Pattern$BmpCharProperty.match(Unknown Source)
	at java.util.regex.Pattern$Start.match(Unknown Source)
	at java.util.regex.Matcher.search(Unknown Source)
	at java.util.regex.Matcher.find(Unknown Source)
	at java.util.Formatter.parse(Unknown Source)
	at java.util.Formatter.format(Unknown Source)
	at java.util.Formatter.format(Unknown Source)
	at java.lang.String.format(Unknown Source)
	at org.openqa.selenium.remote.RemoteWebDriver.execute(RemoteWebDriver.java:549)
	at org.openqa.selenium.remote.RemoteWebDriver.execute(RemoteWebDriver.java:609)
	at org.openqa.selenium.remote.RemoteWebDriver.getScreenshotAs(RemoteWebDriver.java:295)
	at wrappers.GenericWrappers.takeSnap(GenericWrappers.java:610)
	at utils.Reporter.reportStep(Reporter.java:20)
	at wrappers.GenericWrappers.takeSnap(GenericWrappers.java:613)
	at utils.Reporter.reportStep(Reporter.java:20)
	at wrappers.GenericWrappers.takeSnap(GenericWrappers.java:613)
	at utils.Reporter.reportStep(Reporter.java:20)
	at wrappers.GenericWrappers.takeSnap(GenericWrappers.java:613)
	at utils.Reporter.reportStep(Reporter.java:20)
	at wrappers.GenericWrappers.takeSnap(GenericWrappers.java:613)
	at utils.Reporter.reportStep(Reporter.java:20)
	at wrappers.GenericWrappers.takeSnap(GenericWrappers.java:613)
	at utils.Reporter.reportStep(Reporter.java:20)
	at wrappers.GenericWrappers.takeSnap(GenericWrappers.java:613)
	at utils.Reporter.reportStep(Reporter.java:20)
	at wrappers.GenericWrappers.takeSnap(GenericWrappers.java:613)
	at utils.Reporter.reportStep(Reporter.java:20)
	at wrappers.GenericWrappers.takeSnap(GenericWrappers.java:613)
	at utils.Reporter.reportStep(Reporter.java:20)
	at wrappers.GenericWrappers.takeSnap(GenericWrappers.java:613)
	at utils.Reporter.reportStep(Reporter.java:20)
	at wrappers.GenericWrappers.takeSnap(GenericWrappers.java:613)
	at utils.Reporter.reportStep(Reporter.java:20)
	at wrappers.GenericWrappers.takeSnap(GenericWrappers.java:613)
	at utils.Reporter.reportStep(Reporter.java:20)
	at wrappers.GenericWrappers.takeSnap(GenericWrappers.java:613)
	at utils.Reporter.reportStep(Reporter.java:20)
	at wrappers.GenericWrappers.takeSnap(GenericWrappers.java:613)
	at utils.Reporter.reportStep(Reporter.java:20)
	at wrappers.GenericWrappers.takeSnap(GenericWrappers.java:613)
	at utils.Reporter.reportStep(Reporter.java:20)
	at wrappers.GenericWrappers.takeSnap(GenericWrappers.java:613)
	at utils.Reporter.reportStep(Reporter.java:20)
	at wrappers.GenericWrappers.takeSnap(GenericWrappers.java:613)
	at utils.Reporter.reportStep(Reporter.java:20)
	at wrappers.GenericWrappers.takeSnap(GenericWrappers.java:613)
	at utils.Reporter.reportStep(Reporter.java:20)
	at wrappers.GenericWrappers.takeSnap(GenericWrappers.java:613)
	at utils.Reporter.reportStep(Reporter.java:20)
	at wrappers.GenericWrappers.takeSnap(GenericWrappers.java:613)
	at utils.Reporter.reportStep(Reporter.java:20)
	at wrappers.GenericWrappers.takeSnap(GenericWrappers.java:613)
	at utils.Reporter.reportStep(Reporter.java:20)
	at wrappers.GenericWrappers.takeSnap(GenericWrappers.java:613)
	at utils.Reporter.reportStep(Reporter.java:20)
	at wrappers.GenericWrappers.takeSnap(GenericWrappers.java:613)
	at utils.Reporter.reportStep(Reporter.java:20)
	at wrappers.GenericWrappers.takeSnap(GenericWrappers.java:613)
	at utils.Reporter.reportStep(Reporter.java:20)
	at wrappers.GenericWrappers.takeSnap(GenericWrappers.java:613)
	at utils.Reporter.reportStep(Reporter.java:20)
	at wrappers.GenericWrappers.takeSnap(GenericWrappers.java:613)
	at utils.Reporter.reportStep(Reporter.java:20)
	at wrappers.GenericWrappers.takeSnap(GenericWrappers.java:613)
	at utils.Reporter.reportStep(Reporter.java:20)
	at wrappers.GenericWrappers.takeSnap(GenericWrappers.java:613)
	at utils.Reporter.reportStep(Reporter.java:20)
	at wrappers.GenericWrappers.takeSnap(GenericWrappers.java:613)
	at utils.Reporter.reportStep(Reporter.java:20)
	at wrappers.GenericWrappers.takeSnap(GenericWrappers.java:613)
	at utils.Reporter.reportStep(Reporter.java:20)
	at wrappers.GenericWrappers.takeSnap(GenericWrappers.java:613)
	at utils.Reporter.reportStep(Reporter.java:20)
	at wrappers.GenericWrappers.takeSnap(GenericWrappers.java:613)
	at utils.Reporter.reportStep(Reporter.java:20)
	at wrappers.GenericWrappers.takeSnap(GenericWrappers.java:613)
	at utils.Reporter.reportStep(Reporter.java:20)
	at wrappers.GenericWrappers.takeSnap(GenericWrappers.java:613)
	at utils.Reporter.reportStep(Reporter.java:20)
	at wrappers.GenericWrappers.takeSnap(GenericWrappers.java:613)
	at utils.Reporter.reportStep(Reporter.java:20)
	at wrappers.GenericWrappers.takeSnap(GenericWrappers.java:613)
	at utils.Reporter.reportStep(Reporter.java:20)
	at wrappers.GenericWrappers.takeSnap(GenericWrappers.java:613)
	at utils.Reporter.reportStep(Reporter.java:20)
	at wrappers.GenericWrappers.takeSnap(GenericWrappers.java:613)
	at utils.Reporter.reportStep(Reporter.java:20)
	at wrappers.GenericWrappers.takeSnap(GenericWrappers.java:613)
	at utils.Reporter.reportStep(Reporter.java:20)
	at wrappers.GenericWrappers.takeSnap(GenericWrappers.java:613)
	at utils.Reporter.reportStep(Reporter.java:20)
	at wrappers.GenericWrappers.takeSnap(GenericWrappers.java:613)
	at utils.Reporter.reportStep(Reporter.java:20)
	at wrappers.GenericWrappers.takeSnap(GenericWrappers.java:613)
	at utils.Reporter.reportStep(Reporter.java:20)
	at wrappers.GenericWrappers.takeSnap(GenericWrappers.java:613)
	at utils.Reporter.reportStep(Reporter.java:20)
	at wrappers.GenericWrappers.takeSnap(GenericWrappers.java:613)
	at utils.Reporter.reportStep(Reporter.java:20)
	at wrappers.GenericWrappers.takeSnap(GenericWrappers.java:613)
	at utils.Reporter.reportStep(Reporter.java:20)
	at wrappers.GenericWrappers.takeSnap(GenericWrappers.java:613)
	at utils.Reporter.reportStep(Reporter.java:20)
	at wrappers.GenericWrappers.takeSnap(GenericWrappers.java:613)
	at utils.Reporter.reportStep(Reporter.java:20)
	at wrappers.GenericWrappers.takeSnap(GenericWrappers.java:613)
	at utils.Reporter.reportStep(Reporter.java:20)
	at wrappers.GenericWrappers.takeSnap(GenericWrappers.java:613)
	at utils.Reporter.reportStep(Reporter.java:20)
	at wrappers.GenericWrappers.takeSnap(GenericWrappers.java:613)
	at utils.Reporter.reportStep(Reporter.java:20)
	at wrappers.GenericWrappers.takeSnap(GenericWrappers.java:613)
	at utils.Reporter.reportStep(Reporter.java:20)
	at wrappers.GenericWrappers.takeSnap(GenericWrappers.java:613)
	at utils.Reporter.reportStep(Reporter.java:20)
	at wrappers.GenericWrappers.takeSnap(GenericWrappers.java:613)
	at utils.Reporter.reportStep(Reporter.java:20)
	at wrappers.GenericWrappers.takeSnap(GenericWrappers.java:613)
	at utils.Reporter.reportStep(Reporter.java:20)
	at wrappers.GenericWrappers.takeSnap(GenericWrappers.java:613)
	at utils.Reporter.reportStep(Reporter.java:20)
	at wrappers.GenericWrappers.takeSnap(GenericWrappers.java:613)
	at utils.Reporter.reportStep(Reporter.java:20)
	at wrappers.GenericWrappers.takeSnap(GenericWrappers.java:613)
	at utils.Reporter.reportStep(Reporter.java:20)
	at wrappers.GenericWrappers.takeSnap(GenericWrappers.java:613)
	at utils.Reporter.reportStep(Reporter.java:20)
	at wrappers.GenericWrappers.takeSnap(GenericWrappers.java:613)
	at utils.Reporter.reportStep(Reporter.java:20)
	at wrappers.GenericWrappers.takeSnap(GenericWrappers.java:613)
	at utils.Reporter.reportStep(Reporter.java:20)
	at wrappers.GenericWrappers.takeSnap(GenericWrappers.java:613)
	at utils.Reporter.reportStep(Reporter.java:20)
	at wrappers.GenericWrappers.takeSnap(GenericWrappers.java:613)
	at utils.Reporter.reportStep(Reporter.java:20)
	at wrappers.GenericWrappers.takeSnap(GenericWrappers.java:613)
	at utils.Reporter.reportStep(Reporter.java:20)
	at wrappers.GenericWrappers.takeSnap(GenericWrappers.java:613)
	at utils.Reporter.reportStep(Reporter.java:20)
	at wrappers.GenericWrappers.takeSnap(GenericWrappers.java:613)
	at utils.Reporter.reportStep(Reporter.java:20)
	at wrappers.GenericWrappers.takeSnap(GenericWrappers.java:613)
	at utils.Reporter.reportStep(Reporter.java:20)
	at wrappers.GenericWrappers.takeSnap(GenericWrappers.java:613)
	at utils.Reporter.reportStep(Reporter.java:20)
	at wrappers.GenericWrappers.takeSnap(GenericWrappers.java:613)
	at utils.Reporter.reportStep(Reporter.java:20)
	at wrappers.GenericWrappers.takeSnap(GenericWrappers.java:613)
	at utils.Reporter.reportStep(Reporter.java:20)
	at wrappers.GenericWrappers.takeSnap(GenericWrappers.java:613)
	at utils.Reporter.reportStep(Reporter.java:20)
	at wrappers.GenericWrappers.takeSnap(GenericWrappers.java:613)
	at utils.Reporter.reportStep(Reporter.java:20)
	at wrappers.GenericWrappers.takeSnap(GenericWrappers.java:613)
	at utils.Reporter.reportStep(Reporter.java:20)
	at wrappers.GenericWrappers.takeSnap(GenericWrappers.java:613)
	at utils.Reporter.reportStep(Reporter.java:20)
	at wrappers.GenericWrappers.takeSnap(GenericWrappers.java:613)
	at utils.Reporter.reportStep(Reporter.java:20)
	at wrappers.GenericWrappers.takeSnap(GenericWrappers.java:613)
	at utils.Reporter.reportStep(Reporter.java:20)
	at wrappers.GenericWrappers.takeSnap(GenericWrappers.java:613)
	at utils.Reporter.reportStep(Reporter.java:20)
	at wrappers.GenericWrappers.takeSnap(GenericWrappers.java:613)
	at utils.Reporter.reportStep(Reporter.java:20)
	at wrappers.GenericWrappers.takeSnap(GenericWrappers.java:613)
	at utils.Reporter.reportStep(Reporter.java:20)
	at wrappers.GenericWrappers.takeSnap(GenericWrappers.java:613)
	at utils.Reporter.reportStep(Reporter.java:20)
	at wrappers.GenericWrappers.takeSnap(GenericWrappers.java:613)
	at utils.Reporter.reportStep(Reporter.java:20)
	at wrappers.GenericWrappers.takeSnap(GenericWrappers.java:613)
	at utils.Reporter.reportStep(Reporter.java:20)
	at wrappers.GenericWrappers.takeSnap(GenericWrappers.java:613)
	at utils.Reporter.reportStep(Reporter.java:20)
	at wrappers.GenericWrappers.takeSnap(GenericWrappers.java:613)
	at utils.Reporter.reportStep(Reporter.java:20)
	at wrappers.GenericWrappers.takeSnap(GenericWrappers.java:613)
	at utils.Reporter.reportStep(Reporter.java:20)
	at wrappers.GenericWrappers.takeSnap(GenericWrappers.java:613)
	at utils.Reporter.reportStep(Reporter.java:20)
	at wrappers.GenericWrappers.takeSnap(GenericWrappers.java:613)
	at utils.Reporter.reportStep(Reporter.java:20)
	at wrappers.GenericWrappers.takeSnap(GenericWrappers.java:613)
	at utils.Reporter.reportStep(Reporter.java:20)
	at wrappers.GenericWrappers.takeSnap(GenericWrappers.java:613)
	at utils.Reporter.reportStep(Reporter.java:20)
	at wrappers.GenericWrappers.takeSnap(GenericWrappers.java:613)
	at utils.Reporter.reportStep(Reporter.java:20)
	at wrappers.GenericWrappers.takeSnap(GenericWrappers.java:613)
	at utils.Reporter.reportStep(Reporter.java:20)
	at wrappers.GenericWrappers.takeSnap(GenericWrappers.java:613)
	at utils.Reporter.reportStep(Reporter.java:20)
	at wrappers.GenericWrappers.takeSnap(GenericWrappers.java:613)
	at utils.Reporter.reportStep(Reporter.java:20)
	at wrappers.GenericWrappers.takeSnap(GenericWrappers.java:613)
	at utils.Reporter.reportStep(Reporter.java:20)
	at wrappers.GenericWrappers.takeSnap(GenericWrappers.java:613)
	at utils.Reporter.reportStep(Reporter.java:20)
	at wrappers.GenericWrappers.takeSnap(GenericWrappers.java:613)
	at utils.Reporter.reportStep(Reporter.java:20)
	at wrappers.GenericWrappers.takeSnap(GenericWrappers.java:613)
	at utils.Reporter.reportStep(Reporter.java:20)
	at wrappers.GenericWrappers.takeSnap(GenericWrappers.java:613)
	at utils.Reporter.reportStep(Reporter.java:20)
	at wrappers.GenericWrappers.takeSnap(GenericWrappers.java:613)
	at utils.Reporter.reportStep(Reporter.java:20)
	at wrappers.GenericWrappers.takeSnap(GenericWrappers.java:613)
	at utils.Reporter.reportStep(Reporter.java:20)
	at wrappers.GenericWrappers.takeSnap(GenericWrappers.java:613)
	at utils.Reporter.reportStep(Reporter.java:20)
	at wrappers.GenericWrappers.takeSnap(GenericWrappers.java:613)
	at utils.Reporter.reportStep(Reporter.java:20)
	at wrappers.GenericWrappers.takeSnap(GenericWrappers.java:613)
	at utils.Reporter.reportStep(Reporter.java:20)
	at wrappers.GenericWrappers.takeSnap(GenericWrappers.java:613)
	at utils.Reporter.reportStep(Reporter.java:20)
	at wrappers.GenericWrappers.takeSnap(GenericWrappers.java:613)
	at utils.Reporter.reportStep(Reporter.java:20)
	at wrappers.GenericWrappers.takeSnap(GenericWrappers.java:613)
	at utils.Reporter.reportStep(Reporter.java:20)
	at wrappers.GenericWrappers.takeSnap(GenericWrappers.java:613)
	at utils.Reporter.reportStep(Reporter.java:20)
	at wrappers.GenericWrappers.takeSnap(GenericWrappers.java:613)
	at utils.Reporter.reportStep(Reporter.java:20)
	at wrappers.GenericWrappers.takeSnap(GenericWrappers.java:613)
	at utils.Reporter.reportStep(Reporter.java:20)
	at wrappers.GenericWrappers.takeSnap(GenericWrappers.java:613)
	at utils.Reporter.reportStep(Reporter.java:20)
	at wrappers.GenericWrappers.takeSnap(GenericWrappers.java:613)
	at utils.Reporter.reportStep(Reporter.java:20)
	at wrappers.GenericWrappers.takeSnap(GenericWrappers.java:613)
	at utils.Reporter.reportStep(Reporter.java:20)
	at wrappers.GenericWrappers.takeSnap(GenericWrappers.java:613)
	at utils.Reporter.reportStep(Reporter.java:20)
	at wrappers.GenericWrappers.takeSnap(GenericWrappers.java:613)
	at utils.Reporter.reportStep(Reporter.java:20)
	at wrappers.GenericWrappers.takeSnap(GenericWrappers.java:613)
	at utils.Reporter.reportStep(Reporter.java:20)
	at wrappers.GenericWrappers.takeSnap(GenericWrappers.java:613)
	at utils.Reporter.reportStep(Reporter.java:20)
	at wrappers.GenericWrappers.takeSnap(GenericWrappers.java:613)
	at utils.Reporter.reportStep(Reporter.java:20)
	at wrappers.GenericWrappers.takeSnap(GenericWrappers.java:613)
	at utils.Reporter.reportStep(Reporter.java:20)
	at wrappers.GenericWrappers.takeSnap(GenericWrappers.java:613)
	at utils.Reporter.reportStep(Reporter.java:20)
	at wrappers.GenericWrappers.takeSnap(GenericWrappers.java:613)
	at utils.Reporter.reportStep(Reporter.java:20)
	at wrappers.GenericWrappers.takeSnap(GenericWrappers.java:613)
	at utils.Reporter.reportStep(Reporter.java:20)
	at wrappers.GenericWrappers.takeSnap(GenericWrappers.java:613)
	at utils.Reporter.reportStep(Reporter.java:20)
	at wrappers.GenericWrappers.takeSnap(GenericWrappers.java:613)
	at utils.Reporter.reportStep(Reporter.java:20)
	at wrappers.GenericWrappers.takeSnap(GenericWrappers.java:613)
	at utils.Reporter.reportStep(Reporter.java:20)
	at wrappers.GenericWrappers.takeSnap(GenericWrappers.java:613)
	at utils.Reporter.reportStep(Reporter.java:20)
	at wrappers.GenericWrappers.takeSnap(GenericWrappers.java:613)
	at utils.Reporter.reportStep(Reporter.java:20)
	at wrappers.GenericWrappers.takeSnap(GenericWrappers.java:613)
	at utils.Reporter.reportStep(Reporter.java:20)
	at wrappers.GenericWrappers.takeSnap(GenericWrappers.java:613)
	at utils.Reporter.reportStep(Reporter.java:20)
	at wrappers.GenericWrappers.takeSnap(GenericWrappers.java:613)
	at utils.Reporter.reportStep(Reporter.java:20)
	at wrappers.GenericWrappers.takeSnap(GenericWrappers.java:613)
	at utils.Reporter.reportStep(Reporter.java:20)
	at wrappers.GenericWrappers.takeSnap(GenericWrappers.java:613)
	at utils.Reporter.reportStep(Reporter.java:20)
	at wrappers.GenericWrappers.takeSnap(GenericWrappers.java:613)
	at utils.Reporter.reportStep(Reporter.java:20)
	at wrappers.GenericWrappers.takeSnap(GenericWrappers.java:613)
	at utils.Reporter.reportStep(Reporter.java:20)
	at wrappers.GenericWrappers.takeSnap(GenericWrappers.java:613)
	at utils.Reporter.reportStep(Reporter.java:20)
	at wrappers.GenericWrappers.takeSnap(GenericWrappers.java:613)
	at utils.Reporter.reportStep(Reporter.java:20)
	at wrappers.GenericWrappers.takeSnap(GenericWrappers.java:613)
	at utils.Reporter.reportStep(Reporter.java:20)
	at wrappers.GenericWrappers.takeSnap(GenericWrappers.java:613)
	at utils.Reporter.reportStep(Reporter.java:20)
	at wrappers.GenericWrappers.takeSnap(GenericWrappers.java:613)
	at utils.Reporter.reportStep(Reporter.java:20)
	at wrappers.GenericWrappers.takeSnap(GenericWrappers.java:613)
	at utils.Reporter.reportStep(Reporter.java:20)
	at wrappers.GenericWrappers.takeSnap(GenericWrappers.java:613)
	at utils.Reporter.reportStep(Reporter.java:20)
	at wrappers.GenericWrappers.takeSnap(GenericWrappers.java:613)
	at utils.Reporter.reportStep(Reporter.java:20)
	at wrappers.GenericWrappers.takeSnap(GenericWrappers.java:613)
	at utils.Reporter.reportStep(Reporter.java:20)
	at wrappers.GenericWrappers.takeSnap(GenericWrappers.java:613)
	at utils.Reporter.reportStep(Reporter.java:20)
	at wrappers.GenericWrappers.takeSnap(GenericWrappers.java:613)
	at utils.Reporter.reportStep(Reporter.java:20)
	at wrappers.GenericWrappers.takeSnap(GenericWrappers.java:613)
	at utils.Reporter.reportStep(Reporter.java:20)
	at wrappers.GenericWrappers.takeSnap(GenericWrappers.java:613)
	at utils.Reporter.reportStep(Reporter.java:20)
	at wrappers.GenericWrappers.takeSnap(GenericWrappers.java:613)
	at utils.Reporter.reportStep(Reporter.java:20)
	at wrappers.GenericWrappers.takeSnap(GenericWrappers.java:613)
	at utils.Reporter.reportStep(Reporter.java:20)
	at wrappers.GenericWrappers.takeSnap(GenericWrappers.java:613)
	at utils.Reporter.reportStep(Reporter.java:20)
	at wrappers.GenericWrappers.takeSnap(GenericWrappers.java:613)
	at utils.Reporter.reportStep(Reporter.java:20)
	at wrappers.GenericWrappers.takeSnap(GenericWrappers.java:613)
	at utils.Reporter.reportStep(Reporter.java:20)
	at wrappers.GenericWrappers.takeSnap(GenericWrappers.java:613)
	at utils.Reporter.reportStep(Reporter.java:20)
	at wrappers.GenericWrappers.takeSnap(GenericWrappers.java:613)
	at utils.Reporter.reportStep(Reporter.java:20)
	at wrappers.GenericWrappers.takeSnap(GenericWrappers.java:613)
	at utils.Reporter.reportStep(Reporter.java:20)
	at wrappers.GenericWrappers.takeSnap(GenericWrappers.java:613)
	at utils.Reporter.reportStep(Reporter.java:20)
	at wrappers.GenericWrappers.takeSnap(GenericWrappers.java:613)
	at utils.Reporter.reportStep(Reporter.java:20)
	at wrappers.GenericWrappers.takeSnap(GenericWrappers.java:613)
	at utils.Reporter.reportStep(Reporter.java:20)
	at wrappers.GenericWrappers.takeSnap(GenericWrappers.java:613)
	at utils.Reporter.reportStep(Reporter.java:20)
	at wrappers.GenericWrappers.takeSnap(GenericWrappers.java:613)
	at utils.Reporter.reportStep(Reporter.java:20)
	at wrappers.GenericWrappers.takeSnap(GenericWrappers.java:613)
	at utils.Reporter.reportStep(Reporter.java:20)
	at wrappers.GenericWrappers.takeSnap(GenericWrappers.java:613)
	at utils.Reporter.reportStep(Reporter.java:20)
	at wrappers.GenericWrappers.takeSnap(GenericWrappers.java:613)
	at utils.Reporter.reportStep(Reporter.java:20)
	at wrappers.GenericWrappers.takeSnap(GenericWrappers.java:613)
	at utils.Reporter.reportStep(Reporter.java:20)
	at wrappers.GenericWrappers.takeSnap(GenericWrappers.java:613)
	at utils.Reporter.reportStep(Reporter.java:20)
	at wrappers.GenericWrappers.takeSnap(GenericWrappers.java:613)
	at utils.Reporter.reportStep(Reporter.java:20)
	at wrappers.GenericWrappers.takeSnap(GenericWrappers.java:613)
	at utils.Reporter.reportStep(Reporter.java:20)
	at wrappers.GenericWrappers.takeSnap(GenericWrappers.java:613)
	at utils.Reporter.reportStep(Reporter.java:20)
	at wrappers.GenericWrappers.takeSnap(GenericWrappers.java:613)
	at utils.Reporter.reportStep(Reporter.java:20)
	at wrappers.GenericWrappers.takeSnap(GenericWrappers.java:613)
	at utils.Reporter.reportStep(Reporter.java:20)
	at wrappers.GenericWrappers.takeSnap(GenericWrappers.java:613)
	at utils.Reporter.reportStep(Reporter.java:20)
	at wrappers.GenericWrappers.takeSnap(GenericWrappers.java:613)
	at utils.Reporter.reportStep(Reporter.java:20)
	at wrappers.GenericWrappers.takeSnap(GenericWrappers.java:613)
	at utils.Reporter.reportStep(Reporter.java:20)
	at wrappers.GenericWrappers.takeSnap(GenericWrappers.java:613)
	at utils.Reporter.reportStep(Reporter.java:20)
	at wrappers.GenericWrappers.takeSnap(GenericWrappers.java:613)
	at utils.Reporter.reportStep(Reporter.java:20)
	at wrappers.GenericWrappers.takeSnap(GenericWrappers.java:613)
	at utils.Reporter.reportStep(Reporter.java:20)
	at wrappers.GenericWrappers.takeSnap(GenericWrappers.java:613)
	at utils.Reporter.reportStep(Reporter.java:20)
	at wrappers.GenericWrappers.takeSnap(GenericWrappers.java:613)
	at utils.Reporter.reportStep(Reporter.java:20)
	at wrappers.GenericWrappers.takeSnap(GenericWrappers.java:613)
	at utils.Reporter.reportStep(Reporter.java:20)
	at wrappers.GenericWrappers.takeSnap(GenericWrappers.java:613)
	at utils.Reporter.reportStep(Reporter.java:20)
	at wrappers.GenericWrappers.takeSnap(GenericWrappers.java:613)
	at utils.Reporter.reportStep(Reporter.java:20)
	at wrappers.GenericWrappers.takeSnap(GenericWrappers.java:613)
	at utils.Reporter.reportStep(Reporter.java:20)
	at wrappers.GenericWrappers.takeSnap(GenericWrappers.java:613)
	at utils.Reporter.reportStep(Reporter.java:20)
	at wrappers.GenericWrappers.takeSnap(GenericWrappers.java:613)
	at utils.Reporter.reportStep(Reporter.java:20)
	at wrappers.GenericWrappers.takeSnap(GenericWrappers.java:613)
	at utils.Reporter.reportStep(Reporter.java:20)
	at wrappers.GenericWrappers.takeSnap(GenericWrappers.java:613)
	at utils.Reporter.reportStep(Reporter.java:20)
	at wrappers.GenericWrappers.takeSnap(GenericWrappers.java:613)
	at utils.Reporter.reportStep(Reporter.java:20)
	at wrappers.GenericWrappers.takeSnap(GenericWrappers.java:613)
	at utils.Reporter.reportStep(Reporter.java:20)
	at wrappers.GenericWrappers.takeSnap(GenericWrappers.java:613)
	at utils.Reporter.reportStep(Reporter.java:20)
	at wrappers.GenericWrappers.takeSnap(GenericWrappers.java:613)
	at utils.Reporter.reportStep(Reporter.java:20)
	at wrappers.GenericWrappers.takeSnap(GenericWrappers.java:613)
	at utils.Reporter.reportStep(Reporter.java:20)
	at wrappers.GenericWrappers.takeSnap(GenericWrappers.java:613)
	at utils.Reporter.reportStep(Reporter.java:20)
	at wrappers.GenericWrappers.takeSnap(GenericWrappers.java:613)
	at utils.Reporter.reportStep(Reporter.java:20)
	at wrappers.GenericWrappers.takeSnap(GenericWrappers.java:613)
	at utils.Reporter.reportStep(Reporter.java:20)
	at wrappers.GenericWrappers.takeSnap(GenericWrappers.java:613)
	at utils.Reporter.reportStep(Reporter.java:20)
	at wrappers.GenericWrappers.takeSnap(GenericWrappers.java:613)
	at utils.Reporter.reportStep(Reporter.java:20)
	at wrappers.GenericWrappers.takeSnap(GenericWrappers.java:613)
	at utils.Reporter.reportStep(Reporter.java:20)
	at wrappers.GenericWrappers.takeSnap(GenericWrappers.java:613)
	at utils.Reporter.reportStep(Reporter.java:20)
	at wrappers.GenericWrappers.takeSnap(GenericWrappers.java:613)
	at utils.Reporter.reportStep(Reporter.java:20)
	at wrappers.GenericWrappers.takeSnap(GenericWrappers.java:613)
	at utils.Reporter.reportStep(Reporter.java:20)
	at wrappers.GenericWrappers.takeSnap(GenericWrappers.java:613)
	at utils.Reporter.reportStep(Reporter.java:20)
	at wrappers.GenericWrappers.takeSnap(GenericWrappers.java:613)
	at utils.Reporter.reportStep(Reporter.java:20)
	at wrappers.GenericWrappers.takeSnap(GenericWrappers.java:613)
	at utils.Reporter.reportStep(Reporter.java:20)
	at wrappers.GenericWrappers.takeSnap(GenericWrappers.java:613)
	at utils.Reporter.reportStep(Reporter.java:20)
	at wrappers.GenericWrappers.takeSnap(GenericWrappers.java:613)
	at utils.Reporter.reportStep(Reporter.java:20)
	at wrappers.GenericWrappers.takeSnap(GenericWrappers.java:613)
	at utils.Reporter.reportStep(Reporter.java:20)
	at wrappers.GenericWrappers.takeSnap(GenericWrappers.java:613)
	at utils.Reporter.reportStep(Reporter.java:20)
	at wrappers.GenericWrappers.takeSnap(GenericWrappers.java:613)
	at utils.Reporter.reportStep(Reporter.java:20)
	at wrappers.GenericWrappers.takeSnap(GenericWrappers.java:613)
	at utils.Reporter.reportStep(Reporter.java:20)
	at wrappers.GenericWrappers.takeSnap(GenericWrappers.java:613)
	at utils.Reporter.reportStep(Reporter.java:20)
	at wrappers.GenericWrappers.takeSnap(GenericWrappers.java:613)
	at utils.Reporter.reportStep(Reporter.java:20)
	at wrappers.GenericWrappers.takeSnap(GenericWrappers.java:613)
	at utils.Reporter.reportStep(Reporter.java:20)
	at wrappers.GenericWrappers.takeSnap(GenericWrappers.java:613)
	at utils.Reporter.reportStep(Reporter.java:20)
	at wrappers.GenericWrappers.takeSnap(GenericWrappers.java:613)
	at utils.Reporter.reportStep(Reporter.java:20)
	at wrappers.GenericWrappers.takeSnap(GenericWrappers.java:613)
	at utils.Reporter.reportStep(Reporter.java:20)
	at wrappers.GenericWrappers.takeSnap(GenericWrappers.java:613)
	at utils.Reporter.reportStep(Reporter.java:20)
	at wrappers.GenericWrappers.takeSnap(GenericWrappers.java:613)
	at utils.Reporter.reportStep(Reporter.java:20)
	at wrappers.GenericWrappers.takeSnap(GenericWrappers.java:613)
	at utils.Reporter.reportStep(Reporter.java:20)
	at wrappers.GenericWrappers.takeSnap(GenericWrappers.java:613)
	at utils.Reporter.reportStep(Reporter.java:20)
	at wrappers.GenericWrappers.takeSnap(GenericWrappers.java:613)
	at utils.Reporter.reportStep(Reporter.java:20)
	at wrappers.GenericWrappers.takeSnap(GenericWrappers.java:613)
	at utils.Reporter.reportStep(Reporter.java:20)
	at wrappers.GenericWrappers.takeSnap(GenericWrappers.java:613)
	at utils.Reporter.reportStep(Reporter.java:20)
	at wrappers.GenericWrappers.takeSnap(GenericWrappers.java:613)
	at utils.Reporter.reportStep(Reporter.java:20)
	at wrappers.GenericWrappers.takeSnap(GenericWrappers.java:613)
	at utils.Reporter.reportStep(Reporter.java:20)
	at wrappers.GenericWrappers.takeSnap(GenericWrappers.java:613)
	at utils.Reporter.reportStep(Reporter.java:20)
	at wrappers.GenericWrappers.takeSnap(GenericWrappers.java:613)
	at utils.Reporter.reportStep(Reporter.java:20)
	at wrappers.GenericWrappers.takeSnap(GenericWrappers.java:613)
	at utils.Reporter.reportStep(Reporter.java:20)
	at wrappers.GenericWrappers.takeSnap(GenericWrappers.java:613)
	at utils.Reporter.reportStep(Reporter.java:20)
	at wrappers.GenericWrappers.takeSnap(GenericWrappers.java:613)
	at utils.Reporter.reportStep(Reporter.java:20)
	at wrappers.GenericWrappers.takeSnap(GenericWrappers.java:613)
	at utils.Reporter.reportStep(Reporter.java:20)
	at wrappers.GenericWrappers.takeSnap(GenericWrappers.java:613)
	at utils.Reporter.reportStep(Reporter.java:20)
	at wrappers.GenericWrappers.takeSnap(GenericWrappers.java:613)
	at utils.Reporter.reportStep(Reporter.java:20)
	at wrappers.GenericWrappers.takeSnap(GenericWrappers.java:613)
	at utils.Reporter.reportStep(Reporter.java:20)
	at wrappers.GenericWrappers.takeSnap(GenericWrappers.java:613)
	at utils.Reporter.reportStep(Reporter.java:20)
	at wrappers.GenericWrappers.takeSnap(GenericWrappers.java:613)
	at utils.Reporter.reportStep(Reporter.java:20)
	at wrappers.GenericWrappers.takeSnap(GenericWrappers.java:613)
	at utils.Reporter.reportStep(Reporter.java:20)
	at wrappers.GenericWrappers.takeSnap(GenericWrappers.java:613)
	at utils.Reporter.reportStep(Reporter.java:20)
	at wrappers.GenericWrappers.takeSnap(GenericWrappers.java:613)
	at utils.Reporter.reportStep(Reporter.java:20)
	at wrappers.GenericWrappers.takeSnap(GenericWrappers.java:613)
	at utils.Reporter.reportStep(Reporter.java:20)
	at wrappers.GenericWrappers.takeSnap(GenericWrappers.java:613)
	at utils.Reporter.reportStep(Reporter.java:20)
	at wrappers.GenericWrappers.takeSnap(GenericWrappers.java:613)
	at utils.Reporter.reportStep(Reporter.java:20)
	at wrappers.GenericWrappers.takeSnap(GenericWrappers.java:613)
	at utils.Reporter.reportStep(Reporter.java:20)
	at wrappers.GenericWrappers.takeSnap(GenericWrappers.java:613)
	at utils.Reporter.reportStep(Reporter.java:20)
	at wrappers.GenericWrappers.takeSnap(GenericWrappers.java:613)
	at utils.Reporter.reportStep(Reporter.java:20)
	at wrappers.GenericWrappers.takeSnap(GenericWrappers.java:613)
	at utils.Reporter.reportStep(Reporter.java:20)
	at wrappers.GenericWrappers.takeSnap(GenericWrappers.java:613)
	at utils.Reporter.reportStep(Reporter.java:20)
	at wrappers.GenericWrappers.takeSnap(GenericWrappers.java:613)
	at utils.Reporter.reportStep(Reporter.java:20)
	at wrappers.GenericWrappers.takeSnap(GenericWrappers.java:613)
	at utils.Reporter.reportStep(Reporter.java:20)
	at wrappers.GenericWrappers.takeSnap(GenericWrappers.java:613)
	at utils.Reporter.reportStep(Reporter.java:20)
	at wrappers.GenericWrappers.takeSnap(GenericWrappers.java:613)
	at utils.Reporter.reportStep(Reporter.java:20)
	at wrappers.GenericWrappers.takeSnap(GenericWrappers.java:613)
	at utils.Reporter.reportStep(Reporter.java:20)
	at wrappers.GenericWrappers.takeSnap(GenericWrappers.java:613)
	at utils.Reporter.reportStep(Reporter.java:20)
	at wrappers.GenericWrappers.takeSnap(GenericWrappers.java:613)
	at utils.Reporter.reportStep(Reporter.java:20)
	at wrappers.GenericWrappers.takeSnap(GenericWrappers.java:613)
	at utils.Reporter.reportStep(Reporter.java:20)
	at wrappers.GenericWrappers.takeSnap(GenericWrappers.java:613)
	at utils.Reporter.reportStep(Reporter.java:20)
	at wrappers.GenericWrappers.takeSnap(GenericWrappers.java:613)
	at utils.Reporter.reportStep(Reporter.java:20)
	at wrappers.GenericWrappers.takeSnap(GenericWrappers.java:613)
	at utils.Reporter.reportStep(Reporter.java:20)
	at wrappers.GenericWrappers.takeSnap(GenericWrappers.java:613)
	at utils.Reporter.reportStep(Reporter.java:20)
	at wrappers.GenericWrappers.takeSnap(GenericWrappers.java:613)
	at utils.Reporter.reportStep(Reporter.java:20)
	at wrappers.GenericWrappers.takeSnap(GenericWrappers.java:613)
	at utils.Reporter.reportStep(Reporter.java:20)
	at wrappers.GenericWrappers.takeSnap(GenericWrappers.java:613)
	at utils.Reporter.reportStep(Reporter.java:20)
	at wrappers.GenericWrappers.takeSnap(GenericWrappers.java:613)
	at utils.Reporter.reportStep(Reporter.java:20)
	at wrappers.GenericWrappers.takeSnap(GenericWrappers.java:613)
	at utils.Reporter.reportStep(Reporter.java:20)
	at wrappers.GenericWrappers.takeSnap(GenericWrappers.java:613)
	at utils.Reporter.reportStep(Reporter.java:20)
	at wrappers.GenericWrappers.takeSnap(GenericWrappers.java:613)
	at utils.Reporter.reportStep(Reporter.java:20)
	at wrappers.GenericWrappers.takeSnap(GenericWrappers.java:613)
	at utils.Reporter.reportStep(Reporter.java:20)
	at wrappers.GenericWrappers.takeSnap(GenericWrappers.java:613)
	at utils.Reporter.reportStep(Reporter.java:20)
	at wrappers.GenericWrappers.takeSnap(GenericWrappers.java:613)
	at utils.Reporter.reportStep(Reporter.java:20)
	at wrappers.GenericWrappers.takeSnap(GenericWrappers.java:613)
	at utils.Reporter.reportStep(Reporter.java:20)
	at wrappers.GenericWrappers.takeSnap(GenericWrappers.java:613)
	at utils.Reporter.reportStep(Reporter.java:20)
	at wrappers.GenericWrappers.takeSnap(GenericWrappers.java:613)
	at utils.Reporter.reportStep(Reporter.java:20)
	at wrappers.GenericWrappers.takeSnap(GenericWrappers.java:613)
	at utils.Reporter.reportStep(Reporter.java:20)
	at wrappers.GenericWrappers.takeSnap(GenericWrappers.java:613)
	at utils.Reporter.reportStep(Reporter.java:20)
	at wrappers.GenericWrappers.takeSnap(GenericWrappers.java:613)
	at utils.Reporter.reportStep(Reporter.java:20)
	at wrappers.GenericWrappers.takeSnap(GenericWrappers.java:613)
	at utils.Reporter.reportStep(Reporter.java:20)
	at wrappers.GenericWrappers.takeSnap(GenericWrappers.java:613)
	at utils.Reporter.reportStep(Reporter.java:20)
	at wrappers.GenericWrappers.takeSnap(GenericWrappers.java:613)
	at utils.Reporter.reportStep(Reporter.java:20)
	at wrappers.GenericWrappers.takeSnap(GenericWrappers.java:613)
	at utils.Reporter.reportStep(Reporter.java:20)
	at wrappers.GenericWrappers.takeSnap(GenericWrappers.java:613)
	at utils.Reporter.reportStep(Reporter.java:20)
	at wrappers.GenericWrappers.takeSnap(GenericWrappers.java:613)
	at utils.Reporter.reportStep(Reporter.java:20)
	at wrappers.GenericWrappers.takeSnap(GenericWrappers.java:613)
	at utils.Reporter.reportStep(Reporter.java:20)
	at wrappers.GenericWrappers.takeSnap(GenericWrappers.java:613)
	at utils.Reporter.reportStep(Reporter.java:20)
	at wrappers.GenericWrappers.takeSnap(GenericWrappers.java:613)
	at utils.Reporter.reportStep(Reporter.java:20)
	at wrappers.GenericWrappers.takeSnap(GenericWrappers.java:613)
	at utils.Reporter.reportStep(Reporter.java:20)
	at wrappers.GenericWrappers.takeSnap(GenericWrappers.java:613)
	at utils.Reporter.reportStep(Reporter.java:20)
	at wrappers.GenericWrappers.takeSnap(GenericWrappers.java:613)
	at utils.Reporter.reportStep(Reporter.java:20)
	at wrappers.GenericWrappers.takeSnap(GenericWrappers.java:613)
	at utils.Reporter.reportStep(Reporter.java:20)
	at wrappers.GenericWrappers.takeSnap(GenericWrappers.java:613)
	at utils.Reporter.reportStep(Reporter.java:20)
	at wrappers.GenericWrappers.takeSnap(GenericWrappers.java:613)
	at utils.Reporter.reportStep(Reporter.java:20)
	at wrappers.GenericWrappers.takeSnap(GenericWrappers.java:613)
	at utils.Reporter.reportStep(Reporter.java:20)
	at wrappers.GenericWrappers.takeSnap(GenericWrappers.java:613)
	at utils.Reporter.reportStep(Reporter.java:20)
	at wrappers.GenericWrappers.takeSnap(GenericWrappers.java:613)
	at utils.Reporter.reportStep(Reporter.java:20)
	at wrappers.GenericWrappers.takeSnap(GenericWrappers.java:613)
	at utils.Reporter.reportStep(Reporter.java:20)
	at wrappers.GenericWrappers.takeSnap(GenericWrappers.java:613)
	at utils.Reporter.reportStep(Reporter.java:20)
	at wrappers.GenericWrappers.takeSnap(GenericWrappers.java:613)
	at utils.Reporter.reportStep(Reporter.java:20)
	at wrappers.GenericWrappers.takeSnap(GenericWrappers.java:613)
	at utils.Reporter.reportStep(Reporter.java:20)
	at wrappers.GenericWrappers.takeSnap(GenericWrappers.java:613)
	at utils.Reporter.reportStep(Reporter.java:20)
	at wrappers.GenericWrappers.takeSnap(GenericWrappers.java:613)
	at utils.Reporter.reportStep(Reporter.java:20)
	at wrappers.GenericWrappers.takeSnap(GenericWrappers.java:613)
	at utils.Reporter.reportStep(Reporter.java:20)
	at wrappers.GenericWrappers.takeSnap(GenericWrappers.java:613)
	at utils.Reporter.reportStep(Reporter.java:20)
	at wrappers.GenericWrappers.takeSnap(GenericWrappers.java:613)
	at utils.Reporter.reportStep(Reporter.java:20)
	at wrappers.GenericWrappers.takeSnap(GenericWrappers.java:613)
	at utils.Reporter.reportStep(Reporter.java:20)
	at wrappers.GenericWrappers.takeSnap(GenericWrappers.java:613)
	at utils.Reporter.reportStep(Reporter.java:20)
	at wrappers.GenericWrappers.takeSnap(GenericWrappers.java:613)
	at utils.Reporter.reportStep(Reporter.java:20)
	at wrappers.GenericWrappers.takeSnap(GenericWrappers.java:613)
	at utils.Reporter.reportStep(Reporter.java:20)
	at wrappers.GenericWrappers.takeSnap(GenericWrappers.java:613)
	at utils.Reporter.reportStep(Reporter.java:20)
	at wrappers.GenericWrappers.takeSnap(GenericWrappers.java:613)
	at utils.Reporter.reportStep(Reporter.java:20)
	at wrappers.GenericWrappers.takeSnap(GenericWrappers.java:613)
	at utils.Reporter.reportStep(Reporter.java:20)
	at wrappers.GenericWrappers.takeSnap(GenericWrappers.java:613)
	at utils.Reporter.reportStep(Reporter.java:20)
	at wrappers.GenericWrappers.takeSnap(GenericWrappers.java:613)
	at utils.Reporter.reportStep(Reporter.java:20)
	at wrappers.GenericWrappers.takeSnap(GenericWrappers.java:613)
	at utils.Reporter.reportStep(Reporter.java:20)
	at wrappers.GenericWrappers.takeSnap(GenericWrappers.java:613)
	at utils.Reporter.reportStep(Reporter.java:20)
	at wrappers.GenericWrappers.takeSnap(GenericWrappers.java:613)
	at utils.Reporter.reportStep(Reporter.java:20)
	at wrappers.GenericWrappers.takeSnap(GenericWrappers.java:613)
	at utils.Reporter.reportStep(Reporter.java:20)
	at wrappers.GenericWrappers.takeSnap(GenericWrappers.java:613)
	at utils.Reporter.reportStep(Reporter.java:20)
	at wrappers.GenericWrappers.takeSnap(GenericWrappers.java:613)
	at utils.Reporter.reportStep(Reporter.java:20)
	at wrappers.GenericWrappers.takeSnap(GenericWrappers.java:613)
	at utils.Reporter.reportStep(Reporter.java:20)
	at wrappers.GenericWrappers.takeSnap(GenericWrappers.java:613)
	at utils.Reporter.reportStep(Reporter.java:20)
	at wrappers.GenericWrappers.takeSnap(GenericWrappers.java:613)
	at utils.Reporter.reportStep(Reporter.java:20)
	at wrappers.GenericWrappers.takeSnap(GenericWrappers.java:613)
	at utils.Reporter.reportStep(Reporter.java:20)
	at wrappers.GenericWrappers.takeSnap(GenericWrappers.java:613)
	at utils.Reporter.reportStep(Reporter.java:20)
	at wrappers.GenericWrappers.takeSnap(GenericWrappers.java:613)
	at utils.Reporter.reportStep(Reporter.java:20)
	at wrappers.GenericWrappers.takeSnap(GenericWrappers.java:613)
	at utils.Reporter.reportStep(Reporter.java:20)
	at wrappers.GenericWrappers.takeSnap(GenericWrappers.java:613)
	at utils.Reporter.reportStep(Reporter.java:20)
	at wrappers.GenericWrappers.takeSnap(GenericWrappers.java:613)
	at utils.Reporter.reportStep(Reporter.java:20)
	at wrappers.GenericWrappers.takeSnap(GenericWrappers.java:613)
	at utils.Reporter.reportStep(Reporter.java:20)
	at wrappers.GenericWrappers.takeSnap(GenericWrappers.java:613)
	at utils.Reporter.reportStep(Reporter.java:20)
	at wrappers.GenericWrappers.takeSnap(GenericWrappers.java:613)
	at utils.Reporter.reportStep(Reporter.java:20)
	at wrappers.GenericWrappers.takeSnap(GenericWrappers.java:613)
	at utils.Reporter.reportStep(Reporter.java:20)
	at wrappers.GenericWrappers.takeSnap(GenericWrappers.java:613)
	at utils.Reporter.reportStep(Reporter.java:20)
	at wrappers.GenericWrappers.takeSnap(GenericWrappers.java:613)
	at utils.Reporter.reportStep(Reporter.java:20)
	at wrappers.GenericWrappers.takeSnap(GenericWrappers.java:613)
	at utils.Reporter.reportStep(Reporter.java:20)
	at wrappers.GenericWrappers.takeSnap(GenericWrappers.java:613)
	at utils.Reporter.reportStep(Reporter.java:20)
	at wrappers.GenericWrappers.takeSnap(GenericWrappers.java:613)
	at utils.Reporter.reportStep(Reporter.java:20)
	at wrappers.GenericWrappers.takeSnap(GenericWrappers.java:613)
	at utils.Reporter.reportStep(Reporter.java:20)
	at wrappers.GenericWrappers.takeSnap(GenericWrappers.java:613)
	at utils.Reporter.reportStep(Reporter.java:20)
	at wrappers.GenericWrappers.takeSnap(GenericWrappers.java:613)
	at utils.Reporter.reportStep(Reporter.java:20)
	at wrappers.GenericWrappers.takeSnap(GenericWrappers.java:613)
	at utils.Reporter.reportStep(Reporter.java:20)
	at wrappers.GenericWrappers.takeSnap(GenericWrappers.java:613)
	at utils.Reporter.reportStep(Reporter.java:20)
	at wrappers.GenericWrappers.takeSnap(GenericWrappers.java:613)
	at utils.Reporter.reportStep(Reporter.java:20)
	at wrappers.GenericWrappers.takeSnap(GenericWrappers.java:613)
	at utils.Reporter.reportStep(Reporter.java:20)
	at wrappers.GenericWrappers.takeSnap(GenericWrappers.java:613)
	at utils.Reporter.reportStep(Reporter.java:20)
	at wrappers.GenericWrappers.takeSnap(GenericWrappers.java:613)
	at utils.Reporter.reportStep(Reporter.java:20)
	at wrappers.GenericWrappers.takeSnap(GenericWrappers.java:613)
	at utils.Reporter.reportStep(Reporter.java:20)
	at wrappers.GenericWrappers.takeSnap(GenericWrappers.java:613)
	at utils.Reporter.reportStep(Reporter.java:20)
	at wrappers.GenericWrappers.takeSnap(GenericWrappers.java:613)
	at utils.Reporter.reportStep(Reporter.java:20)
	at wrappers.GenericWrappers.takeSnap(GenericWrappers.java:613)
	at utils.Reporter.reportStep(Reporter.java:20)
	at wrappers.GenericWrappers.takeSnap(GenericWrappers.java:613)
	at utils.Reporter.reportStep(Reporter.java:20)
	at wrappers.GenericWrappers.takeSnap(GenericWrappers.java:613)
	at utils.Reporter.reportStep(Reporter.java:20)
	at wrappers.GenericWrappers.takeSnap(GenericWrappers.java:613)
	at utils.Reporter.reportStep(Reporter.java:20)
	at wrappers.GenericWrappers.takeSnap(GenericWrappers.java:613)
	at utils.Reporter.reportStep(Reporter.java:20)
	at wrappers.GenericWrappers.takeSnap(GenericWrappers.java:613)
	at utils.Reporter.reportStep(Reporter.java:20)
	at wrappers.GenericWrappers.takeSnap(GenericWrappers.java:613)
	at utils.Reporter.reportStep(Reporter.java:20)
	at wrappers.GenericWrappers.takeSnap(GenericWrappers.java:613)
	at utils.Reporter.reportStep(Reporter.java:20)
	at wrappers.GenericWrappers.takeSnap(GenericWrappers.java:613)
	at utils.Reporter.reportStep(Reporter.java:20)
	at wrappers.GenericWrappers.takeSnap(GenericWrappers.java:613)
	at utils.Reporter.reportStep(Reporter.java:20)
	at wrappers.GenericWrappers.takeSnap(GenericWrappers.java:613)
	at utils.Reporter.reportStep(Reporter.java:20)
	at wrappers.GenericWrappers.takeSnap(GenericWrappers.java:613)
	at utils.Reporter.reportStep(Reporter.java:20)
	at wrappers.GenericWrappers.takeSnap(GenericWrappers.java:613)
	at utils.Reporter.reportStep(Reporter.java:20)
	at wrappers.GenericWrappers.takeSnap(GenericWrappers.java:613)
	at utils.Reporter.reportStep(Reporter.java:20)
	at wrappers.GenericWrappers.takeSnap(GenericWrappers.java:613)
	at utils.Reporter.reportStep(Reporter.java:20)
	at wrappers.GenericWrappers.takeSnap(GenericWrappers.java:613)
	at utils.Reporter.reportStep(Reporter.java:20)
	at wrappers.GenericWrappers.takeSnap(GenericWrappers.java:613)
	at utils.Reporter.reportStep(Reporter.java:20)
	at wrappers.GenericWrappers.takeSnap(GenericWrappers.java:613)
	at utils.Reporter.reportStep(Reporter.java:20)
	at wrappers.GenericWrappers.takeSnap(GenericWrappers.java:613)
	at utils.Reporter.reportStep(Reporter.java:20)
	at wrappers.GenericWrappers.takeSnap(GenericWrappers.java:613)
	at utils.Reporter.reportStep(Reporter.java:20)
	at wrappers.GenericWrappers.takeSnap(GenericWrappers.java:613)
	at utils.Reporter.reportStep(Reporter.java:20)
	at wrappers.GenericWrappers.takeSnap(GenericWrappers.java:613)
	at utils.Reporter.reportStep(Reporter.java:20)
	at wrappers.GenericWrappers.takeSnap(GenericWrappers.java:613)
	at utils.Reporter.reportStep(Reporter.java:20)
	at wrappers.GenericWrappers.takeSnap(GenericWrappers.java:613)
	at utils.Reporter.reportStep(Reporter.java:20)
	at wrappers.GenericWrappers.takeSnap(GenericWrappers.java:613)
	at utils.Reporter.reportStep(Reporter.java:20)
	at wrappers.GenericWrappers.takeSnap(GenericWrappers.java:613)
	at utils.Reporter.reportStep(Reporter.java:20)
	at wrappers.GenericWrappers.takeSnap(GenericWrappers.java:613)
	at utils.Reporter.reportStep(Reporter.java:20)
	at wrappers.GenericWrappers.takeSnap(GenericWrappers.java:613)
	at utils.Reporter.reportStep(Reporter.java:20)
	at wrappers.GenericWrappers.takeSnap(GenericWrappers.java:613)
	at utils.Reporter.reportStep(Reporter.java:20)
	at wrappers.GenericWrappers.takeSnap(GenericWrappers.java:613)
	at utils.Reporter.reportStep(Reporter.java:20)
	at wrappers.GenericWrappers.takeSnap(GenericWrappers.java:613)
	at utils.Reporter.reportStep(Reporter.java:20)
	at wrappers.GenericWrappers.takeSnap(GenericWrappers.java:613)
	at utils.Reporter.reportStep(Reporter.java:20)
	at wrappers.GenericWrappers.takeSnap(GenericWrappers.java:613)
	at utils.Reporter.reportStep(Reporter.java:20)
	at wrappers.GenericWrappers.takeSnap(GenericWrappers.java:613)
	at utils.Reporter.reportStep(Reporter.java:20)
	at wrappers.GenericWrappers.takeSnap(GenericWrappers.java:613)
	at utils.Reporter.reportStep(Reporter.java:20)
	at wrappers.GenericWrappers.takeSnap(GenericWrappers.java:613)
	at utils.Reporter.reportStep(Reporter.java:20)
	at wrappers.GenericWrappers.takeSnap(GenericWrappers.java:613)
	at utils.Reporter.reportStep(Reporter.java:20)
	at wrappers.GenericWrappers.takeSnap(GenericWrappers.java:613)
	at utils.Reporter.reportStep(Reporter.java:20)
	at wrappers.GenericWrappers.takeSnap(GenericWrappers.java:613)
	at utils.Reporter.reportStep(Reporter.java:20)
	at wrappers.GenericWrappers.takeSnap(GenericWrappers.java:613)
	at utils.Reporter.reportStep(Reporter.java:20)
	at wrappers.GenericWrappers.takeSnap(GenericWrappers.java:613)
	at utils.Reporter.reportStep(Reporter.java:20)
	at wrappers.GenericWrappers.takeSnap(GenericWrappers.java:613)
	at utils.Reporter.reportStep(Reporter.java:20)
	at wrappers.GenericWrappers.takeSnap(GenericWrappers.java:613)
	at utils.Reporter.reportStep(Reporter.java:20)
	at wrappers.GenericWrappers.takeSnap(GenericWrappers.java:613)
	at utils.Reporter.reportStep(Reporter.java:20)
	at wrappers.GenericWrappers.takeSnap(GenericWrappers.java:613)
	at utils.Reporter.reportStep(Reporter.java:20)
	at wrappers.GenericWrappers.takeSnap(GenericWrappers.java:613)
	at utils.Reporter.reportStep(Reporter.java:20)
	at wrappers.GenericWrappers.takeSnap(GenericWrappers.java:613)
	at utils.Reporter.reportStep(Reporter.java:20)
	at wrappers.GenericWrappers.takeSnap(GenericWrappers.java:613)
	at utils.Reporter.reportStep(Reporter.java:20)
	at wrappers.GenericWrappers.takeSnap(GenericWrappers.java:613)
	at utils.Reporter.reportStep(Reporter.java:20)
	at wrappers.GenericWrappers.takeSnap(GenericWrappers.java:613)
	at utils.Reporter.reportStep(Reporter.java:20)
	at wrappers.GenericWrappers.takeSnap(GenericWrappers.java:613)
	at utils.Reporter.reportStep(Reporter.java:20)
	at wrappers.GenericWrappers.takeSnap(GenericWrappers.java:613)
	at utils.Reporter.reportStep(Reporter.java:20)
	at wrappers.GenericWrappers.takeSnap(GenericWrappers.java:613)
	at utils.Reporter.reportStep(Reporter.java:20)
	at wrappers.GenericWrappers.takeSnap(GenericWrappers.java:613)
	at utils.Reporter.reportStep(Reporter.java:20)
	at wrappers.GenericWrappers.takeSnap(GenericWrappers.java:613)
	at utils.Reporter.reportStep(Reporter.java:20)
	at wrappers.GenericWrappers.takeSnap(GenericWrappers.java:613)
	at utils.Reporter.reportStep(Reporter.java:20)
	at wrappers.GenericWrappers.takeSnap(GenericWrappers.java:613)
	at utils.Reporter.reportStep(Reporter.java:20)
	at wrappers.GenericWrappers.takeSnap(GenericWrappers.java:613)
	at utils.Reporter.reportStep(Reporter.java:20)
	at wrappers.GenericWrappers.takeSnap(GenericWrappers.java:613)
	at utils.Reporter.reportStep(Reporter.java:20)
	at wrappers.GenericWrappers.takeSnap(GenericWrappers.java:613)
	at utils.Reporter.reportStep(Reporter.java:20)
	at wrappers.GenericWrappers.takeSnap(GenericWrappers.java:613)
	at utils.Reporter.reportStep(Reporter.java:20)
	at wrappers.GenericWrappers.takeSnap(GenericWrappers.java:613)
	at utils.Reporter.reportStep(Reporter.java:20)
	at wrappers.GenericWrappers.takeSnap(GenericWrappers.java:613)
	at utils.Reporter.reportStep(Reporter.java:20)
	at wrappers.GenericWrappers.takeSnap(GenericWrappers.java:613)
	at utils.Reporter.reportStep(Reporter.java:20)
	at wrappers.GenericWrappers.takeSnap(GenericWrappers.java:613)
	at utils.Reporter.reportStep(Reporter.java:20)
	at wrappers.GenericWrappers.takeSnap(GenericWrappers.java:613)
	at utils.Reporter.reportStep(Reporter.java:20)
	at wrappers.GenericWrappers.takeSnap(GenericWrappers.java:613)
	at utils.Reporter.reportStep(Reporter.java:20)
	at wrappers.GenericWrappers.takeSnap(GenericWrappers.java:613)
	at utils.Reporter.reportStep(Reporter.java:20)
	at wrappers.GenericWrappers.takeSnap(GenericWrappers.java:613)
	at utils.Reporter.reportStep(Reporter.java:20)
	at wrappers.GenericWrappers.takeSnap(GenericWrappers.java:613)
	at utils.Reporter.reportStep(Reporter.java:20)
	at wrappers.GenericWrappers.takeSnap(GenericWrappers.java:613)
	at utils.Reporter.reportStep(Reporter.java:20)
	at wrappers.GenericWrappers.takeSnap(GenericWrappers.java:613)
	at utils.Reporter.reportStep(Reporter.java:20)
	at wrappers.GenericWrappers.takeSnap(GenericWrappers.java:613)
	at utils.Reporter.reportStep(Reporter.java:20)
	at wrappers.GenericWrappers.takeSnap(GenericWrappers.java:613)
	at utils.Reporter.reportStep(Reporter.java:20)
	at wrappers.GenericWrappers.takeSnap(GenericWrappers.java:613)
	at utils.Reporter.reportStep(Reporter.java:20)
	at wrappers.GenericWrappers.takeSnap(GenericWrappers.java:613)
	at utils.Reporter.reportStep(Reporter.java:20)
	at wrappers.GenericWrappers.takeSnap(GenericWrappers.java:613)
	at utils.Reporter.reportStep(Reporter.java:20)
	at wrappers.GenericWrappers.takeSnap(GenericWrappers.java:613)
	at utils.Reporter.reportStep(Reporter.java:20)
	at wrappers.GenericWrappers.takeSnap(GenericWrappers.java:613)
	at utils.Reporter.reportStep(Reporter.java:20)
	at wrappers.GenericWrappers.takeSnap(GenericWrappers.java:613)
	at utils.Reporter.reportStep(Reporter.java:20)
	at wrappers.GenericWrappers.takeSnap(GenericWrappers.java:613)
	at utils.Reporter.reportStep(Reporter.java:20)
	at wrappers.GenericWrappers.takeSnap(GenericWrappers.java:613)
	at utils.Reporter.reportStep(Reporter.java:20)
	at wrappers.GenericWrappers.takeSnap(GenericWrappers.java:613)
	at utils.Reporter.reportStep(Reporter.java:20)
	at wrappers.GenericWrappers.takeSnap(GenericWrappers.java:613)
	at utils.Reporter.reportStep(Reporter.java:20)
	at wrappers.GenericWrappers.takeSnap(GenericWrappers.java:613)
	at utils.Reporter.reportStep(Reporter.java:20)
	at wrappers.GenericWrappers.takeSnap(GenericWrappers.java:613)
	at utils.Reporter.reportStep(Reporter.java:20)
	at wrappers.GenericWrappers.takeSnap(GenericWrappers.java:613)
	at utils.Reporter.reportStep(Reporter.java:20)
	at wrappers.GenericWrappers.takeSnap(GenericWrappers.java:613)
	at utils.Reporter.reportStep(Reporter.java:20)
	at wrappers.GenericWrappers.takeSnap(GenericWrappers.java:613)
	at utils.Reporter.reportStep(Reporter.java:20)
	at wrappers.GenericWrappers.takeSnap(GenericWrappers.java:613)
	at utils.Reporter.reportStep(Reporter.java:20)
	at wrappers.GenericWrappers.takeSnap(GenericWrappers.java:613)
	at utils.Reporter.reportStep(Reporter.java:20)
	at wrappers.GenericWrappers.takeSnap(GenericWrappers.java:613)
	at utils.Reporter.reportStep(Reporter.java:20)
	at wrappers.GenericWrappers.takeSnap(GenericWrappers.java:613)
	at utils.Reporter.reportStep(Reporter.java:20)
	at wrappers.GenericWrappers.takeSnap(GenericWrappers.java:613)
	at utils.Reporter.reportStep(Reporter.java:20)
	at wrappers.GenericWrappers.takeSnap(GenericWrappers.java:613)
	at utils.Reporter.reportStep(Reporter.java:20)
	at wrappers.GenericWrappers.takeSnap(GenericWrappers.java:613)
	at utils.Reporter.reportStep(Reporter.java:20)
	at wrappers.GenericWrappers.takeSnap(GenericWrappers.java:613)
	at utils.Reporter.reportStep(Reporter.java:20)
	at wrappers.GenericWrappers.takeSnap(GenericWrappers.java:613)
	at utils.Reporter.reportStep(Reporter.java:20)
	at wrappers.GenericWrappers.takeSnap(GenericWrappers.java:613)
	at utils.Reporter.reportStep(Reporter.java:20)
	at wrappers.GenericWrappers.takeSnap(GenericWrappers.java:613)
	at utils.Reporter.reportStep(Reporter.java:20)
	at wrappers.GenericWrappers.takeSnap(GenericWrappers.java:613)
	at utils.Reporter.reportStep(Reporter.java:20)
	at wrappers.GenericWrappers.takeSnap(GenericWrappers.java:613)
	at utils.Reporter.reportStep(Reporter.java:20)
	at wrappers.GenericWrappers.takeSnap(GenericWrappers.java:613)
	at utils.Reporter.reportStep(Reporter.java:20)
	at wrappers.GenericWrappers.takeSnap(GenericWrappers.java:613)
	at utils.Reporter.reportStep(Reporter.java:20)
	at wrappers.GenericWrappers.takeSnap(GenericWrappers.java:613)
	at utils.Reporter.reportStep(Reporter.java:20)
	at wrappers.GenericWrappers.takeSnap(GenericWrappers.java:613)
	at utils.Reporter.reportStep(Reporter.java:20)
	at wrappers.GenericWrappers.takeSnap(GenericWrappers.java:613)
	at utils.Reporter.reportStep(Reporter.java:20)
	at wrappers.GenericWrappers.takeSnap(GenericWrappers.java:613)
	at utils.Reporter.reportStep(Reporter.java:20)
	at wrappers.GenericWrappers.takeSnap(GenericWrappers.java:613)
	at utils.Reporter.reportStep(Reporter.java:20)
	at wrappers.GenericWrappers.takeSnap(GenericWrappers.java:613)
	at utils.Reporter.reportStep(Reporter.java:20)
	at wrappers.GenericWrappers.takeSnap(GenericWrappers.java:613)
	at utils.Reporter.reportStep(Reporter.java:20)
	at wrappers.GenericWrappers.takeSnap(GenericWrappers.java:613)
	at utils.Reporter.reportStep(Reporter.java:20)
	at wrappers.GenericWrappers.takeSnap(GenericWrappers.java:613)
	at utils.Reporter.reportStep(Reporter.java:20)
	at wrappers.GenericWrappers.takeSnap(GenericWrappers.java:613)
	at utils.Reporter.reportStep(Reporter.java:20)
	at wrappers.GenericWrappers.takeSnap(GenericWrappers.java:613)
	at utils.Reporter.reportStep(Reporter.java:20)
	at wrappers.GenericWrappers.takeSnap(GenericWrappers.java:613)
	at utils.Reporter.reportStep(Reporter.java:20)
	at wrappers.GenericWrappers.takeSnap(GenericWrappers.java:613)
	at utils.Reporter.reportStep(Reporter.java:20)
	at wrappers.GenericWrappers.takeSnap(GenericWrappers.java:613)
	at utils.Reporter.reportStep(Reporter.java:20)
	at wrappers.GenericWrappers.takeSnap(GenericWrappers.java:613)
	at utils.Reporter.reportStep(Reporter.java:20)
	at wrappers.GenericWrappers.takeSnap(GenericWrappers.java:613)
	at utils.Reporter.reportStep(Reporter.java:20)
	at wrappers.GenericWrappers.takeSnap(GenericWrappers.java:613)
	at utils.Reporter.reportStep(Reporter.java:20)
	at wrappers.GenericWrappers.takeSnap(GenericWrappers.java:613)
	at utils.Reporter.reportStep(Reporter.java:20)
	at wrappers.GenericWrappers.takeSnap(GenericWrappers.java:613)
	at utils.Reporter.reportStep(Reporter.java:20)
	at wrappers.GenericWrappers.takeSnap(GenericWrappers.java:613)
	at utils.Reporter.reportStep(Reporter.java:20)
	at wrappers.GenericWrappers.takeSnap(GenericWrappers.java:613)
	at utils.Reporter.reportStep(Reporter.java:20)
	at wrappers.GenericWrappers.takeSnap(GenericWrappers.java:613)
	at utils.Reporter.reportStep(Reporter.java:20)
	at wrappers.GenericWrappers.takeSnap(GenericWrappers.java:613)
	at utils.Reporter.reportStep(Reporter.java:20)
	at wrappers.GenericWrappers.takeSnap(GenericWrappers.java:613)
	at utils.Reporter.reportStep(Reporter.java:20)
	at wrappers.GenericWrappers.takeSnap(GenericWrappers.java:613)
	at utils.Reporter.reportStep(Reporter.java:20)
	at wrappers.GenericWrappers.takeSnap(GenericWrappers.java:613)
	at utils.Reporter.reportStep(Reporter.java:20)
	at wrappers.GenericWrappers.takeSnap(GenericWrappers.java:613)
	at utils.Reporter.reportStep(Reporter.java:20)
	at wrappers.GenericWrappers.takeSnap(GenericWrappers.java:613)
	at utils.Reporter.reportStep(Reporter.java:20)
	at wrappers.GenericWrappers.takeSnap(GenericWrappers.java:613)
	at utils.Reporter.reportStep(Reporter.java:20)
	at wrappers.GenericWrappers.takeSnap(GenericWrappers.java:613)
	at utils.Reporter.reportStep(Reporter.java:20)
	at wrappers.GenericWrappers.takeSnap(GenericWrappers.java:613)
	at utils.Reporter.reportStep(Reporter.java:20)
	at wrappers.GenericWrappers.takeSnap(GenericWrappers.java:613)
	at utils.Reporter.reportStep(Reporter.java:20)
	at wrappers.GenericWrappers.takeSnap(GenericWrappers.java:613)
	at utils.Reporter.reportStep(Reporter.java:20)
	at wrappers.GenericWrappers.takeSnap(GenericWrappers.java:613)
	at utils.Reporter.reportStep(Reporter.java:20)
	at wrappers.GenericWrappers.takeSnap(GenericWrappers.java:613)
	at utils.Reporter.reportStep(Reporter.java:20)
	at wrappers.GenericWrappers.takeSnap(GenericWrappers.java:613)
	at utils.Reporter.reportStep(Reporter.java:20)
	at wrappers.GenericWrappers.takeSnap(GenericWrappers.java:613)
	at utils.Reporter.reportStep(Reporter.java:20)
	at wrappers.GenericWrappers.takeSnap(GenericWrappers.java:613)
	at utils.Reporter.reportStep(Reporter.java:20)
	at wrappers.GenericWrappers.takeSnap(GenericWrappers.java:613)
	at utils.Reporter.reportStep(Reporter.java:20)
	at wrappers.GenericWrappers.takeSnap(GenericWrappers.java:613)
	at utils.Reporter.reportStep(Reporter.java:20)
	at wrappers.GenericWrappers.takeSnap(GenericWrappers.java:613)
	at utils.Reporter.reportStep(Reporter.java:20)
	at wrappers.GenericWrappers.takeSnap(GenericWrappers.java:613)
	at utils.Reporter.reportStep(Reporter.java:20)
	at wrappers.GenericWrappers.takeSnap(GenericWrappers.java:613)
	at utils.Reporter.reportStep(Reporter.java:20)
	at wrappers.GenericWrappers.takeSnap(GenericWrappers.java:613)
	at utils.Reporter.reportStep(Reporter.java:20)
	at wrappers.GenericWrappers.takeSnap(GenericWrappers.java:613)
	at utils.Reporter.reportStep(Reporter.java:20)
	at wrappers.GenericWrappers.takeSnap(GenericWrappers.java:613)
	at utils.Reporter.reportStep(Reporter.java:20)
	at wrappers.GenericWrappers.takeSnap(GenericWrappers.java:613)
	at utils.Reporter.reportStep(Reporter.java:20)
	at wrappers.GenericWrappers.takeSnap(GenericWrappers.java:613)
	at utils.Reporter.reportStep(Reporter.java:20)
	at wrappers.GenericWrappers.takeSnap(GenericWrappers.java:613)
	at utils.Reporter.reportStep(Reporter.java:20)
	at wrappers.GenericWrappers.takeSnap(GenericWrappers.java:613)
	at utils.Reporter.reportStep(Reporter.java:20)
	at wrappers.GenericWrappers.takeSnap(GenericWrappers.java:613)
	at utils.Reporter.reportStep(Reporter.java:20)
	at wrappers.GenericWrappers.takeSnap(GenericWrappers.java:613)
	at utils.Reporter.reportStep(Reporter.java:20)
	at wrappers.GenericWrappers.takeSnap(GenericWrappers.java:613)
	at utils.Reporter.reportStep(Reporter.java:20)
	at wrappers.GenericWrappers.takeSnap(GenericWrappers.java:613)
	at utils.Reporter.reportStep(Reporter.java:20)
	at wrappers.GenericWrappers.takeSnap(GenericWrappers.java:613)
]]>
    </error>
  </testcase> <!-- login -->
</testsuite> <!-- testCases.TC001_Login -->
