<?xml version="1.0" encoding="UTF-8"?>
<!-- Generated by org.testng.reporters.JUnitReportReporter -->
<testsuite hostname="LAPTOP-G66AQCG6" name="testCases.AutoIt7" tests="1" failures="0" timestamp="11 Jun 2020 13:24:35 GMT" time="37.010" errors="0">
  <testcase name="AutoIT" time="37.010" classname="testCases.AutoIt7"/>
</testsuite> <!-- testCases.AutoIt7 -->
