<?xml version="1.0" encoding="UTF-8"?>
<!-- Generated by org.testng.reporters.JUnitReportReporter -->
<testsuite hostname="LAPTOP-G66AQCG6" name="testCases.AutoIt3" tests="1" failures="0" timestamp="11 Jun 2020 13:24:35 GMT" time="71.731" errors="0">
  <testcase name="AutoIT" time="71.731" classname="testCases.AutoIt3"/>
</testsuite> <!-- testCases.AutoIt3 -->
