<?xml version="1.0" encoding="UTF-8"?>
<!-- Generated by org.testng.reporters.JUnitReportReporter -->
<testsuite hostname="LAPTOP-F3E4KIVG" name="testCases.TC002_LoginFailure" tests="4" failures="0" timestamp="2 Oct 2017 02:45:43 GMT" time="55.442" errors="0">
  <testcase name="loginFailure" time="18.217" classname="testCases.TC002_LoginFailure"/>
  <testcase name="loginFailure" time="12.998" classname="testCases.TC002_LoginFailure"/>
  <testcase name="loginFailure" time="12.680" classname="testCases.TC002_LoginFailure"/>
  <testcase name="loginFailure" time="11.547" classname="testCases.TC002_LoginFailure"/>
</testsuite> <!-- testCases.TC002_LoginFailure -->
