<?xml version="1.0" encoding="UTF-8"?>
<!-- Generated by org.testng.reporters.JUnitReportReporter -->
<testsuite hostname="LAPTOP-G66AQCG6" name="testCases.DataInputProvider2" tests="1" failures="0" timestamp="14 Jun 2020 18:19:43 GMT" time="0.957" errors="0">
  <testcase name="getvalues" time="0.957" classname="testCases.DataInputProvider2"/>
</testsuite> <!-- testCases.DataInputProvider2 -->
