<?xml version="1.0" encoding="UTF-8"?>
<!-- Generated by org.testng.reporters.JUnitReportReporter -->
<testsuite hostname="LAPTOP-G66AQCG6" name="testCases.NewTest" tests="6" failures="0" timestamp="14 Jun 2020 17:16:20 GMT" time="0.020" errors="0">
  <testcase name="f" time="0.011" classname="testCases.NewTest"/>
  <testcase name="f" time="0.001" classname="testCases.NewTest"/>
  <testcase name="f" time="0.002" classname="testCases.NewTest"/>
  <testcase name="f" time="0.002" classname="testCases.NewTest"/>
  <testcase name="f" time="0.003" classname="testCases.NewTest"/>
  <testcase name="f" time="0.001" classname="testCases.NewTest"/>
</testsuite> <!-- testCases.NewTest -->
