<?xml version="1.0" encoding="UTF-8"?>
<!-- Generated by org.testng.reporters.JUnitReportReporter -->
<testsuite hostname="LAPTOP-G66AQCG6" name="testCases.FIle" tests="1" failures="0" timestamp="14 Jun 2020 01:07:35 GMT" time="71.452" errors="0">
  <testcase name="f" time="71.452" classname="testCases.FIle"/>
</testsuite> <!-- testCases.FIle -->
