<?xml version="1.0" encoding="UTF-8"?>
<!-- Generated by org.testng.reporters.JUnitReportReporter -->
<testsuite hostname="LAPTOP-G66AQCG6" name="testCases.AutoIt4" tests="1" failures="0" timestamp="11 Jun 2020 13:24:35 GMT" time="71.680" errors="0">
  <testcase name="AutoIT" time="71.680" classname="testCases.AutoIt4"/>
</testsuite> <!-- testCases.AutoIt4 -->
