<?xml version="1.0" encoding="UTF-8"?>
<!-- Generated by org.testng.reporters.JUnitReportReporter -->
<testsuite hostname="LAPTOP-G66AQCG6" name="testCases.DataInputProvider1" tests="19" failures="0" timestamp="26 Jul 2020 11:16:06 GMT" time="0.058" errors="0">
  <testcase name="f" time="0.001" classname="testCases.DataInputProvider1"/>
  <testcase name="f" time="0.001" classname="testCases.DataInputProvider1"/>
  <testcase name="f" time="0.001" classname="testCases.DataInputProvider1"/>
  <testcase name="f" time="0.000" classname="testCases.DataInputProvider1"/>
  <testcase name="f" time="0.012" classname="testCases.DataInputProvider1"/>
  <testcase name="f" time="0.000" classname="testCases.DataInputProvider1"/>
  <testcase name="f" time="0.003" classname="testCases.DataInputProvider1"/>
  <testcase name="f" time="0.000" classname="testCases.DataInputProvider1"/>
  <testcase name="f" time="0.000" classname="testCases.DataInputProvider1"/>
  <testcase name="f" time="0.025" classname="testCases.DataInputProvider1"/>
  <testcase name="f" time="0.002" classname="testCases.DataInputProvider1"/>
  <testcase name="f" time="0.002" classname="testCases.DataInputProvider1"/>
  <testcase name="f" time="0.002" classname="testCases.DataInputProvider1"/>
  <testcase name="f" time="0.001" classname="testCases.DataInputProvider1"/>
  <testcase name="f" time="0.004" classname="testCases.DataInputProvider1"/>
  <testcase name="f" time="0.001" classname="testCases.DataInputProvider1"/>
  <testcase name="f" time="0.000" classname="testCases.DataInputProvider1"/>
  <testcase name="f" time="0.002" classname="testCases.DataInputProvider1"/>
  <testcase name="f" time="0.001" classname="testCases.DataInputProvider1"/>
</testsuite> <!-- testCases.DataInputProvider1 -->
