<?xml version="1.0" encoding="UTF-8"?>
<!-- Generated by org.testng.reporters.JUnitReportReporter -->
<testsuite hostname="LAPTOP-G66AQCG6" name="testCases.annotaions2" tests="3" failures="0" timestamp="22 Jun 2020 09:01:59 GMT" time="0.021" errors="0">
  <testcase name="b" time="0.008" classname="testCases.annotaions2"/>
  <testcase name="c" time="0.004" classname="testCases.annotaions2"/>
  <testcase name="a" time="0.009" classname="testCases.annotaions2"/>
</testsuite> <!-- testCases.annotaions2 -->
