<?xml version="1.0" encoding="UTF-8"?>
<!-- Generated by org.testng.reporters.JUnitReportReporter -->
<testsuite hostname="LAPTOP-F3E4KIVG" name="testCases.TC001_Login" tests="2" failures="0" timestamp="1 Oct 2017 15:26:12 GMT" time="32.858" errors="0">
  <testcase name="login" time="11.963" classname="testCases.TC001_Login"/>
  <testcase name="login" time="20.895" classname="testCases.TC001_Login"/>
</testsuite> <!-- testCases.TC001_Login -->
