<?xml version="1.0" encoding="UTF-8"?>
<!-- Generated by org.testng.reporters.JUnitReportReporter -->
<testsuite hostname="LAPTOP-F3E4KIVG" name="testCases.TC001_Login" tests="2" failures="0" timestamp="28 Oct 2017 12:23:39 GMT" time="36.226" errors="0">
  <testcase name="login" time="21.672" classname="testCases.TC001_Login"/>
  <testcase name="login" time="14.554" classname="testCases.TC001_Login"/>
</testsuite> <!-- testCases.TC001_Login -->
